Running NJOY to get 0K point-wise data (error=0.0005)...
Parsing cross sections within resolved resonance range...
  MTs: [2, 27, 102, 103, 107]
  Energy range: 1.000e-05 to 9.550e+02 eV (58572 points)
Vector fitting piece 1/29...
  energy: 1.000e-05 to 1.562e+00 eV (599 points)
  error tolerance: rtol=0.001, atol=1e-05
Found 0 peaks
Fitting orders from 2 to 200
Order=2(0/100)
Order=4(1/100)
Order=6(2/100)
Order=8(3/100)
Order=10(4/100)
Found ideal results. Stop!
Found 3 real poles and 4 conjugate complex pairs.
Final number of poles: 7
Saved figure: WMP_Lib/Pt193/0-2_MT2.png
Saved figure: WMP_Lib/Pt193/0-2_MT27.png
Saved figure: WMP_Lib/Pt193/0-2_MT102.png
Saved figure: WMP_Lib/Pt193/0-2_MT103.png
Saved figure: WMP_Lib/Pt193/0-2_MT107.png
Vector fitting piece 2/29...
  energy: 1.500e-01 to 5.219e+00 eV (461 points)
  error tolerance: rtol=0.001, atol=1e-05
Found 1 peaks
Fitting orders from 2 to 200
Order=2(0/100)
Order=4(1/100)
Order=6(2/100)
Order=8(3/100)
Order=10(4/100)
Order=12(5/100)
Order=14(6/100)
Order=16(7/100)
Order=18(8/100)
Order=20(9/100)
Order=22(10/100)
Order=24(11/100)
Order=26(12/100)
Order=28(13/100)
Order=30(14/100)
Order=32(15/100)
Order=34(16/100)
Order=36(17/100)
Order=38(18/100)
Order=40(19/100)
Order=42(20/100)
Order=44(21/100)
Order=46(22/100)
Order=48(23/100)
Order=50(24/100)
Order=52(25/100)
Order=54(26/100)
Order=56(27/100)
Order=58(28/100)
Order=60(29/100)
Found 0 real poles and 7 conjugate complex pairs.
Final number of poles: 7
Saved figure: WMP_Lib/Pt193/0-5_MT2.png
Saved figure: WMP_Lib/Pt193/0-5_MT27.png
Saved figure: WMP_Lib/Pt193/0-5_MT102.png
Saved figure: WMP_Lib/Pt193/0-5_MT103.png
Saved figure: WMP_Lib/Pt193/0-5_MT107.png
Vector fitting piece 3/29...
  energy: 2.085e+00 to 1.123e+01 eV (868 points)
  error tolerance: rtol=0.001, atol=1e-05
Found 2 peaks
Fitting orders from 4 to 200
Order=4(0/99)
Order=6(1/99)
Order=8(2/99)
Order=10(3/99)
Order=12(4/99)
Order=14(5/99)
Order=16(6/99)
Order=18(7/99)
Order=20(8/99)
Order=22(9/99)
Found ideal results. Stop!
Found 4 real poles and 11 conjugate complex pairs.
Final number of poles: 15
Saved figure: WMP_Lib/Pt193/2-11_MT2.png
Saved figure: WMP_Lib/Pt193/2-11_MT27.png
Saved figure: WMP_Lib/Pt193/2-11_MT102.png
Saved figure: WMP_Lib/Pt193/2-11_MT103.png
Saved figure: WMP_Lib/Pt193/2-11_MT107.png
Vector fitting piece 4/29...
  energy: 6.349e+00 to 1.966e+01 eV (1193 points)
  error tolerance: rtol=0.001, atol=1e-05
Found 3 peaks
Fitting orders from 6 to 200
Order=6(0/98)
Order=8(1/98)
Order=10(2/98)
Order=12(3/98)
Order=14(4/98)
Order=16(5/98)
Order=18(6/98)
Order=20(7/98)
Order=22(8/98)
Order=24(9/98)
Order=26(10/98)
Order=28(11/98)
Order=30(12/98)
Order=32(13/98)
Order=34(14/98)
Order=36(15/98)
Order=38(16/98)
Order=40(17/98)
Order=42(18/98)
Order=44(19/98)
Order=46(20/98)
Order=48(21/98)
Order=50(22/98)
Order=52(23/98)
Order=54(24/98)
Order=56(25/98)
Order=58(26/98)
Order=60(27/98)
Found 1 real poles and 7 conjugate complex pairs.
Final number of poles: 8
Saved figure: WMP_Lib/Pt193/6-20_MT2.png
Saved figure: WMP_Lib/Pt193/6-20_MT27.png
Saved figure: WMP_Lib/Pt193/6-20_MT102.png
Saved figure: WMP_Lib/Pt193/6-20_MT103.png
Saved figure: WMP_Lib/Pt193/6-20_MT107.png
Vector fitting piece 5/29...
  energy: 1.285e+01 to 3.009e+01 eV (472 points)
  error tolerance: rtol=0.001, atol=1e-05
Found 1 peaks
Fitting orders from 2 to 200
Order=2(0/100)
Order=4(1/100)
Order=6(2/100)
Order=8(3/100)
Order=10(4/100)
Order=12(5/100)
Order=14(6/100)
Order=16(7/100)
Order=18(8/100)
Order=20(9/100)
Order=22(10/100)
Order=24(11/100)
Order=26(12/100)
Order=28(13/100)
Order=30(14/100)
Order=32(15/100)
Order=34(16/100)
Order=36(17/100)
Order=38(18/100)
Order=40(19/100)
Order=42(20/100)
Order=44(21/100)
Order=46(22/100)
Order=48(23/100)
Order=50(24/100)
Order=52(25/100)
Order=54(26/100)
Order=56(27/100)
Order=58(28/100)
Order=60(29/100)
Found 2 real poles and 3 conjugate complex pairs.
Final number of poles: 5
Saved figure: WMP_Lib/Pt193/13-30_MT2.png
Saved figure: WMP_Lib/Pt193/13-30_MT27.png
Saved figure: WMP_Lib/Pt193/13-30_MT102.png
Saved figure: WMP_Lib/Pt193/13-30_MT103.png
Saved figure: WMP_Lib/Pt193/13-30_MT107.png
Vector fitting piece 6/29...
  energy: 2.139e+01 to 4.283e+01 eV (1383 points)
  error tolerance: rtol=0.001, atol=1e-05
Found 4 peaks
Fitting orders from 8 to 200
Order=8(0/97)
Order=10(1/97)
Order=12(2/97)
Found ideal results. Stop!
Found 2 real poles and 5 conjugate complex pairs.
Final number of poles: 7
Saved figure: WMP_Lib/Pt193/21-43_MT2.png
Saved figure: WMP_Lib/Pt193/21-43_MT27.png
Saved figure: WMP_Lib/Pt193/21-43_MT102.png
Saved figure: WMP_Lib/Pt193/21-43_MT103.png
Saved figure: WMP_Lib/Pt193/21-43_MT107.png
Vector fitting piece 7/29...
  energy: 3.265e+01 to 5.801e+01 eV (1556 points)
  error tolerance: rtol=0.001, atol=1e-05
Found 4 peaks
Fitting orders from 8 to 200
Order=8(0/97)
Order=10(1/97)
Order=12(2/97)
Order=14(3/97)
Order=16(4/97)
Order=18(5/97)
Order=20(6/97)
Order=22(7/97)
Order=24(8/97)
Order=26(9/97)
Order=28(10/97)
Order=30(11/97)
Order=32(12/97)
Order=34(13/97)
Order=36(14/97)
Order=38(15/97)
Order=40(16/97)
Order=42(17/97)
Order=44(18/97)
Order=46(19/97)
Order=48(20/97)
Order=50(21/97)
Order=52(22/97)
Order=54(23/97)
Order=56(24/97)
Order=58(25/97)
Order=60(26/97)
Found 4 real poles and 5 conjugate complex pairs.
Final number of poles: 9
Saved figure: WMP_Lib/Pt193/33-58_MT2.png
Saved figure: WMP_Lib/Pt193/33-58_MT27.png
Saved figure: WMP_Lib/Pt193/33-58_MT102.png
Saved figure: WMP_Lib/Pt193/33-58_MT103.png
Saved figure: WMP_Lib/Pt193/33-58_MT107.png
Vector fitting piece 8/29...
  energy: 4.592e+01 to 7.525e+01 eV (1751 points)
  error tolerance: rtol=0.001, atol=1e-05
Found 4 peaks
Fitting orders from 8 to 200
Order=8(0/97)
Order=10(1/97)
Order=12(2/97)
Order=14(3/97)
Order=16(4/97)
Order=18(5/97)
Order=20(6/97)
Order=22(7/97)
Order=24(8/97)
Order=26(9/97)
Order=28(10/97)
Order=30(11/97)
Order=32(12/97)
Order=34(13/97)
Order=36(14/97)
Order=38(15/97)
Order=40(16/97)
Order=42(17/97)
Order=44(18/97)
Order=46(19/97)
Order=48(20/97)
Order=50(21/97)
Order=52(22/97)
Order=54(23/97)
Order=56(24/97)
Order=58(25/97)
Order=60(26/97)
Found 2 real poles and 6 conjugate complex pairs.
Final number of poles: 8
Saved figure: WMP_Lib/Pt193/46-75_MT2.png
Saved figure: WMP_Lib/Pt193/46-75_MT27.png
Saved figure: WMP_Lib/Pt193/46-75_MT102.png
Saved figure: WMP_Lib/Pt193/46-75_MT103.png
Saved figure: WMP_Lib/Pt193/46-75_MT107.png
Vector fitting piece 9/29...
  energy: 6.158e+01 to 9.524e+01 eV (2283 points)
  error tolerance: rtol=0.001, atol=1e-05
Found 6 peaks
Fitting orders from 12 to 200
Order=12(0/95)
Order=14(1/95)
Order=16(2/95)
Order=18(3/95)
Order=20(4/95)
Order=22(5/95)
Order=24(6/95)
Order=26(7/95)
Order=28(8/95)
Order=30(9/95)
Order=32(10/95)
Order=34(11/95)
Order=36(12/95)
Order=38(13/95)
Order=40(14/95)
Order=42(15/95)
Order=44(16/95)
Order=46(17/95)
Order=48(18/95)
Order=50(19/95)
Order=52(20/95)
Order=54(21/95)
Order=56(22/95)
Order=58(23/95)
Order=60(24/95)
Found 2 real poles and 8 conjugate complex pairs.
Final number of poles: 10
Saved figure: WMP_Lib/Pt193/62-95_MT2.png
Saved figure: WMP_Lib/Pt193/62-95_MT27.png
Saved figure: WMP_Lib/Pt193/62-95_MT102.png
Saved figure: WMP_Lib/Pt193/62-95_MT103.png
Saved figure: WMP_Lib/Pt193/62-95_MT107.png
Vector fitting piece 10/29...
  energy: 7.944e+01 to 1.168e+02 eV (2423 points)
  error tolerance: rtol=0.001, atol=1e-05
Found 6 peaks
Fitting orders from 12 to 200
Order=12(0/95)
Order=14(1/95)
Order=16(2/95)
Order=18(3/95)
Order=20(4/95)
Order=22(5/95)
Order=24(6/95)
Order=26(7/95)
Order=28(8/95)
Order=30(9/95)
Order=32(10/95)
Order=34(11/95)
Order=36(12/95)
Order=38(13/95)
Order=40(14/95)
Order=42(15/95)
Order=44(16/95)
Order=46(17/95)
Order=48(18/95)
Order=50(19/95)
Order=52(20/95)
Order=54(21/95)
Order=56(22/95)
Order=58(23/95)
Order=60(24/95)
Found 4 real poles and 7 conjugate complex pairs.
Final number of poles: 11
Saved figure: WMP_Lib/Pt193/79-117_MT2.png
Saved figure: WMP_Lib/Pt193/79-117_MT27.png
Saved figure: WMP_Lib/Pt193/79-117_MT102.png
Saved figure: WMP_Lib/Pt193/79-117_MT103.png
Saved figure: WMP_Lib/Pt193/79-117_MT107.png
Vector fitting piece 11/29...
  energy: 9.956e+01 to 1.409e+02 eV (3504 points)
  error tolerance: rtol=0.001, atol=1e-05
Found 10 peaks
Fitting orders from 20 to 200
Order=20(0/91)
Order=22(1/91)
Order=24(2/91)
Order=26(3/91)
Order=28(4/91)
Order=30(5/91)
Order=32(6/91)
Order=34(7/91)
Order=36(8/91)
Order=38(9/91)
Order=40(10/91)
Order=42(11/91)
Order=44(12/91)
Order=46(13/91)
Order=48(14/91)
Order=50(15/91)
Order=52(16/91)
Order=54(17/91)
Order=56(18/91)
Order=58(19/91)
Order=60(20/91)
Found 2 real poles and 11 conjugate complex pairs.
Final number of poles: 13
Saved figure: WMP_Lib/Pt193/100-141_MT2.png
Saved figure: WMP_Lib/Pt193/100-141_MT27.png
Saved figure: WMP_Lib/Pt193/100-141_MT102.png
Saved figure: WMP_Lib/Pt193/100-141_MT103.png
Saved figure: WMP_Lib/Pt193/100-141_MT107.png
Vector fitting piece 12/29...
  energy: 1.219e+02 to 1.678e+02 eV (3024 points)
  error tolerance: rtol=0.001, atol=1e-05
Found 9 peaks
Fitting orders from 18 to 200
Order=18(0/92)
Order=20(1/92)
Order=22(2/92)
Order=24(3/92)
Order=26(4/92)
Order=28(5/92)
Order=30(6/92)
Order=32(7/92)
Order=34(8/92)
Order=36(9/92)
Order=38(10/92)
Order=40(11/92)
Order=42(12/92)
Order=44(13/92)
Order=46(14/92)
Order=48(15/92)
Order=50(16/92)
Order=52(17/92)
Order=54(18/92)
Order=56(19/92)
Order=58(20/92)
Order=60(21/92)
Found 4 real poles and 9 conjugate complex pairs.
Final number of poles: 13
Saved figure: WMP_Lib/Pt193/122-168_MT2.png
Saved figure: WMP_Lib/Pt193/122-168_MT27.png
Saved figure: WMP_Lib/Pt193/122-168_MT102.png
Saved figure: WMP_Lib/Pt193/122-168_MT103.png
Saved figure: WMP_Lib/Pt193/122-168_MT107.png
Vector fitting piece 13/29...
  energy: 1.466e+02 to 1.961e+02 eV (2519 points)
  error tolerance: rtol=0.001, atol=1e-05
Found 7 peaks
Fitting orders from 14 to 200
Order=14(0/94)
Order=16(1/94)
Order=18(2/94)
Order=20(3/94)
Found ideal results. Stop!
Found 3 real poles and 9 conjugate complex pairs.
Final number of poles: 12
Saved figure: WMP_Lib/Pt193/147-196_MT2.png
Saved figure: WMP_Lib/Pt193/147-196_MT27.png
Saved figure: WMP_Lib/Pt193/147-196_MT102.png
Saved figure: WMP_Lib/Pt193/147-196_MT103.png
Saved figure: WMP_Lib/Pt193/147-196_MT107.png
Vector fitting piece 14/29...
  energy: 1.733e+02 to 2.270e+02 eV (2754 points)
  error tolerance: rtol=0.001, atol=1e-05
Found 7 peaks
Fitting orders from 14 to 200
Order=14(0/94)
Order=16(1/94)
Order=18(2/94)
Order=20(3/94)
Order=22(4/94)
Order=24(5/94)
Order=26(6/94)
Order=28(7/94)
Order=30(8/94)
Order=32(9/94)
Order=34(10/94)
Order=36(11/94)
Order=38(12/94)
Order=40(13/94)
Order=42(14/94)
Order=44(15/94)
Order=46(16/94)
Order=48(17/94)
Order=50(18/94)
Order=52(19/94)
Order=54(20/94)
Order=56(21/94)
Order=58(22/94)
Order=60(23/94)
Found 3 real poles and 10 conjugate complex pairs.
Final number of poles: 13
Saved figure: WMP_Lib/Pt193/173-227_MT2.png
Saved figure: WMP_Lib/Pt193/173-227_MT27.png
Saved figure: WMP_Lib/Pt193/173-227_MT102.png
Saved figure: WMP_Lib/Pt193/173-227_MT103.png
Saved figure: WMP_Lib/Pt193/173-227_MT107.png
Vector fitting piece 15/29...
  energy: 2.027e+02 to 2.603e+02 eV (3561 points)
  error tolerance: rtol=0.001, atol=1e-05
Found 9 peaks
Fitting orders from 18 to 200
Order=18(0/92)
Order=20(1/92)
Order=22(2/92)
Order=24(3/92)
Order=26(4/92)
Found ideal results. Stop!
Found 4 real poles and 11 conjugate complex pairs.
Final number of poles: 15
Saved figure: WMP_Lib/Pt193/203-260_MT2.png
Saved figure: WMP_Lib/Pt193/203-260_MT27.png
Saved figure: WMP_Lib/Pt193/203-260_MT102.png
Saved figure: WMP_Lib/Pt193/203-260_MT103.png
Saved figure: WMP_Lib/Pt193/203-260_MT107.png
Vector fitting piece 16/29...
  energy: 2.342e+02 to 2.959e+02 eV (3938 points)
  error tolerance: rtol=0.001, atol=1e-05
Found 10 peaks
Fitting orders from 20 to 200
Order=20(0/91)
Order=22(1/91)
Order=24(2/91)
Order=26(3/91)
Order=28(4/91)
Found ideal results. Stop!
Found 4 real poles and 12 conjugate complex pairs.
Final number of poles: 16
Saved figure: WMP_Lib/Pt193/234-296_MT2.png
Saved figure: WMP_Lib/Pt193/234-296_MT27.png
Saved figure: WMP_Lib/Pt193/234-296_MT102.png
Saved figure: WMP_Lib/Pt193/234-296_MT103.png
Saved figure: WMP_Lib/Pt193/234-296_MT107.png
Vector fitting piece 17/29...
  energy: 2.680e+02 to 3.337e+02 eV (4058 points)
  error tolerance: rtol=0.001, atol=1e-05
Found 10 peaks
Fitting orders from 20 to 200
Order=20(0/91)
Order=22(1/91)
Order=24(2/91)
Order=26(3/91)
Order=28(4/91)
Order=30(5/91)
Order=32(6/91)
Order=34(7/91)
Order=36(8/91)
Order=38(9/91)
Order=40(10/91)
Order=42(11/91)
Order=44(12/91)
Order=46(13/91)
Order=48(14/91)
Order=50(15/91)
Order=52(16/91)
Order=54(17/91)
Order=56(18/91)
Order=58(19/91)
Order=60(20/91)
Found 4 real poles and 13 conjugate complex pairs.
Final number of poles: 17
Saved figure: WMP_Lib/Pt193/268-334_MT2.png
Saved figure: WMP_Lib/Pt193/268-334_MT27.png
Saved figure: WMP_Lib/Pt193/268-334_MT102.png
Saved figure: WMP_Lib/Pt193/268-334_MT103.png
Saved figure: WMP_Lib/Pt193/268-334_MT107.png
Vector fitting piece 18/29...
  energy: 3.041e+02 to 3.737e+02 eV (4429 points)
  error tolerance: rtol=0.001, atol=1e-05
Found 11 peaks
Fitting orders from 22 to 200
Order=22(0/90)
Order=24(1/90)
Order=26(2/90)
Order=28(3/90)
Order=30(4/90)
Found ideal results. Stop!
Found 4 real poles and 13 conjugate complex pairs.
Final number of poles: 17
Saved figure: WMP_Lib/Pt193/304-374_MT2.png
Saved figure: WMP_Lib/Pt193/304-374_MT27.png
Saved figure: WMP_Lib/Pt193/304-374_MT102.png
Saved figure: WMP_Lib/Pt193/304-374_MT103.png
Saved figure: WMP_Lib/Pt193/304-374_MT107.png
Vector fitting piece 19/29...
  energy: 3.423e+02 to 4.160e+02 eV (4134 points)
  error tolerance: rtol=0.001, atol=1e-05
Found 12 peaks
Fitting orders from 24 to 200
Order=24(0/89)
Order=26(1/89)
Order=28(2/89)
Order=30(3/89)
Order=32(4/89)
Order=34(5/89)
Order=36(6/89)
Order=38(7/89)
Order=40(8/89)
Order=42(9/89)
Order=44(10/89)
Order=46(11/89)
Order=48(12/89)
Order=50(13/89)
Order=52(14/89)
Order=54(15/89)
Order=56(16/89)
Order=58(17/89)
Order=60(18/89)
Found 4 real poles and 13 conjugate complex pairs.
Final number of poles: 17
Saved figure: WMP_Lib/Pt193/342-416_MT2.png
Saved figure: WMP_Lib/Pt193/342-416_MT27.png
Saved figure: WMP_Lib/Pt193/342-416_MT102.png
Saved figure: WMP_Lib/Pt193/342-416_MT103.png
Saved figure: WMP_Lib/Pt193/342-416_MT107.png
Vector fitting piece 20/29...
  energy: 3.829e+02 to 4.606e+02 eV (4129 points)
  error tolerance: rtol=0.001, atol=1e-05
Found 14 peaks
Fitting orders from 28 to 200
Order=28(0/87)
Order=30(1/87)
Order=32(2/87)
Order=34(3/87)
Order=36(4/87)
Order=38(5/87)
Order=40(6/87)
Order=42(7/87)
Order=44(8/87)
Order=46(9/87)
Order=48(10/87)
Order=50(11/87)
Order=52(12/87)
Order=54(13/87)
Order=56(14/87)
Order=58(15/87)
Order=60(16/87)
Found 5 real poles and 16 conjugate complex pairs.
Final number of poles: 21
Saved figure: WMP_Lib/Pt193/383-461_MT2.png
Saved figure: WMP_Lib/Pt193/383-461_MT27.png
Saved figure: WMP_Lib/Pt193/383-461_MT102.png
Saved figure: WMP_Lib/Pt193/383-461_MT103.png
Saved figure: WMP_Lib/Pt193/383-461_MT107.png
Vector fitting piece 21/29...
  energy: 4.257e+02 to 5.074e+02 eV (6769 points)
  error tolerance: rtol=0.001, atol=1e-05
Found 24 peaks
Fitting orders from 48 to 200
Order=48(0/77)
Order=50(1/77)
Order=52(2/77)
Order=54(3/77)
Order=56(4/77)
Order=58(5/77)
Order=60(6/77)
Order=62(7/77)
Order=64(8/77)
Found 5 real poles and 25 conjugate complex pairs.
Final number of poles: 30
Saved figure: WMP_Lib/Pt193/426-507_MT2.png
Saved figure: WMP_Lib/Pt193/426-507_MT27.png
Saved figure: WMP_Lib/Pt193/426-507_MT102.png
Saved figure: WMP_Lib/Pt193/426-507_MT103.png
Saved figure: WMP_Lib/Pt193/426-507_MT107.png
Vector fitting piece 22/29...
  energy: 4.708e+02 to 5.566e+02 eV (7058 points)
  error tolerance: rtol=0.001, atol=1e-05
Found 24 peaks
Fitting orders from 48 to 200
Order=48(0/77)
Order=50(1/77)
Order=52(2/77)
Order=54(3/77)
Order=56(4/77)
Order=58(5/77)
Order=60(6/77)
Order=62(7/77)
Order=64(8/77)
Order=66(9/77)
Found 6 real poles and 25 conjugate complex pairs.
Final number of poles: 31
Saved figure: WMP_Lib/Pt193/471-557_MT2.png
Saved figure: WMP_Lib/Pt193/471-557_MT27.png
Saved figure: WMP_Lib/Pt193/471-557_MT102.png
Saved figure: WMP_Lib/Pt193/471-557_MT103.png
Saved figure: WMP_Lib/Pt193/471-557_MT107.png
Vector fitting piece 23/29...
  energy: 5.182e+02 to 6.081e+02 eV (5598 points)
  error tolerance: rtol=0.001, atol=1e-05
Found 18 peaks
Fitting orders from 36 to 200
Order=36(0/83)
Order=38(1/83)
Order=40(2/83)
Order=42(3/83)
Order=44(4/83)
Order=46(5/83)
Order=48(6/83)
Order=50(7/83)
Order=52(8/83)
Order=54(9/83)
Order=56(10/83)
Order=58(11/83)
Order=60(12/83)
Found 6 real poles and 19 conjugate complex pairs.
Final number of poles: 25
Saved figure: WMP_Lib/Pt193/518-608_MT2.png
Saved figure: WMP_Lib/Pt193/518-608_MT27.png
Saved figure: WMP_Lib/Pt193/518-608_MT102.png
Saved figure: WMP_Lib/Pt193/518-608_MT103.png
Saved figure: WMP_Lib/Pt193/518-608_MT107.png
Vector fitting piece 24/29...
  energy: 5.679e+02 to 6.618e+02 eV (5627 points)
  error tolerance: rtol=0.001, atol=1e-05
Found 19 peaks
Fitting orders from 38 to 200
Order=38(0/82)
Order=40(1/82)
Order=42(2/82)
Order=44(3/82)
Order=46(4/82)
Order=48(5/82)
Order=50(6/82)
Order=52(7/82)
Order=54(8/82)
Order=56(9/82)
Order=58(10/82)
Order=60(11/82)
Found 6 real poles and 20 conjugate complex pairs.
Final number of poles: 26
Saved figure: WMP_Lib/Pt193/568-662_MT2.png
Saved figure: WMP_Lib/Pt193/568-662_MT27.png
Saved figure: WMP_Lib/Pt193/568-662_MT102.png
Saved figure: WMP_Lib/Pt193/568-662_MT103.png
Saved figure: WMP_Lib/Pt193/568-662_MT107.png
Vector fitting piece 25/29...
  energy: 6.198e+02 to 7.179e+02 eV (4701 points)
  error tolerance: rtol=0.001, atol=1e-05
Found 15 peaks
Fitting orders from 30 to 200
Order=30(0/86)
Order=32(1/86)
Order=34(2/86)
Order=36(3/86)
Order=38(4/86)
Order=40(5/86)
Order=42(6/86)
Order=44(7/86)
Order=46(8/86)
Order=48(9/86)
Order=50(10/86)
Order=52(11/86)
Order=54(12/86)
Order=56(13/86)
Order=58(14/86)
Order=60(15/86)
Found 6 real poles and 16 conjugate complex pairs.
Final number of poles: 22
Saved figure: WMP_Lib/Pt193/620-718_MT2.png
Saved figure: WMP_Lib/Pt193/620-718_MT27.png
Saved figure: WMP_Lib/Pt193/620-718_MT102.png
Saved figure: WMP_Lib/Pt193/620-718_MT103.png
Saved figure: WMP_Lib/Pt193/620-718_MT107.png
Vector fitting piece 26/29...
  energy: 6.740e+02 to 7.759e+02 eV (5038 points)
  error tolerance: rtol=0.001, atol=1e-05
Found 17 peaks
Fitting orders from 34 to 200
Order=34(0/84)
Order=36(1/84)
Order=38(2/84)
Order=40(3/84)
Order=42(4/84)
Order=44(5/84)
Order=46(6/84)
Order=48(7/84)
Order=50(8/84)
Order=52(9/84)
Order=54(10/84)
Order=56(11/84)
Order=58(12/84)
Order=60(13/84)
Found 4 real poles and 18 conjugate complex pairs.
Final number of poles: 22
Saved figure: WMP_Lib/Pt193/674-776_MT2.png
Saved figure: WMP_Lib/Pt193/674-776_MT27.png
Saved figure: WMP_Lib/Pt193/674-776_MT102.png
Saved figure: WMP_Lib/Pt193/674-776_MT103.png
Saved figure: WMP_Lib/Pt193/674-776_MT107.png
Vector fitting piece 27/29...
  energy: 7.305e+02 to 8.364e+02 eV (5845 points)
  error tolerance: rtol=0.001, atol=1e-05
Found 22 peaks
Fitting orders from 44 to 200
Order=44(0/79)
Order=46(1/79)
Order=48(2/79)
Order=50(3/79)
Order=52(4/79)
Order=54(5/79)
Order=56(6/79)
Order=58(7/79)
Order=60(8/79)
Order=62(9/79)
Found 6 real poles and 23 conjugate complex pairs.
Final number of poles: 29
Saved figure: WMP_Lib/Pt193/730-836_MT2.png
Saved figure: WMP_Lib/Pt193/730-836_MT27.png
Saved figure: WMP_Lib/Pt193/730-836_MT102.png
Saved figure: WMP_Lib/Pt193/730-836_MT103.png
Saved figure: WMP_Lib/Pt193/730-836_MT107.png
Vector fitting piece 28/29...
  energy: 7.892e+02 to 8.991e+02 eV (6194 points)
  error tolerance: rtol=0.001, atol=1e-05
Found 24 peaks
Fitting orders from 48 to 200
Order=48(0/77)
Order=50(1/77)
Order=52(2/77)
Order=54(3/77)
Order=56(4/77)
Order=58(5/77)
Order=60(6/77)
Order=62(7/77)
Order=64(8/77)
Found 4 real poles and 25 conjugate complex pairs.
Final number of poles: 29
Saved figure: WMP_Lib/Pt193/789-899_MT2.png
Saved figure: WMP_Lib/Pt193/789-899_MT27.png
Saved figure: WMP_Lib/Pt193/789-899_MT102.png
Saved figure: WMP_Lib/Pt193/789-899_MT103.png
Saved figure: WMP_Lib/Pt193/789-899_MT107.png
Vector fitting piece 29/29...
  energy: 8.502e+02 to 9.550e+02 eV (5581 points)
  error tolerance: rtol=0.001, atol=1e-05
Found 17 peaks
Fitting orders from 34 to 200
Order=34(0/84)
Order=36(1/84)
Order=38(2/84)
Order=40(3/84)
Order=42(4/84)
Order=44(5/84)
Order=46(6/84)
Order=48(7/84)
Order=50(8/84)
Order=52(9/84)
Order=54(10/84)
Order=56(11/84)
Order=58(12/84)
Order=60(13/84)
Found 4 real poles and 19 conjugate complex pairs.
Final number of poles: 23
Saved figure: WMP_Lib/Pt193/850-955_MT2.png
Saved figure: WMP_Lib/Pt193/850-955_MT27.png
Saved figure: WMP_Lib/Pt193/850-955_MT102.png
Saved figure: WMP_Lib/Pt193/850-955_MT103.png
Saved figure: WMP_Lib/Pt193/850-955_MT107.png
Dumped multipole data to file: WMP_Lib/Pt193/Pt193_mp.pickle
Start searching ...
Testing N_win=23 N_cf=10
Failed: Window spacing cannot be larger than piece spacing.
Testing N_win=127 N_cf=10
Windowing:
  config: # windows=127, spacing=0.24330980798299043, CF order=10
  error tolerance: rtol=0.001, atol=1e-05
Best library so far.
Testing N_win=127 N_cf=9
Windowing:
  config: # windows=127, spacing=0.24330980798299043, CF order=9
  error tolerance: rtol=0.001, atol=1e-05
Best library so far.
Testing N_win=127 N_cf=8
Windowing:
  config: # windows=127, spacing=0.24330980798299043, CF order=8
  error tolerance: rtol=0.001, atol=1e-05
Best library so far.
Testing N_win=127 N_cf=7
Windowing:
  config: # windows=127, spacing=0.24330980798299043, CF order=7
  error tolerance: rtol=0.001, atol=1e-05
Best library so far.
Testing N_win=127 N_cf=6
Windowing:
  config: # windows=127, spacing=0.24330980798299043, CF order=6
  error tolerance: rtol=0.001, atol=1e-05
Best library so far.
Testing N_win=127 N_cf=5
Windowing:
  config: # windows=127, spacing=0.24330980798299043, CF order=5
  error tolerance: rtol=0.001, atol=1e-05
Best library so far.
Testing N_win=127 N_cf=4
Windowing:
  config: # windows=127, spacing=0.24330980798299043, CF order=4
  error tolerance: rtol=0.001, atol=1e-05
Best library so far.
Testing N_win=127 N_cf=3
Windowing:
  config: # windows=127, spacing=0.24330980798299043, CF order=3
  error tolerance: rtol=0.001, atol=1e-05
Failed: Pure curvefit failed for the first window!
Testing N_win=231 N_cf=10
Windowing:
  config: # windows=231, spacing=0.13376772993004235, CF order=10
  error tolerance: rtol=0.001, atol=1e-05
Best library so far.
Testing N_win=231 N_cf=9
Windowing:
  config: # windows=231, spacing=0.13376772993004235, CF order=9
  error tolerance: rtol=0.001, atol=1e-05
Best library so far.
Testing N_win=231 N_cf=8
Windowing:
  config: # windows=231, spacing=0.13376772993004235, CF order=8
  error tolerance: rtol=0.001, atol=1e-05
Best library so far.
Testing N_win=231 N_cf=7
Windowing:
  config: # windows=231, spacing=0.13376772993004235, CF order=7
  error tolerance: rtol=0.001, atol=1e-05
Best library so far.
Testing N_win=231 N_cf=6
Windowing:
  config: # windows=231, spacing=0.13376772993004235, CF order=6
  error tolerance: rtol=0.001, atol=1e-05
Best library so far.
Testing N_win=231 N_cf=5
Windowing:
  config: # windows=231, spacing=0.13376772993004235, CF order=5
  error tolerance: rtol=0.001, atol=1e-05
Best library so far.
Testing N_win=231 N_cf=4
Windowing:
  config: # windows=231, spacing=0.13376772993004235, CF order=4
  error tolerance: rtol=0.001, atol=1e-05
Best library so far.
Testing N_win=231 N_cf=3
Windowing:
  config: # windows=231, spacing=0.13376772993004235, CF order=3
  error tolerance: rtol=0.001, atol=1e-05
Testing N_win=231 N_cf=2
Windowing:
  config: # windows=231, spacing=0.13376772993004235, CF order=2
  error tolerance: rtol=0.001, atol=1e-05
Failed: Pure curvefit failed for the first window!
Testing N_win=335 N_cf=10
Windowing:
  config: # windows=335, spacing=0.0922398376532531, CF order=10
  error tolerance: rtol=0.001, atol=1e-05
Testing N_win=335 N_cf=9
Windowing:
  config: # windows=335, spacing=0.0922398376532531, CF order=9
  error tolerance: rtol=0.001, atol=1e-05
Best library so far.
Testing N_win=335 N_cf=8
Windowing:
  config: # windows=335, spacing=0.0922398376532531, CF order=8
  error tolerance: rtol=0.001, atol=1e-05
Best library so far.
Testing N_win=335 N_cf=7
Windowing:
  config: # windows=335, spacing=0.0922398376532531, CF order=7
  error tolerance: rtol=0.001, atol=1e-05
Best library so far.
Testing N_win=335 N_cf=6
Windowing:
  config: # windows=335, spacing=0.0922398376532531, CF order=6
  error tolerance: rtol=0.001, atol=1e-05
Best library so far.
Testing N_win=335 N_cf=5
Windowing:
  config: # windows=335, spacing=0.0922398376532531, CF order=5
  error tolerance: rtol=0.001, atol=1e-05
Best library so far.
Testing N_win=335 N_cf=4
Windowing:
  config: # windows=335, spacing=0.0922398376532531, CF order=4
  error tolerance: rtol=0.001, atol=1e-05
Best library so far.
Testing N_win=335 N_cf=3
Windowing:
  config: # windows=335, spacing=0.0922398376532531, CF order=3
  error tolerance: rtol=0.001, atol=1e-05
Testing N_win=335 N_cf=2
Windowing:
  config: # windows=335, spacing=0.0922398376532531, CF order=2
  error tolerance: rtol=0.001, atol=1e-05
Failed: Pure curvefit failed for the first window!
Testing N_win=439 N_cf=10
Windowing:
  config: # windows=439, spacing=0.07038803101102457, CF order=10
  error tolerance: rtol=0.001, atol=1e-05
Testing N_win=439 N_cf=9
Windowing:
  config: # windows=439, spacing=0.07038803101102457, CF order=9
  error tolerance: rtol=0.001, atol=1e-05
Testing N_win=439 N_cf=8
Windowing:
  config: # windows=439, spacing=0.07038803101102457, CF order=8
  error tolerance: rtol=0.001, atol=1e-05
Testing N_win=439 N_cf=7
Windowing:
  config: # windows=439, spacing=0.07038803101102457, CF order=7
  error tolerance: rtol=0.001, atol=1e-05
Testing N_win=439 N_cf=6
Windowing:
  config: # windows=439, spacing=0.07038803101102457, CF order=6
  error tolerance: rtol=0.001, atol=1e-05
Best library so far.
Testing N_win=439 N_cf=5
Windowing:
  config: # windows=439, spacing=0.07038803101102457, CF order=5
  error tolerance: rtol=0.001, atol=1e-05
Best library so far.
Testing N_win=439 N_cf=4
Windowing:
  config: # windows=439, spacing=0.07038803101102457, CF order=4
  error tolerance: rtol=0.001, atol=1e-05
Best library so far.
Testing N_win=439 N_cf=3
Windowing:
  config: # windows=439, spacing=0.07038803101102457, CF order=3
  error tolerance: rtol=0.001, atol=1e-05
Testing N_win=439 N_cf=2
Windowing:
  config: # windows=439, spacing=0.07038803101102457, CF order=2
  error tolerance: rtol=0.001, atol=1e-05
Failed: Pure curvefit failed for the first window!
Testing N_win=543 N_cf=10
Windowing:
  config: # windows=543, spacing=0.05690671383764233, CF order=10
  error tolerance: rtol=0.001, atol=1e-05
Testing N_win=543 N_cf=9
Windowing:
  config: # windows=543, spacing=0.05690671383764233, CF order=9
  error tolerance: rtol=0.001, atol=1e-05
Testing N_win=543 N_cf=8
Windowing:
  config: # windows=543, spacing=0.05690671383764233, CF order=8
  error tolerance: rtol=0.001, atol=1e-05
Testing N_win=543 N_cf=7
Windowing:
  config: # windows=543, spacing=0.05690671383764233, CF order=7
  error tolerance: rtol=0.001, atol=1e-05
Testing N_win=543 N_cf=6
Windowing:
  config: # windows=543, spacing=0.05690671383764233, CF order=6
  error tolerance: rtol=0.001, atol=1e-05
Testing N_win=543 N_cf=5
Windowing:
  config: # windows=543, spacing=0.05690671383764233, CF order=5
  error tolerance: rtol=0.001, atol=1e-05
Best library so far.
Testing N_win=543 N_cf=4
Windowing:
  config: # windows=543, spacing=0.05690671383764233, CF order=4
  error tolerance: rtol=0.001, atol=1e-05
Best library so far.
Testing N_win=543 N_cf=3
Windowing:
  config: # windows=543, spacing=0.05690671383764233, CF order=3
  error tolerance: rtol=0.001, atol=1e-05
Testing N_win=543 N_cf=2
Windowing:
  config: # windows=543, spacing=0.05690671383764233, CF order=2
  error tolerance: rtol=0.001, atol=1e-05
Failed: Pure curvefit failed for the first window!
Testing N_win=647 N_cf=10
Windowing:
  config: # windows=647, spacing=0.04775942135060245, CF order=10
  error tolerance: rtol=0.001, atol=1e-05
Testing N_win=647 N_cf=9
Windowing:
  config: # windows=647, spacing=0.04775942135060245, CF order=9
  error tolerance: rtol=0.001, atol=1e-05
Testing N_win=647 N_cf=8
Windowing:
  config: # windows=647, spacing=0.04775942135060245, CF order=8
  error tolerance: rtol=0.001, atol=1e-05
Testing N_win=647 N_cf=7
Windowing:
  config: # windows=647, spacing=0.04775942135060245, CF order=7
  error tolerance: rtol=0.001, atol=1e-05
Testing N_win=647 N_cf=6
Windowing:
  config: # windows=647, spacing=0.04775942135060245, CF order=6
  error tolerance: rtol=0.001, atol=1e-05
Testing N_win=647 N_cf=5
Windowing:
  config: # windows=647, spacing=0.04775942135060245, CF order=5
  error tolerance: rtol=0.001, atol=1e-05
Testing N_win=647 N_cf=4
Windowing:
  config: # windows=647, spacing=0.04775942135060245, CF order=4
  error tolerance: rtol=0.001, atol=1e-05
Best library so far.
Testing N_win=647 N_cf=3
Windowing:
  config: # windows=647, spacing=0.04775942135060245, CF order=3
  error tolerance: rtol=0.001, atol=1e-05
Testing N_win=647 N_cf=2
Windowing:
  config: # windows=647, spacing=0.04775942135060245, CF order=2
  error tolerance: rtol=0.001, atol=1e-05
Failed: Pure curvefit failed for the first window!
Testing N_win=751 N_cf=10
Windowing:
  config: # windows=751, spacing=0.04114560001842848, CF order=10
  error tolerance: rtol=0.001, atol=1e-05
Testing N_win=751 N_cf=9
Windowing:
  config: # windows=751, spacing=0.04114560001842848, CF order=9
  error tolerance: rtol=0.001, atol=1e-05
Testing N_win=751 N_cf=8
Windowing:
  config: # windows=751, spacing=0.04114560001842848, CF order=8
  error tolerance: rtol=0.001, atol=1e-05
Testing N_win=751 N_cf=7
Windowing:
  config: # windows=751, spacing=0.04114560001842848, CF order=7
  error tolerance: rtol=0.001, atol=1e-05
Testing N_win=751 N_cf=6
Windowing:
  config: # windows=751, spacing=0.04114560001842848, CF order=6
  error tolerance: rtol=0.001, atol=1e-05
Testing N_win=751 N_cf=5
Windowing:
  config: # windows=751, spacing=0.04114560001842848, CF order=5
  error tolerance: rtol=0.001, atol=1e-05
Testing N_win=751 N_cf=4
Windowing:
  config: # windows=751, spacing=0.04114560001842848, CF order=4
  error tolerance: rtol=0.001, atol=1e-05
Testing N_win=751 N_cf=3
Windowing:
  config: # windows=751, spacing=0.04114560001842848, CF order=3
  error tolerance: rtol=0.001, atol=1e-05
Testing N_win=751 N_cf=2
Windowing:
  config: # windows=751, spacing=0.04114560001842848, CF order=2
  error tolerance: rtol=0.001, atol=1e-05
Failed: Pure curvefit failed for the first window!
Testing N_win=855 N_cf=10
Windowing:
  config: # windows=855, spacing=0.03614075510390618, CF order=10
  error tolerance: rtol=0.001, atol=1e-05
Testing N_win=855 N_cf=9
Windowing:
  config: # windows=855, spacing=0.03614075510390618, CF order=9
  error tolerance: rtol=0.001, atol=1e-05
Testing N_win=855 N_cf=8
Windowing:
  config: # windows=855, spacing=0.03614075510390618, CF order=8
  error tolerance: rtol=0.001, atol=1e-05
Testing N_win=855 N_cf=7
Windowing:
  config: # windows=855, spacing=0.03614075510390618, CF order=7
  error tolerance: rtol=0.001, atol=1e-05
Testing N_win=855 N_cf=6
Windowing:
  config: # windows=855, spacing=0.03614075510390618, CF order=6
  error tolerance: rtol=0.001, atol=1e-05
Testing N_win=855 N_cf=5
Windowing:
  config: # windows=855, spacing=0.03614075510390618, CF order=5
  error tolerance: rtol=0.001, atol=1e-05
Testing N_win=855 N_cf=4
Windowing:
  config: # windows=855, spacing=0.03614075510390618, CF order=4
  error tolerance: rtol=0.001, atol=1e-05
Testing N_win=855 N_cf=3
Windowing:
  config: # windows=855, spacing=0.03614075510390618, CF order=3
  error tolerance: rtol=0.001, atol=1e-05
Testing N_win=855 N_cf=2
Windowing:
  config: # windows=855, spacing=0.03614075510390618, CF order=2
  error tolerance: rtol=0.001, atol=1e-05
Failed: Pure curvefit failed for the first window!
Testing N_win=959 N_cf=10
Windowing:
  config: # windows=959, spacing=0.03222142399774743, CF order=10
  error tolerance: rtol=0.001, atol=1e-05
Testing N_win=959 N_cf=9
Windowing:
  config: # windows=959, spacing=0.03222142399774743, CF order=9
  error tolerance: rtol=0.001, atol=1e-05
Testing N_win=959 N_cf=8
Windowing:
  config: # windows=959, spacing=0.03222142399774743, CF order=8
  error tolerance: rtol=0.001, atol=1e-05
Testing N_win=959 N_cf=7
Windowing:
  config: # windows=959, spacing=0.03222142399774743, CF order=7
  error tolerance: rtol=0.001, atol=1e-05
Testing N_win=959 N_cf=6
Windowing:
  config: # windows=959, spacing=0.03222142399774743, CF order=6
  error tolerance: rtol=0.001, atol=1e-05
Testing N_win=959 N_cf=5
Windowing:
  config: # windows=959, spacing=0.03222142399774743, CF order=5
  error tolerance: rtol=0.001, atol=1e-05
Testing N_win=959 N_cf=4
Windowing:
  config: # windows=959, spacing=0.03222142399774743, CF order=4
  error tolerance: rtol=0.001, atol=1e-05
Testing N_win=959 N_cf=3
Windowing:
  config: # windows=959, spacing=0.03222142399774743, CF order=3
  error tolerance: rtol=0.001, atol=1e-05
Testing N_win=959 N_cf=2
Windowing:
  config: # windows=959, spacing=0.03222142399774743, CF order=2
  error tolerance: rtol=0.001, atol=1e-05
Failed: Pure curvefit failed for the first window!
Testing N_win=1063 N_cf=10
Windowing:
  config: # windows=1063, spacing=0.029068998695992273, CF order=10
  error tolerance: rtol=0.001, atol=1e-05
Testing N_win=1063 N_cf=9
Windowing:
  config: # windows=1063, spacing=0.029068998695992273, CF order=9
  error tolerance: rtol=0.001, atol=1e-05
Testing N_win=1063 N_cf=8
Windowing:
  config: # windows=1063, spacing=0.029068998695992273, CF order=8
  error tolerance: rtol=0.001, atol=1e-05
Testing N_win=1063 N_cf=7
Windowing:
  config: # windows=1063, spacing=0.029068998695992273, CF order=7
  error tolerance: rtol=0.001, atol=1e-05
Testing N_win=1063 N_cf=6
Windowing:
  config: # windows=1063, spacing=0.029068998695992273, CF order=6
  error tolerance: rtol=0.001, atol=1e-05
Testing N_win=1063 N_cf=5
Windowing:
  config: # windows=1063, spacing=0.029068998695992273, CF order=5
  error tolerance: rtol=0.001, atol=1e-05
Testing N_win=1063 N_cf=4
Windowing:
  config: # windows=1063, spacing=0.029068998695992273, CF order=4
  error tolerance: rtol=0.001, atol=1e-05
Testing N_win=1063 N_cf=3
Windowing:
  config: # windows=1063, spacing=0.029068998695992273, CF order=3
  error tolerance: rtol=0.001, atol=1e-05
Testing N_win=1063 N_cf=2
Windowing:
  config: # windows=1063, spacing=0.029068998695992273, CF order=2
  error tolerance: rtol=0.001, atol=1e-05
Failed: Pure curvefit failed for the first window!
Testing N_win=1167 N_cf=10
Windowing:
  config: # windows=1167, spacing=0.026478445256075223, CF order=10
  error tolerance: rtol=0.001, atol=1e-05
Testing N_win=1167 N_cf=9
Windowing:
  config: # windows=1167, spacing=0.026478445256075223, CF order=9
  error tolerance: rtol=0.001, atol=1e-05
Testing N_win=1167 N_cf=8
Windowing:
  config: # windows=1167, spacing=0.026478445256075223, CF order=8
  error tolerance: rtol=0.001, atol=1e-05
Testing N_win=1167 N_cf=7
Windowing:
  config: # windows=1167, spacing=0.026478445256075223, CF order=7
  error tolerance: rtol=0.001, atol=1e-05
Testing N_win=1167 N_cf=6
Windowing:
  config: # windows=1167, spacing=0.026478445256075223, CF order=6
  error tolerance: rtol=0.001, atol=1e-05
Testing N_win=1167 N_cf=5
Windowing:
  config: # windows=1167, spacing=0.026478445256075223, CF order=5
  error tolerance: rtol=0.001, atol=1e-05
Testing N_win=1167 N_cf=4
Windowing:
  config: # windows=1167, spacing=0.026478445256075223, CF order=4
  error tolerance: rtol=0.001, atol=1e-05
Testing N_win=1167 N_cf=3
Windowing:
  config: # windows=1167, spacing=0.026478445256075223, CF order=3
  error tolerance: rtol=0.001, atol=1e-05
Testing N_win=1167 N_cf=2
Windowing:
  config: # windows=1167, spacing=0.026478445256075223, CF order=2
  error tolerance: rtol=0.001, atol=1e-05
Failed: Pure curvefit failed for the first window!
Testing N_win=1271 N_cf=10
Windowing:
  config: # windows=1271, spacing=0.02431183761907143, CF order=10
  error tolerance: rtol=0.001, atol=1e-05
Testing N_win=1271 N_cf=9
Windowing:
  config: # windows=1271, spacing=0.02431183761907143, CF order=9
  error tolerance: rtol=0.001, atol=1e-05
Testing N_win=1271 N_cf=8
Windowing:
  config: # windows=1271, spacing=0.02431183761907143, CF order=8
  error tolerance: rtol=0.001, atol=1e-05
Testing N_win=1271 N_cf=7
Windowing:
  config: # windows=1271, spacing=0.02431183761907143, CF order=7
  error tolerance: rtol=0.001, atol=1e-05
Testing N_win=1271 N_cf=6
Windowing:
  config: # windows=1271, spacing=0.02431183761907143, CF order=6
  error tolerance: rtol=0.001, atol=1e-05
Testing N_win=1271 N_cf=5
Windowing:
  config: # windows=1271, spacing=0.02431183761907143, CF order=5
  error tolerance: rtol=0.001, atol=1e-05
Testing N_win=1271 N_cf=4
Windowing:
  config: # windows=1271, spacing=0.02431183761907143, CF order=4
  error tolerance: rtol=0.001, atol=1e-05
Testing N_win=1271 N_cf=3
Windowing:
  config: # windows=1271, spacing=0.02431183761907143, CF order=3
  error tolerance: rtol=0.001, atol=1e-05
Testing N_win=1271 N_cf=2
Windowing:
  config: # windows=1271, spacing=0.02431183761907143, CF order=2
  error tolerance: rtol=0.001, atol=1e-05
Failed: Pure curvefit failed for the first window!
Testing N_win=1375 N_cf=10
Windowing:
  config: # windows=1375, spacing=0.02247297862824712, CF order=10
  error tolerance: rtol=0.001, atol=1e-05
Testing N_win=1375 N_cf=9
Windowing:
  config: # windows=1375, spacing=0.02247297862824712, CF order=9
  error tolerance: rtol=0.001, atol=1e-05
Testing N_win=1375 N_cf=8
Windowing:
  config: # windows=1375, spacing=0.02247297862824712, CF order=8
  error tolerance: rtol=0.001, atol=1e-05
Testing N_win=1375 N_cf=7
Windowing:
  config: # windows=1375, spacing=0.02247297862824712, CF order=7
  error tolerance: rtol=0.001, atol=1e-05
Testing N_win=1375 N_cf=6
Windowing:
  config: # windows=1375, spacing=0.02247297862824712, CF order=6
  error tolerance: rtol=0.001, atol=1e-05
Testing N_win=1375 N_cf=5
Windowing:
  config: # windows=1375, spacing=0.02247297862824712, CF order=5
  error tolerance: rtol=0.001, atol=1e-05
Testing N_win=1375 N_cf=4
Windowing:
  config: # windows=1375, spacing=0.02247297862824712, CF order=4
  error tolerance: rtol=0.001, atol=1e-05
Testing N_win=1375 N_cf=3
Windowing:
  config: # windows=1375, spacing=0.02247297862824712, CF order=3
  error tolerance: rtol=0.001, atol=1e-05
Testing N_win=1375 N_cf=2
Windowing:
  config: # windows=1375, spacing=0.02247297862824712, CF order=2
  error tolerance: rtol=0.001, atol=1e-05
Failed: Pure curvefit failed for the first window!
Testing N_win=1479 N_cf=10
Windowing:
  config: # windows=1479, spacing=0.020892728609763208, CF order=10
  error tolerance: rtol=0.001, atol=1e-05
Testing N_win=1479 N_cf=9
Windowing:
  config: # windows=1479, spacing=0.020892728609763208, CF order=9
  error tolerance: rtol=0.001, atol=1e-05
Testing N_win=1479 N_cf=8
Windowing:
  config: # windows=1479, spacing=0.020892728609763208, CF order=8
  error tolerance: rtol=0.001, atol=1e-05
Testing N_win=1479 N_cf=7
Windowing:
  config: # windows=1479, spacing=0.020892728609763208, CF order=7
  error tolerance: rtol=0.001, atol=1e-05
Testing N_win=1479 N_cf=6
Windowing:
  config: # windows=1479, spacing=0.020892728609763208, CF order=6
  error tolerance: rtol=0.001, atol=1e-05
Testing N_win=1479 N_cf=5
Windowing:
  config: # windows=1479, spacing=0.020892728609763208, CF order=5
  error tolerance: rtol=0.001, atol=1e-05
Testing N_win=1479 N_cf=4
Windowing:
  config: # windows=1479, spacing=0.020892728609763208, CF order=4
  error tolerance: rtol=0.001, atol=1e-05
Testing N_win=1479 N_cf=3
Windowing:
  config: # windows=1479, spacing=0.020892728609763208, CF order=3
  error tolerance: rtol=0.001, atol=1e-05
Testing N_win=1479 N_cf=2
Windowing:
  config: # windows=1479, spacing=0.020892728609763208, CF order=2
  error tolerance: rtol=0.001, atol=1e-05
Failed: Pure curvefit failed for the first window!
Testing N_win=1583 N_cf=10
Windowing:
  config: # windows=1583, spacing=0.019520117254478702, CF order=10
  error tolerance: rtol=0.001, atol=1e-05
Testing N_win=1583 N_cf=9
Windowing:
  config: # windows=1583, spacing=0.019520117254478702, CF order=9
  error tolerance: rtol=0.001, atol=1e-05
Testing N_win=1583 N_cf=8
Windowing:
  config: # windows=1583, spacing=0.019520117254478702, CF order=8
  error tolerance: rtol=0.001, atol=1e-05
Testing N_win=1583 N_cf=7
Windowing:
  config: # windows=1583, spacing=0.019520117254478702, CF order=7
  error tolerance: rtol=0.001, atol=1e-05
Testing N_win=1583 N_cf=6
Windowing:
  config: # windows=1583, spacing=0.019520117254478702, CF order=6
  error tolerance: rtol=0.001, atol=1e-05
Testing N_win=1583 N_cf=5
Windowing:
  config: # windows=1583, spacing=0.019520117254478702, CF order=5
  error tolerance: rtol=0.001, atol=1e-05
Testing N_win=1583 N_cf=4
Windowing:
  config: # windows=1583, spacing=0.019520117254478702, CF order=4
  error tolerance: rtol=0.001, atol=1e-05
Testing N_win=1583 N_cf=3
Windowing:
  config: # windows=1583, spacing=0.019520117254478702, CF order=3
  error tolerance: rtol=0.001, atol=1e-05
Testing N_win=1583 N_cf=2
Windowing:
  config: # windows=1583, spacing=0.019520117254478702, CF order=2
  error tolerance: rtol=0.001, atol=1e-05
Failed: Pure curvefit failed for the first window!
Testing N_win=1687 N_cf=10
Windowing:
  config: # windows=1687, spacing=0.018316743102453934, CF order=10
  error tolerance: rtol=0.001, atol=1e-05
Testing N_win=1687 N_cf=9
Windowing:
  config: # windows=1687, spacing=0.018316743102453934, CF order=9
  error tolerance: rtol=0.001, atol=1e-05
Testing N_win=1687 N_cf=8
Windowing:
  config: # windows=1687, spacing=0.018316743102453934, CF order=8
  error tolerance: rtol=0.001, atol=1e-05
Testing N_win=1687 N_cf=7
Windowing:
  config: # windows=1687, spacing=0.018316743102453934, CF order=7
  error tolerance: rtol=0.001, atol=1e-05
Testing N_win=1687 N_cf=6
Windowing:
  config: # windows=1687, spacing=0.018316743102453934, CF order=6
  error tolerance: rtol=0.001, atol=1e-05
Testing N_win=1687 N_cf=5
Windowing:
  config: # windows=1687, spacing=0.018316743102453934, CF order=5
  error tolerance: rtol=0.001, atol=1e-05
Testing N_win=1687 N_cf=4
Windowing:
  config: # windows=1687, spacing=0.018316743102453934, CF order=4
  error tolerance: rtol=0.001, atol=1e-05
Testing N_win=1687 N_cf=3
Windowing:
  config: # windows=1687, spacing=0.018316743102453934, CF order=3
  error tolerance: rtol=0.001, atol=1e-05
Testing N_win=1687 N_cf=2
Windowing:
  config: # windows=1687, spacing=0.018316743102453934, CF order=2
  error tolerance: rtol=0.001, atol=1e-05
Failed: Pure curvefit failed for the first window!
Testing N_win=1791 N_cf=10
Windowing:
  config: # windows=1791, spacing=0.01725312429583461, CF order=10
  error tolerance: rtol=0.001, atol=1e-05
Testing N_win=1791 N_cf=9
Windowing:
  config: # windows=1791, spacing=0.01725312429583461, CF order=9
  error tolerance: rtol=0.001, atol=1e-05
Testing N_win=1791 N_cf=8
Windowing:
  config: # windows=1791, spacing=0.01725312429583461, CF order=8
  error tolerance: rtol=0.001, atol=1e-05
Testing N_win=1791 N_cf=7
Windowing:
  config: # windows=1791, spacing=0.01725312429583461, CF order=7
  error tolerance: rtol=0.001, atol=1e-05
Testing N_win=1791 N_cf=6
Windowing:
  config: # windows=1791, spacing=0.01725312429583461, CF order=6
  error tolerance: rtol=0.001, atol=1e-05
Testing N_win=1791 N_cf=5
Windowing:
  config: # windows=1791, spacing=0.01725312429583461, CF order=5
  error tolerance: rtol=0.001, atol=1e-05
Testing N_win=1791 N_cf=4
Windowing:
  config: # windows=1791, spacing=0.01725312429583461, CF order=4
  error tolerance: rtol=0.001, atol=1e-05
Testing N_win=1791 N_cf=3
Windowing:
  config: # windows=1791, spacing=0.01725312429583461, CF order=3
  error tolerance: rtol=0.001, atol=1e-05
Testing N_win=1791 N_cf=2
Windowing:
  config: # windows=1791, spacing=0.01725312429583461, CF order=2
  error tolerance: rtol=0.001, atol=1e-05
Failed: Pure curvefit failed for the first window!
Testing N_win=1895 N_cf=10
Windowing:
  config: # windows=1895, spacing=0.016306250983556616, CF order=10
  error tolerance: rtol=0.001, atol=1e-05
Testing N_win=1895 N_cf=9
Windowing:
  config: # windows=1895, spacing=0.016306250983556616, CF order=9
  error tolerance: rtol=0.001, atol=1e-05
Testing N_win=1895 N_cf=8
Windowing:
  config: # windows=1895, spacing=0.016306250983556616, CF order=8
  error tolerance: rtol=0.001, atol=1e-05
Testing N_win=1895 N_cf=7
Windowing:
  config: # windows=1895, spacing=0.016306250983556616, CF order=7
  error tolerance: rtol=0.001, atol=1e-05
Testing N_win=1895 N_cf=6
Windowing:
  config: # windows=1895, spacing=0.016306250983556616, CF order=6
  error tolerance: rtol=0.001, atol=1e-05
Testing N_win=1895 N_cf=5
Windowing:
  config: # windows=1895, spacing=0.016306250983556616, CF order=5
  error tolerance: rtol=0.001, atol=1e-05
Testing N_win=1895 N_cf=4
Windowing:
  config: # windows=1895, spacing=0.016306250983556616, CF order=4
  error tolerance: rtol=0.001, atol=1e-05
Testing N_win=1895 N_cf=3
Windowing:
  config: # windows=1895, spacing=0.016306250983556616, CF order=3
  error tolerance: rtol=0.001, atol=1e-05
Testing N_win=1895 N_cf=2
Windowing:
  config: # windows=1895, spacing=0.016306250983556616, CF order=2
  error tolerance: rtol=0.001, atol=1e-05
Failed: Pure curvefit failed for the first window!
Testing N_win=2000 N_cf=10
Windowing:
  config: # windows=2000, spacing=0.015450172806919894, CF order=10
  error tolerance: rtol=0.001, atol=1e-05
Testing N_win=2000 N_cf=9
Windowing:
  config: # windows=2000, spacing=0.015450172806919894, CF order=9
  error tolerance: rtol=0.001, atol=1e-05
Testing N_win=2000 N_cf=8
Windowing:
  config: # windows=2000, spacing=0.015450172806919894, CF order=8
  error tolerance: rtol=0.001, atol=1e-05
Testing N_win=2000 N_cf=7
Windowing:
  config: # windows=2000, spacing=0.015450172806919894, CF order=7
  error tolerance: rtol=0.001, atol=1e-05
Testing N_win=2000 N_cf=6
Windowing:
  config: # windows=2000, spacing=0.015450172806919894, CF order=6
  error tolerance: rtol=0.001, atol=1e-05
Testing N_win=2000 N_cf=5
Windowing:
  config: # windows=2000, spacing=0.015450172806919894, CF order=5
  error tolerance: rtol=0.001, atol=1e-05
Testing N_win=2000 N_cf=4
Windowing:
  config: # windows=2000, spacing=0.015450172806919894, CF order=4
  error tolerance: rtol=0.001, atol=1e-05
Testing N_win=2000 N_cf=3
Windowing:
  config: # windows=2000, spacing=0.015450172806919894, CF order=3
  error tolerance: rtol=0.001, atol=1e-05
Testing N_win=2000 N_cf=2
Windowing:
  config: # windows=2000, spacing=0.015450172806919894, CF order=2
  error tolerance: rtol=0.001, atol=1e-05
Failed: Pure curvefit failed for the first window!
Final library: 327 poles, 647 windows, 5 poles per window, 4 CF order
