Running NJOY to get 0K point-wise data (error=0.0005)...
Parsing cross sections within resolved resonance range...
  MTs: [2, 27, 102, 103, 107]
  Energy range: 1.000e-05 to 5.884e+03 eV (103701 points)
Vector fitting piece 1/51...
  energy: 1.000e-05 to 2.770e+00 eV (594 points)
  error tolerance: rtol=0.001, atol=1e-05
Found 0 peaks
Fitting orders from 2 to 200
Order=2(0/100)
Order=4(1/100)
Order=6(2/100)
Order=8(3/100)
Order=10(4/100)
Order=12(5/100)
Order=14(6/100)
Order=16(7/100)
Order=18(8/100)
Order=20(9/100)
Order=22(10/100)
Order=24(11/100)
Order=26(12/100)
Order=28(13/100)
Order=30(14/100)
Order=32(15/100)
Order=34(16/100)
Order=36(17/100)
Order=38(18/100)
Order=40(19/100)
Order=42(20/100)
Order=44(21/100)
Order=46(22/100)
Order=48(23/100)
Order=50(24/100)
Order=52(25/100)
Order=54(26/100)
Order=56(27/100)
Order=58(28/100)
Order=60(29/100)
Found 3 real poles and 2 conjugate complex pairs.
Final number of poles: 5
Saved figure: WMP_Lib/Pt195/0-3_MT2.png
Saved figure: WMP_Lib/Pt195/0-3_MT27.png
Saved figure: WMP_Lib/Pt195/0-3_MT102.png
Saved figure: WMP_Lib/Pt195/0-3_MT107.png
Vector fitting piece 2/51...
  energy: 3.688e-01 to 1.003e+01 eV (161 points)
  error tolerance: rtol=0.001, atol=1e-05
Found 0 peaks
Fitting orders from 2 to 200
Order=2(0/100)
Order=4(1/100)
Order=6(2/100)
Order=8(3/100)
Order=10(4/100)
Order=12(5/100)
Order=14(6/100)
Order=16(7/100)
Order=18(8/100)
Order=20(9/100)
Order=22(10/100)
Order=24(11/100)
Order=26(12/100)
Order=28(13/100)
Order=30(14/100)
Order=32(15/100)
Order=34(16/100)
Order=36(17/100)
Order=38(18/100)
Order=40(19/100)
Order=42(20/100)
Order=44(21/100)
Order=46(22/100)
Order=48(23/100)
Order=50(24/100)
Order=52(25/100)
Order=54(26/100)
Order=56(27/100)
Order=58(28/100)
Order=60(29/100)
Found 2 real poles and 6 conjugate complex pairs.
Final number of poles: 8
Saved figure: WMP_Lib/Pt195/0-10_MT2.png
Saved figure: WMP_Lib/Pt195/0-10_MT27.png
Saved figure: WMP_Lib/Pt195/0-10_MT102.png
Saved figure: WMP_Lib/Pt195/0-10_MT107.png
Vector fitting piece 3/51...
  energy: 4.438e+00 to 2.182e+01 eV (1019 points)
  error tolerance: rtol=0.001, atol=1e-05
Found 2 peaks
Fitting orders from 4 to 200
Order=4(0/99)
Order=6(1/99)
Order=8(2/99)
Order=10(3/99)
Order=12(4/99)
Order=14(5/99)
Order=16(6/99)
Order=18(7/99)
Order=20(8/99)
Order=22(9/99)
Order=24(10/99)
Order=26(11/99)
Order=28(12/99)
Order=30(13/99)
Order=32(14/99)
Order=34(15/99)
Order=36(16/99)
Order=38(17/99)
Order=40(18/99)
Order=42(19/99)
Order=44(20/99)
Order=46(21/99)
Order=48(22/99)
Order=50(23/99)
Order=52(24/99)
Order=54(25/99)
Order=56(26/99)
Order=58(27/99)
Order=60(28/99)
Found 0 real poles and 5 conjugate complex pairs.
Final number of poles: 5
Saved figure: WMP_Lib/Pt195/4-22_MT2.png
Saved figure: WMP_Lib/Pt195/4-22_MT27.png
Saved figure: WMP_Lib/Pt195/4-22_MT102.png
Saved figure: WMP_Lib/Pt195/4-22_MT107.png
Vector fitting piece 4/51...
  energy: 1.306e+01 to 3.875e+01 eV (642 points)
  error tolerance: rtol=0.001, atol=1e-05
Found 1 peaks
Fitting orders from 2 to 200
Order=2(0/100)
Order=4(1/100)
Order=6(2/100)
Order=8(3/100)
Order=10(4/100)
Order=12(5/100)
Order=14(6/100)
Order=16(7/100)
Order=18(8/100)
Order=20(9/100)
Order=22(10/100)
Order=24(11/100)
Order=26(12/100)
Order=28(13/100)
Order=30(14/100)
Order=32(15/100)
Order=34(16/100)
Order=36(17/100)
Order=38(18/100)
Order=40(19/100)
Order=42(20/100)
Order=44(21/100)
Order=46(22/100)
Order=48(23/100)
Order=50(24/100)
Order=52(25/100)
Order=54(26/100)
Order=56(27/100)
Order=58(28/100)
Order=60(29/100)
Found 2 real poles and 4 conjugate complex pairs.
Final number of poles: 6
Saved figure: WMP_Lib/Pt195/13-39_MT2.png
Saved figure: WMP_Lib/Pt195/13-39_MT27.png
Saved figure: WMP_Lib/Pt195/13-39_MT102.png
Saved figure: WMP_Lib/Pt195/13-39_MT107.png
Vector fitting piece 5/51...
  energy: 2.621e+01 to 5.900e+01 eV (102 points)
  error tolerance: rtol=0.001, atol=1e-05
Found 0 peaks
Fitting orders from 2 to 200
Order=2(0/100)
Order=4(1/100)
Order=6(2/100)
Found ideal results. Stop!
Found 3 real poles and 2 conjugate complex pairs.
Final number of poles: 5
Saved figure: WMP_Lib/Pt195/26-59_MT2.png
Saved figure: WMP_Lib/Pt195/26-59_MT27.png
Saved figure: WMP_Lib/Pt195/26-59_MT102.png
Saved figure: WMP_Lib/Pt195/26-59_MT107.png
Vector fitting piece 6/51...
  energy: 4.344e+01 to 8.443e+01 eV (653 points)
  error tolerance: rtol=0.001, atol=1e-05
Found 2 peaks
Fitting orders from 4 to 200
Order=4(0/99)
Order=6(1/99)
Order=8(2/99)
Found ideal results. Stop!
Found 4 real poles and 2 conjugate complex pairs.
Final number of poles: 6
Saved figure: WMP_Lib/Pt195/43-84_MT2.png
Saved figure: WMP_Lib/Pt195/43-84_MT27.png
Saved figure: WMP_Lib/Pt195/43-84_MT102.png
Saved figure: WMP_Lib/Pt195/43-84_MT107.png
Vector fitting piece 7/51...
  energy: 6.608e+01 to 1.141e+02 eV (974 points)
  error tolerance: rtol=0.001, atol=1e-05
Found 3 peaks
Fitting orders from 6 to 200
Order=6(0/98)
Order=8(1/98)
Order=10(2/98)
Found ideal results. Stop!
Found 4 real poles and 3 conjugate complex pairs.
Final number of poles: 7
Saved figure: WMP_Lib/Pt195/66-114_MT2.png
Saved figure: WMP_Lib/Pt195/66-114_MT27.png
Saved figure: WMP_Lib/Pt195/66-114_MT102.png
Saved figure: WMP_Lib/Pt195/66-114_MT107.png
Vector fitting piece 8/51...
  energy: 9.245e+01 to 1.484e+02 eV (1873 points)
  error tolerance: rtol=0.001, atol=1e-05
Found 4 peaks
Fitting orders from 8 to 200
Order=8(0/97)
Order=10(1/97)
Order=12(2/97)
Order=14(3/97)
Order=16(4/97)
Order=18(5/97)
Order=20(6/97)
Order=22(7/97)
Order=24(8/97)
Order=26(9/97)
Order=28(10/97)
Order=30(11/97)
Order=32(12/97)
Order=34(13/97)
Order=36(14/97)
Order=38(15/97)
Order=40(16/97)
Order=42(17/97)
Order=44(18/97)
Order=46(19/97)
Order=48(20/97)
Order=50(21/97)
Order=52(22/97)
Order=54(23/97)
Order=56(24/97)
Order=58(25/97)
Order=60(26/97)
Found 4 real poles and 5 conjugate complex pairs.
Final number of poles: 9
Saved figure: WMP_Lib/Pt195/92-148_MT2.png
Saved figure: WMP_Lib/Pt195/92-148_MT27.png
Saved figure: WMP_Lib/Pt195/92-148_MT102.png
Saved figure: WMP_Lib/Pt195/92-148_MT107.png
Vector fitting piece 9/51...
  energy: 1.240e+02 to 1.873e+02 eV (1468 points)
  error tolerance: rtol=0.001, atol=1e-05
Found 3 peaks
Fitting orders from 6 to 200
Order=6(0/98)
Order=8(1/98)
Order=10(2/98)
Order=12(3/98)
Order=14(4/98)
Found ideal results. Stop!
Found 0 real poles and 7 conjugate complex pairs.
Final number of poles: 7
Saved figure: WMP_Lib/Pt195/124-187_MT2.png
Saved figure: WMP_Lib/Pt195/124-187_MT27.png
Saved figure: WMP_Lib/Pt195/124-187_MT102.png
Saved figure: WMP_Lib/Pt195/124-187_MT107.png
Vector fitting piece 10/51...
  energy: 1.597e+02 to 2.309e+02 eV (1671 points)
  error tolerance: rtol=0.001, atol=1e-05
Found 3 peaks
Fitting orders from 6 to 200
Order=6(0/98)
Order=8(1/98)
Order=10(2/98)
Order=12(3/98)
Found ideal results. Stop!
Found 4 real poles and 4 conjugate complex pairs.
Final number of poles: 8
Saved figure: WMP_Lib/Pt195/160-231_MT2.png
Saved figure: WMP_Lib/Pt195/160-231_MT27.png
Saved figure: WMP_Lib/Pt195/160-231_MT102.png
Saved figure: WMP_Lib/Pt195/160-231_MT107.png
Vector fitting piece 11/51...
  energy: 2.000e+02 to 2.787e+02 eV (2044 points)
  error tolerance: rtol=0.001, atol=1e-05
Found 4 peaks
Fitting orders from 8 to 200
Order=8(0/97)
Order=10(1/97)
Order=12(2/97)
Order=14(3/97)
Order=16(4/97)
Order=18(5/97)
Order=20(6/97)
Order=22(7/97)
Order=24(8/97)
Order=26(9/97)
Order=28(10/97)
Order=30(11/97)
Order=32(12/97)
Order=34(13/97)
Order=36(14/97)
Order=38(15/97)
Order=40(16/97)
Order=42(17/97)
Order=44(18/97)
Order=46(19/97)
Order=48(20/97)
Order=50(21/97)
Order=52(22/97)
Order=54(23/97)
Order=56(24/97)
Order=58(25/97)
Order=60(26/97)
Found 5 real poles and 6 conjugate complex pairs.
Final number of poles: 11
Saved figure: WMP_Lib/Pt195/200-279_MT2.png
Saved figure: WMP_Lib/Pt195/200-279_MT27.png
Saved figure: WMP_Lib/Pt195/200-279_MT102.png
Saved figure: WMP_Lib/Pt195/200-279_MT107.png
Vector fitting piece 12/51...
  energy: 2.447e+02 to 3.321e+02 eV (2838 points)
  error tolerance: rtol=0.001, atol=1e-05
Found 6 peaks
Fitting orders from 12 to 200
Order=12(0/95)
Order=14(1/95)
Order=16(2/95)
Order=18(3/95)
Order=20(4/95)
Order=22(5/95)
Order=24(6/95)
Order=26(7/95)
Order=28(8/95)
Order=30(9/95)
Order=32(10/95)
Order=34(11/95)
Order=36(12/95)
Order=38(13/95)
Order=40(14/95)
Order=42(15/95)
Order=44(16/95)
Order=46(17/95)
Order=48(18/95)
Order=50(19/95)
Order=52(20/95)
Order=54(21/95)
Order=56(22/95)
Order=58(23/95)
Order=60(24/95)
Found 4 real poles and 6 conjugate complex pairs.
Final number of poles: 10
Saved figure: WMP_Lib/Pt195/245-332_MT2.png
Saved figure: WMP_Lib/Pt195/245-332_MT27.png
Saved figure: WMP_Lib/Pt195/245-332_MT102.png
Saved figure: WMP_Lib/Pt195/245-332_MT107.png
Vector fitting piece 13/51...
  energy: 2.941e+02 to 3.883e+02 eV (2035 points)
  error tolerance: rtol=0.001, atol=1e-05
Found 4 peaks
Fitting orders from 8 to 200
Order=8(0/97)
Order=10(1/97)
Order=12(2/97)
Order=14(3/97)
Order=16(4/97)
Order=18(5/97)
Order=20(6/97)
Order=22(7/97)
Order=24(8/97)
Order=26(9/97)
Order=28(10/97)
Order=30(11/97)
Order=32(12/97)
Order=34(13/97)
Order=36(14/97)
Order=38(15/97)
Order=40(16/97)
Order=42(17/97)
Order=44(18/97)
Order=46(19/97)
Order=48(20/97)
Order=50(21/97)
Order=52(22/97)
Order=54(23/97)
Order=56(24/97)
Order=58(25/97)
Order=60(26/97)
Found 2 real poles and 6 conjugate complex pairs.
Final number of poles: 8
Saved figure: WMP_Lib/Pt195/294-388_MT2.png
Saved figure: WMP_Lib/Pt195/294-388_MT27.png
Saved figure: WMP_Lib/Pt195/294-388_MT102.png
Saved figure: WMP_Lib/Pt195/294-388_MT107.png
Vector fitting piece 14/51...
  energy: 3.480e+02 to 4.498e+02 eV (1766 points)
  error tolerance: rtol=0.001, atol=1e-05
Found 3 peaks
Fitting orders from 6 to 200
Order=6(0/98)
Order=8(1/98)
Order=10(2/98)
Order=12(3/98)
Order=14(4/98)
Order=16(5/98)
Order=18(6/98)
Order=20(7/98)
Order=22(8/98)
Order=24(9/98)
Order=26(10/98)
Order=28(11/98)
Order=30(12/98)
Order=32(13/98)
Order=34(14/98)
Order=36(15/98)
Order=38(16/98)
Order=40(17/98)
Order=42(18/98)
Order=44(19/98)
Order=46(20/98)
Order=48(21/98)
Order=50(22/98)
Order=52(23/98)
Order=54(24/98)
Order=56(25/98)
Order=58(26/98)
Order=60(27/98)
Found 2 real poles and 5 conjugate complex pairs.
Final number of poles: 7
Saved figure: WMP_Lib/Pt195/348-450_MT2.png
Saved figure: WMP_Lib/Pt195/348-450_MT27.png
Saved figure: WMP_Lib/Pt195/348-450_MT102.png
Saved figure: WMP_Lib/Pt195/348-450_MT107.png
Vector fitting piece 15/51...
  energy: 4.065e+02 to 5.158e+02 eV (2090 points)
  error tolerance: rtol=0.001, atol=1e-05
Found 5 peaks
Fitting orders from 10 to 200
Order=10(0/96)
Order=12(1/96)
Order=14(2/96)
Order=16(3/96)
Found ideal results. Stop!
Found 4 real poles and 6 conjugate complex pairs.
Final number of poles: 10
Saved figure: WMP_Lib/Pt195/406-516_MT2.png
Saved figure: WMP_Lib/Pt195/406-516_MT27.png
Saved figure: WMP_Lib/Pt195/406-516_MT102.png
Saved figure: WMP_Lib/Pt195/406-516_MT107.png
Vector fitting piece 16/51...
  energy: 4.692e+02 to 5.865e+02 eV (3028 points)
  error tolerance: rtol=0.001, atol=1e-05
Found 7 peaks
Fitting orders from 14 to 200
Order=14(0/94)
Order=16(1/94)
Order=18(2/94)
Order=20(3/94)
Order=22(4/94)
Order=24(5/94)
Order=26(6/94)
Order=28(7/94)
Order=30(8/94)
Order=32(9/94)
Order=34(10/94)
Order=36(11/94)
Order=38(12/94)
Order=40(13/94)
Order=42(14/94)
Order=44(15/94)
Order=46(16/94)
Order=48(17/94)
Order=50(18/94)
Order=52(19/94)
Order=54(20/94)
Order=56(21/94)
Order=58(22/94)
Order=60(23/94)
Found 2 real poles and 9 conjugate complex pairs.
Final number of poles: 11
Saved figure: WMP_Lib/Pt195/469-587_MT2.png
Saved figure: WMP_Lib/Pt195/469-587_MT27.png
Saved figure: WMP_Lib/Pt195/469-587_MT102.png
Saved figure: WMP_Lib/Pt195/469-587_MT107.png
Vector fitting piece 17/51...
  energy: 5.368e+02 to 6.615e+02 eV (2473 points)
  error tolerance: rtol=0.001, atol=1e-05
Found 5 peaks
Fitting orders from 10 to 200
Order=10(0/96)
Order=12(1/96)
Order=14(2/96)
Order=16(3/96)
Order=18(4/96)
Order=20(5/96)
Order=22(6/96)
Order=24(7/96)
Order=26(8/96)
Order=28(9/96)
Order=30(10/96)
Order=32(11/96)
Order=34(12/96)
Order=36(13/96)
Order=38(14/96)
Order=40(15/96)
Order=42(16/96)
Order=44(17/96)
Order=46(18/96)
Order=48(19/96)
Order=50(20/96)
Order=52(21/96)
Order=54(22/96)
Order=56(23/96)
Order=58(24/96)
Order=60(25/96)
Found 3 real poles and 7 conjugate complex pairs.
Final number of poles: 10
Saved figure: WMP_Lib/Pt195/537-661_MT2.png
Saved figure: WMP_Lib/Pt195/537-661_MT27.png
Saved figure: WMP_Lib/Pt195/537-661_MT102.png
Saved figure: WMP_Lib/Pt195/537-661_MT107.png
Vector fitting piece 18/51...
  energy: 6.086e+02 to 7.423e+02 eV (2827 points)
  error tolerance: rtol=0.001, atol=1e-05
Found 7 peaks
Fitting orders from 14 to 200
Order=14(0/94)
Order=16(1/94)
Order=18(2/94)
Order=20(3/94)
Order=22(4/94)
Order=24(5/94)
Order=26(6/94)
Order=28(7/94)
Order=30(8/94)
Order=32(9/94)
Order=34(10/94)
Order=36(11/94)
Order=38(12/94)
Order=40(13/94)
Order=42(14/94)
Order=44(15/94)
Order=46(16/94)
Order=48(17/94)
Order=50(18/94)
Order=52(19/94)
Order=54(20/94)
Order=56(21/94)
Order=58(22/94)
Order=60(23/94)
Found 4 real poles and 8 conjugate complex pairs.
Final number of poles: 12
Saved figure: WMP_Lib/Pt195/609-742_MT2.png
Saved figure: WMP_Lib/Pt195/609-742_MT27.png
Saved figure: WMP_Lib/Pt195/609-742_MT102.png
Saved figure: WMP_Lib/Pt195/609-742_MT107.png
Vector fitting piece 19/51...
  energy: 6.852e+02 to 8.266e+02 eV (3585 points)
  error tolerance: rtol=0.001, atol=1e-05
Found 9 peaks
Fitting orders from 18 to 200
Order=18(0/92)
Order=20(1/92)
Order=22(2/92)
Order=24(3/92)
Order=26(4/92)
Order=28(5/92)
Order=30(6/92)
Order=32(7/92)
Order=34(8/92)
Order=36(9/92)
Order=38(10/92)
Order=40(11/92)
Order=42(12/92)
Order=44(13/92)
Order=46(14/92)
Order=48(15/92)
Order=50(16/92)
Order=52(17/92)
Order=54(18/92)
Order=56(19/92)
Order=58(20/92)
Order=60(21/92)
Found 4 real poles and 9 conjugate complex pairs.
Final number of poles: 13
Saved figure: WMP_Lib/Pt195/685-827_MT2.png
Saved figure: WMP_Lib/Pt195/685-827_MT27.png
Saved figure: WMP_Lib/Pt195/685-827_MT102.png
Saved figure: WMP_Lib/Pt195/685-827_MT107.png
Vector fitting piece 20/51...
  energy: 7.662e+02 to 9.139e+02 eV (3543 points)
  error tolerance: rtol=0.001, atol=1e-05
Found 8 peaks
Fitting orders from 16 to 200
Order=16(0/93)
Order=18(1/93)
Order=20(2/93)
Order=22(3/93)
Order=24(4/93)
Order=26(5/93)
Order=28(6/93)
Order=30(7/93)
Order=32(8/93)
Order=34(9/93)
Order=36(10/93)
Order=38(11/93)
Order=40(12/93)
Order=42(13/93)
Order=44(14/93)
Order=46(15/93)
Order=48(16/93)
Order=50(17/93)
Order=52(18/93)
Order=54(19/93)
Order=56(20/93)
Order=58(21/93)
Order=60(22/93)
Found 4 real poles and 9 conjugate complex pairs.
Final number of poles: 13
Saved figure: WMP_Lib/Pt195/766-914_MT2.png
Saved figure: WMP_Lib/Pt195/766-914_MT27.png
Saved figure: WMP_Lib/Pt195/766-914_MT102.png
Saved figure: WMP_Lib/Pt195/766-914_MT107.png
Vector fitting piece 21/51...
  energy: 8.516e+02 to 1.008e+03 eV (3914 points)
  error tolerance: rtol=0.001, atol=1e-05
Found 11 peaks
Fitting orders from 22 to 200
Order=22(0/90)
Order=24(1/90)
Order=26(2/90)
Order=28(3/90)
Order=30(4/90)
Order=32(5/90)
Order=34(6/90)
Order=36(7/90)
Order=38(8/90)
Order=40(9/90)
Order=42(10/90)
Order=44(11/90)
Order=46(12/90)
Order=48(13/90)
Order=50(14/90)
Order=52(15/90)
Order=54(16/90)
Order=56(17/90)
Order=58(18/90)
Order=60(19/90)
Found 4 real poles and 11 conjugate complex pairs.
Final number of poles: 15
Saved figure: WMP_Lib/Pt195/852-1008_MT2.png
Saved figure: WMP_Lib/Pt195/852-1008_MT27.png
Saved figure: WMP_Lib/Pt195/852-1008_MT102.png
Saved figure: WMP_Lib/Pt195/852-1008_MT107.png
Vector fitting piece 22/51...
  energy: 9.415e+02 to 1.105e+03 eV (3506 points)
  error tolerance: rtol=0.001, atol=1e-05
Found 10 peaks
Fitting orders from 20 to 200
Order=20(0/91)
Order=22(1/91)
Order=24(2/91)
Order=26(3/91)
Order=28(4/91)
Order=30(5/91)
Order=32(6/91)
Order=34(7/91)
Order=36(8/91)
Order=38(9/91)
Order=40(10/91)
Order=42(11/91)
Order=44(12/91)
Order=46(13/91)
Order=48(14/91)
Order=50(15/91)
Order=52(16/91)
Order=54(17/91)
Order=56(18/91)
Order=58(19/91)
Order=60(20/91)
Found 6 real poles and 10 conjugate complex pairs.
Final number of poles: 16
Saved figure: WMP_Lib/Pt195/942-1105_MT2.png
Saved figure: WMP_Lib/Pt195/942-1105_MT27.png
Saved figure: WMP_Lib/Pt195/942-1105_MT102.png
Saved figure: WMP_Lib/Pt195/942-1105_MT107.png
Vector fitting piece 23/51...
  energy: 1.036e+03 to 1.207e+03 eV (3375 points)
  error tolerance: rtol=0.001, atol=1e-05
Found 10 peaks
Fitting orders from 20 to 200
Order=20(0/91)
Order=22(1/91)
Order=24(2/91)
Order=26(3/91)
Order=28(4/91)
Order=30(5/91)
Order=32(6/91)
Order=34(7/91)
Order=36(8/91)
Order=38(9/91)
Order=40(10/91)
Order=42(11/91)
Order=44(12/91)
Order=46(13/91)
Order=48(14/91)
Order=50(15/91)
Order=52(16/91)
Order=54(17/91)
Order=56(18/91)
Order=58(19/91)
Order=60(20/91)
Found 4 real poles and 11 conjugate complex pairs.
Final number of poles: 15
Saved figure: WMP_Lib/Pt195/1036-1207_MT2.png
Saved figure: WMP_Lib/Pt195/1036-1207_MT27.png
Saved figure: WMP_Lib/Pt195/1036-1207_MT102.png
Saved figure: WMP_Lib/Pt195/1036-1207_MT107.png
Vector fitting piece 24/51...
  energy: 1.135e+03 to 1.314e+03 eV (3464 points)
  error tolerance: rtol=0.001, atol=1e-05
Found 9 peaks
Fitting orders from 18 to 200
Order=18(0/92)
Order=20(1/92)
Order=22(2/92)
Order=24(3/92)
Order=26(4/92)
Order=28(5/92)
Order=30(6/92)
Order=32(7/92)
Order=34(8/92)
Order=36(9/92)
Order=38(10/92)
Order=40(11/92)
Order=42(12/92)
Order=44(13/92)
Order=46(14/92)
Order=48(15/92)
Order=50(16/92)
Order=52(17/92)
Order=54(18/92)
Order=56(19/92)
Order=58(20/92)
Order=60(21/92)
Found 5 real poles and 11 conjugate complex pairs.
Final number of poles: 16
Saved figure: WMP_Lib/Pt195/1135-1314_MT2.png
Saved figure: WMP_Lib/Pt195/1135-1314_MT27.png
Saved figure: WMP_Lib/Pt195/1135-1314_MT102.png
Saved figure: WMP_Lib/Pt195/1135-1314_MT107.png
Vector fitting piece 25/51...
  energy: 1.239e+03 to 1.425e+03 eV (3683 points)
  error tolerance: rtol=0.001, atol=1e-05
Found 10 peaks
Fitting orders from 20 to 200
Order=20(0/91)
Order=22(1/91)
Order=24(2/91)
Order=26(3/91)
Order=28(4/91)
Order=30(5/91)
Order=32(6/91)
Order=34(7/91)
Order=36(8/91)
Order=38(9/91)
Order=40(10/91)
Order=42(11/91)
Order=44(12/91)
Order=46(13/91)
Order=48(14/91)
Order=50(15/91)
Order=52(16/91)
Order=54(17/91)
Order=56(18/91)
Order=58(19/91)
Order=60(20/91)
Found 4 real poles and 11 conjugate complex pairs.
Final number of poles: 15
Saved figure: WMP_Lib/Pt195/1239-1425_MT2.png
Saved figure: WMP_Lib/Pt195/1239-1425_MT27.png
Saved figure: WMP_Lib/Pt195/1239-1425_MT102.png
Saved figure: WMP_Lib/Pt195/1239-1425_MT107.png
Vector fitting piece 26/51...
  energy: 1.347e+03 to 1.542e+03 eV (3362 points)
  error tolerance: rtol=0.001, atol=1e-05
Found 10 peaks
Fitting orders from 20 to 200
Order=20(0/91)
Order=22(1/91)
Order=24(2/91)
Order=26(3/91)
Order=28(4/91)
Order=30(5/91)
Order=32(6/91)
Order=34(7/91)
Order=36(8/91)
Order=38(9/91)
Order=40(10/91)
Order=42(11/91)
Order=44(12/91)
Order=46(13/91)
Order=48(14/91)
Order=50(15/91)
Order=52(16/91)
Order=54(17/91)
Order=56(18/91)
Order=58(19/91)
Order=60(20/91)
Found 5 real poles and 12 conjugate complex pairs.
Final number of poles: 17
Saved figure: WMP_Lib/Pt195/1347-1542_MT2.png
Saved figure: WMP_Lib/Pt195/1347-1542_MT27.png
Saved figure: WMP_Lib/Pt195/1347-1542_MT102.png
Saved figure: WMP_Lib/Pt195/1347-1542_MT107.png
Vector fitting piece 27/51...
  energy: 1.460e+03 to 1.662e+03 eV (3878 points)
  error tolerance: rtol=0.001, atol=1e-05
Found 11 peaks
Fitting orders from 22 to 200
Order=22(0/90)
Order=24(1/90)
Order=26(2/90)
Order=28(3/90)
Order=30(4/90)
Order=32(5/90)
Order=34(6/90)
Order=36(7/90)
Order=38(8/90)
Order=40(9/90)
Order=42(10/90)
Order=44(11/90)
Order=46(12/90)
Order=48(13/90)
Order=50(14/90)
Order=52(15/90)
Order=54(16/90)
Order=56(17/90)
Order=58(18/90)
Order=60(19/90)
Found 4 real poles and 13 conjugate complex pairs.
Final number of poles: 17
Saved figure: WMP_Lib/Pt195/1460-1662_MT2.png
Saved figure: WMP_Lib/Pt195/1460-1662_MT27.png
Saved figure: WMP_Lib/Pt195/1460-1662_MT102.png
Saved figure: WMP_Lib/Pt195/1460-1662_MT107.png
Vector fitting piece 28/51...
  energy: 1.577e+03 to 1.786e+03 eV (4348 points)
  error tolerance: rtol=0.001, atol=1e-05
Found 12 peaks
Fitting orders from 24 to 200
Order=24(0/89)
Order=26(1/89)
Order=28(2/89)
Order=30(3/89)
Order=32(4/89)
Order=34(5/89)
Order=36(6/89)
Order=38(7/89)
Order=40(8/89)
Order=42(9/89)
Order=44(10/89)
Order=46(11/89)
Order=48(12/89)
Order=50(13/89)
Order=52(14/89)
Order=54(15/89)
Order=56(16/89)
Order=58(17/89)
Order=60(18/89)
Found 4 real poles and 14 conjugate complex pairs.
Final number of poles: 18
Saved figure: WMP_Lib/Pt195/1577-1786_MT2.png
Saved figure: WMP_Lib/Pt195/1577-1786_MT27.png
Saved figure: WMP_Lib/Pt195/1577-1786_MT102.png
Saved figure: WMP_Lib/Pt195/1577-1786_MT107.png
Vector fitting piece 29/51...
  energy: 1.699e+03 to 1.916e+03 eV (4154 points)
  error tolerance: rtol=0.001, atol=1e-05
Found 12 peaks
Fitting orders from 24 to 200
Order=24(0/89)
Order=26(1/89)
Order=28(2/89)
Order=30(3/89)
Order=32(4/89)
Order=34(5/89)
Order=36(6/89)
Order=38(7/89)
Order=40(8/89)
Order=42(9/89)
Order=44(10/89)
Order=46(11/89)
Order=48(12/89)
Order=50(13/89)
Order=52(14/89)
Order=54(15/89)
Order=56(16/89)
Order=58(17/89)
Order=60(18/89)
Found 4 real poles and 13 conjugate complex pairs.
Final number of poles: 17
Saved figure: WMP_Lib/Pt195/1699-1916_MT2.png
Saved figure: WMP_Lib/Pt195/1699-1916_MT27.png
Saved figure: WMP_Lib/Pt195/1699-1916_MT102.png
Saved figure: WMP_Lib/Pt195/1699-1916_MT107.png
Vector fitting piece 30/51...
  energy: 1.825e+03 to 2.050e+03 eV (3704 points)
  error tolerance: rtol=0.001, atol=1e-05
Found 14 peaks
Fitting orders from 28 to 200
Order=28(0/87)
Order=30(1/87)
Order=32(2/87)
Order=34(3/87)
Order=36(4/87)
Order=38(5/87)
Order=40(6/87)
Order=42(7/87)
Order=44(8/87)
Order=46(9/87)
Order=48(10/87)
Order=50(11/87)
Order=52(12/87)
Order=54(13/87)
Order=56(14/87)
Order=58(15/87)
Order=60(16/87)
Found 4 real poles and 15 conjugate complex pairs.
Final number of poles: 19
Saved figure: WMP_Lib/Pt195/1825-2050_MT2.png
Saved figure: WMP_Lib/Pt195/1825-2050_MT27.png
Saved figure: WMP_Lib/Pt195/1825-2050_MT102.png
Saved figure: WMP_Lib/Pt195/1825-2050_MT107.png
Vector fitting piece 31/51...
  energy: 1.956e+03 to 2.189e+03 eV (3704 points)
  error tolerance: rtol=0.001, atol=1e-05
Found 12 peaks
Fitting orders from 24 to 200
Order=24(0/89)
Order=26(1/89)
Order=28(2/89)
Order=30(3/89)
Order=32(4/89)
Order=34(5/89)
Order=36(6/89)
Order=38(7/89)
Order=40(8/89)
Order=42(9/89)
Order=44(10/89)
Order=46(11/89)
Order=48(12/89)
Order=50(13/89)
Order=52(14/89)
Order=54(15/89)
Order=56(16/89)
Order=58(17/89)
Order=60(18/89)
Found 4 real poles and 14 conjugate complex pairs.
Final number of poles: 18
Saved figure: WMP_Lib/Pt195/1956-2189_MT2.png
Saved figure: WMP_Lib/Pt195/1956-2189_MT27.png
Saved figure: WMP_Lib/Pt195/1956-2189_MT102.png
Saved figure: WMP_Lib/Pt195/1956-2189_MT107.png
Vector fitting piece 32/51...
  energy: 2.091e+03 to 2.331e+03 eV (5007 points)
  error tolerance: rtol=0.001, atol=1e-05
Found 16 peaks
Fitting orders from 32 to 200
Order=32(0/85)
Order=34(1/85)
Order=36(2/85)
Order=38(3/85)
Order=40(4/85)
Order=42(5/85)
Order=44(6/85)
Order=46(7/85)
Order=48(8/85)
Order=50(9/85)
Order=52(10/85)
Order=54(11/85)
Order=56(12/85)
Order=58(13/85)
Order=60(14/85)
Found 4 real poles and 18 conjugate complex pairs.
Final number of poles: 22
Saved figure: WMP_Lib/Pt195/2091-2331_MT2.png
Saved figure: WMP_Lib/Pt195/2091-2331_MT27.png
Saved figure: WMP_Lib/Pt195/2091-2331_MT102.png
Saved figure: WMP_Lib/Pt195/2091-2331_MT107.png
Vector fitting piece 33/51...
  energy: 2.231e+03 to 2.479e+03 eV (5560 points)
  error tolerance: rtol=0.001, atol=1e-05
Found 19 peaks
Fitting orders from 38 to 200
Order=38(0/82)
Order=40(1/82)
Order=42(2/82)
Order=44(3/82)
Order=46(4/82)
Order=48(5/82)
Order=50(6/82)
Order=52(7/82)
Order=54(8/82)
Order=56(9/82)
Order=58(10/82)
Order=60(11/82)
Found 6 real poles and 21 conjugate complex pairs.
Final number of poles: 27
Saved figure: WMP_Lib/Pt195/2231-2479_MT2.png
Saved figure: WMP_Lib/Pt195/2231-2479_MT27.png
Saved figure: WMP_Lib/Pt195/2231-2479_MT102.png
Saved figure: WMP_Lib/Pt195/2231-2479_MT107.png
Vector fitting piece 34/51...
  energy: 2.375e+03 to 2.631e+03 eV (5784 points)
  error tolerance: rtol=0.001, atol=1e-05
Found 22 peaks
Fitting orders from 44 to 200
Order=44(0/79)
Order=46(1/79)
Order=48(2/79)
Order=50(3/79)
Order=52(4/79)
Order=54(5/79)
Order=56(6/79)
Order=58(7/79)
Order=60(8/79)
Order=62(9/79)
Found 4 real poles and 24 conjugate complex pairs.
Final number of poles: 28
Saved figure: WMP_Lib/Pt195/2375-2631_MT2.png
Saved figure: WMP_Lib/Pt195/2375-2631_MT27.png
Saved figure: WMP_Lib/Pt195/2375-2631_MT102.png
Saved figure: WMP_Lib/Pt195/2375-2631_MT107.png
Vector fitting piece 35/51...
  energy: 2.524e+03 to 2.788e+03 eV (4798 points)
  error tolerance: rtol=0.001, atol=1e-05
Found 18 peaks
Fitting orders from 36 to 200
Order=36(0/83)
Order=38(1/83)
Order=40(2/83)
Order=42(3/83)
Order=44(4/83)
Order=46(5/83)
Order=48(6/83)
Order=50(7/83)
Order=52(8/83)
Order=54(9/83)
Order=56(10/83)
Order=58(11/83)
Order=60(12/83)
Found 4 real poles and 20 conjugate complex pairs.
Final number of poles: 24
Saved figure: WMP_Lib/Pt195/2524-2788_MT2.png
Saved figure: WMP_Lib/Pt195/2524-2788_MT27.png
Saved figure: WMP_Lib/Pt195/2524-2788_MT102.png
Saved figure: WMP_Lib/Pt195/2524-2788_MT107.png
Vector fitting piece 36/51...
  energy: 2.678e+03 to 2.948e+03 eV (4298 points)
  error tolerance: rtol=0.001, atol=1e-05
Found 14 peaks
Fitting orders from 28 to 200
Order=28(0/87)
Order=30(1/87)
Order=32(2/87)
Order=34(3/87)
Order=36(4/87)
Order=38(5/87)
Order=40(6/87)
Order=42(7/87)
Order=44(8/87)
Order=46(9/87)
Order=48(10/87)
Order=50(11/87)
Order=52(12/87)
Order=54(13/87)
Order=56(14/87)
Order=58(15/87)
Order=60(16/87)
Found 6 real poles and 16 conjugate complex pairs.
Final number of poles: 22
Saved figure: WMP_Lib/Pt195/2678-2948_MT2.png
Saved figure: WMP_Lib/Pt195/2678-2948_MT27.png
Saved figure: WMP_Lib/Pt195/2678-2948_MT102.png
Saved figure: WMP_Lib/Pt195/2678-2948_MT107.png
Vector fitting piece 37/51...
  energy: 2.836e+03 to 3.114e+03 eV (4178 points)
  error tolerance: rtol=0.001, atol=1e-05
Found 15 peaks
Fitting orders from 30 to 200
Order=30(0/86)
Order=32(1/86)
Order=34(2/86)
Order=36(3/86)
Order=38(4/86)
Order=40(5/86)
Order=42(6/86)
Order=44(7/86)
Order=46(8/86)
Order=48(9/86)
Order=50(10/86)
Order=52(11/86)
Order=54(12/86)
Order=56(13/86)
Order=58(14/86)
Order=60(15/86)
Found 4 real poles and 17 conjugate complex pairs.
Final number of poles: 21
Saved figure: WMP_Lib/Pt195/2836-3114_MT2.png
Saved figure: WMP_Lib/Pt195/2836-3114_MT27.png
Saved figure: WMP_Lib/Pt195/2836-3114_MT102.png
Saved figure: WMP_Lib/Pt195/2836-3114_MT107.png
Vector fitting piece 38/51...
  energy: 2.998e+03 to 3.284e+03 eV (4957 points)
  error tolerance: rtol=0.001, atol=1e-05
Found 16 peaks
Fitting orders from 32 to 200
Order=32(0/85)
Order=34(1/85)
Order=36(2/85)
Order=38(3/85)
Order=40(4/85)
Order=42(5/85)
Order=44(6/85)
Order=46(7/85)
Order=48(8/85)
Order=50(9/85)
Order=52(10/85)
Order=54(11/85)
Order=56(12/85)
Order=58(13/85)
Order=60(14/85)
Found 6 real poles and 17 conjugate complex pairs.
Final number of poles: 23
Saved figure: WMP_Lib/Pt195/2998-3284_MT2.png
Saved figure: WMP_Lib/Pt195/2998-3284_MT27.png
Saved figure: WMP_Lib/Pt195/2998-3284_MT102.png
Saved figure: WMP_Lib/Pt195/2998-3284_MT107.png
Vector fitting piece 39/51...
  energy: 3.165e+03 to 3.459e+03 eV (4965 points)
  error tolerance: rtol=0.001, atol=1e-05
Found 16 peaks
Fitting orders from 32 to 200
Order=32(0/85)
Order=34(1/85)
Order=36(2/85)
Order=38(3/85)
Order=40(4/85)
Order=42(5/85)
Order=44(6/85)
Order=46(7/85)
Order=48(8/85)
Order=50(9/85)
Order=52(10/85)
Order=54(11/85)
Order=56(12/85)
Order=58(13/85)
Order=60(14/85)
Found 6 real poles and 16 conjugate complex pairs.
Final number of poles: 22
Saved figure: WMP_Lib/Pt195/3165-3459_MT2.png
Saved figure: WMP_Lib/Pt195/3165-3459_MT27.png
Saved figure: WMP_Lib/Pt195/3165-3459_MT102.png
Saved figure: WMP_Lib/Pt195/3165-3459_MT107.png
Vector fitting piece 40/51...
  energy: 3.336e+03 to 3.637e+03 eV (4149 points)
  error tolerance: rtol=0.001, atol=1e-05
Found 15 peaks
Fitting orders from 30 to 200
Order=30(0/86)
Order=32(1/86)
Order=34(2/86)
Order=36(3/86)
Order=38(4/86)
Order=40(5/86)
Order=42(6/86)
Order=44(7/86)
Order=46(8/86)
Order=48(9/86)
Order=50(10/86)
Order=52(11/86)
Order=54(12/86)
Order=56(13/86)
Order=58(14/86)
Order=60(15/86)
Found 4 real poles and 16 conjugate complex pairs.
Final number of poles: 20
Saved figure: WMP_Lib/Pt195/3336-3637_MT2.png
Saved figure: WMP_Lib/Pt195/3336-3637_MT27.png
Saved figure: WMP_Lib/Pt195/3336-3637_MT102.png
Saved figure: WMP_Lib/Pt195/3336-3637_MT107.png
Vector fitting piece 41/51...
  energy: 3.512e+03 to 3.822e+03 eV (4558 points)
  error tolerance: rtol=0.001, atol=1e-05
Found 20 peaks
Fitting orders from 40 to 200
Order=40(0/81)
Order=42(1/81)
Order=44(2/81)
Order=46(3/81)
Order=48(4/81)
Order=50(5/81)
Order=52(6/81)
Order=54(7/81)
Order=56(8/81)
Order=58(9/81)
Order=60(10/81)
Found 4 real poles and 21 conjugate complex pairs.
Final number of poles: 25
Saved figure: WMP_Lib/Pt195/3512-3822_MT2.png
Saved figure: WMP_Lib/Pt195/3512-3822_MT27.png
Saved figure: WMP_Lib/Pt195/3512-3822_MT102.png
Saved figure: WMP_Lib/Pt195/3512-3822_MT107.png
Vector fitting piece 42/51...
  energy: 3.693e+03 to 4.009e+03 eV (4764 points)
  error tolerance: rtol=0.001, atol=1e-05
Found 22 peaks
Fitting orders from 44 to 200
Order=44(0/79)
Order=46(1/79)
Order=48(2/79)
Order=50(3/79)
Order=52(4/79)
Order=54(5/79)
Order=56(6/79)
Order=58(7/79)
Order=60(8/79)
Order=62(9/79)
Found 4 real poles and 24 conjugate complex pairs.
Final number of poles: 28
Saved figure: WMP_Lib/Pt195/3693-4009_MT2.png
Saved figure: WMP_Lib/Pt195/3693-4009_MT27.png
Saved figure: WMP_Lib/Pt195/3693-4009_MT102.png
Saved figure: WMP_Lib/Pt195/3693-4009_MT107.png
Vector fitting piece 43/51...
  energy: 3.878e+03 to 4.202e+03 eV (5113 points)
  error tolerance: rtol=0.001, atol=1e-05
Found 25 peaks
Fitting orders from 50 to 200
Order=50(0/76)
Order=52(1/76)
Order=54(2/76)
Order=56(3/76)
Order=58(4/76)
Order=60(5/76)
Order=62(6/76)
Order=64(7/76)
Order=66(8/76)
Found 4 real poles and 26 conjugate complex pairs.
Final number of poles: 30
Saved figure: WMP_Lib/Pt195/3878-4202_MT2.png
Saved figure: WMP_Lib/Pt195/3878-4202_MT27.png
Saved figure: WMP_Lib/Pt195/3878-4202_MT102.png
Saved figure: WMP_Lib/Pt195/3878-4202_MT107.png
Vector fitting piece 44/51...
  energy: 4.067e+03 to 4.399e+03 eV (6138 points)
  error tolerance: rtol=0.001, atol=1e-05
Found 29 peaks
Fitting orders from 58 to 200
Order=58(0/72)
Order=60(1/72)
Order=62(2/72)
Order=64(3/72)
Order=66(4/72)
Order=68(5/72)
Order=70(6/72)
Order=72(7/72)
Order=74(8/72)
Found 4 real poles and 30 conjugate complex pairs.
Final number of poles: 34
Saved figure: WMP_Lib/Pt195/4067-4399_MT2.png
Saved figure: WMP_Lib/Pt195/4067-4399_MT27.png
Saved figure: WMP_Lib/Pt195/4067-4399_MT102.png
Saved figure: WMP_Lib/Pt195/4067-4399_MT107.png
Vector fitting piece 45/51...
  energy: 4.262e+03 to 4.602e+03 eV (5515 points)
  error tolerance: rtol=0.001, atol=1e-05
Found 29 peaks
Fitting orders from 58 to 200
Order=58(0/72)
Order=60(1/72)
Order=62(2/72)
Order=64(3/72)
Order=66(4/72)
Order=68(5/72)
Order=70(6/72)
Order=72(7/72)
Order=74(8/72)
Found 4 real poles and 30 conjugate complex pairs.
Final number of poles: 34
Saved figure: WMP_Lib/Pt195/4262-4602_MT2.png
Saved figure: WMP_Lib/Pt195/4262-4602_MT27.png
Saved figure: WMP_Lib/Pt195/4262-4602_MT102.png
Saved figure: WMP_Lib/Pt195/4262-4602_MT107.png
Vector fitting piece 46/51...
  energy: 4.460e+03 to 4.807e+03 eV (5216 points)
  error tolerance: rtol=0.001, atol=1e-05
Found 23 peaks
Fitting orders from 46 to 200
Order=46(0/78)
Order=48(1/78)
Order=50(2/78)
Order=52(3/78)
Order=54(4/78)
Order=56(5/78)
Order=58(6/78)
Order=60(7/78)
Order=62(8/78)
Order=64(9/78)
Found 6 real poles and 24 conjugate complex pairs.
Final number of poles: 30
Saved figure: WMP_Lib/Pt195/4460-4807_MT2.png
Saved figure: WMP_Lib/Pt195/4460-4807_MT27.png
Saved figure: WMP_Lib/Pt195/4460-4807_MT102.png
Saved figure: WMP_Lib/Pt195/4460-4807_MT107.png
Vector fitting piece 47/51...
  energy: 4.664e+03 to 5.019e+03 eV (5377 points)
  error tolerance: rtol=0.001, atol=1e-05
Found 23 peaks
Fitting orders from 46 to 200
Order=46(0/78)
Order=48(1/78)
Order=50(2/78)
Order=52(3/78)
Order=54(4/78)
Order=56(5/78)
Order=58(6/78)
Order=60(7/78)
Order=62(8/78)
Found 4 real poles and 24 conjugate complex pairs.
Final number of poles: 28
Saved figure: WMP_Lib/Pt195/4664-5019_MT2.png
Saved figure: WMP_Lib/Pt195/4664-5019_MT27.png
Saved figure: WMP_Lib/Pt195/4664-5019_MT102.png
Saved figure: WMP_Lib/Pt195/4664-5019_MT107.png
Vector fitting piece 48/51...
  energy: 4.871e+03 to 5.234e+03 eV (4448 points)
  error tolerance: rtol=0.001, atol=1e-05
Found 22 peaks
Fitting orders from 44 to 200
Order=44(0/79)
Order=46(1/79)
Order=48(2/79)
Order=50(3/79)
Order=52(4/79)
Order=54(5/79)
Order=56(6/79)
Order=58(7/79)
Order=60(8/79)
Found 4 real poles and 23 conjugate complex pairs.
Final number of poles: 27
Saved figure: WMP_Lib/Pt195/4871-5234_MT2.png
Saved figure: WMP_Lib/Pt195/4871-5234_MT27.png
Saved figure: WMP_Lib/Pt195/4871-5234_MT102.png
Saved figure: WMP_Lib/Pt195/4871-5234_MT107.png
Vector fitting piece 49/51...
  energy: 5.083e+03 to 5.454e+03 eV (4297 points)
  error tolerance: rtol=0.001, atol=1e-05
Found 20 peaks
Fitting orders from 40 to 200
Order=40(0/81)
Order=42(1/81)
Order=44(2/81)
Order=46(3/81)
Order=48(4/81)
Order=50(5/81)
Order=52(6/81)
Order=54(7/81)
Order=56(8/81)
Order=58(9/81)
Order=60(10/81)
Found 6 real poles and 20 conjugate complex pairs.
Final number of poles: 26
Saved figure: WMP_Lib/Pt195/5083-5454_MT2.png
Saved figure: WMP_Lib/Pt195/5083-5454_MT27.png
Saved figure: WMP_Lib/Pt195/5083-5454_MT102.png
Saved figure: WMP_Lib/Pt195/5083-5454_MT107.png
Vector fitting piece 50/51...
  energy: 5.300e+03 to 5.678e+03 eV (4724 points)
  error tolerance: rtol=0.001, atol=1e-05
Found 23 peaks
Fitting orders from 46 to 200
Order=46(0/78)
Order=48(1/78)
Order=50(2/78)
Order=52(3/78)
Order=54(4/78)
Order=56(5/78)
Order=58(6/78)
Order=60(7/78)
Order=62(8/78)
Found 6 real poles and 23 conjugate complex pairs.
Final number of poles: 29
Saved figure: WMP_Lib/Pt195/5300-5678_MT2.png
Saved figure: WMP_Lib/Pt195/5300-5678_MT27.png
Saved figure: WMP_Lib/Pt195/5300-5678_MT102.png
Saved figure: WMP_Lib/Pt195/5300-5678_MT107.png
Vector fitting piece 51/51...
  energy: 5.521e+03 to 5.884e+03 eV (4380 points)
  error tolerance: rtol=0.001, atol=1e-05
Found 23 peaks
Fitting orders from 46 to 200
Order=46(0/78)
Order=48(1/78)
Order=50(2/78)
Order=52(3/78)
Order=54(4/78)
Order=56(5/78)
Order=58(6/78)
Order=60(7/78)
Order=62(8/78)
Found 4 real poles and 24 conjugate complex pairs.
Final number of poles: 28
Saved figure: WMP_Lib/Pt195/5521-5884_MT2.png
Saved figure: WMP_Lib/Pt195/5521-5884_MT27.png
Saved figure: WMP_Lib/Pt195/5521-5884_MT102.png
Saved figure: WMP_Lib/Pt195/5521-5884_MT107.png
Dumped multipole data to file: WMP_Lib/Pt195/Pt195_mp.pickle
Start searching ...
Testing N_win=44 N_cf=10
Failed: Window spacing cannot be larger than piece spacing.
Testing N_win=146 N_cf=10
Windowing:
  config: # windows=146, spacing=0.525380723244882, CF order=10
  error tolerance: rtol=0.001, atol=1e-05
Best library so far.
Testing N_win=146 N_cf=9
Windowing:
  config: # windows=146, spacing=0.525380723244882, CF order=9
  error tolerance: rtol=0.001, atol=1e-05
Best library so far.
Testing N_win=146 N_cf=8
Windowing:
  config: # windows=146, spacing=0.525380723244882, CF order=8
  error tolerance: rtol=0.001, atol=1e-05
Best library so far.
Testing N_win=146 N_cf=7
Windowing:
  config: # windows=146, spacing=0.525380723244882, CF order=7
  error tolerance: rtol=0.001, atol=1e-05
Best library so far.
Testing N_win=146 N_cf=6
Windowing:
  config: # windows=146, spacing=0.525380723244882, CF order=6
  error tolerance: rtol=0.001, atol=1e-05
Best library so far.
Testing N_win=146 N_cf=5
Windowing:
  config: # windows=146, spacing=0.525380723244882, CF order=5
  error tolerance: rtol=0.001, atol=1e-05
Best library so far.
Testing N_win=146 N_cf=4
Windowing:
  config: # windows=146, spacing=0.525380723244882, CF order=4
  error tolerance: rtol=0.001, atol=1e-05
Best library so far.
Testing N_win=146 N_cf=3
Windowing:
  config: # windows=146, spacing=0.525380723244882, CF order=3
  error tolerance: rtol=0.001, atol=1e-05
Failed: Pure curvefit failed for the first window!
Testing N_win=249 N_cf=10
Windowing:
  config: # windows=249, spacing=0.308054560617481, CF order=10
  error tolerance: rtol=0.001, atol=1e-05
Best library so far.
Testing N_win=249 N_cf=9
Windowing:
  config: # windows=249, spacing=0.308054560617481, CF order=9
  error tolerance: rtol=0.001, atol=1e-05
Best library so far.
Testing N_win=249 N_cf=8
Windowing:
  config: # windows=249, spacing=0.308054560617481, CF order=8
  error tolerance: rtol=0.001, atol=1e-05
Best library so far.
Testing N_win=249 N_cf=7
Windowing:
  config: # windows=249, spacing=0.308054560617481, CF order=7
  error tolerance: rtol=0.001, atol=1e-05
Best library so far.
Testing N_win=249 N_cf=6
Windowing:
  config: # windows=249, spacing=0.308054560617481, CF order=6
  error tolerance: rtol=0.001, atol=1e-05
Best library so far.
Testing N_win=249 N_cf=5
Windowing:
  config: # windows=249, spacing=0.308054560617481, CF order=5
  error tolerance: rtol=0.001, atol=1e-05
Best library so far.
Testing N_win=249 N_cf=4
Windowing:
  config: # windows=249, spacing=0.308054560617481, CF order=4
  error tolerance: rtol=0.001, atol=1e-05
Best library so far.
Testing N_win=249 N_cf=3
Windowing:
  config: # windows=249, spacing=0.308054560617481, CF order=3
  error tolerance: rtol=0.001, atol=1e-05
Testing N_win=249 N_cf=2
Windowing:
  config: # windows=249, spacing=0.308054560617481, CF order=2
  error tolerance: rtol=0.001, atol=1e-05
Failed: Pure curvefit failed for the first window!
Testing N_win=352 N_cf=10
Windowing:
  config: # windows=352, spacing=0.21791359543679764, CF order=10
  error tolerance: rtol=0.001, atol=1e-05
Best library so far.
Testing N_win=352 N_cf=9
Windowing:
  config: # windows=352, spacing=0.21791359543679764, CF order=9
  error tolerance: rtol=0.001, atol=1e-05
Best library so far.
Testing N_win=352 N_cf=8
Windowing:
  config: # windows=352, spacing=0.21791359543679764, CF order=8
  error tolerance: rtol=0.001, atol=1e-05
Best library so far.
Testing N_win=352 N_cf=7
Windowing:
  config: # windows=352, spacing=0.21791359543679764, CF order=7
  error tolerance: rtol=0.001, atol=1e-05
Best library so far.
Testing N_win=352 N_cf=6
Windowing:
  config: # windows=352, spacing=0.21791359543679764, CF order=6
  error tolerance: rtol=0.001, atol=1e-05
Best library so far.
Testing N_win=352 N_cf=5
Windowing:
  config: # windows=352, spacing=0.21791359543679764, CF order=5
  error tolerance: rtol=0.001, atol=1e-05
Best library so far.
Testing N_win=352 N_cf=4
Windowing:
  config: # windows=352, spacing=0.21791359543679764, CF order=4
  error tolerance: rtol=0.001, atol=1e-05
Best library so far.
Testing N_win=352 N_cf=3
Windowing:
  config: # windows=352, spacing=0.21791359543679764, CF order=3
  error tolerance: rtol=0.001, atol=1e-05
Testing N_win=352 N_cf=2
Windowing:
  config: # windows=352, spacing=0.21791359543679764, CF order=2
  error tolerance: rtol=0.001, atol=1e-05
Failed: Pure curvefit failed for the first window!
Testing N_win=455 N_cf=10
Windowing:
  config: # windows=455, spacing=0.16858370460165445, CF order=10
  error tolerance: rtol=0.001, atol=1e-05
Best library so far.
Testing N_win=455 N_cf=9
Windowing:
  config: # windows=455, spacing=0.16858370460165445, CF order=9
  error tolerance: rtol=0.001, atol=1e-05
Best library so far.
Testing N_win=455 N_cf=8
Windowing:
  config: # windows=455, spacing=0.16858370460165445, CF order=8
  error tolerance: rtol=0.001, atol=1e-05
Best library so far.
Testing N_win=455 N_cf=7
Windowing:
  config: # windows=455, spacing=0.16858370460165445, CF order=7
  error tolerance: rtol=0.001, atol=1e-05
Best library so far.
Testing N_win=455 N_cf=6
Windowing:
  config: # windows=455, spacing=0.16858370460165445, CF order=6
  error tolerance: rtol=0.001, atol=1e-05
Best library so far.
Testing N_win=455 N_cf=5
Windowing:
  config: # windows=455, spacing=0.16858370460165445, CF order=5
  error tolerance: rtol=0.001, atol=1e-05
Best library so far.
Testing N_win=455 N_cf=4
Windowing:
  config: # windows=455, spacing=0.16858370460165445, CF order=4
  error tolerance: rtol=0.001, atol=1e-05
Best library so far.
Testing N_win=455 N_cf=3
Windowing:
  config: # windows=455, spacing=0.16858370460165445, CF order=3
  error tolerance: rtol=0.001, atol=1e-05
Testing N_win=455 N_cf=2
Windowing:
  config: # windows=455, spacing=0.16858370460165445, CF order=2
  error tolerance: rtol=0.001, atol=1e-05
Failed: Pure curvefit failed for the first window!
Testing N_win=558 N_cf=10
Windowing:
  config: # windows=558, spacing=0.13746520715726304, CF order=10
  error tolerance: rtol=0.001, atol=1e-05
Testing N_win=558 N_cf=9
Windowing:
  config: # windows=558, spacing=0.13746520715726304, CF order=9
  error tolerance: rtol=0.001, atol=1e-05
Testing N_win=558 N_cf=8
Windowing:
  config: # windows=558, spacing=0.13746520715726304, CF order=8
  error tolerance: rtol=0.001, atol=1e-05
Testing N_win=558 N_cf=7
Windowing:
  config: # windows=558, spacing=0.13746520715726304, CF order=7
  error tolerance: rtol=0.001, atol=1e-05
Testing N_win=558 N_cf=6
Windowing:
  config: # windows=558, spacing=0.13746520715726304, CF order=6
  error tolerance: rtol=0.001, atol=1e-05
Testing N_win=558 N_cf=5
Windowing:
  config: # windows=558, spacing=0.13746520715726304, CF order=5
  error tolerance: rtol=0.001, atol=1e-05
Testing N_win=558 N_cf=4
Windowing:
  config: # windows=558, spacing=0.13746520715726304, CF order=4
  error tolerance: rtol=0.001, atol=1e-05
Best library so far.
Testing N_win=558 N_cf=3
Windowing:
  config: # windows=558, spacing=0.13746520715726304, CF order=3
  error tolerance: rtol=0.001, atol=1e-05
Best library so far.
Testing N_win=558 N_cf=2
Windowing:
  config: # windows=558, spacing=0.13746520715726304, CF order=2
  error tolerance: rtol=0.001, atol=1e-05
Failed: Pure curvefit failed for the first window!
Testing N_win=661 N_cf=10
Windowing:
  config: # windows=661, spacing=0.11604475884077575, CF order=10
  error tolerance: rtol=0.001, atol=1e-05
Testing N_win=661 N_cf=9
Windowing:
  config: # windows=661, spacing=0.11604475884077575, CF order=9
  error tolerance: rtol=0.001, atol=1e-05
Testing N_win=661 N_cf=8
Windowing:
  config: # windows=661, spacing=0.11604475884077575, CF order=8
  error tolerance: rtol=0.001, atol=1e-05
Testing N_win=661 N_cf=7
Windowing:
  config: # windows=661, spacing=0.11604475884077575, CF order=7
  error tolerance: rtol=0.001, atol=1e-05
Testing N_win=661 N_cf=6
Windowing:
  config: # windows=661, spacing=0.11604475884077575, CF order=6
  error tolerance: rtol=0.001, atol=1e-05
Testing N_win=661 N_cf=5
Windowing:
  config: # windows=661, spacing=0.11604475884077575, CF order=5
  error tolerance: rtol=0.001, atol=1e-05
Best library so far.
Testing N_win=661 N_cf=4
Windowing:
  config: # windows=661, spacing=0.11604475884077575, CF order=4
  error tolerance: rtol=0.001, atol=1e-05
Best library so far.
Testing N_win=661 N_cf=3
Windowing:
  config: # windows=661, spacing=0.11604475884077575, CF order=3
  error tolerance: rtol=0.001, atol=1e-05
Best library so far.
Testing N_win=661 N_cf=2
Windowing:
  config: # windows=661, spacing=0.11604475884077575, CF order=2
  error tolerance: rtol=0.001, atol=1e-05
Failed: Pure curvefit failed for the first window!
Testing N_win=764 N_cf=10
Windowing:
  config: # windows=764, spacing=0.10039998114365546, CF order=10
  error tolerance: rtol=0.001, atol=1e-05
Testing N_win=764 N_cf=9
Windowing:
  config: # windows=764, spacing=0.10039998114365546, CF order=9
  error tolerance: rtol=0.001, atol=1e-05
Testing N_win=764 N_cf=8
Windowing:
  config: # windows=764, spacing=0.10039998114365546, CF order=8
  error tolerance: rtol=0.001, atol=1e-05
Testing N_win=764 N_cf=7
Windowing:
  config: # windows=764, spacing=0.10039998114365546, CF order=7
  error tolerance: rtol=0.001, atol=1e-05
Testing N_win=764 N_cf=6
Windowing:
  config: # windows=764, spacing=0.10039998114365546, CF order=6
  error tolerance: rtol=0.001, atol=1e-05
Testing N_win=764 N_cf=5
Windowing:
  config: # windows=764, spacing=0.10039998114365546, CF order=5
  error tolerance: rtol=0.001, atol=1e-05
Best library so far.
Testing N_win=764 N_cf=4
Windowing:
  config: # windows=764, spacing=0.10039998114365546, CF order=4
  error tolerance: rtol=0.001, atol=1e-05
Best library so far.
Testing N_win=764 N_cf=3
Windowing:
  config: # windows=764, spacing=0.10039998114365546, CF order=3
  error tolerance: rtol=0.001, atol=1e-05
Best library so far.
Testing N_win=764 N_cf=2
Windowing:
  config: # windows=764, spacing=0.10039998114365546, CF order=2
  error tolerance: rtol=0.001, atol=1e-05
Testing N_win=867 N_cf=10
Windowing:
  config: # windows=867, spacing=0.08847241706315198, CF order=10
  error tolerance: rtol=0.001, atol=1e-05
Testing N_win=867 N_cf=9
Windowing:
  config: # windows=867, spacing=0.08847241706315198, CF order=9
  error tolerance: rtol=0.001, atol=1e-05
Testing N_win=867 N_cf=8
Windowing:
  config: # windows=867, spacing=0.08847241706315198, CF order=8
  error tolerance: rtol=0.001, atol=1e-05
Testing N_win=867 N_cf=7
Windowing:
  config: # windows=867, spacing=0.08847241706315198, CF order=7
  error tolerance: rtol=0.001, atol=1e-05
Testing N_win=867 N_cf=6
Windowing:
  config: # windows=867, spacing=0.08847241706315198, CF order=6
  error tolerance: rtol=0.001, atol=1e-05
Testing N_win=867 N_cf=5
Windowing:
  config: # windows=867, spacing=0.08847241706315198, CF order=5
  error tolerance: rtol=0.001, atol=1e-05
Testing N_win=867 N_cf=4
Windowing:
  config: # windows=867, spacing=0.08847241706315198, CF order=4
  error tolerance: rtol=0.001, atol=1e-05
Testing N_win=867 N_cf=3
Windowing:
  config: # windows=867, spacing=0.08847241706315198, CF order=3
  error tolerance: rtol=0.001, atol=1e-05
Testing N_win=867 N_cf=2
Windowing:
  config: # windows=867, spacing=0.08847241706315198, CF order=2
  error tolerance: rtol=0.001, atol=1e-05
Testing N_win=970 N_cf=10
Windowing:
  config: # windows=970, spacing=0.07907792329252863, CF order=10
  error tolerance: rtol=0.001, atol=1e-05
Testing N_win=970 N_cf=9
Windowing:
  config: # windows=970, spacing=0.07907792329252863, CF order=9
  error tolerance: rtol=0.001, atol=1e-05
Testing N_win=970 N_cf=8
Windowing:
  config: # windows=970, spacing=0.07907792329252863, CF order=8
  error tolerance: rtol=0.001, atol=1e-05
Testing N_win=970 N_cf=7
Windowing:
  config: # windows=970, spacing=0.07907792329252863, CF order=7
  error tolerance: rtol=0.001, atol=1e-05
Testing N_win=970 N_cf=6
Windowing:
  config: # windows=970, spacing=0.07907792329252863, CF order=6
  error tolerance: rtol=0.001, atol=1e-05
Testing N_win=970 N_cf=5
Windowing:
  config: # windows=970, spacing=0.07907792329252863, CF order=5
  error tolerance: rtol=0.001, atol=1e-05
Testing N_win=970 N_cf=4
Windowing:
  config: # windows=970, spacing=0.07907792329252863, CF order=4
  error tolerance: rtol=0.001, atol=1e-05
Testing N_win=970 N_cf=3
Windowing:
  config: # windows=970, spacing=0.07907792329252863, CF order=3
  error tolerance: rtol=0.001, atol=1e-05
Best library so far.
Testing N_win=970 N_cf=2
Windowing:
  config: # windows=970, spacing=0.07907792329252863, CF order=2
  error tolerance: rtol=0.001, atol=1e-05
Testing N_win=1073 N_cf=10
Windowing:
  config: # windows=1073, spacing=0.07148703224021694, CF order=10
  error tolerance: rtol=0.001, atol=1e-05
Testing N_win=1073 N_cf=9
Windowing:
  config: # windows=1073, spacing=0.07148703224021694, CF order=9
  error tolerance: rtol=0.001, atol=1e-05
Testing N_win=1073 N_cf=8
Windowing:
  config: # windows=1073, spacing=0.07148703224021694, CF order=8
  error tolerance: rtol=0.001, atol=1e-05
Testing N_win=1073 N_cf=7
Windowing:
  config: # windows=1073, spacing=0.07148703224021694, CF order=7
  error tolerance: rtol=0.001, atol=1e-05
Testing N_win=1073 N_cf=6
Windowing:
  config: # windows=1073, spacing=0.07148703224021694, CF order=6
  error tolerance: rtol=0.001, atol=1e-05
Testing N_win=1073 N_cf=5
Windowing:
  config: # windows=1073, spacing=0.07148703224021694, CF order=5
  error tolerance: rtol=0.001, atol=1e-05
Testing N_win=1073 N_cf=4
Windowing:
  config: # windows=1073, spacing=0.07148703224021694, CF order=4
  error tolerance: rtol=0.001, atol=1e-05
Testing N_win=1073 N_cf=3
Windowing:
  config: # windows=1073, spacing=0.07148703224021694, CF order=3
  error tolerance: rtol=0.001, atol=1e-05
Testing N_win=1073 N_cf=2
Windowing:
  config: # windows=1073, spacing=0.07148703224021694, CF order=2
  error tolerance: rtol=0.001, atol=1e-05
Testing N_win=1176 N_cf=10
Windowing:
  config: # windows=1176, spacing=0.06522583808992582, CF order=10
  error tolerance: rtol=0.001, atol=1e-05
Testing N_win=1176 N_cf=9
Windowing:
  config: # windows=1176, spacing=0.06522583808992582, CF order=9
  error tolerance: rtol=0.001, atol=1e-05
Testing N_win=1176 N_cf=8
Windowing:
  config: # windows=1176, spacing=0.06522583808992582, CF order=8
  error tolerance: rtol=0.001, atol=1e-05
Testing N_win=1176 N_cf=7
Windowing:
  config: # windows=1176, spacing=0.06522583808992582, CF order=7
  error tolerance: rtol=0.001, atol=1e-05
Testing N_win=1176 N_cf=6
Windowing:
  config: # windows=1176, spacing=0.06522583808992582, CF order=6
  error tolerance: rtol=0.001, atol=1e-05
Testing N_win=1176 N_cf=5
Windowing:
  config: # windows=1176, spacing=0.06522583808992582, CF order=5
  error tolerance: rtol=0.001, atol=1e-05
Testing N_win=1176 N_cf=4
Windowing:
  config: # windows=1176, spacing=0.06522583808992582, CF order=4
  error tolerance: rtol=0.001, atol=1e-05
Testing N_win=1176 N_cf=3
Windowing:
  config: # windows=1176, spacing=0.06522583808992582, CF order=3
  error tolerance: rtol=0.001, atol=1e-05
Testing N_win=1176 N_cf=2
Windowing:
  config: # windows=1176, spacing=0.06522583808992582, CF order=2
  error tolerance: rtol=0.001, atol=1e-05
Testing N_win=1279 N_cf=10
Windowing:
  config: # windows=1279, spacing=0.05997309272380983, CF order=10
  error tolerance: rtol=0.001, atol=1e-05
Testing N_win=1279 N_cf=9
Windowing:
  config: # windows=1279, spacing=0.05997309272380983, CF order=9
  error tolerance: rtol=0.001, atol=1e-05
Testing N_win=1279 N_cf=8
Windowing:
  config: # windows=1279, spacing=0.05997309272380983, CF order=8
  error tolerance: rtol=0.001, atol=1e-05
Testing N_win=1279 N_cf=7
Windowing:
  config: # windows=1279, spacing=0.05997309272380983, CF order=7
  error tolerance: rtol=0.001, atol=1e-05
Testing N_win=1279 N_cf=6
Windowing:
  config: # windows=1279, spacing=0.05997309272380983, CF order=6
  error tolerance: rtol=0.001, atol=1e-05
Testing N_win=1279 N_cf=5
Windowing:
  config: # windows=1279, spacing=0.05997309272380983, CF order=5
  error tolerance: rtol=0.001, atol=1e-05
Testing N_win=1279 N_cf=4
Windowing:
  config: # windows=1279, spacing=0.05997309272380983, CF order=4
  error tolerance: rtol=0.001, atol=1e-05
Testing N_win=1279 N_cf=3
Windowing:
  config: # windows=1279, spacing=0.05997309272380983, CF order=3
  error tolerance: rtol=0.001, atol=1e-05
Testing N_win=1279 N_cf=2
Windowing:
  config: # windows=1279, spacing=0.05997309272380983, CF order=2
  error tolerance: rtol=0.001, atol=1e-05
Testing N_win=1382 N_cf=10
Windowing:
  config: # windows=1382, spacing=0.05550331808520461, CF order=10
  error tolerance: rtol=0.001, atol=1e-05
Testing N_win=1382 N_cf=9
Windowing:
  config: # windows=1382, spacing=0.05550331808520461, CF order=9
  error tolerance: rtol=0.001, atol=1e-05
Testing N_win=1382 N_cf=8
Windowing:
  config: # windows=1382, spacing=0.05550331808520461, CF order=8
  error tolerance: rtol=0.001, atol=1e-05
Testing N_win=1382 N_cf=7
Windowing:
  config: # windows=1382, spacing=0.05550331808520461, CF order=7
  error tolerance: rtol=0.001, atol=1e-05
Testing N_win=1382 N_cf=6
Windowing:
  config: # windows=1382, spacing=0.05550331808520461, CF order=6
  error tolerance: rtol=0.001, atol=1e-05
Testing N_win=1382 N_cf=5
Windowing:
  config: # windows=1382, spacing=0.05550331808520461, CF order=5
  error tolerance: rtol=0.001, atol=1e-05
Testing N_win=1382 N_cf=4
Windowing:
  config: # windows=1382, spacing=0.05550331808520461, CF order=4
  error tolerance: rtol=0.001, atol=1e-05
Testing N_win=1382 N_cf=3
Windowing:
  config: # windows=1382, spacing=0.05550331808520461, CF order=3
  error tolerance: rtol=0.001, atol=1e-05
Testing N_win=1382 N_cf=2
Windowing:
  config: # windows=1382, spacing=0.05550331808520461, CF order=2
  error tolerance: rtol=0.001, atol=1e-05
Testing N_win=1485 N_cf=10
Windowing:
  config: # windows=1485, spacing=0.05165359299242611, CF order=10
  error tolerance: rtol=0.001, atol=1e-05
Testing N_win=1485 N_cf=9
Windowing:
  config: # windows=1485, spacing=0.05165359299242611, CF order=9
  error tolerance: rtol=0.001, atol=1e-05
Testing N_win=1485 N_cf=8
Windowing:
  config: # windows=1485, spacing=0.05165359299242611, CF order=8
  error tolerance: rtol=0.001, atol=1e-05
Testing N_win=1485 N_cf=7
Windowing:
  config: # windows=1485, spacing=0.05165359299242611, CF order=7
  error tolerance: rtol=0.001, atol=1e-05
Testing N_win=1485 N_cf=6
Windowing:
  config: # windows=1485, spacing=0.05165359299242611, CF order=6
  error tolerance: rtol=0.001, atol=1e-05
Testing N_win=1485 N_cf=5
Windowing:
  config: # windows=1485, spacing=0.05165359299242611, CF order=5
  error tolerance: rtol=0.001, atol=1e-05
Testing N_win=1485 N_cf=4
Windowing:
  config: # windows=1485, spacing=0.05165359299242611, CF order=4
  error tolerance: rtol=0.001, atol=1e-05
Testing N_win=1485 N_cf=3
Windowing:
  config: # windows=1485, spacing=0.05165359299242611, CF order=3
  error tolerance: rtol=0.001, atol=1e-05
Testing N_win=1485 N_cf=2
Windowing:
  config: # windows=1485, spacing=0.05165359299242611, CF order=2
  error tolerance: rtol=0.001, atol=1e-05
Testing N_win=1588 N_cf=10
Windowing:
  config: # windows=1588, spacing=0.048303265487249857, CF order=10
  error tolerance: rtol=0.001, atol=1e-05
Testing N_win=1588 N_cf=9
Windowing:
  config: # windows=1588, spacing=0.048303265487249857, CF order=9
  error tolerance: rtol=0.001, atol=1e-05
Testing N_win=1588 N_cf=8
Windowing:
  config: # windows=1588, spacing=0.048303265487249857, CF order=8
  error tolerance: rtol=0.001, atol=1e-05
Testing N_win=1588 N_cf=7
Windowing:
  config: # windows=1588, spacing=0.048303265487249857, CF order=7
  error tolerance: rtol=0.001, atol=1e-05
Testing N_win=1588 N_cf=6
Windowing:
  config: # windows=1588, spacing=0.048303265487249857, CF order=6
  error tolerance: rtol=0.001, atol=1e-05
Testing N_win=1588 N_cf=5
Windowing:
  config: # windows=1588, spacing=0.048303265487249857, CF order=5
  error tolerance: rtol=0.001, atol=1e-05
Testing N_win=1588 N_cf=4
Windowing:
  config: # windows=1588, spacing=0.048303265487249857, CF order=4
  error tolerance: rtol=0.001, atol=1e-05
Testing N_win=1588 N_cf=3
Windowing:
  config: # windows=1588, spacing=0.048303265487249857, CF order=3
  error tolerance: rtol=0.001, atol=1e-05
Testing N_win=1588 N_cf=2
Windowing:
  config: # windows=1588, spacing=0.048303265487249857, CF order=2
  error tolerance: rtol=0.001, atol=1e-05
Testing N_win=1691 N_cf=10
Windowing:
  config: # windows=1691, spacing=0.045361079594176686, CF order=10
  error tolerance: rtol=0.001, atol=1e-05
Testing N_win=1691 N_cf=9
Windowing:
  config: # windows=1691, spacing=0.045361079594176686, CF order=9
  error tolerance: rtol=0.001, atol=1e-05
Testing N_win=1691 N_cf=8
Windowing:
  config: # windows=1691, spacing=0.045361079594176686, CF order=8
  error tolerance: rtol=0.001, atol=1e-05
Testing N_win=1691 N_cf=7
Windowing:
  config: # windows=1691, spacing=0.045361079594176686, CF order=7
  error tolerance: rtol=0.001, atol=1e-05
Testing N_win=1691 N_cf=6
Windowing:
  config: # windows=1691, spacing=0.045361079594176686, CF order=6
  error tolerance: rtol=0.001, atol=1e-05
Testing N_win=1691 N_cf=5
Windowing:
  config: # windows=1691, spacing=0.045361079594176686, CF order=5
  error tolerance: rtol=0.001, atol=1e-05
Testing N_win=1691 N_cf=4
Windowing:
  config: # windows=1691, spacing=0.045361079594176686, CF order=4
  error tolerance: rtol=0.001, atol=1e-05
Testing N_win=1691 N_cf=3
Windowing:
  config: # windows=1691, spacing=0.045361079594176686, CF order=3
  error tolerance: rtol=0.001, atol=1e-05
Testing N_win=1691 N_cf=2
Windowing:
  config: # windows=1691, spacing=0.045361079594176686, CF order=2
  error tolerance: rtol=0.001, atol=1e-05
Testing N_win=1794 N_cf=10
Windowing:
  config: # windows=1794, spacing=0.04275673667433265, CF order=10
  error tolerance: rtol=0.001, atol=1e-05
Testing N_win=1794 N_cf=9
Windowing:
  config: # windows=1794, spacing=0.04275673667433265, CF order=9
  error tolerance: rtol=0.001, atol=1e-05
Testing N_win=1794 N_cf=8
Windowing:
  config: # windows=1794, spacing=0.04275673667433265, CF order=8
  error tolerance: rtol=0.001, atol=1e-05
Testing N_win=1794 N_cf=7
Windowing:
  config: # windows=1794, spacing=0.04275673667433265, CF order=7
  error tolerance: rtol=0.001, atol=1e-05
Testing N_win=1794 N_cf=6
Windowing:
  config: # windows=1794, spacing=0.04275673667433265, CF order=6
  error tolerance: rtol=0.001, atol=1e-05
Testing N_win=1794 N_cf=5
Windowing:
  config: # windows=1794, spacing=0.04275673667433265, CF order=5
  error tolerance: rtol=0.001, atol=1e-05
Testing N_win=1794 N_cf=4
Windowing:
  config: # windows=1794, spacing=0.04275673667433265, CF order=4
  error tolerance: rtol=0.001, atol=1e-05
Testing N_win=1794 N_cf=3
Windowing:
  config: # windows=1794, spacing=0.04275673667433265, CF order=3
  error tolerance: rtol=0.001, atol=1e-05
Testing N_win=1794 N_cf=2
Windowing:
  config: # windows=1794, spacing=0.04275673667433265, CF order=2
  error tolerance: rtol=0.001, atol=1e-05
Testing N_win=1897 N_cf=10
Windowing:
  config: # windows=1897, spacing=0.040435205900765825, CF order=10
  error tolerance: rtol=0.001, atol=1e-05
Testing N_win=1897 N_cf=9
Windowing:
  config: # windows=1897, spacing=0.040435205900765825, CF order=9
  error tolerance: rtol=0.001, atol=1e-05
Testing N_win=1897 N_cf=8
Windowing:
  config: # windows=1897, spacing=0.040435205900765825, CF order=8
  error tolerance: rtol=0.001, atol=1e-05
Testing N_win=1897 N_cf=7
Windowing:
  config: # windows=1897, spacing=0.040435205900765825, CF order=7
  error tolerance: rtol=0.001, atol=1e-05
Testing N_win=1897 N_cf=6
Windowing:
  config: # windows=1897, spacing=0.040435205900765825, CF order=6
  error tolerance: rtol=0.001, atol=1e-05
Testing N_win=1897 N_cf=5
Windowing:
  config: # windows=1897, spacing=0.040435205900765825, CF order=5
  error tolerance: rtol=0.001, atol=1e-05
Testing N_win=1897 N_cf=4
Windowing:
  config: # windows=1897, spacing=0.040435205900765825, CF order=4
  error tolerance: rtol=0.001, atol=1e-05
Testing N_win=1897 N_cf=3
Windowing:
  config: # windows=1897, spacing=0.040435205900765825, CF order=3
  error tolerance: rtol=0.001, atol=1e-05
Testing N_win=1897 N_cf=2
Windowing:
  config: # windows=1897, spacing=0.040435205900765825, CF order=2
  error tolerance: rtol=0.001, atol=1e-05
Testing N_win=2000 N_cf=10
Windowing:
  config: # windows=2000, spacing=0.03835279279687639, CF order=10
  error tolerance: rtol=0.001, atol=1e-05
Testing N_win=2000 N_cf=9
Windowing:
  config: # windows=2000, spacing=0.03835279279687639, CF order=9
  error tolerance: rtol=0.001, atol=1e-05
Testing N_win=2000 N_cf=8
Windowing:
  config: # windows=2000, spacing=0.03835279279687639, CF order=8
  error tolerance: rtol=0.001, atol=1e-05
Testing N_win=2000 N_cf=7
Windowing:
  config: # windows=2000, spacing=0.03835279279687639, CF order=7
  error tolerance: rtol=0.001, atol=1e-05
Testing N_win=2000 N_cf=6
Windowing:
  config: # windows=2000, spacing=0.03835279279687639, CF order=6
  error tolerance: rtol=0.001, atol=1e-05
Testing N_win=2000 N_cf=5
Windowing:
  config: # windows=2000, spacing=0.03835279279687639, CF order=5
  error tolerance: rtol=0.001, atol=1e-05
Testing N_win=2000 N_cf=4
Windowing:
  config: # windows=2000, spacing=0.03835279279687639, CF order=4
  error tolerance: rtol=0.001, atol=1e-05
Testing N_win=2000 N_cf=3
Windowing:
  config: # windows=2000, spacing=0.03835279279687639, CF order=3
  error tolerance: rtol=0.001, atol=1e-05
Testing N_win=2000 N_cf=2
Windowing:
  config: # windows=2000, spacing=0.03835279279687639, CF order=2
  error tolerance: rtol=0.001, atol=1e-05
Final library: 605 poles, 970 windows, 5.2 poles per window, 3 CF order
