Running NJOY to get 0K point-wise data (error=0.0005)...
Parsing cross sections within resolved resonance range...
  MTs: [2, 27, 102, 103, 107]
  Energy range: 1.000e-05 to 3.000e+05 eV (78353 points)
Vector fitting piece 1/39...
  energy: 1.000e-05 to 2.074e+02 eV (1234 points)
  error tolerance: rtol=0.001, atol=1e-05
Found 1 peaks
Fitting orders from 2 to 200
Order=2(0/100)
Order=4(1/100)
Order=6(2/100)
Order=8(3/100)
Order=10(4/100)
Order=12(5/100)
Order=14(6/100)
Order=16(7/100)
Order=18(8/100)
Order=20(9/100)
Order=22(10/100)
Order=24(11/100)
Order=26(12/100)
Order=28(13/100)
Order=30(14/100)
Order=32(15/100)
Order=34(16/100)
Order=36(17/100)
Order=38(18/100)
Order=40(19/100)
Order=42(20/100)
Order=44(21/100)
Order=46(22/100)
Order=48(23/100)
Order=50(24/100)
Order=52(25/100)
Order=54(26/100)
Order=56(27/100)
Order=58(28/100)
Order=60(29/100)
Found 2 real poles and 3 conjugate complex pairs.
Final number of poles: 5
Saved figure: WMP_Lib/Sn122/0-207_MT2.png
Saved figure: WMP_Lib/Sn122/0-207_MT27.png
Saved figure: WMP_Lib/Sn122/0-207_MT102.png
Vector fitting piece 2/39...
  energy: 4.625e+01 to 8.281e+02 eV (1178 points)
  error tolerance: rtol=0.001, atol=1e-05
Found 2 peaks
Fitting orders from 4 to 200
Order=4(0/99)
Order=6(1/99)
Order=8(2/99)
Order=10(3/99)
Order=12(4/99)
Order=14(5/99)
Order=16(6/99)
Order=18(7/99)
Order=20(8/99)
Order=22(9/99)
Order=24(10/99)
Order=26(11/99)
Order=28(12/99)
Order=30(13/99)
Order=32(14/99)
Order=34(15/99)
Order=36(16/99)
Order=38(17/99)
Order=40(18/99)
Order=42(19/99)
Order=44(20/99)
Order=46(21/99)
Order=48(22/99)
Order=50(23/99)
Order=52(24/99)
Order=54(25/99)
Order=56(26/99)
Order=58(27/99)
Order=60(28/99)
Found 2 real poles and 4 conjugate complex pairs.
Final number of poles: 6
Saved figure: WMP_Lib/Sn122/46-828_MT2.png
Saved figure: WMP_Lib/Sn122/46-828_MT27.png
Saved figure: WMP_Lib/Sn122/46-828_MT102.png
Vector fitting piece 3/39...
  energy: 4.249e+02 to 1.792e+03 eV (681 points)
  error tolerance: rtol=0.001, atol=1e-05
Found 1 peaks
Fitting orders from 2 to 200
Order=2(0/100)
Order=4(1/100)
Order=6(2/100)
Order=8(3/100)
Order=10(4/100)
Order=12(5/100)
Order=14(6/100)
Order=16(7/100)
Order=18(8/100)
Order=20(9/100)
Order=22(10/100)
Order=24(11/100)
Order=26(12/100)
Order=28(13/100)
Order=30(14/100)
Order=32(15/100)
Order=34(16/100)
Order=36(17/100)
Order=38(18/100)
Order=40(19/100)
Order=42(20/100)
Order=44(21/100)
Order=46(22/100)
Order=48(23/100)
Order=50(24/100)
Order=52(25/100)
Order=54(26/100)
Order=56(27/100)
Order=58(28/100)
Order=60(29/100)
Found 2 real poles and 2 conjugate complex pairs.
Final number of poles: 4
Saved figure: WMP_Lib/Sn122/425-1792_MT2.png
Saved figure: WMP_Lib/Sn122/425-1792_MT27.png
Saved figure: WMP_Lib/Sn122/425-1792_MT102.png
Vector fitting piece 4/39...
  energy: 1.211e+03 to 3.192e+03 eV (832 points)
  error tolerance: rtol=0.001, atol=1e-05
Found 1 peaks
Fitting orders from 2 to 200
Order=2(0/100)
Order=4(1/100)
Order=6(2/100)
Order=8(3/100)
Order=10(4/100)
Order=12(5/100)
Order=14(6/100)
Order=16(7/100)
Order=18(8/100)
Order=20(9/100)
Order=22(10/100)
Order=24(11/100)
Order=26(12/100)
Order=28(13/100)
Order=30(14/100)
Order=32(15/100)
Order=34(16/100)
Order=36(17/100)
Order=38(18/100)
Order=40(19/100)
Order=42(20/100)
Order=44(21/100)
Order=46(22/100)
Order=48(23/100)
Order=50(24/100)
Order=52(25/100)
Order=54(26/100)
Order=56(27/100)
Order=58(28/100)
Order=60(29/100)
Found 0 real poles and 3 conjugate complex pairs.
Final number of poles: 3
Saved figure: WMP_Lib/Sn122/1211-3192_MT2.png
Saved figure: WMP_Lib/Sn122/1211-3192_MT27.png
Saved figure: WMP_Lib/Sn122/1211-3192_MT102.png
Vector fitting piece 5/39...
  energy: 2.397e+03 to 4.970e+03 eV (1502 points)
  error tolerance: rtol=0.001, atol=1e-05
Found 3 peaks
Fitting orders from 6 to 200
Order=6(0/98)
Order=8(1/98)
Order=10(2/98)
Order=12(3/98)
Order=14(4/98)
Order=16(5/98)
Order=18(6/98)
Order=20(7/98)
Order=22(8/98)
Order=24(9/98)
Order=26(10/98)
Order=28(11/98)
Order=30(12/98)
Order=32(13/98)
Order=34(14/98)
Order=36(15/98)
Order=38(16/98)
Order=40(17/98)
Order=42(18/98)
Order=44(19/98)
Order=46(20/98)
Order=48(21/98)
Order=50(22/98)
Order=52(23/98)
Order=54(24/98)
Order=56(25/98)
Order=58(26/98)
Order=60(27/98)
Found 2 real poles and 4 conjugate complex pairs.
Final number of poles: 6
Saved figure: WMP_Lib/Sn122/2397-4970_MT2.png
Saved figure: WMP_Lib/Sn122/2397-4970_MT27.png
Saved figure: WMP_Lib/Sn122/2397-4970_MT102.png
Vector fitting piece 6/39...
  energy: 3.970e+03 to 7.140e+03 eV (1932 points)
  error tolerance: rtol=0.001, atol=1e-05
Found 4 peaks
Fitting orders from 8 to 200
Order=8(0/97)
Order=10(1/97)
Order=12(2/97)
Order=14(3/97)
Order=16(4/97)
Order=18(5/97)
Order=20(6/97)
Order=22(7/97)
Order=24(8/97)
Order=26(9/97)
Order=28(10/97)
Order=30(11/97)
Order=32(12/97)
Order=34(13/97)
Order=36(14/97)
Order=38(15/97)
Order=40(16/97)
Order=42(17/97)
Order=44(18/97)
Order=46(19/97)
Order=48(20/97)
Order=50(21/97)
Order=52(22/97)
Order=54(23/97)
Order=56(24/97)
Order=58(25/97)
Order=60(26/97)
Found 0 real poles and 6 conjugate complex pairs.
Final number of poles: 6
Saved figure: WMP_Lib/Sn122/3970-7140_MT2.png
Saved figure: WMP_Lib/Sn122/3970-7140_MT27.png
Saved figure: WMP_Lib/Sn122/3970-7140_MT102.png
Vector fitting piece 7/39...
  energy: 5.933e+03 to 9.723e+03 eV (1880 points)
  error tolerance: rtol=0.001, atol=1e-05
Found 4 peaks
Fitting orders from 8 to 200
Order=8(0/97)
Order=10(1/97)
Order=12(2/97)
Order=14(3/97)
Order=16(4/97)
Order=18(5/97)
Order=20(6/97)
Order=22(7/97)
Order=24(8/97)
Order=26(9/97)
Order=28(10/97)
Order=30(11/97)
Order=32(12/97)
Order=34(13/97)
Order=36(14/97)
Order=38(15/97)
Order=40(16/97)
Order=42(17/97)
Order=44(18/97)
Order=46(19/97)
Order=48(20/97)
Order=50(21/97)
Order=52(22/97)
Order=54(23/97)
Order=56(24/97)
Order=58(25/97)
Order=60(26/97)
Found 4 real poles and 4 conjugate complex pairs.
Final number of poles: 8
Saved figure: WMP_Lib/Sn122/5933-9723_MT2.png
Saved figure: WMP_Lib/Sn122/5933-9723_MT27.png
Saved figure: WMP_Lib/Sn122/5933-9723_MT102.png
Vector fitting piece 8/39...
  energy: 8.296e+03 to 1.275e+04 eV (989 points)
  error tolerance: rtol=0.001, atol=1e-05
Found 2 peaks
Fitting orders from 4 to 200
Order=4(0/99)
Order=6(1/99)
Order=8(2/99)
Order=10(3/99)
Order=12(4/99)
Order=14(5/99)
Order=16(6/99)
Order=18(7/99)
Order=20(8/99)
Order=22(9/99)
Order=24(10/99)
Order=26(11/99)
Order=28(12/99)
Order=30(13/99)
Order=32(14/99)
Order=34(15/99)
Order=36(16/99)
Order=38(17/99)
Order=40(18/99)
Order=42(19/99)
Order=44(20/99)
Order=46(21/99)
Order=48(22/99)
Order=50(23/99)
Order=52(24/99)
Order=54(25/99)
Order=56(26/99)
Order=58(27/99)
Order=60(28/99)
Found 4 real poles and 3 conjugate complex pairs.
Final number of poles: 7
Saved figure: WMP_Lib/Sn122/8296-12749_MT2.png
Saved figure: WMP_Lib/Sn122/8296-12749_MT27.png
Saved figure: WMP_Lib/Sn122/8296-12749_MT102.png
Vector fitting piece 9/39...
  energy: 1.103e+04 to 1.604e+04 eV (2499 points)
  error tolerance: rtol=0.001, atol=1e-05
Found 6 peaks
Fitting orders from 12 to 200
Order=12(0/95)
Order=14(1/95)
Order=16(2/95)
Order=18(3/95)
Order=20(4/95)
Order=22(5/95)
Order=24(6/95)
Order=26(7/95)
Order=28(8/95)
Order=30(9/95)
Order=32(10/95)
Order=34(11/95)
Order=36(12/95)
Order=38(13/95)
Order=40(14/95)
Order=42(15/95)
Order=44(16/95)
Order=46(17/95)
Order=48(18/95)
Order=50(19/95)
Order=52(20/95)
Order=54(21/95)
Order=56(22/95)
Order=58(23/95)
Order=60(24/95)
Found 2 real poles and 7 conjugate complex pairs.
Final number of poles: 9
Saved figure: WMP_Lib/Sn122/11026-16037_MT2.png
Saved figure: WMP_Lib/Sn122/11026-16037_MT27.png
Saved figure: WMP_Lib/Sn122/11026-16037_MT102.png
Vector fitting piece 10/39...
  energy: 1.417e+04 to 1.980e+04 eV (2928 points)
  error tolerance: rtol=0.001, atol=1e-05
Found 7 peaks
Fitting orders from 14 to 200
Order=14(0/94)
Order=16(1/94)
Order=18(2/94)
Order=20(3/94)
Order=22(4/94)
Order=24(5/94)
Order=26(6/94)
Order=28(7/94)
Order=30(8/94)
Order=32(9/94)
Order=34(10/94)
Order=36(11/94)
Order=38(12/94)
Order=40(13/94)
Order=42(14/94)
Order=44(15/94)
Order=46(16/94)
Order=48(17/94)
Order=50(18/94)
Order=52(19/94)
Order=54(20/94)
Order=56(21/94)
Order=58(22/94)
Order=60(23/94)
Found 4 real poles and 7 conjugate complex pairs.
Final number of poles: 11
Saved figure: WMP_Lib/Sn122/14168-19800_MT2.png
Saved figure: WMP_Lib/Sn122/14168-19800_MT27.png
Saved figure: WMP_Lib/Sn122/14168-19800_MT102.png
Vector fitting piece 11/39...
  energy: 1.775e+04 to 2.394e+04 eV (2699 points)
  error tolerance: rtol=0.001, atol=1e-05
Found 6 peaks
Fitting orders from 12 to 200
Order=12(0/95)
Order=14(1/95)
Order=16(2/95)
Order=18(3/95)
Order=20(4/95)
Order=22(5/95)
Order=24(6/95)
Order=26(7/95)
Order=28(8/95)
Order=30(9/95)
Order=32(10/95)
Order=34(11/95)
Order=36(12/95)
Order=38(13/95)
Order=40(14/95)
Order=42(15/95)
Order=44(16/95)
Order=46(17/95)
Order=48(18/95)
Order=50(19/95)
Order=52(20/95)
Order=54(21/95)
Order=56(22/95)
Order=58(23/95)
Order=60(24/95)
Found 4 real poles and 7 conjugate complex pairs.
Final number of poles: 11
Saved figure: WMP_Lib/Sn122/17745-23942_MT2.png
Saved figure: WMP_Lib/Sn122/17745-23942_MT27.png
Saved figure: WMP_Lib/Sn122/17745-23942_MT102.png
Vector fitting piece 12/39...
  energy: 2.169e+04 to 2.847e+04 eV (3166 points)
  error tolerance: rtol=0.001, atol=1e-05
Found 9 peaks
Fitting orders from 18 to 200
Order=18(0/92)
Order=20(1/92)
Order=22(2/92)
Order=24(3/92)
Order=26(4/92)
Order=28(5/92)
Order=30(6/92)
Order=32(7/92)
Order=34(8/92)
Order=36(9/92)
Order=38(10/92)
Order=40(11/92)
Order=42(12/92)
Order=44(13/92)
Order=46(14/92)
Order=48(15/92)
Order=50(16/92)
Order=52(17/92)
Order=54(18/92)
Order=56(19/92)
Order=58(20/92)
Order=60(21/92)
Found 2 real poles and 10 conjugate complex pairs.
Final number of poles: 12
Saved figure: WMP_Lib/Sn122/21690-28467_MT2.png
Saved figure: WMP_Lib/Sn122/21690-28467_MT27.png
Saved figure: WMP_Lib/Sn122/21690-28467_MT102.png
Vector fitting piece 13/39...
  energy: 2.601e+04 to 3.341e+04 eV (3419 points)
  error tolerance: rtol=0.001, atol=1e-05
Found 10 peaks
Fitting orders from 20 to 200
Order=20(0/91)
Order=22(1/91)
Order=24(2/91)
Order=26(3/91)
Order=28(4/91)
Order=30(5/91)
Order=32(6/91)
Order=34(7/91)
Order=36(8/91)
Order=38(9/91)
Order=40(10/91)
Order=42(11/91)
Order=44(12/91)
Order=46(13/91)
Order=48(14/91)
Order=50(15/91)
Order=52(16/91)
Order=54(17/91)
Order=56(18/91)
Order=58(19/91)
Order=60(20/91)
Found 2 real poles and 11 conjugate complex pairs.
Final number of poles: 13
Saved figure: WMP_Lib/Sn122/26015-33407_MT2.png
Saved figure: WMP_Lib/Sn122/26015-33407_MT27.png
Saved figure: WMP_Lib/Sn122/26015-33407_MT102.png
Vector fitting piece 14/39...
  energy: 3.074e+04 to 3.874e+04 eV (4154 points)
  error tolerance: rtol=0.001, atol=1e-05
Found 15 peaks
Fitting orders from 30 to 200
Order=30(0/86)
Order=32(1/86)
Order=34(2/86)
Order=36(3/86)
Order=38(4/86)
Order=40(5/86)
Order=42(6/86)
Order=44(7/86)
Order=46(8/86)
Order=48(9/86)
Order=50(10/86)
Order=52(11/86)
Order=54(12/86)
Order=56(13/86)
Order=58(14/86)
Order=60(15/86)
Found 2 real poles and 15 conjugate complex pairs.
Final number of poles: 17
Saved figure: WMP_Lib/Sn122/30743-38737_MT2.png
Saved figure: WMP_Lib/Sn122/30743-38737_MT27.png
Saved figure: WMP_Lib/Sn122/30743-38737_MT102.png
Vector fitting piece 15/39...
  energy: 3.587e+04 to 4.446e+04 eV (2845 points)
  error tolerance: rtol=0.001, atol=1e-05
Found 9 peaks
Fitting orders from 18 to 200
Order=18(0/92)
Order=20(1/92)
Order=22(2/92)
Order=24(3/92)
Order=26(4/92)
Order=28(5/92)
Order=30(6/92)
Order=32(7/92)
Order=34(8/92)
Order=36(9/92)
Order=38(10/92)
Order=40(11/92)
Order=42(12/92)
Order=44(13/92)
Order=46(14/92)
Order=48(15/92)
Order=50(16/92)
Order=52(17/92)
Order=54(18/92)
Order=56(19/92)
Order=58(20/92)
Order=60(21/92)
Found 4 real poles and 10 conjugate complex pairs.
Final number of poles: 14
Saved figure: WMP_Lib/Sn122/35874-44459_MT2.png
Saved figure: WMP_Lib/Sn122/35874-44459_MT27.png
Saved figure: WMP_Lib/Sn122/35874-44459_MT102.png
Vector fitting piece 16/39...
  energy: 4.138e+04 to 5.059e+04 eV (4159 points)
  error tolerance: rtol=0.001, atol=1e-05
Found 14 peaks
Fitting orders from 28 to 200
Order=28(0/87)
Order=30(1/87)
Order=32(2/87)
Order=34(3/87)
Order=36(4/87)
Order=38(5/87)
Order=40(6/87)
Order=42(7/87)
Order=44(8/87)
Order=46(9/87)
Order=48(10/87)
Order=50(11/87)
Order=52(12/87)
Order=54(13/87)
Order=56(14/87)
Order=58(15/87)
Order=60(16/87)
Found 4 real poles and 15 conjugate complex pairs.
Final number of poles: 19
Saved figure: WMP_Lib/Sn122/41378-50587_MT2.png
Saved figure: WMP_Lib/Sn122/41378-50587_MT27.png
Saved figure: WMP_Lib/Sn122/41378-50587_MT102.png
Vector fitting piece 17/39...
  energy: 4.731e+04 to 5.711e+04 eV (4237 points)
  error tolerance: rtol=0.001, atol=1e-05
Found 15 peaks
Fitting orders from 30 to 200
Order=30(0/86)
Order=32(1/86)
Order=34(2/86)
Order=36(3/86)
Order=38(4/86)
Order=40(5/86)
Order=42(6/86)
Order=44(7/86)
Order=46(8/86)
Order=48(9/86)
Order=50(10/86)
Order=52(11/86)
Order=54(12/86)
Order=56(13/86)
Order=58(14/86)
Order=60(15/86)
Found 4 real poles and 15 conjugate complex pairs.
Final number of poles: 19
Saved figure: WMP_Lib/Sn122/47305-57106_MT2.png
Saved figure: WMP_Lib/Sn122/47305-57106_MT27.png
Saved figure: WMP_Lib/Sn122/47305-57106_MT102.png
Vector fitting piece 18/39...
  energy: 5.361e+04 to 6.401e+04 eV (3233 points)
  error tolerance: rtol=0.001, atol=1e-05
Found 12 peaks
Fitting orders from 24 to 200
Order=24(0/89)
Order=26(1/89)
Order=28(2/89)
Order=30(3/89)
Order=32(4/89)
Order=34(5/89)
Order=36(6/89)
Order=38(7/89)
Order=40(8/89)
Order=42(9/89)
Order=44(10/89)
Order=46(11/89)
Order=48(12/89)
Order=50(13/89)
Order=52(14/89)
Order=54(15/89)
Order=56(16/89)
Order=58(17/89)
Order=60(18/89)
Found 2 real poles and 14 conjugate complex pairs.
Final number of poles: 16
Saved figure: WMP_Lib/Sn122/53609-64008_MT2.png
Saved figure: WMP_Lib/Sn122/53609-64008_MT27.png
Saved figure: WMP_Lib/Sn122/53609-64008_MT102.png
Vector fitting piece 19/39...
  energy: 6.030e+04 to 7.131e+04 eV (3156 points)
  error tolerance: rtol=0.001, atol=1e-05
Found 12 peaks
Fitting orders from 24 to 200
Order=24(0/89)
Order=26(1/89)
Order=28(2/89)
Order=30(3/89)
Order=32(4/89)
Order=34(5/89)
Order=36(6/89)
Order=38(7/89)
Order=40(8/89)
Order=42(9/89)
Order=44(10/89)
Order=46(11/89)
Order=48(12/89)
Order=50(13/89)
Order=52(14/89)
Order=54(15/89)
Order=56(16/89)
Order=58(17/89)
Order=60(18/89)
Found 4 real poles and 12 conjugate complex pairs.
Final number of poles: 16
Saved figure: WMP_Lib/Sn122/60304-71307_MT2.png
Saved figure: WMP_Lib/Sn122/60304-71307_MT27.png
Saved figure: WMP_Lib/Sn122/60304-71307_MT102.png
Vector fitting piece 20/39...
  energy: 6.740e+04 to 7.900e+04 eV (3433 points)
  error tolerance: rtol=0.001, atol=1e-05
Found 13 peaks
Fitting orders from 26 to 200
Order=26(0/88)
Order=28(1/88)
Order=30(2/88)
Order=32(3/88)
Order=34(4/88)
Order=36(5/88)
Order=38(6/88)
Order=40(7/88)
Order=42(8/88)
Order=44(9/88)
Order=46(10/88)
Order=48(11/88)
Order=50(12/88)
Order=52(13/88)
Order=54(14/88)
Order=56(15/88)
Order=58(16/88)
Order=60(17/88)
Found 2 real poles and 15 conjugate complex pairs.
Final number of poles: 17
Saved figure: WMP_Lib/Sn122/67403-79005_MT2.png
Saved figure: WMP_Lib/Sn122/67403-79005_MT27.png
Saved figure: WMP_Lib/Sn122/67403-79005_MT102.png
Vector fitting piece 21/39...
  energy: 7.489e+04 to 8.710e+04 eV (4212 points)
  error tolerance: rtol=0.001, atol=1e-05
Found 18 peaks
Fitting orders from 36 to 200
Order=36(0/83)
Order=38(1/83)
Order=40(2/83)
Order=42(3/83)
Order=44(4/83)
Order=46(5/83)
Order=48(6/83)
Order=50(7/83)
Order=52(8/83)
Order=54(9/83)
Order=56(10/83)
Order=58(11/83)
Order=60(12/83)
Found 2 real poles and 19 conjugate complex pairs.
Final number of poles: 21
Saved figure: WMP_Lib/Sn122/74891-87097_MT2.png
Saved figure: WMP_Lib/Sn122/74891-87097_MT27.png
Saved figure: WMP_Lib/Sn122/74891-87097_MT102.png
Vector fitting piece 22/39...
  energy: 8.277e+04 to 9.566e+04 eV (3175 points)
  error tolerance: rtol=0.001, atol=1e-05
Found 13 peaks
Fitting orders from 26 to 200
Order=26(0/88)
Order=28(1/88)
Order=30(2/88)
Order=32(3/88)
Order=34(4/88)
Order=36(5/88)
Order=38(6/88)
Order=40(7/88)
Order=42(8/88)
Order=44(9/88)
Order=46(10/88)
Order=48(11/88)
Order=50(12/88)
Order=52(13/88)
Order=54(14/88)
Order=56(15/88)
Order=58(16/88)
Order=60(17/88)
Found 4 real poles and 14 conjugate complex pairs.
Final number of poles: 18
Saved figure: WMP_Lib/Sn122/82773-95662_MT2.png
Saved figure: WMP_Lib/Sn122/82773-95662_MT27.png
Saved figure: WMP_Lib/Sn122/82773-95662_MT102.png
Vector fitting piece 23/39...
  energy: 9.100e+04 to 1.045e+05 eV (2653 points)
  error tolerance: rtol=0.001, atol=1e-05
Found 11 peaks
Fitting orders from 22 to 200
Order=22(0/90)
Order=24(1/90)
Order=26(2/90)
Order=28(3/90)
Order=30(4/90)
Order=32(5/90)
Order=34(6/90)
Order=36(7/90)
Order=38(8/90)
Order=40(9/90)
Order=42(10/90)
Order=44(11/90)
Order=46(12/90)
Order=48(13/90)
Order=50(14/90)
Order=52(15/90)
Order=54(16/90)
Order=56(17/90)
Order=58(18/90)
Order=60(19/90)
Found 4 real poles and 12 conjugate complex pairs.
Final number of poles: 16
Saved figure: WMP_Lib/Sn122/91005-104462_MT2.png
Saved figure: WMP_Lib/Sn122/91005-104462_MT27.png
Saved figure: WMP_Lib/Sn122/91005-104462_MT102.png
Vector fitting piece 24/39...
  energy: 9.973e+04 to 1.137e+05 eV (2894 points)
  error tolerance: rtol=0.001, atol=1e-05
Found 13 peaks
Fitting orders from 26 to 200
Order=26(0/88)
Order=28(1/88)
Order=30(2/88)
Order=32(3/88)
Order=34(4/88)
Order=36(5/88)
Order=38(6/88)
Order=40(7/88)
Order=42(8/88)
Order=44(9/88)
Order=46(10/88)
Order=48(11/88)
Order=50(12/88)
Order=52(13/88)
Order=54(14/88)
Order=56(15/88)
Order=58(16/88)
Order=60(17/88)
Found 4 real poles and 13 conjugate complex pairs.
Final number of poles: 17
Saved figure: WMP_Lib/Sn122/99728-113745_MT2.png
Saved figure: WMP_Lib/Sn122/99728-113745_MT27.png
Saved figure: WMP_Lib/Sn122/99728-113745_MT102.png
Vector fitting piece 25/39...
  energy: 1.088e+05 to 1.234e+05 eV (3633 points)
  error tolerance: rtol=0.001, atol=1e-05
Found 16 peaks
Fitting orders from 32 to 200
Order=32(0/85)
Order=34(1/85)
Order=36(2/85)
Order=38(3/85)
Order=40(4/85)
Order=42(5/85)
Order=44(6/85)
Order=46(7/85)
Order=48(8/85)
Order=50(9/85)
Order=52(10/85)
Order=54(11/85)
Order=56(12/85)
Order=58(13/85)
Order=60(14/85)
Found 4 real poles and 18 conjugate complex pairs.
Final number of poles: 22
Saved figure: WMP_Lib/Sn122/108800-123414_MT2.png
Saved figure: WMP_Lib/Sn122/108800-123414_MT27.png
Saved figure: WMP_Lib/Sn122/108800-123414_MT102.png
Vector fitting piece 26/39...
  energy: 1.183e+05 to 1.335e+05 eV (3768 points)
  error tolerance: rtol=0.001, atol=1e-05
Found 18 peaks
Fitting orders from 36 to 200
Order=36(0/83)
Order=38(1/83)
Order=40(2/83)
Order=42(3/83)
Order=44(4/83)
Order=46(5/83)
Order=48(6/83)
Order=50(7/83)
Order=52(8/83)
Order=54(9/83)
Order=56(10/83)
Order=58(11/83)
Order=60(12/83)
Found 2 real poles and 19 conjugate complex pairs.
Final number of poles: 21
Saved figure: WMP_Lib/Sn122/118253-133491_MT2.png
Saved figure: WMP_Lib/Sn122/118253-133491_MT27.png
Saved figure: WMP_Lib/Sn122/118253-133491_MT102.png
Vector fitting piece 27/39...
  energy: 1.281e+05 to 1.439e+05 eV (2864 points)
  error tolerance: rtol=0.001, atol=1e-05
Found 14 peaks
Fitting orders from 28 to 200
Order=28(0/87)
Order=30(1/87)
Order=32(2/87)
Order=34(3/87)
Order=36(4/87)
Order=38(5/87)
Order=40(6/87)
Order=42(7/87)
Order=44(8/87)
Order=46(9/87)
Order=48(10/87)
Order=50(11/87)
Order=52(12/87)
Order=54(13/87)
Order=56(14/87)
Order=58(15/87)
Order=60(16/87)
Found 6 real poles and 14 conjugate complex pairs.
Final number of poles: 20
Saved figure: WMP_Lib/Sn122/128123-143933_MT2.png
Saved figure: WMP_Lib/Sn122/128123-143933_MT27.png
Saved figure: WMP_Lib/Sn122/128123-143933_MT102.png
Vector fitting piece 28/39...
  energy: 1.384e+05 to 1.548e+05 eV (3454 points)
  error tolerance: rtol=0.001, atol=1e-05
Found 18 peaks
Fitting orders from 36 to 200
Order=36(0/83)
Order=38(1/83)
Order=40(2/83)
Order=42(3/83)
Order=44(4/83)
Order=46(5/83)
Order=48(6/83)
Order=50(7/83)
Order=52(8/83)
Order=54(9/83)
Order=56(10/83)
Order=58(11/83)
Order=60(12/83)
Found 2 real poles and 21 conjugate complex pairs.
Final number of poles: 23
Saved figure: WMP_Lib/Sn122/138368-154814_MT2.png
Saved figure: WMP_Lib/Sn122/138368-154814_MT27.png
Saved figure: WMP_Lib/Sn122/138368-154814_MT102.png
Vector fitting piece 29/39...
  energy: 1.490e+05 to 1.661e+05 eV (4795 points)
  error tolerance: rtol=0.001, atol=1e-05
Found 28 peaks
Fitting orders from 56 to 200
Order=56(0/73)
Order=58(1/73)
Order=60(2/73)
Order=62(3/73)
Order=64(4/73)
Order=66(5/73)
Order=68(6/73)
Order=70(7/73)
Order=72(8/73)
Found 4 real poles and 29 conjugate complex pairs.
Final number of poles: 33
Saved figure: WMP_Lib/Sn122/149017-166057_MT2.png
Saved figure: WMP_Lib/Sn122/149017-166057_MT27.png
Saved figure: WMP_Lib/Sn122/149017-166057_MT102.png
Vector fitting piece 30/39...
  energy: 1.600e+05 to 1.777e+05 eV (4913 points)
  error tolerance: rtol=0.001, atol=1e-05
Found 31 peaks
Fitting orders from 62 to 200
Order=62(0/70)
Order=64(1/70)
Order=66(2/70)
Order=68(3/70)
Order=70(4/70)
Order=72(5/70)
Order=74(6/70)
Order=76(7/70)
Found 4 real poles and 31 conjugate complex pairs.
Final number of poles: 35
Saved figure: WMP_Lib/Sn122/160035-177700_MT2.png
Saved figure: WMP_Lib/Sn122/160035-177700_MT27.png
Saved figure: WMP_Lib/Sn122/160035-177700_MT102.png
Vector fitting piece 31/39...
  energy: 1.715e+05 to 1.898e+05 eV (4257 points)
  error tolerance: rtol=0.001, atol=1e-05
Found 26 peaks
Fitting orders from 52 to 200
Order=52(0/75)
Order=54(1/75)
Order=56(2/75)
Order=58(3/75)
Order=60(4/75)
Order=62(5/75)
Order=64(6/75)
Order=66(7/75)
Order=68(8/75)
Found 4 real poles and 27 conjugate complex pairs.
Final number of poles: 31
Saved figure: WMP_Lib/Sn122/171486-189758_MT2.png
Saved figure: WMP_Lib/Sn122/171486-189758_MT27.png
Saved figure: WMP_Lib/Sn122/171486-189758_MT102.png
Vector fitting piece 32/39...
  energy: 1.833e+05 to 2.022e+05 eV (3901 points)
  error tolerance: rtol=0.001, atol=1e-05
Found 24 peaks
Fitting orders from 48 to 200
Order=48(0/77)
Order=50(1/77)
Order=52(2/77)
Order=54(3/77)
Order=56(4/77)
Order=58(5/77)
Order=60(6/77)
Order=62(7/77)
Order=64(8/77)
Found 6 real poles and 24 conjugate complex pairs.
Final number of poles: 30
Saved figure: WMP_Lib/Sn122/183318-202165_MT2.png
Saved figure: WMP_Lib/Sn122/183318-202165_MT27.png
Saved figure: WMP_Lib/Sn122/183318-202165_MT102.png
Vector fitting piece 33/39...
  energy: 1.955e+05 to 2.150e+05 eV (4038 points)
  error tolerance: rtol=0.001, atol=1e-05
Found 25 peaks
Fitting orders from 50 to 200
Order=50(0/76)
Order=52(1/76)
Order=54(2/76)
Order=56(3/76)
Order=58(4/76)
Order=60(5/76)
Order=62(6/76)
Order=64(7/76)
Found 4 real poles and 25 conjugate complex pairs.
Final number of poles: 29
Saved figure: WMP_Lib/Sn122/195535-214992_MT2.png
Saved figure: WMP_Lib/Sn122/195535-214992_MT27.png
Saved figure: WMP_Lib/Sn122/195535-214992_MT102.png
Vector fitting piece 34/39...
  energy: 2.082e+05 to 2.282e+05 eV (3830 points)
  error tolerance: rtol=0.001, atol=1e-05
Found 24 peaks
Fitting orders from 48 to 200
Order=48(0/77)
Order=50(1/77)
Order=52(2/77)
Order=54(3/77)
Order=56(4/77)
Order=58(5/77)
Order=60(6/77)
Order=62(7/77)
Order=64(8/77)
Found 4 real poles and 25 conjugate complex pairs.
Final number of poles: 29
Saved figure: WMP_Lib/Sn122/208162-228242_MT2.png
Saved figure: WMP_Lib/Sn122/208162-228242_MT27.png
Saved figure: WMP_Lib/Sn122/208162-228242_MT102.png
Vector fitting piece 35/39...
  energy: 2.212e+05 to 2.418e+05 eV (3494 points)
  error tolerance: rtol=0.001, atol=1e-05
Found 24 peaks
Fitting orders from 48 to 200
Order=48(0/77)
Order=50(1/77)
Order=52(2/77)
Order=54(3/77)
Order=56(4/77)
Order=58(5/77)
Order=60(6/77)
Order=62(7/77)
Found 4 real poles and 24 conjugate complex pairs.
Final number of poles: 28
Saved figure: WMP_Lib/Sn122/221175-241821_MT2.png
Saved figure: WMP_Lib/Sn122/221175-241821_MT27.png
Saved figure: WMP_Lib/Sn122/221175-241821_MT102.png
Vector fitting piece 36/39...
  energy: 2.346e+05 to 2.558e+05 eV (3405 points)
  error tolerance: rtol=0.001, atol=1e-05
Found 23 peaks
Fitting orders from 46 to 200
Order=46(0/78)
Order=48(1/78)
Order=50(2/78)
Order=52(3/78)
Order=54(4/78)
Order=56(5/78)
Order=58(6/78)
Order=60(7/78)
Found 4 real poles and 23 conjugate complex pairs.
Final number of poles: 27
Saved figure: WMP_Lib/Sn122/234580-255813_MT2.png
Saved figure: WMP_Lib/Sn122/234580-255813_MT27.png
Saved figure: WMP_Lib/Sn122/234580-255813_MT102.png
Vector fitting piece 37/39...
  energy: 2.484e+05 to 2.703e+05 eV (3701 points)
  error tolerance: rtol=0.001, atol=1e-05
Found 23 peaks
Fitting orders from 46 to 200
Order=46(0/78)
Order=48(1/78)
Order=50(2/78)
Order=52(3/78)
Order=54(4/78)
Order=56(5/78)
Order=58(6/78)
Order=60(7/78)
Found 2 real poles and 24 conjugate complex pairs.
Final number of poles: 26
Saved figure: WMP_Lib/Sn122/248384-270348_MT2.png
Saved figure: WMP_Lib/Sn122/248384-270348_MT27.png
Saved figure: WMP_Lib/Sn122/248384-270348_MT102.png
Vector fitting piece 38/39...
  energy: 2.626e+05 to 2.850e+05 eV (3268 points)
  error tolerance: rtol=0.001, atol=1e-05
Found 22 peaks
Fitting orders from 44 to 200
Order=44(0/79)
Order=46(1/79)
Order=48(2/79)
Order=50(3/79)
Order=52(4/79)
Order=54(5/79)
Order=56(6/79)
Order=58(7/79)
Order=60(8/79)
Found 2 real poles and 23 conjugate complex pairs.
Final number of poles: 25
Saved figure: WMP_Lib/Sn122/262573-285029_MT2.png
Saved figure: WMP_Lib/Sn122/262573-285029_MT27.png
Saved figure: WMP_Lib/Sn122/262573-285029_MT102.png
Vector fitting piece 39/39...
  energy: 2.772e+05 to 3.000e+05 eV (3168 points)
  error tolerance: rtol=0.001, atol=1e-05
Found 21 peaks
Fitting orders from 42 to 200
Order=42(0/80)
Order=44(1/80)
Order=46(2/80)
Order=48(3/80)
Order=50(4/80)
Order=52(5/80)
Order=54(6/80)
Order=56(7/80)
Order=58(8/80)
Order=60(9/80)
Found 4 real poles and 21 conjugate complex pairs.
Final number of poles: 25
Saved figure: WMP_Lib/Sn122/277151-300000_MT2.png
Saved figure: WMP_Lib/Sn122/277151-300000_MT27.png
Saved figure: WMP_Lib/Sn122/277151-300000_MT102.png
Dumped multipole data to file: WMP_Lib/Sn122/Sn122_mp.pickle
Start searching ...
Testing N_win=34 N_cf=10
Failed: Window spacing cannot be larger than piece spacing.
Testing N_win=137 N_cf=10
Windowing:
  config: # windows=137, spacing=3.9979511236525935, CF order=10
  error tolerance: rtol=0.001, atol=1e-05
Best library so far.
Testing N_win=137 N_cf=9
Windowing:
  config: # windows=137, spacing=3.9979511236525935, CF order=9
  error tolerance: rtol=0.001, atol=1e-05
Best library so far.
Testing N_win=137 N_cf=8
Windowing:
  config: # windows=137, spacing=3.9979511236525935, CF order=8
  error tolerance: rtol=0.001, atol=1e-05
Best library so far.
Testing N_win=137 N_cf=7
Windowing:
  config: # windows=137, spacing=3.9979511236525935, CF order=7
  error tolerance: rtol=0.001, atol=1e-05
Best library so far.
Testing N_win=137 N_cf=6
Windowing:
  config: # windows=137, spacing=3.9979511236525935, CF order=6
  error tolerance: rtol=0.001, atol=1e-05
Best library so far.
Testing N_win=137 N_cf=5
Windowing:
  config: # windows=137, spacing=3.9979511236525935, CF order=5
  error tolerance: rtol=0.001, atol=1e-05
Best library so far.
Testing N_win=137 N_cf=4
Windowing:
  config: # windows=137, spacing=3.9979511236525935, CF order=4
  error tolerance: rtol=0.001, atol=1e-05
Failed: Pure curvefit failed for the first window!
Testing N_win=240 N_cf=10
Windowing:
  config: # windows=240, spacing=2.2821637664183556, CF order=10
  error tolerance: rtol=0.001, atol=1e-05
Best library so far.
Testing N_win=240 N_cf=9
Windowing:
  config: # windows=240, spacing=2.2821637664183556, CF order=9
  error tolerance: rtol=0.001, atol=1e-05
Best library so far.
Testing N_win=240 N_cf=8
Windowing:
  config: # windows=240, spacing=2.2821637664183556, CF order=8
  error tolerance: rtol=0.001, atol=1e-05
Best library so far.
Testing N_win=240 N_cf=7
Windowing:
  config: # windows=240, spacing=2.2821637664183556, CF order=7
  error tolerance: rtol=0.001, atol=1e-05
Best library so far.
Testing N_win=240 N_cf=6
Windowing:
  config: # windows=240, spacing=2.2821637664183556, CF order=6
  error tolerance: rtol=0.001, atol=1e-05
Best library so far.
Testing N_win=240 N_cf=5
Windowing:
  config: # windows=240, spacing=2.2821637664183556, CF order=5
  error tolerance: rtol=0.001, atol=1e-05
Best library so far.
Testing N_win=240 N_cf=4
Windowing:
  config: # windows=240, spacing=2.2821637664183556, CF order=4
  error tolerance: rtol=0.001, atol=1e-05
Best library so far.
Testing N_win=240 N_cf=3
Windowing:
  config: # windows=240, spacing=2.2821637664183556, CF order=3
  error tolerance: rtol=0.001, atol=1e-05
Failed: Pure curvefit failed for the first window!
Testing N_win=344 N_cf=10
Windowing:
  config: # windows=344, spacing=1.5922072788965271, CF order=10
  error tolerance: rtol=0.001, atol=1e-05
Best library so far.
Testing N_win=344 N_cf=9
Windowing:
  config: # windows=344, spacing=1.5922072788965271, CF order=9
  error tolerance: rtol=0.001, atol=1e-05
Best library so far.
Testing N_win=344 N_cf=8
Windowing:
  config: # windows=344, spacing=1.5922072788965271, CF order=8
  error tolerance: rtol=0.001, atol=1e-05
Best library so far.
Testing N_win=344 N_cf=7
Windowing:
  config: # windows=344, spacing=1.5922072788965271, CF order=7
  error tolerance: rtol=0.001, atol=1e-05
Best library so far.
Testing N_win=344 N_cf=6
Windowing:
  config: # windows=344, spacing=1.5922072788965271, CF order=6
  error tolerance: rtol=0.001, atol=1e-05
Best library so far.
Testing N_win=344 N_cf=5
Windowing:
  config: # windows=344, spacing=1.5922072788965271, CF order=5
  error tolerance: rtol=0.001, atol=1e-05
Best library so far.
Testing N_win=344 N_cf=4
Windowing:
  config: # windows=344, spacing=1.5922072788965271, CF order=4
  error tolerance: rtol=0.001, atol=1e-05
Best library so far.
Testing N_win=344 N_cf=3
Windowing:
  config: # windows=344, spacing=1.5922072788965271, CF order=3
  error tolerance: rtol=0.001, atol=1e-05
Failed: Pure curvefit failed for the first window!
Testing N_win=447 N_cf=10
Windowing:
  config: # windows=447, spacing=1.2253228276071708, CF order=10
  error tolerance: rtol=0.001, atol=1e-05
Testing N_win=447 N_cf=9
Windowing:
  config: # windows=447, spacing=1.2253228276071708, CF order=9
  error tolerance: rtol=0.001, atol=1e-05
Testing N_win=447 N_cf=8
Windowing:
  config: # windows=447, spacing=1.2253228276071708, CF order=8
  error tolerance: rtol=0.001, atol=1e-05
Best library so far.
Testing N_win=447 N_cf=7
Windowing:
  config: # windows=447, spacing=1.2253228276071708, CF order=7
  error tolerance: rtol=0.001, atol=1e-05
Best library so far.
Testing N_win=447 N_cf=6
Windowing:
  config: # windows=447, spacing=1.2253228276071708, CF order=6
  error tolerance: rtol=0.001, atol=1e-05
Best library so far.
Testing N_win=447 N_cf=5
Windowing:
  config: # windows=447, spacing=1.2253228276071708, CF order=5
  error tolerance: rtol=0.001, atol=1e-05
Best library so far.
Testing N_win=447 N_cf=4
Windowing:
  config: # windows=447, spacing=1.2253228276071708, CF order=4
  error tolerance: rtol=0.001, atol=1e-05
Best library so far.
Testing N_win=447 N_cf=3
Windowing:
  config: # windows=447, spacing=1.2253228276071708, CF order=3
  error tolerance: rtol=0.001, atol=1e-05
Best library so far.
Testing N_win=447 N_cf=2
Windowing:
  config: # windows=447, spacing=1.2253228276071708, CF order=2
  error tolerance: rtol=0.001, atol=1e-05
Failed: Pure curvefit failed for the first window!
Testing N_win=551 N_cf=10
Windowing:
  config: # windows=551, spacing=0.9940459236667973, CF order=10
  error tolerance: rtol=0.001, atol=1e-05
Testing N_win=551 N_cf=9
Windowing:
  config: # windows=551, spacing=0.9940459236667973, CF order=9
  error tolerance: rtol=0.001, atol=1e-05
Testing N_win=551 N_cf=8
Windowing:
  config: # windows=551, spacing=0.9940459236667973, CF order=8
  error tolerance: rtol=0.001, atol=1e-05
Testing N_win=551 N_cf=7
Windowing:
  config: # windows=551, spacing=0.9940459236667973, CF order=7
  error tolerance: rtol=0.001, atol=1e-05
Testing N_win=551 N_cf=6
Windowing:
  config: # windows=551, spacing=0.9940459236667973, CF order=6
  error tolerance: rtol=0.001, atol=1e-05
Best library so far.
Testing N_win=551 N_cf=5
Windowing:
  config: # windows=551, spacing=0.9940459236667973, CF order=5
  error tolerance: rtol=0.001, atol=1e-05
Best library so far.
Testing N_win=551 N_cf=4
Windowing:
  config: # windows=551, spacing=0.9940459236667973, CF order=4
  error tolerance: rtol=0.001, atol=1e-05
Best library so far.
Testing N_win=551 N_cf=3
Windowing:
  config: # windows=551, spacing=0.9940459236667973, CF order=3
  error tolerance: rtol=0.001, atol=1e-05
Best library so far.
Testing N_win=551 N_cf=2
Windowing:
  config: # windows=551, spacing=0.9940459236667973, CF order=2
  error tolerance: rtol=0.001, atol=1e-05
Failed: Pure curvefit failed for the first window!
Testing N_win=654 N_cf=10
Windowing:
  config: # windows=654, spacing=0.8374912904287544, CF order=10
  error tolerance: rtol=0.001, atol=1e-05
Testing N_win=654 N_cf=9
Windowing:
  config: # windows=654, spacing=0.8374912904287544, CF order=9
  error tolerance: rtol=0.001, atol=1e-05
Testing N_win=654 N_cf=8
Windowing:
  config: # windows=654, spacing=0.8374912904287544, CF order=8
  error tolerance: rtol=0.001, atol=1e-05
Testing N_win=654 N_cf=7
Windowing:
  config: # windows=654, spacing=0.8374912904287544, CF order=7
  error tolerance: rtol=0.001, atol=1e-05
Testing N_win=654 N_cf=6
Windowing:
  config: # windows=654, spacing=0.8374912904287544, CF order=6
  error tolerance: rtol=0.001, atol=1e-05
Testing N_win=654 N_cf=5
Windowing:
  config: # windows=654, spacing=0.8374912904287544, CF order=5
  error tolerance: rtol=0.001, atol=1e-05
Testing N_win=654 N_cf=4
Windowing:
  config: # windows=654, spacing=0.8374912904287544, CF order=4
  error tolerance: rtol=0.001, atol=1e-05
Testing N_win=654 N_cf=3
Windowing:
  config: # windows=654, spacing=0.8374912904287544, CF order=3
  error tolerance: rtol=0.001, atol=1e-05
Best library so far.
Testing N_win=654 N_cf=2
Windowing:
  config: # windows=654, spacing=0.8374912904287544, CF order=2
  error tolerance: rtol=0.001, atol=1e-05
Failed: Pure curvefit failed for the first window!
Testing N_win=758 N_cf=10
Windowing:
  config: # windows=758, spacing=0.7225848336944661, CF order=10
  error tolerance: rtol=0.001, atol=1e-05
Testing N_win=758 N_cf=9
Windowing:
  config: # windows=758, spacing=0.7225848336944661, CF order=9
  error tolerance: rtol=0.001, atol=1e-05
Testing N_win=758 N_cf=8
Windowing:
  config: # windows=758, spacing=0.7225848336944661, CF order=8
  error tolerance: rtol=0.001, atol=1e-05
Testing N_win=758 N_cf=7
Windowing:
  config: # windows=758, spacing=0.7225848336944661, CF order=7
  error tolerance: rtol=0.001, atol=1e-05
Testing N_win=758 N_cf=6
Windowing:
  config: # windows=758, spacing=0.7225848336944661, CF order=6
  error tolerance: rtol=0.001, atol=1e-05
Testing N_win=758 N_cf=5
Windowing:
  config: # windows=758, spacing=0.7225848336944661, CF order=5
  error tolerance: rtol=0.001, atol=1e-05
Testing N_win=758 N_cf=4
Windowing:
  config: # windows=758, spacing=0.7225848336944661, CF order=4
  error tolerance: rtol=0.001, atol=1e-05
Testing N_win=758 N_cf=3
Windowing:
  config: # windows=758, spacing=0.7225848336944661, CF order=3
  error tolerance: rtol=0.001, atol=1e-05
Best library so far.
Testing N_win=758 N_cf=2
Windowing:
  config: # windows=758, spacing=0.7225848336944661, CF order=2
  error tolerance: rtol=0.001, atol=1e-05
Failed: Pure curvefit failed for the first window!
Testing N_win=861 N_cf=10
Windowing:
  config: # windows=861, spacing=0.636143210151458, CF order=10
  error tolerance: rtol=0.001, atol=1e-05
Testing N_win=861 N_cf=9
Windowing:
  config: # windows=861, spacing=0.636143210151458, CF order=9
  error tolerance: rtol=0.001, atol=1e-05
Testing N_win=861 N_cf=8
Windowing:
  config: # windows=861, spacing=0.636143210151458, CF order=8
  error tolerance: rtol=0.001, atol=1e-05
Testing N_win=861 N_cf=7
Windowing:
  config: # windows=861, spacing=0.636143210151458, CF order=7
  error tolerance: rtol=0.001, atol=1e-05
Testing N_win=861 N_cf=6
Windowing:
  config: # windows=861, spacing=0.636143210151458, CF order=6
  error tolerance: rtol=0.001, atol=1e-05
Testing N_win=861 N_cf=5
Windowing:
  config: # windows=861, spacing=0.636143210151458, CF order=5
  error tolerance: rtol=0.001, atol=1e-05
Testing N_win=861 N_cf=4
Windowing:
  config: # windows=861, spacing=0.636143210151458, CF order=4
  error tolerance: rtol=0.001, atol=1e-05
Testing N_win=861 N_cf=3
Windowing:
  config: # windows=861, spacing=0.636143210151458, CF order=3
  error tolerance: rtol=0.001, atol=1e-05
Testing N_win=861 N_cf=2
Windowing:
  config: # windows=861, spacing=0.636143210151458, CF order=2
  error tolerance: rtol=0.001, atol=1e-05
Failed: Pure curvefit failed for the first window!
Testing N_win=965 N_cf=10
Windowing:
  config: # windows=965, spacing=0.5675847709226998, CF order=10
  error tolerance: rtol=0.001, atol=1e-05
Testing N_win=965 N_cf=9
Windowing:
  config: # windows=965, spacing=0.5675847709226998, CF order=9
  error tolerance: rtol=0.001, atol=1e-05
Testing N_win=965 N_cf=8
Windowing:
  config: # windows=965, spacing=0.5675847709226998, CF order=8
  error tolerance: rtol=0.001, atol=1e-05
Testing N_win=965 N_cf=7
Windowing:
  config: # windows=965, spacing=0.5675847709226998, CF order=7
  error tolerance: rtol=0.001, atol=1e-05
Testing N_win=965 N_cf=6
Windowing:
  config: # windows=965, spacing=0.5675847709226998, CF order=6
  error tolerance: rtol=0.001, atol=1e-05
Testing N_win=965 N_cf=5
Windowing:
  config: # windows=965, spacing=0.5675847709226998, CF order=5
  error tolerance: rtol=0.001, atol=1e-05
Testing N_win=965 N_cf=4
Windowing:
  config: # windows=965, spacing=0.5675847709226998, CF order=4
  error tolerance: rtol=0.001, atol=1e-05
Testing N_win=965 N_cf=3
Windowing:
  config: # windows=965, spacing=0.5675847709226998, CF order=3
  error tolerance: rtol=0.001, atol=1e-05
Testing N_win=965 N_cf=2
Windowing:
  config: # windows=965, spacing=0.5675847709226998, CF order=2
  error tolerance: rtol=0.001, atol=1e-05
Failed: Pure curvefit failed for the first window!
Testing N_win=1068 N_cf=10
Windowing:
  config: # windows=1068, spacing=0.512845790206372, CF order=10
  error tolerance: rtol=0.001, atol=1e-05
Testing N_win=1068 N_cf=9
Windowing:
  config: # windows=1068, spacing=0.512845790206372, CF order=9
  error tolerance: rtol=0.001, atol=1e-05
Testing N_win=1068 N_cf=8
Windowing:
  config: # windows=1068, spacing=0.512845790206372, CF order=8
  error tolerance: rtol=0.001, atol=1e-05
Testing N_win=1068 N_cf=7
Windowing:
  config: # windows=1068, spacing=0.512845790206372, CF order=7
  error tolerance: rtol=0.001, atol=1e-05
Testing N_win=1068 N_cf=6
Windowing:
  config: # windows=1068, spacing=0.512845790206372, CF order=6
  error tolerance: rtol=0.001, atol=1e-05
Testing N_win=1068 N_cf=5
Windowing:
  config: # windows=1068, spacing=0.512845790206372, CF order=5
  error tolerance: rtol=0.001, atol=1e-05
Testing N_win=1068 N_cf=4
Windowing:
  config: # windows=1068, spacing=0.512845790206372, CF order=4
  error tolerance: rtol=0.001, atol=1e-05
Testing N_win=1068 N_cf=3
Windowing:
  config: # windows=1068, spacing=0.512845790206372, CF order=3
  error tolerance: rtol=0.001, atol=1e-05
Testing N_win=1068 N_cf=2
Windowing:
  config: # windows=1068, spacing=0.512845790206372, CF order=2
  error tolerance: rtol=0.001, atol=1e-05
Failed: Pure curvefit failed for the first window!
Testing N_win=1172 N_cf=10
Windowing:
  config: # windows=1172, spacing=0.4673372900515404, CF order=10
  error tolerance: rtol=0.001, atol=1e-05
Testing N_win=1172 N_cf=9
Windowing:
  config: # windows=1172, spacing=0.4673372900515404, CF order=9
  error tolerance: rtol=0.001, atol=1e-05
Testing N_win=1172 N_cf=8
Windowing:
  config: # windows=1172, spacing=0.4673372900515404, CF order=8
  error tolerance: rtol=0.001, atol=1e-05
Testing N_win=1172 N_cf=7
Windowing:
  config: # windows=1172, spacing=0.4673372900515404, CF order=7
  error tolerance: rtol=0.001, atol=1e-05
Testing N_win=1172 N_cf=6
Windowing:
  config: # windows=1172, spacing=0.4673372900515404, CF order=6
  error tolerance: rtol=0.001, atol=1e-05
Testing N_win=1172 N_cf=5
Windowing:
  config: # windows=1172, spacing=0.4673372900515404, CF order=5
  error tolerance: rtol=0.001, atol=1e-05
Testing N_win=1172 N_cf=4
Windowing:
  config: # windows=1172, spacing=0.4673372900515404, CF order=4
  error tolerance: rtol=0.001, atol=1e-05
Testing N_win=1172 N_cf=3
Windowing:
  config: # windows=1172, spacing=0.4673372900515404, CF order=3
  error tolerance: rtol=0.001, atol=1e-05
Testing N_win=1172 N_cf=2
Windowing:
  config: # windows=1172, spacing=0.4673372900515404, CF order=2
  error tolerance: rtol=0.001, atol=1e-05
Failed: Pure curvefit failed for the first window!
Testing N_win=1275 N_cf=10
Windowing:
  config: # windows=1275, spacing=0.42958376779639634, CF order=10
  error tolerance: rtol=0.001, atol=1e-05
Testing N_win=1275 N_cf=9
Windowing:
  config: # windows=1275, spacing=0.42958376779639634, CF order=9
  error tolerance: rtol=0.001, atol=1e-05
Testing N_win=1275 N_cf=8
Windowing:
  config: # windows=1275, spacing=0.42958376779639634, CF order=8
  error tolerance: rtol=0.001, atol=1e-05
Testing N_win=1275 N_cf=7
Windowing:
  config: # windows=1275, spacing=0.42958376779639634, CF order=7
  error tolerance: rtol=0.001, atol=1e-05
Testing N_win=1275 N_cf=6
Windowing:
  config: # windows=1275, spacing=0.42958376779639634, CF order=6
  error tolerance: rtol=0.001, atol=1e-05
Testing N_win=1275 N_cf=5
Windowing:
  config: # windows=1275, spacing=0.42958376779639634, CF order=5
  error tolerance: rtol=0.001, atol=1e-05
Testing N_win=1275 N_cf=4
Windowing:
  config: # windows=1275, spacing=0.42958376779639634, CF order=4
  error tolerance: rtol=0.001, atol=1e-05
Testing N_win=1275 N_cf=3
Windowing:
  config: # windows=1275, spacing=0.42958376779639634, CF order=3
  error tolerance: rtol=0.001, atol=1e-05
Testing N_win=1275 N_cf=2
Windowing:
  config: # windows=1275, spacing=0.42958376779639634, CF order=2
  error tolerance: rtol=0.001, atol=1e-05
Failed: Pure curvefit failed for the first window!
Testing N_win=1379 N_cf=10
Windowing:
  config: # windows=1379, spacing=0.3971858621757834, CF order=10
  error tolerance: rtol=0.001, atol=1e-05
Testing N_win=1379 N_cf=9
Windowing:
  config: # windows=1379, spacing=0.3971858621757834, CF order=9
  error tolerance: rtol=0.001, atol=1e-05
Testing N_win=1379 N_cf=8
Windowing:
  config: # windows=1379, spacing=0.3971858621757834, CF order=8
  error tolerance: rtol=0.001, atol=1e-05
Testing N_win=1379 N_cf=7
Windowing:
  config: # windows=1379, spacing=0.3971858621757834, CF order=7
  error tolerance: rtol=0.001, atol=1e-05
Testing N_win=1379 N_cf=6
Windowing:
  config: # windows=1379, spacing=0.3971858621757834, CF order=6
  error tolerance: rtol=0.001, atol=1e-05
Testing N_win=1379 N_cf=5
Windowing:
  config: # windows=1379, spacing=0.3971858621757834, CF order=5
  error tolerance: rtol=0.001, atol=1e-05
Testing N_win=1379 N_cf=4
Windowing:
  config: # windows=1379, spacing=0.3971858621757834, CF order=4
  error tolerance: rtol=0.001, atol=1e-05
Testing N_win=1379 N_cf=3
Windowing:
  config: # windows=1379, spacing=0.3971858621757834, CF order=3
  error tolerance: rtol=0.001, atol=1e-05
Testing N_win=1379 N_cf=2
Windowing:
  config: # windows=1379, spacing=0.3971858621757834, CF order=2
  error tolerance: rtol=0.001, atol=1e-05
Failed: Pure curvefit failed for the first window!
Testing N_win=1482 N_cf=10
Windowing:
  config: # windows=1482, spacing=0.3695811767479118, CF order=10
  error tolerance: rtol=0.001, atol=1e-05
Testing N_win=1482 N_cf=9
Windowing:
  config: # windows=1482, spacing=0.3695811767479118, CF order=9
  error tolerance: rtol=0.001, atol=1e-05
Testing N_win=1482 N_cf=8
Windowing:
  config: # windows=1482, spacing=0.3695811767479118, CF order=8
  error tolerance: rtol=0.001, atol=1e-05
Testing N_win=1482 N_cf=7
Windowing:
  config: # windows=1482, spacing=0.3695811767479118, CF order=7
  error tolerance: rtol=0.001, atol=1e-05
Testing N_win=1482 N_cf=6
Windowing:
  config: # windows=1482, spacing=0.3695811767479118, CF order=6
  error tolerance: rtol=0.001, atol=1e-05
Testing N_win=1482 N_cf=5
Windowing:
  config: # windows=1482, spacing=0.3695811767479118, CF order=5
  error tolerance: rtol=0.001, atol=1e-05
Testing N_win=1482 N_cf=4
Windowing:
  config: # windows=1482, spacing=0.3695811767479118, CF order=4
  error tolerance: rtol=0.001, atol=1e-05
Testing N_win=1482 N_cf=3
Windowing:
  config: # windows=1482, spacing=0.3695811767479118, CF order=3
  error tolerance: rtol=0.001, atol=1e-05
Testing N_win=1482 N_cf=2
Windowing:
  config: # windows=1482, spacing=0.3695811767479118, CF order=2
  error tolerance: rtol=0.001, atol=1e-05
Failed: Pure curvefit failed for the first window!
Testing N_win=1586 N_cf=10
Windowing:
  config: # windows=1586, spacing=0.34534634548575366, CF order=10
  error tolerance: rtol=0.001, atol=1e-05
Testing N_win=1586 N_cf=9
Windowing:
  config: # windows=1586, spacing=0.34534634548575366, CF order=9
  error tolerance: rtol=0.001, atol=1e-05
Testing N_win=1586 N_cf=8
Windowing:
  config: # windows=1586, spacing=0.34534634548575366, CF order=8
  error tolerance: rtol=0.001, atol=1e-05
Testing N_win=1586 N_cf=7
Windowing:
  config: # windows=1586, spacing=0.34534634548575366, CF order=7
  error tolerance: rtol=0.001, atol=1e-05
Testing N_win=1586 N_cf=6
Windowing:
  config: # windows=1586, spacing=0.34534634548575366, CF order=6
  error tolerance: rtol=0.001, atol=1e-05
Testing N_win=1586 N_cf=5
Windowing:
  config: # windows=1586, spacing=0.34534634548575366, CF order=5
  error tolerance: rtol=0.001, atol=1e-05
Testing N_win=1586 N_cf=4
Windowing:
  config: # windows=1586, spacing=0.34534634548575366, CF order=4
  error tolerance: rtol=0.001, atol=1e-05
Testing N_win=1586 N_cf=3
Windowing:
  config: # windows=1586, spacing=0.34534634548575366, CF order=3
  error tolerance: rtol=0.001, atol=1e-05
Testing N_win=1586 N_cf=2
Windowing:
  config: # windows=1586, spacing=0.34534634548575366, CF order=2
  error tolerance: rtol=0.001, atol=1e-05
Failed: Pure curvefit failed for the first window!
Testing N_win=1689 N_cf=10
Windowing:
  config: # windows=1689, spacing=0.32428614798129385, CF order=10
  error tolerance: rtol=0.001, atol=1e-05
Testing N_win=1689 N_cf=9
Windowing:
  config: # windows=1689, spacing=0.32428614798129385, CF order=9
  error tolerance: rtol=0.001, atol=1e-05
Testing N_win=1689 N_cf=8
Windowing:
  config: # windows=1689, spacing=0.32428614798129385, CF order=8
  error tolerance: rtol=0.001, atol=1e-05
Testing N_win=1689 N_cf=7
Windowing:
  config: # windows=1689, spacing=0.32428614798129385, CF order=7
  error tolerance: rtol=0.001, atol=1e-05
Testing N_win=1689 N_cf=6
Windowing:
  config: # windows=1689, spacing=0.32428614798129385, CF order=6
  error tolerance: rtol=0.001, atol=1e-05
Testing N_win=1689 N_cf=5
Windowing:
  config: # windows=1689, spacing=0.32428614798129385, CF order=5
  error tolerance: rtol=0.001, atol=1e-05
Testing N_win=1689 N_cf=4
Windowing:
  config: # windows=1689, spacing=0.32428614798129385, CF order=4
  error tolerance: rtol=0.001, atol=1e-05
Testing N_win=1689 N_cf=3
Windowing:
  config: # windows=1689, spacing=0.32428614798129385, CF order=3
  error tolerance: rtol=0.001, atol=1e-05
Testing N_win=1689 N_cf=2
Windowing:
  config: # windows=1689, spacing=0.32428614798129385, CF order=2
  error tolerance: rtol=0.001, atol=1e-05
Failed: Pure curvefit failed for the first window!
Testing N_win=1793 N_cf=10
Windowing:
  config: # windows=1793, spacing=0.3054764662244313, CF order=10
  error tolerance: rtol=0.001, atol=1e-05
Testing N_win=1793 N_cf=9
Windowing:
  config: # windows=1793, spacing=0.3054764662244313, CF order=9
  error tolerance: rtol=0.001, atol=1e-05
Testing N_win=1793 N_cf=8
Windowing:
  config: # windows=1793, spacing=0.3054764662244313, CF order=8
  error tolerance: rtol=0.001, atol=1e-05
Testing N_win=1793 N_cf=7
Windowing:
  config: # windows=1793, spacing=0.3054764662244313, CF order=7
  error tolerance: rtol=0.001, atol=1e-05
Testing N_win=1793 N_cf=6
Windowing:
  config: # windows=1793, spacing=0.3054764662244313, CF order=6
  error tolerance: rtol=0.001, atol=1e-05
Testing N_win=1793 N_cf=5
Windowing:
  config: # windows=1793, spacing=0.3054764662244313, CF order=5
  error tolerance: rtol=0.001, atol=1e-05
Testing N_win=1793 N_cf=4
Windowing:
  config: # windows=1793, spacing=0.3054764662244313, CF order=4
  error tolerance: rtol=0.001, atol=1e-05
Testing N_win=1793 N_cf=3
Windowing:
  config: # windows=1793, spacing=0.3054764662244313, CF order=3
  error tolerance: rtol=0.001, atol=1e-05
Testing N_win=1793 N_cf=2
Windowing:
  config: # windows=1793, spacing=0.3054764662244313, CF order=2
  error tolerance: rtol=0.001, atol=1e-05
Failed: Pure curvefit failed for the first window!
Testing N_win=1896 N_cf=10
Windowing:
  config: # windows=1896, spacing=0.288881489420045, CF order=10
  error tolerance: rtol=0.001, atol=1e-05
Testing N_win=1896 N_cf=9
Windowing:
  config: # windows=1896, spacing=0.288881489420045, CF order=9
  error tolerance: rtol=0.001, atol=1e-05
Testing N_win=1896 N_cf=8
Windowing:
  config: # windows=1896, spacing=0.288881489420045, CF order=8
  error tolerance: rtol=0.001, atol=1e-05
Testing N_win=1896 N_cf=7
Windowing:
  config: # windows=1896, spacing=0.288881489420045, CF order=7
  error tolerance: rtol=0.001, atol=1e-05
Testing N_win=1896 N_cf=6
Windowing:
  config: # windows=1896, spacing=0.288881489420045, CF order=6
  error tolerance: rtol=0.001, atol=1e-05
Testing N_win=1896 N_cf=5
Windowing:
  config: # windows=1896, spacing=0.288881489420045, CF order=5
  error tolerance: rtol=0.001, atol=1e-05
Testing N_win=1896 N_cf=4
Windowing:
  config: # windows=1896, spacing=0.288881489420045, CF order=4
  error tolerance: rtol=0.001, atol=1e-05
Testing N_win=1896 N_cf=3
Windowing:
  config: # windows=1896, spacing=0.288881489420045, CF order=3
  error tolerance: rtol=0.001, atol=1e-05
Testing N_win=1896 N_cf=2
Windowing:
  config: # windows=1896, spacing=0.288881489420045, CF order=2
  error tolerance: rtol=0.001, atol=1e-05
Failed: Pure curvefit failed for the first window!
Testing N_win=2000 N_cf=10
Windowing:
  config: # windows=2000, spacing=0.2738596519702027, CF order=10
  error tolerance: rtol=0.001, atol=1e-05
Testing N_win=2000 N_cf=9
Windowing:
  config: # windows=2000, spacing=0.2738596519702027, CF order=9
  error tolerance: rtol=0.001, atol=1e-05
Testing N_win=2000 N_cf=8
Windowing:
  config: # windows=2000, spacing=0.2738596519702027, CF order=8
  error tolerance: rtol=0.001, atol=1e-05
Testing N_win=2000 N_cf=7
Windowing:
  config: # windows=2000, spacing=0.2738596519702027, CF order=7
  error tolerance: rtol=0.001, atol=1e-05
Testing N_win=2000 N_cf=6
Windowing:
  config: # windows=2000, spacing=0.2738596519702027, CF order=6
  error tolerance: rtol=0.001, atol=1e-05
Testing N_win=2000 N_cf=5
Windowing:
  config: # windows=2000, spacing=0.2738596519702027, CF order=5
  error tolerance: rtol=0.001, atol=1e-05
Testing N_win=2000 N_cf=4
Windowing:
  config: # windows=2000, spacing=0.2738596519702027, CF order=4
  error tolerance: rtol=0.001, atol=1e-05
Testing N_win=2000 N_cf=3
Windowing:
  config: # windows=2000, spacing=0.2738596519702027, CF order=3
  error tolerance: rtol=0.001, atol=1e-05
Testing N_win=2000 N_cf=2
Windowing:
  config: # windows=2000, spacing=0.2738596519702027, CF order=2
  error tolerance: rtol=0.001, atol=1e-05
Failed: Pure curvefit failed for the first window!
Final library: 387 poles, 758 windows, 1.7 poles per window, 3 CF order
