Running NJOY to get 0K point-wise data (error=0.0005)...
Parsing cross sections within resolved resonance range...
  MTs: [2, 27, 102, 103, 107]
  Energy range: 1.000e-05 to 2.000e+03 eV (47220 points)
Vector fitting piece 1/23...
  energy: 1.000e-05 to 4.389e+00 eV (618 points)
  error tolerance: rtol=0.001, atol=1e-05
Found 0 peaks
Fitting orders from 2 to 200
Order=2(0/100)
Order=4(1/100)
Order=6(2/100)
Found ideal results. Stop!
Found 2 real poles and 2 conjugate complex pairs.
Final number of poles: 4
Saved figure: WMP_Lib/Au197/0-4_MT2.png
Saved figure: WMP_Lib/Au197/0-4_MT27.png
Saved figure: WMP_Lib/Au197/0-4_MT102.png
Saved figure: WMP_Lib/Au197/0-4_MT103.png
Saved figure: WMP_Lib/Au197/0-4_MT107.png
Vector fitting piece 2/23...
  energy: 6.875e-01 to 1.669e+01 eV (554 points)
  error tolerance: rtol=0.001, atol=1e-05
Found 1 peaks
Fitting orders from 2 to 200
Order=2(0/100)
Order=4(1/100)
Order=6(2/100)
Found ideal results. Stop!
Found 2 real poles and 2 conjugate complex pairs.
Final number of poles: 4
Saved figure: WMP_Lib/Au197/1-17_MT2.png
Saved figure: WMP_Lib/Au197/1-17_MT27.png
Saved figure: WMP_Lib/Au197/1-17_MT102.png
Saved figure: WMP_Lib/Au197/1-17_MT103.png
Saved figure: WMP_Lib/Au197/1-17_MT107.png
Vector fitting piece 3/23...
  energy: 7.656e+00 to 3.660e+01 eV (128 points)
  error tolerance: rtol=0.001, atol=1e-05
Found 0 peaks
Fitting orders from 2 to 200
Order=2(0/100)
Order=4(1/100)
Order=6(2/100)
Found ideal results. Stop!
Found 4 real poles and 1 conjugate complex pairs.
Final number of poles: 5
Saved figure: WMP_Lib/Au197/8-37_MT2.png
Saved figure: WMP_Lib/Au197/8-37_MT27.png
Saved figure: WMP_Lib/Au197/8-37_MT102.png
Saved figure: WMP_Lib/Au197/8-37_MT103.png
Saved figure: WMP_Lib/Au197/8-37_MT107.png
Vector fitting piece 4/23...
  energy: 2.189e+01 to 6.288e+01 eV (1078 points)
  error tolerance: rtol=0.001, atol=1e-05
Found 3 peaks
Fitting orders from 6 to 200
Order=6(0/98)
Order=8(1/98)
Order=10(2/98)
Found ideal results. Stop!
Found 2 real poles and 4 conjugate complex pairs.
Final number of poles: 6
Saved figure: WMP_Lib/Au197/22-63_MT2.png
Saved figure: WMP_Lib/Au197/22-63_MT27.png
Saved figure: WMP_Lib/Au197/22-63_MT102.png
Saved figure: WMP_Lib/Au197/22-63_MT103.png
Saved figure: WMP_Lib/Au197/22-63_MT107.png
Vector fitting piece 5/23...
  energy: 4.433e+01 to 9.787e+01 eV (1656 points)
  error tolerance: rtol=0.001, atol=1e-05
Found 4 peaks
Fitting orders from 8 to 200
Order=8(0/97)
Order=10(1/97)
Order=12(2/97)
Found ideal results. Stop!
Found 2 real poles and 5 conjugate complex pairs.
Final number of poles: 7
Saved figure: WMP_Lib/Au197/44-98_MT2.png
Saved figure: WMP_Lib/Au197/44-98_MT27.png
Saved figure: WMP_Lib/Au197/44-98_MT102.png
Saved figure: WMP_Lib/Au197/44-98_MT103.png
Saved figure: WMP_Lib/Au197/44-98_MT107.png
Vector fitting piece 6/23...
  energy: 7.406e+01 to 1.398e+02 eV (1557 points)
  error tolerance: rtol=0.001, atol=1e-05
Found 3 peaks
Fitting orders from 6 to 200
Order=6(0/98)
Order=8(1/98)
Order=10(2/98)
Order=12(3/98)
Found ideal results. Stop!
Found 2 real poles and 5 conjugate complex pairs.
Final number of poles: 7
Saved figure: WMP_Lib/Au197/74-140_MT2.png
Saved figure: WMP_Lib/Au197/74-140_MT27.png
Saved figure: WMP_Lib/Au197/74-140_MT102.png
Saved figure: WMP_Lib/Au197/74-140_MT103.png
Saved figure: WMP_Lib/Au197/74-140_MT107.png
Vector fitting piece 7/23...
  energy: 1.113e+02 to 1.893e+02 eV (2363 points)
  error tolerance: rtol=0.001, atol=1e-05
Found 5 peaks
Fitting orders from 10 to 200
Order=10(0/96)
Order=12(1/96)
Order=14(2/96)
Order=16(3/96)
Order=18(4/96)
Order=20(5/96)
Order=22(6/96)
Order=24(7/96)
Order=26(8/96)
Order=28(9/96)
Order=30(10/96)
Order=32(11/96)
Order=34(12/96)
Order=36(13/96)
Order=38(14/96)
Order=40(15/96)
Order=42(16/96)
Order=44(17/96)
Order=46(18/96)
Order=48(19/96)
Order=50(20/96)
Order=52(21/96)
Order=54(22/96)
Order=56(23/96)
Order=58(24/96)
Order=60(25/96)
Found 0 real poles and 8 conjugate complex pairs.
Final number of poles: 8
Saved figure: WMP_Lib/Au197/111-189_MT2.png
Saved figure: WMP_Lib/Au197/111-189_MT27.png
Saved figure: WMP_Lib/Au197/111-189_MT102.png
Saved figure: WMP_Lib/Au197/111-189_MT103.png
Saved figure: WMP_Lib/Au197/111-189_MT107.png
Vector fitting piece 8/23...
  energy: 1.561e+02 to 2.467e+02 eV (2240 points)
  error tolerance: rtol=0.001, atol=1e-05
Found 5 peaks
Fitting orders from 10 to 200
Order=10(0/96)
Order=12(1/96)
Order=14(2/96)
Order=16(3/96)
Found ideal results. Stop!
Found 2 real poles and 7 conjugate complex pairs.
Final number of poles: 9
Saved figure: WMP_Lib/Au197/156-247_MT2.png
Saved figure: WMP_Lib/Au197/156-247_MT27.png
Saved figure: WMP_Lib/Au197/156-247_MT102.png
Saved figure: WMP_Lib/Au197/156-247_MT103.png
Saved figure: WMP_Lib/Au197/156-247_MT107.png
Vector fitting piece 9/23...
  energy: 2.085e+02 to 3.122e+02 eV (2416 points)
  error tolerance: rtol=0.001, atol=1e-05
Found 6 peaks
Fitting orders from 12 to 200
Order=12(0/95)
Order=14(1/95)
Order=16(2/95)
Found ideal results. Stop!
Found 4 real poles and 6 conjugate complex pairs.
Final number of poles: 10
Saved figure: WMP_Lib/Au197/209-312_MT2.png
Saved figure: WMP_Lib/Au197/209-312_MT27.png
Saved figure: WMP_Lib/Au197/209-312_MT102.png
Saved figure: WMP_Lib/Au197/209-312_MT103.png
Saved figure: WMP_Lib/Au197/209-312_MT107.png
Vector fitting piece 10/23...
  energy: 2.684e+02 to 3.839e+02 eV (3419 points)
  error tolerance: rtol=0.001, atol=1e-05
Found 8 peaks
Fitting orders from 16 to 200
Order=16(0/93)
Order=18(1/93)
Order=20(2/93)
Order=22(3/93)
Order=24(4/93)
Order=26(5/93)
Order=28(6/93)
Order=30(7/93)
Order=32(8/93)
Order=34(9/93)
Order=36(10/93)
Order=38(11/93)
Order=40(12/93)
Order=42(13/93)
Order=44(14/93)
Order=46(15/93)
Order=48(16/93)
Order=50(17/93)
Order=52(18/93)
Order=54(19/93)
Order=56(20/93)
Order=58(21/93)
Order=60(22/93)
Found 2 real poles and 9 conjugate complex pairs.
Final number of poles: 11
Saved figure: WMP_Lib/Au197/268-384_MT2.png
Saved figure: WMP_Lib/Au197/268-384_MT27.png
Saved figure: WMP_Lib/Au197/268-384_MT102.png
Saved figure: WMP_Lib/Au197/268-384_MT103.png
Saved figure: WMP_Lib/Au197/268-384_MT107.png
Vector fitting piece 11/23...
  energy: 3.359e+02 to 4.640e+02 eV (3529 points)
  error tolerance: rtol=0.001, atol=1e-05
Found 8 peaks
Fitting orders from 16 to 200
Order=16(0/93)
Order=18(1/93)
Order=20(2/93)
Order=22(3/93)
Order=24(4/93)
Order=26(5/93)
Order=28(6/93)
Order=30(7/93)
Order=32(8/93)
Order=34(9/93)
Order=36(10/93)
Order=38(11/93)
Order=40(12/93)
Order=42(13/93)
Order=44(14/93)
Order=46(15/93)
Order=48(16/93)
Order=50(17/93)
Order=52(18/93)
Order=54(19/93)
Order=56(20/93)
Order=58(21/93)
Order=60(22/93)
Found 4 real poles and 9 conjugate complex pairs.
Final number of poles: 13
Saved figure: WMP_Lib/Au197/336-464_MT2.png
Saved figure: WMP_Lib/Au197/336-464_MT27.png
Saved figure: WMP_Lib/Au197/336-464_MT102.png
Saved figure: WMP_Lib/Au197/336-464_MT103.png
Saved figure: WMP_Lib/Au197/336-464_MT107.png
Vector fitting piece 12/23...
  energy: 4.108e+02 to 5.514e+02 eV (3176 points)
  error tolerance: rtol=0.001, atol=1e-05
Found 7 peaks
Fitting orders from 14 to 200
Order=14(0/94)
Order=16(1/94)
Order=18(2/94)
Order=20(3/94)
Found ideal results. Stop!
Found 6 real poles and 7 conjugate complex pairs.
Final number of poles: 13
Saved figure: WMP_Lib/Au197/411-551_MT2.png
Saved figure: WMP_Lib/Au197/411-551_MT27.png
Saved figure: WMP_Lib/Au197/411-551_MT102.png
Saved figure: WMP_Lib/Au197/411-551_MT103.png
Saved figure: WMP_Lib/Au197/411-551_MT107.png
Vector fitting piece 13/23...
  energy: 4.936e+02 to 6.466e+02 eV (4599 points)
  error tolerance: rtol=0.001, atol=1e-05
Found 12 peaks
Fitting orders from 24 to 200
Order=24(0/89)
Order=26(1/89)
Order=28(2/89)
Order=30(3/89)
Found ideal results. Stop!
Found 4 real poles and 13 conjugate complex pairs.
Final number of poles: 17
Saved figure: WMP_Lib/Au197/494-647_MT2.png
Saved figure: WMP_Lib/Au197/494-647_MT27.png
Saved figure: WMP_Lib/Au197/494-647_MT102.png
Saved figure: WMP_Lib/Au197/494-647_MT103.png
Saved figure: WMP_Lib/Au197/494-647_MT107.png
Vector fitting piece 14/23...
  energy: 5.838e+02 to 7.495e+02 eV (4528 points)
  error tolerance: rtol=0.001, atol=1e-05
Found 12 peaks
Fitting orders from 24 to 200
Order=24(0/89)
Order=26(1/89)
Order=28(2/89)
Order=30(3/89)
Order=32(4/89)
Order=34(5/89)
Order=36(6/89)
Order=38(7/89)
Order=40(8/89)
Order=42(9/89)
Order=44(10/89)
Order=46(11/89)
Order=48(12/89)
Order=50(13/89)
Order=52(14/89)
Order=54(15/89)
Order=56(16/89)
Order=58(17/89)
Order=60(18/89)
Found 6 real poles and 12 conjugate complex pairs.
Final number of poles: 18
Saved figure: WMP_Lib/Au197/584-750_MT2.png
Saved figure: WMP_Lib/Au197/584-750_MT27.png
Saved figure: WMP_Lib/Au197/584-750_MT102.png
Saved figure: WMP_Lib/Au197/584-750_MT103.png
Saved figure: WMP_Lib/Au197/584-750_MT107.png
Vector fitting piece 15/23...
  energy: 6.814e+02 to 8.592e+02 eV (4491 points)
  error tolerance: rtol=0.001, atol=1e-05
Found 12 peaks
Fitting orders from 24 to 200
Order=24(0/89)
Order=26(1/89)
Order=28(2/89)
Order=30(3/89)
Order=32(4/89)
Order=34(5/89)
Order=36(6/89)
Order=38(7/89)
Order=40(8/89)
Order=42(9/89)
Order=44(10/89)
Order=46(11/89)
Order=48(12/89)
Order=50(13/89)
Order=52(14/89)
Order=54(15/89)
Order=56(16/89)
Order=58(17/89)
Order=60(18/89)
Found 6 real poles and 13 conjugate complex pairs.
Final number of poles: 19
Saved figure: WMP_Lib/Au197/681-859_MT2.png
Saved figure: WMP_Lib/Au197/681-859_MT27.png
Saved figure: WMP_Lib/Au197/681-859_MT102.png
Saved figure: WMP_Lib/Au197/681-859_MT103.png
Saved figure: WMP_Lib/Au197/681-859_MT107.png
Vector fitting piece 16/23...
  energy: 7.867e+02 to 9.772e+02 eV (3817 points)
  error tolerance: rtol=0.001, atol=1e-05
Found 10 peaks
Fitting orders from 20 to 200
Order=20(0/91)
Order=22(1/91)
Order=24(2/91)
Order=26(3/91)
Order=28(4/91)
Order=30(5/91)
Order=32(6/91)
Order=34(7/91)
Order=36(8/91)
Order=38(9/91)
Order=40(10/91)
Order=42(11/91)
Order=44(12/91)
Order=46(13/91)
Order=48(14/91)
Order=50(15/91)
Order=52(16/91)
Order=54(17/91)
Order=56(18/91)
Order=58(19/91)
Order=60(20/91)
Found 6 real poles and 11 conjugate complex pairs.
Final number of poles: 17
Saved figure: WMP_Lib/Au197/787-977_MT2.png
Saved figure: WMP_Lib/Au197/787-977_MT27.png
Saved figure: WMP_Lib/Au197/787-977_MT102.png
Saved figure: WMP_Lib/Au197/787-977_MT103.png
Saved figure: WMP_Lib/Au197/787-977_MT107.png
Vector fitting piece 17/23...
  energy: 8.993e+02 to 1.103e+03 eV (4151 points)
  error tolerance: rtol=0.001, atol=1e-05
Found 11 peaks
Fitting orders from 22 to 200
Order=22(0/90)
Order=24(1/90)
Order=26(2/90)
Order=28(3/90)
Order=30(4/90)
Order=32(5/90)
Order=34(6/90)
Order=36(7/90)
Order=38(8/90)
Order=40(9/90)
Order=42(10/90)
Order=44(11/90)
Order=46(12/90)
Order=48(13/90)
Order=50(14/90)
Order=52(15/90)
Order=54(16/90)
Order=56(17/90)
Order=58(18/90)
Order=60(19/90)
Found 2 real poles and 12 conjugate complex pairs.
Final number of poles: 14
Saved figure: WMP_Lib/Au197/899-1103_MT2.png
Saved figure: WMP_Lib/Au197/899-1103_MT27.png
Saved figure: WMP_Lib/Au197/899-1103_MT102.png
Saved figure: WMP_Lib/Au197/899-1103_MT103.png
Saved figure: WMP_Lib/Au197/899-1103_MT107.png
Vector fitting piece 18/23...
  energy: 1.020e+03 to 1.236e+03 eV (4838 points)
  error tolerance: rtol=0.001, atol=1e-05
Found 13 peaks
Fitting orders from 26 to 200
Order=26(0/88)
Order=28(1/88)
Order=30(2/88)
Order=32(3/88)
Order=34(4/88)
Order=36(5/88)
Order=38(6/88)
Order=40(7/88)
Order=42(8/88)
Order=44(9/88)
Order=46(10/88)
Order=48(11/88)
Order=50(12/88)
Order=52(13/88)
Order=54(14/88)
Order=56(15/88)
Order=58(16/88)
Order=60(17/88)
Found 6 real poles and 13 conjugate complex pairs.
Final number of poles: 19
Saved figure: WMP_Lib/Au197/1020-1236_MT2.png
Saved figure: WMP_Lib/Au197/1020-1236_MT27.png
Saved figure: WMP_Lib/Au197/1020-1236_MT102.png
Saved figure: WMP_Lib/Au197/1020-1236_MT103.png
Saved figure: WMP_Lib/Au197/1020-1236_MT107.png
Vector fitting piece 19/23...
  energy: 1.148e+03 to 1.376e+03 eV (5643 points)
  error tolerance: rtol=0.001, atol=1e-05
Found 15 peaks
Fitting orders from 30 to 200
Order=30(0/86)
Order=32(1/86)
Order=34(2/86)
Order=36(3/86)
Order=38(4/86)
Order=40(5/86)
Order=42(6/86)
Order=44(7/86)
Order=46(8/86)
Order=48(9/86)
Order=50(10/86)
Order=52(11/86)
Order=54(12/86)
Order=56(13/86)
Order=58(14/86)
Order=60(15/86)
Found 4 real poles and 15 conjugate complex pairs.
Final number of poles: 19
Saved figure: WMP_Lib/Au197/1148-1376_MT2.png
Saved figure: WMP_Lib/Au197/1148-1376_MT27.png
Saved figure: WMP_Lib/Au197/1148-1376_MT102.png
Saved figure: WMP_Lib/Au197/1148-1376_MT103.png
Saved figure: WMP_Lib/Au197/1148-1376_MT107.png
Vector fitting piece 20/23...
  energy: 1.284e+03 to 1.524e+03 eV (5672 points)
  error tolerance: rtol=0.001, atol=1e-05
Found 15 peaks
Fitting orders from 30 to 200
Order=30(0/86)
Order=32(1/86)
Order=34(2/86)
Order=36(3/86)
Order=38(4/86)
Order=40(5/86)
Order=42(6/86)
Order=44(7/86)
Order=46(8/86)
Order=48(9/86)
Order=50(10/86)
Order=52(11/86)
Order=54(12/86)
Order=56(13/86)
Order=58(14/86)
Order=60(15/86)
Found 4 real poles and 17 conjugate complex pairs.
Final number of poles: 21
Saved figure: WMP_Lib/Au197/1284-1524_MT2.png
Saved figure: WMP_Lib/Au197/1284-1524_MT27.png
Saved figure: WMP_Lib/Au197/1284-1524_MT102.png
Saved figure: WMP_Lib/Au197/1284-1524_MT103.png
Saved figure: WMP_Lib/Au197/1284-1524_MT107.png
Vector fitting piece 21/23...
  energy: 1.427e+03 to 1.680e+03 eV (5771 points)
  error tolerance: rtol=0.001, atol=1e-05
Found 16 peaks
Fitting orders from 32 to 200
Order=32(0/85)
Order=34(1/85)
Order=36(2/85)
Order=38(3/85)
Order=40(4/85)
Order=42(5/85)
Order=44(6/85)
Order=46(7/85)
Order=48(8/85)
Order=50(9/85)
Order=52(10/85)
Order=54(11/85)
Order=56(12/85)
Order=58(13/85)
Order=60(14/85)
Found 4 real poles and 18 conjugate complex pairs.
Final number of poles: 22
Saved figure: WMP_Lib/Au197/1427-1680_MT2.png
Saved figure: WMP_Lib/Au197/1427-1680_MT27.png
Saved figure: WMP_Lib/Au197/1427-1680_MT102.png
Saved figure: WMP_Lib/Au197/1427-1680_MT103.png
Saved figure: WMP_Lib/Au197/1427-1680_MT107.png
Vector fitting piece 22/23...
  energy: 1.577e+03 to 1.843e+03 eV (5505 points)
  error tolerance: rtol=0.001, atol=1e-05
Found 16 peaks
Fitting orders from 32 to 200
Order=32(0/85)
Order=34(1/85)
Order=36(2/85)
Order=38(3/85)
Order=40(4/85)
Order=42(5/85)
Order=44(6/85)
Order=46(7/85)
Order=48(8/85)
Order=50(9/85)
Order=52(10/85)
Order=54(11/85)
Order=56(12/85)
Order=58(13/85)
Order=60(14/85)
Found 6 real poles and 16 conjugate complex pairs.
Final number of poles: 22
Saved figure: WMP_Lib/Au197/1577-1843_MT2.png
Saved figure: WMP_Lib/Au197/1577-1843_MT27.png
Saved figure: WMP_Lib/Au197/1577-1843_MT102.png
Saved figure: WMP_Lib/Au197/1577-1843_MT103.png
Saved figure: WMP_Lib/Au197/1577-1843_MT107.png
Vector fitting piece 23/23...
  energy: 1.736e+03 to 2.000e+03 eV (4141 points)
  error tolerance: rtol=0.001, atol=1e-05
Found 13 peaks
Fitting orders from 26 to 200
Order=26(0/88)
Order=28(1/88)
Order=30(2/88)
Order=32(3/88)
Order=34(4/88)
Order=36(5/88)
Order=38(6/88)
Order=40(7/88)
Order=42(8/88)
Order=44(9/88)
Order=46(10/88)
Order=48(11/88)
Order=50(12/88)
Order=52(13/88)
Order=54(14/88)
Order=56(15/88)
Order=58(16/88)
Order=60(17/88)
Found 4 real poles and 14 conjugate complex pairs.
Final number of poles: 18
Saved figure: WMP_Lib/Au197/1736-2000_MT2.png
Saved figure: WMP_Lib/Au197/1736-2000_MT27.png
Saved figure: WMP_Lib/Au197/1736-2000_MT102.png
Saved figure: WMP_Lib/Au197/1736-2000_MT103.png
Saved figure: WMP_Lib/Au197/1736-2000_MT107.png
Dumped multipole data to file: WMP_Lib/Au197/Au197_mp.pickle
Start searching ...
Testing N_win=15 N_cf=10
Failed: Window spacing cannot be larger than piece spacing.
Testing N_win=119 N_cf=10
Windowing:
  config: # windows=119, spacing=0.37578307640331376, CF order=10
  error tolerance: rtol=0.001, atol=1e-05
Best library so far.
Testing N_win=119 N_cf=9
Windowing:
  config: # windows=119, spacing=0.37578307640331376, CF order=9
  error tolerance: rtol=0.001, atol=1e-05
Best library so far.
Testing N_win=119 N_cf=8
Windowing:
  config: # windows=119, spacing=0.37578307640331376, CF order=8
  error tolerance: rtol=0.001, atol=1e-05
Best library so far.
Testing N_win=119 N_cf=7
Windowing:
  config: # windows=119, spacing=0.37578307640331376, CF order=7
  error tolerance: rtol=0.001, atol=1e-05
Best library so far.
Testing N_win=119 N_cf=6
Windowing:
  config: # windows=119, spacing=0.37578307640331376, CF order=6
  error tolerance: rtol=0.001, atol=1e-05
Best library so far.
Testing N_win=119 N_cf=5
Windowing:
  config: # windows=119, spacing=0.37578307640331376, CF order=5
  error tolerance: rtol=0.001, atol=1e-05
Best library so far.
Testing N_win=119 N_cf=4
Windowing:
  config: # windows=119, spacing=0.37578307640331376, CF order=4
  error tolerance: rtol=0.001, atol=1e-05
Best library so far.
Testing N_win=119 N_cf=3
Windowing:
  config: # windows=119, spacing=0.37578307640331376, CF order=3
  error tolerance: rtol=0.001, atol=1e-05
Failed: Pure curvefit failed for the first window!
Testing N_win=223 N_cf=10
Windowing:
  config: # windows=223, spacing=0.20052998247531095, CF order=10
  error tolerance: rtol=0.001, atol=1e-05
Best library so far.
Testing N_win=223 N_cf=9
Windowing:
  config: # windows=223, spacing=0.20052998247531095, CF order=9
  error tolerance: rtol=0.001, atol=1e-05
Best library so far.
Testing N_win=223 N_cf=8
Windowing:
  config: # windows=223, spacing=0.20052998247531095, CF order=8
  error tolerance: rtol=0.001, atol=1e-05
Best library so far.
Testing N_win=223 N_cf=7
Windowing:
  config: # windows=223, spacing=0.20052998247531095, CF order=7
  error tolerance: rtol=0.001, atol=1e-05
Best library so far.
Testing N_win=223 N_cf=6
Windowing:
  config: # windows=223, spacing=0.20052998247531095, CF order=6
  error tolerance: rtol=0.001, atol=1e-05
Best library so far.
Testing N_win=223 N_cf=5
Windowing:
  config: # windows=223, spacing=0.20052998247531095, CF order=5
  error tolerance: rtol=0.001, atol=1e-05
Best library so far.
Testing N_win=223 N_cf=4
Windowing:
  config: # windows=223, spacing=0.20052998247531095, CF order=4
  error tolerance: rtol=0.001, atol=1e-05
Best library so far.
Testing N_win=223 N_cf=3
Windowing:
  config: # windows=223, spacing=0.20052998247531095, CF order=3
  error tolerance: rtol=0.001, atol=1e-05
Failed: Pure curvefit failed for the first window!
Testing N_win=328 N_cf=10
Windowing:
  config: # windows=328, spacing=0.1363359332072998, CF order=10
  error tolerance: rtol=0.001, atol=1e-05
Testing N_win=328 N_cf=9
Windowing:
  config: # windows=328, spacing=0.1363359332072998, CF order=9
  error tolerance: rtol=0.001, atol=1e-05
Testing N_win=328 N_cf=8
Windowing:
  config: # windows=328, spacing=0.1363359332072998, CF order=8
  error tolerance: rtol=0.001, atol=1e-05
Testing N_win=328 N_cf=7
Windowing:
  config: # windows=328, spacing=0.1363359332072998, CF order=7
  error tolerance: rtol=0.001, atol=1e-05
Testing N_win=328 N_cf=6
Windowing:
  config: # windows=328, spacing=0.1363359332072998, CF order=6
  error tolerance: rtol=0.001, atol=1e-05
Best library so far.
Testing N_win=328 N_cf=5
Windowing:
  config: # windows=328, spacing=0.1363359332072998, CF order=5
  error tolerance: rtol=0.001, atol=1e-05
Best library so far.
Testing N_win=328 N_cf=4
Windowing:
  config: # windows=328, spacing=0.1363359332072998, CF order=4
  error tolerance: rtol=0.001, atol=1e-05
Best library so far.
Testing N_win=328 N_cf=3
Windowing:
  config: # windows=328, spacing=0.1363359332072998, CF order=3
  error tolerance: rtol=0.001, atol=1e-05
Testing N_win=328 N_cf=2
Windowing:
  config: # windows=328, spacing=0.1363359332072998, CF order=2
  error tolerance: rtol=0.001, atol=1e-05
Failed: Pure curvefit failed for the first window!
Testing N_win=432 N_cf=10
Windowing:
  config: # windows=432, spacing=0.10351431965739431, CF order=10
  error tolerance: rtol=0.001, atol=1e-05
Testing N_win=432 N_cf=9
Windowing:
  config: # windows=432, spacing=0.10351431965739431, CF order=9
  error tolerance: rtol=0.001, atol=1e-05
Testing N_win=432 N_cf=8
Windowing:
  config: # windows=432, spacing=0.10351431965739431, CF order=8
  error tolerance: rtol=0.001, atol=1e-05
Testing N_win=432 N_cf=7
Windowing:
  config: # windows=432, spacing=0.10351431965739431, CF order=7
  error tolerance: rtol=0.001, atol=1e-05
Testing N_win=432 N_cf=6
Windowing:
  config: # windows=432, spacing=0.10351431965739431, CF order=6
  error tolerance: rtol=0.001, atol=1e-05
Testing N_win=432 N_cf=5
Windowing:
  config: # windows=432, spacing=0.10351431965739431, CF order=5
  error tolerance: rtol=0.001, atol=1e-05
Testing N_win=432 N_cf=4
Windowing:
  config: # windows=432, spacing=0.10351431965739431, CF order=4
  error tolerance: rtol=0.001, atol=1e-05
Best library so far.
Testing N_win=432 N_cf=3
Windowing:
  config: # windows=432, spacing=0.10351431965739431, CF order=3
  error tolerance: rtol=0.001, atol=1e-05
Testing N_win=432 N_cf=2
Windowing:
  config: # windows=432, spacing=0.10351431965739431, CF order=2
  error tolerance: rtol=0.001, atol=1e-05
Failed: Pure curvefit failed for the first window!
Testing N_win=537 N_cf=10
Windowing:
  config: # windows=537, spacing=0.08327408955678649, CF order=10
  error tolerance: rtol=0.001, atol=1e-05
Testing N_win=537 N_cf=9
Windowing:
  config: # windows=537, spacing=0.08327408955678649, CF order=9
  error tolerance: rtol=0.001, atol=1e-05
Testing N_win=537 N_cf=8
Windowing:
  config: # windows=537, spacing=0.08327408955678649, CF order=8
  error tolerance: rtol=0.001, atol=1e-05
Testing N_win=537 N_cf=7
Windowing:
  config: # windows=537, spacing=0.08327408955678649, CF order=7
  error tolerance: rtol=0.001, atol=1e-05
Testing N_win=537 N_cf=6
Windowing:
  config: # windows=537, spacing=0.08327408955678649, CF order=6
  error tolerance: rtol=0.001, atol=1e-05
Testing N_win=537 N_cf=5
Windowing:
  config: # windows=537, spacing=0.08327408955678649, CF order=5
  error tolerance: rtol=0.001, atol=1e-05
Testing N_win=537 N_cf=4
Windowing:
  config: # windows=537, spacing=0.08327408955678649, CF order=4
  error tolerance: rtol=0.001, atol=1e-05
Best library so far.
Testing N_win=537 N_cf=3
Windowing:
  config: # windows=537, spacing=0.08327408955678649, CF order=3
  error tolerance: rtol=0.001, atol=1e-05
Testing N_win=537 N_cf=2
Windowing:
  config: # windows=537, spacing=0.08327408955678649, CF order=2
  error tolerance: rtol=0.001, atol=1e-05
Failed: Pure curvefit failed for the first window!
Testing N_win=641 N_cf=10
Windowing:
  config: # windows=641, spacing=0.06976316082994437, CF order=10
  error tolerance: rtol=0.001, atol=1e-05
Testing N_win=641 N_cf=9
Windowing:
  config: # windows=641, spacing=0.06976316082994437, CF order=9
  error tolerance: rtol=0.001, atol=1e-05
Testing N_win=641 N_cf=8
Windowing:
  config: # windows=641, spacing=0.06976316082994437, CF order=8
  error tolerance: rtol=0.001, atol=1e-05
Testing N_win=641 N_cf=7
Windowing:
  config: # windows=641, spacing=0.06976316082994437, CF order=7
  error tolerance: rtol=0.001, atol=1e-05
Testing N_win=641 N_cf=6
Windowing:
  config: # windows=641, spacing=0.06976316082994437, CF order=6
  error tolerance: rtol=0.001, atol=1e-05
Testing N_win=641 N_cf=5
Windowing:
  config: # windows=641, spacing=0.06976316082994437, CF order=5
  error tolerance: rtol=0.001, atol=1e-05
Testing N_win=641 N_cf=4
Windowing:
  config: # windows=641, spacing=0.06976316082994437, CF order=4
  error tolerance: rtol=0.001, atol=1e-05
Testing N_win=641 N_cf=3
Windowing:
  config: # windows=641, spacing=0.06976316082994437, CF order=3
  error tolerance: rtol=0.001, atol=1e-05
Testing N_win=641 N_cf=2
Windowing:
  config: # windows=641, spacing=0.06976316082994437, CF order=2
  error tolerance: rtol=0.001, atol=1e-05
Failed: Pure curvefit failed for the first window!
Testing N_win=746 N_cf=10
Windowing:
  config: # windows=746, spacing=0.05994394918497901, CF order=10
  error tolerance: rtol=0.001, atol=1e-05
Testing N_win=746 N_cf=9
Windowing:
  config: # windows=746, spacing=0.05994394918497901, CF order=9
  error tolerance: rtol=0.001, atol=1e-05
Testing N_win=746 N_cf=8
Windowing:
  config: # windows=746, spacing=0.05994394918497901, CF order=8
  error tolerance: rtol=0.001, atol=1e-05
Testing N_win=746 N_cf=7
Windowing:
  config: # windows=746, spacing=0.05994394918497901, CF order=7
  error tolerance: rtol=0.001, atol=1e-05
Testing N_win=746 N_cf=6
Windowing:
  config: # windows=746, spacing=0.05994394918497901, CF order=6
  error tolerance: rtol=0.001, atol=1e-05
Testing N_win=746 N_cf=5
Windowing:
  config: # windows=746, spacing=0.05994394918497901, CF order=5
  error tolerance: rtol=0.001, atol=1e-05
Testing N_win=746 N_cf=4
Windowing:
  config: # windows=746, spacing=0.05994394918497901, CF order=4
  error tolerance: rtol=0.001, atol=1e-05
Testing N_win=746 N_cf=3
Windowing:
  config: # windows=746, spacing=0.05994394918497901, CF order=3
  error tolerance: rtol=0.001, atol=1e-05
Testing N_win=746 N_cf=2
Windowing:
  config: # windows=746, spacing=0.05994394918497901, CF order=2
  error tolerance: rtol=0.001, atol=1e-05
Failed: Pure curvefit failed for the first window!
Testing N_win=850 N_cf=10
Windowing:
  config: # windows=850, spacing=0.05260963069646393, CF order=10
  error tolerance: rtol=0.001, atol=1e-05
Testing N_win=850 N_cf=9
Windowing:
  config: # windows=850, spacing=0.05260963069646393, CF order=9
  error tolerance: rtol=0.001, atol=1e-05
Testing N_win=850 N_cf=8
Windowing:
  config: # windows=850, spacing=0.05260963069646393, CF order=8
  error tolerance: rtol=0.001, atol=1e-05
Testing N_win=850 N_cf=7
Windowing:
  config: # windows=850, spacing=0.05260963069646393, CF order=7
  error tolerance: rtol=0.001, atol=1e-05
Testing N_win=850 N_cf=6
Windowing:
  config: # windows=850, spacing=0.05260963069646393, CF order=6
  error tolerance: rtol=0.001, atol=1e-05
Testing N_win=850 N_cf=5
Windowing:
  config: # windows=850, spacing=0.05260963069646393, CF order=5
  error tolerance: rtol=0.001, atol=1e-05
Testing N_win=850 N_cf=4
Windowing:
  config: # windows=850, spacing=0.05260963069646393, CF order=4
  error tolerance: rtol=0.001, atol=1e-05
Testing N_win=850 N_cf=3
Windowing:
  config: # windows=850, spacing=0.05260963069646393, CF order=3
  error tolerance: rtol=0.001, atol=1e-05
Testing N_win=850 N_cf=2
Windowing:
  config: # windows=850, spacing=0.05260963069646393, CF order=2
  error tolerance: rtol=0.001, atol=1e-05
Failed: Pure curvefit failed for the first window!
Testing N_win=955 N_cf=10
Windowing:
  config: # windows=955, spacing=0.04682532575077941, CF order=10
  error tolerance: rtol=0.001, atol=1e-05
Testing N_win=955 N_cf=9
Windowing:
  config: # windows=955, spacing=0.04682532575077941, CF order=9
  error tolerance: rtol=0.001, atol=1e-05
Testing N_win=955 N_cf=8
Windowing:
  config: # windows=955, spacing=0.04682532575077941, CF order=8
  error tolerance: rtol=0.001, atol=1e-05
Testing N_win=955 N_cf=7
Windowing:
  config: # windows=955, spacing=0.04682532575077941, CF order=7
  error tolerance: rtol=0.001, atol=1e-05
Testing N_win=955 N_cf=6
Windowing:
  config: # windows=955, spacing=0.04682532575077941, CF order=6
  error tolerance: rtol=0.001, atol=1e-05
Testing N_win=955 N_cf=5
Windowing:
  config: # windows=955, spacing=0.04682532575077941, CF order=5
  error tolerance: rtol=0.001, atol=1e-05
Testing N_win=955 N_cf=4
Windowing:
  config: # windows=955, spacing=0.04682532575077941, CF order=4
  error tolerance: rtol=0.001, atol=1e-05
Testing N_win=955 N_cf=3
Windowing:
  config: # windows=955, spacing=0.04682532575077941, CF order=3
  error tolerance: rtol=0.001, atol=1e-05
Testing N_win=955 N_cf=2
Windowing:
  config: # windows=955, spacing=0.04682532575077941, CF order=2
  error tolerance: rtol=0.001, atol=1e-05
Failed: Pure curvefit failed for the first window!
Testing N_win=1059 N_cf=10
Windowing:
  config: # windows=1059, spacing=0.04222680461944697, CF order=10
  error tolerance: rtol=0.001, atol=1e-05
Testing N_win=1059 N_cf=9
Windowing:
  config: # windows=1059, spacing=0.04222680461944697, CF order=9
  error tolerance: rtol=0.001, atol=1e-05
Testing N_win=1059 N_cf=8
Windowing:
  config: # windows=1059, spacing=0.04222680461944697, CF order=8
  error tolerance: rtol=0.001, atol=1e-05
Testing N_win=1059 N_cf=7
Windowing:
  config: # windows=1059, spacing=0.04222680461944697, CF order=7
  error tolerance: rtol=0.001, atol=1e-05
Testing N_win=1059 N_cf=6
Windowing:
  config: # windows=1059, spacing=0.04222680461944697, CF order=6
  error tolerance: rtol=0.001, atol=1e-05
Testing N_win=1059 N_cf=5
Windowing:
  config: # windows=1059, spacing=0.04222680461944697, CF order=5
  error tolerance: rtol=0.001, atol=1e-05
Testing N_win=1059 N_cf=4
Windowing:
  config: # windows=1059, spacing=0.04222680461944697, CF order=4
  error tolerance: rtol=0.001, atol=1e-05
Testing N_win=1059 N_cf=3
Windowing:
  config: # windows=1059, spacing=0.04222680461944697, CF order=3
  error tolerance: rtol=0.001, atol=1e-05
Testing N_win=1059 N_cf=2
Windowing:
  config: # windows=1059, spacing=0.04222680461944697, CF order=2
  error tolerance: rtol=0.001, atol=1e-05
Failed: Pure curvefit failed for the first window!
Testing N_win=1164 N_cf=10
Windowing:
  config: # windows=1164, spacing=0.03841768564604325, CF order=10
  error tolerance: rtol=0.001, atol=1e-05
Testing N_win=1164 N_cf=9
Windowing:
  config: # windows=1164, spacing=0.03841768564604325, CF order=9
  error tolerance: rtol=0.001, atol=1e-05
Testing N_win=1164 N_cf=8
Windowing:
  config: # windows=1164, spacing=0.03841768564604325, CF order=8
  error tolerance: rtol=0.001, atol=1e-05
Testing N_win=1164 N_cf=7
Windowing:
  config: # windows=1164, spacing=0.03841768564604325, CF order=7
  error tolerance: rtol=0.001, atol=1e-05
Testing N_win=1164 N_cf=6
Windowing:
  config: # windows=1164, spacing=0.03841768564604325, CF order=6
  error tolerance: rtol=0.001, atol=1e-05
Testing N_win=1164 N_cf=5
Windowing:
  config: # windows=1164, spacing=0.03841768564604325, CF order=5
  error tolerance: rtol=0.001, atol=1e-05
Testing N_win=1164 N_cf=4
Windowing:
  config: # windows=1164, spacing=0.03841768564604325, CF order=4
  error tolerance: rtol=0.001, atol=1e-05
Testing N_win=1164 N_cf=3
Windowing:
  config: # windows=1164, spacing=0.03841768564604325, CF order=3
  error tolerance: rtol=0.001, atol=1e-05
Testing N_win=1164 N_cf=2
Windowing:
  config: # windows=1164, spacing=0.03841768564604325, CF order=2
  error tolerance: rtol=0.001, atol=1e-05
Failed: Pure curvefit failed for the first window!
Testing N_win=1268 N_cf=10
Windowing:
  config: # windows=1268, spacing=0.03526670827444349, CF order=10
  error tolerance: rtol=0.001, atol=1e-05
Testing N_win=1268 N_cf=9
Windowing:
  config: # windows=1268, spacing=0.03526670827444349, CF order=9
  error tolerance: rtol=0.001, atol=1e-05
Testing N_win=1268 N_cf=8
Windowing:
  config: # windows=1268, spacing=0.03526670827444349, CF order=8
  error tolerance: rtol=0.001, atol=1e-05
Testing N_win=1268 N_cf=7
Windowing:
  config: # windows=1268, spacing=0.03526670827444349, CF order=7
  error tolerance: rtol=0.001, atol=1e-05
Testing N_win=1268 N_cf=6
Windowing:
  config: # windows=1268, spacing=0.03526670827444349, CF order=6
  error tolerance: rtol=0.001, atol=1e-05
Testing N_win=1268 N_cf=5
Windowing:
  config: # windows=1268, spacing=0.03526670827444349, CF order=5
  error tolerance: rtol=0.001, atol=1e-05
Testing N_win=1268 N_cf=4
Windowing:
  config: # windows=1268, spacing=0.03526670827444349, CF order=4
  error tolerance: rtol=0.001, atol=1e-05
Testing N_win=1268 N_cf=3
Windowing:
  config: # windows=1268, spacing=0.03526670827444349, CF order=3
  error tolerance: rtol=0.001, atol=1e-05
Testing N_win=1268 N_cf=2
Windowing:
  config: # windows=1268, spacing=0.03526670827444349, CF order=2
  error tolerance: rtol=0.001, atol=1e-05
Failed: Pure curvefit failed for the first window!
Testing N_win=1373 N_cf=10
Windowing:
  config: # windows=1373, spacing=0.03256969125418379, CF order=10
  error tolerance: rtol=0.001, atol=1e-05
Testing N_win=1373 N_cf=9
Windowing:
  config: # windows=1373, spacing=0.03256969125418379, CF order=9
  error tolerance: rtol=0.001, atol=1e-05
Testing N_win=1373 N_cf=8
Windowing:
  config: # windows=1373, spacing=0.03256969125418379, CF order=8
  error tolerance: rtol=0.001, atol=1e-05
Testing N_win=1373 N_cf=7
Windowing:
  config: # windows=1373, spacing=0.03256969125418379, CF order=7
  error tolerance: rtol=0.001, atol=1e-05
Testing N_win=1373 N_cf=6
Windowing:
  config: # windows=1373, spacing=0.03256969125418379, CF order=6
  error tolerance: rtol=0.001, atol=1e-05
Testing N_win=1373 N_cf=5
Windowing:
  config: # windows=1373, spacing=0.03256969125418379, CF order=5
  error tolerance: rtol=0.001, atol=1e-05
Testing N_win=1373 N_cf=4
Windowing:
  config: # windows=1373, spacing=0.03256969125418379, CF order=4
  error tolerance: rtol=0.001, atol=1e-05
Testing N_win=1373 N_cf=3
Windowing:
  config: # windows=1373, spacing=0.03256969125418379, CF order=3
  error tolerance: rtol=0.001, atol=1e-05
Testing N_win=1373 N_cf=2
Windowing:
  config: # windows=1373, spacing=0.03256969125418379, CF order=2
  error tolerance: rtol=0.001, atol=1e-05
Failed: Pure curvefit failed for the first window!
Testing N_win=1477 N_cf=10
Windowing:
  config: # windows=1477, spacing=0.03027636160595419, CF order=10
  error tolerance: rtol=0.001, atol=1e-05
Testing N_win=1477 N_cf=9
Windowing:
  config: # windows=1477, spacing=0.03027636160595419, CF order=9
  error tolerance: rtol=0.001, atol=1e-05
Testing N_win=1477 N_cf=8
Windowing:
  config: # windows=1477, spacing=0.03027636160595419, CF order=8
  error tolerance: rtol=0.001, atol=1e-05
Testing N_win=1477 N_cf=7
Windowing:
  config: # windows=1477, spacing=0.03027636160595419, CF order=7
  error tolerance: rtol=0.001, atol=1e-05
Testing N_win=1477 N_cf=6
Windowing:
  config: # windows=1477, spacing=0.03027636160595419, CF order=6
  error tolerance: rtol=0.001, atol=1e-05
Testing N_win=1477 N_cf=5
Windowing:
  config: # windows=1477, spacing=0.03027636160595419, CF order=5
  error tolerance: rtol=0.001, atol=1e-05
Testing N_win=1477 N_cf=4
Windowing:
  config: # windows=1477, spacing=0.03027636160595419, CF order=4
  error tolerance: rtol=0.001, atol=1e-05
Testing N_win=1477 N_cf=3
Windowing:
  config: # windows=1477, spacing=0.03027636160595419, CF order=3
  error tolerance: rtol=0.001, atol=1e-05
Testing N_win=1477 N_cf=2
Windowing:
  config: # windows=1477, spacing=0.03027636160595419, CF order=2
  error tolerance: rtol=0.001, atol=1e-05
Failed: Pure curvefit failed for the first window!
Testing N_win=1582 N_cf=10
Windowing:
  config: # windows=1582, spacing=0.02826686857901033, CF order=10
  error tolerance: rtol=0.001, atol=1e-05
Testing N_win=1582 N_cf=9
Windowing:
  config: # windows=1582, spacing=0.02826686857901033, CF order=9
  error tolerance: rtol=0.001, atol=1e-05
Testing N_win=1582 N_cf=8
Windowing:
  config: # windows=1582, spacing=0.02826686857901033, CF order=8
  error tolerance: rtol=0.001, atol=1e-05
Testing N_win=1582 N_cf=7
Windowing:
  config: # windows=1582, spacing=0.02826686857901033, CF order=7
  error tolerance: rtol=0.001, atol=1e-05
Testing N_win=1582 N_cf=6
Windowing:
  config: # windows=1582, spacing=0.02826686857901033, CF order=6
  error tolerance: rtol=0.001, atol=1e-05
Testing N_win=1582 N_cf=5
Windowing:
  config: # windows=1582, spacing=0.02826686857901033, CF order=5
  error tolerance: rtol=0.001, atol=1e-05
Testing N_win=1582 N_cf=4
Windowing:
  config: # windows=1582, spacing=0.02826686857901033, CF order=4
  error tolerance: rtol=0.001, atol=1e-05
Testing N_win=1582 N_cf=3
Windowing:
  config: # windows=1582, spacing=0.02826686857901033, CF order=3
  error tolerance: rtol=0.001, atol=1e-05
Testing N_win=1582 N_cf=2
Windowing:
  config: # windows=1582, spacing=0.02826686857901033, CF order=2
  error tolerance: rtol=0.001, atol=1e-05
Failed: Pure curvefit failed for the first window!
Testing N_win=1686 N_cf=10
Windowing:
  config: # windows=1686, spacing=0.026523242047446226, CF order=10
  error tolerance: rtol=0.001, atol=1e-05
Testing N_win=1686 N_cf=9
Windowing:
  config: # windows=1686, spacing=0.026523242047446226, CF order=9
  error tolerance: rtol=0.001, atol=1e-05
Testing N_win=1686 N_cf=8
Windowing:
  config: # windows=1686, spacing=0.026523242047446226, CF order=8
  error tolerance: rtol=0.001, atol=1e-05
Testing N_win=1686 N_cf=7
Windowing:
  config: # windows=1686, spacing=0.026523242047446226, CF order=7
  error tolerance: rtol=0.001, atol=1e-05
Testing N_win=1686 N_cf=6
Windowing:
  config: # windows=1686, spacing=0.026523242047446226, CF order=6
  error tolerance: rtol=0.001, atol=1e-05
Testing N_win=1686 N_cf=5
Windowing:
  config: # windows=1686, spacing=0.026523242047446226, CF order=5
  error tolerance: rtol=0.001, atol=1e-05
Testing N_win=1686 N_cf=4
Windowing:
  config: # windows=1686, spacing=0.026523242047446226, CF order=4
  error tolerance: rtol=0.001, atol=1e-05
Testing N_win=1686 N_cf=3
Windowing:
  config: # windows=1686, spacing=0.026523242047446226, CF order=3
  error tolerance: rtol=0.001, atol=1e-05
Testing N_win=1686 N_cf=2
Windowing:
  config: # windows=1686, spacing=0.026523242047446226, CF order=2
  error tolerance: rtol=0.001, atol=1e-05
Failed: Pure curvefit failed for the first window!
Testing N_win=1791 N_cf=10
Windowing:
  config: # windows=1791, spacing=0.024968278108316214, CF order=10
  error tolerance: rtol=0.001, atol=1e-05
Testing N_win=1791 N_cf=9
Windowing:
  config: # windows=1791, spacing=0.024968278108316214, CF order=9
  error tolerance: rtol=0.001, atol=1e-05
Testing N_win=1791 N_cf=8
Windowing:
  config: # windows=1791, spacing=0.024968278108316214, CF order=8
  error tolerance: rtol=0.001, atol=1e-05
Testing N_win=1791 N_cf=7
Windowing:
  config: # windows=1791, spacing=0.024968278108316214, CF order=7
  error tolerance: rtol=0.001, atol=1e-05
Testing N_win=1791 N_cf=6
Windowing:
  config: # windows=1791, spacing=0.024968278108316214, CF order=6
  error tolerance: rtol=0.001, atol=1e-05
Testing N_win=1791 N_cf=5
Windowing:
  config: # windows=1791, spacing=0.024968278108316214, CF order=5
  error tolerance: rtol=0.001, atol=1e-05
Testing N_win=1791 N_cf=4
Windowing:
  config: # windows=1791, spacing=0.024968278108316214, CF order=4
  error tolerance: rtol=0.001, atol=1e-05
Testing N_win=1791 N_cf=3
Windowing:
  config: # windows=1791, spacing=0.024968278108316214, CF order=3
  error tolerance: rtol=0.001, atol=1e-05
Testing N_win=1791 N_cf=2
Windowing:
  config: # windows=1791, spacing=0.024968278108316214, CF order=2
  error tolerance: rtol=0.001, atol=1e-05
Failed: Pure curvefit failed for the first window!
Testing N_win=1895 N_cf=10
Windowing:
  config: # windows=1895, spacing=0.023597987383638174, CF order=10
  error tolerance: rtol=0.001, atol=1e-05
Testing N_win=1895 N_cf=9
Windowing:
  config: # windows=1895, spacing=0.023597987383638174, CF order=9
  error tolerance: rtol=0.001, atol=1e-05
Testing N_win=1895 N_cf=8
Windowing:
  config: # windows=1895, spacing=0.023597987383638174, CF order=8
  error tolerance: rtol=0.001, atol=1e-05
Testing N_win=1895 N_cf=7
Windowing:
  config: # windows=1895, spacing=0.023597987383638174, CF order=7
  error tolerance: rtol=0.001, atol=1e-05
Testing N_win=1895 N_cf=6
Windowing:
  config: # windows=1895, spacing=0.023597987383638174, CF order=6
  error tolerance: rtol=0.001, atol=1e-05
Testing N_win=1895 N_cf=5
Windowing:
  config: # windows=1895, spacing=0.023597987383638174, CF order=5
  error tolerance: rtol=0.001, atol=1e-05
Testing N_win=1895 N_cf=4
Windowing:
  config: # windows=1895, spacing=0.023597987383638174, CF order=4
  error tolerance: rtol=0.001, atol=1e-05
Testing N_win=1895 N_cf=3
Windowing:
  config: # windows=1895, spacing=0.023597987383638174, CF order=3
  error tolerance: rtol=0.001, atol=1e-05
Testing N_win=1895 N_cf=2
Windowing:
  config: # windows=1895, spacing=0.023597987383638174, CF order=2
  error tolerance: rtol=0.001, atol=1e-05
Failed: Pure curvefit failed for the first window!
Testing N_win=2000 N_cf=10
Windowing:
  config: # windows=2000, spacing=0.02235909304599717, CF order=10
  error tolerance: rtol=0.001, atol=1e-05
Testing N_win=2000 N_cf=9
Windowing:
  config: # windows=2000, spacing=0.02235909304599717, CF order=9
  error tolerance: rtol=0.001, atol=1e-05
Testing N_win=2000 N_cf=8
Windowing:
  config: # windows=2000, spacing=0.02235909304599717, CF order=8
  error tolerance: rtol=0.001, atol=1e-05
Testing N_win=2000 N_cf=7
Windowing:
  config: # windows=2000, spacing=0.02235909304599717, CF order=7
  error tolerance: rtol=0.001, atol=1e-05
Testing N_win=2000 N_cf=6
Windowing:
  config: # windows=2000, spacing=0.02235909304599717, CF order=6
  error tolerance: rtol=0.001, atol=1e-05
Testing N_win=2000 N_cf=5
Windowing:
  config: # windows=2000, spacing=0.02235909304599717, CF order=5
  error tolerance: rtol=0.001, atol=1e-05
Testing N_win=2000 N_cf=4
Windowing:
  config: # windows=2000, spacing=0.02235909304599717, CF order=4
  error tolerance: rtol=0.001, atol=1e-05
Testing N_win=2000 N_cf=3
Windowing:
  config: # windows=2000, spacing=0.02235909304599717, CF order=3
  error tolerance: rtol=0.001, atol=1e-05
Testing N_win=2000 N_cf=2
Windowing:
  config: # windows=2000, spacing=0.02235909304599717, CF order=2
  error tolerance: rtol=0.001, atol=1e-05
Failed: Pure curvefit failed for the first window!
Final library: 177 poles, 537 windows, 2.6 poles per window, 4 CF order
