Running NJOY to get 0K point-wise data (error=0.0005)...
Parsing cross sections within resolved resonance range...
  MTs: [2, 27, 102, 103, 107]
  Energy range: 1.000e-05 to 3.400e+03 eV (59539 points)
Vector fitting piece 1/29...
  energy: 1.000e-05 to 5.000e+00 eV (595 points)
  error tolerance: rtol=0.001, atol=1e-05
Found 0 peaks
Fitting orders from 2 to 200
Order=2(0/100)
Order=4(1/100)
Order=6(2/100)
Found ideal results. Stop!
Found 2 real poles and 2 conjugate complex pairs.
Final number of poles: 4
Saved figure: WMP_Lib/Os186/0-5_MT2.png
Saved figure: WMP_Lib/Os186/0-5_MT27.png
Saved figure: WMP_Lib/Os186/0-5_MT102.png
Saved figure: WMP_Lib/Os186/0-5_MT107.png
Vector fitting piece 2/29...
  energy: 7.344e-01 to 1.758e+01 eV (137 points)
  error tolerance: rtol=0.001, atol=1e-05
Found 0 peaks
Fitting orders from 2 to 200
Order=2(0/100)
Order=4(1/100)
Order=6(2/100)
Order=8(3/100)
Found ideal results. Stop!
Found 4 real poles and 2 conjugate complex pairs.
Final number of poles: 6
Saved figure: WMP_Lib/Os186/1-18_MT2.png
Saved figure: WMP_Lib/Os186/1-18_MT27.png
Saved figure: WMP_Lib/Os186/1-18_MT102.png
Saved figure: WMP_Lib/Os186/1-18_MT107.png
Vector fitting piece 3/29...
  energy: 8.125e+00 to 3.845e+01 eV (805 points)
  error tolerance: rtol=0.001, atol=1e-05
Found 1 peaks
Fitting orders from 2 to 200
Order=2(0/100)
Order=4(1/100)
Order=6(2/100)
Order=8(3/100)
Order=10(4/100)
Order=12(5/100)
Order=14(6/100)
Order=16(7/100)
Order=18(8/100)
Order=20(9/100)
Order=22(10/100)
Order=24(11/100)
Order=26(12/100)
Order=28(13/100)
Order=30(14/100)
Order=32(15/100)
Order=34(16/100)
Order=36(17/100)
Order=38(18/100)
Order=40(19/100)
Order=42(20/100)
Order=44(21/100)
Order=46(22/100)
Order=48(23/100)
Order=50(24/100)
Order=52(25/100)
Order=54(26/100)
Order=56(27/100)
Order=58(28/100)
Order=60(29/100)
Found 1 real poles and 14 conjugate complex pairs.
Final number of poles: 15
Saved figure: WMP_Lib/Os186/8-38_MT2.png
Saved figure: WMP_Lib/Os186/8-38_MT27.png
Saved figure: WMP_Lib/Os186/8-38_MT102.png
Saved figure: WMP_Lib/Os186/8-38_MT107.png
Vector fitting piece 4/29...
  energy: 2.381e+01 to 6.719e+01 eV (1475 points)
  error tolerance: rtol=0.001, atol=1e-05
Found 2 peaks
Fitting orders from 4 to 200
Order=4(0/99)
Order=6(1/99)
Order=8(2/99)
Order=10(3/99)
Order=12(4/99)
Order=14(5/99)
Order=16(6/99)
Order=18(7/99)
Order=20(8/99)
Order=22(9/99)
Order=24(10/99)
Order=26(11/99)
Order=28(12/99)
Order=30(13/99)
Order=32(14/99)
Order=34(15/99)
Order=36(16/99)
Order=38(17/99)
Order=40(18/99)
Order=42(19/99)
Order=44(20/99)
Order=46(21/99)
Order=48(22/99)
Order=50(23/99)
Order=52(24/99)
Order=54(25/99)
Order=56(26/99)
Order=58(27/99)
Order=60(28/99)
Found 2 real poles and 4 conjugate complex pairs.
Final number of poles: 6
Saved figure: WMP_Lib/Os186/24-67_MT2.png
Saved figure: WMP_Lib/Os186/24-67_MT27.png
Saved figure: WMP_Lib/Os186/24-67_MT102.png
Saved figure: WMP_Lib/Os186/24-67_MT107.png
Vector fitting piece 5/29...
  energy: 4.746e+01 to 1.053e+02 eV (1499 points)
  error tolerance: rtol=0.001, atol=1e-05
Found 2 peaks
Fitting orders from 4 to 200
Order=4(0/99)
Order=6(1/99)
Order=8(2/99)
Order=10(3/99)
Order=12(4/99)
Order=14(5/99)
Order=16(6/99)
Order=18(7/99)
Order=20(8/99)
Order=22(9/99)
Order=24(10/99)
Order=26(11/99)
Order=28(12/99)
Order=30(13/99)
Order=32(14/99)
Order=34(15/99)
Order=36(16/99)
Order=38(17/99)
Order=40(18/99)
Order=42(19/99)
Order=44(20/99)
Order=46(21/99)
Order=48(22/99)
Order=50(23/99)
Order=52(24/99)
Order=54(25/99)
Order=56(26/99)
Order=58(27/99)
Order=60(28/99)
Found 2 real poles and 4 conjugate complex pairs.
Final number of poles: 6
Saved figure: WMP_Lib/Os186/47-105_MT2.png
Saved figure: WMP_Lib/Os186/47-105_MT27.png
Saved figure: WMP_Lib/Os186/47-105_MT102.png
Saved figure: WMP_Lib/Os186/47-105_MT107.png
Vector fitting piece 6/29...
  energy: 7.908e+01 to 1.495e+02 eV (1699 points)
  error tolerance: rtol=0.001, atol=1e-05
Found 3 peaks
Fitting orders from 6 to 200
Order=6(0/98)
Order=8(1/98)
Order=10(2/98)
Order=12(3/98)
Order=14(4/98)
Order=16(5/98)
Order=18(6/98)
Order=20(7/98)
Order=22(8/98)
Order=24(9/98)
Order=26(10/98)
Order=28(11/98)
Order=30(12/98)
Order=32(13/98)
Order=34(14/98)
Order=36(15/98)
Order=38(16/98)
Order=40(17/98)
Order=42(18/98)
Order=44(19/98)
Order=46(20/98)
Order=48(21/98)
Order=50(22/98)
Order=52(23/98)
Order=54(24/98)
Order=56(25/98)
Order=58(26/98)
Order=60(27/98)
Found 2 real poles and 4 conjugate complex pairs.
Final number of poles: 6
Saved figure: WMP_Lib/Os186/79-149_MT2.png
Saved figure: WMP_Lib/Os186/79-149_MT27.png
Saved figure: WMP_Lib/Os186/79-149_MT102.png
Saved figure: WMP_Lib/Os186/79-149_MT107.png
Vector fitting piece 7/29...
  energy: 1.188e+02 to 2.024e+02 eV (2179 points)
  error tolerance: rtol=0.001, atol=1e-05
Found 4 peaks
Fitting orders from 8 to 200
Order=8(0/97)
Order=10(1/97)
Order=12(2/97)
Order=14(3/97)
Order=16(4/97)
Order=18(5/97)
Order=20(6/97)
Order=22(7/97)
Order=24(8/97)
Order=26(9/97)
Order=28(10/97)
Order=30(11/97)
Order=32(12/97)
Order=34(13/97)
Order=36(14/97)
Order=38(15/97)
Order=40(16/97)
Order=42(17/97)
Order=44(18/97)
Order=46(19/97)
Order=48(20/97)
Order=50(21/97)
Order=52(22/97)
Order=54(23/97)
Order=56(24/97)
Order=58(25/97)
Order=60(26/97)
Found 2 real poles and 5 conjugate complex pairs.
Final number of poles: 7
Saved figure: WMP_Lib/Os186/119-202_MT2.png
Saved figure: WMP_Lib/Os186/119-202_MT27.png
Saved figure: WMP_Lib/Os186/119-202_MT102.png
Saved figure: WMP_Lib/Os186/119-202_MT107.png
Vector fitting piece 8/29...
  energy: 1.670e+02 to 2.641e+02 eV (2025 points)
  error tolerance: rtol=0.001, atol=1e-05
Found 3 peaks
Fitting orders from 6 to 200
Order=6(0/98)
Order=8(1/98)
Order=10(2/98)
Order=12(3/98)
Order=14(4/98)
Order=16(5/98)
Order=18(6/98)
Order=20(7/98)
Order=22(8/98)
Order=24(9/98)
Order=26(10/98)
Order=28(11/98)
Order=30(12/98)
Order=32(13/98)
Order=34(14/98)
Order=36(15/98)
Order=38(16/98)
Order=40(17/98)
Order=42(18/98)
Order=44(19/98)
Order=46(20/98)
Order=48(21/98)
Order=50(22/98)
Order=52(23/98)
Order=54(24/98)
Order=56(25/98)
Order=58(26/98)
Order=60(27/98)
Found 4 real poles and 4 conjugate complex pairs.
Final number of poles: 8
Saved figure: WMP_Lib/Os186/167-264_MT2.png
Saved figure: WMP_Lib/Os186/167-264_MT27.png
Saved figure: WMP_Lib/Os186/167-264_MT102.png
Saved figure: WMP_Lib/Os186/167-264_MT107.png
Vector fitting piece 9/29...
  energy: 2.227e+02 to 3.331e+02 eV (2618 points)
  error tolerance: rtol=0.001, atol=1e-05
Found 4 peaks
Fitting orders from 8 to 200
Order=8(0/97)
Order=10(1/97)
Order=12(2/97)
Order=14(3/97)
Order=16(4/97)
Order=18(5/97)
Order=20(6/97)
Order=22(7/97)
Order=24(8/97)
Order=26(9/97)
Order=28(10/97)
Order=30(11/97)
Order=32(12/97)
Order=34(13/97)
Order=36(14/97)
Order=38(15/97)
Order=40(16/97)
Order=42(17/97)
Order=44(18/97)
Order=46(19/97)
Order=48(20/97)
Order=50(21/97)
Order=52(22/97)
Order=54(23/97)
Order=56(24/97)
Order=58(25/97)
Order=60(26/97)
Found 4 real poles and 5 conjugate complex pairs.
Final number of poles: 9
Saved figure: WMP_Lib/Os186/223-333_MT2.png
Saved figure: WMP_Lib/Os186/223-333_MT27.png
Saved figure: WMP_Lib/Os186/223-333_MT102.png
Saved figure: WMP_Lib/Os186/223-333_MT107.png
Vector fitting piece 10/29...
  energy: 2.870e+02 to 4.106e+02 eV (2470 points)
  error tolerance: rtol=0.001, atol=1e-05
Found 4 peaks
Fitting orders from 8 to 200
Order=8(0/97)
Order=10(1/97)
Order=12(2/97)
Order=14(3/97)
Order=16(4/97)
Order=18(5/97)
Order=20(6/97)
Order=22(7/97)
Order=24(8/97)
Order=26(9/97)
Order=28(10/97)
Order=30(11/97)
Order=32(12/97)
Order=34(13/97)
Order=36(14/97)
Order=38(15/97)
Order=40(16/97)
Order=42(17/97)
Order=44(18/97)
Order=46(19/97)
Order=48(20/97)
Order=50(21/97)
Order=52(22/97)
Order=54(23/97)
Order=56(24/97)
Order=58(25/97)
Order=60(26/97)
Found 6 real poles and 4 conjugate complex pairs.
Final number of poles: 10
Saved figure: WMP_Lib/Os186/287-411_MT2.png
Saved figure: WMP_Lib/Os186/287-411_MT27.png
Saved figure: WMP_Lib/Os186/287-411_MT102.png
Saved figure: WMP_Lib/Os186/287-411_MT107.png
Vector fitting piece 11/29...
  energy: 3.591e+02 to 4.970e+02 eV (2956 points)
  error tolerance: rtol=0.001, atol=1e-05
Found 5 peaks
Fitting orders from 10 to 200
Order=10(0/96)
Order=12(1/96)
Order=14(2/96)
Order=16(3/96)
Order=18(4/96)
Order=20(5/96)
Order=22(6/96)
Order=24(7/96)
Order=26(8/96)
Order=28(9/96)
Order=30(10/96)
Order=32(11/96)
Order=34(12/96)
Order=36(13/96)
Order=38(14/96)
Order=40(15/96)
Order=42(16/96)
Order=44(17/96)
Order=46(18/96)
Order=48(19/96)
Order=50(20/96)
Order=52(21/96)
Order=54(22/96)
Order=56(23/96)
Order=58(24/96)
Order=60(25/96)
Found 2 real poles and 7 conjugate complex pairs.
Final number of poles: 9
Saved figure: WMP_Lib/Os186/359-497_MT2.png
Saved figure: WMP_Lib/Os186/359-497_MT27.png
Saved figure: WMP_Lib/Os186/359-497_MT102.png
Saved figure: WMP_Lib/Os186/359-497_MT107.png
Vector fitting piece 12/29...
  energy: 4.394e+02 to 5.903e+02 eV (2034 points)
  error tolerance: rtol=0.001, atol=1e-05
Found 3 peaks
Fitting orders from 6 to 200
Order=6(0/98)
Order=8(1/98)
Order=10(2/98)
Order=12(3/98)
Order=14(4/98)
Order=16(5/98)
Order=18(6/98)
Order=20(7/98)
Order=22(8/98)
Order=24(9/98)
Order=26(10/98)
Order=28(11/98)
Order=30(12/98)
Order=32(13/98)
Order=34(14/98)
Order=36(15/98)
Order=38(16/98)
Order=40(17/98)
Order=42(18/98)
Order=44(19/98)
Order=46(20/98)
Order=48(21/98)
Order=50(22/98)
Order=52(23/98)
Order=54(24/98)
Order=56(25/98)
Order=58(26/98)
Order=60(27/98)
Found 6 real poles and 3 conjugate complex pairs.
Final number of poles: 9
Saved figure: WMP_Lib/Os186/439-590_MT2.png
Saved figure: WMP_Lib/Os186/439-590_MT27.png
Saved figure: WMP_Lib/Os186/439-590_MT102.png
Saved figure: WMP_Lib/Os186/439-590_MT107.png
Vector fitting piece 13/29...
  energy: 5.278e+02 to 6.915e+02 eV (3297 points)
  error tolerance: rtol=0.001, atol=1e-05
Found 6 peaks
Fitting orders from 12 to 200
Order=12(0/95)
Order=14(1/95)
Order=16(2/95)
Order=18(3/95)
Order=20(4/95)
Order=22(5/95)
Order=24(6/95)
Order=26(7/95)
Order=28(8/95)
Order=30(9/95)
Order=32(10/95)
Order=34(11/95)
Order=36(12/95)
Order=38(13/95)
Order=40(14/95)
Order=42(15/95)
Order=44(16/95)
Order=46(17/95)
Order=48(18/95)
Order=50(19/95)
Order=52(20/95)
Order=54(21/95)
Order=56(22/95)
Order=58(23/95)
Order=60(24/95)
Found 2 real poles and 7 conjugate complex pairs.
Final number of poles: 9
Saved figure: WMP_Lib/Os186/528-692_MT2.png
Saved figure: WMP_Lib/Os186/528-692_MT27.png
Saved figure: WMP_Lib/Os186/528-692_MT102.png
Saved figure: WMP_Lib/Os186/528-692_MT107.png
Vector fitting piece 14/29...
  energy: 6.241e+02 to 8.011e+02 eV (3716 points)
  error tolerance: rtol=0.001, atol=1e-05
Found 7 peaks
Fitting orders from 14 to 200
Order=14(0/94)
Order=16(1/94)
Order=18(2/94)
Order=20(3/94)
Order=22(4/94)
Order=24(5/94)
Order=26(6/94)
Order=28(7/94)
Order=30(8/94)
Order=32(9/94)
Order=34(10/94)
Order=36(11/94)
Order=38(12/94)
Order=40(13/94)
Order=42(14/94)
Order=44(15/94)
Order=46(16/94)
Order=48(17/94)
Order=50(18/94)
Order=52(19/94)
Order=54(20/94)
Order=56(21/94)
Order=58(22/94)
Order=60(23/94)
Found 4 real poles and 7 conjugate complex pairs.
Final number of poles: 11
Saved figure: WMP_Lib/Os186/624-801_MT2.png
Saved figure: WMP_Lib/Os186/624-801_MT27.png
Saved figure: WMP_Lib/Os186/624-801_MT102.png
Saved figure: WMP_Lib/Os186/624-801_MT107.png
Vector fitting piece 15/29...
  energy: 7.288e+02 to 9.200e+02 eV (3937 points)
  error tolerance: rtol=0.001, atol=1e-05
Found 7 peaks
Fitting orders from 14 to 200
Order=14(0/94)
Order=16(1/94)
Order=18(2/94)
Order=20(3/94)
Order=22(4/94)
Order=24(5/94)
Order=26(6/94)
Order=28(7/94)
Order=30(8/94)
Order=32(9/94)
Order=34(10/94)
Order=36(11/94)
Order=38(12/94)
Order=40(13/94)
Order=42(14/94)
Order=44(15/94)
Order=46(16/94)
Order=48(17/94)
Order=50(18/94)
Order=52(19/94)
Order=54(20/94)
Order=56(21/94)
Order=58(22/94)
Order=60(23/94)
Found 6 real poles and 7 conjugate complex pairs.
Final number of poles: 13
Saved figure: WMP_Lib/Os186/729-920_MT2.png
Saved figure: WMP_Lib/Os186/729-920_MT27.png
Saved figure: WMP_Lib/Os186/729-920_MT102.png
Saved figure: WMP_Lib/Os186/729-920_MT107.png
Vector fitting piece 16/29...
  energy: 8.413e+02 to 1.045e+03 eV (3616 points)
  error tolerance: rtol=0.001, atol=1e-05
Found 7 peaks
Fitting orders from 14 to 200
Order=14(0/94)
Order=16(1/94)
Order=18(2/94)
Order=20(3/94)
Order=22(4/94)
Order=24(5/94)
Order=26(6/94)
Order=28(7/94)
Order=30(8/94)
Order=32(9/94)
Order=34(10/94)
Order=36(11/94)
Order=38(12/94)
Order=40(13/94)
Order=42(14/94)
Order=44(15/94)
Order=46(16/94)
Order=48(17/94)
Order=50(18/94)
Order=52(19/94)
Order=54(20/94)
Order=56(21/94)
Order=58(22/94)
Order=60(23/94)
Found 4 real poles and 8 conjugate complex pairs.
Final number of poles: 12
Saved figure: WMP_Lib/Os186/841-1045_MT2.png
Saved figure: WMP_Lib/Os186/841-1045_MT27.png
Saved figure: WMP_Lib/Os186/841-1045_MT102.png
Saved figure: WMP_Lib/Os186/841-1045_MT107.png
Vector fitting piece 17/29...
  energy: 9.620e+02 to 1.179e+03 eV (2957 points)
  error tolerance: rtol=0.001, atol=1e-05
Found 7 peaks
Fitting orders from 14 to 200
Order=14(0/94)
Order=16(1/94)
Order=18(2/94)
Order=20(3/94)
Order=22(4/94)
Order=24(5/94)
Order=26(6/94)
Order=28(7/94)
Order=30(8/94)
Order=32(9/94)
Order=34(10/94)
Order=36(11/94)
Order=38(12/94)
Order=40(13/94)
Order=42(14/94)
Order=44(15/94)
Order=46(16/94)
Order=48(17/94)
Order=50(18/94)
Order=52(19/94)
Order=54(20/94)
Order=56(21/94)
Order=58(22/94)
Order=60(23/94)
Found 4 real poles and 7 conjugate complex pairs.
Final number of poles: 11
Saved figure: WMP_Lib/Os186/962-1179_MT2.png
Saved figure: WMP_Lib/Os186/962-1179_MT27.png
Saved figure: WMP_Lib/Os186/962-1179_MT102.png
Saved figure: WMP_Lib/Os186/962-1179_MT107.png
Vector fitting piece 18/29...
  energy: 1.091e+03 to 1.321e+03 eV (3654 points)
  error tolerance: rtol=0.001, atol=1e-05
Found 8 peaks
Fitting orders from 16 to 200
Order=16(0/93)
Order=18(1/93)
Order=20(2/93)
Order=22(3/93)
Order=24(4/93)
Order=26(5/93)
Order=28(6/93)
Order=30(7/93)
Order=32(8/93)
Order=34(9/93)
Order=36(10/93)
Order=38(11/93)
Order=40(12/93)
Order=42(13/93)
Order=44(14/93)
Order=46(15/93)
Order=48(16/93)
Order=50(17/93)
Order=52(18/93)
Order=54(19/93)
Order=56(20/93)
Order=58(21/93)
Order=60(22/93)
Found 4 real poles and 9 conjugate complex pairs.
Final number of poles: 13
Saved figure: WMP_Lib/Os186/1091-1321_MT2.png
Saved figure: WMP_Lib/Os186/1091-1321_MT27.png
Saved figure: WMP_Lib/Os186/1091-1321_MT102.png
Saved figure: WMP_Lib/Os186/1091-1321_MT107.png
Vector fitting piece 19/29...
  energy: 1.228e+03 to 1.471e+03 eV (4301 points)
  error tolerance: rtol=0.001, atol=1e-05
Found 9 peaks
Fitting orders from 18 to 200
Order=18(0/92)
Order=20(1/92)
Order=22(2/92)
Order=24(3/92)
Order=26(4/92)
Order=28(5/92)
Order=30(6/92)
Order=32(7/92)
Order=34(8/92)
Order=36(9/92)
Order=38(10/92)
Order=40(11/92)
Order=42(12/92)
Order=44(13/92)
Order=46(14/92)
Order=48(15/92)
Order=50(16/92)
Order=52(17/92)
Order=54(18/92)
Order=56(19/92)
Order=58(20/92)
Order=60(21/92)
Found 4 real poles and 9 conjugate complex pairs.
Final number of poles: 13
Saved figure: WMP_Lib/Os186/1228-1471_MT2.png
Saved figure: WMP_Lib/Os186/1228-1471_MT27.png
Saved figure: WMP_Lib/Os186/1228-1471_MT102.png
Saved figure: WMP_Lib/Os186/1228-1471_MT107.png
Vector fitting piece 20/29...
  energy: 1.372e+03 to 1.629e+03 eV (3602 points)
  error tolerance: rtol=0.001, atol=1e-05
Found 7 peaks
Fitting orders from 14 to 200
Order=14(0/94)
Order=16(1/94)
Order=18(2/94)
Order=20(3/94)
Order=22(4/94)
Order=24(5/94)
Order=26(6/94)
Order=28(7/94)
Order=30(8/94)
Order=32(9/94)
Order=34(10/94)
Order=36(11/94)
Order=38(12/94)
Order=40(13/94)
Order=42(14/94)
Order=44(15/94)
Order=46(16/94)
Order=48(17/94)
Order=50(18/94)
Order=52(19/94)
Order=54(20/94)
Order=56(21/94)
Order=58(22/94)
Order=60(23/94)
Found 4 real poles and 8 conjugate complex pairs.
Final number of poles: 12
Saved figure: WMP_Lib/Os186/1372-1629_MT2.png
Saved figure: WMP_Lib/Os186/1372-1629_MT27.png
Saved figure: WMP_Lib/Os186/1372-1629_MT102.png
Saved figure: WMP_Lib/Os186/1372-1629_MT107.png
Vector fitting piece 21/29...
  energy: 1.526e+03 to 1.796e+03 eV (3996 points)
  error tolerance: rtol=0.001, atol=1e-05
Found 9 peaks
Fitting orders from 18 to 200
Order=18(0/92)
Order=20(1/92)
Order=22(2/92)
Order=24(3/92)
Order=26(4/92)
Order=28(5/92)
Order=30(6/92)
Order=32(7/92)
Order=34(8/92)
Order=36(9/92)
Order=38(10/92)
Order=40(11/92)
Order=42(12/92)
Order=44(13/92)
Order=46(14/92)
Order=48(15/92)
Order=50(16/92)
Order=52(17/92)
Order=54(18/92)
Order=56(19/92)
Order=58(20/92)
Order=60(21/92)
Found 6 real poles and 9 conjugate complex pairs.
Final number of poles: 15
Saved figure: WMP_Lib/Os186/1526-1796_MT2.png
Saved figure: WMP_Lib/Os186/1526-1796_MT27.png
Saved figure: WMP_Lib/Os186/1526-1796_MT102.png
Saved figure: WMP_Lib/Os186/1526-1796_MT107.png
Vector fitting piece 22/29...
  energy: 1.687e+03 to 1.970e+03 eV (5215 points)
  error tolerance: rtol=0.001, atol=1e-05
Found 11 peaks
Fitting orders from 22 to 200
Order=22(0/90)
Order=24(1/90)
Order=26(2/90)
Order=28(3/90)
Order=30(4/90)
Order=32(5/90)
Order=34(6/90)
Order=36(7/90)
Order=38(8/90)
Order=40(9/90)
Order=42(10/90)
Order=44(11/90)
Order=46(12/90)
Order=48(13/90)
Order=50(14/90)
Order=52(15/90)
Order=54(16/90)
Order=56(17/90)
Order=58(18/90)
Order=60(19/90)
Found 4 real poles and 13 conjugate complex pairs.
Final number of poles: 17
Saved figure: WMP_Lib/Os186/1687-1970_MT2.png
Saved figure: WMP_Lib/Os186/1687-1970_MT27.png
Saved figure: WMP_Lib/Os186/1687-1970_MT102.png
Saved figure: WMP_Lib/Os186/1687-1970_MT107.png
Vector fitting piece 23/29...
  energy: 1.856e+03 to 2.153e+03 eV (4487 points)
  error tolerance: rtol=0.001, atol=1e-05
Found 9 peaks
Fitting orders from 18 to 200
Order=18(0/92)
Order=20(1/92)
Order=22(2/92)
Order=24(3/92)
Order=26(4/92)
Order=28(5/92)
Order=30(6/92)
Order=32(7/92)
Order=34(8/92)
Order=36(9/92)
Order=38(10/92)
Order=40(11/92)
Order=42(12/92)
Order=44(13/92)
Order=46(14/92)
Order=48(15/92)
Order=50(16/92)
Order=52(17/92)
Order=54(18/92)
Order=56(19/92)
Order=58(20/92)
Order=60(21/92)
Found 8 real poles and 9 conjugate complex pairs.
Final number of poles: 17
Saved figure: WMP_Lib/Os186/1856-2153_MT2.png
Saved figure: WMP_Lib/Os186/1856-2153_MT27.png
Saved figure: WMP_Lib/Os186/1856-2153_MT102.png
Saved figure: WMP_Lib/Os186/1856-2153_MT107.png
Vector fitting piece 24/29...
  energy: 2.033e+03 to 2.344e+03 eV (5436 points)
  error tolerance: rtol=0.001, atol=1e-05
Found 12 peaks
Fitting orders from 24 to 200
Order=24(0/89)
Order=26(1/89)
Order=28(2/89)
Order=30(3/89)
Order=32(4/89)
Order=34(5/89)
Order=36(6/89)
Order=38(7/89)
Order=40(8/89)
Order=42(9/89)
Order=44(10/89)
Order=46(11/89)
Order=48(12/89)
Order=50(13/89)
Order=52(14/89)
Order=54(15/89)
Order=56(16/89)
Order=58(17/89)
Order=60(18/89)
Found 4 real poles and 13 conjugate complex pairs.
Final number of poles: 17
Saved figure: WMP_Lib/Os186/2033-2344_MT2.png
Saved figure: WMP_Lib/Os186/2033-2344_MT27.png
Saved figure: WMP_Lib/Os186/2033-2344_MT102.png
Saved figure: WMP_Lib/Os186/2033-2344_MT107.png
Vector fitting piece 25/29...
  energy: 2.219e+03 to 2.542e+03 eV (5667 points)
  error tolerance: rtol=0.001, atol=1e-05
Found 13 peaks
Fitting orders from 26 to 200
Order=26(0/88)
Order=28(1/88)
Order=30(2/88)
Order=32(3/88)
Order=34(4/88)
Order=36(5/88)
Order=38(6/88)
Order=40(7/88)
Order=42(8/88)
Order=44(9/88)
Order=46(10/88)
Order=48(11/88)
Order=50(12/88)
Order=52(13/88)
Order=54(14/88)
Order=56(15/88)
Order=58(16/88)
Order=60(17/88)
Found 6 real poles and 13 conjugate complex pairs.
Final number of poles: 19
Saved figure: WMP_Lib/Os186/2219-2542_MT2.png
Saved figure: WMP_Lib/Os186/2219-2542_MT27.png
Saved figure: WMP_Lib/Os186/2219-2542_MT102.png
Saved figure: WMP_Lib/Os186/2219-2542_MT107.png
Vector fitting piece 26/29...
  energy: 2.412e+03 to 2.749e+03 eV (5158 points)
  error tolerance: rtol=0.001, atol=1e-05
Found 12 peaks
Fitting orders from 24 to 200
Order=24(0/89)
Order=26(1/89)
Order=28(2/89)
Order=30(3/89)
Order=32(4/89)
Order=34(5/89)
Order=36(6/89)
Order=38(7/89)
Order=40(8/89)
Order=42(9/89)
Order=44(10/89)
Order=46(11/89)
Order=48(12/89)
Order=50(13/89)
Order=52(14/89)
Order=54(15/89)
Order=56(16/89)
Order=58(17/89)
Order=60(18/89)
Found 6 real poles and 12 conjugate complex pairs.
Final number of poles: 18
Saved figure: WMP_Lib/Os186/2412-2749_MT2.png
Saved figure: WMP_Lib/Os186/2412-2749_MT27.png
Saved figure: WMP_Lib/Os186/2412-2749_MT102.png
Saved figure: WMP_Lib/Os186/2412-2749_MT107.png
Vector fitting piece 27/29...
  energy: 2.613e+03 to 2.964e+03 eV (6451 points)
  error tolerance: rtol=0.001, atol=1e-05
Found 16 peaks
Fitting orders from 32 to 200
Order=32(0/85)
Order=34(1/85)
Order=36(2/85)
Order=38(3/85)
Order=40(4/85)
Order=42(5/85)
Order=44(6/85)
Order=46(7/85)
Order=48(8/85)
Order=50(9/85)
Order=52(10/85)
Order=54(11/85)
Order=56(12/85)
Order=58(13/85)
Order=60(14/85)
Found 6 real poles and 16 conjugate complex pairs.
Final number of poles: 22
Saved figure: WMP_Lib/Os186/2613-2964_MT2.png
Saved figure: WMP_Lib/Os186/2613-2964_MT27.png
Saved figure: WMP_Lib/Os186/2613-2964_MT102.png
Saved figure: WMP_Lib/Os186/2613-2964_MT107.png
Vector fitting piece 28/29...
  energy: 2.823e+03 to 3.187e+03 eV (5374 points)
  error tolerance: rtol=0.001, atol=1e-05
Found 12 peaks
Fitting orders from 24 to 200
Order=24(0/89)
Order=26(1/89)
Order=28(2/89)
Order=30(3/89)
Order=32(4/89)
Order=34(5/89)
Order=36(6/89)
Order=38(7/89)
Order=40(8/89)
Order=42(9/89)
Order=44(10/89)
Order=46(11/89)
Order=48(12/89)
Order=50(13/89)
Order=52(14/89)
Order=54(15/89)
Order=56(16/89)
Order=58(17/89)
Order=60(18/89)
Found 6 real poles and 13 conjugate complex pairs.
Final number of poles: 19
Saved figure: WMP_Lib/Os186/2823-3187_MT2.png
Saved figure: WMP_Lib/Os186/2823-3187_MT27.png
Saved figure: WMP_Lib/Os186/2823-3187_MT102.png
Saved figure: WMP_Lib/Os186/2823-3187_MT107.png
Vector fitting piece 29/29...
  energy: 3.041e+03 to 3.400e+03 eV (4600 points)
  error tolerance: rtol=0.001, atol=1e-05
Found 10 peaks
Fitting orders from 20 to 200
Order=20(0/91)
Order=22(1/91)
Order=24(2/91)
Order=26(3/91)
Order=28(4/91)
Order=30(5/91)
Order=32(6/91)
Order=34(7/91)
Order=36(8/91)
Order=38(9/91)
Order=40(10/91)
Order=42(11/91)
Order=44(12/91)
Order=46(13/91)
Order=48(14/91)
Order=50(15/91)
Order=52(16/91)
Order=54(17/91)
Order=56(18/91)
Order=58(19/91)
Order=60(20/91)
Found 4 real poles and 11 conjugate complex pairs.
Final number of poles: 15
Saved figure: WMP_Lib/Os186/3041-3400_MT2.png
Saved figure: WMP_Lib/Os186/3041-3400_MT27.png
Saved figure: WMP_Lib/Os186/3041-3400_MT102.png
Saved figure: WMP_Lib/Os186/3041-3400_MT107.png
Dumped multipole data to file: WMP_Lib/Os186/Os186_mp.pickle
Start searching ...
Testing N_win=17 N_cf=10
Failed: Window spacing cannot be larger than piece spacing.
Testing N_win=121 N_cf=10
Windowing:
  config: # windows=121, spacing=0.48187064542035496, CF order=10
  error tolerance: rtol=0.001, atol=1e-05
Best library so far.
Testing N_win=121 N_cf=9
Windowing:
  config: # windows=121, spacing=0.48187064542035496, CF order=9
  error tolerance: rtol=0.001, atol=1e-05
Best library so far.
Testing N_win=121 N_cf=8
Windowing:
  config: # windows=121, spacing=0.48187064542035496, CF order=8
  error tolerance: rtol=0.001, atol=1e-05
Best library so far.
Testing N_win=121 N_cf=7
Windowing:
  config: # windows=121, spacing=0.48187064542035496, CF order=7
  error tolerance: rtol=0.001, atol=1e-05
Best library so far.
Testing N_win=121 N_cf=6
Windowing:
  config: # windows=121, spacing=0.48187064542035496, CF order=6
  error tolerance: rtol=0.001, atol=1e-05
Best library so far.
Testing N_win=121 N_cf=5
Windowing:
  config: # windows=121, spacing=0.48187064542035496, CF order=5
  error tolerance: rtol=0.001, atol=1e-05
Failed: Pure curvefit failed for the first window!
Testing N_win=225 N_cf=10
Windowing:
  config: # windows=225, spacing=0.259139324870502, CF order=10
  error tolerance: rtol=0.001, atol=1e-05
Best library so far.
Testing N_win=225 N_cf=9
Windowing:
  config: # windows=225, spacing=0.259139324870502, CF order=9
  error tolerance: rtol=0.001, atol=1e-05
Best library so far.
Testing N_win=225 N_cf=8
Windowing:
  config: # windows=225, spacing=0.259139324870502, CF order=8
  error tolerance: rtol=0.001, atol=1e-05
Best library so far.
Testing N_win=225 N_cf=7
Windowing:
  config: # windows=225, spacing=0.259139324870502, CF order=7
  error tolerance: rtol=0.001, atol=1e-05
Best library so far.
Testing N_win=225 N_cf=6
Windowing:
  config: # windows=225, spacing=0.259139324870502, CF order=6
  error tolerance: rtol=0.001, atol=1e-05
Best library so far.
Testing N_win=225 N_cf=5
Windowing:
  config: # windows=225, spacing=0.259139324870502, CF order=5
  error tolerance: rtol=0.001, atol=1e-05
Best library so far.
Testing N_win=225 N_cf=4
Windowing:
  config: # windows=225, spacing=0.259139324870502, CF order=4
  error tolerance: rtol=0.001, atol=1e-05
Failed: Pure curvefit failed for the first window!
Testing N_win=330 N_cf=10
Windowing:
  config: # windows=330, spacing=0.1766859033207968, CF order=10
  error tolerance: rtol=0.001, atol=1e-05
Testing N_win=330 N_cf=9
Windowing:
  config: # windows=330, spacing=0.1766859033207968, CF order=9
  error tolerance: rtol=0.001, atol=1e-05
Best library so far.
Testing N_win=330 N_cf=8
Windowing:
  config: # windows=330, spacing=0.1766859033207968, CF order=8
  error tolerance: rtol=0.001, atol=1e-05
Best library so far.
Testing N_win=330 N_cf=7
Windowing:
  config: # windows=330, spacing=0.1766859033207968, CF order=7
  error tolerance: rtol=0.001, atol=1e-05
Best library so far.
Testing N_win=330 N_cf=6
Windowing:
  config: # windows=330, spacing=0.1766859033207968, CF order=6
  error tolerance: rtol=0.001, atol=1e-05
Best library so far.
Testing N_win=330 N_cf=5
Windowing:
  config: # windows=330, spacing=0.1766859033207968, CF order=5
  error tolerance: rtol=0.001, atol=1e-05
Best library so far.
Testing N_win=330 N_cf=4
Windowing:
  config: # windows=330, spacing=0.1766859033207968, CF order=4
  error tolerance: rtol=0.001, atol=1e-05
Best library so far.
Testing N_win=330 N_cf=3
Windowing:
  config: # windows=330, spacing=0.1766859033207968, CF order=3
  error tolerance: rtol=0.001, atol=1e-05
Failed: Pure curvefit failed for the first window!
Testing N_win=434 N_cf=10
Windowing:
  config: # windows=434, spacing=0.13434642418401602, CF order=10
  error tolerance: rtol=0.001, atol=1e-05
Testing N_win=434 N_cf=9
Windowing:
  config: # windows=434, spacing=0.13434642418401602, CF order=9
  error tolerance: rtol=0.001, atol=1e-05
Testing N_win=434 N_cf=8
Windowing:
  config: # windows=434, spacing=0.13434642418401602, CF order=8
  error tolerance: rtol=0.001, atol=1e-05
Testing N_win=434 N_cf=7
Windowing:
  config: # windows=434, spacing=0.13434642418401602, CF order=7
  error tolerance: rtol=0.001, atol=1e-05
Testing N_win=434 N_cf=6
Windowing:
  config: # windows=434, spacing=0.13434642418401602, CF order=6
  error tolerance: rtol=0.001, atol=1e-05
Testing N_win=434 N_cf=5
Windowing:
  config: # windows=434, spacing=0.13434642418401602, CF order=5
  error tolerance: rtol=0.001, atol=1e-05
Best library so far.
Testing N_win=434 N_cf=4
Windowing:
  config: # windows=434, spacing=0.13434642418401602, CF order=4
  error tolerance: rtol=0.001, atol=1e-05
Best library so far.
Testing N_win=434 N_cf=3
Windowing:
  config: # windows=434, spacing=0.13434642418401602, CF order=3
  error tolerance: rtol=0.001, atol=1e-05
Failed: Pure curvefit failed for the first window!
Testing N_win=538 N_cf=10
Windowing:
  config: # windows=538, spacing=0.1083761117023475, CF order=10
  error tolerance: rtol=0.001, atol=1e-05
Testing N_win=538 N_cf=9
Windowing:
  config: # windows=538, spacing=0.1083761117023475, CF order=9
  error tolerance: rtol=0.001, atol=1e-05
Testing N_win=538 N_cf=8
Windowing:
  config: # windows=538, spacing=0.1083761117023475, CF order=8
  error tolerance: rtol=0.001, atol=1e-05
Testing N_win=538 N_cf=7
Windowing:
  config: # windows=538, spacing=0.1083761117023475, CF order=7
  error tolerance: rtol=0.001, atol=1e-05
Testing N_win=538 N_cf=6
Windowing:
  config: # windows=538, spacing=0.1083761117023475, CF order=6
  error tolerance: rtol=0.001, atol=1e-05
Testing N_win=538 N_cf=5
Windowing:
  config: # windows=538, spacing=0.1083761117023475, CF order=5
  error tolerance: rtol=0.001, atol=1e-05
Testing N_win=538 N_cf=4
Windowing:
  config: # windows=538, spacing=0.1083761117023475, CF order=4
  error tolerance: rtol=0.001, atol=1e-05
Best library so far.
Testing N_win=538 N_cf=3
Windowing:
  config: # windows=538, spacing=0.1083761117023475, CF order=3
  error tolerance: rtol=0.001, atol=1e-05
Failed: Pure curvefit failed for the first window!
Testing N_win=643 N_cf=10
Windowing:
  config: # windows=643, spacing=0.09067861290180863, CF order=10
  error tolerance: rtol=0.001, atol=1e-05
Testing N_win=643 N_cf=9
Windowing:
  config: # windows=643, spacing=0.09067861290180863, CF order=9
  error tolerance: rtol=0.001, atol=1e-05
Testing N_win=643 N_cf=8
Windowing:
  config: # windows=643, spacing=0.09067861290180863, CF order=8
  error tolerance: rtol=0.001, atol=1e-05
Testing N_win=643 N_cf=7
Windowing:
  config: # windows=643, spacing=0.09067861290180863, CF order=7
  error tolerance: rtol=0.001, atol=1e-05
Testing N_win=643 N_cf=6
Windowing:
  config: # windows=643, spacing=0.09067861290180863, CF order=6
  error tolerance: rtol=0.001, atol=1e-05
Testing N_win=643 N_cf=5
Windowing:
  config: # windows=643, spacing=0.09067861290180863, CF order=5
  error tolerance: rtol=0.001, atol=1e-05
Testing N_win=643 N_cf=4
Windowing:
  config: # windows=643, spacing=0.09067861290180863, CF order=4
  error tolerance: rtol=0.001, atol=1e-05
Testing N_win=643 N_cf=3
Windowing:
  config: # windows=643, spacing=0.09067861290180863, CF order=3
  error tolerance: rtol=0.001, atol=1e-05
Failed: Pure curvefit failed for the first window!
Testing N_win=747 N_cf=10
Windowing:
  config: # windows=747, spacing=0.07805401351521145, CF order=10
  error tolerance: rtol=0.001, atol=1e-05
Testing N_win=747 N_cf=9
Windowing:
  config: # windows=747, spacing=0.07805401351521145, CF order=9
  error tolerance: rtol=0.001, atol=1e-05
Testing N_win=747 N_cf=8
Windowing:
  config: # windows=747, spacing=0.07805401351521145, CF order=8
  error tolerance: rtol=0.001, atol=1e-05
Testing N_win=747 N_cf=7
Windowing:
  config: # windows=747, spacing=0.07805401351521145, CF order=7
  error tolerance: rtol=0.001, atol=1e-05
Testing N_win=747 N_cf=6
Windowing:
  config: # windows=747, spacing=0.07805401351521145, CF order=6
  error tolerance: rtol=0.001, atol=1e-05
Testing N_win=747 N_cf=5
Windowing:
  config: # windows=747, spacing=0.07805401351521145, CF order=5
  error tolerance: rtol=0.001, atol=1e-05
Testing N_win=747 N_cf=4
Windowing:
  config: # windows=747, spacing=0.07805401351521145, CF order=4
  error tolerance: rtol=0.001, atol=1e-05
Testing N_win=747 N_cf=3
Windowing:
  config: # windows=747, spacing=0.07805401351521145, CF order=3
  error tolerance: rtol=0.001, atol=1e-05
Failed: Pure curvefit failed for the first window!
Testing N_win=851 N_cf=10
Windowing:
  config: # windows=851, spacing=0.06851509764496234, CF order=10
  error tolerance: rtol=0.001, atol=1e-05
Testing N_win=851 N_cf=9
Windowing:
  config: # windows=851, spacing=0.06851509764496234, CF order=9
  error tolerance: rtol=0.001, atol=1e-05
Testing N_win=851 N_cf=8
Windowing:
  config: # windows=851, spacing=0.06851509764496234, CF order=8
  error tolerance: rtol=0.001, atol=1e-05
Testing N_win=851 N_cf=7
Windowing:
  config: # windows=851, spacing=0.06851509764496234, CF order=7
  error tolerance: rtol=0.001, atol=1e-05
Testing N_win=851 N_cf=6
Windowing:
  config: # windows=851, spacing=0.06851509764496234, CF order=6
  error tolerance: rtol=0.001, atol=1e-05
Testing N_win=851 N_cf=5
Windowing:
  config: # windows=851, spacing=0.06851509764496234, CF order=5
  error tolerance: rtol=0.001, atol=1e-05
Testing N_win=851 N_cf=4
Windowing:
  config: # windows=851, spacing=0.06851509764496234, CF order=4
  error tolerance: rtol=0.001, atol=1e-05
Testing N_win=851 N_cf=3
Windowing:
  config: # windows=851, spacing=0.06851509764496234, CF order=3
  error tolerance: rtol=0.001, atol=1e-05
Failed: Pure curvefit failed for the first window!
Testing N_win=956 N_cf=10
Windowing:
  config: # windows=956, spacing=0.06098990386596543, CF order=10
  error tolerance: rtol=0.001, atol=1e-05
Testing N_win=956 N_cf=9
Windowing:
  config: # windows=956, spacing=0.06098990386596543, CF order=9
  error tolerance: rtol=0.001, atol=1e-05
Testing N_win=956 N_cf=8
Windowing:
  config: # windows=956, spacing=0.06098990386596543, CF order=8
  error tolerance: rtol=0.001, atol=1e-05
Testing N_win=956 N_cf=7
Windowing:
  config: # windows=956, spacing=0.06098990386596543, CF order=7
  error tolerance: rtol=0.001, atol=1e-05
Testing N_win=956 N_cf=6
Windowing:
  config: # windows=956, spacing=0.06098990386596543, CF order=6
  error tolerance: rtol=0.001, atol=1e-05
Testing N_win=956 N_cf=5
Windowing:
  config: # windows=956, spacing=0.06098990386596543, CF order=5
  error tolerance: rtol=0.001, atol=1e-05
Testing N_win=956 N_cf=4
Windowing:
  config: # windows=956, spacing=0.06098990386596543, CF order=4
  error tolerance: rtol=0.001, atol=1e-05
Testing N_win=956 N_cf=3
Windowing:
  config: # windows=956, spacing=0.06098990386596543, CF order=3
  error tolerance: rtol=0.001, atol=1e-05
Failed: Pure curvefit failed for the first window!
Testing N_win=1060 N_cf=10
Windowing:
  config: # windows=1060, spacing=0.05500598876968203, CF order=10
  error tolerance: rtol=0.001, atol=1e-05
Testing N_win=1060 N_cf=9
Windowing:
  config: # windows=1060, spacing=0.05500598876968203, CF order=9
  error tolerance: rtol=0.001, atol=1e-05
Testing N_win=1060 N_cf=8
Windowing:
  config: # windows=1060, spacing=0.05500598876968203, CF order=8
  error tolerance: rtol=0.001, atol=1e-05
Testing N_win=1060 N_cf=7
Windowing:
  config: # windows=1060, spacing=0.05500598876968203, CF order=7
  error tolerance: rtol=0.001, atol=1e-05
Testing N_win=1060 N_cf=6
Windowing:
  config: # windows=1060, spacing=0.05500598876968203, CF order=6
  error tolerance: rtol=0.001, atol=1e-05
Testing N_win=1060 N_cf=5
Windowing:
  config: # windows=1060, spacing=0.05500598876968203, CF order=5
  error tolerance: rtol=0.001, atol=1e-05
Testing N_win=1060 N_cf=4
Windowing:
  config: # windows=1060, spacing=0.05500598876968203, CF order=4
  error tolerance: rtol=0.001, atol=1e-05
Testing N_win=1060 N_cf=3
Windowing:
  config: # windows=1060, spacing=0.05500598876968203, CF order=3
  error tolerance: rtol=0.001, atol=1e-05
Failed: Pure curvefit failed for the first window!
Testing N_win=1165 N_cf=10
Windowing:
  config: # windows=1165, spacing=0.05004836746426004, CF order=10
  error tolerance: rtol=0.001, atol=1e-05
Testing N_win=1165 N_cf=9
Windowing:
  config: # windows=1165, spacing=0.05004836746426004, CF order=9
  error tolerance: rtol=0.001, atol=1e-05
Testing N_win=1165 N_cf=8
Windowing:
  config: # windows=1165, spacing=0.05004836746426004, CF order=8
  error tolerance: rtol=0.001, atol=1e-05
Testing N_win=1165 N_cf=7
Windowing:
  config: # windows=1165, spacing=0.05004836746426004, CF order=7
  error tolerance: rtol=0.001, atol=1e-05
Testing N_win=1165 N_cf=6
Windowing:
  config: # windows=1165, spacing=0.05004836746426004, CF order=6
  error tolerance: rtol=0.001, atol=1e-05
Testing N_win=1165 N_cf=5
Windowing:
  config: # windows=1165, spacing=0.05004836746426004, CF order=5
  error tolerance: rtol=0.001, atol=1e-05
Testing N_win=1165 N_cf=4
Windowing:
  config: # windows=1165, spacing=0.05004836746426004, CF order=4
  error tolerance: rtol=0.001, atol=1e-05
Testing N_win=1165 N_cf=3
Windowing:
  config: # windows=1165, spacing=0.05004836746426004, CF order=3
  error tolerance: rtol=0.001, atol=1e-05
Failed: Pure curvefit failed for the first window!
Testing N_win=1269 N_cf=10
Windowing:
  config: # windows=1269, spacing=0.0459466888068266, CF order=10
  error tolerance: rtol=0.001, atol=1e-05
Testing N_win=1269 N_cf=9
Windowing:
  config: # windows=1269, spacing=0.0459466888068266, CF order=9
  error tolerance: rtol=0.001, atol=1e-05
Testing N_win=1269 N_cf=8
Windowing:
  config: # windows=1269, spacing=0.0459466888068266, CF order=8
  error tolerance: rtol=0.001, atol=1e-05
Testing N_win=1269 N_cf=7
Windowing:
  config: # windows=1269, spacing=0.0459466888068266, CF order=7
  error tolerance: rtol=0.001, atol=1e-05
Testing N_win=1269 N_cf=6
Windowing:
  config: # windows=1269, spacing=0.0459466888068266, CF order=6
  error tolerance: rtol=0.001, atol=1e-05
Testing N_win=1269 N_cf=5
Windowing:
  config: # windows=1269, spacing=0.0459466888068266, CF order=5
  error tolerance: rtol=0.001, atol=1e-05
Testing N_win=1269 N_cf=4
Windowing:
  config: # windows=1269, spacing=0.0459466888068266, CF order=4
  error tolerance: rtol=0.001, atol=1e-05
Testing N_win=1269 N_cf=3
Windowing:
  config: # windows=1269, spacing=0.0459466888068266, CF order=3
  error tolerance: rtol=0.001, atol=1e-05
Failed: Pure curvefit failed for the first window!
Testing N_win=1373 N_cf=10
Windowing:
  config: # windows=1373, spacing=0.042466386085843376, CF order=10
  error tolerance: rtol=0.001, atol=1e-05
Testing N_win=1373 N_cf=9
Windowing:
  config: # windows=1373, spacing=0.042466386085843376, CF order=9
  error tolerance: rtol=0.001, atol=1e-05
Testing N_win=1373 N_cf=8
Windowing:
  config: # windows=1373, spacing=0.042466386085843376, CF order=8
  error tolerance: rtol=0.001, atol=1e-05
Testing N_win=1373 N_cf=7
Windowing:
  config: # windows=1373, spacing=0.042466386085843376, CF order=7
  error tolerance: rtol=0.001, atol=1e-05
Testing N_win=1373 N_cf=6
Windowing:
  config: # windows=1373, spacing=0.042466386085843376, CF order=6
  error tolerance: rtol=0.001, atol=1e-05
Testing N_win=1373 N_cf=5
Windowing:
  config: # windows=1373, spacing=0.042466386085843376, CF order=5
  error tolerance: rtol=0.001, atol=1e-05
Testing N_win=1373 N_cf=4
Windowing:
  config: # windows=1373, spacing=0.042466386085843376, CF order=4
  error tolerance: rtol=0.001, atol=1e-05
Testing N_win=1373 N_cf=3
Windowing:
  config: # windows=1373, spacing=0.042466386085843376, CF order=3
  error tolerance: rtol=0.001, atol=1e-05
Failed: Pure curvefit failed for the first window!
Testing N_win=1478 N_cf=10
Windowing:
  config: # windows=1478, spacing=0.03944949126919009, CF order=10
  error tolerance: rtol=0.001, atol=1e-05
Testing N_win=1478 N_cf=9
Windowing:
  config: # windows=1478, spacing=0.03944949126919009, CF order=9
  error tolerance: rtol=0.001, atol=1e-05
Testing N_win=1478 N_cf=8
Windowing:
  config: # windows=1478, spacing=0.03944949126919009, CF order=8
  error tolerance: rtol=0.001, atol=1e-05
Testing N_win=1478 N_cf=7
Windowing:
  config: # windows=1478, spacing=0.03944949126919009, CF order=7
  error tolerance: rtol=0.001, atol=1e-05
Testing N_win=1478 N_cf=6
Windowing:
  config: # windows=1478, spacing=0.03944949126919009, CF order=6
  error tolerance: rtol=0.001, atol=1e-05
Testing N_win=1478 N_cf=5
Windowing:
  config: # windows=1478, spacing=0.03944949126919009, CF order=5
  error tolerance: rtol=0.001, atol=1e-05
Testing N_win=1478 N_cf=4
Windowing:
  config: # windows=1478, spacing=0.03944949126919009, CF order=4
  error tolerance: rtol=0.001, atol=1e-05
Testing N_win=1478 N_cf=3
Windowing:
  config: # windows=1478, spacing=0.03944949126919009, CF order=3
  error tolerance: rtol=0.001, atol=1e-05
Failed: Pure curvefit failed for the first window!
Testing N_win=1582 N_cf=10
Windowing:
  config: # windows=1582, spacing=0.0368560986699513, CF order=10
  error tolerance: rtol=0.001, atol=1e-05
Testing N_win=1582 N_cf=9
Windowing:
  config: # windows=1582, spacing=0.0368560986699513, CF order=9
  error tolerance: rtol=0.001, atol=1e-05
Testing N_win=1582 N_cf=8
Windowing:
  config: # windows=1582, spacing=0.0368560986699513, CF order=8
  error tolerance: rtol=0.001, atol=1e-05
Testing N_win=1582 N_cf=7
Windowing:
  config: # windows=1582, spacing=0.0368560986699513, CF order=7
  error tolerance: rtol=0.001, atol=1e-05
Testing N_win=1582 N_cf=6
Windowing:
  config: # windows=1582, spacing=0.0368560986699513, CF order=6
  error tolerance: rtol=0.001, atol=1e-05
Testing N_win=1582 N_cf=5
Windowing:
  config: # windows=1582, spacing=0.0368560986699513, CF order=5
  error tolerance: rtol=0.001, atol=1e-05
Testing N_win=1582 N_cf=4
Windowing:
  config: # windows=1582, spacing=0.0368560986699513, CF order=4
  error tolerance: rtol=0.001, atol=1e-05
Testing N_win=1582 N_cf=3
Windowing:
  config: # windows=1582, spacing=0.0368560986699513, CF order=3
  error tolerance: rtol=0.001, atol=1e-05
Failed: Pure curvefit failed for the first window!
Testing N_win=1686 N_cf=10
Windowing:
  config: # windows=1686, spacing=0.0345826501161702, CF order=10
  error tolerance: rtol=0.001, atol=1e-05
Testing N_win=1686 N_cf=9
Windowing:
  config: # windows=1686, spacing=0.0345826501161702, CF order=9
  error tolerance: rtol=0.001, atol=1e-05
Testing N_win=1686 N_cf=8
Windowing:
  config: # windows=1686, spacing=0.0345826501161702, CF order=8
  error tolerance: rtol=0.001, atol=1e-05
Testing N_win=1686 N_cf=7
Windowing:
  config: # windows=1686, spacing=0.0345826501161702, CF order=7
  error tolerance: rtol=0.001, atol=1e-05
Testing N_win=1686 N_cf=6
Windowing:
  config: # windows=1686, spacing=0.0345826501161702, CF order=6
  error tolerance: rtol=0.001, atol=1e-05
Testing N_win=1686 N_cf=5
Windowing:
  config: # windows=1686, spacing=0.0345826501161702, CF order=5
  error tolerance: rtol=0.001, atol=1e-05
Testing N_win=1686 N_cf=4
Windowing:
  config: # windows=1686, spacing=0.0345826501161702, CF order=4
  error tolerance: rtol=0.001, atol=1e-05
Testing N_win=1686 N_cf=3
Windowing:
  config: # windows=1686, spacing=0.0345826501161702, CF order=3
  error tolerance: rtol=0.001, atol=1e-05
Failed: Pure curvefit failed for the first window!
Testing N_win=1791 N_cf=10
Windowing:
  config: # windows=1791, spacing=0.03255519156664598, CF order=10
  error tolerance: rtol=0.001, atol=1e-05
Testing N_win=1791 N_cf=9
Windowing:
  config: # windows=1791, spacing=0.03255519156664598, CF order=9
  error tolerance: rtol=0.001, atol=1e-05
Testing N_win=1791 N_cf=8
Windowing:
  config: # windows=1791, spacing=0.03255519156664598, CF order=8
  error tolerance: rtol=0.001, atol=1e-05
Testing N_win=1791 N_cf=7
Windowing:
  config: # windows=1791, spacing=0.03255519156664598, CF order=7
  error tolerance: rtol=0.001, atol=1e-05
Testing N_win=1791 N_cf=6
Windowing:
  config: # windows=1791, spacing=0.03255519156664598, CF order=6
  error tolerance: rtol=0.001, atol=1e-05
Testing N_win=1791 N_cf=5
Windowing:
  config: # windows=1791, spacing=0.03255519156664598, CF order=5
  error tolerance: rtol=0.001, atol=1e-05
Testing N_win=1791 N_cf=4
Windowing:
  config: # windows=1791, spacing=0.03255519156664598, CF order=4
  error tolerance: rtol=0.001, atol=1e-05
Testing N_win=1791 N_cf=3
Windowing:
  config: # windows=1791, spacing=0.03255519156664598, CF order=3
  error tolerance: rtol=0.001, atol=1e-05
Failed: Pure curvefit failed for the first window!
Testing N_win=1895 N_cf=10
Windowing:
  config: # windows=1895, spacing=0.03076852142261897, CF order=10
  error tolerance: rtol=0.001, atol=1e-05
Testing N_win=1895 N_cf=9
Windowing:
  config: # windows=1895, spacing=0.03076852142261897, CF order=9
  error tolerance: rtol=0.001, atol=1e-05
Testing N_win=1895 N_cf=8
Windowing:
  config: # windows=1895, spacing=0.03076852142261897, CF order=8
  error tolerance: rtol=0.001, atol=1e-05
Testing N_win=1895 N_cf=7
Windowing:
  config: # windows=1895, spacing=0.03076852142261897, CF order=7
  error tolerance: rtol=0.001, atol=1e-05
Testing N_win=1895 N_cf=6
Windowing:
  config: # windows=1895, spacing=0.03076852142261897, CF order=6
  error tolerance: rtol=0.001, atol=1e-05
Testing N_win=1895 N_cf=5
Windowing:
  config: # windows=1895, spacing=0.03076852142261897, CF order=5
  error tolerance: rtol=0.001, atol=1e-05
Testing N_win=1895 N_cf=4
Windowing:
  config: # windows=1895, spacing=0.03076852142261897, CF order=4
  error tolerance: rtol=0.001, atol=1e-05
Testing N_win=1895 N_cf=3
Windowing:
  config: # windows=1895, spacing=0.03076852142261897, CF order=3
  error tolerance: rtol=0.001, atol=1e-05
Failed: Pure curvefit failed for the first window!
Testing N_win=2000 N_cf=10
Windowing:
  config: # windows=2000, spacing=0.029153174047931475, CF order=10
  error tolerance: rtol=0.001, atol=1e-05
Testing N_win=2000 N_cf=9
Windowing:
  config: # windows=2000, spacing=0.029153174047931475, CF order=9
  error tolerance: rtol=0.001, atol=1e-05
Testing N_win=2000 N_cf=8
Windowing:
  config: # windows=2000, spacing=0.029153174047931475, CF order=8
  error tolerance: rtol=0.001, atol=1e-05
Testing N_win=2000 N_cf=7
Windowing:
  config: # windows=2000, spacing=0.029153174047931475, CF order=7
  error tolerance: rtol=0.001, atol=1e-05
Testing N_win=2000 N_cf=6
Windowing:
  config: # windows=2000, spacing=0.029153174047931475, CF order=6
  error tolerance: rtol=0.001, atol=1e-05
Testing N_win=2000 N_cf=5
Windowing:
  config: # windows=2000, spacing=0.029153174047931475, CF order=5
  error tolerance: rtol=0.001, atol=1e-05
Testing N_win=2000 N_cf=4
Windowing:
  config: # windows=2000, spacing=0.029153174047931475, CF order=4
  error tolerance: rtol=0.001, atol=1e-05
Testing N_win=2000 N_cf=3
Windowing:
  config: # windows=2000, spacing=0.029153174047931475, CF order=3
  error tolerance: rtol=0.001, atol=1e-05
Failed: Pure curvefit failed for the first window!
Final library: 217 poles, 538 windows, 3.4 poles per window, 4 CF order
