Running NJOY to get 0K point-wise data (error=0.0005)...
Parsing cross sections within resolved resonance range...
  MTs: [2, 27, 102, 103, 107]
  Energy range: 1.000e-05 to 1.000e+03 eV (64363 points)
Vector fitting piece 1/32...
  energy: 1.000e-05 to 1.344e+00 eV (635 points)
  error tolerance: rtol=0.001, atol=1e-05
Found 0 peaks
Fitting orders from 2 to 200
Order=2(0/100)
Order=4(1/100)
Order=6(2/100)
Order=8(3/100)
Order=10(4/100)
Order=12(5/100)
Order=14(6/100)
Order=16(7/100)
Order=18(8/100)
Order=20(9/100)
Order=22(10/100)
Order=24(11/100)
Order=26(12/100)
Order=28(13/100)
Order=30(14/100)
Order=32(15/100)
Order=34(16/100)
Order=36(17/100)
Order=38(18/100)
Order=40(19/100)
Order=42(20/100)
Order=44(21/100)
Order=46(22/100)
Order=48(23/100)
Order=50(24/100)
Order=52(25/100)
Order=54(26/100)
Order=56(27/100)
Order=58(28/100)
Order=60(29/100)
Found 2 real poles and 6 conjugate complex pairs.
Final number of poles: 8
Saved figure: WMP_Lib/Os187/0-1_MT2.png
Saved figure: WMP_Lib/Os187/0-1_MT27.png
Saved figure: WMP_Lib/Os187/0-1_MT102.png
Saved figure: WMP_Lib/Os187/0-1_MT107.png
Vector fitting piece 2/32...
  energy: 1.187e-01 to 4.719e+00 eV (294 points)
  error tolerance: rtol=0.001, atol=1e-05
Found 0 peaks
Fitting orders from 2 to 200
Order=2(0/100)
Order=4(1/100)
Order=6(2/100)
Order=8(3/100)
Order=10(4/100)
Order=12(5/100)
Order=14(6/100)
Order=16(7/100)
Order=18(8/100)
Order=20(9/100)
Order=22(10/100)
Order=24(11/100)
Order=26(12/100)
Order=28(13/100)
Order=30(14/100)
Order=32(15/100)
Order=34(16/100)
Order=36(17/100)
Order=38(18/100)
Order=40(19/100)
Order=42(20/100)
Order=44(21/100)
Order=46(22/100)
Order=48(23/100)
Order=50(24/100)
Order=52(25/100)
Order=54(26/100)
Order=56(27/100)
Order=58(28/100)
Order=60(29/100)
Found 0 real poles and 16 conjugate complex pairs.
Final number of poles: 16
Saved figure: WMP_Lib/Os187/0-5_MT2.png
Saved figure: WMP_Lib/Os187/0-5_MT27.png
Saved figure: WMP_Lib/Os187/0-5_MT102.png
Saved figure: WMP_Lib/Os187/0-5_MT107.png
Vector fitting piece 3/32...
  energy: 1.750e+00 to 9.721e+00 eV (599 points)
  error tolerance: rtol=0.001, atol=1e-05
Found 3 peaks
Fitting orders from 6 to 200
Order=6(0/98)
Order=8(1/98)
Order=10(2/98)
Order=12(3/98)
Order=14(4/98)
Order=16(5/98)
Order=18(6/98)
Order=20(7/98)
Order=22(8/98)
Order=24(9/98)
Order=26(10/98)
Order=28(11/98)
Order=30(12/98)
Order=32(13/98)
Order=34(14/98)
Order=36(15/98)
Order=38(16/98)
Order=40(17/98)
Order=42(18/98)
Order=44(19/98)
Order=46(20/98)
Order=48(21/98)
Order=50(22/98)
Order=52(23/98)
Order=54(24/98)
Order=56(25/98)
Order=58(26/98)
Order=60(27/98)
Found 3 real poles and 27 conjugate complex pairs.
Final number of poles: 30
Saved figure: WMP_Lib/Os187/2-10_MT2.png
Saved figure: WMP_Lib/Os187/2-10_MT27.png
Saved figure: WMP_Lib/Os187/2-10_MT102.png
Saved figure: WMP_Lib/Os187/2-10_MT107.png
Vector fitting piece 4/32...
  energy: 5.277e+00 to 1.694e+01 eV (1180 points)
  error tolerance: rtol=0.001, atol=1e-05
Found 4 peaks
Fitting orders from 8 to 200
Order=8(0/97)
Order=10(1/97)
Order=12(2/97)
Order=14(3/97)
Order=16(4/97)
Order=18(5/97)
Order=20(6/97)
Order=22(7/97)
Order=24(8/97)
Order=26(9/97)
Order=28(10/97)
Order=30(11/97)
Order=32(12/97)
Order=34(13/97)
Order=36(14/97)
Order=38(15/97)
Order=40(16/97)
Order=42(17/97)
Order=44(18/97)
Order=46(19/97)
Order=48(20/97)
Order=50(21/97)
Order=52(22/97)
Order=54(23/97)
Order=56(24/97)
Order=58(25/97)
Order=60(26/97)
Found 1 real poles and 25 conjugate complex pairs.
Final number of poles: 26
Saved figure: WMP_Lib/Os187/5-17_MT2.png
Saved figure: WMP_Lib/Os187/5-17_MT27.png
Saved figure: WMP_Lib/Os187/5-17_MT102.png
Saved figure: WMP_Lib/Os187/5-17_MT107.png
Vector fitting piece 5/32...
  energy: 1.095e+01 to 2.595e+01 eV (1193 points)
  error tolerance: rtol=0.001, atol=1e-05
Found 3 peaks
Fitting orders from 6 to 200
Order=6(0/98)
Order=8(1/98)
Order=10(2/98)
Order=12(3/98)
Order=14(4/98)
Order=16(5/98)
Order=18(6/98)
Order=20(7/98)
Order=22(8/98)
Order=24(9/98)
Order=26(10/98)
Order=28(11/98)
Order=30(12/98)
Order=32(13/98)
Order=34(14/98)
Order=36(15/98)
Order=38(16/98)
Order=40(17/98)
Order=42(18/98)
Order=44(19/98)
Order=46(20/98)
Order=48(21/98)
Order=50(22/98)
Order=52(23/98)
Order=54(24/98)
Order=56(25/98)
Order=58(26/98)
Order=60(27/98)
Found 2 real poles and 21 conjugate complex pairs.
Final number of poles: 23
Saved figure: WMP_Lib/Os187/11-26_MT2.png
Saved figure: WMP_Lib/Os187/11-26_MT27.png
Saved figure: WMP_Lib/Os187/11-26_MT102.png
Saved figure: WMP_Lib/Os187/11-26_MT107.png
Vector fitting piece 6/32...
  energy: 1.847e+01 to 3.712e+01 eV (1297 points)
  error tolerance: rtol=0.001, atol=1e-05
Found 3 peaks
Fitting orders from 6 to 200
Order=6(0/98)
Order=8(1/98)
Order=10(2/98)
Order=12(3/98)
Order=14(4/98)
Order=16(5/98)
Order=18(6/98)
Order=20(7/98)
Order=22(8/98)
Order=24(9/98)
Order=26(10/98)
Order=28(11/98)
Order=30(12/98)
Order=32(13/98)
Order=34(14/98)
Order=36(15/98)
Order=38(16/98)
Order=40(17/98)
Order=42(18/98)
Order=44(19/98)
Order=46(20/98)
Order=48(21/98)
Order=50(22/98)
Order=52(23/98)
Order=54(24/98)
Order=56(25/98)
Order=58(26/98)
Order=60(27/98)
Found 5 real poles and 10 conjugate complex pairs.
Final number of poles: 15
Saved figure: WMP_Lib/Os187/18-37_MT2.png
Saved figure: WMP_Lib/Os187/18-37_MT27.png
Saved figure: WMP_Lib/Os187/18-37_MT102.png
Saved figure: WMP_Lib/Os187/18-37_MT107.png
Vector fitting piece 7/32...
  energy: 2.796e+01 to 4.998e+01 eV (2097 points)
  error tolerance: rtol=0.001, atol=1e-05
Found 5 peaks
Fitting orders from 10 to 200
Order=10(0/96)
Order=12(1/96)
Order=14(2/96)
Order=16(3/96)
Order=18(4/96)
Order=20(5/96)
Order=22(6/96)
Order=24(7/96)
Order=26(8/96)
Order=28(9/96)
Order=30(10/96)
Order=32(11/96)
Order=34(12/96)
Order=36(13/96)
Order=38(14/96)
Order=40(15/96)
Order=42(16/96)
Order=44(17/96)
Order=46(18/96)
Order=48(19/96)
Order=50(20/96)
Order=52(21/96)
Order=54(22/96)
Order=56(23/96)
Order=58(24/96)
Order=60(25/96)
Found 3 real poles and 25 conjugate complex pairs.
Final number of poles: 28
Saved figure: WMP_Lib/Os187/28-50_MT2.png
Saved figure: WMP_Lib/Os187/28-50_MT27.png
Saved figure: WMP_Lib/Os187/28-50_MT102.png
Saved figure: WMP_Lib/Os187/28-50_MT107.png
Vector fitting piece 8/32...
  energy: 3.939e+01 to 6.492e+01 eV (2672 points)
  error tolerance: rtol=0.001, atol=1e-05
Found 8 peaks
Fitting orders from 16 to 200
Order=16(0/93)
Order=18(1/93)
Order=20(2/93)
Order=22(3/93)
Order=24(4/93)
Order=26(5/93)
Order=28(6/93)
Order=30(7/93)
Order=32(8/93)
Order=34(9/93)
Order=36(10/93)
Order=38(11/93)
Order=40(12/93)
Order=42(13/93)
Order=44(14/93)
Order=46(15/93)
Order=48(16/93)
Order=50(17/93)
Order=52(18/93)
Order=54(19/93)
Order=56(20/93)
Order=58(21/93)
Order=60(22/93)
Found 1 real poles and 18 conjugate complex pairs.
Final number of poles: 19
Saved figure: WMP_Lib/Os187/39-65_MT2.png
Saved figure: WMP_Lib/Os187/39-65_MT27.png
Saved figure: WMP_Lib/Os187/39-65_MT102.png
Saved figure: WMP_Lib/Os187/39-65_MT107.png
Vector fitting piece 9/32...
  energy: 5.273e+01 to 8.189e+01 eV (1315 points)
  error tolerance: rtol=0.001, atol=1e-05
Found 4 peaks
Fitting orders from 8 to 200
Order=8(0/97)
Order=10(1/97)
Order=12(2/97)
Order=14(3/97)
Order=16(4/97)
Order=18(5/97)
Order=20(6/97)
Order=22(7/97)
Order=24(8/97)
Order=26(9/97)
Order=28(10/97)
Order=30(11/97)
Order=32(12/97)
Order=34(13/97)
Order=36(14/97)
Order=38(15/97)
Order=40(16/97)
Order=42(17/97)
Order=44(18/97)
Order=46(19/97)
Order=48(20/97)
Order=50(21/97)
Order=52(22/97)
Order=54(23/97)
Order=56(24/97)
Order=58(25/97)
Order=60(26/97)
Found 5 real poles and 8 conjugate complex pairs.
Final number of poles: 13
Saved figure: WMP_Lib/Os187/53-82_MT2.png
Saved figure: WMP_Lib/Os187/53-82_MT27.png
Saved figure: WMP_Lib/Os187/53-82_MT102.png
Saved figure: WMP_Lib/Os187/53-82_MT107.png
Vector fitting piece 10/32...
  energy: 6.802e+01 to 1.007e+02 eV (1994 points)
  error tolerance: rtol=0.001, atol=1e-05
Found 5 peaks
Fitting orders from 10 to 200
Order=10(0/96)
Order=12(1/96)
Order=14(2/96)
Order=16(3/96)
Order=18(4/96)
Order=20(5/96)
Found ideal results. Stop!
Found 3 real poles and 10 conjugate complex pairs.
Final number of poles: 13
Saved figure: WMP_Lib/Os187/68-101_MT2.png
Saved figure: WMP_Lib/Os187/68-101_MT27.png
Saved figure: WMP_Lib/Os187/68-101_MT102.png
Saved figure: WMP_Lib/Os187/68-101_MT107.png
Vector fitting piece 11/32...
  energy: 8.531e+01 to 1.216e+02 eV (2859 points)
  error tolerance: rtol=0.001, atol=1e-05
Found 8 peaks
Fitting orders from 16 to 200
Order=16(0/93)
Order=18(1/93)
Order=20(2/93)
Order=22(3/93)
Order=24(4/93)
Order=26(5/93)
Order=28(6/93)
Order=30(7/93)
Order=32(8/93)
Order=34(9/93)
Order=36(10/93)
Order=38(11/93)
Order=40(12/93)
Order=42(13/93)
Order=44(14/93)
Order=46(15/93)
Order=48(16/93)
Order=50(17/93)
Order=52(18/93)
Order=54(19/93)
Order=56(20/93)
Order=58(21/93)
Order=60(22/93)
Found 4 real poles and 19 conjugate complex pairs.
Final number of poles: 23
Saved figure: WMP_Lib/Os187/85-122_MT2.png
Saved figure: WMP_Lib/Os187/85-122_MT27.png
Saved figure: WMP_Lib/Os187/85-122_MT102.png
Saved figure: WMP_Lib/Os187/85-122_MT107.png
Vector fitting piece 12/32...
  energy: 1.046e+02 to 1.443e+02 eV (2796 points)
  error tolerance: rtol=0.001, atol=1e-05
Found 10 peaks
Fitting orders from 20 to 200
Order=20(0/91)
Order=22(1/91)
Order=24(2/91)
Order=26(3/91)
Order=28(4/91)
Order=30(5/91)
Order=32(6/91)
Order=34(7/91)
Order=36(8/91)
Order=38(9/91)
Order=40(10/91)
Order=42(11/91)
Order=44(12/91)
Order=46(13/91)
Order=48(14/91)
Order=50(15/91)
Order=52(16/91)
Order=54(17/91)
Order=56(18/91)
Order=58(19/91)
Order=60(20/91)
Found 0 real poles and 20 conjugate complex pairs.
Final number of poles: 20
Saved figure: WMP_Lib/Os187/105-144_MT2.png
Saved figure: WMP_Lib/Os187/105-144_MT27.png
Saved figure: WMP_Lib/Os187/105-144_MT102.png
Saved figure: WMP_Lib/Os187/105-144_MT107.png
Vector fitting piece 13/32...
  energy: 1.258e+02 to 1.690e+02 eV (2633 points)
  error tolerance: rtol=0.001, atol=1e-05
Found 7 peaks
Fitting orders from 14 to 200
Order=14(0/94)
Order=16(1/94)
Order=18(2/94)
Order=20(3/94)
Order=22(4/94)
Order=24(5/94)
Order=26(6/94)
Order=28(7/94)
Order=30(8/94)
Order=32(9/94)
Order=34(10/94)
Order=36(11/94)
Order=38(12/94)
Order=40(13/94)
Order=42(14/94)
Order=44(15/94)
Order=46(16/94)
Order=48(17/94)
Order=50(18/94)
Order=52(19/94)
Order=54(20/94)
Order=56(21/94)
Order=58(22/94)
Order=60(23/94)
Found 2 real poles and 22 conjugate complex pairs.
Final number of poles: 24
Saved figure: WMP_Lib/Os187/126-169_MT2.png
Saved figure: WMP_Lib/Os187/126-169_MT27.png
Saved figure: WMP_Lib/Os187/126-169_MT102.png
Saved figure: WMP_Lib/Os187/126-169_MT107.png
Vector fitting piece 14/32...
  energy: 1.489e+02 to 1.957e+02 eV (3150 points)
  error tolerance: rtol=0.001, atol=1e-05
Found 8 peaks
Fitting orders from 16 to 200
Order=16(0/93)
Order=18(1/93)
Order=20(2/93)
Order=22(3/93)
Order=24(4/93)
Order=26(5/93)
Order=28(6/93)
Order=30(7/93)
Order=32(8/93)
Order=34(9/93)
Order=36(10/93)
Order=38(11/93)
Order=40(12/93)
Order=42(13/93)
Order=44(14/93)
Order=46(15/93)
Order=48(16/93)
Order=50(17/93)
Order=52(18/93)
Order=54(19/93)
Order=56(20/93)
Order=58(21/93)
Order=60(22/93)
Found 4 real poles and 13 conjugate complex pairs.
Final number of poles: 17
Saved figure: WMP_Lib/Os187/149-196_MT2.png
Saved figure: WMP_Lib/Os187/149-196_MT27.png
Saved figure: WMP_Lib/Os187/149-196_MT102.png
Saved figure: WMP_Lib/Os187/149-196_MT107.png
Vector fitting piece 15/32...
  energy: 1.740e+02 to 2.243e+02 eV (3617 points)
  error tolerance: rtol=0.001, atol=1e-05
Found 10 peaks
Fitting orders from 20 to 200
Order=20(0/91)
Order=22(1/91)
Order=24(2/91)
Order=26(3/91)
Order=28(4/91)
Order=30(5/91)
Order=32(6/91)
Order=34(7/91)
Order=36(8/91)
Order=38(9/91)
Order=40(10/91)
Order=42(11/91)
Order=44(12/91)
Order=46(13/91)
Order=48(14/91)
Order=50(15/91)
Order=52(16/91)
Order=54(17/91)
Order=56(18/91)
Order=58(19/91)
Order=60(20/91)
Found 4 real poles and 16 conjugate complex pairs.
Final number of poles: 20
Saved figure: WMP_Lib/Os187/174-224_MT2.png
Saved figure: WMP_Lib/Os187/174-224_MT27.png
Saved figure: WMP_Lib/Os187/174-224_MT102.png
Saved figure: WMP_Lib/Os187/174-224_MT107.png
Vector fitting piece 16/32...
  energy: 2.011e+02 to 2.549e+02 eV (4145 points)
  error tolerance: rtol=0.001, atol=1e-05
Found 11 peaks
Fitting orders from 22 to 200
Order=22(0/90)
Order=24(1/90)
Order=26(2/90)
Order=28(3/90)
Order=30(4/90)
Order=32(5/90)
Order=34(6/90)
Order=36(7/90)
Order=38(8/90)
Order=40(9/90)
Order=42(10/90)
Order=44(11/90)
Order=46(12/90)
Order=48(13/90)
Order=50(14/90)
Order=52(15/90)
Order=54(16/90)
Order=56(17/90)
Order=58(18/90)
Order=60(19/90)
Found 3 real poles and 16 conjugate complex pairs.
Final number of poles: 19
Saved figure: WMP_Lib/Os187/201-255_MT2.png
Saved figure: WMP_Lib/Os187/201-255_MT27.png
Saved figure: WMP_Lib/Os187/201-255_MT102.png
Saved figure: WMP_Lib/Os187/201-255_MT107.png
Vector fitting piece 17/32...
  energy: 2.300e+02 to 2.873e+02 eV (3558 points)
  error tolerance: rtol=0.001, atol=1e-05
Found 9 peaks
Fitting orders from 18 to 200
Order=18(0/92)
Order=20(1/92)
Order=22(2/92)
Order=24(3/92)
Order=26(4/92)
Order=28(5/92)
Order=30(6/92)
Order=32(7/92)
Order=34(8/92)
Order=36(9/92)
Order=38(10/92)
Order=40(11/92)
Order=42(12/92)
Order=44(13/92)
Order=46(14/92)
Order=48(15/92)
Order=50(16/92)
Order=52(17/92)
Order=54(18/92)
Order=56(19/92)
Order=58(20/92)
Order=60(21/92)
Found 6 real poles and 17 conjugate complex pairs.
Final number of poles: 23
Saved figure: WMP_Lib/Os187/230-287_MT2.png
Saved figure: WMP_Lib/Os187/230-287_MT27.png
Saved figure: WMP_Lib/Os187/230-287_MT102.png
Saved figure: WMP_Lib/Os187/230-287_MT107.png
Vector fitting piece 18/32...
  energy: 2.609e+02 to 3.222e+02 eV (3614 points)
  error tolerance: rtol=0.001, atol=1e-05
Found 9 peaks
Fitting orders from 18 to 200
Order=18(0/92)
Order=20(1/92)
Order=22(2/92)
Order=24(3/92)
Order=26(4/92)
Order=28(5/92)
Order=30(6/92)
Order=32(7/92)
Order=34(8/92)
Order=36(9/92)
Order=38(10/92)
Order=40(11/92)
Order=42(12/92)
Order=44(13/92)
Order=46(14/92)
Order=48(15/92)
Order=50(16/92)
Order=52(17/92)
Order=54(18/92)
Order=56(19/92)
Order=58(20/92)
Order=60(21/92)
Found 5 real poles and 18 conjugate complex pairs.
Final number of poles: 23
Saved figure: WMP_Lib/Os187/261-322_MT2.png
Saved figure: WMP_Lib/Os187/261-322_MT27.png
Saved figure: WMP_Lib/Os187/261-322_MT102.png
Saved figure: WMP_Lib/Os187/261-322_MT107.png
Vector fitting piece 19/32...
  energy: 2.939e+02 to 3.586e+02 eV (4380 points)
  error tolerance: rtol=0.001, atol=1e-05
Found 11 peaks
Fitting orders from 22 to 200
Order=22(0/90)
Order=24(1/90)
Order=26(2/90)
Order=28(3/90)
Order=30(4/90)
Order=32(5/90)
Order=34(6/90)
Order=36(7/90)
Order=38(8/90)
Order=40(9/90)
Order=42(10/90)
Order=44(11/90)
Order=46(12/90)
Order=48(13/90)
Order=50(14/90)
Order=52(15/90)
Order=54(16/90)
Order=56(17/90)
Order=58(18/90)
Order=60(19/90)
Found 6 real poles and 14 conjugate complex pairs.
Final number of poles: 20
Saved figure: WMP_Lib/Os187/294-359_MT2.png
Saved figure: WMP_Lib/Os187/294-359_MT27.png
Saved figure: WMP_Lib/Os187/294-359_MT102.png
Saved figure: WMP_Lib/Os187/294-359_MT107.png
Vector fitting piece 20/32...
  energy: 3.288e+02 to 3.966e+02 eV (4729 points)
  error tolerance: rtol=0.001, atol=1e-05
Found 12 peaks
Fitting orders from 24 to 200
Order=24(0/89)
Order=26(1/89)
Order=28(2/89)
Order=30(3/89)
Order=32(4/89)
Order=34(5/89)
Order=36(6/89)
Order=38(7/89)
Order=40(8/89)
Order=42(9/89)
Order=44(10/89)
Order=46(11/89)
Order=48(12/89)
Order=50(13/89)
Order=52(14/89)
Order=54(15/89)
Order=56(16/89)
Order=58(17/89)
Order=60(18/89)
Found 3 real poles and 19 conjugate complex pairs.
Final number of poles: 22
Saved figure: WMP_Lib/Os187/329-397_MT2.png
Saved figure: WMP_Lib/Os187/329-397_MT27.png
Saved figure: WMP_Lib/Os187/329-397_MT102.png
Saved figure: WMP_Lib/Os187/329-397_MT107.png
Vector fitting piece 21/32...
  energy: 3.656e+02 to 4.370e+02 eV (4584 points)
  error tolerance: rtol=0.001, atol=1e-05
Found 13 peaks
Fitting orders from 26 to 200
Order=26(0/88)
Order=28(1/88)
Order=30(2/88)
Order=32(3/88)
Order=34(4/88)
Order=36(5/88)
Order=38(6/88)
Order=40(7/88)
Order=42(8/88)
Order=44(9/88)
Order=46(10/88)
Order=48(11/88)
Order=50(12/88)
Order=52(13/88)
Order=54(14/88)
Order=56(15/88)
Order=58(16/88)
Order=60(17/88)
Found 6 real poles and 13 conjugate complex pairs.
Final number of poles: 19
Saved figure: WMP_Lib/Os187/366-437_MT2.png
Saved figure: WMP_Lib/Os187/366-437_MT27.png
Saved figure: WMP_Lib/Os187/366-437_MT102.png
Saved figure: WMP_Lib/Os187/366-437_MT107.png
Vector fitting piece 22/32...
  energy: 4.044e+02 to 4.794e+02 eV (4103 points)
  error tolerance: rtol=0.001, atol=1e-05
Found 11 peaks
Fitting orders from 22 to 200
Order=22(0/90)
Order=24(1/90)
Order=26(2/90)
Order=28(3/90)
Order=30(4/90)
Order=32(5/90)
Order=34(6/90)
Order=36(7/90)
Order=38(8/90)
Order=40(9/90)
Order=42(10/90)
Order=44(11/90)
Order=46(12/90)
Order=48(13/90)
Order=50(14/90)
Order=52(15/90)
Order=54(16/90)
Order=56(17/90)
Order=58(18/90)
Order=60(19/90)
Order=62(20/90)
Found 4 real poles and 24 conjugate complex pairs.
Final number of poles: 28
Saved figure: WMP_Lib/Os187/404-479_MT2.png
Saved figure: WMP_Lib/Os187/404-479_MT27.png
Saved figure: WMP_Lib/Os187/404-479_MT102.png
Saved figure: WMP_Lib/Os187/404-479_MT107.png
Vector fitting piece 23/32...
  energy: 4.451e+02 to 5.244e+02 eV (3431 points)
  error tolerance: rtol=0.001, atol=1e-05
Found 8 peaks
Fitting orders from 16 to 200
Order=16(0/93)
Order=18(1/93)
Order=20(2/93)
Order=22(3/93)
Order=24(4/93)
Order=26(5/93)
Order=28(6/93)
Order=30(7/93)
Order=32(8/93)
Order=34(9/93)
Order=36(10/93)
Order=38(11/93)
Order=40(12/93)
Order=42(13/93)
Order=44(14/93)
Order=46(15/93)
Order=48(16/93)
Order=50(17/93)
Order=52(18/93)
Order=54(19/93)
Order=56(20/93)
Order=58(21/93)
Order=60(22/93)
Found 6 real poles and 19 conjugate complex pairs.
Final number of poles: 25
Saved figure: WMP_Lib/Os187/445-524_MT2.png
Saved figure: WMP_Lib/Os187/445-524_MT27.png
Saved figure: WMP_Lib/Os187/445-524_MT102.png
Saved figure: WMP_Lib/Os187/445-524_MT107.png
Vector fitting piece 24/32...
  energy: 4.878e+02 to 5.697e+02 eV (3743 points)
  error tolerance: rtol=0.001, atol=1e-05
Found 10 peaks
Fitting orders from 20 to 200
Order=20(0/91)
Order=22(1/91)
Order=24(2/91)
Order=26(3/91)
Order=28(4/91)
Order=30(5/91)
Order=32(6/91)
Order=34(7/91)
Order=36(8/91)
Order=38(9/91)
Order=40(10/91)
Order=42(11/91)
Order=44(12/91)
Order=46(13/91)
Order=48(14/91)
Order=50(15/91)
Order=52(16/91)
Order=54(17/91)
Order=56(18/91)
Order=58(19/91)
Order=60(20/91)
Found 4 real poles and 12 conjugate complex pairs.
Final number of poles: 16
Saved figure: WMP_Lib/Os187/488-570_MT2.png
Saved figure: WMP_Lib/Os187/488-570_MT27.png
Saved figure: WMP_Lib/Os187/488-570_MT102.png
Saved figure: WMP_Lib/Os187/488-570_MT107.png
Vector fitting piece 25/32...
  energy: 5.324e+02 to 6.179e+02 eV (5990 points)
  error tolerance: rtol=0.001, atol=1e-05
Found 17 peaks
Fitting orders from 34 to 200
Order=34(0/84)
Order=36(1/84)
Order=38(2/84)
Order=40(3/84)
Order=42(4/84)
Order=44(5/84)
Order=46(6/84)
Order=48(7/84)
Order=50(8/84)
Order=52(9/84)
Order=54(10/84)
Order=56(11/84)
Order=58(12/84)
Order=60(13/84)
Found 3 real poles and 22 conjugate complex pairs.
Final number of poles: 25
Saved figure: WMP_Lib/Os187/532-618_MT2.png
Saved figure: WMP_Lib/Os187/532-618_MT27.png
Saved figure: WMP_Lib/Os187/532-618_MT102.png
Saved figure: WMP_Lib/Os187/532-618_MT107.png
Vector fitting piece 26/32...
  energy: 5.790e+02 to 6.679e+02 eV (6097 points)
  error tolerance: rtol=0.001, atol=1e-05
Found 17 peaks
Fitting orders from 34 to 200
Order=34(0/84)
Order=36(1/84)
Order=38(2/84)
Order=40(3/84)
Order=42(4/84)
Order=44(5/84)
Order=46(6/84)
Order=48(7/84)
Order=50(8/84)
Order=52(9/84)
Order=54(10/84)
Order=56(11/84)
Order=58(12/84)
Order=60(13/84)
Found 5 real poles and 21 conjugate complex pairs.
Final number of poles: 26
Saved figure: WMP_Lib/Os187/579-668_MT2.png
Saved figure: WMP_Lib/Os187/579-668_MT27.png
Saved figure: WMP_Lib/Os187/579-668_MT102.png
Saved figure: WMP_Lib/Os187/579-668_MT107.png
Vector fitting piece 27/32...
  energy: 6.275e+02 to 7.200e+02 eV (6663 points)
  error tolerance: rtol=0.001, atol=1e-05
Found 19 peaks
Fitting orders from 38 to 200
Order=38(0/82)
Order=40(1/82)
Order=42(2/82)
Order=44(3/82)
Order=46(4/82)
Order=48(5/82)
Order=50(6/82)
Order=52(7/82)
Order=54(8/82)
Order=56(9/82)
Order=58(10/82)
Order=60(11/82)
Found 6 real poles and 19 conjugate complex pairs.
Final number of poles: 25
Saved figure: WMP_Lib/Os187/628-720_MT2.png
Saved figure: WMP_Lib/Os187/628-720_MT27.png
Saved figure: WMP_Lib/Os187/628-720_MT102.png
Saved figure: WMP_Lib/Os187/628-720_MT107.png
Vector fitting piece 28/32...
  energy: 6.780e+02 to 7.741e+02 eV (7109 points)
  error tolerance: rtol=0.001, atol=1e-05
Found 20 peaks
Fitting orders from 40 to 200
Order=40(0/81)
Order=42(1/81)
Order=44(2/81)
Order=46(3/81)
Order=48(4/81)
Order=50(5/81)
Order=52(6/81)
Order=54(7/81)
Order=56(8/81)
Order=58(9/81)
Order=60(10/81)
Found 5 real poles and 21 conjugate complex pairs.
Final number of poles: 26
Saved figure: WMP_Lib/Os187/678-774_MT2.png
Saved figure: WMP_Lib/Os187/678-774_MT27.png
Saved figure: WMP_Lib/Os187/678-774_MT102.png
Saved figure: WMP_Lib/Os187/678-774_MT107.png
Vector fitting piece 29/32...
  energy: 7.304e+02 to 8.299e+02 eV (6394 points)
  error tolerance: rtol=0.001, atol=1e-05
Found 17 peaks
Fitting orders from 34 to 200
Order=34(0/84)
Order=36(1/84)
Order=38(2/84)
Order=40(3/84)
Order=42(4/84)
Order=44(5/84)
Order=46(6/84)
Order=48(7/84)
Order=50(8/84)
Order=52(9/84)
Order=54(10/84)
Order=56(11/84)
Order=58(12/84)
Order=60(13/84)
Found 5 real poles and 20 conjugate complex pairs.
Final number of poles: 25
Saved figure: WMP_Lib/Os187/730-830_MT2.png
Saved figure: WMP_Lib/Os187/730-830_MT27.png
Saved figure: WMP_Lib/Os187/730-830_MT102.png
Saved figure: WMP_Lib/Os187/730-830_MT107.png
Vector fitting piece 30/32...
  energy: 7.848e+02 to 8.879e+02 eV (5978 points)
  error tolerance: rtol=0.001, atol=1e-05
Found 16 peaks
Fitting orders from 32 to 200
Order=32(0/85)
Order=34(1/85)
Order=36(2/85)
Order=38(3/85)
Order=40(4/85)
Order=42(5/85)
Order=44(6/85)
Order=46(7/85)
Order=48(8/85)
Order=50(9/85)
Order=52(10/85)
Order=54(11/85)
Order=56(12/85)
Order=58(13/85)
Order=60(14/85)
Found 4 real poles and 18 conjugate complex pairs.
Final number of poles: 22
Saved figure: WMP_Lib/Os187/785-888_MT2.png
Saved figure: WMP_Lib/Os187/785-888_MT27.png
Saved figure: WMP_Lib/Os187/785-888_MT102.png
Saved figure: WMP_Lib/Os187/785-888_MT107.png
Vector fitting piece 31/32...
  energy: 8.412e+02 to 9.477e+02 eV (5754 points)
  error tolerance: rtol=0.001, atol=1e-05
Found 18 peaks
Fitting orders from 36 to 200
Order=36(0/83)
Order=38(1/83)
Order=40(2/83)
Order=42(3/83)
Order=44(4/83)
Order=46(5/83)
Order=48(6/83)
Order=50(7/83)
Order=52(8/83)
Order=54(9/83)
Order=56(10/83)
Order=58(11/83)
Order=60(12/83)
Found 6 real poles and 18 conjugate complex pairs.
Final number of poles: 24
Saved figure: WMP_Lib/Os187/841-948_MT2.png
Saved figure: WMP_Lib/Os187/841-948_MT27.png
Saved figure: WMP_Lib/Os187/841-948_MT102.png
Saved figure: WMP_Lib/Os187/841-948_MT107.png
Vector fitting piece 32/32...
  energy: 8.993e+02 to 1.000e+03 eV (5342 points)
  error tolerance: rtol=0.001, atol=1e-05
Found 18 peaks
Fitting orders from 36 to 200
Order=36(0/83)
Order=38(1/83)
Order=40(2/83)
Order=42(3/83)
Order=44(4/83)
Order=46(5/83)
Order=48(6/83)
Order=50(7/83)
Order=52(8/83)
Order=54(9/83)
Order=56(10/83)
Order=58(11/83)
Order=60(12/83)
Order=62(13/83)
Order=64(14/83)
Order=66(15/83)
Order=68(16/83)
Found 3 real poles and 28 conjugate complex pairs.
Final number of poles: 31
Saved figure: WMP_Lib/Os187/899-1000_MT2.png
Saved figure: WMP_Lib/Os187/899-1000_MT27.png
Saved figure: WMP_Lib/Os187/899-1000_MT102.png
Saved figure: WMP_Lib/Os187/899-1000_MT107.png
Dumped multipole data to file: WMP_Lib/Os187/Os187_mp.pickle
Start searching ...
Testing N_win=34 N_cf=10
Windowing:
  config: # windows=34, spacing=0.9299882380520867, CF order=10
  error tolerance: rtol=0.001, atol=1e-05
Best library so far.
Testing N_win=34 N_cf=9
Windowing:
  config: # windows=34, spacing=0.9299882380520867, CF order=9
  error tolerance: rtol=0.001, atol=1e-05
Best library so far.
Testing N_win=34 N_cf=8
Windowing:
  config: # windows=34, spacing=0.9299882380520867, CF order=8
  error tolerance: rtol=0.001, atol=1e-05
Best library so far.
Testing N_win=34 N_cf=7
Windowing:
  config: # windows=34, spacing=0.9299882380520867, CF order=7
  error tolerance: rtol=0.001, atol=1e-05
Best library so far.
Testing N_win=34 N_cf=6
Windowing:
  config: # windows=34, spacing=0.9299882380520867, CF order=6
  error tolerance: rtol=0.001, atol=1e-05
Failed: Pure curvefit failed for the first window!
Testing N_win=137 N_cf=10
Windowing:
  config: # windows=137, spacing=0.23080000068445947, CF order=10
  error tolerance: rtol=0.001, atol=1e-05
Best library so far.
Testing N_win=137 N_cf=9
Windowing:
  config: # windows=137, spacing=0.23080000068445947, CF order=9
  error tolerance: rtol=0.001, atol=1e-05
Best library so far.
Testing N_win=137 N_cf=8
Windowing:
  config: # windows=137, spacing=0.23080000068445947, CF order=8
  error tolerance: rtol=0.001, atol=1e-05
Best library so far.
Testing N_win=137 N_cf=7
Windowing:
  config: # windows=137, spacing=0.23080000068445947, CF order=7
  error tolerance: rtol=0.001, atol=1e-05
Best library so far.
Testing N_win=137 N_cf=6
Windowing:
  config: # windows=137, spacing=0.23080000068445947, CF order=6
  error tolerance: rtol=0.001, atol=1e-05
Best library so far.
Testing N_win=137 N_cf=5
Windowing:
  config: # windows=137, spacing=0.23080000068445947, CF order=5
  error tolerance: rtol=0.001, atol=1e-05
Best library so far.
Testing N_win=137 N_cf=4
Windowing:
  config: # windows=137, spacing=0.23080000068445947, CF order=4
  error tolerance: rtol=0.001, atol=1e-05
Testing N_win=137 N_cf=3
Windowing:
  config: # windows=137, spacing=0.23080000068445947, CF order=3
  error tolerance: rtol=0.001, atol=1e-05
Failed: Pure curvefit failed for the first window!
Testing N_win=240 N_cf=10
Windowing:
  config: # windows=240, spacing=0.13174833372404562, CF order=10
  error tolerance: rtol=0.001, atol=1e-05
Best library so far.
Testing N_win=240 N_cf=9
Windowing:
  config: # windows=240, spacing=0.13174833372404562, CF order=9
  error tolerance: rtol=0.001, atol=1e-05
Best library so far.
Testing N_win=240 N_cf=8
Windowing:
  config: # windows=240, spacing=0.13174833372404562, CF order=8
  error tolerance: rtol=0.001, atol=1e-05
Best library so far.
Testing N_win=240 N_cf=7
Windowing:
  config: # windows=240, spacing=0.13174833372404562, CF order=7
  error tolerance: rtol=0.001, atol=1e-05
Best library so far.
Testing N_win=240 N_cf=6
Windowing:
  config: # windows=240, spacing=0.13174833372404562, CF order=6
  error tolerance: rtol=0.001, atol=1e-05
Best library so far.
Testing N_win=240 N_cf=5
Windowing:
  config: # windows=240, spacing=0.13174833372404562, CF order=5
  error tolerance: rtol=0.001, atol=1e-05
Best library so far.
Testing N_win=240 N_cf=4
Windowing:
  config: # windows=240, spacing=0.13174833372404562, CF order=4
  error tolerance: rtol=0.001, atol=1e-05
Testing N_win=240 N_cf=3
Windowing:
  config: # windows=240, spacing=0.13174833372404562, CF order=3
  error tolerance: rtol=0.001, atol=1e-05
Failed: Pure curvefit failed for the first window!
Testing N_win=344 N_cf=10
Windowing:
  config: # windows=344, spacing=0.09191744213305508, CF order=10
  error tolerance: rtol=0.001, atol=1e-05
Testing N_win=344 N_cf=9
Windowing:
  config: # windows=344, spacing=0.09191744213305508, CF order=9
  error tolerance: rtol=0.001, atol=1e-05
Best library so far.
Testing N_win=344 N_cf=8
Windowing:
  config: # windows=344, spacing=0.09191744213305508, CF order=8
  error tolerance: rtol=0.001, atol=1e-05
Best library so far.
Testing N_win=344 N_cf=7
Windowing:
  config: # windows=344, spacing=0.09191744213305508, CF order=7
  error tolerance: rtol=0.001, atol=1e-05
Best library so far.
Testing N_win=344 N_cf=6
Windowing:
  config: # windows=344, spacing=0.09191744213305508, CF order=6
  error tolerance: rtol=0.001, atol=1e-05
Best library so far.
Testing N_win=344 N_cf=5
Windowing:
  config: # windows=344, spacing=0.09191744213305508, CF order=5
  error tolerance: rtol=0.001, atol=1e-05
Best library so far.
Testing N_win=344 N_cf=4
Windowing:
  config: # windows=344, spacing=0.09191744213305508, CF order=4
  error tolerance: rtol=0.001, atol=1e-05
Testing N_win=344 N_cf=3
Windowing:
  config: # windows=344, spacing=0.09191744213305508, CF order=3
  error tolerance: rtol=0.001, atol=1e-05
Failed: Pure curvefit failed for the first window!
Testing N_win=447 N_cf=10
Windowing:
  config: # windows=447, spacing=0.07073736038874932, CF order=10
  error tolerance: rtol=0.001, atol=1e-05
Testing N_win=447 N_cf=9
Windowing:
  config: # windows=447, spacing=0.07073736038874932, CF order=9
  error tolerance: rtol=0.001, atol=1e-05
Testing N_win=447 N_cf=8
Windowing:
  config: # windows=447, spacing=0.07073736038874932, CF order=8
  error tolerance: rtol=0.001, atol=1e-05
Best library so far.
Testing N_win=447 N_cf=7
Windowing:
  config: # windows=447, spacing=0.07073736038874932, CF order=7
  error tolerance: rtol=0.001, atol=1e-05
Best library so far.
Testing N_win=447 N_cf=6
Windowing:
  config: # windows=447, spacing=0.07073736038874932, CF order=6
  error tolerance: rtol=0.001, atol=1e-05
Best library so far.
Testing N_win=447 N_cf=5
Windowing:
  config: # windows=447, spacing=0.07073736038874932, CF order=5
  error tolerance: rtol=0.001, atol=1e-05
Best library so far.
Testing N_win=447 N_cf=4
Windowing:
  config: # windows=447, spacing=0.07073736038874932, CF order=4
  error tolerance: rtol=0.001, atol=1e-05
Testing N_win=447 N_cf=3
Windowing:
  config: # windows=447, spacing=0.07073736038874932, CF order=3
  error tolerance: rtol=0.001, atol=1e-05
Failed: Pure curvefit failed for the first window!
Testing N_win=551 N_cf=10
Windowing:
  config: # windows=551, spacing=0.0573858440903284, CF order=10
  error tolerance: rtol=0.001, atol=1e-05
Testing N_win=551 N_cf=9
Windowing:
  config: # windows=551, spacing=0.0573858440903284, CF order=9
  error tolerance: rtol=0.001, atol=1e-05
Testing N_win=551 N_cf=8
Windowing:
  config: # windows=551, spacing=0.0573858440903284, CF order=8
  error tolerance: rtol=0.001, atol=1e-05
Testing N_win=551 N_cf=7
Windowing:
  config: # windows=551, spacing=0.0573858440903284, CF order=7
  error tolerance: rtol=0.001, atol=1e-05
Testing N_win=551 N_cf=6
Windowing:
  config: # windows=551, spacing=0.0573858440903284, CF order=6
  error tolerance: rtol=0.001, atol=1e-05
Best library so far.
Testing N_win=551 N_cf=5
Windowing:
  config: # windows=551, spacing=0.0573858440903284, CF order=5
  error tolerance: rtol=0.001, atol=1e-05
Best library so far.
Testing N_win=551 N_cf=4
Windowing:
  config: # windows=551, spacing=0.0573858440903284, CF order=4
  error tolerance: rtol=0.001, atol=1e-05
Testing N_win=551 N_cf=3
Windowing:
  config: # windows=551, spacing=0.0573858440903284, CF order=3
  error tolerance: rtol=0.001, atol=1e-05
Failed: Pure curvefit failed for the first window!
Testing N_win=654 N_cf=10
Windowing:
  config: # windows=654, spacing=0.048348012375796556, CF order=10
  error tolerance: rtol=0.001, atol=1e-05
Testing N_win=654 N_cf=9
Windowing:
  config: # windows=654, spacing=0.048348012375796556, CF order=9
  error tolerance: rtol=0.001, atol=1e-05
Testing N_win=654 N_cf=8
Windowing:
  config: # windows=654, spacing=0.048348012375796556, CF order=8
  error tolerance: rtol=0.001, atol=1e-05
Testing N_win=654 N_cf=7
Windowing:
  config: # windows=654, spacing=0.048348012375796556, CF order=7
  error tolerance: rtol=0.001, atol=1e-05
Testing N_win=654 N_cf=6
Windowing:
  config: # windows=654, spacing=0.048348012375796556, CF order=6
  error tolerance: rtol=0.001, atol=1e-05
Testing N_win=654 N_cf=5
Windowing:
  config: # windows=654, spacing=0.048348012375796556, CF order=5
  error tolerance: rtol=0.001, atol=1e-05
Best library so far.
Testing N_win=654 N_cf=4
Windowing:
  config: # windows=654, spacing=0.048348012375796556, CF order=4
  error tolerance: rtol=0.001, atol=1e-05
Testing N_win=654 N_cf=3
Windowing:
  config: # windows=654, spacing=0.048348012375796556, CF order=3
  error tolerance: rtol=0.001, atol=1e-05
Failed: Pure curvefit failed for the first window!
Testing N_win=758 N_cf=10
Windowing:
  config: # windows=758, spacing=0.0417145119970593, CF order=10
  error tolerance: rtol=0.001, atol=1e-05
Testing N_win=758 N_cf=9
Windowing:
  config: # windows=758, spacing=0.0417145119970593, CF order=9
  error tolerance: rtol=0.001, atol=1e-05
Testing N_win=758 N_cf=8
Windowing:
  config: # windows=758, spacing=0.0417145119970593, CF order=8
  error tolerance: rtol=0.001, atol=1e-05
Testing N_win=758 N_cf=7
Windowing:
  config: # windows=758, spacing=0.0417145119970593, CF order=7
  error tolerance: rtol=0.001, atol=1e-05
Testing N_win=758 N_cf=6
Windowing:
  config: # windows=758, spacing=0.0417145119970593, CF order=6
  error tolerance: rtol=0.001, atol=1e-05
Best library so far.
Testing N_win=758 N_cf=5
Windowing:
  config: # windows=758, spacing=0.0417145119970593, CF order=5
  error tolerance: rtol=0.001, atol=1e-05
Best library so far.
Testing N_win=758 N_cf=4
Windowing:
  config: # windows=758, spacing=0.0417145119970593, CF order=4
  error tolerance: rtol=0.001, atol=1e-05
Testing N_win=758 N_cf=3
Windowing:
  config: # windows=758, spacing=0.0417145119970593, CF order=3
  error tolerance: rtol=0.001, atol=1e-05
Failed: Pure curvefit failed for the first window!
Testing N_win=861 N_cf=10
Windowing:
  config: # windows=861, spacing=0.036724274208793206, CF order=10
  error tolerance: rtol=0.001, atol=1e-05
Testing N_win=861 N_cf=9
Windowing:
  config: # windows=861, spacing=0.036724274208793206, CF order=9
  error tolerance: rtol=0.001, atol=1e-05
Testing N_win=861 N_cf=8
Windowing:
  config: # windows=861, spacing=0.036724274208793206, CF order=8
  error tolerance: rtol=0.001, atol=1e-05
Testing N_win=861 N_cf=7
Windowing:
  config: # windows=861, spacing=0.036724274208793206, CF order=7
  error tolerance: rtol=0.001, atol=1e-05
Testing N_win=861 N_cf=6
Windowing:
  config: # windows=861, spacing=0.036724274208793206, CF order=6
  error tolerance: rtol=0.001, atol=1e-05
Testing N_win=861 N_cf=5
Windowing:
  config: # windows=861, spacing=0.036724274208793206, CF order=5
  error tolerance: rtol=0.001, atol=1e-05
Testing N_win=861 N_cf=4
Windowing:
  config: # windows=861, spacing=0.036724274208793206, CF order=4
  error tolerance: rtol=0.001, atol=1e-05
Testing N_win=861 N_cf=3
Windowing:
  config: # windows=861, spacing=0.036724274208793206, CF order=3
  error tolerance: rtol=0.001, atol=1e-05
Failed: Pure curvefit failed for the first window!
Testing N_win=965 N_cf=10
Windowing:
  config: # windows=965, spacing=0.03276642496763829, CF order=10
  error tolerance: rtol=0.001, atol=1e-05
Testing N_win=965 N_cf=9
Windowing:
  config: # windows=965, spacing=0.03276642496763829, CF order=9
  error tolerance: rtol=0.001, atol=1e-05
Testing N_win=965 N_cf=8
Windowing:
  config: # windows=965, spacing=0.03276642496763829, CF order=8
  error tolerance: rtol=0.001, atol=1e-05
Testing N_win=965 N_cf=7
Windowing:
  config: # windows=965, spacing=0.03276642496763829, CF order=7
  error tolerance: rtol=0.001, atol=1e-05
Testing N_win=965 N_cf=6
Windowing:
  config: # windows=965, spacing=0.03276642496763829, CF order=6
  error tolerance: rtol=0.001, atol=1e-05
Testing N_win=965 N_cf=5
Windowing:
  config: # windows=965, spacing=0.03276642496763829, CF order=5
  error tolerance: rtol=0.001, atol=1e-05
Testing N_win=965 N_cf=4
Windowing:
  config: # windows=965, spacing=0.03276642496763829, CF order=4
  error tolerance: rtol=0.001, atol=1e-05
Testing N_win=965 N_cf=3
Windowing:
  config: # windows=965, spacing=0.03276642496763829, CF order=3
  error tolerance: rtol=0.001, atol=1e-05
Failed: Pure curvefit failed for the first window!
Testing N_win=1068 N_cf=10
Windowing:
  config: # windows=1068, spacing=0.029606367128999014, CF order=10
  error tolerance: rtol=0.001, atol=1e-05
Testing N_win=1068 N_cf=9
Windowing:
  config: # windows=1068, spacing=0.029606367128999014, CF order=9
  error tolerance: rtol=0.001, atol=1e-05
Testing N_win=1068 N_cf=8
Windowing:
  config: # windows=1068, spacing=0.029606367128999014, CF order=8
  error tolerance: rtol=0.001, atol=1e-05
Testing N_win=1068 N_cf=7
Windowing:
  config: # windows=1068, spacing=0.029606367128999014, CF order=7
  error tolerance: rtol=0.001, atol=1e-05
Testing N_win=1068 N_cf=6
Windowing:
  config: # windows=1068, spacing=0.029606367128999014, CF order=6
  error tolerance: rtol=0.001, atol=1e-05
Testing N_win=1068 N_cf=5
Windowing:
  config: # windows=1068, spacing=0.029606367128999014, CF order=5
  error tolerance: rtol=0.001, atol=1e-05
Testing N_win=1068 N_cf=4
Windowing:
  config: # windows=1068, spacing=0.029606367128999014, CF order=4
  error tolerance: rtol=0.001, atol=1e-05
Testing N_win=1068 N_cf=3
Windowing:
  config: # windows=1068, spacing=0.029606367128999014, CF order=3
  error tolerance: rtol=0.001, atol=1e-05
Failed: Pure curvefit failed for the first window!
Testing N_win=1172 N_cf=10
Windowing:
  config: # windows=1172, spacing=0.026979180967381354, CF order=10
  error tolerance: rtol=0.001, atol=1e-05
Testing N_win=1172 N_cf=9
Windowing:
  config: # windows=1172, spacing=0.026979180967381354, CF order=9
  error tolerance: rtol=0.001, atol=1e-05
Testing N_win=1172 N_cf=8
Windowing:
  config: # windows=1172, spacing=0.026979180967381354, CF order=8
  error tolerance: rtol=0.001, atol=1e-05
Testing N_win=1172 N_cf=7
Windowing:
  config: # windows=1172, spacing=0.026979180967381354, CF order=7
  error tolerance: rtol=0.001, atol=1e-05
Testing N_win=1172 N_cf=6
Windowing:
  config: # windows=1172, spacing=0.026979180967381354, CF order=6
  error tolerance: rtol=0.001, atol=1e-05
Testing N_win=1172 N_cf=5
Windowing:
  config: # windows=1172, spacing=0.026979180967381354, CF order=5
  error tolerance: rtol=0.001, atol=1e-05
Testing N_win=1172 N_cf=4
Windowing:
  config: # windows=1172, spacing=0.026979180967381354, CF order=4
  error tolerance: rtol=0.001, atol=1e-05
Testing N_win=1172 N_cf=3
Windowing:
  config: # windows=1172, spacing=0.026979180967381354, CF order=3
  error tolerance: rtol=0.001, atol=1e-05
Failed: Pure curvefit failed for the first window!
Testing N_win=1275 N_cf=10
Windowing:
  config: # windows=1275, spacing=0.024799686348055645, CF order=10
  error tolerance: rtol=0.001, atol=1e-05
Testing N_win=1275 N_cf=9
Windowing:
  config: # windows=1275, spacing=0.024799686348055645, CF order=9
  error tolerance: rtol=0.001, atol=1e-05
Testing N_win=1275 N_cf=8
Windowing:
  config: # windows=1275, spacing=0.024799686348055645, CF order=8
  error tolerance: rtol=0.001, atol=1e-05
Testing N_win=1275 N_cf=7
Windowing:
  config: # windows=1275, spacing=0.024799686348055645, CF order=7
  error tolerance: rtol=0.001, atol=1e-05
Testing N_win=1275 N_cf=6
Windowing:
  config: # windows=1275, spacing=0.024799686348055645, CF order=6
  error tolerance: rtol=0.001, atol=1e-05
Testing N_win=1275 N_cf=5
Windowing:
  config: # windows=1275, spacing=0.024799686348055645, CF order=5
  error tolerance: rtol=0.001, atol=1e-05
Testing N_win=1275 N_cf=4
Windowing:
  config: # windows=1275, spacing=0.024799686348055645, CF order=4
  error tolerance: rtol=0.001, atol=1e-05
Testing N_win=1275 N_cf=3
Windowing:
  config: # windows=1275, spacing=0.024799686348055645, CF order=3
  error tolerance: rtol=0.001, atol=1e-05
Failed: Pure curvefit failed for the first window!
Testing N_win=1379 N_cf=10
Windowing:
  config: # windows=1379, spacing=0.02292936917604855, CF order=10
  error tolerance: rtol=0.001, atol=1e-05
Testing N_win=1379 N_cf=9
Windowing:
  config: # windows=1379, spacing=0.02292936917604855, CF order=9
  error tolerance: rtol=0.001, atol=1e-05
Testing N_win=1379 N_cf=8
Windowing:
  config: # windows=1379, spacing=0.02292936917604855, CF order=8
  error tolerance: rtol=0.001, atol=1e-05
Testing N_win=1379 N_cf=7
Windowing:
  config: # windows=1379, spacing=0.02292936917604855, CF order=7
  error tolerance: rtol=0.001, atol=1e-05
Testing N_win=1379 N_cf=6
Windowing:
  config: # windows=1379, spacing=0.02292936917604855, CF order=6
  error tolerance: rtol=0.001, atol=1e-05
Testing N_win=1379 N_cf=5
Windowing:
  config: # windows=1379, spacing=0.02292936917604855, CF order=5
  error tolerance: rtol=0.001, atol=1e-05
Testing N_win=1379 N_cf=4
Windowing:
  config: # windows=1379, spacing=0.02292936917604855, CF order=4
  error tolerance: rtol=0.001, atol=1e-05
Testing N_win=1379 N_cf=3
Windowing:
  config: # windows=1379, spacing=0.02292936917604855, CF order=3
  error tolerance: rtol=0.001, atol=1e-05
Failed: Pure curvefit failed for the first window!
Testing N_win=1482 N_cf=10
Windowing:
  config: # windows=1482, spacing=0.02133576254640415, CF order=10
  error tolerance: rtol=0.001, atol=1e-05
Testing N_win=1482 N_cf=9
Windowing:
  config: # windows=1482, spacing=0.02133576254640415, CF order=9
  error tolerance: rtol=0.001, atol=1e-05
Testing N_win=1482 N_cf=8
Windowing:
  config: # windows=1482, spacing=0.02133576254640415, CF order=8
  error tolerance: rtol=0.001, atol=1e-05
Testing N_win=1482 N_cf=7
Windowing:
  config: # windows=1482, spacing=0.02133576254640415, CF order=7
  error tolerance: rtol=0.001, atol=1e-05
Testing N_win=1482 N_cf=6
Windowing:
  config: # windows=1482, spacing=0.02133576254640415, CF order=6
  error tolerance: rtol=0.001, atol=1e-05
Testing N_win=1482 N_cf=5
Windowing:
  config: # windows=1482, spacing=0.02133576254640415, CF order=5
  error tolerance: rtol=0.001, atol=1e-05
Testing N_win=1482 N_cf=4
Windowing:
  config: # windows=1482, spacing=0.02133576254640415, CF order=4
  error tolerance: rtol=0.001, atol=1e-05
Testing N_win=1482 N_cf=3
Windowing:
  config: # windows=1482, spacing=0.02133576254640415, CF order=3
  error tolerance: rtol=0.001, atol=1e-05
Failed: Pure curvefit failed for the first window!
Testing N_win=1586 N_cf=10
Windowing:
  config: # windows=1586, spacing=0.01993669614991863, CF order=10
  error tolerance: rtol=0.001, atol=1e-05
Testing N_win=1586 N_cf=9
Windowing:
  config: # windows=1586, spacing=0.01993669614991863, CF order=9
  error tolerance: rtol=0.001, atol=1e-05
Testing N_win=1586 N_cf=8
Windowing:
  config: # windows=1586, spacing=0.01993669614991863, CF order=8
  error tolerance: rtol=0.001, atol=1e-05
Testing N_win=1586 N_cf=7
Windowing:
  config: # windows=1586, spacing=0.01993669614991863, CF order=7
  error tolerance: rtol=0.001, atol=1e-05
Testing N_win=1586 N_cf=6
Windowing:
  config: # windows=1586, spacing=0.01993669614991863, CF order=6
  error tolerance: rtol=0.001, atol=1e-05
Testing N_win=1586 N_cf=5
Windowing:
  config: # windows=1586, spacing=0.01993669614991863, CF order=5
  error tolerance: rtol=0.001, atol=1e-05
Testing N_win=1586 N_cf=4
Windowing:
  config: # windows=1586, spacing=0.01993669614991863, CF order=4
  error tolerance: rtol=0.001, atol=1e-05
Testing N_win=1586 N_cf=3
Windowing:
  config: # windows=1586, spacing=0.01993669614991863, CF order=3
  error tolerance: rtol=0.001, atol=1e-05
Failed: Pure curvefit failed for the first window!
Testing N_win=1689 N_cf=10
Windowing:
  config: # windows=1689, spacing=0.018720899996311987, CF order=10
  error tolerance: rtol=0.001, atol=1e-05
Testing N_win=1689 N_cf=9
Windowing:
  config: # windows=1689, spacing=0.018720899996311987, CF order=9
  error tolerance: rtol=0.001, atol=1e-05
Testing N_win=1689 N_cf=8
Windowing:
  config: # windows=1689, spacing=0.018720899996311987, CF order=8
  error tolerance: rtol=0.001, atol=1e-05
Testing N_win=1689 N_cf=7
Windowing:
  config: # windows=1689, spacing=0.018720899996311987, CF order=7
  error tolerance: rtol=0.001, atol=1e-05
Testing N_win=1689 N_cf=6
Windowing:
  config: # windows=1689, spacing=0.018720899996311987, CF order=6
  error tolerance: rtol=0.001, atol=1e-05
Testing N_win=1689 N_cf=5
Windowing:
  config: # windows=1689, spacing=0.018720899996311987, CF order=5
  error tolerance: rtol=0.001, atol=1e-05
Testing N_win=1689 N_cf=4
Windowing:
  config: # windows=1689, spacing=0.018720899996311987, CF order=4
  error tolerance: rtol=0.001, atol=1e-05
Testing N_win=1689 N_cf=3
Windowing:
  config: # windows=1689, spacing=0.018720899996311987, CF order=3
  error tolerance: rtol=0.001, atol=1e-05
Failed: Pure curvefit failed for the first window!
Testing N_win=1793 N_cf=10
Windowing:
  config: # windows=1793, spacing=0.01763502514990014, CF order=10
  error tolerance: rtol=0.001, atol=1e-05
Testing N_win=1793 N_cf=9
Windowing:
  config: # windows=1793, spacing=0.01763502514990014, CF order=9
  error tolerance: rtol=0.001, atol=1e-05
Testing N_win=1793 N_cf=8
Windowing:
  config: # windows=1793, spacing=0.01763502514990014, CF order=8
  error tolerance: rtol=0.001, atol=1e-05
Testing N_win=1793 N_cf=7
Windowing:
  config: # windows=1793, spacing=0.01763502514990014, CF order=7
  error tolerance: rtol=0.001, atol=1e-05
Testing N_win=1793 N_cf=6
Windowing:
  config: # windows=1793, spacing=0.01763502514990014, CF order=6
  error tolerance: rtol=0.001, atol=1e-05
Testing N_win=1793 N_cf=5
Windowing:
  config: # windows=1793, spacing=0.01763502514990014, CF order=5
  error tolerance: rtol=0.001, atol=1e-05
Testing N_win=1793 N_cf=4
Windowing:
  config: # windows=1793, spacing=0.01763502514990014, CF order=4
  error tolerance: rtol=0.001, atol=1e-05
Testing N_win=1793 N_cf=3
Windowing:
  config: # windows=1793, spacing=0.01763502514990014, CF order=3
  error tolerance: rtol=0.001, atol=1e-05
Failed: Pure curvefit failed for the first window!
Testing N_win=1896 N_cf=10
Windowing:
  config: # windows=1896, spacing=0.016677004268866535, CF order=10
  error tolerance: rtol=0.001, atol=1e-05
Testing N_win=1896 N_cf=9
Windowing:
  config: # windows=1896, spacing=0.016677004268866535, CF order=9
  error tolerance: rtol=0.001, atol=1e-05
Testing N_win=1896 N_cf=8
Windowing:
  config: # windows=1896, spacing=0.016677004268866535, CF order=8
  error tolerance: rtol=0.001, atol=1e-05
Testing N_win=1896 N_cf=7
Windowing:
  config: # windows=1896, spacing=0.016677004268866535, CF order=7
  error tolerance: rtol=0.001, atol=1e-05
Testing N_win=1896 N_cf=6
Windowing:
  config: # windows=1896, spacing=0.016677004268866535, CF order=6
  error tolerance: rtol=0.001, atol=1e-05
Testing N_win=1896 N_cf=5
Windowing:
  config: # windows=1896, spacing=0.016677004268866535, CF order=5
  error tolerance: rtol=0.001, atol=1e-05
Testing N_win=1896 N_cf=4
Windowing:
  config: # windows=1896, spacing=0.016677004268866535, CF order=4
  error tolerance: rtol=0.001, atol=1e-05
Testing N_win=1896 N_cf=3
Windowing:
  config: # windows=1896, spacing=0.016677004268866535, CF order=3
  error tolerance: rtol=0.001, atol=1e-05
Failed: Pure curvefit failed for the first window!
Testing N_win=2000 N_cf=10
Windowing:
  config: # windows=2000, spacing=0.015809800046885474, CF order=10
  error tolerance: rtol=0.001, atol=1e-05
Testing N_win=2000 N_cf=9
Windowing:
  config: # windows=2000, spacing=0.015809800046885474, CF order=9
  error tolerance: rtol=0.001, atol=1e-05
Testing N_win=2000 N_cf=8
Windowing:
  config: # windows=2000, spacing=0.015809800046885474, CF order=8
  error tolerance: rtol=0.001, atol=1e-05
Testing N_win=2000 N_cf=7
Windowing:
  config: # windows=2000, spacing=0.015809800046885474, CF order=7
  error tolerance: rtol=0.001, atol=1e-05
Testing N_win=2000 N_cf=6
Windowing:
  config: # windows=2000, spacing=0.015809800046885474, CF order=6
  error tolerance: rtol=0.001, atol=1e-05
Testing N_win=2000 N_cf=5
Windowing:
  config: # windows=2000, spacing=0.015809800046885474, CF order=5
  error tolerance: rtol=0.001, atol=1e-05
Testing N_win=2000 N_cf=4
Windowing:
  config: # windows=2000, spacing=0.015809800046885474, CF order=4
  error tolerance: rtol=0.001, atol=1e-05
Testing N_win=2000 N_cf=3
Windowing:
  config: # windows=2000, spacing=0.015809800046885474, CF order=3
  error tolerance: rtol=0.001, atol=1e-05
Failed: Pure curvefit failed for the first window!
Final library: 471 poles, 758 windows, 6.5 poles per window, 5 CF order
