Running NJOY to get 0K point-wise data (error=0.0005)...
Parsing cross sections within resolved resonance range...
  MTs: [2, 27, 102, 103, 107]
  Energy range: 1.000e-05 to 5.471e+02 eV (53563 points)
Vector fitting piece 1/26...
  energy: 1.000e-05 to 1.107e+00 eV (740 points)
  error tolerance: rtol=0.001, atol=1e-05
Found 1 peaks
Fitting orders from 2 to 200
Order=2(0/100)
Order=4(1/100)
Order=6(2/100)
Order=8(3/100)
Order=10(4/100)
Order=12(5/100)
Order=14(6/100)
Order=16(7/100)
Order=18(8/100)
Order=20(9/100)
Order=22(10/100)
Order=24(11/100)
Order=26(12/100)
Order=28(13/100)
Order=30(14/100)
Order=32(15/100)
Order=34(16/100)
Found ideal results. Stop!
Found 1 real poles and 19 conjugate complex pairs.
Final number of poles: 20
Saved figure: WMP_Lib/Os191/0-1_MT2.png
Saved figure: WMP_Lib/Os191/0-1_MT27.png
Saved figure: WMP_Lib/Os191/0-1_MT102.png
Saved figure: WMP_Lib/Os191/0-1_MT107.png
Vector fitting piece 2/26...
  energy: 9.265e-02 to 3.865e+00 eV (586 points)
  error tolerance: rtol=0.001, atol=1e-05
Found 2 peaks
Fitting orders from 4 to 200
Order=4(0/99)
Order=6(1/99)
Order=8(2/99)
Order=10(3/99)
Order=12(4/99)
Order=14(5/99)
Order=16(6/99)
Order=18(7/99)
Order=20(8/99)
Order=22(9/99)
Order=24(10/99)
Order=26(11/99)
Order=28(12/99)
Order=30(13/99)
Order=32(14/99)
Order=34(15/99)
Order=36(16/99)
Order=38(17/99)
Order=40(18/99)
Order=42(19/99)
Order=44(20/99)
Order=46(21/99)
Order=48(22/99)
Order=50(23/99)
Order=52(24/99)
Order=54(25/99)
Order=56(26/99)
Order=58(27/99)
Order=60(28/99)
Found 1 real poles and 8 conjugate complex pairs.
Final number of poles: 9
Saved figure: WMP_Lib/Os191/0-4_MT2.png
Saved figure: WMP_Lib/Os191/0-4_MT27.png
Saved figure: WMP_Lib/Os191/0-4_MT102.png
Saved figure: WMP_Lib/Os191/0-4_MT107.png
Vector fitting piece 3/26...
  energy: 1.445e+00 to 8.237e+00 eV (716 points)
  error tolerance: rtol=0.001, atol=1e-05
Found 2 peaks
Fitting orders from 4 to 200
Order=4(0/99)
Order=6(1/99)
Order=8(2/99)
Order=10(3/99)
Order=12(4/99)
Order=14(5/99)
Order=16(6/99)
Order=18(7/99)
Order=20(8/99)
Order=22(9/99)
Order=24(10/99)
Order=26(11/99)
Order=28(12/99)
Order=30(13/99)
Order=32(14/99)
Order=34(15/99)
Order=36(16/99)
Order=38(17/99)
Order=40(18/99)
Order=42(19/99)
Order=44(20/99)
Order=46(21/99)
Order=48(22/99)
Order=50(23/99)
Order=52(24/99)
Order=54(25/99)
Order=56(26/99)
Order=58(27/99)
Order=60(28/99)
Found 2 real poles and 5 conjugate complex pairs.
Final number of poles: 7
Saved figure: WMP_Lib/Os191/1-8_MT2.png
Saved figure: WMP_Lib/Os191/1-8_MT27.png
Saved figure: WMP_Lib/Os191/1-8_MT102.png
Saved figure: WMP_Lib/Os191/1-8_MT107.png
Vector fitting piece 4/26...
  energy: 4.415e+00 to 1.415e+01 eV (560 points)
  error tolerance: rtol=0.001, atol=1e-05
Found 2 peaks
Fitting orders from 4 to 200
Order=4(0/99)
Order=6(1/99)
Order=8(2/99)
Order=10(3/99)
Found ideal results. Stop!
Found 0 real poles and 5 conjugate complex pairs.
Final number of poles: 5
Saved figure: WMP_Lib/Os191/4-14_MT2.png
Saved figure: WMP_Lib/Os191/4-14_MT27.png
Saved figure: WMP_Lib/Os191/4-14_MT102.png
Saved figure: WMP_Lib/Os191/4-14_MT107.png
Vector fitting piece 5/26...
  energy: 8.971e+00 to 2.163e+01 eV (962 points)
  error tolerance: rtol=0.001, atol=1e-05
Found 3 peaks
Fitting orders from 6 to 200
Order=6(0/98)
Order=8(1/98)
Order=10(2/98)
Found ideal results. Stop!
Found 2 real poles and 4 conjugate complex pairs.
Final number of poles: 6
Saved figure: WMP_Lib/Os191/9-22_MT2.png
Saved figure: WMP_Lib/Os191/9-22_MT27.png
Saved figure: WMP_Lib/Os191/9-22_MT102.png
Saved figure: WMP_Lib/Os191/9-22_MT107.png
Vector fitting piece 6/26...
  energy: 1.523e+01 to 3.078e+01 eV (1839 points)
  error tolerance: rtol=0.001, atol=1e-05
Found 5 peaks
Fitting orders from 10 to 200
Order=10(0/96)
Order=12(1/96)
Order=14(2/96)
Found ideal results. Stop!
Found 2 real poles and 6 conjugate complex pairs.
Final number of poles: 8
Saved figure: WMP_Lib/Os191/15-31_MT2.png
Saved figure: WMP_Lib/Os191/15-31_MT27.png
Saved figure: WMP_Lib/Os191/15-31_MT102.png
Saved figure: WMP_Lib/Os191/15-31_MT107.png
Vector fitting piece 7/26...
  energy: 2.306e+01 to 4.164e+01 eV (2155 points)
  error tolerance: rtol=0.001, atol=1e-05
Found 6 peaks
Fitting orders from 12 to 200
Order=12(0/95)
Order=14(1/95)
Order=16(2/95)
Order=18(3/95)
Order=20(4/95)
Order=22(5/95)
Order=24(6/95)
Order=26(7/95)
Order=28(8/95)
Order=30(9/95)
Order=32(10/95)
Order=34(11/95)
Order=36(12/95)
Order=38(13/95)
Order=40(14/95)
Order=42(15/95)
Order=44(16/95)
Order=46(17/95)
Order=48(18/95)
Order=50(19/95)
Order=52(20/95)
Order=54(21/95)
Order=56(22/95)
Order=58(23/95)
Order=60(24/95)
Found 2 real poles and 7 conjugate complex pairs.
Final number of poles: 9
Saved figure: WMP_Lib/Os191/23-42_MT2.png
Saved figure: WMP_Lib/Os191/23-42_MT27.png
Saved figure: WMP_Lib/Os191/23-42_MT102.png
Saved figure: WMP_Lib/Os191/23-42_MT107.png
Vector fitting piece 8/26...
  energy: 3.250e+01 to 5.419e+01 eV (2125 points)
  error tolerance: rtol=0.001, atol=1e-05
Found 6 peaks
Fitting orders from 12 to 200
Order=12(0/95)
Order=14(1/95)
Order=16(2/95)
Order=18(3/95)
Found ideal results. Stop!
Found 4 real poles and 7 conjugate complex pairs.
Final number of poles: 11
Saved figure: WMP_Lib/Os191/32-54_MT2.png
Saved figure: WMP_Lib/Os191/32-54_MT27.png
Saved figure: WMP_Lib/Os191/32-54_MT102.png
Saved figure: WMP_Lib/Os191/32-54_MT107.png
Vector fitting piece 9/26...
  energy: 4.357e+01 to 6.807e+01 eV (2110 points)
  error tolerance: rtol=0.001, atol=1e-05
Found 6 peaks
Fitting orders from 12 to 200
Order=12(0/95)
Order=14(1/95)
Order=16(2/95)
Order=18(3/95)
Found ideal results. Stop!
Found 4 real poles and 7 conjugate complex pairs.
Final number of poles: 11
Saved figure: WMP_Lib/Os191/44-68_MT2.png
Saved figure: WMP_Lib/Os191/44-68_MT27.png
Saved figure: WMP_Lib/Os191/44-68_MT102.png
Saved figure: WMP_Lib/Os191/44-68_MT107.png
Vector fitting piece 10/26...
  energy: 5.622e+01 to 8.365e+01 eV (2646 points)
  error tolerance: rtol=0.001, atol=1e-05
Found 8 peaks
Fitting orders from 16 to 200
Order=16(0/93)
Order=18(1/93)
Order=20(2/93)
Order=22(3/93)
Found ideal results. Stop!
Found 4 real poles and 9 conjugate complex pairs.
Final number of poles: 13
Saved figure: WMP_Lib/Os191/56-84_MT2.png
Saved figure: WMP_Lib/Os191/56-84_MT27.png
Saved figure: WMP_Lib/Os191/56-84_MT102.png
Saved figure: WMP_Lib/Os191/56-84_MT107.png
Vector fitting piece 11/26...
  energy: 7.056e+01 to 1.010e+02 eV (3192 points)
  error tolerance: rtol=0.001, atol=1e-05
Found 10 peaks
Fitting orders from 20 to 200
Order=20(0/91)
Order=22(1/91)
Order=24(2/91)
Order=26(3/91)
Order=28(4/91)
Order=30(5/91)
Order=32(6/91)
Order=34(7/91)
Order=36(8/91)
Order=38(9/91)
Order=40(10/91)
Order=42(11/91)
Order=44(12/91)
Order=46(13/91)
Order=48(14/91)
Order=50(15/91)
Order=52(16/91)
Order=54(17/91)
Order=56(18/91)
Order=58(19/91)
Order=60(20/91)
Found 2 real poles and 11 conjugate complex pairs.
Final number of poles: 13
Saved figure: WMP_Lib/Os191/71-101_MT2.png
Saved figure: WMP_Lib/Os191/71-101_MT27.png
Saved figure: WMP_Lib/Os191/71-101_MT102.png
Saved figure: WMP_Lib/Os191/71-101_MT107.png
Vector fitting piece 12/26...
  energy: 8.644e+01 to 1.198e+02 eV (2590 points)
  error tolerance: rtol=0.001, atol=1e-05
Found 8 peaks
Fitting orders from 16 to 200
Order=16(0/93)
Order=18(1/93)
Order=20(2/93)
Order=22(3/93)
Order=24(4/93)
Found ideal results. Stop!
Found 6 real poles and 9 conjugate complex pairs.
Final number of poles: 15
Saved figure: WMP_Lib/Os191/86-120_MT2.png
Saved figure: WMP_Lib/Os191/86-120_MT27.png
Saved figure: WMP_Lib/Os191/86-120_MT102.png
Saved figure: WMP_Lib/Os191/86-120_MT107.png
Vector fitting piece 13/26...
  energy: 1.039e+02 to 1.403e+02 eV (3285 points)
  error tolerance: rtol=0.001, atol=1e-05
Found 11 peaks
Fitting orders from 22 to 200
Order=22(0/90)
Order=24(1/90)
Order=26(2/90)
Order=28(3/90)
Found ideal results. Stop!
Found 6 real poles and 11 conjugate complex pairs.
Final number of poles: 17
Saved figure: WMP_Lib/Os191/104-140_MT2.png
Saved figure: WMP_Lib/Os191/104-140_MT27.png
Saved figure: WMP_Lib/Os191/104-140_MT102.png
Saved figure: WMP_Lib/Os191/104-140_MT107.png
Vector fitting piece 14/26...
  energy: 1.232e+02 to 1.625e+02 eV (3727 points)
  error tolerance: rtol=0.001, atol=1e-05
Found 13 peaks
Fitting orders from 26 to 200
Order=26(0/88)
Order=28(1/88)
Order=30(2/88)
Order=32(3/88)
Found ideal results. Stop!
Found 4 real poles and 14 conjugate complex pairs.
Final number of poles: 18
Saved figure: WMP_Lib/Os191/123-162_MT2.png
Saved figure: WMP_Lib/Os191/123-162_MT27.png
Saved figure: WMP_Lib/Os191/123-162_MT102.png
Saved figure: WMP_Lib/Os191/123-162_MT107.png
Vector fitting piece 15/26...
  energy: 1.440e+02 to 1.861e+02 eV (3985 points)
  error tolerance: rtol=0.001, atol=1e-05
Found 12 peaks
Fitting orders from 24 to 200
Order=24(0/89)
Order=26(1/89)
Order=28(2/89)
Order=30(3/89)
Order=32(4/89)
Order=34(5/89)
Order=36(6/89)
Order=38(7/89)
Order=40(8/89)
Order=42(9/89)
Order=44(10/89)
Order=46(11/89)
Order=48(12/89)
Order=50(13/89)
Order=52(14/89)
Order=54(15/89)
Order=56(16/89)
Order=58(17/89)
Order=60(18/89)
Found 2 real poles and 14 conjugate complex pairs.
Final number of poles: 16
Saved figure: WMP_Lib/Os191/144-186_MT2.png
Saved figure: WMP_Lib/Os191/144-186_MT27.png
Saved figure: WMP_Lib/Os191/144-186_MT102.png
Saved figure: WMP_Lib/Os191/144-186_MT107.png
Vector fitting piece 16/26...
  energy: 1.663e+02 to 2.115e+02 eV (4378 points)
  error tolerance: rtol=0.001, atol=1e-05
Found 12 peaks
Fitting orders from 24 to 200
Order=24(0/89)
Order=26(1/89)
Order=28(2/89)
Order=30(3/89)
Found ideal results. Stop!
Found 6 real poles and 12 conjugate complex pairs.
Final number of poles: 18
Saved figure: WMP_Lib/Os191/166-212_MT2.png
Saved figure: WMP_Lib/Os191/166-212_MT27.png
Saved figure: WMP_Lib/Os191/166-212_MT102.png
Saved figure: WMP_Lib/Os191/166-212_MT107.png
Vector fitting piece 17/26...
  energy: 1.904e+02 to 2.385e+02 eV (4575 points)
  error tolerance: rtol=0.001, atol=1e-05
Found 13 peaks
Fitting orders from 26 to 200
Order=26(0/88)
Order=28(1/88)
Order=30(2/88)
Order=32(3/88)
Order=34(4/88)
Order=36(5/88)
Order=38(6/88)
Order=40(7/88)
Order=42(8/88)
Order=44(9/88)
Order=46(10/88)
Order=48(11/88)
Order=50(12/88)
Order=52(13/88)
Order=54(14/88)
Order=56(15/88)
Order=58(16/88)
Order=60(17/88)
Found 4 real poles and 14 conjugate complex pairs.
Final number of poles: 18
Saved figure: WMP_Lib/Os191/190-238_MT2.png
Saved figure: WMP_Lib/Os191/190-238_MT27.png
Saved figure: WMP_Lib/Os191/190-238_MT102.png
Saved figure: WMP_Lib/Os191/190-238_MT107.png
Vector fitting piece 18/26...
  energy: 2.160e+02 to 2.671e+02 eV (6102 points)
  error tolerance: rtol=0.001, atol=1e-05
Found 21 peaks
Fitting orders from 42 to 200
Order=42(0/80)
Order=44(1/80)
Order=46(2/80)
Order=48(3/80)
Order=50(4/80)
Order=52(5/80)
Found ideal results. Stop!
Found 6 real poles and 23 conjugate complex pairs.
Final number of poles: 29
Saved figure: WMP_Lib/Os191/216-267_MT2.png
Saved figure: WMP_Lib/Os191/216-267_MT27.png
Saved figure: WMP_Lib/Os191/216-267_MT102.png
Saved figure: WMP_Lib/Os191/216-267_MT107.png
Vector fitting piece 19/26...
  energy: 2.432e+02 to 2.973e+02 eV (6443 points)
  error tolerance: rtol=0.001, atol=1e-05
Found 22 peaks
Fitting orders from 44 to 200
Order=44(0/79)
Order=46(1/79)
Order=48(2/79)
Order=50(3/79)
Order=52(4/79)
Order=54(5/79)
Order=56(6/79)
Order=58(7/79)
Order=60(8/79)
Order=62(9/79)
Order=64(10/79)
Order=66(11/79)
Found 6 real poles and 25 conjugate complex pairs.
Final number of poles: 31
Saved figure: WMP_Lib/Os191/243-297_MT2.png
Saved figure: WMP_Lib/Os191/243-297_MT27.png
Saved figure: WMP_Lib/Os191/243-297_MT102.png
Saved figure: WMP_Lib/Os191/243-297_MT107.png
Vector fitting piece 20/26...
  energy: 2.721e+02 to 3.292e+02 eV (4958 points)
  error tolerance: rtol=0.001, atol=1e-05
Found 17 peaks
Fitting orders from 34 to 200
Order=34(0/84)
Order=36(1/84)
Order=38(2/84)
Order=40(3/84)
Order=42(4/84)
Order=44(5/84)
Order=46(6/84)
Order=48(7/84)
Order=50(8/84)
Order=52(9/84)
Order=54(10/84)
Order=56(11/84)
Order=58(12/84)
Order=60(13/84)
Found 6 real poles and 18 conjugate complex pairs.
Final number of poles: 24
Saved figure: WMP_Lib/Os191/272-329_MT2.png
Saved figure: WMP_Lib/Os191/272-329_MT27.png
Saved figure: WMP_Lib/Os191/272-329_MT102.png
Saved figure: WMP_Lib/Os191/272-329_MT107.png
Vector fitting piece 21/26...
  energy: 3.026e+02 to 3.625e+02 eV (5460 points)
  error tolerance: rtol=0.001, atol=1e-05
Found 18 peaks
Fitting orders from 36 to 200
Order=36(0/83)
Order=38(1/83)
Order=40(2/83)
Order=42(3/83)
Order=44(4/83)
Order=46(5/83)
Order=48(6/83)
Order=50(7/83)
Order=52(8/83)
Order=54(9/83)
Order=56(10/83)
Order=58(11/83)
Order=60(12/83)
Found 4 real poles and 19 conjugate complex pairs.
Final number of poles: 23
Saved figure: WMP_Lib/Os191/303-363_MT2.png
Saved figure: WMP_Lib/Os191/303-363_MT27.png
Saved figure: WMP_Lib/Os191/303-363_MT102.png
Saved figure: WMP_Lib/Os191/303-363_MT107.png
Vector fitting piece 22/26...
  energy: 3.347e+02 to 3.976e+02 eV (6275 points)
  error tolerance: rtol=0.001, atol=1e-05
Found 21 peaks
Fitting orders from 42 to 200
Order=42(0/80)
Order=44(1/80)
Order=46(2/80)
Order=48(3/80)
Order=50(4/80)
Order=52(5/80)
Order=54(6/80)
Order=56(7/80)
Order=58(8/80)
Order=60(9/80)
Found 4 real poles and 22 conjugate complex pairs.
Final number of poles: 26
Saved figure: WMP_Lib/Os191/335-398_MT2.png
Saved figure: WMP_Lib/Os191/335-398_MT27.png
Saved figure: WMP_Lib/Os191/335-398_MT102.png
Saved figure: WMP_Lib/Os191/335-398_MT107.png
Vector fitting piece 23/26...
  energy: 3.684e+02 to 4.343e+02 eV (5745 points)
  error tolerance: rtol=0.001, atol=1e-05
Found 19 peaks
Fitting orders from 38 to 200
Order=38(0/82)
Order=40(1/82)
Order=42(2/82)
Order=44(3/82)
Order=46(4/82)
Order=48(5/82)
Order=50(6/82)
Order=52(7/82)
Order=54(8/82)
Order=56(9/82)
Order=58(10/82)
Order=60(11/82)
Found 6 real poles and 19 conjugate complex pairs.
Final number of poles: 25
Saved figure: WMP_Lib/Os191/368-434_MT2.png
Saved figure: WMP_Lib/Os191/368-434_MT27.png
Saved figure: WMP_Lib/Os191/368-434_MT102.png
Saved figure: WMP_Lib/Os191/368-434_MT107.png
Vector fitting piece 24/26...
  energy: 4.037e+02 to 4.726e+02 eV (5226 points)
  error tolerance: rtol=0.001, atol=1e-05
Found 16 peaks
Fitting orders from 32 to 200
Order=32(0/85)
Order=34(1/85)
Order=36(2/85)
Order=38(3/85)
Order=40(4/85)
Order=42(5/85)
Order=44(6/85)
Order=46(7/85)
Order=48(8/85)
Order=50(9/85)
Order=52(10/85)
Order=54(11/85)
Order=56(12/85)
Order=58(13/85)
Order=60(14/85)
Found 6 real poles and 18 conjugate complex pairs.
Final number of poles: 24
Saved figure: WMP_Lib/Os191/404-473_MT2.png
Saved figure: WMP_Lib/Os191/404-473_MT27.png
Saved figure: WMP_Lib/Os191/404-473_MT102.png
Saved figure: WMP_Lib/Os191/404-473_MT107.png
Vector fitting piece 25/26...
  energy: 4.407e+02 to 5.125e+02 eV (6123 points)
  error tolerance: rtol=0.001, atol=1e-05
Found 21 peaks
Fitting orders from 42 to 200
Order=42(0/80)
Order=44(1/80)
Order=46(2/80)
Order=48(3/80)
Order=50(4/80)
Order=52(5/80)
Order=54(6/80)
Order=56(7/80)
Order=58(8/80)
Order=60(9/80)
Order=62(10/80)
Order=64(11/80)
Found 4 real poles and 25 conjugate complex pairs.
Final number of poles: 29
Saved figure: WMP_Lib/Os191/441-513_MT2.png
Saved figure: WMP_Lib/Os191/441-513_MT27.png
Saved figure: WMP_Lib/Os191/441-513_MT102.png
Saved figure: WMP_Lib/Os191/441-513_MT107.png
Vector fitting piece 26/26...
  energy: 4.793e+02 to 5.471e+02 eV (8019 points)
  error tolerance: rtol=0.001, atol=1e-05
Found 29 peaks
Fitting orders from 58 to 200
Order=58(0/72)
Order=60(1/72)
Order=62(2/72)
Order=64(3/72)
Order=66(4/72)
Order=68(5/72)
Order=70(6/72)
Order=72(7/72)
Order=74(8/72)
Order=76(9/72)
Order=78(10/72)
Order=80(11/72)
Order=82(12/72)
Found 2 real poles and 35 conjugate complex pairs.
Final number of poles: 37
Saved figure: WMP_Lib/Os191/479-547_MT2.png
Saved figure: WMP_Lib/Os191/479-547_MT27.png
Saved figure: WMP_Lib/Os191/479-547_MT102.png
Saved figure: WMP_Lib/Os191/479-547_MT107.png
Dumped multipole data to file: WMP_Lib/Os191/Os191_mp.pickle
Start searching ...
Testing N_win=23 N_cf=10
Failed: Window spacing cannot be larger than piece spacing.
Testing N_win=127 N_cf=10
Windowing:
  config: # windows=127, spacing=0.18414767207267843, CF order=10
  error tolerance: rtol=0.001, atol=1e-05
Best library so far.
Testing N_win=127 N_cf=9
Windowing:
  config: # windows=127, spacing=0.18414767207267843, CF order=9
  error tolerance: rtol=0.001, atol=1e-05
Best library so far.
Testing N_win=127 N_cf=8
Windowing:
  config: # windows=127, spacing=0.18414767207267843, CF order=8
  error tolerance: rtol=0.001, atol=1e-05
Best library so far.
Testing N_win=127 N_cf=7
Windowing:
  config: # windows=127, spacing=0.18414767207267843, CF order=7
  error tolerance: rtol=0.001, atol=1e-05
Best library so far.
Testing N_win=127 N_cf=6
Windowing:
  config: # windows=127, spacing=0.18414767207267843, CF order=6
  error tolerance: rtol=0.001, atol=1e-05
Best library so far.
Testing N_win=127 N_cf=5
Windowing:
  config: # windows=127, spacing=0.18414767207267843, CF order=5
  error tolerance: rtol=0.001, atol=1e-05
Best library so far.
Testing N_win=127 N_cf=4
Windowing:
  config: # windows=127, spacing=0.18414767207267843, CF order=4
  error tolerance: rtol=0.001, atol=1e-05
Best library so far.
Testing N_win=127 N_cf=3
Windowing:
  config: # windows=127, spacing=0.18414767207267843, CF order=3
  error tolerance: rtol=0.001, atol=1e-05
Failed: Pure curvefit failed for the first window!
Testing N_win=231 N_cf=10
Windowing:
  config: # windows=231, spacing=0.1012413608364942, CF order=10
  error tolerance: rtol=0.001, atol=1e-05
Best library so far.
Testing N_win=231 N_cf=9
Windowing:
  config: # windows=231, spacing=0.1012413608364942, CF order=9
  error tolerance: rtol=0.001, atol=1e-05
Best library so far.
Testing N_win=231 N_cf=8
Windowing:
  config: # windows=231, spacing=0.1012413608364942, CF order=8
  error tolerance: rtol=0.001, atol=1e-05
Best library so far.
Testing N_win=231 N_cf=7
Windowing:
  config: # windows=231, spacing=0.1012413608364942, CF order=7
  error tolerance: rtol=0.001, atol=1e-05
Best library so far.
Testing N_win=231 N_cf=6
Windowing:
  config: # windows=231, spacing=0.1012413608364942, CF order=6
  error tolerance: rtol=0.001, atol=1e-05
Best library so far.
Testing N_win=231 N_cf=5
Windowing:
  config: # windows=231, spacing=0.1012413608364942, CF order=5
  error tolerance: rtol=0.001, atol=1e-05
Best library so far.
Testing N_win=231 N_cf=4
Windowing:
  config: # windows=231, spacing=0.1012413608364942, CF order=4
  error tolerance: rtol=0.001, atol=1e-05
Best library so far.
Testing N_win=231 N_cf=3
Windowing:
  config: # windows=231, spacing=0.1012413608364942, CF order=3
  error tolerance: rtol=0.001, atol=1e-05
Failed: Pure curvefit failed for the first window!
Testing N_win=335 N_cf=10
Windowing:
  config: # windows=335, spacing=0.06981120702456764, CF order=10
  error tolerance: rtol=0.001, atol=1e-05
Testing N_win=335 N_cf=9
Windowing:
  config: # windows=335, spacing=0.06981120702456764, CF order=9
  error tolerance: rtol=0.001, atol=1e-05
Testing N_win=335 N_cf=8
Windowing:
  config: # windows=335, spacing=0.06981120702456764, CF order=8
  error tolerance: rtol=0.001, atol=1e-05
Best library so far.
Testing N_win=335 N_cf=7
Windowing:
  config: # windows=335, spacing=0.06981120702456764, CF order=7
  error tolerance: rtol=0.001, atol=1e-05
Best library so far.
Testing N_win=335 N_cf=6
Windowing:
  config: # windows=335, spacing=0.06981120702456764, CF order=6
  error tolerance: rtol=0.001, atol=1e-05
Best library so far.
Testing N_win=335 N_cf=5
Windowing:
  config: # windows=335, spacing=0.06981120702456764, CF order=5
  error tolerance: rtol=0.001, atol=1e-05
Best library so far.
Testing N_win=335 N_cf=4
Windowing:
  config: # windows=335, spacing=0.06981120702456764, CF order=4
  error tolerance: rtol=0.001, atol=1e-05
Testing N_win=335 N_cf=3
Windowing:
  config: # windows=335, spacing=0.06981120702456764, CF order=3
  error tolerance: rtol=0.001, atol=1e-05
Failed: Pure curvefit failed for the first window!
Testing N_win=439 N_cf=10
Windowing:
  config: # windows=439, spacing=0.053272788959522005, CF order=10
  error tolerance: rtol=0.001, atol=1e-05
Testing N_win=439 N_cf=9
Windowing:
  config: # windows=439, spacing=0.053272788959522005, CF order=9
  error tolerance: rtol=0.001, atol=1e-05
Testing N_win=439 N_cf=8
Windowing:
  config: # windows=439, spacing=0.053272788959522005, CF order=8
  error tolerance: rtol=0.001, atol=1e-05
Testing N_win=439 N_cf=7
Windowing:
  config: # windows=439, spacing=0.053272788959522005, CF order=7
  error tolerance: rtol=0.001, atol=1e-05
Testing N_win=439 N_cf=6
Windowing:
  config: # windows=439, spacing=0.053272788959522005, CF order=6
  error tolerance: rtol=0.001, atol=1e-05
Testing N_win=439 N_cf=5
Windowing:
  config: # windows=439, spacing=0.053272788959522005, CF order=5
  error tolerance: rtol=0.001, atol=1e-05
Best library so far.
Testing N_win=439 N_cf=4
Windowing:
  config: # windows=439, spacing=0.053272788959522005, CF order=4
  error tolerance: rtol=0.001, atol=1e-05
Best library so far.
Testing N_win=439 N_cf=3
Windowing:
  config: # windows=439, spacing=0.053272788959522005, CF order=3
  error tolerance: rtol=0.001, atol=1e-05
Failed: Pure curvefit failed for the first window!
Testing N_win=543 N_cf=10
Windowing:
  config: # windows=543, spacing=0.043069529195635656, CF order=10
  error tolerance: rtol=0.001, atol=1e-05
Testing N_win=543 N_cf=9
Windowing:
  config: # windows=543, spacing=0.043069529195635656, CF order=9
  error tolerance: rtol=0.001, atol=1e-05
Testing N_win=543 N_cf=8
Windowing:
  config: # windows=543, spacing=0.043069529195635656, CF order=8
  error tolerance: rtol=0.001, atol=1e-05
Testing N_win=543 N_cf=7
Windowing:
  config: # windows=543, spacing=0.043069529195635656, CF order=7
  error tolerance: rtol=0.001, atol=1e-05
Testing N_win=543 N_cf=6
Windowing:
  config: # windows=543, spacing=0.043069529195635656, CF order=6
  error tolerance: rtol=0.001, atol=1e-05
Testing N_win=543 N_cf=5
Windowing:
  config: # windows=543, spacing=0.043069529195635656, CF order=5
  error tolerance: rtol=0.001, atol=1e-05
Best library so far.
Testing N_win=543 N_cf=4
Windowing:
  config: # windows=543, spacing=0.043069529195635656, CF order=4
  error tolerance: rtol=0.001, atol=1e-05
Best library so far.
Testing N_win=543 N_cf=3
Windowing:
  config: # windows=543, spacing=0.043069529195635656, CF order=3
  error tolerance: rtol=0.001, atol=1e-05
Failed: Pure curvefit failed for the first window!
Testing N_win=647 N_cf=10
Windowing:
  config: # windows=647, spacing=0.03614645185970659, CF order=10
  error tolerance: rtol=0.001, atol=1e-05
Testing N_win=647 N_cf=9
Windowing:
  config: # windows=647, spacing=0.03614645185970659, CF order=9
  error tolerance: rtol=0.001, atol=1e-05
Testing N_win=647 N_cf=8
Windowing:
  config: # windows=647, spacing=0.03614645185970659, CF order=8
  error tolerance: rtol=0.001, atol=1e-05
Testing N_win=647 N_cf=7
Windowing:
  config: # windows=647, spacing=0.03614645185970659, CF order=7
  error tolerance: rtol=0.001, atol=1e-05
Testing N_win=647 N_cf=6
Windowing:
  config: # windows=647, spacing=0.03614645185970659, CF order=6
  error tolerance: rtol=0.001, atol=1e-05
Testing N_win=647 N_cf=5
Windowing:
  config: # windows=647, spacing=0.03614645185970659, CF order=5
  error tolerance: rtol=0.001, atol=1e-05
Testing N_win=647 N_cf=4
Windowing:
  config: # windows=647, spacing=0.03614645185970659, CF order=4
  error tolerance: rtol=0.001, atol=1e-05
Testing N_win=647 N_cf=3
Windowing:
  config: # windows=647, spacing=0.03614645185970659, CF order=3
  error tolerance: rtol=0.001, atol=1e-05
Failed: Pure curvefit failed for the first window!
Testing N_win=751 N_cf=10
Windowing:
  config: # windows=751, spacing=0.031140818046910997, CF order=10
  error tolerance: rtol=0.001, atol=1e-05
Testing N_win=751 N_cf=9
Windowing:
  config: # windows=751, spacing=0.031140818046910997, CF order=9
  error tolerance: rtol=0.001, atol=1e-05
Testing N_win=751 N_cf=8
Windowing:
  config: # windows=751, spacing=0.031140818046910997, CF order=8
  error tolerance: rtol=0.001, atol=1e-05
Testing N_win=751 N_cf=7
Windowing:
  config: # windows=751, spacing=0.031140818046910997, CF order=7
  error tolerance: rtol=0.001, atol=1e-05
Testing N_win=751 N_cf=6
Windowing:
  config: # windows=751, spacing=0.031140818046910997, CF order=6
  error tolerance: rtol=0.001, atol=1e-05
Testing N_win=751 N_cf=5
Windowing:
  config: # windows=751, spacing=0.031140818046910997, CF order=5
  error tolerance: rtol=0.001, atol=1e-05
Testing N_win=751 N_cf=4
Windowing:
  config: # windows=751, spacing=0.031140818046910997, CF order=4
  error tolerance: rtol=0.001, atol=1e-05
Testing N_win=751 N_cf=3
Windowing:
  config: # windows=751, spacing=0.031140818046910997, CF order=3
  error tolerance: rtol=0.001, atol=1e-05
Failed: Pure curvefit failed for the first window!
Testing N_win=855 N_cf=10
Windowing:
  config: # windows=855, spacing=0.02735292906810545, CF order=10
  error tolerance: rtol=0.001, atol=1e-05
Testing N_win=855 N_cf=9
Windowing:
  config: # windows=855, spacing=0.02735292906810545, CF order=9
  error tolerance: rtol=0.001, atol=1e-05
Testing N_win=855 N_cf=8
Windowing:
  config: # windows=855, spacing=0.02735292906810545, CF order=8
  error tolerance: rtol=0.001, atol=1e-05
Testing N_win=855 N_cf=7
Windowing:
  config: # windows=855, spacing=0.02735292906810545, CF order=7
  error tolerance: rtol=0.001, atol=1e-05
Testing N_win=855 N_cf=6
Windowing:
  config: # windows=855, spacing=0.02735292906810545, CF order=6
  error tolerance: rtol=0.001, atol=1e-05
Testing N_win=855 N_cf=5
Windowing:
  config: # windows=855, spacing=0.02735292906810545, CF order=5
  error tolerance: rtol=0.001, atol=1e-05
Testing N_win=855 N_cf=4
Windowing:
  config: # windows=855, spacing=0.02735292906810545, CF order=4
  error tolerance: rtol=0.001, atol=1e-05
Testing N_win=855 N_cf=3
Windowing:
  config: # windows=855, spacing=0.02735292906810545, CF order=3
  error tolerance: rtol=0.001, atol=1e-05
Failed: Pure curvefit failed for the first window!
Testing N_win=959 N_cf=10
Windowing:
  config: # windows=959, spacing=0.024386605164994954, CF order=10
  error tolerance: rtol=0.001, atol=1e-05
Testing N_win=959 N_cf=9
Windowing:
  config: # windows=959, spacing=0.024386605164994954, CF order=9
  error tolerance: rtol=0.001, atol=1e-05
Testing N_win=959 N_cf=8
Windowing:
  config: # windows=959, spacing=0.024386605164994954, CF order=8
  error tolerance: rtol=0.001, atol=1e-05
Testing N_win=959 N_cf=7
Windowing:
  config: # windows=959, spacing=0.024386605164994954, CF order=7
  error tolerance: rtol=0.001, atol=1e-05
Testing N_win=959 N_cf=6
Windowing:
  config: # windows=959, spacing=0.024386605164994954, CF order=6
  error tolerance: rtol=0.001, atol=1e-05
Testing N_win=959 N_cf=5
Windowing:
  config: # windows=959, spacing=0.024386605164994954, CF order=5
  error tolerance: rtol=0.001, atol=1e-05
Testing N_win=959 N_cf=4
Windowing:
  config: # windows=959, spacing=0.024386605164994954, CF order=4
  error tolerance: rtol=0.001, atol=1e-05
Testing N_win=959 N_cf=3
Windowing:
  config: # windows=959, spacing=0.024386605164994954, CF order=3
  error tolerance: rtol=0.001, atol=1e-05
Failed: Pure curvefit failed for the first window!
Testing N_win=1063 N_cf=10
Windowing:
  config: # windows=1063, spacing=0.022000709645559887, CF order=10
  error tolerance: rtol=0.001, atol=1e-05
Testing N_win=1063 N_cf=9
Windowing:
  config: # windows=1063, spacing=0.022000709645559887, CF order=9
  error tolerance: rtol=0.001, atol=1e-05
Testing N_win=1063 N_cf=8
Windowing:
  config: # windows=1063, spacing=0.022000709645559887, CF order=8
  error tolerance: rtol=0.001, atol=1e-05
Testing N_win=1063 N_cf=7
Windowing:
  config: # windows=1063, spacing=0.022000709645559887, CF order=7
  error tolerance: rtol=0.001, atol=1e-05
Testing N_win=1063 N_cf=6
Windowing:
  config: # windows=1063, spacing=0.022000709645559887, CF order=6
  error tolerance: rtol=0.001, atol=1e-05
Testing N_win=1063 N_cf=5
Windowing:
  config: # windows=1063, spacing=0.022000709645559887, CF order=5
  error tolerance: rtol=0.001, atol=1e-05
Testing N_win=1063 N_cf=4
Windowing:
  config: # windows=1063, spacing=0.022000709645559887, CF order=4
  error tolerance: rtol=0.001, atol=1e-05
Testing N_win=1063 N_cf=3
Windowing:
  config: # windows=1063, spacing=0.022000709645559887, CF order=3
  error tolerance: rtol=0.001, atol=1e-05
Failed: Pure curvefit failed for the first window!
Testing N_win=1167 N_cf=10
Windowing:
  config: # windows=1167, spacing=0.020040063713136384, CF order=10
  error tolerance: rtol=0.001, atol=1e-05
Testing N_win=1167 N_cf=9
Windowing:
  config: # windows=1167, spacing=0.020040063713136384, CF order=9
  error tolerance: rtol=0.001, atol=1e-05
Testing N_win=1167 N_cf=8
Windowing:
  config: # windows=1167, spacing=0.020040063713136384, CF order=8
  error tolerance: rtol=0.001, atol=1e-05
Testing N_win=1167 N_cf=7
Windowing:
  config: # windows=1167, spacing=0.020040063713136384, CF order=7
  error tolerance: rtol=0.001, atol=1e-05
Testing N_win=1167 N_cf=6
Windowing:
  config: # windows=1167, spacing=0.020040063713136384, CF order=6
  error tolerance: rtol=0.001, atol=1e-05
Testing N_win=1167 N_cf=5
Windowing:
  config: # windows=1167, spacing=0.020040063713136384, CF order=5
  error tolerance: rtol=0.001, atol=1e-05
Testing N_win=1167 N_cf=4
Windowing:
  config: # windows=1167, spacing=0.020040063713136384, CF order=4
  error tolerance: rtol=0.001, atol=1e-05
Testing N_win=1167 N_cf=3
Windowing:
  config: # windows=1167, spacing=0.020040063713136384, CF order=3
  error tolerance: rtol=0.001, atol=1e-05
Failed: Pure curvefit failed for the first window!
Testing N_win=1271 N_cf=10
Windowing:
  config: # windows=1271, spacing=0.018400278798764876, CF order=10
  error tolerance: rtol=0.001, atol=1e-05
Testing N_win=1271 N_cf=9
Windowing:
  config: # windows=1271, spacing=0.018400278798764876, CF order=9
  error tolerance: rtol=0.001, atol=1e-05
Testing N_win=1271 N_cf=8
Windowing:
  config: # windows=1271, spacing=0.018400278798764876, CF order=8
  error tolerance: rtol=0.001, atol=1e-05
Testing N_win=1271 N_cf=7
Windowing:
  config: # windows=1271, spacing=0.018400278798764876, CF order=7
  error tolerance: rtol=0.001, atol=1e-05
Testing N_win=1271 N_cf=6
Windowing:
  config: # windows=1271, spacing=0.018400278798764876, CF order=6
  error tolerance: rtol=0.001, atol=1e-05
Testing N_win=1271 N_cf=5
Windowing:
  config: # windows=1271, spacing=0.018400278798764876, CF order=5
  error tolerance: rtol=0.001, atol=1e-05
Testing N_win=1271 N_cf=4
Windowing:
  config: # windows=1271, spacing=0.018400278798764876, CF order=4
  error tolerance: rtol=0.001, atol=1e-05
Testing N_win=1271 N_cf=3
Windowing:
  config: # windows=1271, spacing=0.018400278798764876, CF order=3
  error tolerance: rtol=0.001, atol=1e-05
Failed: Pure curvefit failed for the first window!
Testing N_win=1375 N_cf=10
Windowing:
  config: # windows=1375, spacing=0.017008548620531024, CF order=10
  error tolerance: rtol=0.001, atol=1e-05
Testing N_win=1375 N_cf=9
Windowing:
  config: # windows=1375, spacing=0.017008548620531024, CF order=9
  error tolerance: rtol=0.001, atol=1e-05
Testing N_win=1375 N_cf=8
Windowing:
  config: # windows=1375, spacing=0.017008548620531024, CF order=8
  error tolerance: rtol=0.001, atol=1e-05
Testing N_win=1375 N_cf=7
Windowing:
  config: # windows=1375, spacing=0.017008548620531024, CF order=7
  error tolerance: rtol=0.001, atol=1e-05
Testing N_win=1375 N_cf=6
Windowing:
  config: # windows=1375, spacing=0.017008548620531024, CF order=6
  error tolerance: rtol=0.001, atol=1e-05
Testing N_win=1375 N_cf=5
Windowing:
  config: # windows=1375, spacing=0.017008548620531024, CF order=5
  error tolerance: rtol=0.001, atol=1e-05
Testing N_win=1375 N_cf=4
Windowing:
  config: # windows=1375, spacing=0.017008548620531024, CF order=4
  error tolerance: rtol=0.001, atol=1e-05
Testing N_win=1375 N_cf=3
Windowing:
  config: # windows=1375, spacing=0.017008548620531024, CF order=3
  error tolerance: rtol=0.001, atol=1e-05
Failed: Pure curvefit failed for the first window!
Testing N_win=1479 N_cf=10
Windowing:
  config: # windows=1479, spacing=0.01581254520164311, CF order=10
  error tolerance: rtol=0.001, atol=1e-05
Testing N_win=1479 N_cf=9
Windowing:
  config: # windows=1479, spacing=0.01581254520164311, CF order=9
  error tolerance: rtol=0.001, atol=1e-05
Testing N_win=1479 N_cf=8
Windowing:
  config: # windows=1479, spacing=0.01581254520164311, CF order=8
  error tolerance: rtol=0.001, atol=1e-05
Testing N_win=1479 N_cf=7
Windowing:
  config: # windows=1479, spacing=0.01581254520164311, CF order=7
  error tolerance: rtol=0.001, atol=1e-05
Testing N_win=1479 N_cf=6
Windowing:
  config: # windows=1479, spacing=0.01581254520164311, CF order=6
  error tolerance: rtol=0.001, atol=1e-05
Testing N_win=1479 N_cf=5
Windowing:
  config: # windows=1479, spacing=0.01581254520164311, CF order=5
  error tolerance: rtol=0.001, atol=1e-05
Testing N_win=1479 N_cf=4
Windowing:
  config: # windows=1479, spacing=0.01581254520164311, CF order=4
  error tolerance: rtol=0.001, atol=1e-05
Testing N_win=1479 N_cf=3
Windowing:
  config: # windows=1479, spacing=0.01581254520164311, CF order=3
  error tolerance: rtol=0.001, atol=1e-05
Failed: Pure curvefit failed for the first window!
Testing N_win=1583 N_cf=10
Windowing:
  config: # windows=1583, spacing=0.014773691947713304, CF order=10
  error tolerance: rtol=0.001, atol=1e-05
Testing N_win=1583 N_cf=9
Windowing:
  config: # windows=1583, spacing=0.014773691947713304, CF order=9
  error tolerance: rtol=0.001, atol=1e-05
Testing N_win=1583 N_cf=8
Windowing:
  config: # windows=1583, spacing=0.014773691947713304, CF order=8
  error tolerance: rtol=0.001, atol=1e-05
Testing N_win=1583 N_cf=7
Windowing:
  config: # windows=1583, spacing=0.014773691947713304, CF order=7
  error tolerance: rtol=0.001, atol=1e-05
Testing N_win=1583 N_cf=6
Windowing:
  config: # windows=1583, spacing=0.014773691947713304, CF order=6
  error tolerance: rtol=0.001, atol=1e-05
Testing N_win=1583 N_cf=5
Windowing:
  config: # windows=1583, spacing=0.014773691947713304, CF order=5
  error tolerance: rtol=0.001, atol=1e-05
Testing N_win=1583 N_cf=4
Windowing:
  config: # windows=1583, spacing=0.014773691947713304, CF order=4
  error tolerance: rtol=0.001, atol=1e-05
Testing N_win=1583 N_cf=3
Windowing:
  config: # windows=1583, spacing=0.014773691947713304, CF order=3
  error tolerance: rtol=0.001, atol=1e-05
Failed: Pure curvefit failed for the first window!
Testing N_win=1687 N_cf=10
Windowing:
  config: # windows=1687, spacing=0.013862924927818708, CF order=10
  error tolerance: rtol=0.001, atol=1e-05
Testing N_win=1687 N_cf=9
Windowing:
  config: # windows=1687, spacing=0.013862924927818708, CF order=9
  error tolerance: rtol=0.001, atol=1e-05
Testing N_win=1687 N_cf=8
Windowing:
  config: # windows=1687, spacing=0.013862924927818708, CF order=8
  error tolerance: rtol=0.001, atol=1e-05
Testing N_win=1687 N_cf=7
Windowing:
  config: # windows=1687, spacing=0.013862924927818708, CF order=7
  error tolerance: rtol=0.001, atol=1e-05
Testing N_win=1687 N_cf=6
Windowing:
  config: # windows=1687, spacing=0.013862924927818708, CF order=6
  error tolerance: rtol=0.001, atol=1e-05
Testing N_win=1687 N_cf=5
Windowing:
  config: # windows=1687, spacing=0.013862924927818708, CF order=5
  error tolerance: rtol=0.001, atol=1e-05
Testing N_win=1687 N_cf=4
Windowing:
  config: # windows=1687, spacing=0.013862924927818708, CF order=4
  error tolerance: rtol=0.001, atol=1e-05
Testing N_win=1687 N_cf=3
Windowing:
  config: # windows=1687, spacing=0.013862924927818708, CF order=3
  error tolerance: rtol=0.001, atol=1e-05
Failed: Pure curvefit failed for the first window!
Testing N_win=1791 N_cf=10
Windowing:
  config: # windows=1791, spacing=0.013057930962160893, CF order=10
  error tolerance: rtol=0.001, atol=1e-05
Testing N_win=1791 N_cf=9
Windowing:
  config: # windows=1791, spacing=0.013057930962160893, CF order=9
  error tolerance: rtol=0.001, atol=1e-05
Testing N_win=1791 N_cf=8
Windowing:
  config: # windows=1791, spacing=0.013057930962160893, CF order=8
  error tolerance: rtol=0.001, atol=1e-05
Testing N_win=1791 N_cf=7
Windowing:
  config: # windows=1791, spacing=0.013057930962160893, CF order=7
  error tolerance: rtol=0.001, atol=1e-05
Testing N_win=1791 N_cf=6
Windowing:
  config: # windows=1791, spacing=0.013057930962160893, CF order=6
  error tolerance: rtol=0.001, atol=1e-05
Testing N_win=1791 N_cf=5
Windowing:
  config: # windows=1791, spacing=0.013057930962160893, CF order=5
  error tolerance: rtol=0.001, atol=1e-05
Testing N_win=1791 N_cf=4
Windowing:
  config: # windows=1791, spacing=0.013057930962160893, CF order=4
  error tolerance: rtol=0.001, atol=1e-05
Testing N_win=1791 N_cf=3
Windowing:
  config: # windows=1791, spacing=0.013057930962160893, CF order=3
  error tolerance: rtol=0.001, atol=1e-05
Failed: Pure curvefit failed for the first window!
Testing N_win=1895 N_cf=10
Windowing:
  config: # windows=1895, spacing=0.012341295173208528, CF order=10
  error tolerance: rtol=0.001, atol=1e-05
Testing N_win=1895 N_cf=9
Windowing:
  config: # windows=1895, spacing=0.012341295173208528, CF order=9
  error tolerance: rtol=0.001, atol=1e-05
Testing N_win=1895 N_cf=8
Windowing:
  config: # windows=1895, spacing=0.012341295173208528, CF order=8
  error tolerance: rtol=0.001, atol=1e-05
Testing N_win=1895 N_cf=7
Windowing:
  config: # windows=1895, spacing=0.012341295173208528, CF order=7
  error tolerance: rtol=0.001, atol=1e-05
Testing N_win=1895 N_cf=6
Windowing:
  config: # windows=1895, spacing=0.012341295173208528, CF order=6
  error tolerance: rtol=0.001, atol=1e-05
Testing N_win=1895 N_cf=5
Windowing:
  config: # windows=1895, spacing=0.012341295173208528, CF order=5
  error tolerance: rtol=0.001, atol=1e-05
Testing N_win=1895 N_cf=4
Windowing:
  config: # windows=1895, spacing=0.012341295173208528, CF order=4
  error tolerance: rtol=0.001, atol=1e-05
Testing N_win=1895 N_cf=3
Windowing:
  config: # windows=1895, spacing=0.012341295173208528, CF order=3
  error tolerance: rtol=0.001, atol=1e-05
Failed: Pure curvefit failed for the first window!
Testing N_win=2000 N_cf=10
Windowing:
  config: # windows=2000, spacing=0.01169337717661508, CF order=10
  error tolerance: rtol=0.001, atol=1e-05
Testing N_win=2000 N_cf=9
Windowing:
  config: # windows=2000, spacing=0.01169337717661508, CF order=9
  error tolerance: rtol=0.001, atol=1e-05
Testing N_win=2000 N_cf=8
Windowing:
  config: # windows=2000, spacing=0.01169337717661508, CF order=8
  error tolerance: rtol=0.001, atol=1e-05
Testing N_win=2000 N_cf=7
Windowing:
  config: # windows=2000, spacing=0.01169337717661508, CF order=7
  error tolerance: rtol=0.001, atol=1e-05
Testing N_win=2000 N_cf=6
Windowing:
  config: # windows=2000, spacing=0.01169337717661508, CF order=6
  error tolerance: rtol=0.001, atol=1e-05
Testing N_win=2000 N_cf=5
Windowing:
  config: # windows=2000, spacing=0.01169337717661508, CF order=5
  error tolerance: rtol=0.001, atol=1e-05
Testing N_win=2000 N_cf=4
Windowing:
  config: # windows=2000, spacing=0.01169337717661508, CF order=4
  error tolerance: rtol=0.001, atol=1e-05
Testing N_win=2000 N_cf=3
Windowing:
  config: # windows=2000, spacing=0.01169337717661508, CF order=3
  error tolerance: rtol=0.001, atol=1e-05
Failed: Pure curvefit failed for the first window!
Final library: 302 poles, 543 windows, 5.7 poles per window, 4 CF order
