Running NJOY to get 0K point-wise data (error=0.0005)...
Parsing cross sections within resolved resonance range...
  MTs: [2, 27, 102, 103, 107]
  Energy range: 1.000e-05 to 5.000e+04 eV (22026 points)
Vector fitting piece 1/11...
  energy: 1.000e-05 to 4.274e+02 eV (1207 points)
  error tolerance: rtol=0.001, atol=1e-05
Found 0 peaks
Fitting orders from 2 to 200
Order=2(0/100)
Order=4(1/100)
Order=6(2/100)
Order=8(3/100)
Order=10(4/100)
Order=12(5/100)
Order=14(6/100)
Order=16(7/100)
Order=18(8/100)
Order=20(9/100)
Order=22(10/100)
Order=24(11/100)
Order=26(12/100)
Order=28(13/100)
Order=30(14/100)
Order=32(15/100)
Order=34(16/100)
Order=36(17/100)
Order=38(18/100)
Order=40(19/100)
Order=42(20/100)
Order=44(21/100)
Order=46(22/100)
Order=48(23/100)
Order=50(24/100)
Order=52(25/100)
Order=54(26/100)
Order=56(27/100)
Order=58(28/100)
Order=60(29/100)
Order=62(30/100)
Order=64(31/100)
Order=66(32/100)
Order=68(33/100)
Order=70(34/100)
Order=72(35/100)
Order=74(36/100)
Order=76(37/100)
Order=78(38/100)
Found 1 real poles and 50 conjugate complex pairs.
Final number of poles: 51
Saved figure: WMP_Lib/Pb204/0-427_MT2.png
Saved figure: WMP_Lib/Pb204/0-427_MT27.png
Saved figure: WMP_Lib/Pb204/0-427_MT102.png
Saved figure: WMP_Lib/Pb204/0-427_MT103.png
Saved figure: WMP_Lib/Pb204/0-427_MT107.png
Vector fitting piece 2/11...
  energy: 1.000e+02 to 1.665e+03 eV (1408 points)
  error tolerance: rtol=0.001, atol=1e-05
Found 2 peaks
Fitting orders from 4 to 200
Order=4(0/99)
Order=6(1/99)
Order=8(2/99)
Order=10(3/99)
Order=12(4/99)
Order=14(5/99)
Order=16(6/99)
Order=18(7/99)
Order=20(8/99)
Order=22(9/99)
Order=24(10/99)
Order=26(11/99)
Order=28(12/99)
Order=30(13/99)
Order=32(14/99)
Order=34(15/99)
Order=36(16/99)
Order=38(17/99)
Order=40(18/99)
Order=42(19/99)
Order=44(20/99)
Order=46(21/99)
Order=48(22/99)
Order=50(23/99)
Order=52(24/99)
Order=54(25/99)
Order=56(26/99)
Order=58(27/99)
Order=60(28/99)
Found 2 real poles and 4 conjugate complex pairs.
Final number of poles: 6
Saved figure: WMP_Lib/Pb204/100-1665_MT2.png
Saved figure: WMP_Lib/Pb204/100-1665_MT27.png
Saved figure: WMP_Lib/Pb204/100-1665_MT102.png
Saved figure: WMP_Lib/Pb204/100-1665_MT103.png
Saved figure: WMP_Lib/Pb204/100-1665_MT107.png
Vector fitting piece 3/11...
  energy: 9.209e+02 to 3.746e+03 eV (2231 points)
  error tolerance: rtol=0.001, atol=1e-05
Found 4 peaks
Fitting orders from 8 to 200
Order=8(0/97)
Order=10(1/97)
Order=12(2/97)
Order=14(3/97)
Order=16(4/97)
Order=18(5/97)
Order=20(6/97)
Order=22(7/97)
Order=24(8/97)
Order=26(9/97)
Order=28(10/97)
Order=30(11/97)
Order=32(12/97)
Order=34(13/97)
Order=36(14/97)
Order=38(15/97)
Order=40(16/97)
Order=42(17/97)
Order=44(18/97)
Order=46(19/97)
Order=48(20/97)
Order=50(21/97)
Order=52(22/97)
Order=54(23/97)
Order=56(24/97)
Order=58(25/97)
Order=60(26/97)
Found 1 real poles and 6 conjugate complex pairs.
Final number of poles: 7
Saved figure: WMP_Lib/Pb204/921-3746_MT2.png
Saved figure: WMP_Lib/Pb204/921-3746_MT27.png
Saved figure: WMP_Lib/Pb204/921-3746_MT102.png
Saved figure: WMP_Lib/Pb204/921-3746_MT103.png
Saved figure: WMP_Lib/Pb204/921-3746_MT107.png
Vector fitting piece 4/11...
  energy: 2.568e+03 to 6.637e+03 eV (1611 points)
  error tolerance: rtol=0.001, atol=1e-05
Found 4 peaks
Fitting orders from 8 to 200
Order=8(0/97)
Order=10(1/97)
Order=12(2/97)
Order=14(3/97)
Order=16(4/97)
Order=18(5/97)
Order=20(6/97)
Order=22(7/97)
Order=24(8/97)
Order=26(9/97)
Order=28(10/97)
Order=30(11/97)
Order=32(12/97)
Order=34(13/97)
Order=36(14/97)
Order=38(15/97)
Order=40(16/97)
Order=42(17/97)
Order=44(18/97)
Order=46(19/97)
Order=48(20/97)
Order=50(21/97)
Order=52(22/97)
Order=54(23/97)
Order=56(24/97)
Order=58(25/97)
Order=60(26/97)
Found 4 real poles and 6 conjugate complex pairs.
Final number of poles: 10
Saved figure: WMP_Lib/Pb204/2568-6637_MT2.png
Saved figure: WMP_Lib/Pb204/2568-6637_MT27.png
Saved figure: WMP_Lib/Pb204/2568-6637_MT102.png
Saved figure: WMP_Lib/Pb204/2568-6637_MT103.png
Saved figure: WMP_Lib/Pb204/2568-6637_MT107.png
Vector fitting piece 5/11...
  energy: 5.027e+03 to 1.038e+04 eV (1956 points)
  error tolerance: rtol=0.001, atol=1e-05
Found 4 peaks
Fitting orders from 8 to 200
Order=8(0/97)
Order=10(1/97)
Order=12(2/97)
Order=14(3/97)
Order=16(4/97)
Order=18(5/97)
Order=20(6/97)
Order=22(7/97)
Order=24(8/97)
Order=26(9/97)
Order=28(10/97)
Order=30(11/97)
Order=32(12/97)
Order=34(13/97)
Order=36(14/97)
Order=38(15/97)
Order=40(16/97)
Order=42(17/97)
Order=44(18/97)
Order=46(19/97)
Order=48(20/97)
Order=50(21/97)
Order=52(22/97)
Order=54(23/97)
Order=56(24/97)
Order=58(25/97)
Order=60(26/97)
Found 2 real poles and 6 conjugate complex pairs.
Final number of poles: 8
Saved figure: WMP_Lib/Pb204/5027-10382_MT2.png
Saved figure: WMP_Lib/Pb204/5027-10382_MT27.png
Saved figure: WMP_Lib/Pb204/5027-10382_MT102.png
Saved figure: WMP_Lib/Pb204/5027-10382_MT103.png
Saved figure: WMP_Lib/Pb204/5027-10382_MT107.png
Vector fitting piece 6/11...
  energy: 8.341e+03 to 1.492e+04 eV (2663 points)
  error tolerance: rtol=0.001, atol=1e-05
Found 7 peaks
Fitting orders from 14 to 200
Order=14(0/94)
Order=16(1/94)
Order=18(2/94)
Order=20(3/94)
Order=22(4/94)
Order=24(5/94)
Order=26(6/94)
Order=28(7/94)
Order=30(8/94)
Order=32(9/94)
Order=34(10/94)
Order=36(11/94)
Order=38(12/94)
Order=40(13/94)
Order=42(14/94)
Order=44(15/94)
Order=46(16/94)
Order=48(17/94)
Order=50(18/94)
Order=52(19/94)
Order=54(20/94)
Order=56(21/94)
Order=58(22/94)
Order=60(23/94)
Found 1 real poles and 10 conjugate complex pairs.
Final number of poles: 11
Saved figure: WMP_Lib/Pb204/8341-14915_MT2.png
Saved figure: WMP_Lib/Pb204/8341-14915_MT27.png
Saved figure: WMP_Lib/Pb204/8341-14915_MT102.png
Saved figure: WMP_Lib/Pb204/8341-14915_MT103.png
Saved figure: WMP_Lib/Pb204/8341-14915_MT107.png
Vector fitting piece 7/11...
  energy: 1.247e+04 to 2.031e+04 eV (3233 points)
  error tolerance: rtol=0.001, atol=1e-05
Found 9 peaks
Fitting orders from 18 to 200
Order=18(0/92)
Order=20(1/92)
Order=22(2/92)
Order=24(3/92)
Order=26(4/92)
Order=28(5/92)
Order=30(6/92)
Order=32(7/92)
Order=34(8/92)
Order=36(9/92)
Order=38(10/92)
Order=40(11/92)
Order=42(12/92)
Order=44(13/92)
Order=46(14/92)
Order=48(15/92)
Order=50(16/92)
Order=52(17/92)
Order=54(18/92)
Order=56(19/92)
Order=58(20/92)
Order=60(21/92)
Found 2 real poles and 10 conjugate complex pairs.
Final number of poles: 12
Saved figure: WMP_Lib/Pb204/12468-20313_MT2.png
Saved figure: WMP_Lib/Pb204/12468-20313_MT27.png
Saved figure: WMP_Lib/Pb204/12468-20313_MT102.png
Saved figure: WMP_Lib/Pb204/12468-20313_MT103.png
Saved figure: WMP_Lib/Pb204/12468-20313_MT107.png
Vector fitting piece 8/11...
  energy: 1.742e+04 to 2.653e+04 eV (3714 points)
  error tolerance: rtol=0.001, atol=1e-05
Found 12 peaks
Fitting orders from 24 to 200
Order=24(0/89)
Order=26(1/89)
Order=28(2/89)
Order=30(3/89)
Order=32(4/89)
Order=34(5/89)
Order=36(6/89)
Order=38(7/89)
Order=40(8/89)
Order=42(9/89)
Order=44(10/89)
Order=46(11/89)
Order=48(12/89)
Order=50(13/89)
Order=52(14/89)
Order=54(15/89)
Order=56(16/89)
Order=58(17/89)
Order=60(18/89)
Found 2 real poles and 13 conjugate complex pairs.
Final number of poles: 15
Saved figure: WMP_Lib/Pb204/17420-26529_MT2.png
Saved figure: WMP_Lib/Pb204/17420-26529_MT27.png
Saved figure: WMP_Lib/Pb204/17420-26529_MT102.png
Saved figure: WMP_Lib/Pb204/17420-26529_MT103.png
Saved figure: WMP_Lib/Pb204/17420-26529_MT107.png
Vector fitting piece 9/11...
  energy: 2.320e+04 to 3.353e+04 eV (3813 points)
  error tolerance: rtol=0.001, atol=1e-05
Found 13 peaks
Fitting orders from 26 to 200
Order=26(0/88)
Order=28(1/88)
Order=30(2/88)
Order=32(3/88)
Order=34(4/88)
Order=36(5/88)
Order=38(6/88)
Order=40(7/88)
Order=42(8/88)
Order=44(9/88)
Order=46(10/88)
Order=48(11/88)
Order=50(12/88)
Order=52(13/88)
Order=54(14/88)
Order=56(15/88)
Order=58(16/88)
Order=60(17/88)
Found 6 real poles and 13 conjugate complex pairs.
Final number of poles: 19
Saved figure: WMP_Lib/Pb204/23199-33529_MT2.png
Saved figure: WMP_Lib/Pb204/23199-33529_MT27.png
Saved figure: WMP_Lib/Pb204/23199-33529_MT102.png
Saved figure: WMP_Lib/Pb204/23199-33529_MT103.png
Saved figure: WMP_Lib/Pb204/23199-33529_MT107.png
Vector fitting piece 10/11...
  energy: 2.980e+04 to 4.140e+04 eV (3691 points)
  error tolerance: rtol=0.001, atol=1e-05
Found 14 peaks
Fitting orders from 28 to 200
Order=28(0/87)
Order=30(1/87)
Order=32(2/87)
Order=34(3/87)
Order=36(4/87)
Order=38(5/87)
Order=40(6/87)
Order=42(7/87)
Order=44(8/87)
Order=46(9/87)
Order=48(10/87)
Order=50(11/87)
Order=52(12/87)
Order=54(13/87)
Order=56(14/87)
Order=58(15/87)
Order=60(16/87)
Found 6 real poles and 14 conjugate complex pairs.
Final number of poles: 20
Saved figure: WMP_Lib/Pb204/29801-41397_MT2.png
Saved figure: WMP_Lib/Pb204/29801-41397_MT27.png
Saved figure: WMP_Lib/Pb204/29801-41397_MT102.png
Saved figure: WMP_Lib/Pb204/29801-41397_MT103.png
Saved figure: WMP_Lib/Pb204/29801-41397_MT107.png
Vector fitting piece 11/11...
  energy: 3.722e+04 to 5.000e+04 eV (5708 points)
  error tolerance: rtol=0.001, atol=1e-05
Found 22 peaks
Fitting orders from 44 to 200
Order=44(0/79)
Order=46(1/79)
Order=48(2/79)
Order=50(3/79)
Order=52(4/79)
Order=54(5/79)
Order=56(6/79)
Order=58(7/79)
Order=60(8/79)
Found 4 real poles and 22 conjugate complex pairs.
Final number of poles: 26
Saved figure: WMP_Lib/Pb204/37221-50000_MT2.png
Saved figure: WMP_Lib/Pb204/37221-50000_MT27.png
Saved figure: WMP_Lib/Pb204/37221-50000_MT102.png
Saved figure: WMP_Lib/Pb204/37221-50000_MT103.png
Saved figure: WMP_Lib/Pb204/37221-50000_MT107.png
Dumped multipole data to file: WMP_Lib/Pb204/Pb204_mp.pickle
Start searching ...
Testing N_win=9 N_cf=10
Failed: Window spacing cannot be larger than piece spacing.
Testing N_win=113 N_cf=10
Windowing:
  config: # windows=113, spacing=1.9787930363861759, CF order=10
  error tolerance: rtol=0.001, atol=1e-05
Best library so far.
Testing N_win=113 N_cf=9
Windowing:
  config: # windows=113, spacing=1.9787930363861759, CF order=9
  error tolerance: rtol=0.001, atol=1e-05
Best library so far.
Testing N_win=113 N_cf=8
Windowing:
  config: # windows=113, spacing=1.9787930363861759, CF order=8
  error tolerance: rtol=0.001, atol=1e-05
Best library so far.
Testing N_win=113 N_cf=7
Windowing:
  config: # windows=113, spacing=1.9787930363861759, CF order=7
  error tolerance: rtol=0.001, atol=1e-05
Best library so far.
Testing N_win=113 N_cf=6
Windowing:
  config: # windows=113, spacing=1.9787930363861759, CF order=6
  error tolerance: rtol=0.001, atol=1e-05
Best library so far.
Testing N_win=113 N_cf=5
Windowing:
  config: # windows=113, spacing=1.9787930363861759, CF order=5
  error tolerance: rtol=0.001, atol=1e-05
Best library so far.
Testing N_win=113 N_cf=4
Windowing:
  config: # windows=113, spacing=1.9787930363861759, CF order=4
  error tolerance: rtol=0.001, atol=1e-05
Best library so far.
Testing N_win=113 N_cf=3
Windowing:
  config: # windows=113, spacing=1.9787930363861759, CF order=3
  error tolerance: rtol=0.001, atol=1e-05
Best library so far.
Testing N_win=113 N_cf=2
Windowing:
  config: # windows=113, spacing=1.9787930363861759, CF order=2
  error tolerance: rtol=0.001, atol=1e-05
Failed: Pure curvefit failed for the first window!
Testing N_win=218 N_cf=10
Windowing:
  config: # windows=218, spacing=1.0257046473010911, CF order=10
  error tolerance: rtol=0.001, atol=1e-05
Best library so far.
Testing N_win=218 N_cf=9
Windowing:
  config: # windows=218, spacing=1.0257046473010911, CF order=9
  error tolerance: rtol=0.001, atol=1e-05
Best library so far.
Testing N_win=218 N_cf=8
Windowing:
  config: # windows=218, spacing=1.0257046473010911, CF order=8
  error tolerance: rtol=0.001, atol=1e-05
Best library so far.
Testing N_win=218 N_cf=7
Windowing:
  config: # windows=218, spacing=1.0257046473010911, CF order=7
  error tolerance: rtol=0.001, atol=1e-05
Best library so far.
Testing N_win=218 N_cf=6
Windowing:
  config: # windows=218, spacing=1.0257046473010911, CF order=6
  error tolerance: rtol=0.001, atol=1e-05
Best library so far.
Testing N_win=218 N_cf=5
Windowing:
  config: # windows=218, spacing=1.0257046473010911, CF order=5
  error tolerance: rtol=0.001, atol=1e-05
Best library so far.
Testing N_win=218 N_cf=4
Windowing:
  config: # windows=218, spacing=1.0257046473010911, CF order=4
  error tolerance: rtol=0.001, atol=1e-05
Best library so far.
Testing N_win=218 N_cf=3
Windowing:
  config: # windows=218, spacing=1.0257046473010911, CF order=3
  error tolerance: rtol=0.001, atol=1e-05
Best library so far.
Testing N_win=218 N_cf=2
Windowing:
  config: # windows=218, spacing=1.0257046473010911, CF order=2
  error tolerance: rtol=0.001, atol=1e-05
Best library so far.
Testing N_win=323 N_cf=10
Windowing:
  config: # windows=323, spacing=0.6922712480236467, CF order=10
  error tolerance: rtol=0.001, atol=1e-05
Testing N_win=323 N_cf=9
Windowing:
  config: # windows=323, spacing=0.6922712480236467, CF order=9
  error tolerance: rtol=0.001, atol=1e-05
Testing N_win=323 N_cf=8
Windowing:
  config: # windows=323, spacing=0.6922712480236467, CF order=8
  error tolerance: rtol=0.001, atol=1e-05
Testing N_win=323 N_cf=7
Windowing:
  config: # windows=323, spacing=0.6922712480236467, CF order=7
  error tolerance: rtol=0.001, atol=1e-05
Testing N_win=323 N_cf=6
Windowing:
  config: # windows=323, spacing=0.6922712480236467, CF order=6
  error tolerance: rtol=0.001, atol=1e-05
Best library so far.
Testing N_win=323 N_cf=5
Windowing:
  config: # windows=323, spacing=0.6922712480236467, CF order=5
  error tolerance: rtol=0.001, atol=1e-05
Best library so far.
Testing N_win=323 N_cf=4
Windowing:
  config: # windows=323, spacing=0.6922712480236467, CF order=4
  error tolerance: rtol=0.001, atol=1e-05
Best library so far.
Testing N_win=323 N_cf=3
Windowing:
  config: # windows=323, spacing=0.6922712480236467, CF order=3
  error tolerance: rtol=0.001, atol=1e-05
Best library so far.
Testing N_win=323 N_cf=2
Windowing:
  config: # windows=323, spacing=0.6922712480236467, CF order=2
  error tolerance: rtol=0.001, atol=1e-05
Best library so far.
Testing N_win=428 N_cf=10
Windowing:
  config: # windows=428, spacing=0.5224383483916774, CF order=10
  error tolerance: rtol=0.001, atol=1e-05
Testing N_win=428 N_cf=9
Windowing:
  config: # windows=428, spacing=0.5224383483916774, CF order=9
  error tolerance: rtol=0.001, atol=1e-05
Testing N_win=428 N_cf=8
Windowing:
  config: # windows=428, spacing=0.5224383483916774, CF order=8
  error tolerance: rtol=0.001, atol=1e-05
Testing N_win=428 N_cf=7
Windowing:
  config: # windows=428, spacing=0.5224383483916774, CF order=7
  error tolerance: rtol=0.001, atol=1e-05
Testing N_win=428 N_cf=6
Windowing:
  config: # windows=428, spacing=0.5224383483916774, CF order=6
  error tolerance: rtol=0.001, atol=1e-05
Testing N_win=428 N_cf=5
Windowing:
  config: # windows=428, spacing=0.5224383483916774, CF order=5
  error tolerance: rtol=0.001, atol=1e-05
Testing N_win=428 N_cf=4
Windowing:
  config: # windows=428, spacing=0.5224383483916774, CF order=4
  error tolerance: rtol=0.001, atol=1e-05
Testing N_win=428 N_cf=3
Windowing:
  config: # windows=428, spacing=0.5224383483916774, CF order=3
  error tolerance: rtol=0.001, atol=1e-05
Best library so far.
Testing N_win=428 N_cf=2
Windowing:
  config: # windows=428, spacing=0.5224383483916774, CF order=2
  error tolerance: rtol=0.001, atol=1e-05
Best library so far.
Testing N_win=532 N_cf=10
Windowing:
  config: # windows=532, spacing=0.42030754344292837, CF order=10
  error tolerance: rtol=0.001, atol=1e-05
Testing N_win=532 N_cf=9
Windowing:
  config: # windows=532, spacing=0.42030754344292837, CF order=9
  error tolerance: rtol=0.001, atol=1e-05
Testing N_win=532 N_cf=8
Windowing:
  config: # windows=532, spacing=0.42030754344292837, CF order=8
  error tolerance: rtol=0.001, atol=1e-05
Testing N_win=532 N_cf=7
Windowing:
  config: # windows=532, spacing=0.42030754344292837, CF order=7
  error tolerance: rtol=0.001, atol=1e-05
Testing N_win=532 N_cf=6
Windowing:
  config: # windows=532, spacing=0.42030754344292837, CF order=6
  error tolerance: rtol=0.001, atol=1e-05
Testing N_win=532 N_cf=5
Windowing:
  config: # windows=532, spacing=0.42030754344292837, CF order=5
  error tolerance: rtol=0.001, atol=1e-05
Testing N_win=532 N_cf=4
Windowing:
  config: # windows=532, spacing=0.42030754344292837, CF order=4
  error tolerance: rtol=0.001, atol=1e-05
Testing N_win=532 N_cf=3
Windowing:
  config: # windows=532, spacing=0.42030754344292837, CF order=3
  error tolerance: rtol=0.001, atol=1e-05
Testing N_win=532 N_cf=2
Windowing:
  config: # windows=532, spacing=0.42030754344292837, CF order=2
  error tolerance: rtol=0.001, atol=1e-05
Testing N_win=637 N_cf=10
Windowing:
  config: # windows=637, spacing=0.35102608023805004, CF order=10
  error tolerance: rtol=0.001, atol=1e-05
Testing N_win=637 N_cf=9
Windowing:
  config: # windows=637, spacing=0.35102608023805004, CF order=9
  error tolerance: rtol=0.001, atol=1e-05
Testing N_win=637 N_cf=8
Windowing:
  config: # windows=637, spacing=0.35102608023805004, CF order=8
  error tolerance: rtol=0.001, atol=1e-05
Testing N_win=637 N_cf=7
Windowing:
  config: # windows=637, spacing=0.35102608023805004, CF order=7
  error tolerance: rtol=0.001, atol=1e-05
Testing N_win=637 N_cf=6
Windowing:
  config: # windows=637, spacing=0.35102608023805004, CF order=6
  error tolerance: rtol=0.001, atol=1e-05
Testing N_win=637 N_cf=5
Windowing:
  config: # windows=637, spacing=0.35102608023805004, CF order=5
  error tolerance: rtol=0.001, atol=1e-05
Testing N_win=637 N_cf=4
Windowing:
  config: # windows=637, spacing=0.35102608023805004, CF order=4
  error tolerance: rtol=0.001, atol=1e-05
Testing N_win=637 N_cf=3
Windowing:
  config: # windows=637, spacing=0.35102608023805004, CF order=3
  error tolerance: rtol=0.001, atol=1e-05
Testing N_win=637 N_cf=2
Windowing:
  config: # windows=637, spacing=0.35102608023805004, CF order=2
  error tolerance: rtol=0.001, atol=1e-05
Testing N_win=742 N_cf=10
Windowing:
  config: # windows=742, spacing=0.3013525783175713, CF order=10
  error tolerance: rtol=0.001, atol=1e-05
Testing N_win=742 N_cf=9
Windowing:
  config: # windows=742, spacing=0.3013525783175713, CF order=9
  error tolerance: rtol=0.001, atol=1e-05
Testing N_win=742 N_cf=8
Windowing:
  config: # windows=742, spacing=0.3013525783175713, CF order=8
  error tolerance: rtol=0.001, atol=1e-05
Testing N_win=742 N_cf=7
Windowing:
  config: # windows=742, spacing=0.3013525783175713, CF order=7
  error tolerance: rtol=0.001, atol=1e-05
Testing N_win=742 N_cf=6
Windowing:
  config: # windows=742, spacing=0.3013525783175713, CF order=6
  error tolerance: rtol=0.001, atol=1e-05
Testing N_win=742 N_cf=5
Windowing:
  config: # windows=742, spacing=0.3013525783175713, CF order=5
  error tolerance: rtol=0.001, atol=1e-05
Testing N_win=742 N_cf=4
Windowing:
  config: # windows=742, spacing=0.3013525783175713, CF order=4
  error tolerance: rtol=0.001, atol=1e-05
Testing N_win=742 N_cf=3
Windowing:
  config: # windows=742, spacing=0.3013525783175713, CF order=3
  error tolerance: rtol=0.001, atol=1e-05
Testing N_win=742 N_cf=2
Windowing:
  config: # windows=742, spacing=0.3013525783175713, CF order=2
  error tolerance: rtol=0.001, atol=1e-05
Testing N_win=847 N_cf=10
Windowing:
  config: # windows=847, spacing=0.26399482067489716, CF order=10
  error tolerance: rtol=0.001, atol=1e-05
Testing N_win=847 N_cf=9
Windowing:
  config: # windows=847, spacing=0.26399482067489716, CF order=9
  error tolerance: rtol=0.001, atol=1e-05
Testing N_win=847 N_cf=8
Windowing:
  config: # windows=847, spacing=0.26399482067489716, CF order=8
  error tolerance: rtol=0.001, atol=1e-05
Testing N_win=847 N_cf=7
Windowing:
  config: # windows=847, spacing=0.26399482067489716, CF order=7
  error tolerance: rtol=0.001, atol=1e-05
Testing N_win=847 N_cf=6
Windowing:
  config: # windows=847, spacing=0.26399482067489716, CF order=6
  error tolerance: rtol=0.001, atol=1e-05
Testing N_win=847 N_cf=5
Windowing:
  config: # windows=847, spacing=0.26399482067489716, CF order=5
  error tolerance: rtol=0.001, atol=1e-05
Testing N_win=847 N_cf=4
Windowing:
  config: # windows=847, spacing=0.26399482067489716, CF order=4
  error tolerance: rtol=0.001, atol=1e-05
Testing N_win=847 N_cf=3
Windowing:
  config: # windows=847, spacing=0.26399482067489716, CF order=3
  error tolerance: rtol=0.001, atol=1e-05
Testing N_win=847 N_cf=2
Windowing:
  config: # windows=847, spacing=0.26399482067489716, CF order=2
  error tolerance: rtol=0.001, atol=1e-05
Testing N_win=952 N_cf=10
Windowing:
  config: # windows=952, spacing=0.23487774486516586, CF order=10
  error tolerance: rtol=0.001, atol=1e-05
Testing N_win=952 N_cf=9
Windowing:
  config: # windows=952, spacing=0.23487774486516586, CF order=9
  error tolerance: rtol=0.001, atol=1e-05
Testing N_win=952 N_cf=8
Windowing:
  config: # windows=952, spacing=0.23487774486516586, CF order=8
  error tolerance: rtol=0.001, atol=1e-05
Testing N_win=952 N_cf=7
Windowing:
  config: # windows=952, spacing=0.23487774486516586, CF order=7
  error tolerance: rtol=0.001, atol=1e-05
Testing N_win=952 N_cf=6
Windowing:
  config: # windows=952, spacing=0.23487774486516586, CF order=6
  error tolerance: rtol=0.001, atol=1e-05
Testing N_win=952 N_cf=5
Windowing:
  config: # windows=952, spacing=0.23487774486516586, CF order=5
  error tolerance: rtol=0.001, atol=1e-05
Testing N_win=952 N_cf=4
Windowing:
  config: # windows=952, spacing=0.23487774486516586, CF order=4
  error tolerance: rtol=0.001, atol=1e-05
Testing N_win=952 N_cf=3
Windowing:
  config: # windows=952, spacing=0.23487774486516586, CF order=3
  error tolerance: rtol=0.001, atol=1e-05
Testing N_win=952 N_cf=2
Windowing:
  config: # windows=952, spacing=0.23487774486516586, CF order=2
  error tolerance: rtol=0.001, atol=1e-05
Testing N_win=1056 N_cf=10
Windowing:
  config: # windows=1056, spacing=0.21174584574965707, CF order=10
  error tolerance: rtol=0.001, atol=1e-05
Testing N_win=1056 N_cf=9
Windowing:
  config: # windows=1056, spacing=0.21174584574965707, CF order=9
  error tolerance: rtol=0.001, atol=1e-05
Testing N_win=1056 N_cf=8
Windowing:
  config: # windows=1056, spacing=0.21174584574965707, CF order=8
  error tolerance: rtol=0.001, atol=1e-05
Testing N_win=1056 N_cf=7
Windowing:
  config: # windows=1056, spacing=0.21174584574965707, CF order=7
  error tolerance: rtol=0.001, atol=1e-05
Testing N_win=1056 N_cf=6
Windowing:
  config: # windows=1056, spacing=0.21174584574965707, CF order=6
  error tolerance: rtol=0.001, atol=1e-05
Testing N_win=1056 N_cf=5
Windowing:
  config: # windows=1056, spacing=0.21174584574965707, CF order=5
  error tolerance: rtol=0.001, atol=1e-05
Testing N_win=1056 N_cf=4
Windowing:
  config: # windows=1056, spacing=0.21174584574965707, CF order=4
  error tolerance: rtol=0.001, atol=1e-05
Testing N_win=1056 N_cf=3
Windowing:
  config: # windows=1056, spacing=0.21174584574965707, CF order=3
  error tolerance: rtol=0.001, atol=1e-05
Testing N_win=1056 N_cf=2
Windowing:
  config: # windows=1056, spacing=0.21174584574965707, CF order=2
  error tolerance: rtol=0.001, atol=1e-05
Testing N_win=1161 N_cf=10
Windowing:
  config: # windows=1161, spacing=0.1925957046611868, CF order=10
  error tolerance: rtol=0.001, atol=1e-05
Testing N_win=1161 N_cf=9
Windowing:
  config: # windows=1161, spacing=0.1925957046611868, CF order=9
  error tolerance: rtol=0.001, atol=1e-05
Testing N_win=1161 N_cf=8
Windowing:
  config: # windows=1161, spacing=0.1925957046611868, CF order=8
  error tolerance: rtol=0.001, atol=1e-05
Testing N_win=1161 N_cf=7
Windowing:
  config: # windows=1161, spacing=0.1925957046611868, CF order=7
  error tolerance: rtol=0.001, atol=1e-05
Testing N_win=1161 N_cf=6
Windowing:
  config: # windows=1161, spacing=0.1925957046611868, CF order=6
  error tolerance: rtol=0.001, atol=1e-05
Testing N_win=1161 N_cf=5
Windowing:
  config: # windows=1161, spacing=0.1925957046611868, CF order=5
  error tolerance: rtol=0.001, atol=1e-05
Testing N_win=1161 N_cf=4
Windowing:
  config: # windows=1161, spacing=0.1925957046611868, CF order=4
  error tolerance: rtol=0.001, atol=1e-05
Testing N_win=1161 N_cf=3
Windowing:
  config: # windows=1161, spacing=0.1925957046611868, CF order=3
  error tolerance: rtol=0.001, atol=1e-05
Testing N_win=1161 N_cf=2
Windowing:
  config: # windows=1161, spacing=0.1925957046611868, CF order=2
  error tolerance: rtol=0.001, atol=1e-05
Testing N_win=1266 N_cf=10
Windowing:
  config: # windows=1266, spacing=0.1766221272603775, CF order=10
  error tolerance: rtol=0.001, atol=1e-05
Testing N_win=1266 N_cf=9
Windowing:
  config: # windows=1266, spacing=0.1766221272603775, CF order=9
  error tolerance: rtol=0.001, atol=1e-05
Testing N_win=1266 N_cf=8
Windowing:
  config: # windows=1266, spacing=0.1766221272603775, CF order=8
  error tolerance: rtol=0.001, atol=1e-05
Testing N_win=1266 N_cf=7
Windowing:
  config: # windows=1266, spacing=0.1766221272603775, CF order=7
  error tolerance: rtol=0.001, atol=1e-05
Testing N_win=1266 N_cf=6
Windowing:
  config: # windows=1266, spacing=0.1766221272603775, CF order=6
  error tolerance: rtol=0.001, atol=1e-05
Testing N_win=1266 N_cf=5
Windowing:
  config: # windows=1266, spacing=0.1766221272603775, CF order=5
  error tolerance: rtol=0.001, atol=1e-05
Testing N_win=1266 N_cf=4
Windowing:
  config: # windows=1266, spacing=0.1766221272603775, CF order=4
  error tolerance: rtol=0.001, atol=1e-05
Testing N_win=1266 N_cf=3
Windowing:
  config: # windows=1266, spacing=0.1766221272603775, CF order=3
  error tolerance: rtol=0.001, atol=1e-05
Testing N_win=1266 N_cf=2
Windowing:
  config: # windows=1266, spacing=0.1766221272603775, CF order=2
  error tolerance: rtol=0.001, atol=1e-05
Testing N_win=1371 N_cf=10
Windowing:
  config: # windows=1371, spacing=0.16309526849864178, CF order=10
  error tolerance: rtol=0.001, atol=1e-05
Testing N_win=1371 N_cf=9
Windowing:
  config: # windows=1371, spacing=0.16309526849864178, CF order=9
  error tolerance: rtol=0.001, atol=1e-05
Testing N_win=1371 N_cf=8
Windowing:
  config: # windows=1371, spacing=0.16309526849864178, CF order=8
  error tolerance: rtol=0.001, atol=1e-05
Testing N_win=1371 N_cf=7
Windowing:
  config: # windows=1371, spacing=0.16309526849864178, CF order=7
  error tolerance: rtol=0.001, atol=1e-05
Testing N_win=1371 N_cf=6
Windowing:
  config: # windows=1371, spacing=0.16309526849864178, CF order=6
  error tolerance: rtol=0.001, atol=1e-05
Testing N_win=1371 N_cf=5
Windowing:
  config: # windows=1371, spacing=0.16309526849864178, CF order=5
  error tolerance: rtol=0.001, atol=1e-05
Testing N_win=1371 N_cf=4
Windowing:
  config: # windows=1371, spacing=0.16309526849864178, CF order=4
  error tolerance: rtol=0.001, atol=1e-05
Testing N_win=1371 N_cf=3
Windowing:
  config: # windows=1371, spacing=0.16309526849864178, CF order=3
  error tolerance: rtol=0.001, atol=1e-05
Testing N_win=1371 N_cf=2
Windowing:
  config: # windows=1371, spacing=0.16309526849864178, CF order=2
  error tolerance: rtol=0.001, atol=1e-05
Testing N_win=1476 N_cf=10
Windowing:
  config: # windows=1476, spacing=0.15149296281276278, CF order=10
  error tolerance: rtol=0.001, atol=1e-05
Testing N_win=1476 N_cf=9
Windowing:
  config: # windows=1476, spacing=0.15149296281276278, CF order=9
  error tolerance: rtol=0.001, atol=1e-05
Testing N_win=1476 N_cf=8
Windowing:
  config: # windows=1476, spacing=0.15149296281276278, CF order=8
  error tolerance: rtol=0.001, atol=1e-05
Testing N_win=1476 N_cf=7
Windowing:
  config: # windows=1476, spacing=0.15149296281276278, CF order=7
  error tolerance: rtol=0.001, atol=1e-05
Testing N_win=1476 N_cf=6
Windowing:
  config: # windows=1476, spacing=0.15149296281276278, CF order=6
  error tolerance: rtol=0.001, atol=1e-05
Testing N_win=1476 N_cf=5
Windowing:
  config: # windows=1476, spacing=0.15149296281276278, CF order=5
  error tolerance: rtol=0.001, atol=1e-05
Testing N_win=1476 N_cf=4
Windowing:
  config: # windows=1476, spacing=0.15149296281276278, CF order=4
  error tolerance: rtol=0.001, atol=1e-05
Testing N_win=1476 N_cf=3
Windowing:
  config: # windows=1476, spacing=0.15149296281276278, CF order=3
  error tolerance: rtol=0.001, atol=1e-05
Testing N_win=1476 N_cf=2
Windowing:
  config: # windows=1476, spacing=0.15149296281276278, CF order=2
  error tolerance: rtol=0.001, atol=1e-05
Testing N_win=1580 N_cf=10
Windowing:
  config: # windows=1580, spacing=0.1415212741212898, CF order=10
  error tolerance: rtol=0.001, atol=1e-05
Testing N_win=1580 N_cf=9
Windowing:
  config: # windows=1580, spacing=0.1415212741212898, CF order=9
  error tolerance: rtol=0.001, atol=1e-05
Testing N_win=1580 N_cf=8
Windowing:
  config: # windows=1580, spacing=0.1415212741212898, CF order=8
  error tolerance: rtol=0.001, atol=1e-05
Testing N_win=1580 N_cf=7
Windowing:
  config: # windows=1580, spacing=0.1415212741212898, CF order=7
  error tolerance: rtol=0.001, atol=1e-05
Testing N_win=1580 N_cf=6
Windowing:
  config: # windows=1580, spacing=0.1415212741212898, CF order=6
  error tolerance: rtol=0.001, atol=1e-05
Testing N_win=1580 N_cf=5
Windowing:
  config: # windows=1580, spacing=0.1415212741212898, CF order=5
  error tolerance: rtol=0.001, atol=1e-05
Testing N_win=1580 N_cf=4
Windowing:
  config: # windows=1580, spacing=0.1415212741212898, CF order=4
  error tolerance: rtol=0.001, atol=1e-05
Testing N_win=1580 N_cf=3
Windowing:
  config: # windows=1580, spacing=0.1415212741212898, CF order=3
  error tolerance: rtol=0.001, atol=1e-05
Testing N_win=1580 N_cf=2
Windowing:
  config: # windows=1580, spacing=0.1415212741212898, CF order=2
  error tolerance: rtol=0.001, atol=1e-05
Testing N_win=1685 N_cf=10
Windowing:
  config: # windows=1685, spacing=0.13270244101580883, CF order=10
  error tolerance: rtol=0.001, atol=1e-05
Testing N_win=1685 N_cf=9
Windowing:
  config: # windows=1685, spacing=0.13270244101580883, CF order=9
  error tolerance: rtol=0.001, atol=1e-05
Testing N_win=1685 N_cf=8
Windowing:
  config: # windows=1685, spacing=0.13270244101580883, CF order=8
  error tolerance: rtol=0.001, atol=1e-05
Testing N_win=1685 N_cf=7
Windowing:
  config: # windows=1685, spacing=0.13270244101580883, CF order=7
  error tolerance: rtol=0.001, atol=1e-05
Testing N_win=1685 N_cf=6
Windowing:
  config: # windows=1685, spacing=0.13270244101580883, CF order=6
  error tolerance: rtol=0.001, atol=1e-05
Testing N_win=1685 N_cf=5
Windowing:
  config: # windows=1685, spacing=0.13270244101580883, CF order=5
  error tolerance: rtol=0.001, atol=1e-05
Testing N_win=1685 N_cf=4
Windowing:
  config: # windows=1685, spacing=0.13270244101580883, CF order=4
  error tolerance: rtol=0.001, atol=1e-05
Testing N_win=1685 N_cf=3
Windowing:
  config: # windows=1685, spacing=0.13270244101580883, CF order=3
  error tolerance: rtol=0.001, atol=1e-05
Testing N_win=1685 N_cf=2
Windowing:
  config: # windows=1685, spacing=0.13270244101580883, CF order=2
  error tolerance: rtol=0.001, atol=1e-05
Testing N_win=1790 N_cf=10
Windowing:
  config: # windows=1790, spacing=0.12491821961544015, CF order=10
  error tolerance: rtol=0.001, atol=1e-05
Testing N_win=1790 N_cf=9
Windowing:
  config: # windows=1790, spacing=0.12491821961544015, CF order=9
  error tolerance: rtol=0.001, atol=1e-05
Testing N_win=1790 N_cf=8
Windowing:
  config: # windows=1790, spacing=0.12491821961544015, CF order=8
  error tolerance: rtol=0.001, atol=1e-05
Testing N_win=1790 N_cf=7
Windowing:
  config: # windows=1790, spacing=0.12491821961544015, CF order=7
  error tolerance: rtol=0.001, atol=1e-05
Testing N_win=1790 N_cf=6
Windowing:
  config: # windows=1790, spacing=0.12491821961544015, CF order=6
  error tolerance: rtol=0.001, atol=1e-05
Testing N_win=1790 N_cf=5
Windowing:
  config: # windows=1790, spacing=0.12491821961544015, CF order=5
  error tolerance: rtol=0.001, atol=1e-05
Testing N_win=1790 N_cf=4
Windowing:
  config: # windows=1790, spacing=0.12491821961544015, CF order=4
  error tolerance: rtol=0.001, atol=1e-05
Testing N_win=1790 N_cf=3
Windowing:
  config: # windows=1790, spacing=0.12491821961544015, CF order=3
  error tolerance: rtol=0.001, atol=1e-05
Testing N_win=1790 N_cf=2
Windowing:
  config: # windows=1790, spacing=0.12491821961544015, CF order=2
  error tolerance: rtol=0.001, atol=1e-05
Testing N_win=1895 N_cf=10
Windowing:
  config: # windows=1895, spacing=0.117996629610363, CF order=10
  error tolerance: rtol=0.001, atol=1e-05
Testing N_win=1895 N_cf=9
Windowing:
  config: # windows=1895, spacing=0.117996629610363, CF order=9
  error tolerance: rtol=0.001, atol=1e-05
Testing N_win=1895 N_cf=8
Windowing:
  config: # windows=1895, spacing=0.117996629610363, CF order=8
  error tolerance: rtol=0.001, atol=1e-05
Testing N_win=1895 N_cf=7
Windowing:
  config: # windows=1895, spacing=0.117996629610363, CF order=7
  error tolerance: rtol=0.001, atol=1e-05
Testing N_win=1895 N_cf=6
Windowing:
  config: # windows=1895, spacing=0.117996629610363, CF order=6
  error tolerance: rtol=0.001, atol=1e-05
Testing N_win=1895 N_cf=5
Windowing:
  config: # windows=1895, spacing=0.117996629610363, CF order=5
  error tolerance: rtol=0.001, atol=1e-05
Testing N_win=1895 N_cf=4
Windowing:
  config: # windows=1895, spacing=0.117996629610363, CF order=4
  error tolerance: rtol=0.001, atol=1e-05
Testing N_win=1895 N_cf=3
Windowing:
  config: # windows=1895, spacing=0.117996629610363, CF order=3
  error tolerance: rtol=0.001, atol=1e-05
Testing N_win=1895 N_cf=2
Windowing:
  config: # windows=1895, spacing=0.117996629610363, CF order=2
  error tolerance: rtol=0.001, atol=1e-05
Testing N_win=2000 N_cf=10
Windowing:
  config: # windows=2000, spacing=0.11180180655581894, CF order=10
  error tolerance: rtol=0.001, atol=1e-05
Testing N_win=2000 N_cf=9
Windowing:
  config: # windows=2000, spacing=0.11180180655581894, CF order=9
  error tolerance: rtol=0.001, atol=1e-05
Testing N_win=2000 N_cf=8
Windowing:
  config: # windows=2000, spacing=0.11180180655581894, CF order=8
  error tolerance: rtol=0.001, atol=1e-05
Testing N_win=2000 N_cf=7
Windowing:
  config: # windows=2000, spacing=0.11180180655581894, CF order=7
  error tolerance: rtol=0.001, atol=1e-05
Testing N_win=2000 N_cf=6
Windowing:
  config: # windows=2000, spacing=0.11180180655581894, CF order=6
  error tolerance: rtol=0.001, atol=1e-05
Testing N_win=2000 N_cf=5
Windowing:
  config: # windows=2000, spacing=0.11180180655581894, CF order=5
  error tolerance: rtol=0.001, atol=1e-05
Testing N_win=2000 N_cf=4
Windowing:
  config: # windows=2000, spacing=0.11180180655581894, CF order=4
  error tolerance: rtol=0.001, atol=1e-05
Testing N_win=2000 N_cf=3
Windowing:
  config: # windows=2000, spacing=0.11180180655581894, CF order=3
  error tolerance: rtol=0.001, atol=1e-05
Testing N_win=2000 N_cf=2
Windowing:
  config: # windows=2000, spacing=0.11180180655581894, CF order=2
  error tolerance: rtol=0.001, atol=1e-05
Final library: 91 poles, 428 windows, 1 poles per window, 2 CF order
