Running NJOY to get 0K point-wise data (error=0.0005)...
Parsing cross sections within resolved resonance range...
  MTs: [2, 27, 102, 103, 107]
  Energy range: 1.000e-05 to 2.008e+03 eV (34747 points)
Vector fitting piece 1/17...
  energy: 1.000e-05 to 7.891e+00 eV (895 points)
  error tolerance: rtol=0.001, atol=1e-05
Found 1 peaks
Fitting orders from 2 to 200
Order=2(0/100)
Order=4(1/100)
Order=6(2/100)
Order=8(3/100)
Found ideal results. Stop!
Found 4 real poles and 2 conjugate complex pairs.
Final number of poles: 6
Saved figure: WMP_Lib/Dy160/0-8_MT2.png
Saved figure: WMP_Lib/Dy160/0-8_MT27.png
Saved figure: WMP_Lib/Dy160/0-8_MT102.png
Vector fitting piece 2/17...
  energy: 1.336e+00 to 2.993e+01 eV (1686 points)
  error tolerance: rtol=0.001, atol=1e-05
Found 3 peaks
Fitting orders from 6 to 200
Order=6(0/98)
Order=8(1/98)
Order=10(2/98)
Order=12(3/98)
Order=14(4/98)
Order=16(5/98)
Order=18(6/98)
Order=20(7/98)
Order=22(8/98)
Order=24(9/98)
Order=26(10/98)
Order=28(11/98)
Order=30(12/98)
Order=32(13/98)
Order=34(14/98)
Order=36(15/98)
Order=38(16/98)
Order=40(17/98)
Order=42(18/98)
Order=44(19/98)
Order=46(20/98)
Order=48(21/98)
Order=50(22/98)
Order=52(23/98)
Order=54(24/98)
Order=56(25/98)
Order=58(26/98)
Order=60(27/98)
Found 2 real poles and 4 conjugate complex pairs.
Final number of poles: 6
Saved figure: WMP_Lib/Dy160/1-30_MT2.png
Saved figure: WMP_Lib/Dy160/1-30_MT27.png
Saved figure: WMP_Lib/Dy160/1-30_MT102.png
Vector fitting piece 3/17...
  energy: 1.436e+01 to 6.569e+01 eV (1209 points)
  error tolerance: rtol=0.001, atol=1e-05
Found 2 peaks
Fitting orders from 4 to 200
Order=4(0/99)
Order=6(1/99)
Order=8(2/99)
Order=10(3/99)
Order=12(4/99)
Order=14(5/99)
Order=16(6/99)
Order=18(7/99)
Order=20(8/99)
Order=22(9/99)
Order=24(10/99)
Order=26(11/99)
Order=28(12/99)
Order=30(13/99)
Order=32(14/99)
Order=34(15/99)
Order=36(16/99)
Order=38(17/99)
Order=40(18/99)
Order=42(19/99)
Order=44(20/99)
Order=46(21/99)
Order=48(22/99)
Order=50(23/99)
Order=52(24/99)
Order=54(25/99)
Order=56(26/99)
Order=58(27/99)
Order=60(28/99)
Found 4 real poles and 3 conjugate complex pairs.
Final number of poles: 7
Saved figure: WMP_Lib/Dy160/14-66_MT2.png
Saved figure: WMP_Lib/Dy160/14-66_MT27.png
Saved figure: WMP_Lib/Dy160/14-66_MT102.png
Vector fitting piece 4/17...
  energy: 4.130e+01 to 1.147e+02 eV (1441 points)
  error tolerance: rtol=0.001, atol=1e-05
Found 2 peaks
Fitting orders from 4 to 200
Order=4(0/99)
Order=6(1/99)
Order=8(2/99)
Order=10(3/99)
Order=12(4/99)
Order=14(5/99)
Order=16(6/99)
Order=18(7/99)
Order=20(8/99)
Order=22(9/99)
Order=24(10/99)
Order=26(11/99)
Order=28(12/99)
Order=30(13/99)
Order=32(14/99)
Order=34(15/99)
Order=36(16/99)
Order=38(17/99)
Order=40(18/99)
Order=42(19/99)
Order=44(20/99)
Order=46(21/99)
Order=48(22/99)
Order=50(23/99)
Order=52(24/99)
Order=54(25/99)
Order=56(26/99)
Order=58(27/99)
Order=60(28/99)
Found 2 real poles and 4 conjugate complex pairs.
Final number of poles: 6
Saved figure: WMP_Lib/Dy160/41-115_MT2.png
Saved figure: WMP_Lib/Dy160/41-115_MT27.png
Saved figure: WMP_Lib/Dy160/41-115_MT102.png
Vector fitting piece 5/17...
  energy: 8.218e+01 to 1.780e+02 eV (2717 points)
  error tolerance: rtol=0.001, atol=1e-05
Found 4 peaks
Fitting orders from 8 to 200
Order=8(0/97)
Order=10(1/97)
Order=12(2/97)
Order=14(3/97)
Order=16(4/97)
Order=18(5/97)
Order=20(6/97)
Order=22(7/97)
Order=24(8/97)
Order=26(9/97)
Order=28(10/97)
Order=30(11/97)
Order=32(12/97)
Order=34(13/97)
Order=36(14/97)
Order=38(15/97)
Order=40(16/97)
Order=42(17/97)
Order=44(18/97)
Order=46(19/97)
Order=48(20/97)
Order=50(21/97)
Order=52(22/97)
Order=54(23/97)
Order=56(24/97)
Order=58(25/97)
Order=60(26/97)
Found 2 real poles and 6 conjugate complex pairs.
Final number of poles: 8
Saved figure: WMP_Lib/Dy160/82-178_MT2.png
Saved figure: WMP_Lib/Dy160/82-178_MT27.png
Saved figure: WMP_Lib/Dy160/82-178_MT102.png
Vector fitting piece 6/17...
  energy: 1.369e+02 to 2.557e+02 eV (2763 points)
  error tolerance: rtol=0.001, atol=1e-05
Found 4 peaks
Fitting orders from 8 to 200
Order=8(0/97)
Order=10(1/97)
Order=12(2/97)
Order=14(3/97)
Order=16(4/97)
Order=18(5/97)
Order=20(6/97)
Order=22(7/97)
Order=24(8/97)
Order=26(9/97)
Order=28(10/97)
Order=30(11/97)
Order=32(12/97)
Order=34(13/97)
Order=36(14/97)
Order=38(15/97)
Order=40(16/97)
Order=42(17/97)
Order=44(18/97)
Order=46(19/97)
Order=48(20/97)
Order=50(21/97)
Order=52(22/97)
Order=54(23/97)
Order=56(24/97)
Order=58(25/97)
Order=60(26/97)
Found 2 real poles and 6 conjugate complex pairs.
Final number of poles: 8
Saved figure: WMP_Lib/Dy160/137-256_MT2.png
Saved figure: WMP_Lib/Dy160/137-256_MT27.png
Saved figure: WMP_Lib/Dy160/137-256_MT102.png
Vector fitting piece 7/17...
  energy: 2.055e+02 to 3.466e+02 eV (2432 points)
  error tolerance: rtol=0.001, atol=1e-05
Found 4 peaks
Fitting orders from 8 to 200
Order=8(0/97)
Order=10(1/97)
Order=12(2/97)
Order=14(3/97)
Order=16(4/97)
Order=18(5/97)
Order=20(6/97)
Order=22(7/97)
Order=24(8/97)
Order=26(9/97)
Order=28(10/97)
Order=30(11/97)
Order=32(12/97)
Order=34(13/97)
Order=36(14/97)
Order=38(15/97)
Order=40(16/97)
Order=42(17/97)
Order=44(18/97)
Order=46(19/97)
Order=48(20/97)
Order=50(21/97)
Order=52(22/97)
Order=54(23/97)
Order=56(24/97)
Order=58(25/97)
Order=60(26/97)
Found 6 real poles and 4 conjugate complex pairs.
Final number of poles: 10
Saved figure: WMP_Lib/Dy160/206-347_MT2.png
Saved figure: WMP_Lib/Dy160/206-347_MT27.png
Saved figure: WMP_Lib/Dy160/206-347_MT102.png
Vector fitting piece 8/17...
  energy: 2.879e+02 to 4.526e+02 eV (3367 points)
  error tolerance: rtol=0.001, atol=1e-05
Found 6 peaks
Fitting orders from 12 to 200
Order=12(0/95)
Order=14(1/95)
Order=16(2/95)
Order=18(3/95)
Order=20(4/95)
Order=22(5/95)
Order=24(6/95)
Order=26(7/95)
Order=28(8/95)
Order=30(9/95)
Order=32(10/95)
Order=34(11/95)
Order=36(12/95)
Order=38(13/95)
Order=40(14/95)
Order=42(15/95)
Order=44(16/95)
Order=46(17/95)
Order=48(18/95)
Order=50(19/95)
Order=52(20/95)
Order=54(21/95)
Order=56(22/95)
Order=58(23/95)
Order=60(24/95)
Found 2 real poles and 7 conjugate complex pairs.
Final number of poles: 9
Saved figure: WMP_Lib/Dy160/288-453_MT2.png
Saved figure: WMP_Lib/Dy160/288-453_MT27.png
Saved figure: WMP_Lib/Dy160/288-453_MT102.png
Vector fitting piece 9/17...
  energy: 3.844e+02 to 5.707e+02 eV (2395 points)
  error tolerance: rtol=0.001, atol=1e-05
Found 4 peaks
Fitting orders from 8 to 200
Order=8(0/97)
Order=10(1/97)
Order=12(2/97)
Order=14(3/97)
Order=16(4/97)
Order=18(5/97)
Order=20(6/97)
Order=22(7/97)
Order=24(8/97)
Order=26(9/97)
Order=28(10/97)
Order=30(11/97)
Order=32(12/97)
Order=34(13/97)
Order=36(14/97)
Order=38(15/97)
Order=40(16/97)
Order=42(17/97)
Order=44(18/97)
Order=46(19/97)
Order=48(20/97)
Order=50(21/97)
Order=52(22/97)
Order=54(23/97)
Order=56(24/97)
Order=58(25/97)
Order=60(26/97)
Found 6 real poles and 5 conjugate complex pairs.
Final number of poles: 11
Saved figure: WMP_Lib/Dy160/384-571_MT2.png
Saved figure: WMP_Lib/Dy160/384-571_MT27.png
Saved figure: WMP_Lib/Dy160/384-571_MT102.png
Vector fitting piece 10/17...
  energy: 4.945e+02 to 7.034e+02 eV (3444 points)
  error tolerance: rtol=0.001, atol=1e-05
Found 6 peaks
Fitting orders from 12 to 200
Order=12(0/95)
Order=14(1/95)
Order=16(2/95)
Order=18(3/95)
Order=20(4/95)
Order=22(5/95)
Order=24(6/95)
Order=26(7/95)
Order=28(8/95)
Order=30(9/95)
Order=32(10/95)
Order=34(11/95)
Order=36(12/95)
Order=38(13/95)
Order=40(14/95)
Order=42(15/95)
Order=44(16/95)
Order=46(17/95)
Order=48(18/95)
Order=50(19/95)
Order=52(20/95)
Order=54(21/95)
Order=56(22/95)
Order=58(23/95)
Order=60(24/95)
Found 4 real poles and 7 conjugate complex pairs.
Final number of poles: 11
Saved figure: WMP_Lib/Dy160/495-703_MT2.png
Saved figure: WMP_Lib/Dy160/495-703_MT27.png
Saved figure: WMP_Lib/Dy160/495-703_MT102.png
Vector fitting piece 11/17...
  energy: 6.189e+02 to 8.503e+02 eV (3796 points)
  error tolerance: rtol=0.001, atol=1e-05
Found 8 peaks
Fitting orders from 16 to 200
Order=16(0/93)
Order=18(1/93)
Order=20(2/93)
Order=22(3/93)
Order=24(4/93)
Order=26(5/93)
Order=28(6/93)
Order=30(7/93)
Order=32(8/93)
Order=34(9/93)
Order=36(10/93)
Order=38(11/93)
Order=40(12/93)
Order=42(13/93)
Order=44(14/93)
Order=46(15/93)
Order=48(16/93)
Order=50(17/93)
Order=52(18/93)
Order=54(19/93)
Order=56(20/93)
Order=58(21/93)
Order=60(22/93)
Found 4 real poles and 8 conjugate complex pairs.
Final number of poles: 12
Saved figure: WMP_Lib/Dy160/619-850_MT2.png
Saved figure: WMP_Lib/Dy160/619-850_MT27.png
Saved figure: WMP_Lib/Dy160/619-850_MT102.png
Vector fitting piece 12/17...
  energy: 7.571e+02 to 1.011e+03 eV (3320 points)
  error tolerance: rtol=0.001, atol=1e-05
Found 6 peaks
Fitting orders from 12 to 200
Order=12(0/95)
Order=14(1/95)
Order=16(2/95)
Order=18(3/95)
Order=20(4/95)
Order=22(5/95)
Order=24(6/95)
Order=26(7/95)
Order=28(8/95)
Order=30(9/95)
Order=32(10/95)
Order=34(11/95)
Order=36(12/95)
Order=38(13/95)
Order=40(14/95)
Order=42(15/95)
Order=44(16/95)
Order=46(17/95)
Order=48(18/95)
Order=50(19/95)
Order=52(20/95)
Order=54(21/95)
Order=56(22/95)
Order=58(23/95)
Order=60(24/95)
Found 6 real poles and 6 conjugate complex pairs.
Final number of poles: 12
Saved figure: WMP_Lib/Dy160/757-1011_MT2.png
Saved figure: WMP_Lib/Dy160/757-1011_MT27.png
Saved figure: WMP_Lib/Dy160/757-1011_MT102.png
Vector fitting piece 13/17...
  energy: 9.086e+02 to 1.186e+03 eV (3851 points)
  error tolerance: rtol=0.001, atol=1e-05
Found 8 peaks
Fitting orders from 16 to 200
Order=16(0/93)
Order=18(1/93)
Order=20(2/93)
Order=22(3/93)
Order=24(4/93)
Order=26(5/93)
Order=28(6/93)
Order=30(7/93)
Order=32(8/93)
Order=34(9/93)
Order=36(10/93)
Order=38(11/93)
Order=40(12/93)
Order=42(13/93)
Order=44(14/93)
Order=46(15/93)
Order=48(16/93)
Order=50(17/93)
Order=52(18/93)
Order=54(19/93)
Order=56(20/93)
Order=58(21/93)
Order=60(22/93)
Found 4 real poles and 9 conjugate complex pairs.
Final number of poles: 13
Saved figure: WMP_Lib/Dy160/909-1186_MT2.png
Saved figure: WMP_Lib/Dy160/909-1186_MT27.png
Saved figure: WMP_Lib/Dy160/909-1186_MT102.png
Vector fitting piece 14/17...
  energy: 1.075e+03 to 1.374e+03 eV (4859 points)
  error tolerance: rtol=0.001, atol=1e-05
Found 10 peaks
Fitting orders from 20 to 200
Order=20(0/91)
Order=22(1/91)
Order=24(2/91)
Order=26(3/91)
Order=28(4/91)
Order=30(5/91)
Order=32(6/91)
Order=34(7/91)
Order=36(8/91)
Order=38(9/91)
Order=40(10/91)
Order=42(11/91)
Order=44(12/91)
Order=46(13/91)
Order=48(14/91)
Order=50(15/91)
Order=52(16/91)
Order=54(17/91)
Order=56(18/91)
Order=58(19/91)
Order=60(20/91)
Found 4 real poles and 10 conjugate complex pairs.
Final number of poles: 14
Saved figure: WMP_Lib/Dy160/1075-1374_MT2.png
Saved figure: WMP_Lib/Dy160/1075-1374_MT27.png
Saved figure: WMP_Lib/Dy160/1075-1374_MT102.png
Vector fitting piece 15/17...
  energy: 1.255e+03 to 1.577e+03 eV (4291 points)
  error tolerance: rtol=0.001, atol=1e-05
Found 8 peaks
Fitting orders from 16 to 200
Order=16(0/93)
Order=18(1/93)
Order=20(2/93)
Order=22(3/93)
Order=24(4/93)
Order=26(5/93)
Order=28(6/93)
Order=30(7/93)
Order=32(8/93)
Order=34(9/93)
Order=36(10/93)
Order=38(11/93)
Order=40(12/93)
Order=42(13/93)
Order=44(14/93)
Order=46(15/93)
Order=48(16/93)
Order=50(17/93)
Order=52(18/93)
Order=54(19/93)
Order=56(20/93)
Order=58(21/93)
Order=60(22/93)
Found 6 real poles and 9 conjugate complex pairs.
Final number of poles: 15
Saved figure: WMP_Lib/Dy160/1255-1577_MT2.png
Saved figure: WMP_Lib/Dy160/1255-1577_MT27.png
Saved figure: WMP_Lib/Dy160/1255-1577_MT102.png
Vector fitting piece 16/17...
  energy: 1.448e+03 to 1.793e+03 eV (4985 points)
  error tolerance: rtol=0.001, atol=1e-05
Found 10 peaks
Fitting orders from 20 to 200
Order=20(0/91)
Order=22(1/91)
Order=24(2/91)
Order=26(3/91)
Order=28(4/91)
Order=30(5/91)
Order=32(6/91)
Order=34(7/91)
Order=36(8/91)
Order=38(9/91)
Order=40(10/91)
Order=42(11/91)
Order=44(12/91)
Order=46(13/91)
Order=48(14/91)
Order=50(15/91)
Order=52(16/91)
Order=54(17/91)
Order=56(18/91)
Order=58(19/91)
Order=60(20/91)
Found 4 real poles and 11 conjugate complex pairs.
Final number of poles: 15
Saved figure: WMP_Lib/Dy160/1448-1793_MT2.png
Saved figure: WMP_Lib/Dy160/1448-1793_MT27.png
Saved figure: WMP_Lib/Dy160/1448-1793_MT102.png
Vector fitting piece 17/17...
  energy: 1.656e+03 to 2.008e+03 eV (5667 points)
  error tolerance: rtol=0.001, atol=1e-05
Found 12 peaks
Fitting orders from 24 to 200
Order=24(0/89)
Order=26(1/89)
Order=28(2/89)
Order=30(3/89)
Order=32(4/89)
Order=34(5/89)
Order=36(6/89)
Order=38(7/89)
Order=40(8/89)
Order=42(9/89)
Order=44(10/89)
Order=46(11/89)
Order=48(12/89)
Order=50(13/89)
Order=52(14/89)
Order=54(15/89)
Order=56(16/89)
Order=58(17/89)
Order=60(18/89)
Found 2 real poles and 13 conjugate complex pairs.
Final number of poles: 15
Saved figure: WMP_Lib/Dy160/1656-2008_MT2.png
Saved figure: WMP_Lib/Dy160/1656-2008_MT27.png
Saved figure: WMP_Lib/Dy160/1656-2008_MT102.png
Dumped multipole data to file: WMP_Lib/Dy160/Dy160_mp.pickle
Start searching ...
Testing N_win=8 N_cf=10
Failed: Window spacing cannot be larger than piece spacing.
Testing N_win=112 N_cf=10
Windowing:
  config: # windows=112, spacing=0.4000673175813262, CF order=10
  error tolerance: rtol=0.001, atol=1e-05
Best library so far.
Testing N_win=112 N_cf=9
Windowing:
  config: # windows=112, spacing=0.4000673175813262, CF order=9
  error tolerance: rtol=0.001, atol=1e-05
Best library so far.
Testing N_win=112 N_cf=8
Windowing:
  config: # windows=112, spacing=0.4000673175813262, CF order=8
  error tolerance: rtol=0.001, atol=1e-05
Best library so far.
Testing N_win=112 N_cf=7
Windowing:
  config: # windows=112, spacing=0.4000673175813262, CF order=7
  error tolerance: rtol=0.001, atol=1e-05
Best library so far.
Testing N_win=112 N_cf=6
Windowing:
  config: # windows=112, spacing=0.4000673175813262, CF order=6
  error tolerance: rtol=0.001, atol=1e-05
Best library so far.
Testing N_win=112 N_cf=5
Windowing:
  config: # windows=112, spacing=0.4000673175813262, CF order=5
  error tolerance: rtol=0.001, atol=1e-05
Testing N_win=112 N_cf=4
Windowing:
  config: # windows=112, spacing=0.4000673175813262, CF order=4
  error tolerance: rtol=0.001, atol=1e-05
Failed: Pure curvefit failed for the first window!
Testing N_win=217 N_cf=10
Windowing:
  config: # windows=217, spacing=0.20648635746132965, CF order=10
  error tolerance: rtol=0.001, atol=1e-05
Best library so far.
Testing N_win=217 N_cf=9
Windowing:
  config: # windows=217, spacing=0.20648635746132965, CF order=9
  error tolerance: rtol=0.001, atol=1e-05
Best library so far.
Testing N_win=217 N_cf=8
Windowing:
  config: # windows=217, spacing=0.20648635746132965, CF order=8
  error tolerance: rtol=0.001, atol=1e-05
Best library so far.
Testing N_win=217 N_cf=7
Windowing:
  config: # windows=217, spacing=0.20648635746132965, CF order=7
  error tolerance: rtol=0.001, atol=1e-05
Best library so far.
Testing N_win=217 N_cf=6
Windowing:
  config: # windows=217, spacing=0.20648635746132965, CF order=6
  error tolerance: rtol=0.001, atol=1e-05
Best library so far.
Testing N_win=217 N_cf=5
Windowing:
  config: # windows=217, spacing=0.20648635746132965, CF order=5
  error tolerance: rtol=0.001, atol=1e-05
Best library so far.
Testing N_win=217 N_cf=4
Windowing:
  config: # windows=217, spacing=0.20648635746132965, CF order=4
  error tolerance: rtol=0.001, atol=1e-05
Best library so far.
Testing N_win=217 N_cf=3
Windowing:
  config: # windows=217, spacing=0.20648635746132965, CF order=3
  error tolerance: rtol=0.001, atol=1e-05
Failed: Pure curvefit failed for the first window!
Testing N_win=322 N_cf=10
Windowing:
  config: # windows=322, spacing=0.13915384959350477, CF order=10
  error tolerance: rtol=0.001, atol=1e-05
Testing N_win=322 N_cf=9
Windowing:
  config: # windows=322, spacing=0.13915384959350477, CF order=9
  error tolerance: rtol=0.001, atol=1e-05
Testing N_win=322 N_cf=8
Windowing:
  config: # windows=322, spacing=0.13915384959350477, CF order=8
  error tolerance: rtol=0.001, atol=1e-05
Testing N_win=322 N_cf=7
Windowing:
  config: # windows=322, spacing=0.13915384959350477, CF order=7
  error tolerance: rtol=0.001, atol=1e-05
Testing N_win=322 N_cf=6
Windowing:
  config: # windows=322, spacing=0.13915384959350477, CF order=6
  error tolerance: rtol=0.001, atol=1e-05
Best library so far.
Testing N_win=322 N_cf=5
Windowing:
  config: # windows=322, spacing=0.13915384959350477, CF order=5
  error tolerance: rtol=0.001, atol=1e-05
Best library so far.
Testing N_win=322 N_cf=4
Windowing:
  config: # windows=322, spacing=0.13915384959350477, CF order=4
  error tolerance: rtol=0.001, atol=1e-05
Best library so far.
Testing N_win=322 N_cf=3
Windowing:
  config: # windows=322, spacing=0.13915384959350477, CF order=3
  error tolerance: rtol=0.001, atol=1e-05
Testing N_win=322 N_cf=2
Windowing:
  config: # windows=322, spacing=0.13915384959350477, CF order=2
  error tolerance: rtol=0.001, atol=1e-05
Failed: Pure curvefit failed for the first window!
Testing N_win=427 N_cf=10
Windowing:
  config: # windows=427, spacing=0.10493568985739704, CF order=10
  error tolerance: rtol=0.001, atol=1e-05
Testing N_win=427 N_cf=9
Windowing:
  config: # windows=427, spacing=0.10493568985739704, CF order=9
  error tolerance: rtol=0.001, atol=1e-05
Testing N_win=427 N_cf=8
Windowing:
  config: # windows=427, spacing=0.10493568985739704, CF order=8
  error tolerance: rtol=0.001, atol=1e-05
Testing N_win=427 N_cf=7
Windowing:
  config: # windows=427, spacing=0.10493568985739704, CF order=7
  error tolerance: rtol=0.001, atol=1e-05
Testing N_win=427 N_cf=6
Windowing:
  config: # windows=427, spacing=0.10493568985739704, CF order=6
  error tolerance: rtol=0.001, atol=1e-05
Testing N_win=427 N_cf=5
Windowing:
  config: # windows=427, spacing=0.10493568985739704, CF order=5
  error tolerance: rtol=0.001, atol=1e-05
Testing N_win=427 N_cf=4
Windowing:
  config: # windows=427, spacing=0.10493568985739704, CF order=4
  error tolerance: rtol=0.001, atol=1e-05
Best library so far.
Testing N_win=427 N_cf=3
Windowing:
  config: # windows=427, spacing=0.10493568985739704, CF order=3
  error tolerance: rtol=0.001, atol=1e-05
Testing N_win=427 N_cf=2
Windowing:
  config: # windows=427, spacing=0.10493568985739704, CF order=2
  error tolerance: rtol=0.001, atol=1e-05
Failed: Pure curvefit failed for the first window!
Testing N_win=532 N_cf=10
Windowing:
  config: # windows=532, spacing=0.08422469843817394, CF order=10
  error tolerance: rtol=0.001, atol=1e-05
Testing N_win=532 N_cf=9
Windowing:
  config: # windows=532, spacing=0.08422469843817394, CF order=9
  error tolerance: rtol=0.001, atol=1e-05
Testing N_win=532 N_cf=8
Windowing:
  config: # windows=532, spacing=0.08422469843817394, CF order=8
  error tolerance: rtol=0.001, atol=1e-05
Testing N_win=532 N_cf=7
Windowing:
  config: # windows=532, spacing=0.08422469843817394, CF order=7
  error tolerance: rtol=0.001, atol=1e-05
Testing N_win=532 N_cf=6
Windowing:
  config: # windows=532, spacing=0.08422469843817394, CF order=6
  error tolerance: rtol=0.001, atol=1e-05
Testing N_win=532 N_cf=5
Windowing:
  config: # windows=532, spacing=0.08422469843817394, CF order=5
  error tolerance: rtol=0.001, atol=1e-05
Testing N_win=532 N_cf=4
Windowing:
  config: # windows=532, spacing=0.08422469843817394, CF order=4
  error tolerance: rtol=0.001, atol=1e-05
Best library so far.
Testing N_win=532 N_cf=3
Windowing:
  config: # windows=532, spacing=0.08422469843817394, CF order=3
  error tolerance: rtol=0.001, atol=1e-05
Testing N_win=532 N_cf=2
Windowing:
  config: # windows=532, spacing=0.08422469843817394, CF order=2
  error tolerance: rtol=0.001, atol=1e-05
Failed: Pure curvefit failed for the first window!
Testing N_win=637 N_cf=10
Windowing:
  config: # windows=637, spacing=0.07034150638792548, CF order=10
  error tolerance: rtol=0.001, atol=1e-05
Testing N_win=637 N_cf=9
Windowing:
  config: # windows=637, spacing=0.07034150638792548, CF order=9
  error tolerance: rtol=0.001, atol=1e-05
Testing N_win=637 N_cf=8
Windowing:
  config: # windows=637, spacing=0.07034150638792548, CF order=8
  error tolerance: rtol=0.001, atol=1e-05
Testing N_win=637 N_cf=7
Windowing:
  config: # windows=637, spacing=0.07034150638792548, CF order=7
  error tolerance: rtol=0.001, atol=1e-05
Testing N_win=637 N_cf=6
Windowing:
  config: # windows=637, spacing=0.07034150638792548, CF order=6
  error tolerance: rtol=0.001, atol=1e-05
Testing N_win=637 N_cf=5
Windowing:
  config: # windows=637, spacing=0.07034150638792548, CF order=5
  error tolerance: rtol=0.001, atol=1e-05
Testing N_win=637 N_cf=4
Windowing:
  config: # windows=637, spacing=0.07034150638792548, CF order=4
  error tolerance: rtol=0.001, atol=1e-05
Testing N_win=637 N_cf=3
Windowing:
  config: # windows=637, spacing=0.07034150638792548, CF order=3
  error tolerance: rtol=0.001, atol=1e-05
Testing N_win=637 N_cf=2
Windowing:
  config: # windows=637, spacing=0.07034150638792548, CF order=2
  error tolerance: rtol=0.001, atol=1e-05
Failed: Pure curvefit failed for the first window!
Testing N_win=741 N_cf=10
Windowing:
  config: # windows=741, spacing=0.060469014263304366, CF order=10
  error tolerance: rtol=0.001, atol=1e-05
Testing N_win=741 N_cf=9
Windowing:
  config: # windows=741, spacing=0.060469014263304366, CF order=9
  error tolerance: rtol=0.001, atol=1e-05
Testing N_win=741 N_cf=8
Windowing:
  config: # windows=741, spacing=0.060469014263304366, CF order=8
  error tolerance: rtol=0.001, atol=1e-05
Testing N_win=741 N_cf=7
Windowing:
  config: # windows=741, spacing=0.060469014263304366, CF order=7
  error tolerance: rtol=0.001, atol=1e-05
Testing N_win=741 N_cf=6
Windowing:
  config: # windows=741, spacing=0.060469014263304366, CF order=6
  error tolerance: rtol=0.001, atol=1e-05
Testing N_win=741 N_cf=5
Windowing:
  config: # windows=741, spacing=0.060469014263304366, CF order=5
  error tolerance: rtol=0.001, atol=1e-05
Testing N_win=741 N_cf=4
Windowing:
  config: # windows=741, spacing=0.060469014263304366, CF order=4
  error tolerance: rtol=0.001, atol=1e-05
Testing N_win=741 N_cf=3
Windowing:
  config: # windows=741, spacing=0.060469014263304366, CF order=3
  error tolerance: rtol=0.001, atol=1e-05
Testing N_win=741 N_cf=2
Windowing:
  config: # windows=741, spacing=0.060469014263304366, CF order=2
  error tolerance: rtol=0.001, atol=1e-05
Failed: Pure curvefit failed for the first window!
Testing N_win=846 N_cf=10
Windowing:
  config: # windows=846, spacing=0.052963994762539636, CF order=10
  error tolerance: rtol=0.001, atol=1e-05
Testing N_win=846 N_cf=9
Windowing:
  config: # windows=846, spacing=0.052963994762539636, CF order=9
  error tolerance: rtol=0.001, atol=1e-05
Testing N_win=846 N_cf=8
Windowing:
  config: # windows=846, spacing=0.052963994762539636, CF order=8
  error tolerance: rtol=0.001, atol=1e-05
Testing N_win=846 N_cf=7
Windowing:
  config: # windows=846, spacing=0.052963994762539636, CF order=7
  error tolerance: rtol=0.001, atol=1e-05
Testing N_win=846 N_cf=6
Windowing:
  config: # windows=846, spacing=0.052963994762539636, CF order=6
  error tolerance: rtol=0.001, atol=1e-05
Testing N_win=846 N_cf=5
Windowing:
  config: # windows=846, spacing=0.052963994762539636, CF order=5
  error tolerance: rtol=0.001, atol=1e-05
Testing N_win=846 N_cf=4
Windowing:
  config: # windows=846, spacing=0.052963994762539636, CF order=4
  error tolerance: rtol=0.001, atol=1e-05
Testing N_win=846 N_cf=3
Windowing:
  config: # windows=846, spacing=0.052963994762539636, CF order=3
  error tolerance: rtol=0.001, atol=1e-05
Testing N_win=846 N_cf=2
Windowing:
  config: # windows=846, spacing=0.052963994762539636, CF order=2
  error tolerance: rtol=0.001, atol=1e-05
Failed: Pure curvefit failed for the first window!
Testing N_win=951 N_cf=10
Windowing:
  config: # windows=951, spacing=0.047116235088442204, CF order=10
  error tolerance: rtol=0.001, atol=1e-05
Testing N_win=951 N_cf=9
Windowing:
  config: # windows=951, spacing=0.047116235088442204, CF order=9
  error tolerance: rtol=0.001, atol=1e-05
Testing N_win=951 N_cf=8
Windowing:
  config: # windows=951, spacing=0.047116235088442204, CF order=8
  error tolerance: rtol=0.001, atol=1e-05
Testing N_win=951 N_cf=7
Windowing:
  config: # windows=951, spacing=0.047116235088442204, CF order=7
  error tolerance: rtol=0.001, atol=1e-05
Testing N_win=951 N_cf=6
Windowing:
  config: # windows=951, spacing=0.047116235088442204, CF order=6
  error tolerance: rtol=0.001, atol=1e-05
Testing N_win=951 N_cf=5
Windowing:
  config: # windows=951, spacing=0.047116235088442204, CF order=5
  error tolerance: rtol=0.001, atol=1e-05
Testing N_win=951 N_cf=4
Windowing:
  config: # windows=951, spacing=0.047116235088442204, CF order=4
  error tolerance: rtol=0.001, atol=1e-05
Testing N_win=951 N_cf=3
Windowing:
  config: # windows=951, spacing=0.047116235088442204, CF order=3
  error tolerance: rtol=0.001, atol=1e-05
Testing N_win=951 N_cf=2
Windowing:
  config: # windows=951, spacing=0.047116235088442204, CF order=2
  error tolerance: rtol=0.001, atol=1e-05
Failed: Pure curvefit failed for the first window!
Testing N_win=1056 N_cf=10
Windowing:
  config: # windows=1056, spacing=0.042431382167716414, CF order=10
  error tolerance: rtol=0.001, atol=1e-05
Testing N_win=1056 N_cf=9
Windowing:
  config: # windows=1056, spacing=0.042431382167716414, CF order=9
  error tolerance: rtol=0.001, atol=1e-05
Testing N_win=1056 N_cf=8
Windowing:
  config: # windows=1056, spacing=0.042431382167716414, CF order=8
  error tolerance: rtol=0.001, atol=1e-05
Testing N_win=1056 N_cf=7
Windowing:
  config: # windows=1056, spacing=0.042431382167716414, CF order=7
  error tolerance: rtol=0.001, atol=1e-05
Testing N_win=1056 N_cf=6
Windowing:
  config: # windows=1056, spacing=0.042431382167716414, CF order=6
  error tolerance: rtol=0.001, atol=1e-05
Testing N_win=1056 N_cf=5
Windowing:
  config: # windows=1056, spacing=0.042431382167716414, CF order=5
  error tolerance: rtol=0.001, atol=1e-05
Testing N_win=1056 N_cf=4
Windowing:
  config: # windows=1056, spacing=0.042431382167716414, CF order=4
  error tolerance: rtol=0.001, atol=1e-05
Testing N_win=1056 N_cf=3
Windowing:
  config: # windows=1056, spacing=0.042431382167716414, CF order=3
  error tolerance: rtol=0.001, atol=1e-05
Testing N_win=1056 N_cf=2
Windowing:
  config: # windows=1056, spacing=0.042431382167716414, CF order=2
  error tolerance: rtol=0.001, atol=1e-05
Failed: Pure curvefit failed for the first window!
Testing N_win=1161 N_cf=10
Windowing:
  config: # windows=1161, spacing=0.03859391866417617, CF order=10
  error tolerance: rtol=0.001, atol=1e-05
Testing N_win=1161 N_cf=9
Windowing:
  config: # windows=1161, spacing=0.03859391866417617, CF order=9
  error tolerance: rtol=0.001, atol=1e-05
Testing N_win=1161 N_cf=8
Windowing:
  config: # windows=1161, spacing=0.03859391866417617, CF order=8
  error tolerance: rtol=0.001, atol=1e-05
Testing N_win=1161 N_cf=7
Windowing:
  config: # windows=1161, spacing=0.03859391866417617, CF order=7
  error tolerance: rtol=0.001, atol=1e-05
Testing N_win=1161 N_cf=6
Windowing:
  config: # windows=1161, spacing=0.03859391866417617, CF order=6
  error tolerance: rtol=0.001, atol=1e-05
Testing N_win=1161 N_cf=5
Windowing:
  config: # windows=1161, spacing=0.03859391866417617, CF order=5
  error tolerance: rtol=0.001, atol=1e-05
Testing N_win=1161 N_cf=4
Windowing:
  config: # windows=1161, spacing=0.03859391866417617, CF order=4
  error tolerance: rtol=0.001, atol=1e-05
Testing N_win=1161 N_cf=3
Windowing:
  config: # windows=1161, spacing=0.03859391866417617, CF order=3
  error tolerance: rtol=0.001, atol=1e-05
Testing N_win=1161 N_cf=2
Windowing:
  config: # windows=1161, spacing=0.03859391866417617, CF order=2
  error tolerance: rtol=0.001, atol=1e-05
Failed: Pure curvefit failed for the first window!
Testing N_win=1266 N_cf=10
Windowing:
  config: # windows=1266, spacing=0.035393001239422225, CF order=10
  error tolerance: rtol=0.001, atol=1e-05
Testing N_win=1266 N_cf=9
Windowing:
  config: # windows=1266, spacing=0.035393001239422225, CF order=9
  error tolerance: rtol=0.001, atol=1e-05
Testing N_win=1266 N_cf=8
Windowing:
  config: # windows=1266, spacing=0.035393001239422225, CF order=8
  error tolerance: rtol=0.001, atol=1e-05
Testing N_win=1266 N_cf=7
Windowing:
  config: # windows=1266, spacing=0.035393001239422225, CF order=7
  error tolerance: rtol=0.001, atol=1e-05
Testing N_win=1266 N_cf=6
Windowing:
  config: # windows=1266, spacing=0.035393001239422225, CF order=6
  error tolerance: rtol=0.001, atol=1e-05
Testing N_win=1266 N_cf=5
Windowing:
  config: # windows=1266, spacing=0.035393001239422225, CF order=5
  error tolerance: rtol=0.001, atol=1e-05
Testing N_win=1266 N_cf=4
Windowing:
  config: # windows=1266, spacing=0.035393001239422225, CF order=4
  error tolerance: rtol=0.001, atol=1e-05
Testing N_win=1266 N_cf=3
Windowing:
  config: # windows=1266, spacing=0.035393001239422225, CF order=3
  error tolerance: rtol=0.001, atol=1e-05
Testing N_win=1266 N_cf=2
Windowing:
  config: # windows=1266, spacing=0.035393001239422225, CF order=2
  error tolerance: rtol=0.001, atol=1e-05
Failed: Pure curvefit failed for the first window!
Testing N_win=1370 N_cf=10
Windowing:
  config: # windows=1370, spacing=0.03270623326212302, CF order=10
  error tolerance: rtol=0.001, atol=1e-05
Testing N_win=1370 N_cf=9
Windowing:
  config: # windows=1370, spacing=0.03270623326212302, CF order=9
  error tolerance: rtol=0.001, atol=1e-05
Testing N_win=1370 N_cf=8
Windowing:
  config: # windows=1370, spacing=0.03270623326212302, CF order=8
  error tolerance: rtol=0.001, atol=1e-05
Testing N_win=1370 N_cf=7
Windowing:
  config: # windows=1370, spacing=0.03270623326212302, CF order=7
  error tolerance: rtol=0.001, atol=1e-05
Testing N_win=1370 N_cf=6
Windowing:
  config: # windows=1370, spacing=0.03270623326212302, CF order=6
  error tolerance: rtol=0.001, atol=1e-05
Testing N_win=1370 N_cf=5
Windowing:
  config: # windows=1370, spacing=0.03270623326212302, CF order=5
  error tolerance: rtol=0.001, atol=1e-05
Testing N_win=1370 N_cf=4
Windowing:
  config: # windows=1370, spacing=0.03270623326212302, CF order=4
  error tolerance: rtol=0.001, atol=1e-05
Testing N_win=1370 N_cf=3
Windowing:
  config: # windows=1370, spacing=0.03270623326212302, CF order=3
  error tolerance: rtol=0.001, atol=1e-05
Testing N_win=1370 N_cf=2
Windowing:
  config: # windows=1370, spacing=0.03270623326212302, CF order=2
  error tolerance: rtol=0.001, atol=1e-05
Failed: Pure curvefit failed for the first window!
Testing N_win=1475 N_cf=10
Windowing:
  config: # windows=1475, spacing=0.030377992928209176, CF order=10
  error tolerance: rtol=0.001, atol=1e-05
Testing N_win=1475 N_cf=9
Windowing:
  config: # windows=1475, spacing=0.030377992928209176, CF order=9
  error tolerance: rtol=0.001, atol=1e-05
Testing N_win=1475 N_cf=8
Windowing:
  config: # windows=1475, spacing=0.030377992928209176, CF order=8
  error tolerance: rtol=0.001, atol=1e-05
Testing N_win=1475 N_cf=7
Windowing:
  config: # windows=1475, spacing=0.030377992928209176, CF order=7
  error tolerance: rtol=0.001, atol=1e-05
Testing N_win=1475 N_cf=6
Windowing:
  config: # windows=1475, spacing=0.030377992928209176, CF order=6
  error tolerance: rtol=0.001, atol=1e-05
Testing N_win=1475 N_cf=5
Windowing:
  config: # windows=1475, spacing=0.030377992928209176, CF order=5
  error tolerance: rtol=0.001, atol=1e-05
Testing N_win=1475 N_cf=4
Windowing:
  config: # windows=1475, spacing=0.030377992928209176, CF order=4
  error tolerance: rtol=0.001, atol=1e-05
Testing N_win=1475 N_cf=3
Windowing:
  config: # windows=1475, spacing=0.030377992928209176, CF order=3
  error tolerance: rtol=0.001, atol=1e-05
Testing N_win=1475 N_cf=2
Windowing:
  config: # windows=1475, spacing=0.030377992928209176, CF order=2
  error tolerance: rtol=0.001, atol=1e-05
Failed: Pure curvefit failed for the first window!
Testing N_win=1580 N_cf=10
Windowing:
  config: # windows=1580, spacing=0.02835920225892945, CF order=10
  error tolerance: rtol=0.001, atol=1e-05
Testing N_win=1580 N_cf=9
Windowing:
  config: # windows=1580, spacing=0.02835920225892945, CF order=9
  error tolerance: rtol=0.001, atol=1e-05
Testing N_win=1580 N_cf=8
Windowing:
  config: # windows=1580, spacing=0.02835920225892945, CF order=8
  error tolerance: rtol=0.001, atol=1e-05
Testing N_win=1580 N_cf=7
Windowing:
  config: # windows=1580, spacing=0.02835920225892945, CF order=7
  error tolerance: rtol=0.001, atol=1e-05
Testing N_win=1580 N_cf=6
Windowing:
  config: # windows=1580, spacing=0.02835920225892945, CF order=6
  error tolerance: rtol=0.001, atol=1e-05
Testing N_win=1580 N_cf=5
Windowing:
  config: # windows=1580, spacing=0.02835920225892945, CF order=5
  error tolerance: rtol=0.001, atol=1e-05
Testing N_win=1580 N_cf=4
Windowing:
  config: # windows=1580, spacing=0.02835920225892945, CF order=4
  error tolerance: rtol=0.001, atol=1e-05
Testing N_win=1580 N_cf=3
Windowing:
  config: # windows=1580, spacing=0.02835920225892945, CF order=3
  error tolerance: rtol=0.001, atol=1e-05
Testing N_win=1580 N_cf=2
Windowing:
  config: # windows=1580, spacing=0.02835920225892945, CF order=2
  error tolerance: rtol=0.001, atol=1e-05
Failed: Pure curvefit failed for the first window!
Testing N_win=1685 N_cf=10
Windowing:
  config: # windows=1685, spacing=0.026592011613714266, CF order=10
  error tolerance: rtol=0.001, atol=1e-05
Testing N_win=1685 N_cf=9
Windowing:
  config: # windows=1685, spacing=0.026592011613714266, CF order=9
  error tolerance: rtol=0.001, atol=1e-05
Testing N_win=1685 N_cf=8
Windowing:
  config: # windows=1685, spacing=0.026592011613714266, CF order=8
  error tolerance: rtol=0.001, atol=1e-05
Testing N_win=1685 N_cf=7
Windowing:
  config: # windows=1685, spacing=0.026592011613714266, CF order=7
  error tolerance: rtol=0.001, atol=1e-05
Testing N_win=1685 N_cf=6
Windowing:
  config: # windows=1685, spacing=0.026592011613714266, CF order=6
  error tolerance: rtol=0.001, atol=1e-05
Testing N_win=1685 N_cf=5
Windowing:
  config: # windows=1685, spacing=0.026592011613714266, CF order=5
  error tolerance: rtol=0.001, atol=1e-05
Testing N_win=1685 N_cf=4
Windowing:
  config: # windows=1685, spacing=0.026592011613714266, CF order=4
  error tolerance: rtol=0.001, atol=1e-05
Testing N_win=1685 N_cf=3
Windowing:
  config: # windows=1685, spacing=0.026592011613714266, CF order=3
  error tolerance: rtol=0.001, atol=1e-05
Testing N_win=1685 N_cf=2
Windowing:
  config: # windows=1685, spacing=0.026592011613714266, CF order=2
  error tolerance: rtol=0.001, atol=1e-05
Failed: Pure curvefit failed for the first window!
Testing N_win=1790 N_cf=10
Windowing:
  config: # windows=1790, spacing=0.025032145010675157, CF order=10
  error tolerance: rtol=0.001, atol=1e-05
Testing N_win=1790 N_cf=9
Windowing:
  config: # windows=1790, spacing=0.025032145010675157, CF order=9
  error tolerance: rtol=0.001, atol=1e-05
Testing N_win=1790 N_cf=8
Windowing:
  config: # windows=1790, spacing=0.025032145010675157, CF order=8
  error tolerance: rtol=0.001, atol=1e-05
Testing N_win=1790 N_cf=7
Windowing:
  config: # windows=1790, spacing=0.025032145010675157, CF order=7
  error tolerance: rtol=0.001, atol=1e-05
Testing N_win=1790 N_cf=6
Windowing:
  config: # windows=1790, spacing=0.025032145010675157, CF order=6
  error tolerance: rtol=0.001, atol=1e-05
Testing N_win=1790 N_cf=5
Windowing:
  config: # windows=1790, spacing=0.025032145010675157, CF order=5
  error tolerance: rtol=0.001, atol=1e-05
Testing N_win=1790 N_cf=4
Windowing:
  config: # windows=1790, spacing=0.025032145010675157, CF order=4
  error tolerance: rtol=0.001, atol=1e-05
Testing N_win=1790 N_cf=3
Windowing:
  config: # windows=1790, spacing=0.025032145010675157, CF order=3
  error tolerance: rtol=0.001, atol=1e-05
Testing N_win=1790 N_cf=2
Windowing:
  config: # windows=1790, spacing=0.025032145010675157, CF order=2
  error tolerance: rtol=0.001, atol=1e-05
Failed: Pure curvefit failed for the first window!
Testing N_win=1895 N_cf=10
Windowing:
  config: # windows=1895, spacing=0.023645139614305297, CF order=10
  error tolerance: rtol=0.001, atol=1e-05
Testing N_win=1895 N_cf=9
Windowing:
  config: # windows=1895, spacing=0.023645139614305297, CF order=9
  error tolerance: rtol=0.001, atol=1e-05
Testing N_win=1895 N_cf=8
Windowing:
  config: # windows=1895, spacing=0.023645139614305297, CF order=8
  error tolerance: rtol=0.001, atol=1e-05
Testing N_win=1895 N_cf=7
Windowing:
  config: # windows=1895, spacing=0.023645139614305297, CF order=7
  error tolerance: rtol=0.001, atol=1e-05
Testing N_win=1895 N_cf=6
Windowing:
  config: # windows=1895, spacing=0.023645139614305297, CF order=6
  error tolerance: rtol=0.001, atol=1e-05
Testing N_win=1895 N_cf=5
Windowing:
  config: # windows=1895, spacing=0.023645139614305297, CF order=5
  error tolerance: rtol=0.001, atol=1e-05
Testing N_win=1895 N_cf=4
Windowing:
  config: # windows=1895, spacing=0.023645139614305297, CF order=4
  error tolerance: rtol=0.001, atol=1e-05
Testing N_win=1895 N_cf=3
Windowing:
  config: # windows=1895, spacing=0.023645139614305297, CF order=3
  error tolerance: rtol=0.001, atol=1e-05
Testing N_win=1895 N_cf=2
Windowing:
  config: # windows=1895, spacing=0.023645139614305297, CF order=2
  error tolerance: rtol=0.001, atol=1e-05
Failed: Pure curvefit failed for the first window!
Testing N_win=2000 N_cf=10
Windowing:
  config: # windows=2000, spacing=0.022403769784554266, CF order=10
  error tolerance: rtol=0.001, atol=1e-05
Testing N_win=2000 N_cf=9
Windowing:
  config: # windows=2000, spacing=0.022403769784554266, CF order=9
  error tolerance: rtol=0.001, atol=1e-05
Testing N_win=2000 N_cf=8
Windowing:
  config: # windows=2000, spacing=0.022403769784554266, CF order=8
  error tolerance: rtol=0.001, atol=1e-05
Testing N_win=2000 N_cf=7
Windowing:
  config: # windows=2000, spacing=0.022403769784554266, CF order=7
  error tolerance: rtol=0.001, atol=1e-05
Testing N_win=2000 N_cf=6
Windowing:
  config: # windows=2000, spacing=0.022403769784554266, CF order=6
  error tolerance: rtol=0.001, atol=1e-05
Testing N_win=2000 N_cf=5
Windowing:
  config: # windows=2000, spacing=0.022403769784554266, CF order=5
  error tolerance: rtol=0.001, atol=1e-05
Testing N_win=2000 N_cf=4
Windowing:
  config: # windows=2000, spacing=0.022403769784554266, CF order=4
  error tolerance: rtol=0.001, atol=1e-05
Testing N_win=2000 N_cf=3
Windowing:
  config: # windows=2000, spacing=0.022403769784554266, CF order=3
  error tolerance: rtol=0.001, atol=1e-05
Testing N_win=2000 N_cf=2
Windowing:
  config: # windows=2000, spacing=0.022403769784554266, CF order=2
  error tolerance: rtol=0.001, atol=1e-05
Failed: Pure curvefit failed for the first window!
Final library: 101 poles, 532 windows, 2.2 poles per window, 4 CF order
