Running NJOY to get 0K point-wise data (error=0.0005)...
Parsing cross sections within resolved resonance range...
  MTs: [2, 27, 102, 103, 107]
  Energy range: 1.000e-05 to 8.120e+05 eV (72365 points)
Vector fitting piece 1/36...
  energy: 1.000e-05 to 6.875e+02 eV (652 points)
  error tolerance: rtol=0.001, atol=1e-05
Found 0 peaks
Fitting orders from 2 to 200
Order=2(0/100)
Order=4(1/100)
Found ideal results. Stop!
Found 0 real poles and 2 conjugate complex pairs.
Final number of poles: 2
Saved figure: WMP_Lib/Ni58/0-687_MT2.png
Saved figure: WMP_Lib/Ni58/0-687_MT27.png
Saved figure: WMP_Lib/Ni58/0-687_MT102.png
Vector fitting piece 2/36...
  energy: 1.466e+02 to 2.710e+03 eV (70 points)
  error tolerance: rtol=0.001, atol=1e-05
Found 0 peaks
Fitting orders from 2 to 200
Order=2(0/100)
Order=4(1/100)
Found ideal results. Stop!
Found 0 real poles and 2 conjugate complex pairs.
Final number of poles: 2
Saved figure: WMP_Lib/Ni58/147-2710_MT2.png
Saved figure: WMP_Lib/Ni58/147-2710_MT27.png
Saved figure: WMP_Lib/Ni58/147-2710_MT102.png
Vector fitting piece 3/36...
  energy: 1.366e+03 to 6.130e+03 eV (36 points)
  error tolerance: rtol=0.001, atol=1e-05
Found 0 peaks
Fitting orders from 2 to 200
Order=2(0/100)
Order=4(1/100)
Found ideal results. Stop!
Found 2 real poles and 1 conjugate complex pairs.
Final number of poles: 3
Saved figure: WMP_Lib/Ni58/1366-6130_MT2.png
Saved figure: WMP_Lib/Ni58/1366-6130_MT27.png
Saved figure: WMP_Lib/Ni58/1366-6130_MT102.png
Vector fitting piece 4/36...
  energy: 3.725e+03 to 1.030e+04 eV (233 points)
  error tolerance: rtol=0.001, atol=1e-05
Found 1 peaks
Fitting orders from 2 to 200
Order=2(0/100)
Order=4(1/100)
Order=6(2/100)
Order=8(3/100)
Order=10(4/100)
Order=12(5/100)
Order=14(6/100)
Order=16(7/100)
Order=18(8/100)
Order=20(9/100)
Order=22(10/100)
Order=24(11/100)
Order=26(12/100)
Order=28(13/100)
Order=30(14/100)
Order=32(15/100)
Order=34(16/100)
Order=36(17/100)
Order=38(18/100)
Order=40(19/100)
Order=42(20/100)
Order=44(21/100)
Order=46(22/100)
Order=48(23/100)
Order=50(24/100)
Order=52(25/100)
Order=54(26/100)
Order=56(27/100)
Order=58(28/100)
Order=60(29/100)
Order=62(30/100)
Order=64(31/100)
Order=66(32/100)
Order=68(33/100)
Order=70(34/100)
Found 2 real poles and 2 conjugate complex pairs.
Final number of poles: 4
Saved figure: WMP_Lib/Ni58/3725-10296_MT2.png
Saved figure: WMP_Lib/Ni58/3725-10296_MT27.png
Saved figure: WMP_Lib/Ni58/3725-10296_MT102.png
Vector fitting piece 5/36...
  energy: 7.540e+03 to 1.579e+04 eV (1140 points)
  error tolerance: rtol=0.001, atol=1e-05
Found 4 peaks
Fitting orders from 8 to 200
Order=8(0/97)
Order=10(1/97)
Order=12(2/97)
Order=14(3/97)
Order=16(4/97)
Order=18(5/97)
Order=20(6/97)
Order=22(7/97)
Order=24(8/97)
Order=26(9/97)
Order=28(10/97)
Order=30(11/97)
Order=32(12/97)
Order=34(13/97)
Order=36(14/97)
Order=38(15/97)
Order=40(16/97)
Order=42(17/97)
Order=44(18/97)
Order=46(19/97)
Order=48(20/97)
Order=50(21/97)
Order=52(22/97)
Order=54(23/97)
Order=56(24/97)
Order=58(25/97)
Order=60(26/97)
Found 0 real poles and 5 conjugate complex pairs.
Final number of poles: 5
Saved figure: WMP_Lib/Ni58/7540-15794_MT2.png
Saved figure: WMP_Lib/Ni58/7540-15794_MT27.png
Saved figure: WMP_Lib/Ni58/7540-15794_MT102.png
Vector fitting piece 6/36...
  energy: 1.263e+04 to 2.284e+04 eV (2220 points)
  error tolerance: rtol=0.001, atol=1e-05
Found 8 peaks
Fitting orders from 16 to 200
Order=16(0/93)
Order=18(1/93)
Order=20(2/93)
Order=22(3/93)
Order=24(4/93)
Order=26(5/93)
Order=28(6/93)
Order=30(7/93)
Order=32(8/93)
Order=34(9/93)
Order=36(10/93)
Order=38(11/93)
Order=40(12/93)
Order=42(13/93)
Order=44(14/93)
Order=46(15/93)
Order=48(16/93)
Order=50(17/93)
Order=52(18/93)
Order=54(19/93)
Order=56(20/93)
Order=58(21/93)
Order=60(22/93)
Found 2 real poles and 8 conjugate complex pairs.
Final number of poles: 10
Saved figure: WMP_Lib/Ni58/12626-22840_MT2.png
Saved figure: WMP_Lib/Ni58/12626-22840_MT27.png
Saved figure: WMP_Lib/Ni58/12626-22840_MT102.png
Vector fitting piece 7/36...
  energy: 1.886e+04 to 3.088e+04 eV (1846 points)
  error tolerance: rtol=0.001, atol=1e-05
Found 7 peaks
Fitting orders from 14 to 200
Order=14(0/94)
Order=16(1/94)
Order=18(2/94)
Order=20(3/94)
Order=22(4/94)
Order=24(5/94)
Order=26(6/94)
Order=28(7/94)
Order=30(8/94)
Order=32(9/94)
Order=34(10/94)
Order=36(11/94)
Order=38(12/94)
Order=40(13/94)
Order=42(14/94)
Order=44(15/94)
Order=46(16/94)
Order=48(17/94)
Order=50(18/94)
Order=52(19/94)
Order=54(20/94)
Order=56(21/94)
Order=58(22/94)
Order=60(23/94)
Order=62(24/94)
Order=64(25/94)
Order=66(26/94)
Order=68(27/94)
Order=70(28/94)
Found 4 real poles and 7 conjugate complex pairs.
Final number of poles: 11
Saved figure: WMP_Lib/Ni58/18860-30879_MT2.png
Saved figure: WMP_Lib/Ni58/18860-30879_MT27.png
Saved figure: WMP_Lib/Ni58/18860-30879_MT102.png
Vector fitting piece 8/36...
  energy: 2.637e+04 to 4.033e+04 eV (2312 points)
  error tolerance: rtol=0.001, atol=1e-05
Found 8 peaks
Fitting orders from 16 to 200
Order=16(0/93)
Order=18(1/93)
Order=20(2/93)
Order=22(3/93)
Order=24(4/93)
Order=26(5/93)
Order=28(6/93)
Order=30(7/93)
Order=32(8/93)
Order=34(9/93)
Order=36(10/93)
Order=38(11/93)
Order=40(12/93)
Order=42(13/93)
Order=44(14/93)
Order=46(15/93)
Order=48(16/93)
Order=50(17/93)
Order=52(18/93)
Order=54(19/93)
Order=56(20/93)
Order=58(21/93)
Order=60(22/93)
Found 4 real poles and 8 conjugate complex pairs.
Final number of poles: 12
Saved figure: WMP_Lib/Ni58/26375-40328_MT2.png
Saved figure: WMP_Lib/Ni58/26375-40328_MT27.png
Saved figure: WMP_Lib/Ni58/26375-40328_MT102.png
Vector fitting piece 9/36...
  energy: 3.513e+04 to 5.102e+04 eV (1521 points)
  error tolerance: rtol=0.001, atol=1e-05
Found 5 peaks
Fitting orders from 10 to 200
Order=10(0/96)
Order=12(1/96)
Order=14(2/96)
Order=16(3/96)
Order=18(4/96)
Order=20(5/96)
Order=22(6/96)
Order=24(7/96)
Order=26(8/96)
Order=28(9/96)
Order=30(10/96)
Order=32(11/96)
Order=34(12/96)
Order=36(13/96)
Order=38(14/96)
Order=40(15/96)
Order=42(16/96)
Order=44(17/96)
Order=46(18/96)
Order=48(19/96)
Order=50(20/96)
Order=52(21/96)
Order=54(22/96)
Order=56(23/96)
Order=58(24/96)
Order=60(25/96)
Found 6 real poles and 5 conjugate complex pairs.
Final number of poles: 11
Saved figure: WMP_Lib/Ni58/35128-51020_MT2.png
Saved figure: WMP_Lib/Ni58/35128-51020_MT27.png
Saved figure: WMP_Lib/Ni58/35128-51020_MT102.png
Vector fitting piece 10/36...
  energy: 4.497e+04 to 6.291e+04 eV (2063 points)
  error tolerance: rtol=0.001, atol=1e-05
Found 8 peaks
Fitting orders from 16 to 200
Order=16(0/93)
Order=18(1/93)
Order=20(2/93)
Order=22(3/93)
Order=24(4/93)
Order=26(5/93)
Order=28(6/93)
Order=30(7/93)
Order=32(8/93)
Order=34(9/93)
Order=36(10/93)
Order=38(11/93)
Order=40(12/93)
Order=42(13/93)
Order=44(14/93)
Order=46(15/93)
Order=48(16/93)
Order=50(17/93)
Order=52(18/93)
Order=54(19/93)
Order=56(20/93)
Order=58(21/93)
Order=60(22/93)
Order=62(23/93)
Order=64(24/93)
Order=66(25/93)
Order=68(26/93)
Order=70(27/93)
Found 2 real poles and 9 conjugate complex pairs.
Final number of poles: 11
Saved figure: WMP_Lib/Ni58/44975-62913_MT2.png
Saved figure: WMP_Lib/Ni58/44975-62913_MT27.png
Saved figure: WMP_Lib/Ni58/44975-62913_MT102.png
Vector fitting piece 11/36...
  energy: 5.627e+04 to 7.631e+04 eV (1661 points)
  error tolerance: rtol=0.001, atol=1e-05
Found 7 peaks
Fitting orders from 14 to 200
Order=14(0/94)
Order=16(1/94)
Order=18(2/94)
Order=20(3/94)
Order=22(4/94)
Order=24(5/94)
Order=26(6/94)
Order=28(7/94)
Order=30(8/94)
Order=32(9/94)
Order=34(10/94)
Order=36(11/94)
Order=38(12/94)
Order=40(13/94)
Order=42(14/94)
Order=44(15/94)
Order=46(16/94)
Order=48(17/94)
Order=50(18/94)
Order=52(19/94)
Order=54(20/94)
Order=56(21/94)
Order=58(22/94)
Order=60(23/94)
Found 2 real poles and 7 conjugate complex pairs.
Final number of poles: 9
Saved figure: WMP_Lib/Ni58/56266-76314_MT2.png
Saved figure: WMP_Lib/Ni58/56266-76314_MT27.png
Saved figure: WMP_Lib/Ni58/56266-76314_MT102.png
Vector fitting piece 12/36...
  energy: 6.892e+04 to 9.044e+04 eV (2040 points)
  error tolerance: rtol=0.001, atol=1e-05
Found 9 peaks
Fitting orders from 18 to 200
Order=18(0/92)
Order=20(1/92)
Order=22(2/92)
Order=24(3/92)
Order=26(4/92)
Order=28(5/92)
Order=30(6/92)
Order=32(7/92)
Order=34(8/92)
Order=36(9/92)
Order=38(10/92)
Order=40(11/92)
Order=42(12/92)
Order=44(13/92)
Order=46(14/92)
Order=48(15/92)
Order=50(16/92)
Order=52(17/92)
Order=54(18/92)
Order=56(19/92)
Order=58(20/92)
Order=60(21/92)
Order=62(22/92)
Order=64(23/92)
Order=66(24/92)
Order=68(25/92)
Order=70(26/92)
Found 0 real poles and 11 conjugate complex pairs.
Final number of poles: 11
Saved figure: WMP_Lib/Ni58/68925-90440_MT2.png
Saved figure: WMP_Lib/Ni58/68925-90440_MT27.png
Saved figure: WMP_Lib/Ni58/68925-90440_MT102.png
Vector fitting piece 13/36...
  energy: 8.270e+04 to 1.062e+05 eV (2677 points)
  error tolerance: rtol=0.001, atol=1e-05
Found 12 peaks
Fitting orders from 24 to 200
Order=24(0/89)
Order=26(1/89)
Order=28(2/89)
Order=30(3/89)
Order=32(4/89)
Order=34(5/89)
Order=36(6/89)
Order=38(7/89)
Order=40(8/89)
Order=42(9/89)
Order=44(10/89)
Order=46(11/89)
Order=48(12/89)
Order=50(13/89)
Order=52(14/89)
Order=54(15/89)
Order=56(16/89)
Order=58(17/89)
Order=60(18/89)
Order=62(19/89)
Order=64(20/89)
Order=66(21/89)
Order=68(22/89)
Order=70(23/89)
Found 4 real poles and 13 conjugate complex pairs.
Final number of poles: 17
Saved figure: WMP_Lib/Ni58/82704-106170_MT2.png
Saved figure: WMP_Lib/Ni58/82704-106170_MT27.png
Saved figure: WMP_Lib/Ni58/82704-106170_MT102.png
Vector fitting piece 14/36...
  energy: 9.773e+04 to 1.231e+05 eV (2559 points)
  error tolerance: rtol=0.001, atol=1e-05
Found 12 peaks
Fitting orders from 24 to 200
Order=24(0/89)
Order=26(1/89)
Order=28(2/89)
Order=30(3/89)
Order=32(4/89)
Order=34(5/89)
Order=36(6/89)
Order=38(7/89)
Order=40(8/89)
Order=42(9/89)
Order=44(10/89)
Order=46(11/89)
Order=48(12/89)
Order=50(13/89)
Order=52(14/89)
Order=54(15/89)
Order=56(16/89)
Order=58(17/89)
Order=60(18/89)
Order=62(19/89)
Order=64(20/89)
Order=66(21/89)
Order=68(22/89)
Order=70(23/89)
Found 2 real poles and 14 conjugate complex pairs.
Final number of poles: 16
Saved figure: WMP_Lib/Ni58/97728-123056_MT2.png
Saved figure: WMP_Lib/Ni58/97728-123056_MT27.png
Saved figure: WMP_Lib/Ni58/97728-123056_MT102.png
Vector fitting piece 15/36...
  energy: 1.140e+05 to 1.412e+05 eV (3639 points)
  error tolerance: rtol=0.001, atol=1e-05
Found 19 peaks
Fitting orders from 38 to 200
Order=38(0/82)
Order=40(1/82)
Order=42(2/82)
Order=44(3/82)
Order=46(4/82)
Order=48(5/82)
Order=50(6/82)
Order=52(7/82)
Order=54(8/82)
Order=56(9/82)
Order=58(10/82)
Order=60(11/82)
Order=62(12/82)
Order=64(13/82)
Order=66(14/82)
Order=68(15/82)
Order=70(16/82)
Found 6 real poles and 20 conjugate complex pairs.
Final number of poles: 26
Saved figure: WMP_Lib/Ni58/113989-141202_MT2.png
Saved figure: WMP_Lib/Ni58/113989-141202_MT27.png
Saved figure: WMP_Lib/Ni58/113989-141202_MT102.png
Vector fitting piece 16/36...
  energy: 1.315e+05 to 1.607e+05 eV (3947 points)
  error tolerance: rtol=0.001, atol=1e-05
Found 21 peaks
Fitting orders from 42 to 200
Order=42(0/80)
Order=44(1/80)
Order=46(2/80)
Order=48(3/80)
Order=50(4/80)
Order=52(5/80)
Order=54(6/80)
Order=56(7/80)
Order=58(8/80)
Order=60(9/80)
Order=62(10/80)
Order=64(11/80)
Order=66(12/80)
Order=68(13/80)
Order=70(14/80)
Found 2 real poles and 23 conjugate complex pairs.
Final number of poles: 25
Saved figure: WMP_Lib/Ni58/131537-160674_MT2.png
Saved figure: WMP_Lib/Ni58/131537-160674_MT27.png
Saved figure: WMP_Lib/Ni58/131537-160674_MT102.png
Vector fitting piece 17/36...
  energy: 1.503e+05 to 1.813e+05 eV (2954 points)
  error tolerance: rtol=0.001, atol=1e-05
Found 14 peaks
Fitting orders from 28 to 200
Order=28(0/87)
Order=30(1/87)
Order=32(2/87)
Order=34(3/87)
Order=36(4/87)
Order=38(5/87)
Order=40(6/87)
Order=42(7/87)
Order=44(8/87)
Order=46(9/87)
Order=48(10/87)
Order=50(11/87)
Order=52(12/87)
Order=54(13/87)
Order=56(14/87)
Order=58(15/87)
Order=60(16/87)
Found 4 real poles and 16 conjugate complex pairs.
Final number of poles: 20
Saved figure: WMP_Lib/Ni58/150275-181302_MT2.png
Saved figure: WMP_Lib/Ni58/150275-181302_MT27.png
Saved figure: WMP_Lib/Ni58/150275-181302_MT102.png
Vector fitting piece 18/36...
  energy: 1.703e+05 to 2.033e+05 eV (3732 points)
  error tolerance: rtol=0.001, atol=1e-05
Found 20 peaks
Fitting orders from 40 to 200
Order=40(0/81)
Order=42(1/81)
Order=44(2/81)
Order=46(3/81)
Order=48(4/81)
Order=50(5/81)
Order=52(6/81)
Order=54(7/81)
Order=56(8/81)
Order=58(9/81)
Order=60(10/81)
Order=62(11/81)
Order=64(12/81)
Order=66(13/81)
Order=68(14/81)
Order=70(15/81)
Found 4 real poles and 22 conjugate complex pairs.
Final number of poles: 26
Saved figure: WMP_Lib/Ni58/170346-203287_MT2.png
Saved figure: WMP_Lib/Ni58/170346-203287_MT27.png
Saved figure: WMP_Lib/Ni58/170346-203287_MT102.png
Vector fitting piece 19/36...
  energy: 1.916e+05 to 2.267e+05 eV (3375 points)
  error tolerance: rtol=0.001, atol=1e-05
Found 20 peaks
Fitting orders from 40 to 200
Order=40(0/81)
Order=42(1/81)
Order=44(2/81)
Order=46(3/81)
Order=48(4/81)
Order=50(5/81)
Order=52(6/81)
Order=54(7/81)
Order=56(8/81)
Order=58(9/81)
Order=60(10/81)
Order=62(11/81)
Order=64(12/81)
Order=66(13/81)
Order=68(14/81)
Order=70(15/81)
Found 2 real poles and 23 conjugate complex pairs.
Final number of poles: 25
Saved figure: WMP_Lib/Ni58/191637-226718_MT2.png
Saved figure: WMP_Lib/Ni58/191637-226718_MT27.png
Saved figure: WMP_Lib/Ni58/191637-226718_MT102.png
Vector fitting piece 20/36...
  energy: 2.141e+05 to 2.509e+05 eV (4435 points)
  error tolerance: rtol=0.001, atol=1e-05
Found 29 peaks
Fitting orders from 58 to 200
Order=58(0/72)
Order=60(1/72)
Order=62(2/72)
Order=64(3/72)
Order=66(4/72)
Order=68(5/72)
Order=70(6/72)
Order=72(7/72)
Order=74(8/72)
Order=76(9/72)
Order=78(10/72)
Order=80(11/72)
Order=82(12/72)
Order=84(13/72)
Found 2 real poles and 31 conjugate complex pairs.
Final number of poles: 33
Saved figure: WMP_Lib/Ni58/214072-250892_MT2.png
Saved figure: WMP_Lib/Ni58/214072-250892_MT27.png
Saved figure: WMP_Lib/Ni58/214072-250892_MT102.png
Vector fitting piece 21/36...
  energy: 2.377e+05 to 2.767e+05 eV (4098 points)
  error tolerance: rtol=0.001, atol=1e-05
Found 26 peaks
Fitting orders from 52 to 200
Order=52(0/75)
Order=54(1/75)
Order=56(2/75)
Order=58(3/75)
Order=60(4/75)
Order=62(5/75)
Order=64(6/75)
Order=66(7/75)
Order=68(8/75)
Order=70(9/75)
Order=72(10/75)
Order=74(11/75)
Order=76(12/75)
Order=78(13/75)
Order=80(14/75)
Found 4 real poles and 28 conjugate complex pairs.
Final number of poles: 32
Saved figure: WMP_Lib/Ni58/237708-276659_MT2.png
Saved figure: WMP_Lib/Ni58/237708-276659_MT27.png
Saved figure: WMP_Lib/Ni58/237708-276659_MT102.png
Vector fitting piece 22/36...
  energy: 2.630e+05 to 3.036e+05 eV (4130 points)
  error tolerance: rtol=0.001, atol=1e-05
Found 25 peaks
Fitting orders from 50 to 200
Order=50(0/76)
Order=52(1/76)
Order=54(2/76)
Order=56(3/76)
Order=58(4/76)
Order=60(5/76)
Order=62(6/76)
Order=64(7/76)
Order=66(8/76)
Order=68(9/76)
Order=70(10/76)
Order=72(11/76)
Order=74(12/76)
Order=76(13/76)
Found 6 real poles and 25 conjugate complex pairs.
Final number of poles: 31
Saved figure: WMP_Lib/Ni58/262972-303619_MT2.png
Saved figure: WMP_Lib/Ni58/262972-303619_MT27.png
Saved figure: WMP_Lib/Ni58/262972-303619_MT102.png
Vector fitting piece 23/36...
  energy: 2.893e+05 to 3.319e+05 eV (4146 points)
  error tolerance: rtol=0.001, atol=1e-05
Found 28 peaks
Fitting orders from 56 to 200
Order=56(0/73)
Order=58(1/73)
Order=60(2/73)
Order=62(3/73)
Order=64(4/73)
Order=66(5/73)
Order=68(6/73)
Order=70(7/73)
Order=72(8/73)
Order=74(9/73)
Order=76(10/73)
Order=78(11/73)
Order=80(12/73)
Found 6 real poles and 27 conjugate complex pairs.
Final number of poles: 33
Saved figure: WMP_Lib/Ni58/289332-331913_MT2.png
Saved figure: WMP_Lib/Ni58/289332-331913_MT27.png
Saved figure: WMP_Lib/Ni58/289332-331913_MT102.png
Vector fitting piece 24/36...
  energy: 3.169e+05 to 3.613e+05 eV (4210 points)
  error tolerance: rtol=0.001, atol=1e-05
Found 28 peaks
Fitting orders from 56 to 200
Order=56(0/73)
Order=58(1/73)
Order=60(2/73)
Order=62(3/73)
Order=64(4/73)
Order=66(5/73)
Order=68(6/73)
Order=70(7/73)
Order=72(8/73)
Order=74(9/73)
Order=76(10/73)
Order=78(11/73)
Found 2 real poles and 28 conjugate complex pairs.
Final number of poles: 30
Saved figure: WMP_Lib/Ni58/316880-361258_MT2.png
Saved figure: WMP_Lib/Ni58/316880-361258_MT27.png
Saved figure: WMP_Lib/Ni58/316880-361258_MT102.png
Vector fitting piece 25/36...
  energy: 3.457e+05 to 3.921e+05 eV (4131 points)
  error tolerance: rtol=0.001, atol=1e-05
Found 25 peaks
Fitting orders from 50 to 200
Order=50(0/76)
Order=52(1/76)
Order=54(2/76)
Order=56(3/76)
Order=58(4/76)
Order=60(5/76)
Order=62(6/76)
Order=64(7/76)
Order=66(8/76)
Order=68(9/76)
Order=70(10/76)
Order=72(11/76)
Order=74(12/76)
Order=76(13/76)
Found 6 real poles and 25 conjugate complex pairs.
Final number of poles: 31
Saved figure: WMP_Lib/Ni58/345679-392061_MT2.png
Saved figure: WMP_Lib/Ni58/345679-392061_MT27.png
Saved figure: WMP_Lib/Ni58/345679-392061_MT102.png
Vector fitting piece 26/36...
  energy: 3.757e+05 to 4.240e+05 eV (4123 points)
  error tolerance: rtol=0.001, atol=1e-05
Found 27 peaks
Fitting orders from 54 to 200
Order=54(0/74)
Order=56(1/74)
Order=58(2/74)
Order=60(3/74)
Order=62(4/74)
Order=64(5/74)
Order=66(6/74)
Order=68(7/74)
Order=70(8/74)
Order=72(9/74)
Order=74(10/74)
Order=76(11/74)
Order=78(12/74)
Order=80(13/74)
Order=82(14/74)
Found 4 real poles and 29 conjugate complex pairs.
Final number of poles: 33
Saved figure: WMP_Lib/Ni58/375688-424000_MT2.png
Saved figure: WMP_Lib/Ni58/375688-424000_MT27.png
Saved figure: WMP_Lib/Ni58/375688-424000_MT102.png
Vector fitting piece 27/36...
  energy: 4.071e+05 to 4.572e+05 eV (4606 points)
  error tolerance: rtol=0.001, atol=1e-05
Found 32 peaks
Fitting orders from 64 to 200
Order=64(0/69)
Order=66(1/69)
Order=68(2/69)
Order=70(3/69)
Order=72(4/69)
Order=74(5/69)
Order=76(6/69)
Order=78(7/69)
Order=80(8/69)
Order=82(9/69)
Order=84(10/69)
Order=86(11/69)
Order=88(12/69)
Order=90(13/69)
Order=92(14/69)
Order=94(15/69)
Found 4 real poles and 35 conjugate complex pairs.
Final number of poles: 39
Saved figure: WMP_Lib/Ni58/407066-457186_MT2.png
Saved figure: WMP_Lib/Ni58/407066-457186_MT27.png
Saved figure: WMP_Lib/Ni58/407066-457186_MT102.png
Vector fitting piece 28/36...
  energy: 4.396e+05 to 4.916e+05 eV (3449 points)
  error tolerance: rtol=0.001, atol=1e-05
Found 22 peaks
Fitting orders from 44 to 200
Order=44(0/79)
Order=46(1/79)
Order=48(2/79)
Order=50(3/79)
Order=52(4/79)
Order=54(5/79)
Order=56(6/79)
Order=58(7/79)
Order=60(8/79)
Order=62(9/79)
Order=64(10/79)
Found 4 real poles and 25 conjugate complex pairs.
Final number of poles: 29
Saved figure: WMP_Lib/Ni58/439626-491597_MT2.png
Saved figure: WMP_Lib/Ni58/439626-491597_MT27.png
Saved figure: WMP_Lib/Ni58/439626-491597_MT102.png
Vector fitting piece 29/36...
  energy: 4.734e+05 to 5.274e+05 eV (4399 points)
  error tolerance: rtol=0.001, atol=1e-05
Found 33 peaks
Fitting orders from 66 to 200
Order=66(0/68)
Order=68(1/68)
Order=70(2/68)
Order=72(3/68)
Order=74(4/68)
Order=76(5/68)
Order=78(6/68)
Order=80(7/68)
Order=82(8/68)
Order=84(9/68)
Order=86(10/68)
Order=88(11/68)
Order=90(12/68)
Order=92(13/68)
Order=94(14/68)
Order=96(15/68)
Order=98(16/68)
Found 6 real poles and 36 conjugate complex pairs.
Final number of poles: 42
Saved figure: WMP_Lib/Ni58/473430-527364_MT2.png
Saved figure: WMP_Lib/Ni58/473430-527364_MT27.png
Saved figure: WMP_Lib/Ni58/473430-527364_MT102.png
Vector fitting piece 30/36...
  energy: 5.085e+05 to 5.644e+05 eV (4349 points)
  error tolerance: rtol=0.001, atol=1e-05
Found 33 peaks
Fitting orders from 66 to 200
Order=66(0/68)
Order=68(1/68)
Order=70(2/68)
Order=72(3/68)
Order=74(4/68)
Order=76(5/68)
Order=78(6/68)
Order=80(7/68)
Order=82(8/68)
Order=84(9/68)
Order=86(10/68)
Order=88(11/68)
Order=90(12/68)
Order=92(13/68)
Order=94(14/68)
Order=96(15/68)
Order=98(16/68)
Found 0 real poles and 39 conjugate complex pairs.
Final number of poles: 39
Saved figure: WMP_Lib/Ni58/508526-564406_MT2.png
Saved figure: WMP_Lib/Ni58/508526-564406_MT27.png
Saved figure: WMP_Lib/Ni58/508526-564406_MT102.png
Vector fitting piece 31/36...
  energy: 5.449e+05 to 6.026e+05 eV (3406 points)
  error tolerance: rtol=0.001, atol=1e-05
Found 26 peaks
Fitting orders from 52 to 200
Order=52(0/75)
Order=54(1/75)
Order=56(2/75)
Order=58(3/75)
Order=60(4/75)
Order=62(5/75)
Order=64(6/75)
Order=66(7/75)
Order=68(8/75)
Order=70(9/75)
Order=72(10/75)
Order=74(11/75)
Order=76(12/75)
Order=78(13/75)
Order=80(14/75)
Order=82(15/75)
Order=84(16/75)
Order=86(17/75)
Found 2 real poles and 32 conjugate complex pairs.
Final number of poles: 34
Saved figure: WMP_Lib/Ni58/544852-602627_MT2.png
Saved figure: WMP_Lib/Ni58/544852-602627_MT27.png
Saved figure: WMP_Lib/Ni58/544852-602627_MT102.png
Vector fitting piece 32/36...
  energy: 5.824e+05 to 6.422e+05 eV (4023 points)
  error tolerance: rtol=0.001, atol=1e-05
Found 33 peaks
Fitting orders from 66 to 200
Order=66(0/68)
Order=68(1/68)
Order=70(2/68)
Order=72(3/68)
Order=74(4/68)
Order=76(5/68)
Order=78(6/68)
Order=80(7/68)
Order=82(8/68)
Order=84(9/68)
Order=86(10/68)
Order=88(11/68)
Order=90(12/68)
Found 4 real poles and 38 conjugate complex pairs.
Final number of poles: 42
Saved figure: WMP_Lib/Ni58/582429-642156_MT2.png
Saved figure: WMP_Lib/Ni58/582429-642156_MT27.png
Saved figure: WMP_Lib/Ni58/582429-642156_MT102.png
Vector fitting piece 33/36...
  energy: 6.212e+05 to 6.829e+05 eV (4318 points)
  error tolerance: rtol=0.001, atol=1e-05
Found 37 peaks
Fitting orders from 74 to 200
Order=74(0/64)
Order=76(1/64)
Order=78(2/64)
Order=80(3/64)
Order=82(4/64)
Order=84(5/64)
Order=86(6/64)
Order=88(7/64)
Order=90(8/64)
Order=92(9/64)
Order=94(10/64)
Order=96(11/64)
Order=98(12/64)
Found 6 real poles and 41 conjugate complex pairs.
Final number of poles: 47
Saved figure: WMP_Lib/Ni58/621208-682900_MT2.png
Saved figure: WMP_Lib/Ni58/621208-682900_MT27.png
Saved figure: WMP_Lib/Ni58/621208-682900_MT102.png
Vector fitting piece 34/36...
  energy: 6.613e+05 to 7.250e+05 eV (4325 points)
  error tolerance: rtol=0.001, atol=1e-05
Found 38 peaks
Fitting orders from 76 to 200
Order=76(0/63)
Order=78(1/63)
Order=80(2/63)
Order=82(3/63)
Order=84(4/63)
Order=86(5/63)
Order=88(6/63)
Order=90(7/63)
Order=92(8/63)
Order=94(9/63)
Order=96(10/63)
Found 2 real poles and 42 conjugate complex pairs.
Final number of poles: 44
Saved figure: WMP_Lib/Ni58/661345-724991_MT2.png
Saved figure: WMP_Lib/Ni58/661345-724991_MT27.png
Saved figure: WMP_Lib/Ni58/661345-724991_MT102.png
Vector fitting piece 35/36...
  energy: 7.027e+05 to 7.680e+05 eV (4455 points)
  error tolerance: rtol=0.001, atol=1e-05
Found 45 peaks
Fitting orders from 90 to 200
Order=90(0/56)
Order=92(1/56)
Order=94(2/56)
Order=96(3/56)
Order=98(4/56)
Order=100(5/56)
Order=102(6/56)
Order=104(7/56)
Order=106(8/56)
Order=108(9/56)
Order=110(10/56)
Order=112(11/56)
Order=114(12/56)
Order=116(13/56)
Found 4 real poles and 46 conjugate complex pairs.
Final number of poles: 50
Saved figure: WMP_Lib/Ni58/702682-768027_MT2.png
Saved figure: WMP_Lib/Ni58/702682-768027_MT27.png
Saved figure: WMP_Lib/Ni58/702682-768027_MT102.png
Vector fitting piece 36/36...
  energy: 7.453e+05 to 8.120e+05 eV (4265 points)
  error tolerance: rtol=0.001, atol=1e-05
Found 39 peaks
Fitting orders from 78 to 200
Order=78(0/62)
Order=80(1/62)
Order=82(2/62)
Order=84(3/62)
Order=86(4/62)
Order=88(5/62)
Order=90(6/62)
Order=92(7/62)
Order=94(8/62)
Order=96(9/62)
Order=98(10/62)
Order=100(11/62)
Order=102(12/62)
Order=104(13/62)
Order=106(14/62)
Order=108(15/62)
Found 2 real poles and 43 conjugate complex pairs.
Final number of poles: 45
Saved figure: WMP_Lib/Ni58/745276-812000_MT2.png
Saved figure: WMP_Lib/Ni58/745276-812000_MT27.png
Saved figure: WMP_Lib/Ni58/745276-812000_MT102.png
Dumped multipole data to file: WMP_Lib/Ni58/Ni58_mp.pickle
Start searching ...
Testing N_win=44 N_cf=10
Windowing:
  config: # windows=44, spacing=20.479709280016994, CF order=10
  error tolerance: rtol=0.001, atol=1e-05
Best library so far.
Testing N_win=44 N_cf=9
Windowing:
  config: # windows=44, spacing=20.479709280016994, CF order=9
  error tolerance: rtol=0.001, atol=1e-05
Best library so far.
Testing N_win=44 N_cf=8
Windowing:
  config: # windows=44, spacing=20.479709280016994, CF order=8
  error tolerance: rtol=0.001, atol=1e-05
Best library so far.
Testing N_win=44 N_cf=7
Windowing:
  config: # windows=44, spacing=20.479709280016994, CF order=7
  error tolerance: rtol=0.001, atol=1e-05
Best library so far.
Testing N_win=44 N_cf=6
Windowing:
  config: # windows=44, spacing=20.479709280016994, CF order=6
  error tolerance: rtol=0.001, atol=1e-05
Best library so far.
Testing N_win=44 N_cf=5
Windowing:
  config: # windows=44, spacing=20.479709280016994, CF order=5
  error tolerance: rtol=0.001, atol=1e-05
Best library so far.
Testing N_win=44 N_cf=4
Windowing:
  config: # windows=44, spacing=20.479709280016994, CF order=4
  error tolerance: rtol=0.001, atol=1e-05
Best library so far.
Testing N_win=44 N_cf=3
Windowing:
  config: # windows=44, spacing=20.479709280016994, CF order=3
  error tolerance: rtol=0.001, atol=1e-05
Failed: Pure curvefit failed for the first window!
Testing N_win=146 N_cf=10
Windowing:
  config: # windows=146, spacing=6.171967180279094, CF order=10
  error tolerance: rtol=0.001, atol=1e-05
Best library so far.
Testing N_win=146 N_cf=9
Windowing:
  config: # windows=146, spacing=6.171967180279094, CF order=9
  error tolerance: rtol=0.001, atol=1e-05
Best library so far.
Testing N_win=146 N_cf=8
Windowing:
  config: # windows=146, spacing=6.171967180279094, CF order=8
  error tolerance: rtol=0.001, atol=1e-05
Best library so far.
Testing N_win=146 N_cf=7
Windowing:
  config: # windows=146, spacing=6.171967180279094, CF order=7
  error tolerance: rtol=0.001, atol=1e-05
Best library so far.
Testing N_win=146 N_cf=6
Windowing:
  config: # windows=146, spacing=6.171967180279094, CF order=6
  error tolerance: rtol=0.001, atol=1e-05
Best library so far.
Testing N_win=146 N_cf=5
Windowing:
  config: # windows=146, spacing=6.171967180279094, CF order=5
  error tolerance: rtol=0.001, atol=1e-05
Best library so far.
Testing N_win=146 N_cf=4
Windowing:
  config: # windows=146, spacing=6.171967180279094, CF order=4
  error tolerance: rtol=0.001, atol=1e-05
Best library so far.
Testing N_win=146 N_cf=3
Windowing:
  config: # windows=146, spacing=6.171967180279094, CF order=3
  error tolerance: rtol=0.001, atol=1e-05
Best library so far.
Testing N_win=146 N_cf=2
Windowing:
  config: # windows=146, spacing=6.171967180279094, CF order=2
  error tolerance: rtol=0.001, atol=1e-05
Failed: Pure curvefit failed for the first window!
Testing N_win=249 N_cf=10
Windowing:
  config: # windows=249, spacing=3.6189044510873405, CF order=10
  error tolerance: rtol=0.001, atol=1e-05
Best library so far.
Testing N_win=249 N_cf=9
Windowing:
  config: # windows=249, spacing=3.6189044510873405, CF order=9
  error tolerance: rtol=0.001, atol=1e-05
Best library so far.
Testing N_win=249 N_cf=8
Windowing:
  config: # windows=249, spacing=3.6189044510873405, CF order=8
  error tolerance: rtol=0.001, atol=1e-05
Best library so far.
Testing N_win=249 N_cf=7
Windowing:
  config: # windows=249, spacing=3.6189044510873405, CF order=7
  error tolerance: rtol=0.001, atol=1e-05
Best library so far.
Testing N_win=249 N_cf=6
Windowing:
  config: # windows=249, spacing=3.6189044510873405, CF order=6
  error tolerance: rtol=0.001, atol=1e-05
Best library so far.
Testing N_win=249 N_cf=5
Windowing:
  config: # windows=249, spacing=3.6189044510873405, CF order=5
  error tolerance: rtol=0.001, atol=1e-05
Best library so far.
Testing N_win=249 N_cf=4
Windowing:
  config: # windows=249, spacing=3.6189044510873405, CF order=4
  error tolerance: rtol=0.001, atol=1e-05
Best library so far.
Testing N_win=249 N_cf=3
Windowing:
  config: # windows=249, spacing=3.6189044510873405, CF order=3
  error tolerance: rtol=0.001, atol=1e-05
Best library so far.
Testing N_win=249 N_cf=2
Windowing:
  config: # windows=249, spacing=3.6189044510873405, CF order=2
  error tolerance: rtol=0.001, atol=1e-05
Failed: Pure curvefit failed for the first window!
Testing N_win=352 N_cf=10
Windowing:
  config: # windows=352, spacing=2.5599636600021243, CF order=10
  error tolerance: rtol=0.001, atol=1e-05
Best library so far.
Testing N_win=352 N_cf=9
Windowing:
  config: # windows=352, spacing=2.5599636600021243, CF order=9
  error tolerance: rtol=0.001, atol=1e-05
Best library so far.
Testing N_win=352 N_cf=8
Windowing:
  config: # windows=352, spacing=2.5599636600021243, CF order=8
  error tolerance: rtol=0.001, atol=1e-05
Best library so far.
Testing N_win=352 N_cf=7
Windowing:
  config: # windows=352, spacing=2.5599636600021243, CF order=7
  error tolerance: rtol=0.001, atol=1e-05
Best library so far.
Testing N_win=352 N_cf=6
Windowing:
  config: # windows=352, spacing=2.5599636600021243, CF order=6
  error tolerance: rtol=0.001, atol=1e-05
Best library so far.
Testing N_win=352 N_cf=5
Windowing:
  config: # windows=352, spacing=2.5599636600021243, CF order=5
  error tolerance: rtol=0.001, atol=1e-05
Best library so far.
Testing N_win=352 N_cf=4
Windowing:
  config: # windows=352, spacing=2.5599636600021243, CF order=4
  error tolerance: rtol=0.001, atol=1e-05
Testing N_win=352 N_cf=3
Windowing:
  config: # windows=352, spacing=2.5599636600021243, CF order=3
  error tolerance: rtol=0.001, atol=1e-05
Best library so far.
Testing N_win=352 N_cf=2
Windowing:
  config: # windows=352, spacing=2.5599636600021243, CF order=2
  error tolerance: rtol=0.001, atol=1e-05
Best library so far.
Testing N_win=455 N_cf=10
Windowing:
  config: # windows=455, spacing=1.9804554029027424, CF order=10
  error tolerance: rtol=0.001, atol=1e-05
Testing N_win=455 N_cf=9
Windowing:
  config: # windows=455, spacing=1.9804554029027424, CF order=9
  error tolerance: rtol=0.001, atol=1e-05
Best library so far.
Testing N_win=455 N_cf=8
Windowing:
  config: # windows=455, spacing=1.9804554029027424, CF order=8
  error tolerance: rtol=0.001, atol=1e-05
Best library so far.
Testing N_win=455 N_cf=7
Windowing:
  config: # windows=455, spacing=1.9804554029027424, CF order=7
  error tolerance: rtol=0.001, atol=1e-05
Best library so far.
Testing N_win=455 N_cf=6
Windowing:
  config: # windows=455, spacing=1.9804554029027424, CF order=6
  error tolerance: rtol=0.001, atol=1e-05
Best library so far.
Testing N_win=455 N_cf=5
Windowing:
  config: # windows=455, spacing=1.9804554029027424, CF order=5
  error tolerance: rtol=0.001, atol=1e-05
Best library so far.
Testing N_win=455 N_cf=4
Windowing:
  config: # windows=455, spacing=1.9804554029027424, CF order=4
  error tolerance: rtol=0.001, atol=1e-05
Best library so far.
Testing N_win=455 N_cf=3
Windowing:
  config: # windows=455, spacing=1.9804554029027424, CF order=3
  error tolerance: rtol=0.001, atol=1e-05
Best library so far.
Testing N_win=455 N_cf=2
Windowing:
  config: # windows=455, spacing=1.9804554029027424, CF order=2
  error tolerance: rtol=0.001, atol=1e-05
Best library so far.
Testing N_win=558 N_cf=10
Windowing:
  config: # windows=558, spacing=1.614887470108867, CF order=10
  error tolerance: rtol=0.001, atol=1e-05
Testing N_win=558 N_cf=9
Windowing:
  config: # windows=558, spacing=1.614887470108867, CF order=9
  error tolerance: rtol=0.001, atol=1e-05
Testing N_win=558 N_cf=8
Windowing:
  config: # windows=558, spacing=1.614887470108867, CF order=8
  error tolerance: rtol=0.001, atol=1e-05
Testing N_win=558 N_cf=7
Windowing:
  config: # windows=558, spacing=1.614887470108867, CF order=7
  error tolerance: rtol=0.001, atol=1e-05
Testing N_win=558 N_cf=6
Windowing:
  config: # windows=558, spacing=1.614887470108867, CF order=6
  error tolerance: rtol=0.001, atol=1e-05
Best library so far.
Testing N_win=558 N_cf=5
Windowing:
  config: # windows=558, spacing=1.614887470108867, CF order=5
  error tolerance: rtol=0.001, atol=1e-05
Best library so far.
Testing N_win=558 N_cf=4
Windowing:
  config: # windows=558, spacing=1.614887470108867, CF order=4
  error tolerance: rtol=0.001, atol=1e-05
Best library so far.
Testing N_win=558 N_cf=3
Windowing:
  config: # windows=558, spacing=1.614887470108867, CF order=3
  error tolerance: rtol=0.001, atol=1e-05
Best library so far.
Testing N_win=558 N_cf=2
Windowing:
  config: # windows=558, spacing=1.614887470108867, CF order=2
  error tolerance: rtol=0.001, atol=1e-05
Best library so far.
Testing N_win=661 N_cf=10
Windowing:
  config: # windows=661, spacing=1.3632484240858513, CF order=10
  error tolerance: rtol=0.001, atol=1e-05
Testing N_win=661 N_cf=9
Windowing:
  config: # windows=661, spacing=1.3632484240858513, CF order=9
  error tolerance: rtol=0.001, atol=1e-05
Testing N_win=661 N_cf=8
Windowing:
  config: # windows=661, spacing=1.3632484240858513, CF order=8
  error tolerance: rtol=0.001, atol=1e-05
Testing N_win=661 N_cf=7
Windowing:
  config: # windows=661, spacing=1.3632484240858513, CF order=7
  error tolerance: rtol=0.001, atol=1e-05
Testing N_win=661 N_cf=6
Windowing:
  config: # windows=661, spacing=1.3632484240858513, CF order=6
  error tolerance: rtol=0.001, atol=1e-05
Best library so far.
Testing N_win=661 N_cf=5
Windowing:
  config: # windows=661, spacing=1.3632484240858513, CF order=5
  error tolerance: rtol=0.001, atol=1e-05
Best library so far.
Testing N_win=661 N_cf=4
Windowing:
  config: # windows=661, spacing=1.3632484240858513, CF order=4
  error tolerance: rtol=0.001, atol=1e-05
Best library so far.
Testing N_win=661 N_cf=3
Windowing:
  config: # windows=661, spacing=1.3632484240858513, CF order=3
  error tolerance: rtol=0.001, atol=1e-05
Best library so far.
Testing N_win=661 N_cf=2
Windowing:
  config: # windows=661, spacing=1.3632484240858513, CF order=2
  error tolerance: rtol=0.001, atol=1e-05
Best library so far.
Testing N_win=764 N_cf=10
Windowing:
  config: # windows=764, spacing=1.1794596967549054, CF order=10
  error tolerance: rtol=0.001, atol=1e-05
Testing N_win=764 N_cf=9
Windowing:
  config: # windows=764, spacing=1.1794596967549054, CF order=9
  error tolerance: rtol=0.001, atol=1e-05
Testing N_win=764 N_cf=8
Windowing:
  config: # windows=764, spacing=1.1794596967549054, CF order=8
  error tolerance: rtol=0.001, atol=1e-05
Testing N_win=764 N_cf=7
Windowing:
  config: # windows=764, spacing=1.1794596967549054, CF order=7
  error tolerance: rtol=0.001, atol=1e-05
Testing N_win=764 N_cf=6
Windowing:
  config: # windows=764, spacing=1.1794596967549054, CF order=6
  error tolerance: rtol=0.001, atol=1e-05
Best library so far.
Testing N_win=764 N_cf=5
Windowing:
  config: # windows=764, spacing=1.1794596967549054, CF order=5
  error tolerance: rtol=0.001, atol=1e-05
Best library so far.
Testing N_win=764 N_cf=4
Windowing:
  config: # windows=764, spacing=1.1794596967549054, CF order=4
  error tolerance: rtol=0.001, atol=1e-05
Best library so far.
Testing N_win=764 N_cf=3
Windowing:
  config: # windows=764, spacing=1.1794596967549054, CF order=3
  error tolerance: rtol=0.001, atol=1e-05
Best library so far.
Testing N_win=764 N_cf=2
Windowing:
  config: # windows=764, spacing=1.1794596967549054, CF order=2
  error tolerance: rtol=0.001, atol=1e-05
Best library so far.
Testing N_win=867 N_cf=10
Windowing:
  config: # windows=867, spacing=1.0393393406237, CF order=10
  error tolerance: rtol=0.001, atol=1e-05
Testing N_win=867 N_cf=9
Windowing:
  config: # windows=867, spacing=1.0393393406237, CF order=9
  error tolerance: rtol=0.001, atol=1e-05
Testing N_win=867 N_cf=8
Windowing:
  config: # windows=867, spacing=1.0393393406237, CF order=8
  error tolerance: rtol=0.001, atol=1e-05
Testing N_win=867 N_cf=7
Windowing:
  config: # windows=867, spacing=1.0393393406237, CF order=7
  error tolerance: rtol=0.001, atol=1e-05
Testing N_win=867 N_cf=6
Windowing:
  config: # windows=867, spacing=1.0393393406237, CF order=6
  error tolerance: rtol=0.001, atol=1e-05
Testing N_win=867 N_cf=5
Windowing:
  config: # windows=867, spacing=1.0393393406237, CF order=5
  error tolerance: rtol=0.001, atol=1e-05
Best library so far.
Testing N_win=867 N_cf=4
Windowing:
  config: # windows=867, spacing=1.0393393406237, CF order=4
  error tolerance: rtol=0.001, atol=1e-05
Best library so far.
Testing N_win=867 N_cf=3
Windowing:
  config: # windows=867, spacing=1.0393393406237, CF order=3
  error tolerance: rtol=0.001, atol=1e-05
Best library so far.
Testing N_win=867 N_cf=2
Windowing:
  config: # windows=867, spacing=1.0393393406237, CF order=2
  error tolerance: rtol=0.001, atol=1e-05
Best library so far.
Testing N_win=970 N_cf=10
Windowing:
  config: # windows=970, spacing=0.9289765034234513, CF order=10
  error tolerance: rtol=0.001, atol=1e-05
Testing N_win=970 N_cf=9
Windowing:
  config: # windows=970, spacing=0.9289765034234513, CF order=9
  error tolerance: rtol=0.001, atol=1e-05
Testing N_win=970 N_cf=8
Windowing:
  config: # windows=970, spacing=0.9289765034234513, CF order=8
  error tolerance: rtol=0.001, atol=1e-05
Testing N_win=970 N_cf=7
Windowing:
  config: # windows=970, spacing=0.9289765034234513, CF order=7
  error tolerance: rtol=0.001, atol=1e-05
Testing N_win=970 N_cf=6
Windowing:
  config: # windows=970, spacing=0.9289765034234513, CF order=6
  error tolerance: rtol=0.001, atol=1e-05
Testing N_win=970 N_cf=5
Windowing:
  config: # windows=970, spacing=0.9289765034234513, CF order=5
  error tolerance: rtol=0.001, atol=1e-05
Testing N_win=970 N_cf=4
Windowing:
  config: # windows=970, spacing=0.9289765034234513, CF order=4
  error tolerance: rtol=0.001, atol=1e-05
Testing N_win=970 N_cf=3
Windowing:
  config: # windows=970, spacing=0.9289765034234513, CF order=3
  error tolerance: rtol=0.001, atol=1e-05
Best library so far.
Testing N_win=970 N_cf=2
Windowing:
  config: # windows=970, spacing=0.9289765034234513, CF order=2
  error tolerance: rtol=0.001, atol=1e-05
Best library so far.
Testing N_win=1073 N_cf=10
Windowing:
  config: # windows=1073, spacing=0.8398016852942664, CF order=10
  error tolerance: rtol=0.001, atol=1e-05
Testing N_win=1073 N_cf=9
Windowing:
  config: # windows=1073, spacing=0.8398016852942664, CF order=9
  error tolerance: rtol=0.001, atol=1e-05
Testing N_win=1073 N_cf=8
Windowing:
  config: # windows=1073, spacing=0.8398016852942664, CF order=8
  error tolerance: rtol=0.001, atol=1e-05
Testing N_win=1073 N_cf=7
Windowing:
  config: # windows=1073, spacing=0.8398016852942664, CF order=7
  error tolerance: rtol=0.001, atol=1e-05
Testing N_win=1073 N_cf=6
Windowing:
  config: # windows=1073, spacing=0.8398016852942664, CF order=6
  error tolerance: rtol=0.001, atol=1e-05
Testing N_win=1073 N_cf=5
Windowing:
  config: # windows=1073, spacing=0.8398016852942664, CF order=5
  error tolerance: rtol=0.001, atol=1e-05
Testing N_win=1073 N_cf=4
Windowing:
  config: # windows=1073, spacing=0.8398016852942664, CF order=4
  error tolerance: rtol=0.001, atol=1e-05
Testing N_win=1073 N_cf=3
Windowing:
  config: # windows=1073, spacing=0.8398016852942664, CF order=3
  error tolerance: rtol=0.001, atol=1e-05
Testing N_win=1073 N_cf=2
Windowing:
  config: # windows=1073, spacing=0.8398016852942664, CF order=2
  error tolerance: rtol=0.001, atol=1e-05
Best library so far.
Testing N_win=1176 N_cf=10
Windowing:
  config: # windows=1176, spacing=0.7662476261230848, CF order=10
  error tolerance: rtol=0.001, atol=1e-05
Testing N_win=1176 N_cf=9
Windowing:
  config: # windows=1176, spacing=0.7662476261230848, CF order=9
  error tolerance: rtol=0.001, atol=1e-05
Testing N_win=1176 N_cf=8
Windowing:
  config: # windows=1176, spacing=0.7662476261230848, CF order=8
  error tolerance: rtol=0.001, atol=1e-05
Testing N_win=1176 N_cf=7
Windowing:
  config: # windows=1176, spacing=0.7662476261230848, CF order=7
  error tolerance: rtol=0.001, atol=1e-05
Testing N_win=1176 N_cf=6
Windowing:
  config: # windows=1176, spacing=0.7662476261230848, CF order=6
  error tolerance: rtol=0.001, atol=1e-05
Testing N_win=1176 N_cf=5
Windowing:
  config: # windows=1176, spacing=0.7662476261230848, CF order=5
  error tolerance: rtol=0.001, atol=1e-05
Testing N_win=1176 N_cf=4
Windowing:
  config: # windows=1176, spacing=0.7662476261230848, CF order=4
  error tolerance: rtol=0.001, atol=1e-05
Testing N_win=1176 N_cf=3
Windowing:
  config: # windows=1176, spacing=0.7662476261230848, CF order=3
  error tolerance: rtol=0.001, atol=1e-05
Best library so far.
Testing N_win=1176 N_cf=2
Windowing:
  config: # windows=1176, spacing=0.7662476261230848, CF order=2
  error tolerance: rtol=0.001, atol=1e-05
Best library so far.
Testing N_win=1279 N_cf=10
Windowing:
  config: # windows=1279, spacing=0.7045404287105143, CF order=10
  error tolerance: rtol=0.001, atol=1e-05
Testing N_win=1279 N_cf=9
Windowing:
  config: # windows=1279, spacing=0.7045404287105143, CF order=9
  error tolerance: rtol=0.001, atol=1e-05
Testing N_win=1279 N_cf=8
Windowing:
  config: # windows=1279, spacing=0.7045404287105143, CF order=8
  error tolerance: rtol=0.001, atol=1e-05
Testing N_win=1279 N_cf=7
Windowing:
  config: # windows=1279, spacing=0.7045404287105143, CF order=7
  error tolerance: rtol=0.001, atol=1e-05
Testing N_win=1279 N_cf=6
Windowing:
  config: # windows=1279, spacing=0.7045404287105143, CF order=6
  error tolerance: rtol=0.001, atol=1e-05
Testing N_win=1279 N_cf=5
Windowing:
  config: # windows=1279, spacing=0.7045404287105143, CF order=5
  error tolerance: rtol=0.001, atol=1e-05
Testing N_win=1279 N_cf=4
Windowing:
  config: # windows=1279, spacing=0.7045404287105143, CF order=4
  error tolerance: rtol=0.001, atol=1e-05
Testing N_win=1279 N_cf=3
Windowing:
  config: # windows=1279, spacing=0.7045404287105143, CF order=3
  error tolerance: rtol=0.001, atol=1e-05
Testing N_win=1279 N_cf=2
Windowing:
  config: # windows=1279, spacing=0.7045404287105143, CF order=2
  error tolerance: rtol=0.001, atol=1e-05
Best library so far.
Testing N_win=1382 N_cf=10
Windowing:
  config: # windows=1382, spacing=0.6520312650656641, CF order=10
  error tolerance: rtol=0.001, atol=1e-05
Testing N_win=1382 N_cf=9
Windowing:
  config: # windows=1382, spacing=0.6520312650656641, CF order=9
  error tolerance: rtol=0.001, atol=1e-05
Testing N_win=1382 N_cf=8
Windowing:
  config: # windows=1382, spacing=0.6520312650656641, CF order=8
  error tolerance: rtol=0.001, atol=1e-05
Testing N_win=1382 N_cf=7
Windowing:
  config: # windows=1382, spacing=0.6520312650656641, CF order=7
  error tolerance: rtol=0.001, atol=1e-05
Testing N_win=1382 N_cf=6
Windowing:
  config: # windows=1382, spacing=0.6520312650656641, CF order=6
  error tolerance: rtol=0.001, atol=1e-05
Testing N_win=1382 N_cf=5
Windowing:
  config: # windows=1382, spacing=0.6520312650656641, CF order=5
  error tolerance: rtol=0.001, atol=1e-05
Testing N_win=1382 N_cf=4
Windowing:
  config: # windows=1382, spacing=0.6520312650656641, CF order=4
  error tolerance: rtol=0.001, atol=1e-05
Testing N_win=1382 N_cf=3
Windowing:
  config: # windows=1382, spacing=0.6520312650656641, CF order=3
  error tolerance: rtol=0.001, atol=1e-05
Testing N_win=1382 N_cf=2
Windowing:
  config: # windows=1382, spacing=0.6520312650656641, CF order=2
  error tolerance: rtol=0.001, atol=1e-05
Testing N_win=1485 N_cf=10
Windowing:
  config: # windows=1485, spacing=0.6068062008893924, CF order=10
  error tolerance: rtol=0.001, atol=1e-05
Testing N_win=1485 N_cf=9
Windowing:
  config: # windows=1485, spacing=0.6068062008893924, CF order=9
  error tolerance: rtol=0.001, atol=1e-05
Testing N_win=1485 N_cf=8
Windowing:
  config: # windows=1485, spacing=0.6068062008893924, CF order=8
  error tolerance: rtol=0.001, atol=1e-05
Testing N_win=1485 N_cf=7
Windowing:
  config: # windows=1485, spacing=0.6068062008893924, CF order=7
  error tolerance: rtol=0.001, atol=1e-05
Testing N_win=1485 N_cf=6
Windowing:
  config: # windows=1485, spacing=0.6068062008893924, CF order=6
  error tolerance: rtol=0.001, atol=1e-05
Testing N_win=1485 N_cf=5
Windowing:
  config: # windows=1485, spacing=0.6068062008893924, CF order=5
  error tolerance: rtol=0.001, atol=1e-05
Testing N_win=1485 N_cf=4
Windowing:
  config: # windows=1485, spacing=0.6068062008893924, CF order=4
  error tolerance: rtol=0.001, atol=1e-05
Testing N_win=1485 N_cf=3
Windowing:
  config: # windows=1485, spacing=0.6068062008893924, CF order=3
  error tolerance: rtol=0.001, atol=1e-05
Testing N_win=1485 N_cf=2
Windowing:
  config: # windows=1485, spacing=0.6068062008893924, CF order=2
  error tolerance: rtol=0.001, atol=1e-05
Testing N_win=1588 N_cf=10
Windowing:
  config: # windows=1588, spacing=0.5674478641818311, CF order=10
  error tolerance: rtol=0.001, atol=1e-05
Testing N_win=1588 N_cf=9
Windowing:
  config: # windows=1588, spacing=0.5674478641818311, CF order=9
  error tolerance: rtol=0.001, atol=1e-05
Testing N_win=1588 N_cf=8
Windowing:
  config: # windows=1588, spacing=0.5674478641818311, CF order=8
  error tolerance: rtol=0.001, atol=1e-05
Testing N_win=1588 N_cf=7
Windowing:
  config: # windows=1588, spacing=0.5674478641818311, CF order=7
  error tolerance: rtol=0.001, atol=1e-05
Testing N_win=1588 N_cf=6
Windowing:
  config: # windows=1588, spacing=0.5674478641818311, CF order=6
  error tolerance: rtol=0.001, atol=1e-05
Testing N_win=1588 N_cf=5
Windowing:
  config: # windows=1588, spacing=0.5674478641818311, CF order=5
  error tolerance: rtol=0.001, atol=1e-05
Testing N_win=1588 N_cf=4
Windowing:
  config: # windows=1588, spacing=0.5674478641818311, CF order=4
  error tolerance: rtol=0.001, atol=1e-05
Testing N_win=1588 N_cf=3
Windowing:
  config: # windows=1588, spacing=0.5674478641818311, CF order=3
  error tolerance: rtol=0.001, atol=1e-05
Testing N_win=1588 N_cf=2
Windowing:
  config: # windows=1588, spacing=0.5674478641818311, CF order=2
  error tolerance: rtol=0.001, atol=1e-05
Testing N_win=1691 N_cf=10
Windowing:
  config: # windows=1691, spacing=0.5328842154469235, CF order=10
  error tolerance: rtol=0.001, atol=1e-05
Testing N_win=1691 N_cf=9
Windowing:
  config: # windows=1691, spacing=0.5328842154469235, CF order=9
  error tolerance: rtol=0.001, atol=1e-05
Testing N_win=1691 N_cf=8
Windowing:
  config: # windows=1691, spacing=0.5328842154469235, CF order=8
  error tolerance: rtol=0.001, atol=1e-05
Testing N_win=1691 N_cf=7
Windowing:
  config: # windows=1691, spacing=0.5328842154469235, CF order=7
  error tolerance: rtol=0.001, atol=1e-05
Testing N_win=1691 N_cf=6
Windowing:
  config: # windows=1691, spacing=0.5328842154469235, CF order=6
  error tolerance: rtol=0.001, atol=1e-05
Testing N_win=1691 N_cf=5
Windowing:
  config: # windows=1691, spacing=0.5328842154469235, CF order=5
  error tolerance: rtol=0.001, atol=1e-05
Testing N_win=1691 N_cf=4
Windowing:
  config: # windows=1691, spacing=0.5328842154469235, CF order=4
  error tolerance: rtol=0.001, atol=1e-05
Testing N_win=1691 N_cf=3
Windowing:
  config: # windows=1691, spacing=0.5328842154469235, CF order=3
  error tolerance: rtol=0.001, atol=1e-05
Testing N_win=1691 N_cf=2
Windowing:
  config: # windows=1691, spacing=0.5328842154469235, CF order=2
  error tolerance: rtol=0.001, atol=1e-05
Testing N_win=1794 N_cf=10
Windowing:
  config: # windows=1794, spacing=0.5022894137796811, CF order=10
  error tolerance: rtol=0.001, atol=1e-05
Testing N_win=1794 N_cf=9
Windowing:
  config: # windows=1794, spacing=0.5022894137796811, CF order=9
  error tolerance: rtol=0.001, atol=1e-05
Testing N_win=1794 N_cf=8
Windowing:
  config: # windows=1794, spacing=0.5022894137796811, CF order=8
  error tolerance: rtol=0.001, atol=1e-05
Testing N_win=1794 N_cf=7
Windowing:
  config: # windows=1794, spacing=0.5022894137796811, CF order=7
  error tolerance: rtol=0.001, atol=1e-05
Testing N_win=1794 N_cf=6
Windowing:
  config: # windows=1794, spacing=0.5022894137796811, CF order=6
  error tolerance: rtol=0.001, atol=1e-05
Testing N_win=1794 N_cf=5
Windowing:
  config: # windows=1794, spacing=0.5022894137796811, CF order=5
  error tolerance: rtol=0.001, atol=1e-05
Testing N_win=1794 N_cf=4
Windowing:
  config: # windows=1794, spacing=0.5022894137796811, CF order=4
  error tolerance: rtol=0.001, atol=1e-05
Testing N_win=1794 N_cf=3
Windowing:
  config: # windows=1794, spacing=0.5022894137796811, CF order=3
  error tolerance: rtol=0.001, atol=1e-05
Testing N_win=1794 N_cf=2
Windowing:
  config: # windows=1794, spacing=0.5022894137796811, CF order=2
  error tolerance: rtol=0.001, atol=1e-05
Testing N_win=1897 N_cf=10
Windowing:
  config: # windows=1897, spacing=0.47501697855600833, CF order=10
  error tolerance: rtol=0.001, atol=1e-05
Testing N_win=1897 N_cf=9
Windowing:
  config: # windows=1897, spacing=0.47501697855600833, CF order=9
  error tolerance: rtol=0.001, atol=1e-05
Testing N_win=1897 N_cf=8
Windowing:
  config: # windows=1897, spacing=0.47501697855600833, CF order=8
  error tolerance: rtol=0.001, atol=1e-05
Testing N_win=1897 N_cf=7
Windowing:
  config: # windows=1897, spacing=0.47501697855600833, CF order=7
  error tolerance: rtol=0.001, atol=1e-05
Testing N_win=1897 N_cf=6
Windowing:
  config: # windows=1897, spacing=0.47501697855600833, CF order=6
  error tolerance: rtol=0.001, atol=1e-05
Testing N_win=1897 N_cf=5
Windowing:
  config: # windows=1897, spacing=0.47501697855600833, CF order=5
  error tolerance: rtol=0.001, atol=1e-05
Testing N_win=1897 N_cf=4
Windowing:
  config: # windows=1897, spacing=0.47501697855600833, CF order=4
  error tolerance: rtol=0.001, atol=1e-05
Testing N_win=1897 N_cf=3
Windowing:
  config: # windows=1897, spacing=0.47501697855600833, CF order=3
  error tolerance: rtol=0.001, atol=1e-05
Testing N_win=1897 N_cf=2
Windowing:
  config: # windows=1897, spacing=0.47501697855600833, CF order=2
  error tolerance: rtol=0.001, atol=1e-05
Testing N_win=2000 N_cf=10
Windowing:
  config: # windows=2000, spacing=0.4505536041603739, CF order=10
  error tolerance: rtol=0.001, atol=1e-05
Testing N_win=2000 N_cf=9
Windowing:
  config: # windows=2000, spacing=0.4505536041603739, CF order=9
  error tolerance: rtol=0.001, atol=1e-05
Testing N_win=2000 N_cf=8
Windowing:
  config: # windows=2000, spacing=0.4505536041603739, CF order=8
  error tolerance: rtol=0.001, atol=1e-05
Testing N_win=2000 N_cf=7
Windowing:
  config: # windows=2000, spacing=0.4505536041603739, CF order=7
  error tolerance: rtol=0.001, atol=1e-05
Testing N_win=2000 N_cf=6
Windowing:
  config: # windows=2000, spacing=0.4505536041603739, CF order=6
  error tolerance: rtol=0.001, atol=1e-05
Testing N_win=2000 N_cf=5
Windowing:
  config: # windows=2000, spacing=0.4505536041603739, CF order=5
  error tolerance: rtol=0.001, atol=1e-05
Testing N_win=2000 N_cf=4
Windowing:
  config: # windows=2000, spacing=0.4505536041603739, CF order=4
  error tolerance: rtol=0.001, atol=1e-05
Testing N_win=2000 N_cf=3
Windowing:
  config: # windows=2000, spacing=0.4505536041603739, CF order=3
  error tolerance: rtol=0.001, atol=1e-05
Testing N_win=2000 N_cf=2
Windowing:
  config: # windows=2000, spacing=0.4505536041603739, CF order=2
  error tolerance: rtol=0.001, atol=1e-05
Final library: 618 poles, 1279 windows, 3.7 poles per window, 2 CF order
