Running NJOY to get 0K point-wise data (error=0.0005)...
Parsing cross sections within resolved resonance range...
  MTs: [2, 27, 102, 103, 107]
  Energy range: 1.000e-05 to 5.503e+03 eV (49560 points)
Vector fitting piece 1/24...
  energy: 1.000e-05 to 1.125e+01 eV (651 points)
  error tolerance: rtol=0.001, atol=1e-05
Found 0 peaks
Fitting orders from 2 to 200
Order=2(0/100)
Order=4(1/100)
Order=6(2/100)
Order=8(3/100)
Order=10(4/100)
Order=12(5/100)
Order=14(6/100)
Order=16(7/100)
Order=18(8/100)
Order=20(9/100)
Order=22(10/100)
Order=24(11/100)
Order=26(12/100)
Order=28(13/100)
Order=30(14/100)
Order=32(15/100)
Order=34(16/100)
Order=36(17/100)
Order=38(18/100)
Order=40(19/100)
Order=42(20/100)
Order=44(21/100)
Order=46(22/100)
Order=48(23/100)
Order=50(24/100)
Order=52(25/100)
Order=54(26/100)
Order=56(27/100)
Order=58(28/100)
Order=60(29/100)
Order=62(30/100)
Order=64(31/100)
Order=66(32/100)
Order=68(33/100)
Order=70(34/100)
Found 2 real poles and 30 conjugate complex pairs.
Final number of poles: 32
Saved figure: WMP_Lib/Nd143/0-11_MT2.png
Saved figure: WMP_Lib/Nd143/0-11_MT27.png
Saved figure: WMP_Lib/Nd143/0-11_MT102.png
Saved figure: WMP_Lib/Nd143/0-11_MT107.png
Vector fitting piece 2/24...
  energy: 1.875e+00 to 4.109e+01 eV (261 points)
  error tolerance: rtol=0.001, atol=1e-05
Found 1 peaks
Fitting orders from 2 to 200
Order=2(0/100)
Order=4(1/100)
Order=6(2/100)
Order=8(3/100)
Order=10(4/100)
Order=12(5/100)
Order=14(6/100)
Order=16(7/100)
Order=18(8/100)
Order=20(9/100)
Order=22(10/100)
Order=24(11/100)
Order=26(12/100)
Order=28(13/100)
Order=30(14/100)
Order=32(15/100)
Order=34(16/100)
Order=36(17/100)
Order=38(18/100)
Order=40(19/100)
Order=42(20/100)
Order=44(21/100)
Order=46(22/100)
Order=48(23/100)
Order=50(24/100)
Order=52(25/100)
Order=54(26/100)
Order=56(27/100)
Order=58(28/100)
Order=60(29/100)
Order=62(30/100)
Order=64(31/100)
Order=66(32/100)
Order=68(33/100)
Order=70(34/100)
Found 2 real poles and 30 conjugate complex pairs.
Final number of poles: 32
Saved figure: WMP_Lib/Nd143/2-41_MT2.png
Saved figure: WMP_Lib/Nd143/2-41_MT27.png
Saved figure: WMP_Lib/Nd143/2-41_MT102.png
Saved figure: WMP_Lib/Nd143/2-41_MT107.png
Vector fitting piece 3/24...
  energy: 1.969e+01 to 9.024e+01 eV (765 points)
  error tolerance: rtol=0.001, atol=1e-05
Found 4 peaks
Fitting orders from 8 to 200
Order=8(0/97)
Order=10(1/97)
Order=12(2/97)
Order=14(3/97)
Order=16(4/97)
Order=18(5/97)
Order=20(6/97)
Order=22(7/97)
Order=24(8/97)
Order=26(9/97)
Order=28(10/97)
Order=30(11/97)
Order=32(12/97)
Order=34(13/97)
Order=36(14/97)
Order=38(15/97)
Order=40(16/97)
Order=42(17/97)
Order=44(18/97)
Order=46(19/97)
Order=48(20/97)
Order=50(21/97)
Order=52(22/97)
Order=54(23/97)
Order=56(24/97)
Order=58(25/97)
Order=60(26/97)
Order=62(27/97)
Order=64(28/97)
Order=66(29/97)
Order=68(30/97)
Order=70(31/97)
Found 1 real poles and 29 conjugate complex pairs.
Final number of poles: 30
Saved figure: WMP_Lib/Nd143/20-90_MT2.png
Saved figure: WMP_Lib/Nd143/20-90_MT27.png
Saved figure: WMP_Lib/Nd143/20-90_MT102.png
Saved figure: WMP_Lib/Nd143/20-90_MT107.png
Vector fitting piece 4/24...
  energy: 5.711e+01 to 1.573e+02 eV (1216 points)
  error tolerance: rtol=0.001, atol=1e-05
Found 3 peaks
Fitting orders from 6 to 200
Order=6(0/98)
Order=8(1/98)
Order=10(2/98)
Order=12(3/98)
Order=14(4/98)
Order=16(5/98)
Order=18(6/98)
Order=20(7/98)
Order=22(8/98)
Order=24(9/98)
Order=26(10/98)
Order=28(11/98)
Order=30(12/98)
Order=32(13/98)
Order=34(14/98)
Order=36(15/98)
Order=38(16/98)
Order=40(17/98)
Order=42(18/98)
Order=44(19/98)
Order=46(20/98)
Order=48(21/98)
Order=50(22/98)
Order=52(23/98)
Order=54(24/98)
Order=56(25/98)
Order=58(26/98)
Order=60(27/98)
Order=62(28/98)
Order=64(29/98)
Order=66(30/98)
Order=68(31/98)
Found 3 real poles and 31 conjugate complex pairs.
Final number of poles: 34
Saved figure: WMP_Lib/Nd143/57-157_MT2.png
Saved figure: WMP_Lib/Nd143/57-157_MT27.png
Saved figure: WMP_Lib/Nd143/57-157_MT102.png
Saved figure: WMP_Lib/Nd143/57-157_MT107.png
Vector fitting piece 5/24...
  energy: 1.134e+02 to 2.463e+02 eV (1959 points)
  error tolerance: rtol=0.001, atol=1e-05
Found 6 peaks
Fitting orders from 12 to 200
Order=12(0/95)
Order=14(1/95)
Order=16(2/95)
Order=18(3/95)
Order=20(4/95)
Order=22(5/95)
Order=24(6/95)
Order=26(7/95)
Order=28(8/95)
Order=30(9/95)
Order=32(10/95)
Order=34(11/95)
Order=36(12/95)
Order=38(13/95)
Order=40(14/95)
Order=42(15/95)
Order=44(16/95)
Order=46(17/95)
Order=48(18/95)
Order=50(19/95)
Order=52(20/95)
Order=54(21/95)
Order=56(22/95)
Order=58(23/95)
Order=60(24/95)
Order=62(25/95)
Order=64(26/95)
Found 1 real poles and 31 conjugate complex pairs.
Final number of poles: 32
Saved figure: WMP_Lib/Nd143/113-246_MT2.png
Saved figure: WMP_Lib/Nd143/113-246_MT27.png
Saved figure: WMP_Lib/Nd143/113-246_MT102.png
Saved figure: WMP_Lib/Nd143/113-246_MT107.png
Vector fitting piece 6/24...
  energy: 1.888e+02 to 3.504e+02 eV (1538 points)
  error tolerance: rtol=0.001, atol=1e-05
Found 5 peaks
Fitting orders from 10 to 200
Order=10(0/96)
Order=12(1/96)
Order=14(2/96)
Order=16(3/96)
Order=18(4/96)
Order=20(5/96)
Order=22(6/96)
Order=24(7/96)
Order=26(8/96)
Order=28(9/96)
Order=30(10/96)
Order=32(11/96)
Order=34(12/96)
Order=36(13/96)
Order=38(14/96)
Order=40(15/96)
Order=42(16/96)
Order=44(17/96)
Order=46(18/96)
Order=48(19/96)
Order=50(20/96)
Order=52(21/96)
Order=54(22/96)
Order=56(23/96)
Order=58(24/96)
Order=60(25/96)
Found 1 real poles and 19 conjugate complex pairs.
Final number of poles: 20
Saved figure: WMP_Lib/Nd143/189-350_MT2.png
Saved figure: WMP_Lib/Nd143/189-350_MT27.png
Saved figure: WMP_Lib/Nd143/189-350_MT102.png
Saved figure: WMP_Lib/Nd143/189-350_MT107.png
Vector fitting piece 7/24...
  energy: 2.833e+02 to 4.769e+02 eV (2566 points)
  error tolerance: rtol=0.001, atol=1e-05
Found 7 peaks
Fitting orders from 14 to 200
Order=14(0/94)
Order=16(1/94)
Order=18(2/94)
Order=20(3/94)
Order=22(4/94)
Order=24(5/94)
Order=26(6/94)
Order=28(7/94)
Order=30(8/94)
Order=32(9/94)
Order=34(10/94)
Order=36(11/94)
Order=38(12/94)
Order=40(13/94)
Order=42(14/94)
Order=44(15/94)
Order=46(16/94)
Order=48(17/94)
Order=50(18/94)
Order=52(19/94)
Order=54(20/94)
Order=56(21/94)
Order=58(22/94)
Order=60(23/94)
Found 3 real poles and 22 conjugate complex pairs.
Final number of poles: 25
Saved figure: WMP_Lib/Nd143/283-477_MT2.png
Saved figure: WMP_Lib/Nd143/283-477_MT27.png
Saved figure: WMP_Lib/Nd143/283-477_MT102.png
Saved figure: WMP_Lib/Nd143/283-477_MT107.png
Vector fitting piece 8/24...
  energy: 3.969e+02 to 6.219e+02 eV (3017 points)
  error tolerance: rtol=0.001, atol=1e-05
Found 8 peaks
Fitting orders from 16 to 200
Order=16(0/93)
Order=18(1/93)
Order=20(2/93)
Order=22(3/93)
Order=24(4/93)
Order=26(5/93)
Order=28(6/93)
Order=30(7/93)
Order=32(8/93)
Order=34(9/93)
Order=36(10/93)
Order=38(11/93)
Order=40(12/93)
Order=42(13/93)
Order=44(14/93)
Order=46(15/93)
Order=48(16/93)
Order=50(17/93)
Order=52(18/93)
Order=54(19/93)
Order=56(20/93)
Order=58(21/93)
Order=60(22/93)
Found 5 real poles and 17 conjugate complex pairs.
Final number of poles: 22
Saved figure: WMP_Lib/Nd143/397-622_MT2.png
Saved figure: WMP_Lib/Nd143/397-622_MT27.png
Saved figure: WMP_Lib/Nd143/397-622_MT102.png
Saved figure: WMP_Lib/Nd143/397-622_MT107.png
Vector fitting piece 9/24...
  energy: 5.296e+02 to 7.836e+02 eV (2535 points)
  error tolerance: rtol=0.001, atol=1e-05
Found 6 peaks
Fitting orders from 12 to 200
Order=12(0/95)
Order=14(1/95)
Order=16(2/95)
Order=18(3/95)
Order=20(4/95)
Order=22(5/95)
Order=24(6/95)
Order=26(7/95)
Order=28(8/95)
Order=30(9/95)
Order=32(10/95)
Order=34(11/95)
Order=36(12/95)
Order=38(13/95)
Order=40(14/95)
Order=42(15/95)
Order=44(16/95)
Order=46(17/95)
Order=48(18/95)
Order=50(19/95)
Order=52(20/95)
Order=54(21/95)
Order=56(22/95)
Order=58(23/95)
Order=60(24/95)
Found 4 real poles and 13 conjugate complex pairs.
Final number of poles: 17
Saved figure: WMP_Lib/Nd143/530-784_MT2.png
Saved figure: WMP_Lib/Nd143/530-784_MT27.png
Saved figure: WMP_Lib/Nd143/530-784_MT102.png
Saved figure: WMP_Lib/Nd143/530-784_MT107.png
Vector fitting piece 10/24...
  energy: 6.814e+02 to 9.664e+02 eV (2707 points)
  error tolerance: rtol=0.001, atol=1e-05
Found 6 peaks
Fitting orders from 12 to 200
Order=12(0/95)
Order=14(1/95)
Order=16(2/95)
Order=18(3/95)
Order=20(4/95)
Order=22(5/95)
Order=24(6/95)
Order=26(7/95)
Order=28(8/95)
Order=30(9/95)
Order=32(10/95)
Order=34(11/95)
Order=36(12/95)
Order=38(13/95)
Order=40(14/95)
Order=42(15/95)
Order=44(16/95)
Order=46(17/95)
Order=48(18/95)
Order=50(19/95)
Order=52(20/95)
Order=54(21/95)
Order=56(22/95)
Order=58(23/95)
Order=60(24/95)
Found 4 real poles and 7 conjugate complex pairs.
Final number of poles: 11
Saved figure: WMP_Lib/Nd143/681-966_MT2.png
Saved figure: WMP_Lib/Nd143/681-966_MT27.png
Saved figure: WMP_Lib/Nd143/681-966_MT102.png
Saved figure: WMP_Lib/Nd143/681-966_MT107.png
Vector fitting piece 11/24...
  energy: 8.523e+02 to 1.168e+03 eV (3497 points)
  error tolerance: rtol=0.001, atol=1e-05
Found 8 peaks
Fitting orders from 16 to 200
Order=16(0/93)
Order=18(1/93)
Order=20(2/93)
Order=22(3/93)
Order=24(4/93)
Order=26(5/93)
Order=28(6/93)
Order=30(7/93)
Order=32(8/93)
Order=34(9/93)
Order=36(10/93)
Order=38(11/93)
Order=40(12/93)
Order=42(13/93)
Order=44(14/93)
Order=46(15/93)
Order=48(16/93)
Order=50(17/93)
Order=52(18/93)
Order=54(19/93)
Order=56(20/93)
Order=58(21/93)
Order=60(22/93)
Found 2 real poles and 10 conjugate complex pairs.
Final number of poles: 12
Saved figure: WMP_Lib/Nd143/852-1168_MT2.png
Saved figure: WMP_Lib/Nd143/852-1168_MT27.png
Saved figure: WMP_Lib/Nd143/852-1168_MT102.png
Saved figure: WMP_Lib/Nd143/852-1168_MT107.png
Vector fitting piece 12/24...
  energy: 1.042e+03 to 1.391e+03 eV (2640 points)
  error tolerance: rtol=0.001, atol=1e-05
Found 7 peaks
Fitting orders from 14 to 200
Order=14(0/94)
Order=16(1/94)
Order=18(2/94)
Order=20(3/94)
Order=22(4/94)
Order=24(5/94)
Order=26(6/94)
Order=28(7/94)
Order=30(8/94)
Order=32(9/94)
Order=34(10/94)
Order=36(11/94)
Order=38(12/94)
Order=40(13/94)
Order=42(14/94)
Order=44(15/94)
Order=46(16/94)
Order=48(17/94)
Order=50(18/94)
Order=52(19/94)
Order=54(20/94)
Order=56(21/94)
Order=58(22/94)
Order=60(23/94)
Found 3 real poles and 14 conjugate complex pairs.
Final number of poles: 17
Saved figure: WMP_Lib/Nd143/1042-1391_MT2.png
Saved figure: WMP_Lib/Nd143/1042-1391_MT27.png
Saved figure: WMP_Lib/Nd143/1042-1391_MT102.png
Saved figure: WMP_Lib/Nd143/1042-1391_MT107.png
Vector fitting piece 13/24...
  energy: 1.251e+03 to 1.629e+03 eV (3250 points)
  error tolerance: rtol=0.001, atol=1e-05
Found 9 peaks
Fitting orders from 18 to 200
Order=18(0/92)
Order=20(1/92)
Order=22(2/92)
Order=24(3/92)
Order=26(4/92)
Order=28(5/92)
Order=30(6/92)
Order=32(7/92)
Order=34(8/92)
Order=36(9/92)
Order=38(10/92)
Order=40(11/92)
Order=42(12/92)
Order=44(13/92)
Order=46(14/92)
Order=48(15/92)
Order=50(16/92)
Order=52(17/92)
Order=54(18/92)
Order=56(19/92)
Order=58(20/92)
Order=60(21/92)
Found 5 real poles and 16 conjugate complex pairs.
Final number of poles: 21
Saved figure: WMP_Lib/Nd143/1251-1629_MT2.png
Saved figure: WMP_Lib/Nd143/1251-1629_MT27.png
Saved figure: WMP_Lib/Nd143/1251-1629_MT102.png
Saved figure: WMP_Lib/Nd143/1251-1629_MT107.png
Vector fitting piece 14/24...
  energy: 1.480e+03 to 1.888e+03 eV (3183 points)
  error tolerance: rtol=0.001, atol=1e-05
Found 8 peaks
Fitting orders from 16 to 200
Order=16(0/93)
Order=18(1/93)
Order=20(2/93)
Order=22(3/93)
Order=24(4/93)
Order=26(5/93)
Order=28(6/93)
Order=30(7/93)
Order=32(8/93)
Order=34(9/93)
Order=36(10/93)
Order=38(11/93)
Order=40(12/93)
Order=42(13/93)
Order=44(14/93)
Order=46(15/93)
Order=48(16/93)
Order=50(17/93)
Order=52(18/93)
Order=54(19/93)
Order=56(20/93)
Order=58(21/93)
Order=60(22/93)
Found 6 real poles and 9 conjugate complex pairs.
Final number of poles: 15
Saved figure: WMP_Lib/Nd143/1480-1888_MT2.png
Saved figure: WMP_Lib/Nd143/1480-1888_MT27.png
Saved figure: WMP_Lib/Nd143/1480-1888_MT102.png
Saved figure: WMP_Lib/Nd143/1480-1888_MT107.png
Vector fitting piece 15/24...
  energy: 1.727e+03 to 2.166e+03 eV (2856 points)
  error tolerance: rtol=0.001, atol=1e-05
Found 7 peaks
Fitting orders from 14 to 200
Order=14(0/94)
Order=16(1/94)
Order=18(2/94)
Order=20(3/94)
Order=22(4/94)
Order=24(5/94)
Order=26(6/94)
Order=28(7/94)
Order=30(8/94)
Order=32(9/94)
Order=34(10/94)
Order=36(11/94)
Order=38(12/94)
Order=40(13/94)
Order=42(14/94)
Order=44(15/94)
Order=46(16/94)
Order=48(17/94)
Order=50(18/94)
Order=52(19/94)
Order=54(20/94)
Order=56(21/94)
Order=58(22/94)
Order=60(23/94)
Found 6 real poles and 8 conjugate complex pairs.
Final number of poles: 14
Saved figure: WMP_Lib/Nd143/1727-2166_MT2.png
Saved figure: WMP_Lib/Nd143/1727-2166_MT27.png
Saved figure: WMP_Lib/Nd143/1727-2166_MT102.png
Saved figure: WMP_Lib/Nd143/1727-2166_MT107.png
Vector fitting piece 16/24...
  energy: 1.993e+03 to 2.463e+03 eV (3267 points)
  error tolerance: rtol=0.001, atol=1e-05
Found 8 peaks
Fitting orders from 16 to 200
Order=16(0/93)
Order=18(1/93)
Order=20(2/93)
Order=22(3/93)
Order=24(4/93)
Order=26(5/93)
Order=28(6/93)
Order=30(7/93)
Order=32(8/93)
Order=34(9/93)
Order=36(10/93)
Order=38(11/93)
Order=40(12/93)
Order=42(13/93)
Order=44(14/93)
Order=46(15/93)
Order=48(16/93)
Order=50(17/93)
Order=52(18/93)
Order=54(19/93)
Order=56(20/93)
Order=58(21/93)
Order=60(22/93)
Found 4 real poles and 9 conjugate complex pairs.
Final number of poles: 13
Saved figure: WMP_Lib/Nd143/1993-2463_MT2.png
Saved figure: WMP_Lib/Nd143/1993-2463_MT27.png
Saved figure: WMP_Lib/Nd143/1993-2463_MT102.png
Saved figure: WMP_Lib/Nd143/1993-2463_MT107.png
Vector fitting piece 17/24...
  energy: 2.279e+03 to 2.780e+03 eV (3131 points)
  error tolerance: rtol=0.001, atol=1e-05
Found 10 peaks
Fitting orders from 20 to 200
Order=20(0/91)
Order=22(1/91)
Order=24(2/91)
Order=26(3/91)
Order=28(4/91)
Order=30(5/91)
Order=32(6/91)
Order=34(7/91)
Order=36(8/91)
Order=38(9/91)
Order=40(10/91)
Order=42(11/91)
Order=44(12/91)
Order=46(13/91)
Order=48(14/91)
Order=50(15/91)
Order=52(16/91)
Order=54(17/91)
Order=56(18/91)
Order=58(19/91)
Order=60(20/91)
Found 4 real poles and 11 conjugate complex pairs.
Final number of poles: 15
Saved figure: WMP_Lib/Nd143/2279-2780_MT2.png
Saved figure: WMP_Lib/Nd143/2279-2780_MT27.png
Saved figure: WMP_Lib/Nd143/2279-2780_MT102.png
Saved figure: WMP_Lib/Nd143/2279-2780_MT107.png
Vector fitting piece 18/24...
  energy: 2.583e+03 to 3.115e+03 eV (4870 points)
  error tolerance: rtol=0.001, atol=1e-05
Found 17 peaks
Fitting orders from 34 to 200
Order=34(0/84)
Order=36(1/84)
Order=38(2/84)
Order=40(3/84)
Order=42(4/84)
Order=44(5/84)
Order=46(6/84)
Order=48(7/84)
Order=50(8/84)
Order=52(9/84)
Order=54(10/84)
Order=56(11/84)
Order=58(12/84)
Order=60(13/84)
Found 4 real poles and 18 conjugate complex pairs.
Final number of poles: 22
Saved figure: WMP_Lib/Nd143/2583-3115_MT2.png
Saved figure: WMP_Lib/Nd143/2583-3115_MT27.png
Saved figure: WMP_Lib/Nd143/2583-3115_MT102.png
Saved figure: WMP_Lib/Nd143/2583-3115_MT107.png
Vector fitting piece 19/24...
  energy: 2.907e+03 to 3.469e+03 eV (5250 points)
  error tolerance: rtol=0.001, atol=1e-05
Found 18 peaks
Fitting orders from 36 to 200
Order=36(0/83)
Order=38(1/83)
Order=40(2/83)
Order=42(3/83)
Order=44(4/83)
Order=46(5/83)
Order=48(6/83)
Order=50(7/83)
Order=52(8/83)
Order=54(9/83)
Order=56(10/83)
Order=58(11/83)
Order=60(12/83)
Found 6 real poles and 19 conjugate complex pairs.
Final number of poles: 25
Saved figure: WMP_Lib/Nd143/2907-3469_MT2.png
Saved figure: WMP_Lib/Nd143/2907-3469_MT27.png
Saved figure: WMP_Lib/Nd143/2907-3469_MT102.png
Saved figure: WMP_Lib/Nd143/2907-3469_MT107.png
Vector fitting piece 20/24...
  energy: 3.250e+03 to 3.843e+03 eV (5846 points)
  error tolerance: rtol=0.001, atol=1e-05
Found 22 peaks
Fitting orders from 44 to 200
Order=44(0/79)
Order=46(1/79)
Order=48(2/79)
Order=50(3/79)
Order=52(4/79)
Order=54(5/79)
Order=56(6/79)
Order=58(7/79)
Order=60(8/79)
Found 6 real poles and 22 conjugate complex pairs.
Final number of poles: 28
Saved figure: WMP_Lib/Nd143/3250-3843_MT2.png
Saved figure: WMP_Lib/Nd143/3250-3843_MT27.png
Saved figure: WMP_Lib/Nd143/3250-3843_MT102.png
Saved figure: WMP_Lib/Nd143/3250-3843_MT107.png
Vector fitting piece 21/24...
  energy: 3.612e+03 to 4.236e+03 eV (6282 points)
  error tolerance: rtol=0.001, atol=1e-05
Found 26 peaks
Fitting orders from 52 to 200
Order=52(0/75)
Order=54(1/75)
Order=56(2/75)
Order=58(3/75)
Order=60(4/75)
Order=62(5/75)
Order=64(6/75)
Order=66(7/75)
Order=68(8/75)
Found 6 real poles and 26 conjugate complex pairs.
Final number of poles: 32
Saved figure: WMP_Lib/Nd143/3612-4236_MT2.png
Saved figure: WMP_Lib/Nd143/3612-4236_MT27.png
Saved figure: WMP_Lib/Nd143/3612-4236_MT102.png
Saved figure: WMP_Lib/Nd143/3612-4236_MT107.png
Vector fitting piece 22/24...
  energy: 3.993e+03 to 4.650e+03 eV (6413 points)
  error tolerance: rtol=0.001, atol=1e-05
Found 25 peaks
Fitting orders from 50 to 200
Order=50(0/76)
Order=52(1/76)
Order=54(2/76)
Order=56(3/76)
Order=58(4/76)
Order=60(5/76)
Order=62(6/76)
Order=64(7/76)
Order=66(8/76)
Found 6 real poles and 25 conjugate complex pairs.
Final number of poles: 31
Saved figure: WMP_Lib/Nd143/3993-4650_MT2.png
Saved figure: WMP_Lib/Nd143/3993-4650_MT27.png
Saved figure: WMP_Lib/Nd143/3993-4650_MT102.png
Saved figure: WMP_Lib/Nd143/3993-4650_MT107.png
Vector fitting piece 23/24...
  energy: 4.394e+03 to 5.081e+03 eV (6418 points)
  error tolerance: rtol=0.001, atol=1e-05
Found 24 peaks
Fitting orders from 48 to 200
Order=48(0/77)
Order=50(1/77)
Order=52(2/77)
Order=54(3/77)
Order=56(4/77)
Order=58(5/77)
Order=60(6/77)
Order=62(7/77)
Order=64(8/77)
Found 6 real poles and 24 conjugate complex pairs.
Final number of poles: 30
Saved figure: WMP_Lib/Nd143/4394-5081_MT2.png
Saved figure: WMP_Lib/Nd143/4394-5081_MT27.png
Saved figure: WMP_Lib/Nd143/4394-5081_MT102.png
Saved figure: WMP_Lib/Nd143/4394-5081_MT107.png
Vector fitting piece 24/24...
  energy: 4.812e+03 to 5.503e+03 eV (3917 points)
  error tolerance: rtol=0.001, atol=1e-05
Found 14 peaks
Fitting orders from 28 to 200
Order=28(0/87)
Order=30(1/87)
Order=32(2/87)
Order=34(3/87)
Order=36(4/87)
Order=38(5/87)
Order=40(6/87)
Order=42(7/87)
Order=44(8/87)
Order=46(9/87)
Order=48(10/87)
Order=50(11/87)
Order=52(12/87)
Order=54(13/87)
Order=56(14/87)
Order=58(15/87)
Order=60(16/87)
Found 2 real poles and 16 conjugate complex pairs.
Final number of poles: 18
Saved figure: WMP_Lib/Nd143/4812-5503_MT2.png
Saved figure: WMP_Lib/Nd143/4812-5503_MT27.png
Saved figure: WMP_Lib/Nd143/4812-5503_MT102.png
Saved figure: WMP_Lib/Nd143/4812-5503_MT107.png
Dumped multipole data to file: WMP_Lib/Nd143/Nd143_mp.pickle
Start searching ...
Testing N_win=27 N_cf=10
Windowing:
  config: # windows=27, spacing=2.7473718182100373, CF order=10
  error tolerance: rtol=0.001, atol=1e-05
Failed: Pure curvefit failed for the first window!
Testing N_win=130 N_cf=10
Windowing:
  config: # windows=130, spacing=0.5706079930128538, CF order=10
  error tolerance: rtol=0.001, atol=1e-05
Failed: Pure curvefit failed for the first window!
Testing N_win=234 N_cf=10
Windowing:
  config: # windows=234, spacing=0.3170044405626966, CF order=10
  error tolerance: rtol=0.001, atol=1e-05
Failed: Pure curvefit failed for the first window!
Testing N_win=338 N_cf=10
Windowing:
  config: # windows=338, spacing=0.21946461269725148, CF order=10
  error tolerance: rtol=0.001, atol=1e-05
Failed: Pure curvefit failed for the first window!
Testing N_win=442 N_cf=10
Windowing:
  config: # windows=442, spacing=0.1678258802978982, CF order=10
  error tolerance: rtol=0.001, atol=1e-05
Failed: Pure curvefit failed for the first window!
Testing N_win=546 N_cf=10
Windowing:
  config: # windows=546, spacing=0.1358590459554414, CF order=10
  error tolerance: rtol=0.001, atol=1e-05
Failed: Pure curvefit failed for the first window!
Testing N_win=650 N_cf=10
Windowing:
  config: # windows=650, spacing=0.11412159860257078, CF order=10
  error tolerance: rtol=0.001, atol=1e-05
Failed: Pure curvefit failed for the first window!
Testing N_win=753 N_cf=10
Windowing:
  config: # windows=753, spacing=0.09851134009518062, CF order=10
  error tolerance: rtol=0.001, atol=1e-05
Failed: Pure curvefit failed for the first window!
Testing N_win=857 N_cf=10
Windowing:
  config: # windows=857, spacing=0.08655663838001283, CF order=10
  error tolerance: rtol=0.001, atol=1e-05
Failed: Pure curvefit failed for the first window!
Testing N_win=961 N_cf=10
Windowing:
  config: # windows=961, spacing=0.07718942673430905, CF order=10
  error tolerance: rtol=0.001, atol=1e-05
Failed: Pure curvefit failed for the first window!
Testing N_win=1065 N_cf=10
Windowing:
  config: # windows=1065, spacing=0.06965167989828264, CF order=10
  error tolerance: rtol=0.001, atol=1e-05
Failed: Pure curvefit failed for the first window!
Testing N_win=1169 N_cf=10
Windowing:
  config: # windows=1169, spacing=0.06345512326062532, CF order=10
  error tolerance: rtol=0.001, atol=1e-05
Failed: Pure curvefit failed for the first window!
Testing N_win=1273 N_cf=10
Windowing:
  config: # windows=1273, spacing=0.05827104406258523, CF order=10
  error tolerance: rtol=0.001, atol=1e-05
Failed: Pure curvefit failed for the first window!
Testing N_win=1376 N_cf=10
Windowing:
  config: # windows=1376, spacing=0.05390918538638881, CF order=10
  error tolerance: rtol=0.001, atol=1e-05
Failed: Pure curvefit failed for the first window!
Testing N_win=1480 N_cf=10
Windowing:
  config: # windows=1480, spacing=0.05012097235923716, CF order=10
  error tolerance: rtol=0.001, atol=1e-05
Failed: Pure curvefit failed for the first window!
Testing N_win=1584 N_cf=10
Windowing:
  config: # windows=1584, spacing=0.046830201446762, CF order=10
  error tolerance: rtol=0.001, atol=1e-05
Failed: Pure curvefit failed for the first window!
Testing N_win=1688 N_cf=10
Windowing:
  config: # windows=1688, spacing=0.04394492837184301, CF order=10
  error tolerance: rtol=0.001, atol=1e-05
Failed: Pure curvefit failed for the first window!
Testing N_win=1792 N_cf=10
Windowing:
  config: # windows=1792, spacing=0.04139455306454855, CF order=10
  error tolerance: rtol=0.001, atol=1e-05
Failed: Pure curvefit failed for the first window!
Testing N_win=1896 N_cf=10
Windowing:
  config: # windows=1896, spacing=0.03912396576564926, CF order=10
  error tolerance: rtol=0.001, atol=1e-05
Failed: Pure curvefit failed for the first window!
Testing N_win=2000 N_cf=10
Windowing:
  config: # windows=2000, spacing=0.0370895195458355, CF order=10
  error tolerance: rtol=0.001, atol=1e-05
Failed: Pure curvefit failed for the first window!
Running NJOY to get 0K point-wise data (error=0.0005)...
Parsing cross sections within resolved resonance range...
  MTs: [2, 27, 102, 103, 107]
  Energy range: 1.000e-05 to 5.503e+03 eV (49560 points)
Vector fitting piece 1/24...
  energy: 1.000e-05 to 1.125e+01 eV (651 points)
  error tolerance: rtol=0.005, atol=1e-05
Found 0 peaks
Fitting orders from 2 to 200
Order=2(0/100)
Order=4(1/100)
Order=6(2/100)
Order=8(3/100)
Order=10(4/100)
Order=12(5/100)
Order=14(6/100)
Order=16(7/100)
Order=18(8/100)
Order=20(9/100)
Order=22(10/100)
Order=24(11/100)
Order=26(12/100)
Order=28(13/100)
Order=30(14/100)
Order=32(15/100)
Order=34(16/100)
Order=36(17/100)
Order=38(18/100)
Order=40(19/100)
Order=42(20/100)
Order=44(21/100)
Order=46(22/100)
Order=48(23/100)
Order=50(24/100)
Order=52(25/100)
Order=54(26/100)
Order=56(27/100)
Order=58(28/100)
Order=60(29/100)
Order=62(30/100)
Order=64(31/100)
Order=66(32/100)
Order=68(33/100)
Order=70(34/100)
Found 2 real poles and 30 conjugate complex pairs.
Final number of poles: 32
Saved figure: WMP_Lib/Nd143/0-11_MT2.png
Saved figure: WMP_Lib/Nd143/0-11_MT27.png
Saved figure: WMP_Lib/Nd143/0-11_MT102.png
Saved figure: WMP_Lib/Nd143/0-11_MT107.png
Vector fitting piece 2/24...
  energy: 1.875e+00 to 4.109e+01 eV (261 points)
  error tolerance: rtol=0.005, atol=1e-05
Found 1 peaks
Fitting orders from 2 to 200
Order=2(0/100)
Order=4(1/100)
Order=6(2/100)
Order=8(3/100)
Order=10(4/100)
Order=12(5/100)
Order=14(6/100)
Order=16(7/100)
Order=18(8/100)
Order=20(9/100)
Order=22(10/100)
Order=24(11/100)
Order=26(12/100)
Order=28(13/100)
Order=30(14/100)
Order=32(15/100)
Order=34(16/100)
Order=36(17/100)
Order=38(18/100)
Order=40(19/100)
Order=42(20/100)
Order=44(21/100)
Order=46(22/100)
Order=48(23/100)
Order=50(24/100)
Order=52(25/100)
Order=54(26/100)
Order=56(27/100)
Order=58(28/100)
Order=60(29/100)
Found 2 real poles and 30 conjugate complex pairs.
Final number of poles: 32
Saved figure: WMP_Lib/Nd143/2-41_MT2.png
Saved figure: WMP_Lib/Nd143/2-41_MT27.png
Saved figure: WMP_Lib/Nd143/2-41_MT102.png
Saved figure: WMP_Lib/Nd143/2-41_MT107.png
Vector fitting piece 3/24...
  energy: 1.969e+01 to 9.024e+01 eV (765 points)
  error tolerance: rtol=0.005, atol=1e-05
Found 4 peaks
Fitting orders from 8 to 200
Order=8(0/97)
Order=10(1/97)
Order=12(2/97)
Order=14(3/97)
Order=16(4/97)
Order=18(5/97)
Order=20(6/97)
Order=22(7/97)
Order=24(8/97)
Order=26(9/97)
Order=28(10/97)
Order=30(11/97)
Order=32(12/97)
Order=34(13/97)
Order=36(14/97)
Order=38(15/97)
Order=40(16/97)
Order=42(17/97)
Order=44(18/97)
Order=46(19/97)
Order=48(20/97)
Order=50(21/97)
Order=52(22/97)
Order=54(23/97)
Order=56(24/97)
Order=58(25/97)
Order=60(26/97)
Found 1 real poles and 29 conjugate complex pairs.
Final number of poles: 30
Saved figure: WMP_Lib/Nd143/20-90_MT2.png
Saved figure: WMP_Lib/Nd143/20-90_MT27.png
Saved figure: WMP_Lib/Nd143/20-90_MT102.png
Saved figure: WMP_Lib/Nd143/20-90_MT107.png
Vector fitting piece 4/24...
  energy: 5.711e+01 to 1.573e+02 eV (1216 points)
  error tolerance: rtol=0.005, atol=1e-05
Found 3 peaks
Fitting orders from 6 to 200
Order=6(0/98)
Order=8(1/98)
Order=10(2/98)
Order=12(3/98)
Order=14(4/98)
Order=16(5/98)
Order=18(6/98)
Order=20(7/98)
Order=22(8/98)
Order=24(9/98)
Order=26(10/98)
Order=28(11/98)
Order=30(12/98)
Order=32(13/98)
Order=34(14/98)
Order=36(15/98)
Order=38(16/98)
Order=40(17/98)
Order=42(18/98)
Order=44(19/98)
Order=46(20/98)
Order=48(21/98)
Order=50(22/98)
Order=52(23/98)
Order=54(24/98)
Order=56(25/98)
Order=58(26/98)
Order=60(27/98)
Found 3 real poles and 26 conjugate complex pairs.
Final number of poles: 29
Saved figure: WMP_Lib/Nd143/57-157_MT2.png
Saved figure: WMP_Lib/Nd143/57-157_MT27.png
Saved figure: WMP_Lib/Nd143/57-157_MT102.png
Saved figure: WMP_Lib/Nd143/57-157_MT107.png
Vector fitting piece 5/24...
  energy: 1.134e+02 to 2.463e+02 eV (1959 points)
  error tolerance: rtol=0.005, atol=1e-05
Found 6 peaks
Fitting orders from 12 to 200
Order=12(0/95)
Order=14(1/95)
Order=16(2/95)
Order=18(3/95)
Order=20(4/95)
Order=22(5/95)
Order=24(6/95)
Order=26(7/95)
Order=28(8/95)
Order=30(9/95)
Order=32(10/95)
Order=34(11/95)
Order=36(12/95)
Order=38(13/95)
Order=40(14/95)
Order=42(15/95)
Order=44(16/95)
Order=46(17/95)
Order=48(18/95)
Order=50(19/95)
Order=52(20/95)
Order=54(21/95)
Order=56(22/95)
Order=58(23/95)
Order=60(24/95)
Order=62(25/95)
Order=64(26/95)
Found 2 real poles and 29 conjugate complex pairs.
Final number of poles: 31
Saved figure: WMP_Lib/Nd143/113-246_MT2.png
Saved figure: WMP_Lib/Nd143/113-246_MT27.png
Saved figure: WMP_Lib/Nd143/113-246_MT102.png
Saved figure: WMP_Lib/Nd143/113-246_MT107.png
Vector fitting piece 6/24...
  energy: 1.888e+02 to 3.504e+02 eV (1538 points)
  error tolerance: rtol=0.005, atol=1e-05
Found 5 peaks
Fitting orders from 10 to 200
Order=10(0/96)
Order=12(1/96)
Order=14(2/96)
Order=16(3/96)
Order=18(4/96)
Order=20(5/96)
Order=22(6/96)
Order=24(7/96)
Order=26(8/96)
Order=28(9/96)
Order=30(10/96)
Order=32(11/96)
Order=34(12/96)
Order=36(13/96)
Order=38(14/96)
Order=40(15/96)
Order=42(16/96)
Order=44(17/96)
Order=46(18/96)
Order=48(19/96)
Order=50(20/96)
Order=52(21/96)
Order=54(22/96)
Order=56(23/96)
Order=58(24/96)
Order=60(25/96)
Found 1 real poles and 14 conjugate complex pairs.
Final number of poles: 15
Saved figure: WMP_Lib/Nd143/189-350_MT2.png
Saved figure: WMP_Lib/Nd143/189-350_MT27.png
Saved figure: WMP_Lib/Nd143/189-350_MT102.png
Saved figure: WMP_Lib/Nd143/189-350_MT107.png
Vector fitting piece 7/24...
  energy: 2.833e+02 to 4.769e+02 eV (2566 points)
  error tolerance: rtol=0.005, atol=1e-05
Found 7 peaks
Fitting orders from 14 to 200
Order=14(0/94)
Order=16(1/94)
Order=18(2/94)
Order=20(3/94)
Order=22(4/94)
Order=24(5/94)
Order=26(6/94)
Order=28(7/94)
Order=30(8/94)
Order=32(9/94)
Order=34(10/94)
Order=36(11/94)
Order=38(12/94)
Order=40(13/94)
Order=42(14/94)
Order=44(15/94)
Order=46(16/94)
Order=48(17/94)
Order=50(18/94)
Order=52(19/94)
Order=54(20/94)
Order=56(21/94)
Order=58(22/94)
Order=60(23/94)
Found 1 real poles and 13 conjugate complex pairs.
Final number of poles: 14
Saved figure: WMP_Lib/Nd143/283-477_MT2.png
Saved figure: WMP_Lib/Nd143/283-477_MT27.png
Saved figure: WMP_Lib/Nd143/283-477_MT102.png
Saved figure: WMP_Lib/Nd143/283-477_MT107.png
Vector fitting piece 8/24...
  energy: 3.969e+02 to 6.219e+02 eV (3017 points)
  error tolerance: rtol=0.005, atol=1e-05
Found 8 peaks
Fitting orders from 16 to 200
Order=16(0/93)
Order=18(1/93)
Order=20(2/93)
Order=22(3/93)
Order=24(4/93)
Order=26(5/93)
Order=28(6/93)
Order=30(7/93)
Order=32(8/93)
Order=34(9/93)
Order=36(10/93)
Order=38(11/93)
Order=40(12/93)
Order=42(13/93)
Order=44(14/93)
Order=46(15/93)
Order=48(16/93)
Order=50(17/93)
Order=52(18/93)
Order=54(19/93)
Order=56(20/93)
Order=58(21/93)
Order=60(22/93)
Found 3 real poles and 15 conjugate complex pairs.
Final number of poles: 18
Saved figure: WMP_Lib/Nd143/397-622_MT2.png
Saved figure: WMP_Lib/Nd143/397-622_MT27.png
Saved figure: WMP_Lib/Nd143/397-622_MT102.png
Saved figure: WMP_Lib/Nd143/397-622_MT107.png
Vector fitting piece 9/24...
  energy: 5.296e+02 to 7.836e+02 eV (2535 points)
  error tolerance: rtol=0.005, atol=1e-05
Found 6 peaks
Fitting orders from 12 to 200
Order=12(0/95)
Order=14(1/95)
Order=16(2/95)
Order=18(3/95)
Order=20(4/95)
Order=22(5/95)
Order=24(6/95)
Order=26(7/95)
Order=28(8/95)
Order=30(9/95)
Order=32(10/95)
Order=34(11/95)
Order=36(12/95)
Order=38(13/95)
Order=40(14/95)
Order=42(15/95)
Order=44(16/95)
Order=46(17/95)
Order=48(18/95)
Order=50(19/95)
Order=52(20/95)
Order=54(21/95)
Order=56(22/95)
Order=58(23/95)
Order=60(24/95)
Found 4 real poles and 15 conjugate complex pairs.
Final number of poles: 19
Saved figure: WMP_Lib/Nd143/530-784_MT2.png
Saved figure: WMP_Lib/Nd143/530-784_MT27.png
Saved figure: WMP_Lib/Nd143/530-784_MT102.png
Saved figure: WMP_Lib/Nd143/530-784_MT107.png
Vector fitting piece 10/24...
  energy: 6.814e+02 to 9.664e+02 eV (2707 points)
  error tolerance: rtol=0.005, atol=1e-05
Found 6 peaks
Fitting orders from 12 to 200
Order=12(0/95)
Order=14(1/95)
Order=16(2/95)
Order=18(3/95)
Found ideal results. Stop!
Found 4 real poles and 7 conjugate complex pairs.
Final number of poles: 11
Saved figure: WMP_Lib/Nd143/681-966_MT2.png
Saved figure: WMP_Lib/Nd143/681-966_MT27.png
Saved figure: WMP_Lib/Nd143/681-966_MT102.png
Saved figure: WMP_Lib/Nd143/681-966_MT107.png
Vector fitting piece 11/24...
  energy: 8.523e+02 to 1.168e+03 eV (3497 points)
  error tolerance: rtol=0.005, atol=1e-05
Found 8 peaks
Fitting orders from 16 to 200
Order=16(0/93)
Order=18(1/93)
Order=20(2/93)
Order=22(3/93)
Found ideal results. Stop!
Found 2 real poles and 10 conjugate complex pairs.
Final number of poles: 12
Saved figure: WMP_Lib/Nd143/852-1168_MT2.png
Saved figure: WMP_Lib/Nd143/852-1168_MT27.png
Saved figure: WMP_Lib/Nd143/852-1168_MT102.png
Saved figure: WMP_Lib/Nd143/852-1168_MT107.png
Vector fitting piece 12/24...
  energy: 1.042e+03 to 1.391e+03 eV (2640 points)
  error tolerance: rtol=0.005, atol=1e-05
Found 7 peaks
Fitting orders from 14 to 200
Order=14(0/94)
Order=16(1/94)
Order=18(2/94)
Order=20(3/94)
Order=22(4/94)
Order=24(5/94)
Order=26(6/94)
Order=28(7/94)
Order=30(8/94)
Order=32(9/94)
Order=34(10/94)
Order=36(11/94)
Order=38(12/94)
Order=40(13/94)
Order=42(14/94)
Order=44(15/94)
Order=46(16/94)
Order=48(17/94)
Order=50(18/94)
Order=52(19/94)
Order=54(20/94)
Order=56(21/94)
Order=58(22/94)
Order=60(23/94)
Found 3 real poles and 13 conjugate complex pairs.
Final number of poles: 16
Saved figure: WMP_Lib/Nd143/1042-1391_MT2.png
Saved figure: WMP_Lib/Nd143/1042-1391_MT27.png
Saved figure: WMP_Lib/Nd143/1042-1391_MT102.png
Saved figure: WMP_Lib/Nd143/1042-1391_MT107.png
Vector fitting piece 13/24...
  energy: 1.251e+03 to 1.629e+03 eV (3250 points)
  error tolerance: rtol=0.005, atol=1e-05
Found 9 peaks
Fitting orders from 18 to 200
Order=18(0/92)
Order=20(1/92)
Order=22(2/92)
Order=24(3/92)
Order=26(4/92)
Order=28(5/92)
Order=30(6/92)
Order=32(7/92)
Order=34(8/92)
Order=36(9/92)
Order=38(10/92)
Order=40(11/92)
Order=42(12/92)
Order=44(13/92)
Order=46(14/92)
Order=48(15/92)
Order=50(16/92)
Order=52(17/92)
Order=54(18/92)
Order=56(19/92)
Order=58(20/92)
Order=60(21/92)
Found 3 real poles and 17 conjugate complex pairs.
Final number of poles: 20
Saved figure: WMP_Lib/Nd143/1251-1629_MT2.png
Saved figure: WMP_Lib/Nd143/1251-1629_MT27.png
Saved figure: WMP_Lib/Nd143/1251-1629_MT102.png
Saved figure: WMP_Lib/Nd143/1251-1629_MT107.png
Vector fitting piece 14/24...
  energy: 1.480e+03 to 1.888e+03 eV (3183 points)
  error tolerance: rtol=0.005, atol=1e-05
Found 8 peaks
Fitting orders from 16 to 200
Order=16(0/93)
Order=18(1/93)
Order=20(2/93)
Order=22(3/93)
Order=24(4/93)
Order=26(5/93)
Order=28(6/93)
Order=30(7/93)
Order=32(8/93)
Order=34(9/93)
Order=36(10/93)
Order=38(11/93)
Order=40(12/93)
Order=42(13/93)
Order=44(14/93)
Order=46(15/93)
Order=48(16/93)
Order=50(17/93)
Order=52(18/93)
Order=54(19/93)
Order=56(20/93)
Order=58(21/93)
Order=60(22/93)
Found 6 real poles and 8 conjugate complex pairs.
Final number of poles: 14
Saved figure: WMP_Lib/Nd143/1480-1888_MT2.png
Saved figure: WMP_Lib/Nd143/1480-1888_MT27.png
Saved figure: WMP_Lib/Nd143/1480-1888_MT102.png
Saved figure: WMP_Lib/Nd143/1480-1888_MT107.png
Vector fitting piece 15/24...
  energy: 1.727e+03 to 2.166e+03 eV (2856 points)
  error tolerance: rtol=0.005, atol=1e-05
Found 7 peaks
Fitting orders from 14 to 200
Order=14(0/94)
Order=16(1/94)
Order=18(2/94)
Order=20(3/94)
Order=22(4/94)
Found ideal results. Stop!
Found 6 real poles and 8 conjugate complex pairs.
Final number of poles: 14
Saved figure: WMP_Lib/Nd143/1727-2166_MT2.png
Saved figure: WMP_Lib/Nd143/1727-2166_MT27.png
Saved figure: WMP_Lib/Nd143/1727-2166_MT102.png
Saved figure: WMP_Lib/Nd143/1727-2166_MT107.png
Vector fitting piece 16/24...
  energy: 1.993e+03 to 2.463e+03 eV (3267 points)
  error tolerance: rtol=0.005, atol=1e-05
Found 8 peaks
Fitting orders from 16 to 200
Order=16(0/93)
Order=18(1/93)
Order=20(2/93)
Order=22(3/93)
Found ideal results. Stop!
Found 4 real poles and 9 conjugate complex pairs.
Final number of poles: 13
Saved figure: WMP_Lib/Nd143/1993-2463_MT2.png
Saved figure: WMP_Lib/Nd143/1993-2463_MT27.png
Saved figure: WMP_Lib/Nd143/1993-2463_MT102.png
Saved figure: WMP_Lib/Nd143/1993-2463_MT107.png
Vector fitting piece 17/24...
  energy: 2.279e+03 to 2.780e+03 eV (3131 points)
  error tolerance: rtol=0.005, atol=1e-05
Found 10 peaks
Fitting orders from 20 to 200
Order=20(0/91)
Order=22(1/91)
Order=24(2/91)
Found ideal results. Stop!
Found 4 real poles and 10 conjugate complex pairs.
Final number of poles: 14
Saved figure: WMP_Lib/Nd143/2279-2780_MT2.png
Saved figure: WMP_Lib/Nd143/2279-2780_MT27.png
Saved figure: WMP_Lib/Nd143/2279-2780_MT102.png
Saved figure: WMP_Lib/Nd143/2279-2780_MT107.png
Vector fitting piece 18/24...
  energy: 2.583e+03 to 3.115e+03 eV (4870 points)
  error tolerance: rtol=0.005, atol=1e-05
Found 17 peaks
Fitting orders from 34 to 200
Order=34(0/84)
Order=36(1/84)
Order=38(2/84)
Order=40(3/84)
Order=42(4/84)
Order=44(5/84)
Order=46(6/84)
Order=48(7/84)
Order=50(8/84)
Order=52(9/84)
Order=54(10/84)
Order=56(11/84)
Order=58(12/84)
Order=60(13/84)
Found 2 real poles and 19 conjugate complex pairs.
Final number of poles: 21
Saved figure: WMP_Lib/Nd143/2583-3115_MT2.png
Saved figure: WMP_Lib/Nd143/2583-3115_MT27.png
Saved figure: WMP_Lib/Nd143/2583-3115_MT102.png
Saved figure: WMP_Lib/Nd143/2583-3115_MT107.png
Vector fitting piece 19/24...
  energy: 2.907e+03 to 3.469e+03 eV (5250 points)
  error tolerance: rtol=0.005, atol=1e-05
Found 18 peaks
Fitting orders from 36 to 200
Order=36(0/83)
Order=38(1/83)
Order=40(2/83)
Order=42(3/83)
Found ideal results. Stop!
Found 3 real poles and 20 conjugate complex pairs.
Final number of poles: 23
Saved figure: WMP_Lib/Nd143/2907-3469_MT2.png
Saved figure: WMP_Lib/Nd143/2907-3469_MT27.png
Saved figure: WMP_Lib/Nd143/2907-3469_MT102.png
Saved figure: WMP_Lib/Nd143/2907-3469_MT107.png
Vector fitting piece 20/24...
  energy: 3.250e+03 to 3.843e+03 eV (5846 points)
  error tolerance: rtol=0.005, atol=1e-05
Found 22 peaks
Fitting orders from 44 to 200
Order=44(0/79)
Order=46(1/79)
Order=48(2/79)
Order=50(3/79)
Order=52(4/79)
Order=54(5/79)
Order=56(6/79)
Order=58(7/79)
Order=60(8/79)
Found 6 real poles and 22 conjugate complex pairs.
Final number of poles: 28
Saved figure: WMP_Lib/Nd143/3250-3843_MT2.png
Saved figure: WMP_Lib/Nd143/3250-3843_MT27.png
Saved figure: WMP_Lib/Nd143/3250-3843_MT102.png
Saved figure: WMP_Lib/Nd143/3250-3843_MT107.png
Vector fitting piece 21/24...
  energy: 3.612e+03 to 4.236e+03 eV (6282 points)
  error tolerance: rtol=0.005, atol=1e-05
Found 26 peaks
Fitting orders from 52 to 200
Order=52(0/75)
Order=54(1/75)
Order=56(2/75)
Order=58(3/75)
Found ideal results. Stop!
Found 6 real poles and 26 conjugate complex pairs.
Final number of poles: 32
Saved figure: WMP_Lib/Nd143/3612-4236_MT2.png
Saved figure: WMP_Lib/Nd143/3612-4236_MT27.png
Saved figure: WMP_Lib/Nd143/3612-4236_MT102.png
Saved figure: WMP_Lib/Nd143/3612-4236_MT107.png
Vector fitting piece 22/24...
  energy: 3.993e+03 to 4.650e+03 eV (6413 points)
  error tolerance: rtol=0.005, atol=1e-05
Found 25 peaks
Fitting orders from 50 to 200
Order=50(0/76)
Order=52(1/76)
Order=54(2/76)
Order=56(3/76)
Order=58(4/76)
Order=60(5/76)
Order=62(6/76)
Order=64(7/76)
Found 4 real poles and 25 conjugate complex pairs.
Final number of poles: 29
Saved figure: WMP_Lib/Nd143/3993-4650_MT2.png
Saved figure: WMP_Lib/Nd143/3993-4650_MT27.png
Saved figure: WMP_Lib/Nd143/3993-4650_MT102.png
Saved figure: WMP_Lib/Nd143/3993-4650_MT107.png
Vector fitting piece 23/24...
  energy: 4.394e+03 to 5.081e+03 eV (6418 points)
  error tolerance: rtol=0.005, atol=1e-05
Found 24 peaks
Fitting orders from 48 to 200
Order=48(0/77)
Order=50(1/77)
Order=52(2/77)
Order=54(3/77)
Found ideal results. Stop!
Found 6 real poles and 24 conjugate complex pairs.
Final number of poles: 30
Saved figure: WMP_Lib/Nd143/4394-5081_MT2.png
Saved figure: WMP_Lib/Nd143/4394-5081_MT27.png
Saved figure: WMP_Lib/Nd143/4394-5081_MT102.png
Saved figure: WMP_Lib/Nd143/4394-5081_MT107.png
Vector fitting piece 24/24...
  energy: 4.812e+03 to 5.503e+03 eV (3917 points)
  error tolerance: rtol=0.005, atol=1e-05
Found 14 peaks
Fitting orders from 28 to 200
Order=28(0/87)
Order=30(1/87)
Order=32(2/87)
Order=34(3/87)
Order=36(4/87)
Order=38(5/87)
Order=40(6/87)
Order=42(7/87)
Order=44(8/87)
Order=46(9/87)
Order=48(10/87)
Order=50(11/87)
Order=52(12/87)
Order=54(13/87)
Order=56(14/87)
Order=58(15/87)
Order=60(16/87)
Found 2 real poles and 15 conjugate complex pairs.
Final number of poles: 17
Saved figure: WMP_Lib/Nd143/4812-5503_MT2.png
Saved figure: WMP_Lib/Nd143/4812-5503_MT27.png
Saved figure: WMP_Lib/Nd143/4812-5503_MT102.png
Saved figure: WMP_Lib/Nd143/4812-5503_MT107.png
Dumped multipole data to file: WMP_Lib/Nd143/Nd143_mp.pickle
Start searching ...
Testing N_win=25 N_cf=10
Windowing:
  config: # windows=25, spacing=2.9671615636668403, CF order=10
  error tolerance: rtol=0.005, atol=1e-05
Failed: Pure curvefit failed for the first window!
Testing N_win=128 N_cf=10
Windowing:
  config: # windows=128, spacing=0.5795237429036797, CF order=10
  error tolerance: rtol=0.005, atol=1e-05
Failed: Pure curvefit failed for the first window!
Testing N_win=232 N_cf=10
Windowing:
  config: # windows=232, spacing=0.31973723746409916, CF order=10
  error tolerance: rtol=0.005, atol=1e-05
Failed: Pure curvefit failed for the first window!
Testing N_win=336 N_cf=10
Windowing:
  config: # windows=336, spacing=0.22077094967759225, CF order=10
  error tolerance: rtol=0.005, atol=1e-05
Failed: Pure curvefit failed for the first window!
Testing N_win=440 N_cf=10
Windowing:
  config: # windows=440, spacing=0.16858872520834317, CF order=10
  error tolerance: rtol=0.005, atol=1e-05
Failed: Pure curvefit failed for the first window!
Testing N_win=544 N_cf=10
Windowing:
  config: # windows=544, spacing=0.13635852774204227, CF order=10
  error tolerance: rtol=0.005, atol=1e-05
Failed: Pure curvefit failed for the first window!
Testing N_win=648 N_cf=10
Windowing:
  config: # windows=648, spacing=0.11447382575875155, CF order=10
  error tolerance: rtol=0.005, atol=1e-05
Failed: Pure curvefit failed for the first window!
Testing N_win=752 N_cf=10
Windowing:
  config: # windows=752, spacing=0.0986423392176476, CF order=10
  error tolerance: rtol=0.005, atol=1e-05
Failed: Pure curvefit failed for the first window!
Testing N_win=856 N_cf=10
Windowing:
  config: # windows=856, spacing=0.08665775594821379, CF order=10
  error tolerance: rtol=0.005, atol=1e-05
Failed: Pure curvefit failed for the first window!
Testing N_win=960 N_cf=10
Windowing:
  config: # windows=960, spacing=0.07726983238715729, CF order=10
  error tolerance: rtol=0.005, atol=1e-05
Failed: Pure curvefit failed for the first window!
Testing N_win=1064 N_cf=10
Windowing:
  config: # windows=1064, spacing=0.0697171420034502, CF order=10
  error tolerance: rtol=0.005, atol=1e-05
Failed: Pure curvefit failed for the first window!
Testing N_win=1168 N_cf=10
Windowing:
  config: # windows=1168, spacing=0.06350945127711559, CF order=10
  error tolerance: rtol=0.005, atol=1e-05
Failed: Pure curvefit failed for the first window!
Testing N_win=1272 N_cf=10
Windowing:
  config: # windows=1272, spacing=0.05831685463181682, CF order=10
  error tolerance: rtol=0.005, atol=1e-05
Failed: Pure curvefit failed for the first window!
Testing N_win=1376 N_cf=10
Windowing:
  config: # windows=1376, spacing=0.05390918538638881, CF order=10
  error tolerance: rtol=0.005, atol=1e-05
Failed: Pure curvefit failed for the first window!
Testing N_win=1480 N_cf=10
Windowing:
  config: # windows=1480, spacing=0.05012097235923716, CF order=10
  error tolerance: rtol=0.005, atol=1e-05
Failed: Pure curvefit failed for the first window!
Testing N_win=1584 N_cf=10
Windowing:
  config: # windows=1584, spacing=0.046830201446762, CF order=10
  error tolerance: rtol=0.005, atol=1e-05
Failed: Pure curvefit failed for the first window!
Testing N_win=1688 N_cf=10
Windowing:
  config: # windows=1688, spacing=0.04394492837184301, CF order=10
  error tolerance: rtol=0.005, atol=1e-05
Failed: Pure curvefit failed for the first window!
Testing N_win=1792 N_cf=10
Windowing:
  config: # windows=1792, spacing=0.04139455306454855, CF order=10
  error tolerance: rtol=0.005, atol=1e-05
Failed: Pure curvefit failed for the first window!
Testing N_win=1896 N_cf=10
Windowing:
  config: # windows=1896, spacing=0.03912396576564926, CF order=10
  error tolerance: rtol=0.005, atol=1e-05
Failed: Pure curvefit failed for the first window!
Testing N_win=2000 N_cf=10
Windowing:
  config: # windows=2000, spacing=0.0370895195458355, CF order=10
  error tolerance: rtol=0.005, atol=1e-05
Failed: Pure curvefit failed for the first window!
