Running NJOY to get 0K point-wise data (error=0.0005)...
Parsing cross sections within resolved resonance range...
  MTs: [2, 27, 102, 103, 107, 18]
  Energy range: 1.000e-05 to 5.000e+01 eV (19243 points)
Vector fitting piece 1/9...
  energy: 1.000e-05 to 8.560e-01 eV (711 points)
  error tolerance: rtol=0.001, atol=1e-05
Found 1 peaks
Fitting orders from 2 to 200
Order=2(0/100)
Order=4(1/100)
Order=6(2/100)
Order=8(3/100)
Order=10(4/100)
Found ideal results. Stop!
Found 4 real poles and 3 conjugate complex pairs.
Final number of poles: 7
Saved figure: WMP_Lib/Am243/0-1_MT2.png
Saved figure: WMP_Lib/Am243/0-1_MT27.png
Saved figure: WMP_Lib/Am243/0-1_MT102.png
Saved figure: WMP_Lib/Am243/0-1_MT18.png
Vector fitting piece 2/9...
  energy: 6.875e-02 to 2.924e+00 eV (1115 points)
  error tolerance: rtol=0.001, atol=1e-05
Found 4 peaks
Fitting orders from 8 to 200
Order=8(0/97)
Order=10(1/97)
Order=12(2/97)
Order=14(3/97)
Found ideal results. Stop!
Found 2 real poles and 6 conjugate complex pairs.
Final number of poles: 8
Saved figure: WMP_Lib/Am243/0-3_MT2.png
Saved figure: WMP_Lib/Am243/0-3_MT27.png
Saved figure: WMP_Lib/Am243/0-3_MT102.png
Saved figure: WMP_Lib/Am243/0-3_MT18.png
Vector fitting piece 3/9...
  energy: 1.100e+00 to 6.209e+00 eV (1848 points)
  error tolerance: rtol=0.001, atol=1e-05
Found 6 peaks
Fitting orders from 12 to 200
Order=12(0/95)
Order=14(1/95)
Order=16(2/95)
Order=18(3/95)
Found ideal results. Stop!
Found 2 real poles and 8 conjugate complex pairs.
Final number of poles: 10
Saved figure: WMP_Lib/Am243/1-6_MT2.png
Saved figure: WMP_Lib/Am243/1-6_MT27.png
Saved figure: WMP_Lib/Am243/1-6_MT102.png
Saved figure: WMP_Lib/Am243/1-6_MT18.png
Vector fitting piece 4/9...
  energy: 3.368e+00 to 1.074e+01 eV (2931 points)
  error tolerance: rtol=0.001, atol=1e-05
Found 10 peaks
Fitting orders from 20 to 200
Order=20(0/91)
Order=22(1/91)
Order=24(2/91)
Order=26(3/91)
Order=28(4/91)
Order=30(5/91)
Order=32(6/91)
Order=34(7/91)
Order=36(8/91)
Order=38(9/91)
Order=40(10/91)
Order=42(11/91)
Order=44(12/91)
Order=46(13/91)
Order=48(14/91)
Order=50(15/91)
Order=52(16/91)
Order=54(17/91)
Order=56(18/91)
Order=58(19/91)
Order=60(20/91)
Found 4 real poles and 11 conjugate complex pairs.
Final number of poles: 15
Saved figure: WMP_Lib/Am243/3-11_MT2.png
Saved figure: WMP_Lib/Am243/3-11_MT27.png
Saved figure: WMP_Lib/Am243/3-11_MT102.png
Saved figure: WMP_Lib/Am243/3-11_MT18.png
Vector fitting piece 5/9...
  energy: 6.862e+00 to 1.649e+01 eV (4106 points)
  error tolerance: rtol=0.001, atol=1e-05
Found 15 peaks
Fitting orders from 30 to 200
Order=30(0/86)
Order=32(1/86)
Order=34(2/86)
Order=36(3/86)
Order=38(4/86)
Order=40(5/86)
Order=42(6/86)
Order=44(7/86)
Order=46(8/86)
Order=48(9/86)
Order=50(10/86)
Order=52(11/86)
Order=54(12/86)
Order=56(13/86)
Order=58(14/86)
Order=60(15/86)
Found 0 real poles and 18 conjugate complex pairs.
Final number of poles: 18
Saved figure: WMP_Lib/Am243/7-16_MT2.png
Saved figure: WMP_Lib/Am243/7-16_MT27.png
Saved figure: WMP_Lib/Am243/7-16_MT102.png
Saved figure: WMP_Lib/Am243/7-16_MT18.png
Vector fitting piece 6/9...
  energy: 1.160e+01 to 2.352e+01 eV (4675 points)
  error tolerance: rtol=0.001, atol=1e-05
Found 18 peaks
Fitting orders from 36 to 200
Order=36(0/83)
Order=38(1/83)
Order=40(2/83)
Order=42(3/83)
Found ideal results. Stop!
Found 0 real poles and 21 conjugate complex pairs.
Final number of poles: 21
Saved figure: WMP_Lib/Am243/12-24_MT2.png
Saved figure: WMP_Lib/Am243/12-24_MT27.png
Saved figure: WMP_Lib/Am243/12-24_MT102.png
Saved figure: WMP_Lib/Am243/12-24_MT18.png
Vector fitting piece 7/9...
  energy: 1.757e+01 to 3.173e+01 eV (5596 points)
  error tolerance: rtol=0.001, atol=1e-05
Found 20 peaks
Fitting orders from 40 to 200
Order=40(0/81)
Order=42(1/81)
Order=44(2/81)
Order=46(3/81)
Order=48(4/81)
Order=50(5/81)
Order=52(6/81)
Order=54(7/81)
Order=56(8/81)
Order=58(9/81)
Order=60(10/81)
Found 2 real poles and 22 conjugate complex pairs.
Final number of poles: 24
Saved figure: WMP_Lib/Am243/18-32_MT2.png
Saved figure: WMP_Lib/Am243/18-32_MT27.png
Saved figure: WMP_Lib/Am243/18-32_MT102.png
Saved figure: WMP_Lib/Am243/18-32_MT18.png
Vector fitting piece 8/9...
  energy: 2.476e+01 to 4.118e+01 eV (6195 points)
  error tolerance: rtol=0.001, atol=1e-05
Found 20 peaks
Fitting orders from 40 to 200
Order=40(0/81)
Order=42(1/81)
Order=44(2/81)
Order=46(3/81)
Order=48(4/81)
Order=50(5/81)
Order=52(6/81)
Order=54(7/81)
Order=56(8/81)
Order=58(9/81)
Order=60(10/81)
Found 2 real poles and 23 conjugate complex pairs.
Final number of poles: 25
Saved figure: WMP_Lib/Am243/25-41_MT2.png
Saved figure: WMP_Lib/Am243/25-41_MT27.png
Saved figure: WMP_Lib/Am243/25-41_MT102.png
Saved figure: WMP_Lib/Am243/25-41_MT18.png
Vector fitting piece 9/9...
  energy: 3.320e+01 to 5.000e+01 eV (5738 points)
  error tolerance: rtol=0.001, atol=1e-05
Found 17 peaks
Fitting orders from 34 to 200
Order=34(0/84)
Order=36(1/84)
Order=38(2/84)
Order=40(3/84)
Order=42(4/84)
Found ideal results. Stop!
Found 2 real poles and 20 conjugate complex pairs.
Final number of poles: 22
Saved figure: WMP_Lib/Am243/33-50_MT2.png
Saved figure: WMP_Lib/Am243/33-50_MT27.png
Saved figure: WMP_Lib/Am243/33-50_MT102.png
Saved figure: WMP_Lib/Am243/33-50_MT18.png
Dumped multipole data to file: WMP_Lib/Am243/Am243_mp.pickle
Start searching ...
Testing N_win=7 N_cf=10
Failed: Window spacing cannot be larger than piece spacing.
Testing N_win=111 N_cf=10
Windowing:
  config: # windows=111, spacing=0.06367481826214856, CF order=10
  error tolerance: rtol=0.001, atol=1e-05
Best library so far.
Testing N_win=111 N_cf=9
Windowing:
  config: # windows=111, spacing=0.06367481826214856, CF order=9
  error tolerance: rtol=0.001, atol=1e-05
Best library so far.
Testing N_win=111 N_cf=8
Windowing:
  config: # windows=111, spacing=0.06367481826214856, CF order=8
  error tolerance: rtol=0.001, atol=1e-05
Best library so far.
Testing N_win=111 N_cf=7
Windowing:
  config: # windows=111, spacing=0.06367481826214856, CF order=7
  error tolerance: rtol=0.001, atol=1e-05
Best library so far.
Testing N_win=111 N_cf=6
Windowing:
  config: # windows=111, spacing=0.06367481826214856, CF order=6
  error tolerance: rtol=0.001, atol=1e-05
Best library so far.
Testing N_win=111 N_cf=5
Windowing:
  config: # windows=111, spacing=0.06367481826214856, CF order=5
  error tolerance: rtol=0.001, atol=1e-05
Testing N_win=111 N_cf=4
Windowing:
  config: # windows=111, spacing=0.06367481826214856, CF order=4
  error tolerance: rtol=0.001, atol=1e-05
Testing N_win=111 N_cf=3
Windowing:
  config: # windows=111, spacing=0.06367481826214856, CF order=3
  error tolerance: rtol=0.001, atol=1e-05
Testing N_win=111 N_cf=2
Windowing:
  config: # windows=111, spacing=0.06367481826214856, CF order=2
  error tolerance: rtol=0.001, atol=1e-05
Failed: Pure curvefit failed for the first window!
Testing N_win=216 N_cf=10
Windowing:
  config: # windows=216, spacing=0.03272178160693746, CF order=10
  error tolerance: rtol=0.001, atol=1e-05
Testing N_win=216 N_cf=9
Windowing:
  config: # windows=216, spacing=0.03272178160693746, CF order=9
  error tolerance: rtol=0.001, atol=1e-05
Best library so far.
Testing N_win=216 N_cf=8
Windowing:
  config: # windows=216, spacing=0.03272178160693746, CF order=8
  error tolerance: rtol=0.001, atol=1e-05
Best library so far.
Testing N_win=216 N_cf=7
Windowing:
  config: # windows=216, spacing=0.03272178160693746, CF order=7
  error tolerance: rtol=0.001, atol=1e-05
Best library so far.
Testing N_win=216 N_cf=6
Windowing:
  config: # windows=216, spacing=0.03272178160693746, CF order=6
  error tolerance: rtol=0.001, atol=1e-05
Best library so far.
Testing N_win=216 N_cf=5
Windowing:
  config: # windows=216, spacing=0.03272178160693746, CF order=5
  error tolerance: rtol=0.001, atol=1e-05
Testing N_win=216 N_cf=4
Windowing:
  config: # windows=216, spacing=0.03272178160693746, CF order=4
  error tolerance: rtol=0.001, atol=1e-05
Testing N_win=216 N_cf=3
Windowing:
  config: # windows=216, spacing=0.03272178160693746, CF order=3
  error tolerance: rtol=0.001, atol=1e-05
Testing N_win=216 N_cf=2
Windowing:
  config: # windows=216, spacing=0.03272178160693746, CF order=2
  error tolerance: rtol=0.001, atol=1e-05
Failed: Pure curvefit failed for the first window!
Testing N_win=321 N_cf=10
Windowing:
  config: # windows=321, spacing=0.022018395099995296, CF order=10
  error tolerance: rtol=0.001, atol=1e-05
Testing N_win=321 N_cf=9
Windowing:
  config: # windows=321, spacing=0.022018395099995296, CF order=9
  error tolerance: rtol=0.001, atol=1e-05
Testing N_win=321 N_cf=8
Windowing:
  config: # windows=321, spacing=0.022018395099995296, CF order=8
  error tolerance: rtol=0.001, atol=1e-05
Testing N_win=321 N_cf=7
Windowing:
  config: # windows=321, spacing=0.022018395099995296, CF order=7
  error tolerance: rtol=0.001, atol=1e-05
Testing N_win=321 N_cf=6
Windowing:
  config: # windows=321, spacing=0.022018395099995296, CF order=6
  error tolerance: rtol=0.001, atol=1e-05
Best library so far.
Testing N_win=321 N_cf=5
Windowing:
  config: # windows=321, spacing=0.022018395099995296, CF order=5
  error tolerance: rtol=0.001, atol=1e-05
Testing N_win=321 N_cf=4
Windowing:
  config: # windows=321, spacing=0.022018395099995296, CF order=4
  error tolerance: rtol=0.001, atol=1e-05
Testing N_win=321 N_cf=3
Windowing:
  config: # windows=321, spacing=0.022018395099995296, CF order=3
  error tolerance: rtol=0.001, atol=1e-05
Testing N_win=321 N_cf=2
Windowing:
  config: # windows=321, spacing=0.022018395099995296, CF order=2
  error tolerance: rtol=0.001, atol=1e-05
Failed: Pure curvefit failed for the first window!
Testing N_win=426 N_cf=10
Windowing:
  config: # windows=426, spacing=0.016591325885207724, CF order=10
  error tolerance: rtol=0.001, atol=1e-05
Testing N_win=426 N_cf=9
Windowing:
  config: # windows=426, spacing=0.016591325885207724, CF order=9
  error tolerance: rtol=0.001, atol=1e-05
Testing N_win=426 N_cf=8
Windowing:
  config: # windows=426, spacing=0.016591325885207724, CF order=8
  error tolerance: rtol=0.001, atol=1e-05
Testing N_win=426 N_cf=7
Windowing:
  config: # windows=426, spacing=0.016591325885207724, CF order=7
  error tolerance: rtol=0.001, atol=1e-05
Testing N_win=426 N_cf=6
Windowing:
  config: # windows=426, spacing=0.016591325885207724, CF order=6
  error tolerance: rtol=0.001, atol=1e-05
Testing N_win=426 N_cf=5
Windowing:
  config: # windows=426, spacing=0.016591325885207724, CF order=5
  error tolerance: rtol=0.001, atol=1e-05
Testing N_win=426 N_cf=4
Windowing:
  config: # windows=426, spacing=0.016591325885207724, CF order=4
  error tolerance: rtol=0.001, atol=1e-05
Testing N_win=426 N_cf=3
Windowing:
  config: # windows=426, spacing=0.016591325885207724, CF order=3
  error tolerance: rtol=0.001, atol=1e-05
Testing N_win=426 N_cf=2
Windowing:
  config: # windows=426, spacing=0.016591325885207724, CF order=2
  error tolerance: rtol=0.001, atol=1e-05
Failed: Pure curvefit failed for the first window!
Testing N_win=531 N_cf=10
Windowing:
  config: # windows=531, spacing=0.01331055522994066, CF order=10
  error tolerance: rtol=0.001, atol=1e-05
Testing N_win=531 N_cf=9
Windowing:
  config: # windows=531, spacing=0.01331055522994066, CF order=9
  error tolerance: rtol=0.001, atol=1e-05
Testing N_win=531 N_cf=8
Windowing:
  config: # windows=531, spacing=0.01331055522994066, CF order=8
  error tolerance: rtol=0.001, atol=1e-05
Testing N_win=531 N_cf=7
Windowing:
  config: # windows=531, spacing=0.01331055522994066, CF order=7
  error tolerance: rtol=0.001, atol=1e-05
Testing N_win=531 N_cf=6
Windowing:
  config: # windows=531, spacing=0.01331055522994066, CF order=6
  error tolerance: rtol=0.001, atol=1e-05
Testing N_win=531 N_cf=5
Windowing:
  config: # windows=531, spacing=0.01331055522994066, CF order=5
  error tolerance: rtol=0.001, atol=1e-05
Testing N_win=531 N_cf=4
Windowing:
  config: # windows=531, spacing=0.01331055522994066, CF order=4
  error tolerance: rtol=0.001, atol=1e-05
Testing N_win=531 N_cf=3
Windowing:
  config: # windows=531, spacing=0.01331055522994066, CF order=3
  error tolerance: rtol=0.001, atol=1e-05
Testing N_win=531 N_cf=2
Windowing:
  config: # windows=531, spacing=0.01331055522994066, CF order=2
  error tolerance: rtol=0.001, atol=1e-05
Failed: Pure curvefit failed for the first window!
Testing N_win=636 N_cf=10
Windowing:
  config: # windows=636, spacing=0.011113057904242909, CF order=10
  error tolerance: rtol=0.001, atol=1e-05
Testing N_win=636 N_cf=9
Windowing:
  config: # windows=636, spacing=0.011113057904242909, CF order=9
  error tolerance: rtol=0.001, atol=1e-05
Testing N_win=636 N_cf=8
Windowing:
  config: # windows=636, spacing=0.011113057904242909, CF order=8
  error tolerance: rtol=0.001, atol=1e-05
Testing N_win=636 N_cf=7
Windowing:
  config: # windows=636, spacing=0.011113057904242909, CF order=7
  error tolerance: rtol=0.001, atol=1e-05
Testing N_win=636 N_cf=6
Windowing:
  config: # windows=636, spacing=0.011113057904242909, CF order=6
  error tolerance: rtol=0.001, atol=1e-05
Testing N_win=636 N_cf=5
Windowing:
  config: # windows=636, spacing=0.011113057904242909, CF order=5
  error tolerance: rtol=0.001, atol=1e-05
Testing N_win=636 N_cf=4
Windowing:
  config: # windows=636, spacing=0.011113057904242909, CF order=4
  error tolerance: rtol=0.001, atol=1e-05
Testing N_win=636 N_cf=3
Windowing:
  config: # windows=636, spacing=0.011113057904242909, CF order=3
  error tolerance: rtol=0.001, atol=1e-05
Testing N_win=636 N_cf=2
Windowing:
  config: # windows=636, spacing=0.011113057904242909, CF order=2
  error tolerance: rtol=0.001, atol=1e-05
Failed: Pure curvefit failed for the first window!
Testing N_win=741 N_cf=10
Windowing:
  config: # windows=741, spacing=0.009538333099997963, CF order=10
  error tolerance: rtol=0.001, atol=1e-05
Testing N_win=741 N_cf=9
Windowing:
  config: # windows=741, spacing=0.009538333099997963, CF order=9
  error tolerance: rtol=0.001, atol=1e-05
Testing N_win=741 N_cf=8
Windowing:
  config: # windows=741, spacing=0.009538333099997963, CF order=8
  error tolerance: rtol=0.001, atol=1e-05
Testing N_win=741 N_cf=7
Windowing:
  config: # windows=741, spacing=0.009538333099997963, CF order=7
  error tolerance: rtol=0.001, atol=1e-05
Testing N_win=741 N_cf=6
Windowing:
  config: # windows=741, spacing=0.009538333099997963, CF order=6
  error tolerance: rtol=0.001, atol=1e-05
Testing N_win=741 N_cf=5
Windowing:
  config: # windows=741, spacing=0.009538333099997963, CF order=5
  error tolerance: rtol=0.001, atol=1e-05
Testing N_win=741 N_cf=4
Windowing:
  config: # windows=741, spacing=0.009538333099997963, CF order=4
  error tolerance: rtol=0.001, atol=1e-05
Testing N_win=741 N_cf=3
Windowing:
  config: # windows=741, spacing=0.009538333099997963, CF order=3
  error tolerance: rtol=0.001, atol=1e-05
Testing N_win=741 N_cf=2
Windowing:
  config: # windows=741, spacing=0.009538333099997963, CF order=2
  error tolerance: rtol=0.001, atol=1e-05
Failed: Pure curvefit failed for the first window!
Testing N_win=846 N_cf=10
Windowing:
  config: # windows=846, spacing=0.0083544974315585, CF order=10
  error tolerance: rtol=0.001, atol=1e-05
Testing N_win=846 N_cf=9
Windowing:
  config: # windows=846, spacing=0.0083544974315585, CF order=9
  error tolerance: rtol=0.001, atol=1e-05
Testing N_win=846 N_cf=8
Windowing:
  config: # windows=846, spacing=0.0083544974315585, CF order=8
  error tolerance: rtol=0.001, atol=1e-05
Testing N_win=846 N_cf=7
Windowing:
  config: # windows=846, spacing=0.0083544974315585, CF order=7
  error tolerance: rtol=0.001, atol=1e-05
Testing N_win=846 N_cf=6
Windowing:
  config: # windows=846, spacing=0.0083544974315585, CF order=6
  error tolerance: rtol=0.001, atol=1e-05
Testing N_win=846 N_cf=5
Windowing:
  config: # windows=846, spacing=0.0083544974315585, CF order=5
  error tolerance: rtol=0.001, atol=1e-05
Testing N_win=846 N_cf=4
Windowing:
  config: # windows=846, spacing=0.0083544974315585, CF order=4
  error tolerance: rtol=0.001, atol=1e-05
Testing N_win=846 N_cf=3
Windowing:
  config: # windows=846, spacing=0.0083544974315585, CF order=3
  error tolerance: rtol=0.001, atol=1e-05
Testing N_win=846 N_cf=2
Windowing:
  config: # windows=846, spacing=0.0083544974315585, CF order=2
  error tolerance: rtol=0.001, atol=1e-05
Failed: Pure curvefit failed for the first window!
Testing N_win=951 N_cf=10
Windowing:
  config: # windows=951, spacing=0.007432076579493681, CF order=10
  error tolerance: rtol=0.001, atol=1e-05
Testing N_win=951 N_cf=9
Windowing:
  config: # windows=951, spacing=0.007432076579493681, CF order=9
  error tolerance: rtol=0.001, atol=1e-05
Testing N_win=951 N_cf=8
Windowing:
  config: # windows=951, spacing=0.007432076579493681, CF order=8
  error tolerance: rtol=0.001, atol=1e-05
Testing N_win=951 N_cf=7
Windowing:
  config: # windows=951, spacing=0.007432076579493681, CF order=7
  error tolerance: rtol=0.001, atol=1e-05
Testing N_win=951 N_cf=6
Windowing:
  config: # windows=951, spacing=0.007432076579493681, CF order=6
  error tolerance: rtol=0.001, atol=1e-05
Testing N_win=951 N_cf=5
Windowing:
  config: # windows=951, spacing=0.007432076579493681, CF order=5
  error tolerance: rtol=0.001, atol=1e-05
Testing N_win=951 N_cf=4
Windowing:
  config: # windows=951, spacing=0.007432076579493681, CF order=4
  error tolerance: rtol=0.001, atol=1e-05
Testing N_win=951 N_cf=3
Windowing:
  config: # windows=951, spacing=0.007432076579493681, CF order=3
  error tolerance: rtol=0.001, atol=1e-05
Testing N_win=951 N_cf=2
Windowing:
  config: # windows=951, spacing=0.007432076579493681, CF order=2
  error tolerance: rtol=0.001, atol=1e-05
Failed: Pure curvefit failed for the first window!
Testing N_win=1055 N_cf=10
Windowing:
  config: # windows=1055, spacing=0.006699435855069659, CF order=10
  error tolerance: rtol=0.001, atol=1e-05
Testing N_win=1055 N_cf=9
Windowing:
  config: # windows=1055, spacing=0.006699435855069659, CF order=9
  error tolerance: rtol=0.001, atol=1e-05
Testing N_win=1055 N_cf=8
Windowing:
  config: # windows=1055, spacing=0.006699435855069659, CF order=8
  error tolerance: rtol=0.001, atol=1e-05
Testing N_win=1055 N_cf=7
Windowing:
  config: # windows=1055, spacing=0.006699435855069659, CF order=7
  error tolerance: rtol=0.001, atol=1e-05
Testing N_win=1055 N_cf=6
Windowing:
  config: # windows=1055, spacing=0.006699435855069659, CF order=6
  error tolerance: rtol=0.001, atol=1e-05
Testing N_win=1055 N_cf=5
Windowing:
  config: # windows=1055, spacing=0.006699435855069659, CF order=5
  error tolerance: rtol=0.001, atol=1e-05
Testing N_win=1055 N_cf=4
Windowing:
  config: # windows=1055, spacing=0.006699435855069659, CF order=4
  error tolerance: rtol=0.001, atol=1e-05
Testing N_win=1055 N_cf=3
Windowing:
  config: # windows=1055, spacing=0.006699435855069659, CF order=3
  error tolerance: rtol=0.001, atol=1e-05
Testing N_win=1055 N_cf=2
Windowing:
  config: # windows=1055, spacing=0.006699435855069659, CF order=2
  error tolerance: rtol=0.001, atol=1e-05
Failed: Pure curvefit failed for the first window!
Testing N_win=1160 N_cf=10
Windowing:
  config: # windows=1160, spacing=0.006093021402671112, CF order=10
  error tolerance: rtol=0.001, atol=1e-05
Testing N_win=1160 N_cf=9
Windowing:
  config: # windows=1160, spacing=0.006093021402671112, CF order=9
  error tolerance: rtol=0.001, atol=1e-05
Testing N_win=1160 N_cf=8
Windowing:
  config: # windows=1160, spacing=0.006093021402671112, CF order=8
  error tolerance: rtol=0.001, atol=1e-05
Testing N_win=1160 N_cf=7
Windowing:
  config: # windows=1160, spacing=0.006093021402671112, CF order=7
  error tolerance: rtol=0.001, atol=1e-05
Testing N_win=1160 N_cf=6
Windowing:
  config: # windows=1160, spacing=0.006093021402671112, CF order=6
  error tolerance: rtol=0.001, atol=1e-05
Testing N_win=1160 N_cf=5
Windowing:
  config: # windows=1160, spacing=0.006093021402671112, CF order=5
  error tolerance: rtol=0.001, atol=1e-05
Testing N_win=1160 N_cf=4
Windowing:
  config: # windows=1160, spacing=0.006093021402671112, CF order=4
  error tolerance: rtol=0.001, atol=1e-05
Testing N_win=1160 N_cf=3
Windowing:
  config: # windows=1160, spacing=0.006093021402671112, CF order=3
  error tolerance: rtol=0.001, atol=1e-05
Testing N_win=1160 N_cf=2
Windowing:
  config: # windows=1160, spacing=0.006093021402671112, CF order=2
  error tolerance: rtol=0.001, atol=1e-05
Failed: Pure curvefit failed for the first window!
Testing N_win=1265 N_cf=10
Windowing:
  config: # windows=1265, spacing=0.005587276543160862, CF order=10
  error tolerance: rtol=0.001, atol=1e-05
Testing N_win=1265 N_cf=9
Windowing:
  config: # windows=1265, spacing=0.005587276543160862, CF order=9
  error tolerance: rtol=0.001, atol=1e-05
Testing N_win=1265 N_cf=8
Windowing:
  config: # windows=1265, spacing=0.005587276543160862, CF order=8
  error tolerance: rtol=0.001, atol=1e-05
Testing N_win=1265 N_cf=7
Windowing:
  config: # windows=1265, spacing=0.005587276543160862, CF order=7
  error tolerance: rtol=0.001, atol=1e-05
Testing N_win=1265 N_cf=6
Windowing:
  config: # windows=1265, spacing=0.005587276543160862, CF order=6
  error tolerance: rtol=0.001, atol=1e-05
Testing N_win=1265 N_cf=5
Windowing:
  config: # windows=1265, spacing=0.005587276543160862, CF order=5
  error tolerance: rtol=0.001, atol=1e-05
Testing N_win=1265 N_cf=4
Windowing:
  config: # windows=1265, spacing=0.005587276543160862, CF order=4
  error tolerance: rtol=0.001, atol=1e-05
Testing N_win=1265 N_cf=3
Windowing:
  config: # windows=1265, spacing=0.005587276543160862, CF order=3
  error tolerance: rtol=0.001, atol=1e-05
Testing N_win=1265 N_cf=2
Windowing:
  config: # windows=1265, spacing=0.005587276543160862, CF order=2
  error tolerance: rtol=0.001, atol=1e-05
Failed: Pure curvefit failed for the first window!
Testing N_win=1370 N_cf=10
Windowing:
  config: # windows=1370, spacing=0.005159054618320066, CF order=10
  error tolerance: rtol=0.001, atol=1e-05
Testing N_win=1370 N_cf=9
Windowing:
  config: # windows=1370, spacing=0.005159054618320066, CF order=9
  error tolerance: rtol=0.001, atol=1e-05
Testing N_win=1370 N_cf=8
Windowing:
  config: # windows=1370, spacing=0.005159054618320066, CF order=8
  error tolerance: rtol=0.001, atol=1e-05
Testing N_win=1370 N_cf=7
Windowing:
  config: # windows=1370, spacing=0.005159054618320066, CF order=7
  error tolerance: rtol=0.001, atol=1e-05
Testing N_win=1370 N_cf=6
Windowing:
  config: # windows=1370, spacing=0.005159054618320066, CF order=6
  error tolerance: rtol=0.001, atol=1e-05
Testing N_win=1370 N_cf=5
Windowing:
  config: # windows=1370, spacing=0.005159054618320066, CF order=5
  error tolerance: rtol=0.001, atol=1e-05
Testing N_win=1370 N_cf=4
Windowing:
  config: # windows=1370, spacing=0.005159054618320066, CF order=4
  error tolerance: rtol=0.001, atol=1e-05
Testing N_win=1370 N_cf=3
Windowing:
  config: # windows=1370, spacing=0.005159054618320066, CF order=3
  error tolerance: rtol=0.001, atol=1e-05
Testing N_win=1370 N_cf=2
Windowing:
  config: # windows=1370, spacing=0.005159054618320066, CF order=2
  error tolerance: rtol=0.001, atol=1e-05
Failed: Pure curvefit failed for the first window!
Testing N_win=1475 N_cf=10
Windowing:
  config: # windows=1475, spacing=0.004791799882778638, CF order=10
  error tolerance: rtol=0.001, atol=1e-05
Testing N_win=1475 N_cf=9
Windowing:
  config: # windows=1475, spacing=0.004791799882778638, CF order=9
  error tolerance: rtol=0.001, atol=1e-05
Testing N_win=1475 N_cf=8
Windowing:
  config: # windows=1475, spacing=0.004791799882778638, CF order=8
  error tolerance: rtol=0.001, atol=1e-05
Testing N_win=1475 N_cf=7
Windowing:
  config: # windows=1475, spacing=0.004791799882778638, CF order=7
  error tolerance: rtol=0.001, atol=1e-05
Testing N_win=1475 N_cf=6
Windowing:
  config: # windows=1475, spacing=0.004791799882778638, CF order=6
  error tolerance: rtol=0.001, atol=1e-05
Testing N_win=1475 N_cf=5
Windowing:
  config: # windows=1475, spacing=0.004791799882778638, CF order=5
  error tolerance: rtol=0.001, atol=1e-05
Testing N_win=1475 N_cf=4
Windowing:
  config: # windows=1475, spacing=0.004791799882778638, CF order=4
  error tolerance: rtol=0.001, atol=1e-05
Testing N_win=1475 N_cf=3
Windowing:
  config: # windows=1475, spacing=0.004791799882778638, CF order=3
  error tolerance: rtol=0.001, atol=1e-05
Testing N_win=1475 N_cf=2
Windowing:
  config: # windows=1475, spacing=0.004791799882778638, CF order=2
  error tolerance: rtol=0.001, atol=1e-05
Failed: Pure curvefit failed for the first window!
Testing N_win=1580 N_cf=10
Windowing:
  config: # windows=1580, spacing=0.004473357485505374, CF order=10
  error tolerance: rtol=0.001, atol=1e-05
Testing N_win=1580 N_cf=9
Windowing:
  config: # windows=1580, spacing=0.004473357485505374, CF order=9
  error tolerance: rtol=0.001, atol=1e-05
Testing N_win=1580 N_cf=8
Windowing:
  config: # windows=1580, spacing=0.004473357485505374, CF order=8
  error tolerance: rtol=0.001, atol=1e-05
Testing N_win=1580 N_cf=7
Windowing:
  config: # windows=1580, spacing=0.004473357485505374, CF order=7
  error tolerance: rtol=0.001, atol=1e-05
Testing N_win=1580 N_cf=6
Windowing:
  config: # windows=1580, spacing=0.004473357485505374, CF order=6
  error tolerance: rtol=0.001, atol=1e-05
Testing N_win=1580 N_cf=5
Windowing:
  config: # windows=1580, spacing=0.004473357485505374, CF order=5
  error tolerance: rtol=0.001, atol=1e-05
Testing N_win=1580 N_cf=4
Windowing:
  config: # windows=1580, spacing=0.004473357485505374, CF order=4
  error tolerance: rtol=0.001, atol=1e-05
Testing N_win=1580 N_cf=3
Windowing:
  config: # windows=1580, spacing=0.004473357485505374, CF order=3
  error tolerance: rtol=0.001, atol=1e-05
Testing N_win=1580 N_cf=2
Windowing:
  config: # windows=1580, spacing=0.004473357485505374, CF order=2
  error tolerance: rtol=0.001, atol=1e-05
Failed: Pure curvefit failed for the first window!
Testing N_win=1685 N_cf=10
Windowing:
  config: # windows=1685, spacing=0.004194602271275069, CF order=10
  error tolerance: rtol=0.001, atol=1e-05
Testing N_win=1685 N_cf=9
Windowing:
  config: # windows=1685, spacing=0.004194602271275069, CF order=9
  error tolerance: rtol=0.001, atol=1e-05
Testing N_win=1685 N_cf=8
Windowing:
  config: # windows=1685, spacing=0.004194602271275069, CF order=8
  error tolerance: rtol=0.001, atol=1e-05
Testing N_win=1685 N_cf=7
Windowing:
  config: # windows=1685, spacing=0.004194602271275069, CF order=7
  error tolerance: rtol=0.001, atol=1e-05
Testing N_win=1685 N_cf=6
Windowing:
  config: # windows=1685, spacing=0.004194602271275069, CF order=6
  error tolerance: rtol=0.001, atol=1e-05
Testing N_win=1685 N_cf=5
Windowing:
  config: # windows=1685, spacing=0.004194602271275069, CF order=5
  error tolerance: rtol=0.001, atol=1e-05
Testing N_win=1685 N_cf=4
Windowing:
  config: # windows=1685, spacing=0.004194602271275069, CF order=4
  error tolerance: rtol=0.001, atol=1e-05
Testing N_win=1685 N_cf=3
Windowing:
  config: # windows=1685, spacing=0.004194602271275069, CF order=3
  error tolerance: rtol=0.001, atol=1e-05
Testing N_win=1685 N_cf=2
Windowing:
  config: # windows=1685, spacing=0.004194602271275069, CF order=2
  error tolerance: rtol=0.001, atol=1e-05
Failed: Pure curvefit failed for the first window!
Testing N_win=1790 N_cf=10
Windowing:
  config: # windows=1790, spacing=0.003948550182736587, CF order=10
  error tolerance: rtol=0.001, atol=1e-05
Testing N_win=1790 N_cf=9
Windowing:
  config: # windows=1790, spacing=0.003948550182736587, CF order=9
  error tolerance: rtol=0.001, atol=1e-05
Testing N_win=1790 N_cf=8
Windowing:
  config: # windows=1790, spacing=0.003948550182736587, CF order=8
  error tolerance: rtol=0.001, atol=1e-05
Testing N_win=1790 N_cf=7
Windowing:
  config: # windows=1790, spacing=0.003948550182736587, CF order=7
  error tolerance: rtol=0.001, atol=1e-05
Testing N_win=1790 N_cf=6
Windowing:
  config: # windows=1790, spacing=0.003948550182736587, CF order=6
  error tolerance: rtol=0.001, atol=1e-05
Testing N_win=1790 N_cf=5
Windowing:
  config: # windows=1790, spacing=0.003948550182736587, CF order=5
  error tolerance: rtol=0.001, atol=1e-05
Testing N_win=1790 N_cf=4
Windowing:
  config: # windows=1790, spacing=0.003948550182736587, CF order=4
  error tolerance: rtol=0.001, atol=1e-05
Testing N_win=1790 N_cf=3
Windowing:
  config: # windows=1790, spacing=0.003948550182736587, CF order=3
  error tolerance: rtol=0.001, atol=1e-05
Testing N_win=1790 N_cf=2
Windowing:
  config: # windows=1790, spacing=0.003948550182736587, CF order=2
  error tolerance: rtol=0.001, atol=1e-05
Failed: Pure curvefit failed for the first window!
Testing N_win=1895 N_cf=10
Windowing:
  config: # windows=1895, spacing=0.0037297650802630557, CF order=10
  error tolerance: rtol=0.001, atol=1e-05
Testing N_win=1895 N_cf=9
Windowing:
  config: # windows=1895, spacing=0.0037297650802630557, CF order=9
  error tolerance: rtol=0.001, atol=1e-05
Testing N_win=1895 N_cf=8
Windowing:
  config: # windows=1895, spacing=0.0037297650802630557, CF order=8
  error tolerance: rtol=0.001, atol=1e-05
Testing N_win=1895 N_cf=7
Windowing:
  config: # windows=1895, spacing=0.0037297650802630557, CF order=7
  error tolerance: rtol=0.001, atol=1e-05
Testing N_win=1895 N_cf=6
Windowing:
  config: # windows=1895, spacing=0.0037297650802630557, CF order=6
  error tolerance: rtol=0.001, atol=1e-05
Testing N_win=1895 N_cf=5
Windowing:
  config: # windows=1895, spacing=0.0037297650802630557, CF order=5
  error tolerance: rtol=0.001, atol=1e-05
Testing N_win=1895 N_cf=4
Windowing:
  config: # windows=1895, spacing=0.0037297650802630557, CF order=4
  error tolerance: rtol=0.001, atol=1e-05
Testing N_win=1895 N_cf=3
Windowing:
  config: # windows=1895, spacing=0.0037297650802630557, CF order=3
  error tolerance: rtol=0.001, atol=1e-05
Testing N_win=1895 N_cf=2
Windowing:
  config: # windows=1895, spacing=0.0037297650802630557, CF order=2
  error tolerance: rtol=0.001, atol=1e-05
Failed: Pure curvefit failed for the first window!
Testing N_win=2000 N_cf=10
Windowing:
  config: # windows=2000, spacing=0.003533952413549245, CF order=10
  error tolerance: rtol=0.001, atol=1e-05
Testing N_win=2000 N_cf=9
Windowing:
  config: # windows=2000, spacing=0.003533952413549245, CF order=9
  error tolerance: rtol=0.001, atol=1e-05
Testing N_win=2000 N_cf=8
Windowing:
  config: # windows=2000, spacing=0.003533952413549245, CF order=8
  error tolerance: rtol=0.001, atol=1e-05
Testing N_win=2000 N_cf=7
Windowing:
  config: # windows=2000, spacing=0.003533952413549245, CF order=7
  error tolerance: rtol=0.001, atol=1e-05
Testing N_win=2000 N_cf=6
Windowing:
  config: # windows=2000, spacing=0.003533952413549245, CF order=6
  error tolerance: rtol=0.001, atol=1e-05
Testing N_win=2000 N_cf=5
Windowing:
  config: # windows=2000, spacing=0.003533952413549245, CF order=5
  error tolerance: rtol=0.001, atol=1e-05
Testing N_win=2000 N_cf=4
Windowing:
  config: # windows=2000, spacing=0.003533952413549245, CF order=4
  error tolerance: rtol=0.001, atol=1e-05
Testing N_win=2000 N_cf=3
Windowing:
  config: # windows=2000, spacing=0.003533952413549245, CF order=3
  error tolerance: rtol=0.001, atol=1e-05
Testing N_win=2000 N_cf=2
Windowing:
  config: # windows=2000, spacing=0.003533952413549245, CF order=2
  error tolerance: rtol=0.001, atol=1e-05
Failed: Pure curvefit failed for the first window!
Final library: 95 poles, 321 windows, 4.3 poles per window, 6 CF order
