Running NJOY to get 0K point-wise data (error=0.0005)...
Parsing cross sections within resolved resonance range...
  MTs: [2, 27, 102, 103, 107, 18]
  Energy range: 1.000e-05 to 5.700e+03 eV (194288 points)
Vector fitting piece 1/97...
  energy: 1.000e-05 to 8.398e-01 eV (879 points)
  error tolerance: rtol=0.001, atol=1e-05
Found 0 peaks
Fitting orders from 2 to 200
Order=2(0/100)
Order=4(1/100)
Order=6(2/100)
Found ideal results. Stop!
Found 2 real poles and 2 conjugate complex pairs.
Final number of poles: 4
Saved figure: WMP_Lib/Pu240/0-1_MT2.png
Saved figure: WMP_Lib/Pu240/0-1_MT27.png
Saved figure: WMP_Lib/Pu240/0-1_MT102.png
Saved figure: WMP_Lib/Pu240/0-1_MT18.png
Vector fitting piece 2/97...
  energy: 6.719e-02 to 2.891e+00 eV (924 points)
  error tolerance: rtol=0.001, atol=1e-05
Found 1 peaks
Fitting orders from 2 to 200
Order=2(0/100)
Order=4(1/100)
Order=6(2/100)
Found ideal results. Stop!
Found 0 real poles and 3 conjugate complex pairs.
Final number of poles: 3
Saved figure: WMP_Lib/Pu240/0-3_MT2.png
Saved figure: WMP_Lib/Pu240/0-3_MT27.png
Saved figure: WMP_Lib/Pu240/0-3_MT102.png
Saved figure: WMP_Lib/Pu240/0-3_MT18.png
Vector fitting piece 3/97...
  energy: 1.079e+00 to 6.250e+00 eV (301 points)
  error tolerance: rtol=0.001, atol=1e-05
Found 0 peaks
Fitting orders from 2 to 200
Order=2(0/100)
Order=4(1/100)
Order=6(2/100)
Found ideal results. Stop!
Found 2 real poles and 2 conjugate complex pairs.
Final number of poles: 4
Saved figure: WMP_Lib/Pu240/1-6_MT2.png
Saved figure: WMP_Lib/Pu240/1-6_MT27.png
Saved figure: WMP_Lib/Pu240/1-6_MT102.png
Saved figure: WMP_Lib/Pu240/1-6_MT18.png
Vector fitting piece 4/97...
  energy: 3.266e+00 to 1.078e+01 eV (90 points)
  error tolerance: rtol=0.001, atol=1e-05
Found 0 peaks
Fitting orders from 2 to 200
Order=2(0/100)
Order=4(1/100)
Order=6(2/100)
Found ideal results. Stop!
Found 2 real poles and 2 conjugate complex pairs.
Final number of poles: 4
Saved figure: WMP_Lib/Pu240/3-11_MT2.png
Saved figure: WMP_Lib/Pu240/3-11_MT27.png
Saved figure: WMP_Lib/Pu240/3-11_MT102.png
Saved figure: WMP_Lib/Pu240/3-11_MT18.png
Vector fitting piece 5/97...
  energy: 6.719e+00 to 1.633e+01 eV (72 points)
  error tolerance: rtol=0.001, atol=1e-05
Found 0 peaks
Fitting orders from 2 to 200
Order=2(0/100)
Order=4(1/100)
Found ideal results. Stop!
Found 2 real poles and 1 conjugate complex pairs.
Final number of poles: 3
Saved figure: WMP_Lib/Pu240/7-16_MT2.png
Saved figure: WMP_Lib/Pu240/7-16_MT27.png
Saved figure: WMP_Lib/Pu240/7-16_MT102.png
Saved figure: WMP_Lib/Pu240/7-16_MT18.png
Vector fitting piece 6/97...
  energy: 1.125e+01 to 2.313e+01 eV (795 points)
  error tolerance: rtol=0.001, atol=1e-05
Found 1 peaks
Fitting orders from 2 to 200
Order=2(0/100)
Order=4(1/100)
Order=6(2/100)
Found ideal results. Stop!
Found 2 real poles and 2 conjugate complex pairs.
Final number of poles: 4
Saved figure: WMP_Lib/Pu240/11-23_MT2.png
Saved figure: WMP_Lib/Pu240/11-23_MT27.png
Saved figure: WMP_Lib/Pu240/11-23_MT102.png
Saved figure: WMP_Lib/Pu240/11-23_MT18.png
Vector fitting piece 7/97...
  energy: 1.719e+01 to 3.131e+01 eV (830 points)
  error tolerance: rtol=0.001, atol=1e-05
Found 1 peaks
Fitting orders from 2 to 200
Order=2(0/100)
Order=4(1/100)
Order=6(2/100)
Found ideal results. Stop!
Found 2 real poles and 2 conjugate complex pairs.
Final number of poles: 4
Saved figure: WMP_Lib/Pu240/17-31_MT2.png
Saved figure: WMP_Lib/Pu240/17-31_MT27.png
Saved figure: WMP_Lib/Pu240/17-31_MT102.png
Saved figure: WMP_Lib/Pu240/17-31_MT18.png
Vector fitting piece 8/97...
  energy: 2.428e+01 to 4.051e+01 eV (800 points)
  error tolerance: rtol=0.001, atol=1e-05
Found 1 peaks
Fitting orders from 2 to 200
Order=2(0/100)
Order=4(1/100)
Order=6(2/100)
Order=8(3/100)
Order=10(4/100)
Order=12(5/100)
Order=14(6/100)
Order=16(7/100)
Order=18(8/100)
Order=20(9/100)
Order=22(10/100)
Order=24(11/100)
Order=26(12/100)
Order=28(13/100)
Order=30(14/100)
Order=32(15/100)
Order=34(16/100)
Order=36(17/100)
Order=38(18/100)
Order=40(19/100)
Order=42(20/100)
Order=44(21/100)
Order=46(22/100)
Order=48(23/100)
Order=50(24/100)
Order=52(25/100)
Order=54(26/100)
Order=56(27/100)
Order=58(28/100)
Order=60(29/100)
Found 2 real poles and 3 conjugate complex pairs.
Final number of poles: 5
Saved figure: WMP_Lib/Pu240/24-41_MT2.png
Saved figure: WMP_Lib/Pu240/24-41_MT27.png
Saved figure: WMP_Lib/Pu240/24-41_MT102.png
Saved figure: WMP_Lib/Pu240/24-41_MT18.png
Vector fitting piece 9/97...
  energy: 3.257e+01 to 5.117e+01 eV (1440 points)
  error tolerance: rtol=0.001, atol=1e-05
Found 2 peaks
Fitting orders from 4 to 200
Order=4(0/99)
Order=6(1/99)
Order=8(2/99)
Order=10(3/99)
Order=12(4/99)
Order=14(5/99)
Order=16(6/99)
Order=18(7/99)
Order=20(8/99)
Order=22(9/99)
Order=24(10/99)
Order=26(11/99)
Order=28(12/99)
Order=30(13/99)
Order=32(14/99)
Order=34(15/99)
Order=36(16/99)
Order=38(17/99)
Order=40(18/99)
Order=42(19/99)
Order=44(20/99)
Order=46(21/99)
Order=48(22/99)
Order=50(23/99)
Order=52(24/99)
Order=54(25/99)
Order=56(26/99)
Order=58(27/99)
Order=60(28/99)
Found 2 real poles and 3 conjugate complex pairs.
Final number of poles: 5
Saved figure: WMP_Lib/Pu240/33-51_MT2.png
Saved figure: WMP_Lib/Pu240/33-51_MT27.png
Saved figure: WMP_Lib/Pu240/33-51_MT102.png
Saved figure: WMP_Lib/Pu240/33-51_MT18.png
Vector fitting piece 10/97...
  energy: 4.207e+01 to 6.282e+01 eV (299 points)
  error tolerance: rtol=0.001, atol=1e-05
Found 0 peaks
Fitting orders from 2 to 200
Order=2(0/100)
Order=4(1/100)
Order=6(2/100)
Order=8(3/100)
Found ideal results. Stop!
Found 4 real poles and 2 conjugate complex pairs.
Final number of poles: 6
Saved figure: WMP_Lib/Pu240/42-63_MT2.png
Saved figure: WMP_Lib/Pu240/42-63_MT27.png
Saved figure: WMP_Lib/Pu240/42-63_MT102.png
Saved figure: WMP_Lib/Pu240/42-63_MT18.png
Vector fitting piece 11/97...
  energy: 5.272e+01 to 7.575e+01 eV (1500 points)
  error tolerance: rtol=0.001, atol=1e-05
Found 2 peaks
Fitting orders from 4 to 200
Order=4(0/99)
Order=6(1/99)
Order=8(2/99)
Order=10(3/99)
Order=12(4/99)
Order=14(5/99)
Order=16(6/99)
Order=18(7/99)
Order=20(8/99)
Order=22(9/99)
Order=24(10/99)
Order=26(11/99)
Order=28(12/99)
Order=30(13/99)
Order=32(14/99)
Order=34(15/99)
Order=36(16/99)
Order=38(17/99)
Order=40(18/99)
Order=42(19/99)
Order=44(20/99)
Order=46(21/99)
Order=48(22/99)
Order=50(23/99)
Order=52(24/99)
Order=54(25/99)
Order=56(26/99)
Order=58(27/99)
Order=60(28/99)
Found 2 real poles and 3 conjugate complex pairs.
Final number of poles: 5
Saved figure: WMP_Lib/Pu240/53-76_MT2.png
Saved figure: WMP_Lib/Pu240/53-76_MT27.png
Saved figure: WMP_Lib/Pu240/53-76_MT102.png
Saved figure: WMP_Lib/Pu240/53-76_MT18.png
Vector fitting piece 12/97...
  energy: 6.470e+01 to 8.979e+01 eV (1521 points)
  error tolerance: rtol=0.001, atol=1e-05
Found 2 peaks
Fitting orders from 4 to 200
Order=4(0/99)
Order=6(1/99)
Order=8(2/99)
Order=10(3/99)
Order=12(4/99)
Order=14(5/99)
Order=16(6/99)
Order=18(7/99)
Order=20(8/99)
Order=22(9/99)
Order=24(10/99)
Order=26(11/99)
Order=28(12/99)
Order=30(13/99)
Order=32(14/99)
Order=34(15/99)
Order=36(16/99)
Order=38(17/99)
Order=40(18/99)
Order=42(19/99)
Order=44(20/99)
Order=46(21/99)
Order=48(22/99)
Order=50(23/99)
Order=52(24/99)
Order=54(25/99)
Order=56(26/99)
Order=58(27/99)
Order=60(28/99)
Found 2 real poles and 3 conjugate complex pairs.
Final number of poles: 5
Saved figure: WMP_Lib/Pu240/65-90_MT2.png
Saved figure: WMP_Lib/Pu240/65-90_MT27.png
Saved figure: WMP_Lib/Pu240/65-90_MT102.png
Saved figure: WMP_Lib/Pu240/65-90_MT18.png
Vector fitting piece 13/97...
  energy: 7.771e+01 to 1.051e+02 eV (1963 points)
  error tolerance: rtol=0.001, atol=1e-05
Found 3 peaks
Fitting orders from 6 to 200
Order=6(0/98)
Order=8(1/98)
Order=10(2/98)
Order=12(3/98)
Order=14(4/98)
Order=16(5/98)
Order=18(6/98)
Order=20(7/98)
Order=22(8/98)
Order=24(9/98)
Order=26(10/98)
Order=28(11/98)
Order=30(12/98)
Order=32(13/98)
Order=34(14/98)
Order=36(15/98)
Order=38(16/98)
Order=40(17/98)
Order=42(18/98)
Order=44(19/98)
Order=46(20/98)
Order=48(21/98)
Order=50(22/98)
Order=52(23/98)
Order=54(24/98)
Order=56(25/98)
Order=58(26/98)
Order=60(27/98)
Found 4 real poles and 3 conjugate complex pairs.
Final number of poles: 7
Saved figure: WMP_Lib/Pu240/78-105_MT2.png
Saved figure: WMP_Lib/Pu240/78-105_MT27.png
Saved figure: WMP_Lib/Pu240/78-105_MT102.png
Saved figure: WMP_Lib/Pu240/78-105_MT18.png
Vector fitting piece 14/97...
  energy: 9.216e+01 to 1.217e+02 eV (1884 points)
  error tolerance: rtol=0.001, atol=1e-05
Found 3 peaks
Fitting orders from 6 to 200
Order=6(0/98)
Order=8(1/98)
Order=10(2/98)
Order=12(3/98)
Order=14(4/98)
Order=16(5/98)
Order=18(6/98)
Order=20(7/98)
Order=22(8/98)
Order=24(9/98)
Order=26(10/98)
Order=28(11/98)
Order=30(12/98)
Order=32(13/98)
Order=34(14/98)
Order=36(15/98)
Order=38(16/98)
Order=40(17/98)
Order=42(18/98)
Order=44(19/98)
Order=46(20/98)
Order=48(21/98)
Order=50(22/98)
Order=52(23/98)
Order=54(24/98)
Order=56(25/98)
Order=58(26/98)
Order=60(27/98)
Found 6 real poles and 3 conjugate complex pairs.
Final number of poles: 9
Saved figure: WMP_Lib/Pu240/92-122_MT2.png
Saved figure: WMP_Lib/Pu240/92-122_MT27.png
Saved figure: WMP_Lib/Pu240/92-122_MT102.png
Saved figure: WMP_Lib/Pu240/92-122_MT18.png
Vector fitting piece 15/97...
  energy: 1.077e+02 to 1.396e+02 eV (2260 points)
  error tolerance: rtol=0.001, atol=1e-05
Found 4 peaks
Fitting orders from 8 to 200
Order=8(0/97)
Order=10(1/97)
Order=12(2/97)
Order=14(3/97)
Order=16(4/97)
Order=18(5/97)
Order=20(6/97)
Order=22(7/97)
Order=24(8/97)
Order=26(9/97)
Order=28(10/97)
Order=30(11/97)
Order=32(12/97)
Order=34(13/97)
Order=36(14/97)
Order=38(15/97)
Order=40(16/97)
Order=42(17/97)
Order=44(18/97)
Order=46(19/97)
Order=48(20/97)
Order=50(21/97)
Order=52(22/97)
Order=54(23/97)
Order=56(24/97)
Order=58(25/97)
Order=60(26/97)
Found 4 real poles and 5 conjugate complex pairs.
Final number of poles: 9
Saved figure: WMP_Lib/Pu240/108-140_MT2.png
Saved figure: WMP_Lib/Pu240/108-140_MT27.png
Saved figure: WMP_Lib/Pu240/108-140_MT102.png
Saved figure: WMP_Lib/Pu240/108-140_MT18.png
Vector fitting piece 16/97...
  energy: 1.244e+02 to 1.587e+02 eV (2546 points)
  error tolerance: rtol=0.001, atol=1e-05
Found 5 peaks
Fitting orders from 10 to 200
Order=10(0/96)
Order=12(1/96)
Order=14(2/96)
Order=16(3/96)
Order=18(4/96)
Order=20(5/96)
Order=22(6/96)
Order=24(7/96)
Order=26(8/96)
Order=28(9/96)
Order=30(10/96)
Order=32(11/96)
Order=34(12/96)
Order=36(13/96)
Order=38(14/96)
Order=40(15/96)
Order=42(16/96)
Order=44(17/96)
Order=46(18/96)
Order=48(19/96)
Order=50(20/96)
Order=52(21/96)
Order=54(22/96)
Order=56(23/96)
Order=58(24/96)
Order=60(25/96)
Found 4 real poles and 6 conjugate complex pairs.
Final number of poles: 10
Saved figure: WMP_Lib/Pu240/124-159_MT2.png
Saved figure: WMP_Lib/Pu240/124-159_MT27.png
Saved figure: WMP_Lib/Pu240/124-159_MT102.png
Saved figure: WMP_Lib/Pu240/124-159_MT18.png
Vector fitting piece 17/97...
  energy: 1.424e+02 to 1.788e+02 eV (2809 points)
  error tolerance: rtol=0.001, atol=1e-05
Found 5 peaks
Fitting orders from 10 to 200
Order=10(0/96)
Order=12(1/96)
Order=14(2/96)
Order=16(3/96)
Order=18(4/96)
Order=20(5/96)
Order=22(6/96)
Order=24(7/96)
Order=26(8/96)
Order=28(9/96)
Order=30(10/96)
Order=32(11/96)
Order=34(12/96)
Order=36(13/96)
Order=38(14/96)
Order=40(15/96)
Order=42(16/96)
Order=44(17/96)
Order=46(18/96)
Order=48(19/96)
Order=50(20/96)
Order=52(21/96)
Order=54(22/96)
Order=56(23/96)
Order=58(24/96)
Order=60(25/96)
Found 2 real poles and 7 conjugate complex pairs.
Final number of poles: 9
Saved figure: WMP_Lib/Pu240/142-179_MT2.png
Saved figure: WMP_Lib/Pu240/142-179_MT27.png
Saved figure: WMP_Lib/Pu240/142-179_MT102.png
Saved figure: WMP_Lib/Pu240/142-179_MT18.png
Vector fitting piece 18/97...
  energy: 1.616e+02 to 2.001e+02 eV (4071 points)
  error tolerance: rtol=0.001, atol=1e-05
Found 10 peaks
Fitting orders from 20 to 200
Order=20(0/91)
Order=22(1/91)
Order=24(2/91)
Order=26(3/91)
Order=28(4/91)
Order=30(5/91)
Order=32(6/91)
Order=34(7/91)
Order=36(8/91)
Order=38(9/91)
Order=40(10/91)
Order=42(11/91)
Order=44(12/91)
Order=46(13/91)
Order=48(14/91)
Order=50(15/91)
Order=52(16/91)
Order=54(17/91)
Order=56(18/91)
Order=58(19/91)
Order=60(20/91)
Found 2 real poles and 11 conjugate complex pairs.
Final number of poles: 13
Saved figure: WMP_Lib/Pu240/162-200_MT2.png
Saved figure: WMP_Lib/Pu240/162-200_MT27.png
Saved figure: WMP_Lib/Pu240/162-200_MT102.png
Saved figure: WMP_Lib/Pu240/162-200_MT18.png
Vector fitting piece 19/97...
  energy: 1.820e+02 to 2.239e+02 eV (2445 points)
  error tolerance: rtol=0.001, atol=1e-05
Found 7 peaks
Fitting orders from 14 to 200
Order=14(0/94)
Order=16(1/94)
Order=18(2/94)
Order=20(3/94)
Order=22(4/94)
Order=24(5/94)
Order=26(6/94)
Order=28(7/94)
Order=30(8/94)
Order=32(9/94)
Order=34(10/94)
Order=36(11/94)
Order=38(12/94)
Order=40(13/94)
Order=42(14/94)
Order=44(15/94)
Order=46(16/94)
Order=48(17/94)
Order=50(18/94)
Order=52(19/94)
Order=54(20/94)
Order=56(21/94)
Order=58(22/94)
Order=60(23/94)
Found 2 real poles and 9 conjugate complex pairs.
Final number of poles: 11
Saved figure: WMP_Lib/Pu240/182-224_MT2.png
Saved figure: WMP_Lib/Pu240/182-224_MT27.png
Saved figure: WMP_Lib/Pu240/182-224_MT102.png
Saved figure: WMP_Lib/Pu240/182-224_MT18.png
Vector fitting piece 20/97...
  energy: 2.035e+02 to 2.468e+02 eV (873 points)
  error tolerance: rtol=0.001, atol=1e-05
Found 1 peaks
Fitting orders from 2 to 200
Order=2(0/100)
Order=4(1/100)
Order=6(2/100)
Order=8(3/100)
Order=10(4/100)
Order=12(5/100)
Order=14(6/100)
Order=16(7/100)
Order=18(8/100)
Order=20(9/100)
Order=22(10/100)
Order=24(11/100)
Order=26(12/100)
Order=28(13/100)
Order=30(14/100)
Order=32(15/100)
Order=34(16/100)
Order=36(17/100)
Order=38(18/100)
Order=40(19/100)
Order=42(20/100)
Order=44(21/100)
Order=46(22/100)
Order=48(23/100)
Order=50(24/100)
Order=52(25/100)
Order=54(26/100)
Order=56(27/100)
Order=58(28/100)
Order=60(29/100)
Found 6 real poles and 1 conjugate complex pairs.
Final number of poles: 7
Saved figure: WMP_Lib/Pu240/204-247_MT2.png
Saved figure: WMP_Lib/Pu240/204-247_MT27.png
Saved figure: WMP_Lib/Pu240/204-247_MT102.png
Saved figure: WMP_Lib/Pu240/204-247_MT18.png
Vector fitting piece 21/97...
  energy: 2.263e+02 to 2.719e+02 eV (1826 points)
  error tolerance: rtol=0.001, atol=1e-05
Found 3 peaks
Fitting orders from 6 to 200
Order=6(0/98)
Order=8(1/98)
Order=10(2/98)
Order=12(3/98)
Order=14(4/98)
Order=16(5/98)
Order=18(6/98)
Order=20(7/98)
Order=22(8/98)
Order=24(9/98)
Order=26(10/98)
Order=28(11/98)
Order=30(12/98)
Order=32(13/98)
Order=34(14/98)
Order=36(15/98)
Order=38(16/98)
Order=40(17/98)
Order=42(18/98)
Order=44(19/98)
Order=46(20/98)
Order=48(21/98)
Order=50(22/98)
Order=52(23/98)
Order=54(24/98)
Order=56(25/98)
Order=58(26/98)
Order=60(27/98)
Found 4 real poles and 3 conjugate complex pairs.
Final number of poles: 7
Saved figure: WMP_Lib/Pu240/226-272_MT2.png
Saved figure: WMP_Lib/Pu240/226-272_MT27.png
Saved figure: WMP_Lib/Pu240/226-272_MT102.png
Saved figure: WMP_Lib/Pu240/226-272_MT18.png
Vector fitting piece 22/97...
  energy: 2.505e+02 to 2.981e+02 eV (1674 points)
  error tolerance: rtol=0.001, atol=1e-05
Found 3 peaks
Fitting orders from 6 to 200
Order=6(0/98)
Order=8(1/98)
Order=10(2/98)
Order=12(3/98)
Order=14(4/98)
Order=16(5/98)
Order=18(6/98)
Order=20(7/98)
Order=22(8/98)
Order=24(9/98)
Order=26(10/98)
Order=28(11/98)
Order=30(12/98)
Order=32(13/98)
Order=34(14/98)
Order=36(15/98)
Order=38(16/98)
Order=40(17/98)
Order=42(18/98)
Order=44(19/98)
Order=46(20/98)
Order=48(21/98)
Order=50(22/98)
Order=52(23/98)
Order=54(24/98)
Order=56(25/98)
Order=58(26/98)
Order=60(27/98)
Found 4 real poles and 4 conjugate complex pairs.
Final number of poles: 8
Saved figure: WMP_Lib/Pu240/250-298_MT2.png
Saved figure: WMP_Lib/Pu240/250-298_MT27.png
Saved figure: WMP_Lib/Pu240/250-298_MT102.png
Saved figure: WMP_Lib/Pu240/250-298_MT18.png
Vector fitting piece 23/97...
  energy: 2.756e+02 to 3.254e+02 eV (2784 points)
  error tolerance: rtol=0.001, atol=1e-05
Found 6 peaks
Fitting orders from 12 to 200
Order=12(0/95)
Order=14(1/95)
Order=16(2/95)
Order=18(3/95)
Order=20(4/95)
Order=22(5/95)
Order=24(6/95)
Order=26(7/95)
Order=28(8/95)
Order=30(9/95)
Order=32(10/95)
Order=34(11/95)
Order=36(12/95)
Order=38(13/95)
Order=40(14/95)
Order=42(15/95)
Order=44(16/95)
Order=46(17/95)
Order=48(18/95)
Order=50(19/95)
Order=52(20/95)
Order=54(21/95)
Order=56(22/95)
Order=58(23/95)
Order=60(24/95)
Found 4 real poles and 6 conjugate complex pairs.
Final number of poles: 10
Saved figure: WMP_Lib/Pu240/276-325_MT2.png
Saved figure: WMP_Lib/Pu240/276-325_MT27.png
Saved figure: WMP_Lib/Pu240/276-325_MT102.png
Saved figure: WMP_Lib/Pu240/276-325_MT18.png
Vector fitting piece 24/97...
  energy: 3.021e+02 to 3.545e+02 eV (3898 points)
  error tolerance: rtol=0.001, atol=1e-05
Found 9 peaks
Fitting orders from 18 to 200
Order=18(0/92)
Order=20(1/92)
Order=22(2/92)
Order=24(3/92)
Order=26(4/92)
Order=28(5/92)
Order=30(6/92)
Order=32(7/92)
Order=34(8/92)
Order=36(9/92)
Order=38(10/92)
Order=40(11/92)
Order=42(12/92)
Order=44(13/92)
Order=46(14/92)
Order=48(15/92)
Order=50(16/92)
Order=52(17/92)
Order=54(18/92)
Order=56(19/92)
Order=58(20/92)
Order=60(21/92)
Found 4 real poles and 10 conjugate complex pairs.
Final number of poles: 14
Saved figure: WMP_Lib/Pu240/302-355_MT2.png
Saved figure: WMP_Lib/Pu240/302-355_MT27.png
Saved figure: WMP_Lib/Pu240/302-355_MT102.png
Saved figure: WMP_Lib/Pu240/302-355_MT18.png
Vector fitting piece 25/97...
  energy: 3.298e+02 to 3.842e+02 eV (3302 points)
  error tolerance: rtol=0.001, atol=1e-05
Found 7 peaks
Fitting orders from 14 to 200
Order=14(0/94)
Order=16(1/94)
Order=18(2/94)
Order=20(3/94)
Order=22(4/94)
Order=24(5/94)
Order=26(6/94)
Order=28(7/94)
Order=30(8/94)
Order=32(9/94)
Order=34(10/94)
Order=36(11/94)
Order=38(12/94)
Order=40(13/94)
Order=42(14/94)
Order=44(15/94)
Order=46(16/94)
Order=48(17/94)
Order=50(18/94)
Order=52(19/94)
Order=54(20/94)
Order=56(21/94)
Order=58(22/94)
Order=60(23/94)
Found 4 real poles and 8 conjugate complex pairs.
Final number of poles: 12
Saved figure: WMP_Lib/Pu240/330-384_MT2.png
Saved figure: WMP_Lib/Pu240/330-384_MT27.png
Saved figure: WMP_Lib/Pu240/330-384_MT102.png
Saved figure: WMP_Lib/Pu240/330-384_MT18.png
Vector fitting piece 26/97...
  energy: 3.587e+02 to 4.150e+02 eV (2806 points)
  error tolerance: rtol=0.001, atol=1e-05
Found 7 peaks
Fitting orders from 14 to 200
Order=14(0/94)
Order=16(1/94)
Order=18(2/94)
Order=20(3/94)
Order=22(4/94)
Order=24(5/94)
Order=26(6/94)
Order=28(7/94)
Order=30(8/94)
Order=32(9/94)
Order=34(10/94)
Order=36(11/94)
Order=38(12/94)
Order=40(13/94)
Order=42(14/94)
Order=44(15/94)
Order=46(16/94)
Order=48(17/94)
Order=50(18/94)
Order=52(19/94)
Order=54(20/94)
Order=56(21/94)
Order=58(22/94)
Order=60(23/94)
Found 2 real poles and 9 conjugate complex pairs.
Final number of poles: 11
Saved figure: WMP_Lib/Pu240/359-415_MT2.png
Saved figure: WMP_Lib/Pu240/359-415_MT27.png
Saved figure: WMP_Lib/Pu240/359-415_MT102.png
Saved figure: WMP_Lib/Pu240/359-415_MT18.png
Vector fitting piece 27/97...
  energy: 3.887e+02 to 4.474e+02 eV (2615 points)
  error tolerance: rtol=0.001, atol=1e-05
Found 7 peaks
Fitting orders from 14 to 200
Order=14(0/94)
Order=16(1/94)
Order=18(2/94)
Order=20(3/94)
Order=22(4/94)
Order=24(5/94)
Order=26(6/94)
Order=28(7/94)
Order=30(8/94)
Order=32(9/94)
Order=34(10/94)
Order=36(11/94)
Order=38(12/94)
Order=40(13/94)
Order=42(14/94)
Order=44(15/94)
Order=46(16/94)
Order=48(17/94)
Order=50(18/94)
Order=52(19/94)
Order=54(20/94)
Order=56(21/94)
Order=58(22/94)
Order=60(23/94)
Found 2 real poles and 9 conjugate complex pairs.
Final number of poles: 11
Saved figure: WMP_Lib/Pu240/389-447_MT2.png
Saved figure: WMP_Lib/Pu240/389-447_MT27.png
Saved figure: WMP_Lib/Pu240/389-447_MT102.png
Saved figure: WMP_Lib/Pu240/389-447_MT18.png
Vector fitting piece 28/97...
  energy: 4.201e+02 to 4.813e+02 eV (2891 points)
  error tolerance: rtol=0.001, atol=1e-05
Found 7 peaks
Fitting orders from 14 to 200
Order=14(0/94)
Order=16(1/94)
Order=18(2/94)
Order=20(3/94)
Order=22(4/94)
Order=24(5/94)
Order=26(6/94)
Order=28(7/94)
Order=30(8/94)
Order=32(9/94)
Order=34(10/94)
Order=36(11/94)
Order=38(12/94)
Order=40(13/94)
Order=42(14/94)
Order=44(15/94)
Order=46(16/94)
Order=48(17/94)
Order=50(18/94)
Order=52(19/94)
Order=54(20/94)
Order=56(21/94)
Order=58(22/94)
Order=60(23/94)
Found 8 real poles and 7 conjugate complex pairs.
Final number of poles: 15
Saved figure: WMP_Lib/Pu240/420-481_MT2.png
Saved figure: WMP_Lib/Pu240/420-481_MT27.png
Saved figure: WMP_Lib/Pu240/420-481_MT102.png
Saved figure: WMP_Lib/Pu240/420-481_MT18.png
Vector fitting piece 29/97...
  energy: 4.526e+02 to 5.156e+02 eV (3527 points)
  error tolerance: rtol=0.001, atol=1e-05
Found 9 peaks
Fitting orders from 18 to 200
Order=18(0/92)
Order=20(1/92)
Order=22(2/92)
Order=24(3/92)
Order=26(4/92)
Order=28(5/92)
Order=30(6/92)
Order=32(7/92)
Order=34(8/92)
Order=36(9/92)
Order=38(10/92)
Order=40(11/92)
Order=42(12/92)
Order=44(13/92)
Order=46(14/92)
Order=48(15/92)
Order=50(16/92)
Order=52(17/92)
Order=54(18/92)
Order=56(19/92)
Order=58(20/92)
Order=60(21/92)
Found 4 real poles and 10 conjugate complex pairs.
Final number of poles: 14
Saved figure: WMP_Lib/Pu240/453-516_MT2.png
Saved figure: WMP_Lib/Pu240/453-516_MT27.png
Saved figure: WMP_Lib/Pu240/453-516_MT102.png
Saved figure: WMP_Lib/Pu240/453-516_MT18.png
Vector fitting piece 30/97...
  energy: 4.863e+02 to 5.515e+02 eV (4122 points)
  error tolerance: rtol=0.001, atol=1e-05
Found 12 peaks
Fitting orders from 24 to 200
Order=24(0/89)
Order=26(1/89)
Order=28(2/89)
Order=30(3/89)
Order=32(4/89)
Order=34(5/89)
Order=36(6/89)
Order=38(7/89)
Order=40(8/89)
Order=42(9/89)
Order=44(10/89)
Order=46(11/89)
Order=48(12/89)
Order=50(13/89)
Order=52(14/89)
Order=54(15/89)
Order=56(16/89)
Order=58(17/89)
Order=60(18/89)
Found 6 real poles and 12 conjugate complex pairs.
Final number of poles: 18
Saved figure: WMP_Lib/Pu240/486-552_MT2.png
Saved figure: WMP_Lib/Pu240/486-552_MT27.png
Saved figure: WMP_Lib/Pu240/486-552_MT102.png
Saved figure: WMP_Lib/Pu240/486-552_MT18.png
Vector fitting piece 31/97...
  energy: 5.212e+02 to 5.889e+02 eV (4110 points)
  error tolerance: rtol=0.001, atol=1e-05
Found 13 peaks
Fitting orders from 26 to 200
Order=26(0/88)
Order=28(1/88)
Order=30(2/88)
Order=32(3/88)
Order=34(4/88)
Order=36(5/88)
Order=38(6/88)
Order=40(7/88)
Order=42(8/88)
Order=44(9/88)
Order=46(10/88)
Order=48(11/88)
Order=50(12/88)
Order=52(13/88)
Order=54(14/88)
Order=56(15/88)
Order=58(16/88)
Order=60(17/88)
Found 6 real poles and 13 conjugate complex pairs.
Final number of poles: 19
Saved figure: WMP_Lib/Pu240/521-589_MT2.png
Saved figure: WMP_Lib/Pu240/521-589_MT27.png
Saved figure: WMP_Lib/Pu240/521-589_MT102.png
Saved figure: WMP_Lib/Pu240/521-589_MT18.png
Vector fitting piece 32/97...
  energy: 5.574e+02 to 6.272e+02 eV (3599 points)
  error tolerance: rtol=0.001, atol=1e-05
Found 10 peaks
Fitting orders from 20 to 200
Order=20(0/91)
Order=22(1/91)
Order=24(2/91)
Order=26(3/91)
Order=28(4/91)
Order=30(5/91)
Order=32(6/91)
Order=34(7/91)
Order=36(8/91)
Order=38(9/91)
Order=40(10/91)
Order=42(11/91)
Order=44(12/91)
Order=46(13/91)
Order=48(14/91)
Order=50(15/91)
Order=52(16/91)
Order=54(17/91)
Order=56(18/91)
Order=58(19/91)
Order=60(20/91)
Found 8 real poles and 10 conjugate complex pairs.
Final number of poles: 18
Saved figure: WMP_Lib/Pu240/557-627_MT2.png
Saved figure: WMP_Lib/Pu240/557-627_MT27.png
Saved figure: WMP_Lib/Pu240/557-627_MT102.png
Saved figure: WMP_Lib/Pu240/557-627_MT18.png
Vector fitting piece 33/97...
  energy: 5.948e+02 to 6.666e+02 eV (4049 points)
  error tolerance: rtol=0.001, atol=1e-05
Found 11 peaks
Fitting orders from 22 to 200
Order=22(0/90)
Order=24(1/90)
Order=26(2/90)
Order=28(3/90)
Order=30(4/90)
Order=32(5/90)
Order=34(6/90)
Order=36(7/90)
Order=38(8/90)
Order=40(9/90)
Order=42(10/90)
Order=44(11/90)
Order=46(12/90)
Order=48(13/90)
Order=50(14/90)
Order=52(15/90)
Order=54(16/90)
Order=56(17/90)
Order=58(18/90)
Order=60(19/90)
Found 4 real poles and 11 conjugate complex pairs.
Final number of poles: 15
Saved figure: WMP_Lib/Pu240/595-667_MT2.png
Saved figure: WMP_Lib/Pu240/595-667_MT27.png
Saved figure: WMP_Lib/Pu240/595-667_MT102.png
Saved figure: WMP_Lib/Pu240/595-667_MT18.png
Vector fitting piece 34/97...
  energy: 6.333e+02 to 7.077e+02 eV (3299 points)
  error tolerance: rtol=0.001, atol=1e-05
Found 9 peaks
Fitting orders from 18 to 200
Order=18(0/92)
Order=20(1/92)
Order=22(2/92)
Order=24(3/92)
Order=26(4/92)
Order=28(5/92)
Order=30(6/92)
Order=32(7/92)
Order=34(8/92)
Order=36(9/92)
Order=38(10/92)
Order=40(11/92)
Order=42(12/92)
Order=44(13/92)
Order=46(14/92)
Order=48(15/92)
Order=50(16/92)
Order=52(17/92)
Order=54(18/92)
Order=56(19/92)
Order=58(20/92)
Order=60(21/92)
Found 8 real poles and 9 conjugate complex pairs.
Final number of poles: 17
Saved figure: WMP_Lib/Pu240/633-708_MT2.png
Saved figure: WMP_Lib/Pu240/633-708_MT27.png
Saved figure: WMP_Lib/Pu240/633-708_MT102.png
Saved figure: WMP_Lib/Pu240/633-708_MT18.png
Vector fitting piece 35/97...
  energy: 6.730e+02 to 7.494e+02 eV (2563 points)
  error tolerance: rtol=0.001, atol=1e-05
Found 8 peaks
Fitting orders from 16 to 200
Order=16(0/93)
Order=18(1/93)
Order=20(2/93)
Order=22(3/93)
Order=24(4/93)
Order=26(5/93)
Order=28(6/93)
Order=30(7/93)
Order=32(8/93)
Order=34(9/93)
Order=36(10/93)
Order=38(11/93)
Order=40(12/93)
Order=42(13/93)
Order=44(14/93)
Order=46(15/93)
Order=48(16/93)
Order=50(17/93)
Order=52(18/93)
Order=54(19/93)
Order=56(20/93)
Order=58(21/93)
Order=60(22/93)
Found 2 real poles and 11 conjugate complex pairs.
Final number of poles: 13
Saved figure: WMP_Lib/Pu240/673-749_MT2.png
Saved figure: WMP_Lib/Pu240/673-749_MT27.png
Saved figure: WMP_Lib/Pu240/673-749_MT102.png
Saved figure: WMP_Lib/Pu240/673-749_MT18.png
Vector fitting piece 36/97...
  energy: 7.140e+02 to 7.927e+02 eV (3346 points)
  error tolerance: rtol=0.001, atol=1e-05
Found 12 peaks
Fitting orders from 24 to 200
Order=24(0/89)
Order=26(1/89)
Order=28(2/89)
Order=30(3/89)
Order=32(4/89)
Order=34(5/89)
Order=36(6/89)
Order=38(7/89)
Order=40(8/89)
Order=42(9/89)
Order=44(10/89)
Order=46(11/89)
Order=48(12/89)
Order=50(13/89)
Order=52(14/89)
Order=54(15/89)
Order=56(16/89)
Order=58(17/89)
Order=60(18/89)
Found 4 real poles and 13 conjugate complex pairs.
Final number of poles: 17
Saved figure: WMP_Lib/Pu240/714-793_MT2.png
Saved figure: WMP_Lib/Pu240/714-793_MT27.png
Saved figure: WMP_Lib/Pu240/714-793_MT102.png
Saved figure: WMP_Lib/Pu240/714-793_MT18.png
Vector fitting piece 37/97...
  energy: 7.563e+02 to 8.374e+02 eV (3604 points)
  error tolerance: rtol=0.001, atol=1e-05
Found 11 peaks
Fitting orders from 22 to 200
Order=22(0/90)
Order=24(1/90)
Order=26(2/90)
Order=28(3/90)
Order=30(4/90)
Order=32(5/90)
Order=34(6/90)
Order=36(7/90)
Order=38(8/90)
Order=40(9/90)
Order=42(10/90)
Order=44(11/90)
Order=46(12/90)
Order=48(13/90)
Order=50(14/90)
Order=52(15/90)
Order=54(16/90)
Order=56(17/90)
Order=58(18/90)
Order=60(19/90)
Found 4 real poles and 13 conjugate complex pairs.
Final number of poles: 17
Saved figure: WMP_Lib/Pu240/756-837_MT2.png
Saved figure: WMP_Lib/Pu240/756-837_MT27.png
Saved figure: WMP_Lib/Pu240/756-837_MT102.png
Saved figure: WMP_Lib/Pu240/756-837_MT18.png
Vector fitting piece 38/97...
  energy: 7.996e+02 to 8.830e+02 eV (3821 points)
  error tolerance: rtol=0.001, atol=1e-05
Found 11 peaks
Fitting orders from 22 to 200
Order=22(0/90)
Order=24(1/90)
Order=26(2/90)
Order=28(3/90)
Order=30(4/90)
Order=32(5/90)
Order=34(6/90)
Order=36(7/90)
Order=38(8/90)
Order=40(9/90)
Order=42(10/90)
Order=44(11/90)
Order=46(12/90)
Order=48(13/90)
Order=50(14/90)
Order=52(15/90)
Order=54(16/90)
Order=56(17/90)
Order=58(18/90)
Order=60(19/90)
Found 6 real poles and 11 conjugate complex pairs.
Final number of poles: 17
Saved figure: WMP_Lib/Pu240/800-883_MT2.png
Saved figure: WMP_Lib/Pu240/800-883_MT27.png
Saved figure: WMP_Lib/Pu240/800-883_MT102.png
Saved figure: WMP_Lib/Pu240/800-883_MT18.png
Vector fitting piece 39/97...
  energy: 8.443e+02 to 9.302e+02 eV (4907 points)
  error tolerance: rtol=0.001, atol=1e-05
Found 14 peaks
Fitting orders from 28 to 200
Order=28(0/87)
Order=30(1/87)
Order=32(2/87)
Order=34(3/87)
Order=36(4/87)
Order=38(5/87)
Order=40(6/87)
Order=42(7/87)
Order=44(8/87)
Order=46(9/87)
Order=48(10/87)
Order=50(11/87)
Order=52(12/87)
Order=54(13/87)
Order=56(14/87)
Order=58(15/87)
Order=60(16/87)
Found 2 real poles and 16 conjugate complex pairs.
Final number of poles: 18
Saved figure: WMP_Lib/Pu240/844-930_MT2.png
Saved figure: WMP_Lib/Pu240/844-930_MT27.png
Saved figure: WMP_Lib/Pu240/844-930_MT102.png
Saved figure: WMP_Lib/Pu240/844-930_MT18.png
Vector fitting piece 40/97...
  energy: 8.902e+02 to 9.777e+02 eV (5206 points)
  error tolerance: rtol=0.001, atol=1e-05
Found 14 peaks
Fitting orders from 28 to 200
Order=28(0/87)
Order=30(1/87)
Order=32(2/87)
Order=34(3/87)
Order=36(4/87)
Order=38(5/87)
Order=40(6/87)
Order=42(7/87)
Order=44(8/87)
Order=46(9/87)
Order=48(10/87)
Order=50(11/87)
Order=52(12/87)
Order=54(13/87)
Order=56(14/87)
Order=58(15/87)
Order=60(16/87)
Found 4 real poles and 15 conjugate complex pairs.
Final number of poles: 19
Saved figure: WMP_Lib/Pu240/890-978_MT2.png
Saved figure: WMP_Lib/Pu240/890-978_MT27.png
Saved figure: WMP_Lib/Pu240/890-978_MT102.png
Saved figure: WMP_Lib/Pu240/890-978_MT18.png
Vector fitting piece 41/97...
  energy: 9.372e+02 to 1.027e+03 eV (4375 points)
  error tolerance: rtol=0.001, atol=1e-05
Found 13 peaks
Fitting orders from 26 to 200
Order=26(0/88)
Order=28(1/88)
Order=30(2/88)
Order=32(3/88)
Order=34(4/88)
Order=36(5/88)
Order=38(6/88)
Order=40(7/88)
Order=42(8/88)
Order=44(9/88)
Order=46(10/88)
Order=48(11/88)
Order=50(12/88)
Order=52(13/88)
Order=54(14/88)
Order=56(15/88)
Order=58(16/88)
Order=60(17/88)
Found 6 real poles and 13 conjugate complex pairs.
Final number of poles: 19
Saved figure: WMP_Lib/Pu240/937-1027_MT2.png
Saved figure: WMP_Lib/Pu240/937-1027_MT27.png
Saved figure: WMP_Lib/Pu240/937-1027_MT102.png
Saved figure: WMP_Lib/Pu240/937-1027_MT18.png
Vector fitting piece 42/97...
  energy: 9.854e+02 to 1.077e+03 eV (4328 points)
  error tolerance: rtol=0.001, atol=1e-05
Found 14 peaks
Fitting orders from 28 to 200
Order=28(0/87)
Order=30(1/87)
Order=32(2/87)
Order=34(3/87)
Order=36(4/87)
Order=38(5/87)
Order=40(6/87)
Order=42(7/87)
Order=44(8/87)
Order=46(9/87)
Order=48(10/87)
Order=50(11/87)
Order=52(12/87)
Order=54(13/87)
Order=56(14/87)
Order=58(15/87)
Order=60(16/87)
Found 6 real poles and 14 conjugate complex pairs.
Final number of poles: 20
Saved figure: WMP_Lib/Pu240/985-1077_MT2.png
Saved figure: WMP_Lib/Pu240/985-1077_MT27.png
Saved figure: WMP_Lib/Pu240/985-1077_MT102.png
Saved figure: WMP_Lib/Pu240/985-1077_MT18.png
Vector fitting piece 43/97...
  energy: 1.035e+03 to 1.129e+03 eV (4313 points)
  error tolerance: rtol=0.001, atol=1e-05
Found 14 peaks
Fitting orders from 28 to 200
Order=28(0/87)
Order=30(1/87)
Order=32(2/87)
Order=34(3/87)
Order=36(4/87)
Order=38(5/87)
Order=40(6/87)
Order=42(7/87)
Order=44(8/87)
Order=46(9/87)
Order=48(10/87)
Order=50(11/87)
Order=52(12/87)
Order=54(13/87)
Order=56(14/87)
Order=58(15/87)
Order=60(16/87)
Found 4 real poles and 15 conjugate complex pairs.
Final number of poles: 19
Saved figure: WMP_Lib/Pu240/1035-1129_MT2.png
Saved figure: WMP_Lib/Pu240/1035-1129_MT27.png
Saved figure: WMP_Lib/Pu240/1035-1129_MT102.png
Saved figure: WMP_Lib/Pu240/1035-1129_MT18.png
Vector fitting piece 44/97...
  energy: 1.086e+03 to 1.182e+03 eV (4026 points)
  error tolerance: rtol=0.001, atol=1e-05
Found 11 peaks
Fitting orders from 22 to 200
Order=22(0/90)
Order=24(1/90)
Order=26(2/90)
Order=28(3/90)
Order=30(4/90)
Order=32(5/90)
Order=34(6/90)
Order=36(7/90)
Order=38(8/90)
Order=40(9/90)
Order=42(10/90)
Order=44(11/90)
Order=46(12/90)
Order=48(13/90)
Order=50(14/90)
Order=52(15/90)
Order=54(16/90)
Order=56(17/90)
Order=58(18/90)
Order=60(19/90)
Found 4 real poles and 13 conjugate complex pairs.
Final number of poles: 17
Saved figure: WMP_Lib/Pu240/1086-1182_MT2.png
Saved figure: WMP_Lib/Pu240/1086-1182_MT27.png
Saved figure: WMP_Lib/Pu240/1086-1182_MT102.png
Saved figure: WMP_Lib/Pu240/1086-1182_MT18.png
Vector fitting piece 45/97...
  energy: 1.137e+03 to 1.236e+03 eV (4613 points)
  error tolerance: rtol=0.001, atol=1e-05
Found 14 peaks
Fitting orders from 28 to 200
Order=28(0/87)
Order=30(1/87)
Order=32(2/87)
Order=34(3/87)
Order=36(4/87)
Order=38(5/87)
Order=40(6/87)
Order=42(7/87)
Order=44(8/87)
Order=46(9/87)
Order=48(10/87)
Order=50(11/87)
Order=52(12/87)
Order=54(13/87)
Order=56(14/87)
Order=58(15/87)
Order=60(16/87)
Found 6 real poles and 14 conjugate complex pairs.
Final number of poles: 20
Saved figure: WMP_Lib/Pu240/1137-1236_MT2.png
Saved figure: WMP_Lib/Pu240/1137-1236_MT27.png
Saved figure: WMP_Lib/Pu240/1137-1236_MT102.png
Saved figure: WMP_Lib/Pu240/1137-1236_MT18.png
Vector fitting piece 46/97...
  energy: 1.191e+03 to 1.292e+03 eV (4215 points)
  error tolerance: rtol=0.001, atol=1e-05
Found 14 peaks
Fitting orders from 28 to 200
Order=28(0/87)
Order=30(1/87)
Order=32(2/87)
Order=34(3/87)
Order=36(4/87)
Order=38(5/87)
Order=40(6/87)
Order=42(7/87)
Order=44(8/87)
Order=46(9/87)
Order=48(10/87)
Order=50(11/87)
Order=52(12/87)
Order=54(13/87)
Order=56(14/87)
Order=58(15/87)
Order=60(16/87)
Found 4 real poles and 17 conjugate complex pairs.
Final number of poles: 21
Saved figure: WMP_Lib/Pu240/1191-1292_MT2.png
Saved figure: WMP_Lib/Pu240/1191-1292_MT27.png
Saved figure: WMP_Lib/Pu240/1191-1292_MT102.png
Saved figure: WMP_Lib/Pu240/1191-1292_MT18.png
Vector fitting piece 47/97...
  energy: 1.245e+03 to 1.348e+03 eV (3496 points)
  error tolerance: rtol=0.001, atol=1e-05
Found 10 peaks
Fitting orders from 20 to 200
Order=20(0/91)
Order=22(1/91)
Order=24(2/91)
Order=26(3/91)
Order=28(4/91)
Order=30(5/91)
Order=32(6/91)
Order=34(7/91)
Order=36(8/91)
Order=38(9/91)
Order=40(10/91)
Order=42(11/91)
Order=44(12/91)
Order=46(13/91)
Order=48(14/91)
Order=50(15/91)
Order=52(16/91)
Order=54(17/91)
Order=56(18/91)
Order=58(19/91)
Order=60(20/91)
Found 6 real poles and 11 conjugate complex pairs.
Final number of poles: 17
Saved figure: WMP_Lib/Pu240/1245-1348_MT2.png
Saved figure: WMP_Lib/Pu240/1245-1348_MT27.png
Saved figure: WMP_Lib/Pu240/1245-1348_MT102.png
Saved figure: WMP_Lib/Pu240/1245-1348_MT18.png
Vector fitting piece 48/97...
  energy: 1.300e+03 to 1.406e+03 eV (3781 points)
  error tolerance: rtol=0.001, atol=1e-05
Found 11 peaks
Fitting orders from 22 to 200
Order=22(0/90)
Order=24(1/90)
Order=26(2/90)
Order=28(3/90)
Order=30(4/90)
Order=32(5/90)
Order=34(6/90)
Order=36(7/90)
Order=38(8/90)
Order=40(9/90)
Order=42(10/90)
Order=44(11/90)
Order=46(12/90)
Order=48(13/90)
Order=50(14/90)
Order=52(15/90)
Order=54(16/90)
Order=56(17/90)
Order=58(18/90)
Order=60(19/90)
Found 4 real poles and 13 conjugate complex pairs.
Final number of poles: 17
Saved figure: WMP_Lib/Pu240/1300-1406_MT2.png
Saved figure: WMP_Lib/Pu240/1300-1406_MT27.png
Saved figure: WMP_Lib/Pu240/1300-1406_MT102.png
Saved figure: WMP_Lib/Pu240/1300-1406_MT18.png
Vector fitting piece 49/97...
  energy: 1.357e+03 to 1.465e+03 eV (5088 points)
  error tolerance: rtol=0.001, atol=1e-05
Found 16 peaks
Fitting orders from 32 to 200
Order=32(0/85)
Order=34(1/85)
Order=36(2/85)
Order=38(3/85)
Order=40(4/85)
Order=42(5/85)
Order=44(6/85)
Order=46(7/85)
Order=48(8/85)
Order=50(9/85)
Order=52(10/85)
Order=54(11/85)
Order=56(12/85)
Order=58(13/85)
Order=60(14/85)
Found 6 real poles and 16 conjugate complex pairs.
Final number of poles: 22
Saved figure: WMP_Lib/Pu240/1357-1465_MT2.png
Saved figure: WMP_Lib/Pu240/1357-1465_MT27.png
Saved figure: WMP_Lib/Pu240/1357-1465_MT102.png
Saved figure: WMP_Lib/Pu240/1357-1465_MT18.png
Vector fitting piece 50/97...
  energy: 1.415e+03 to 1.525e+03 eV (4183 points)
  error tolerance: rtol=0.001, atol=1e-05
Found 13 peaks
Fitting orders from 26 to 200
Order=26(0/88)
Order=28(1/88)
Order=30(2/88)
Order=32(3/88)
Order=34(4/88)
Order=36(5/88)
Order=38(6/88)
Order=40(7/88)
Order=42(8/88)
Order=44(9/88)
Order=46(10/88)
Order=48(11/88)
Order=50(12/88)
Order=52(13/88)
Order=54(14/88)
Order=56(15/88)
Order=58(16/88)
Order=60(17/88)
Found 6 real poles and 14 conjugate complex pairs.
Final number of poles: 20
Saved figure: WMP_Lib/Pu240/1415-1525_MT2.png
Saved figure: WMP_Lib/Pu240/1415-1525_MT27.png
Saved figure: WMP_Lib/Pu240/1415-1525_MT102.png
Saved figure: WMP_Lib/Pu240/1415-1525_MT18.png
Vector fitting piece 51/97...
  energy: 1.474e+03 to 1.587e+03 eV (4434 points)
  error tolerance: rtol=0.001, atol=1e-05
Found 13 peaks
Fitting orders from 26 to 200
Order=26(0/88)
Order=28(1/88)
Order=30(2/88)
Order=32(3/88)
Order=34(4/88)
Order=36(5/88)
Order=38(6/88)
Order=40(7/88)
Order=42(8/88)
Order=44(9/88)
Order=46(10/88)
Order=48(11/88)
Order=50(12/88)
Order=52(13/88)
Order=54(14/88)
Order=56(15/88)
Order=58(16/88)
Order=60(17/88)
Found 4 real poles and 13 conjugate complex pairs.
Final number of poles: 17
Saved figure: WMP_Lib/Pu240/1474-1587_MT2.png
Saved figure: WMP_Lib/Pu240/1474-1587_MT27.png
Saved figure: WMP_Lib/Pu240/1474-1587_MT102.png
Saved figure: WMP_Lib/Pu240/1474-1587_MT18.png
Vector fitting piece 52/97...
  energy: 1.535e+03 to 1.649e+03 eV (5193 points)
  error tolerance: rtol=0.001, atol=1e-05
Found 13 peaks
Fitting orders from 26 to 200
Order=26(0/88)
Order=28(1/88)
Order=30(2/88)
Order=32(3/88)
Order=34(4/88)
Order=36(5/88)
Order=38(6/88)
Order=40(7/88)
Order=42(8/88)
Order=44(9/88)
Order=46(10/88)
Order=48(11/88)
Order=50(12/88)
Order=52(13/88)
Order=54(14/88)
Order=56(15/88)
Order=58(16/88)
Order=60(17/88)
Found 4 real poles and 14 conjugate complex pairs.
Final number of poles: 18
Saved figure: WMP_Lib/Pu240/1535-1649_MT2.png
Saved figure: WMP_Lib/Pu240/1535-1649_MT27.png
Saved figure: WMP_Lib/Pu240/1535-1649_MT102.png
Saved figure: WMP_Lib/Pu240/1535-1649_MT18.png
Vector fitting piece 53/97...
  energy: 1.596e+03 to 1.713e+03 eV (4463 points)
  error tolerance: rtol=0.001, atol=1e-05
Found 12 peaks
Fitting orders from 24 to 200
Order=24(0/89)
Order=26(1/89)
Order=28(2/89)
Order=30(3/89)
Order=32(4/89)
Order=34(5/89)
Order=36(6/89)
Order=38(7/89)
Order=40(8/89)
Order=42(9/89)
Order=44(10/89)
Order=46(11/89)
Order=48(12/89)
Order=50(13/89)
Order=52(14/89)
Order=54(15/89)
Order=56(16/89)
Order=58(17/89)
Order=60(18/89)
Found 6 real poles and 12 conjugate complex pairs.
Final number of poles: 18
Saved figure: WMP_Lib/Pu240/1596-1713_MT2.png
Saved figure: WMP_Lib/Pu240/1596-1713_MT27.png
Saved figure: WMP_Lib/Pu240/1596-1713_MT102.png
Saved figure: WMP_Lib/Pu240/1596-1713_MT18.png
Vector fitting piece 54/97...
  energy: 1.659e+03 to 1.778e+03 eV (4173 points)
  error tolerance: rtol=0.001, atol=1e-05
Found 11 peaks
Fitting orders from 22 to 200
Order=22(0/90)
Order=24(1/90)
Order=26(2/90)
Order=28(3/90)
Order=30(4/90)
Order=32(5/90)
Order=34(6/90)
Order=36(7/90)
Order=38(8/90)
Order=40(9/90)
Order=42(10/90)
Order=44(11/90)
Order=46(12/90)
Order=48(13/90)
Order=50(14/90)
Order=52(15/90)
Order=54(16/90)
Order=56(17/90)
Order=58(18/90)
Order=60(19/90)
Found 6 real poles and 12 conjugate complex pairs.
Final number of poles: 18
Saved figure: WMP_Lib/Pu240/1659-1778_MT2.png
Saved figure: WMP_Lib/Pu240/1659-1778_MT27.png
Saved figure: WMP_Lib/Pu240/1659-1778_MT102.png
Saved figure: WMP_Lib/Pu240/1659-1778_MT18.png
Vector fitting piece 55/97...
  energy: 1.723e+03 to 1.844e+03 eV (3626 points)
  error tolerance: rtol=0.001, atol=1e-05
Found 10 peaks
Fitting orders from 20 to 200
Order=20(0/91)
Order=22(1/91)
Order=24(2/91)
Order=26(3/91)
Order=28(4/91)
Order=30(5/91)
Order=32(6/91)
Order=34(7/91)
Order=36(8/91)
Order=38(9/91)
Order=40(10/91)
Order=42(11/91)
Order=44(12/91)
Order=46(13/91)
Order=48(14/91)
Order=50(15/91)
Order=52(16/91)
Order=54(17/91)
Order=56(18/91)
Order=58(19/91)
Order=60(20/91)
Found 4 real poles and 11 conjugate complex pairs.
Final number of poles: 15
Saved figure: WMP_Lib/Pu240/1723-1844_MT2.png
Saved figure: WMP_Lib/Pu240/1723-1844_MT27.png
Saved figure: WMP_Lib/Pu240/1723-1844_MT102.png
Saved figure: WMP_Lib/Pu240/1723-1844_MT18.png
Vector fitting piece 56/97...
  energy: 1.788e+03 to 1.912e+03 eV (3870 points)
  error tolerance: rtol=0.001, atol=1e-05
Found 12 peaks
Fitting orders from 24 to 200
Order=24(0/89)
Order=26(1/89)
Order=28(2/89)
Order=30(3/89)
Order=32(4/89)
Order=34(5/89)
Order=36(6/89)
Order=38(7/89)
Order=40(8/89)
Order=42(9/89)
Order=44(10/89)
Order=46(11/89)
Order=48(12/89)
Order=50(13/89)
Order=52(14/89)
Order=54(15/89)
Order=56(16/89)
Order=58(17/89)
Order=60(18/89)
Found 4 real poles and 13 conjugate complex pairs.
Final number of poles: 17
Saved figure: WMP_Lib/Pu240/1788-1912_MT2.png
Saved figure: WMP_Lib/Pu240/1788-1912_MT27.png
Saved figure: WMP_Lib/Pu240/1788-1912_MT102.png
Saved figure: WMP_Lib/Pu240/1788-1912_MT18.png
Vector fitting piece 57/97...
  energy: 1.855e+03 to 1.980e+03 eV (4559 points)
  error tolerance: rtol=0.001, atol=1e-05
Found 14 peaks
Fitting orders from 28 to 200
Order=28(0/87)
Order=30(1/87)
Order=32(2/87)
Order=34(3/87)
Order=36(4/87)
Order=38(5/87)
Order=40(6/87)
Order=42(7/87)
Order=44(8/87)
Order=46(9/87)
Order=48(10/87)
Order=50(11/87)
Order=52(12/87)
Order=54(13/87)
Order=56(14/87)
Order=58(15/87)
Order=60(16/87)
Found 6 real poles and 15 conjugate complex pairs.
Final number of poles: 21
Saved figure: WMP_Lib/Pu240/1855-1980_MT2.png
Saved figure: WMP_Lib/Pu240/1855-1980_MT27.png
Saved figure: WMP_Lib/Pu240/1855-1980_MT102.png
Saved figure: WMP_Lib/Pu240/1855-1980_MT18.png
Vector fitting piece 58/97...
  energy: 1.922e+03 to 2.050e+03 eV (4829 points)
  error tolerance: rtol=0.001, atol=1e-05
Found 13 peaks
Fitting orders from 26 to 200
Order=26(0/88)
Order=28(1/88)
Order=30(2/88)
Order=32(3/88)
Order=34(4/88)
Order=36(5/88)
Order=38(6/88)
Order=40(7/88)
Order=42(8/88)
Order=44(9/88)
Order=46(10/88)
Order=48(11/88)
Order=50(12/88)
Order=52(13/88)
Order=54(14/88)
Order=56(15/88)
Order=58(16/88)
Order=60(17/88)
Found 4 real poles and 14 conjugate complex pairs.
Final number of poles: 18
Saved figure: WMP_Lib/Pu240/1922-2050_MT2.png
Saved figure: WMP_Lib/Pu240/1922-2050_MT27.png
Saved figure: WMP_Lib/Pu240/1922-2050_MT102.png
Saved figure: WMP_Lib/Pu240/1922-2050_MT18.png
Vector fitting piece 59/97...
  energy: 1.991e+03 to 2.122e+03 eV (5298 points)
  error tolerance: rtol=0.001, atol=1e-05
Found 15 peaks
Fitting orders from 30 to 200
Order=30(0/86)
Order=32(1/86)
Order=34(2/86)
Order=36(3/86)
Order=38(4/86)
Order=40(5/86)
Order=42(6/86)
Order=44(7/86)
Order=46(8/86)
Order=48(9/86)
Order=50(10/86)
Order=52(11/86)
Order=54(12/86)
Order=56(13/86)
Order=58(14/86)
Order=60(15/86)
Found 4 real poles and 17 conjugate complex pairs.
Final number of poles: 21
Saved figure: WMP_Lib/Pu240/1991-2122_MT2.png
Saved figure: WMP_Lib/Pu240/1991-2122_MT27.png
Saved figure: WMP_Lib/Pu240/1991-2122_MT102.png
Saved figure: WMP_Lib/Pu240/1991-2122_MT18.png
Vector fitting piece 60/97...
  energy: 2.061e+03 to 2.193e+03 eV (4157 points)
  error tolerance: rtol=0.001, atol=1e-05
Found 11 peaks
Fitting orders from 22 to 200
Order=22(0/90)
Order=24(1/90)
Order=26(2/90)
Order=28(3/90)
Order=30(4/90)
Order=32(5/90)
Order=34(6/90)
Order=36(7/90)
Order=38(8/90)
Order=40(9/90)
Order=42(10/90)
Order=44(11/90)
Order=46(12/90)
Order=48(13/90)
Order=50(14/90)
Order=52(15/90)
Order=54(16/90)
Order=56(17/90)
Order=58(18/90)
Order=60(19/90)
Found 6 real poles and 13 conjugate complex pairs.
Final number of poles: 19
Saved figure: WMP_Lib/Pu240/2061-2193_MT2.png
Saved figure: WMP_Lib/Pu240/2061-2193_MT27.png
Saved figure: WMP_Lib/Pu240/2061-2193_MT102.png
Saved figure: WMP_Lib/Pu240/2061-2193_MT18.png
Vector fitting piece 61/97...
  energy: 2.132e+03 to 2.267e+03 eV (4215 points)
  error tolerance: rtol=0.001, atol=1e-05
Found 11 peaks
Fitting orders from 22 to 200
Order=22(0/90)
Order=24(1/90)
Order=26(2/90)
Order=28(3/90)
Order=30(4/90)
Order=32(5/90)
Order=34(6/90)
Order=36(7/90)
Order=38(8/90)
Order=40(9/90)
Order=42(10/90)
Order=44(11/90)
Order=46(12/90)
Order=48(13/90)
Order=50(14/90)
Order=52(15/90)
Order=54(16/90)
Order=56(17/90)
Order=58(18/90)
Order=60(19/90)
Found 6 real poles and 12 conjugate complex pairs.
Final number of poles: 18
Saved figure: WMP_Lib/Pu240/2132-2267_MT2.png
Saved figure: WMP_Lib/Pu240/2132-2267_MT27.png
Saved figure: WMP_Lib/Pu240/2132-2267_MT102.png
Saved figure: WMP_Lib/Pu240/2132-2267_MT18.png
Vector fitting piece 62/97...
  energy: 2.205e+03 to 2.342e+03 eV (5120 points)
  error tolerance: rtol=0.001, atol=1e-05
Found 15 peaks
Fitting orders from 30 to 200
Order=30(0/86)
Order=32(1/86)
Order=34(2/86)
Order=36(3/86)
Order=38(4/86)
Order=40(5/86)
Order=42(6/86)
Order=44(7/86)
Order=46(8/86)
Order=48(9/86)
Order=50(10/86)
Order=52(11/86)
Order=54(12/86)
Order=56(13/86)
Order=58(14/86)
Order=60(15/86)
Found 4 real poles and 16 conjugate complex pairs.
Final number of poles: 20
Saved figure: WMP_Lib/Pu240/2205-2342_MT2.png
Saved figure: WMP_Lib/Pu240/2205-2342_MT27.png
Saved figure: WMP_Lib/Pu240/2205-2342_MT102.png
Saved figure: WMP_Lib/Pu240/2205-2342_MT18.png
Vector fitting piece 63/97...
  energy: 2.279e+03 to 2.418e+03 eV (5643 points)
  error tolerance: rtol=0.001, atol=1e-05
Found 15 peaks
Fitting orders from 30 to 200
Order=30(0/86)
Order=32(1/86)
Order=34(2/86)
Order=36(3/86)
Order=38(4/86)
Order=40(5/86)
Order=42(6/86)
Order=44(7/86)
Order=46(8/86)
Order=48(9/86)
Order=50(10/86)
Order=52(11/86)
Order=54(12/86)
Order=56(13/86)
Order=58(14/86)
Order=60(15/86)
Found 4 real poles and 17 conjugate complex pairs.
Final number of poles: 21
Saved figure: WMP_Lib/Pu240/2279-2418_MT2.png
Saved figure: WMP_Lib/Pu240/2279-2418_MT27.png
Saved figure: WMP_Lib/Pu240/2279-2418_MT102.png
Saved figure: WMP_Lib/Pu240/2279-2418_MT18.png
Vector fitting piece 64/97...
  energy: 2.354e+03 to 2.495e+03 eV (5145 points)
  error tolerance: rtol=0.001, atol=1e-05
Found 13 peaks
Fitting orders from 26 to 200
Order=26(0/88)
Order=28(1/88)
Order=30(2/88)
Order=32(3/88)
Order=34(4/88)
Order=36(5/88)
Order=38(6/88)
Order=40(7/88)
Order=42(8/88)
Order=44(9/88)
Order=46(10/88)
Order=48(11/88)
Order=50(12/88)
Order=52(13/88)
Order=54(14/88)
Order=56(15/88)
Order=58(16/88)
Order=60(17/88)
Found 6 real poles and 13 conjugate complex pairs.
Final number of poles: 19
Saved figure: WMP_Lib/Pu240/2354-2495_MT2.png
Saved figure: WMP_Lib/Pu240/2354-2495_MT27.png
Saved figure: WMP_Lib/Pu240/2354-2495_MT102.png
Saved figure: WMP_Lib/Pu240/2354-2495_MT18.png
Vector fitting piece 65/97...
  energy: 2.430e+03 to 2.573e+03 eV (4999 points)
  error tolerance: rtol=0.001, atol=1e-05
Found 13 peaks
Fitting orders from 26 to 200
Order=26(0/88)
Order=28(1/88)
Order=30(2/88)
Order=32(3/88)
Order=34(4/88)
Order=36(5/88)
Order=38(6/88)
Order=40(7/88)
Order=42(8/88)
Order=44(9/88)
Order=46(10/88)
Order=48(11/88)
Order=50(12/88)
Order=52(13/88)
Order=54(14/88)
Order=56(15/88)
Order=58(16/88)
Order=60(17/88)
Found 6 real poles and 14 conjugate complex pairs.
Final number of poles: 20
Saved figure: WMP_Lib/Pu240/2430-2573_MT2.png
Saved figure: WMP_Lib/Pu240/2430-2573_MT27.png
Saved figure: WMP_Lib/Pu240/2430-2573_MT102.png
Saved figure: WMP_Lib/Pu240/2430-2573_MT18.png
Vector fitting piece 66/97...
  energy: 2.507e+03 to 2.653e+03 eV (5170 points)
  error tolerance: rtol=0.001, atol=1e-05
Found 16 peaks
Fitting orders from 32 to 200
Order=32(0/85)
Order=34(1/85)
Order=36(2/85)
Order=38(3/85)
Order=40(4/85)
Order=42(5/85)
Order=44(6/85)
Order=46(7/85)
Order=48(8/85)
Order=50(9/85)
Order=52(10/85)
Order=54(11/85)
Order=56(12/85)
Order=58(13/85)
Order=60(14/85)
Found 2 real poles and 17 conjugate complex pairs.
Final number of poles: 19
Saved figure: WMP_Lib/Pu240/2507-2653_MT2.png
Saved figure: WMP_Lib/Pu240/2507-2653_MT27.png
Saved figure: WMP_Lib/Pu240/2507-2653_MT102.png
Saved figure: WMP_Lib/Pu240/2507-2653_MT18.png
Vector fitting piece 67/97...
  energy: 2.585e+03 to 2.733e+03 eV (3870 points)
  error tolerance: rtol=0.001, atol=1e-05
Found 12 peaks
Fitting orders from 24 to 200
Order=24(0/89)
Order=26(1/89)
Order=28(2/89)
Order=30(3/89)
Order=32(4/89)
Order=34(5/89)
Order=36(6/89)
Order=38(7/89)
Order=40(8/89)
Order=42(9/89)
Order=44(10/89)
Order=46(11/89)
Order=48(12/89)
Order=50(13/89)
Order=52(14/89)
Order=54(15/89)
Order=56(16/89)
Order=58(17/89)
Order=60(18/89)
Found 4 real poles and 14 conjugate complex pairs.
Final number of poles: 18
Saved figure: WMP_Lib/Pu240/2585-2733_MT2.png
Saved figure: WMP_Lib/Pu240/2585-2733_MT27.png
Saved figure: WMP_Lib/Pu240/2585-2733_MT102.png
Saved figure: WMP_Lib/Pu240/2585-2733_MT18.png
Vector fitting piece 68/97...
  energy: 2.665e+03 to 2.815e+03 eV (3438 points)
  error tolerance: rtol=0.001, atol=1e-05
Found 10 peaks
Fitting orders from 20 to 200
Order=20(0/91)
Order=22(1/91)
Order=24(2/91)
Order=26(3/91)
Order=28(4/91)
Order=30(5/91)
Order=32(6/91)
Order=34(7/91)
Order=36(8/91)
Order=38(9/91)
Order=40(10/91)
Order=42(11/91)
Order=44(12/91)
Order=46(13/91)
Order=48(14/91)
Order=50(15/91)
Order=52(16/91)
Order=54(17/91)
Order=56(18/91)
Order=58(19/91)
Order=60(20/91)
Found 4 real poles and 11 conjugate complex pairs.
Final number of poles: 15
Saved figure: WMP_Lib/Pu240/2665-2815_MT2.png
Saved figure: WMP_Lib/Pu240/2665-2815_MT27.png
Saved figure: WMP_Lib/Pu240/2665-2815_MT102.png
Saved figure: WMP_Lib/Pu240/2665-2815_MT18.png
Vector fitting piece 69/97...
  energy: 2.746e+03 to 2.899e+03 eV (3519 points)
  error tolerance: rtol=0.001, atol=1e-05
Found 11 peaks
Fitting orders from 22 to 200
Order=22(0/90)
Order=24(1/90)
Order=26(2/90)
Order=28(3/90)
Order=30(4/90)
Order=32(5/90)
Order=34(6/90)
Order=36(7/90)
Order=38(8/90)
Order=40(9/90)
Order=42(10/90)
Order=44(11/90)
Order=46(12/90)
Order=48(13/90)
Order=50(14/90)
Order=52(15/90)
Order=54(16/90)
Order=56(17/90)
Order=58(18/90)
Order=60(19/90)
Found 6 real poles and 12 conjugate complex pairs.
Final number of poles: 18
Saved figure: WMP_Lib/Pu240/2746-2899_MT2.png
Saved figure: WMP_Lib/Pu240/2746-2899_MT27.png
Saved figure: WMP_Lib/Pu240/2746-2899_MT102.png
Saved figure: WMP_Lib/Pu240/2746-2899_MT18.png
Vector fitting piece 70/97...
  energy: 2.829e+03 to 2.983e+03 eV (4584 points)
  error tolerance: rtol=0.001, atol=1e-05
Found 13 peaks
Fitting orders from 26 to 200
Order=26(0/88)
Order=28(1/88)
Order=30(2/88)
Order=32(3/88)
Order=34(4/88)
Order=36(5/88)
Order=38(6/88)
Order=40(7/88)
Order=42(8/88)
Order=44(9/88)
Order=46(10/88)
Order=48(11/88)
Order=50(12/88)
Order=52(13/88)
Order=54(14/88)
Order=56(15/88)
Order=58(16/88)
Order=60(17/88)
Found 4 real poles and 15 conjugate complex pairs.
Final number of poles: 19
Saved figure: WMP_Lib/Pu240/2829-2983_MT2.png
Saved figure: WMP_Lib/Pu240/2829-2983_MT27.png
Saved figure: WMP_Lib/Pu240/2829-2983_MT102.png
Saved figure: WMP_Lib/Pu240/2829-2983_MT18.png
Vector fitting piece 71/97...
  energy: 2.912e+03 to 3.069e+03 eV (5035 points)
  error tolerance: rtol=0.001, atol=1e-05
Found 15 peaks
Fitting orders from 30 to 200
Order=30(0/86)
Order=32(1/86)
Order=34(2/86)
Order=36(3/86)
Order=38(4/86)
Order=40(5/86)
Order=42(6/86)
Order=44(7/86)
Order=46(8/86)
Order=48(9/86)
Order=50(10/86)
Order=52(11/86)
Order=54(12/86)
Order=56(13/86)
Order=58(14/86)
Order=60(15/86)
Found 4 real poles and 16 conjugate complex pairs.
Final number of poles: 20
Saved figure: WMP_Lib/Pu240/2912-3069_MT2.png
Saved figure: WMP_Lib/Pu240/2912-3069_MT27.png
Saved figure: WMP_Lib/Pu240/2912-3069_MT102.png
Saved figure: WMP_Lib/Pu240/2912-3069_MT18.png
Vector fitting piece 72/97...
  energy: 2.997e+03 to 3.156e+03 eV (4809 points)
  error tolerance: rtol=0.001, atol=1e-05
Found 15 peaks
Fitting orders from 30 to 200
Order=30(0/86)
Order=32(1/86)
Order=34(2/86)
Order=36(3/86)
Order=38(4/86)
Order=40(5/86)
Order=42(6/86)
Order=44(7/86)
Order=46(8/86)
Order=48(9/86)
Order=50(10/86)
Order=52(11/86)
Order=54(12/86)
Order=56(13/86)
Order=58(14/86)
Order=60(15/86)
Found 4 real poles and 16 conjugate complex pairs.
Final number of poles: 20
Saved figure: WMP_Lib/Pu240/2997-3156_MT2.png
Saved figure: WMP_Lib/Pu240/2997-3156_MT27.png
Saved figure: WMP_Lib/Pu240/2997-3156_MT102.png
Saved figure: WMP_Lib/Pu240/2997-3156_MT18.png
Vector fitting piece 73/97...
  energy: 3.082e+03 to 3.244e+03 eV (3905 points)
  error tolerance: rtol=0.001, atol=1e-05
Found 11 peaks
Fitting orders from 22 to 200
Order=22(0/90)
Order=24(1/90)
Order=26(2/90)
Order=28(3/90)
Order=30(4/90)
Order=32(5/90)
Order=34(6/90)
Order=36(7/90)
Order=38(8/90)
Order=40(9/90)
Order=42(10/90)
Order=44(11/90)
Order=46(12/90)
Order=48(13/90)
Order=50(14/90)
Order=52(15/90)
Order=54(16/90)
Order=56(17/90)
Order=58(18/90)
Order=60(19/90)
Found 6 real poles and 11 conjugate complex pairs.
Final number of poles: 17
Saved figure: WMP_Lib/Pu240/3082-3244_MT2.png
Saved figure: WMP_Lib/Pu240/3082-3244_MT27.png
Saved figure: WMP_Lib/Pu240/3082-3244_MT102.png
Saved figure: WMP_Lib/Pu240/3082-3244_MT18.png
Vector fitting piece 74/97...
  energy: 3.169e+03 to 3.333e+03 eV (4230 points)
  error tolerance: rtol=0.001, atol=1e-05
Found 12 peaks
Fitting orders from 24 to 200
Order=24(0/89)
Order=26(1/89)
Order=28(2/89)
Order=30(3/89)
Order=32(4/89)
Order=34(5/89)
Order=36(6/89)
Order=38(7/89)
Order=40(8/89)
Order=42(9/89)
Order=44(10/89)
Order=46(11/89)
Order=48(12/89)
Order=50(13/89)
Order=52(14/89)
Order=54(15/89)
Order=56(16/89)
Order=58(17/89)
Order=60(18/89)
Found 4 real poles and 13 conjugate complex pairs.
Final number of poles: 17
Saved figure: WMP_Lib/Pu240/3169-3333_MT2.png
Saved figure: WMP_Lib/Pu240/3169-3333_MT27.png
Saved figure: WMP_Lib/Pu240/3169-3333_MT102.png
Saved figure: WMP_Lib/Pu240/3169-3333_MT18.png
Vector fitting piece 75/97...
  energy: 3.258e+03 to 3.423e+03 eV (4228 points)
  error tolerance: rtol=0.001, atol=1e-05
Found 15 peaks
Fitting orders from 30 to 200
Order=30(0/86)
Order=32(1/86)
Order=34(2/86)
Order=36(3/86)
Order=38(4/86)
Order=40(5/86)
Order=42(6/86)
Order=44(7/86)
Order=46(8/86)
Order=48(9/86)
Order=50(10/86)
Order=52(11/86)
Order=54(12/86)
Order=56(13/86)
Order=58(14/86)
Order=60(15/86)
Order=62(16/86)
Order=64(17/86)
Order=66(18/86)
Order=68(19/86)
Order=70(20/86)
Found 6 real poles and 15 conjugate complex pairs.
Final number of poles: 21
Saved figure: WMP_Lib/Pu240/3258-3423_MT2.png
Saved figure: WMP_Lib/Pu240/3258-3423_MT27.png
Saved figure: WMP_Lib/Pu240/3258-3423_MT102.png
Saved figure: WMP_Lib/Pu240/3258-3423_MT18.png
Vector fitting piece 76/97...
  energy: 3.347e+03 to 3.515e+03 eV (4007 points)
  error tolerance: rtol=0.001, atol=1e-05
Found 13 peaks
Fitting orders from 26 to 200
Order=26(0/88)
Order=28(1/88)
Order=30(2/88)
Order=32(3/88)
Order=34(4/88)
Order=36(5/88)
Order=38(6/88)
Order=40(7/88)
Order=42(8/88)
Order=44(9/88)
Order=46(10/88)
Order=48(11/88)
Order=50(12/88)
Order=52(13/88)
Order=54(14/88)
Order=56(15/88)
Order=58(16/88)
Order=60(17/88)
Found 6 real poles and 13 conjugate complex pairs.
Final number of poles: 19
Saved figure: WMP_Lib/Pu240/3347-3515_MT2.png
Saved figure: WMP_Lib/Pu240/3347-3515_MT27.png
Saved figure: WMP_Lib/Pu240/3347-3515_MT102.png
Saved figure: WMP_Lib/Pu240/3347-3515_MT18.png
Vector fitting piece 77/97...
  energy: 3.438e+03 to 3.608e+03 eV (4611 points)
  error tolerance: rtol=0.001, atol=1e-05
Found 13 peaks
Fitting orders from 26 to 200
Order=26(0/88)
Order=28(1/88)
Order=30(2/88)
Order=32(3/88)
Order=34(4/88)
Order=36(5/88)
Order=38(6/88)
Order=40(7/88)
Order=42(8/88)
Order=44(9/88)
Order=46(10/88)
Order=48(11/88)
Order=50(12/88)
Order=52(13/88)
Order=54(14/88)
Order=56(15/88)
Order=58(16/88)
Order=60(17/88)
Found 4 real poles and 15 conjugate complex pairs.
Final number of poles: 19
Saved figure: WMP_Lib/Pu240/3438-3608_MT2.png
Saved figure: WMP_Lib/Pu240/3438-3608_MT27.png
Saved figure: WMP_Lib/Pu240/3438-3608_MT102.png
Saved figure: WMP_Lib/Pu240/3438-3608_MT18.png
Vector fitting piece 78/97...
  energy: 3.530e+03 to 3.702e+03 eV (4333 points)
  error tolerance: rtol=0.001, atol=1e-05
Found 12 peaks
Fitting orders from 24 to 200
Order=24(0/89)
Order=26(1/89)
Order=28(2/89)
Order=30(3/89)
Order=32(4/89)
Order=34(5/89)
Order=36(6/89)
Order=38(7/89)
Order=40(8/89)
Order=42(9/89)
Order=44(10/89)
Order=46(11/89)
Order=48(12/89)
Order=50(13/89)
Order=52(14/89)
Order=54(15/89)
Order=56(16/89)
Order=58(17/89)
Order=60(18/89)
Found 4 real poles and 14 conjugate complex pairs.
Final number of poles: 18
Saved figure: WMP_Lib/Pu240/3530-3702_MT2.png
Saved figure: WMP_Lib/Pu240/3530-3702_MT27.png
Saved figure: WMP_Lib/Pu240/3530-3702_MT102.png
Saved figure: WMP_Lib/Pu240/3530-3702_MT18.png
Vector fitting piece 79/97...
  energy: 3.623e+03 to 3.797e+03 eV (4083 points)
  error tolerance: rtol=0.001, atol=1e-05
Found 15 peaks
Fitting orders from 30 to 200
Order=30(0/86)
Order=32(1/86)
Order=34(2/86)
Order=36(3/86)
Order=38(4/86)
Order=40(5/86)
Order=42(6/86)
Order=44(7/86)
Order=46(8/86)
Order=48(9/86)
Order=50(10/86)
Order=52(11/86)
Order=54(12/86)
Order=56(13/86)
Order=58(14/86)
Order=60(15/86)
Order=62(16/86)
Order=64(17/86)
Order=66(18/86)
Order=68(19/86)
Order=70(20/86)
Found 4 real poles and 17 conjugate complex pairs.
Final number of poles: 21
Saved figure: WMP_Lib/Pu240/3623-3797_MT2.png
Saved figure: WMP_Lib/Pu240/3623-3797_MT27.png
Saved figure: WMP_Lib/Pu240/3623-3797_MT102.png
Saved figure: WMP_Lib/Pu240/3623-3797_MT18.png
Vector fitting piece 80/97...
  energy: 3.717e+03 to 3.894e+03 eV (4455 points)
  error tolerance: rtol=0.001, atol=1e-05
Found 15 peaks
Fitting orders from 30 to 200
Order=30(0/86)
Order=32(1/86)
Order=34(2/86)
Order=36(3/86)
Order=38(4/86)
Order=40(5/86)
Order=42(6/86)
Order=44(7/86)
Order=46(8/86)
Order=48(9/86)
Order=50(10/86)
Order=52(11/86)
Order=54(12/86)
Order=56(13/86)
Order=58(14/86)
Order=60(15/86)
Order=62(16/86)
Order=64(17/86)
Order=66(18/86)
Order=68(19/86)
Order=70(20/86)
Found 6 real poles and 16 conjugate complex pairs.
Final number of poles: 22
Saved figure: WMP_Lib/Pu240/3717-3894_MT2.png
Saved figure: WMP_Lib/Pu240/3717-3894_MT27.png
Saved figure: WMP_Lib/Pu240/3717-3894_MT102.png
Saved figure: WMP_Lib/Pu240/3717-3894_MT18.png
Vector fitting piece 81/97...
  energy: 3.813e+03 to 3.991e+03 eV (5185 points)
  error tolerance: rtol=0.001, atol=1e-05
Found 16 peaks
Fitting orders from 32 to 200
Order=32(0/85)
Order=34(1/85)
Order=36(2/85)
Order=38(3/85)
Order=40(4/85)
Order=42(5/85)
Order=44(6/85)
Order=46(7/85)
Order=48(8/85)
Order=50(9/85)
Order=52(10/85)
Order=54(11/85)
Order=56(12/85)
Order=58(13/85)
Order=60(14/85)
Found 6 real poles and 16 conjugate complex pairs.
Final number of poles: 22
Saved figure: WMP_Lib/Pu240/3813-3991_MT2.png
Saved figure: WMP_Lib/Pu240/3813-3991_MT27.png
Saved figure: WMP_Lib/Pu240/3813-3991_MT102.png
Saved figure: WMP_Lib/Pu240/3813-3991_MT18.png
Vector fitting piece 82/97...
  energy: 3.909e+03 to 4.091e+03 eV (4713 points)
  error tolerance: rtol=0.001, atol=1e-05
Found 14 peaks
Fitting orders from 28 to 200
Order=28(0/87)
Order=30(1/87)
Order=32(2/87)
Order=34(3/87)
Order=36(4/87)
Order=38(5/87)
Order=40(6/87)
Order=42(7/87)
Order=44(8/87)
Order=46(9/87)
Order=48(10/87)
Order=50(11/87)
Order=52(12/87)
Order=54(13/87)
Order=56(14/87)
Order=58(15/87)
Order=60(16/87)
Found 4 real poles and 15 conjugate complex pairs.
Final number of poles: 19
Saved figure: WMP_Lib/Pu240/3909-4091_MT2.png
Saved figure: WMP_Lib/Pu240/3909-4091_MT27.png
Saved figure: WMP_Lib/Pu240/3909-4091_MT102.png
Saved figure: WMP_Lib/Pu240/3909-4091_MT18.png
Vector fitting piece 83/97...
  energy: 4.007e+03 to 4.191e+03 eV (5135 points)
  error tolerance: rtol=0.001, atol=1e-05
Found 14 peaks
Fitting orders from 28 to 200
Order=28(0/87)
Order=30(1/87)
Order=32(2/87)
Order=34(3/87)
Order=36(4/87)
Order=38(5/87)
Order=40(6/87)
Order=42(7/87)
Order=44(8/87)
Order=46(9/87)
Order=48(10/87)
Order=50(11/87)
Order=52(12/87)
Order=54(13/87)
Order=56(14/87)
Order=58(15/87)
Order=60(16/87)
Found 6 real poles and 15 conjugate complex pairs.
Final number of poles: 21
Saved figure: WMP_Lib/Pu240/4007-4191_MT2.png
Saved figure: WMP_Lib/Pu240/4007-4191_MT27.png
Saved figure: WMP_Lib/Pu240/4007-4191_MT102.png
Saved figure: WMP_Lib/Pu240/4007-4191_MT18.png
Vector fitting piece 84/97...
  energy: 4.106e+03 to 4.292e+03 eV (5614 points)
  error tolerance: rtol=0.001, atol=1e-05
Found 17 peaks
Fitting orders from 34 to 200
Order=34(0/84)
Order=36(1/84)
Order=38(2/84)
Order=40(3/84)
Order=42(4/84)
Order=44(5/84)
Order=46(6/84)
Order=48(7/84)
Order=50(8/84)
Order=52(9/84)
Order=54(10/84)
Order=56(11/84)
Order=58(12/84)
Order=60(13/84)
Found 4 real poles and 18 conjugate complex pairs.
Final number of poles: 22
Saved figure: WMP_Lib/Pu240/4106-4292_MT2.png
Saved figure: WMP_Lib/Pu240/4106-4292_MT27.png
Saved figure: WMP_Lib/Pu240/4106-4292_MT102.png
Saved figure: WMP_Lib/Pu240/4106-4292_MT18.png
Vector fitting piece 85/97...
  energy: 4.207e+03 to 4.395e+03 eV (4415 points)
  error tolerance: rtol=0.001, atol=1e-05
Found 13 peaks
Fitting orders from 26 to 200
Order=26(0/88)
Order=28(1/88)
Order=30(2/88)
Order=32(3/88)
Order=34(4/88)
Order=36(5/88)
Order=38(6/88)
Order=40(7/88)
Order=42(8/88)
Order=44(9/88)
Order=46(10/88)
Order=48(11/88)
Order=50(12/88)
Order=52(13/88)
Order=54(14/88)
Order=56(15/88)
Order=58(16/88)
Order=60(17/88)
Found 4 real poles and 15 conjugate complex pairs.
Final number of poles: 19
Saved figure: WMP_Lib/Pu240/4207-4395_MT2.png
Saved figure: WMP_Lib/Pu240/4207-4395_MT27.png
Saved figure: WMP_Lib/Pu240/4207-4395_MT102.png
Saved figure: WMP_Lib/Pu240/4207-4395_MT18.png
Vector fitting piece 86/97...
  energy: 4.308e+03 to 4.499e+03 eV (5178 points)
  error tolerance: rtol=0.001, atol=1e-05
Found 15 peaks
Fitting orders from 30 to 200
Order=30(0/86)
Order=32(1/86)
Order=34(2/86)
Order=36(3/86)
Order=38(4/86)
Order=40(5/86)
Order=42(6/86)
Order=44(7/86)
Order=46(8/86)
Order=48(9/86)
Order=50(10/86)
Order=52(11/86)
Order=54(12/86)
Order=56(13/86)
Order=58(14/86)
Order=60(15/86)
Found 4 real poles and 16 conjugate complex pairs.
Final number of poles: 20
Saved figure: WMP_Lib/Pu240/4308-4499_MT2.png
Saved figure: WMP_Lib/Pu240/4308-4499_MT27.png
Saved figure: WMP_Lib/Pu240/4308-4499_MT102.png
Saved figure: WMP_Lib/Pu240/4308-4499_MT18.png
Vector fitting piece 87/97...
  energy: 4.411e+03 to 4.603e+03 eV (5143 points)
  error tolerance: rtol=0.001, atol=1e-05
Found 14 peaks
Fitting orders from 28 to 200
Order=28(0/87)
Order=30(1/87)
Order=32(2/87)
Order=34(3/87)
Order=36(4/87)
Order=38(5/87)
Order=40(6/87)
Order=42(7/87)
Order=44(8/87)
Order=46(9/87)
Order=48(10/87)
Order=50(11/87)
Order=52(12/87)
Order=54(13/87)
Order=56(14/87)
Order=58(15/87)
Order=60(16/87)
Found 4 real poles and 15 conjugate complex pairs.
Final number of poles: 19
Saved figure: WMP_Lib/Pu240/4411-4603_MT2.png
Saved figure: WMP_Lib/Pu240/4411-4603_MT27.png
Saved figure: WMP_Lib/Pu240/4411-4603_MT102.png
Saved figure: WMP_Lib/Pu240/4411-4603_MT18.png
Vector fitting piece 88/97...
  energy: 4.515e+03 to 4.710e+03 eV (4371 points)
  error tolerance: rtol=0.001, atol=1e-05
Found 12 peaks
Fitting orders from 24 to 200
Order=24(0/89)
Order=26(1/89)
Order=28(2/89)
Order=30(3/89)
Order=32(4/89)
Order=34(5/89)
Order=36(6/89)
Order=38(7/89)
Order=40(8/89)
Order=42(9/89)
Order=44(10/89)
Order=46(11/89)
Order=48(12/89)
Order=50(13/89)
Order=52(14/89)
Order=54(15/89)
Order=56(16/89)
Order=58(17/89)
Order=60(18/89)
Found 4 real poles and 14 conjugate complex pairs.
Final number of poles: 18
Saved figure: WMP_Lib/Pu240/4515-4710_MT2.png
Saved figure: WMP_Lib/Pu240/4515-4710_MT27.png
Saved figure: WMP_Lib/Pu240/4515-4710_MT102.png
Saved figure: WMP_Lib/Pu240/4515-4710_MT18.png
Vector fitting piece 89/97...
  energy: 4.620e+03 to 4.817e+03 eV (4915 points)
  error tolerance: rtol=0.001, atol=1e-05
Found 16 peaks
Fitting orders from 32 to 200
Order=32(0/85)
Order=34(1/85)
Order=36(2/85)
Order=38(3/85)
Order=40(4/85)
Order=42(5/85)
Order=44(6/85)
Order=46(7/85)
Order=48(8/85)
Order=50(9/85)
Order=52(10/85)
Order=54(11/85)
Order=56(12/85)
Order=58(13/85)
Order=60(14/85)
Found 2 real poles and 18 conjugate complex pairs.
Final number of poles: 20
Saved figure: WMP_Lib/Pu240/4620-4817_MT2.png
Saved figure: WMP_Lib/Pu240/4620-4817_MT27.png
Saved figure: WMP_Lib/Pu240/4620-4817_MT102.png
Saved figure: WMP_Lib/Pu240/4620-4817_MT18.png
Vector fitting piece 90/97...
  energy: 4.727e+03 to 4.926e+03 eV (4585 points)
  error tolerance: rtol=0.001, atol=1e-05
Found 15 peaks
Fitting orders from 30 to 200
Order=30(0/86)
Order=32(1/86)
Order=34(2/86)
Order=36(3/86)
Order=38(4/86)
Order=40(5/86)
Order=42(6/86)
Order=44(7/86)
Order=46(8/86)
Order=48(9/86)
Order=50(10/86)
Order=52(11/86)
Order=54(12/86)
Order=56(13/86)
Order=58(14/86)
Order=60(15/86)
Order=62(16/86)
Order=64(17/86)
Order=66(18/86)
Order=68(19/86)
Order=70(20/86)
Found 4 real poles and 16 conjugate complex pairs.
Final number of poles: 20
Saved figure: WMP_Lib/Pu240/4727-4926_MT2.png
Saved figure: WMP_Lib/Pu240/4727-4926_MT27.png
Saved figure: WMP_Lib/Pu240/4727-4926_MT102.png
Saved figure: WMP_Lib/Pu240/4727-4926_MT18.png
Vector fitting piece 91/97...
  energy: 4.834e+03 to 5.035e+03 eV (3844 points)
  error tolerance: rtol=0.001, atol=1e-05
Found 13 peaks
Fitting orders from 26 to 200
Order=26(0/88)
Order=28(1/88)
Order=30(2/88)
Order=32(3/88)
Order=34(4/88)
Order=36(5/88)
Order=38(6/88)
Order=40(7/88)
Order=42(8/88)
Order=44(9/88)
Order=46(10/88)
Order=48(11/88)
Order=50(12/88)
Order=52(13/88)
Order=54(14/88)
Order=56(15/88)
Order=58(16/88)
Order=60(17/88)
Order=62(18/88)
Order=64(19/88)
Order=66(20/88)
Order=68(21/88)
Order=70(22/88)
Found 6 real poles and 13 conjugate complex pairs.
Final number of poles: 19
Saved figure: WMP_Lib/Pu240/4834-5035_MT2.png
Saved figure: WMP_Lib/Pu240/4834-5035_MT27.png
Saved figure: WMP_Lib/Pu240/4834-5035_MT102.png
Saved figure: WMP_Lib/Pu240/4834-5035_MT18.png
Vector fitting piece 92/97...
  energy: 4.943e+03 to 5.147e+03 eV (4199 points)
  error tolerance: rtol=0.001, atol=1e-05
Found 13 peaks
Fitting orders from 26 to 200
Order=26(0/88)
Order=28(1/88)
Order=30(2/88)
Order=32(3/88)
Order=34(4/88)
Order=36(5/88)
Order=38(6/88)
Order=40(7/88)
Order=42(8/88)
Order=44(9/88)
Order=46(10/88)
Order=48(11/88)
Order=50(12/88)
Order=52(13/88)
Order=54(14/88)
Order=56(15/88)
Order=58(16/88)
Order=60(17/88)
Found 6 real poles and 14 conjugate complex pairs.
Final number of poles: 20
Saved figure: WMP_Lib/Pu240/4943-5147_MT2.png
Saved figure: WMP_Lib/Pu240/4943-5147_MT27.png
Saved figure: WMP_Lib/Pu240/4943-5147_MT102.png
Saved figure: WMP_Lib/Pu240/4943-5147_MT18.png
Vector fitting piece 93/97...
  energy: 5.053e+03 to 5.259e+03 eV (4422 points)
  error tolerance: rtol=0.001, atol=1e-05
Found 14 peaks
Fitting orders from 28 to 200
Order=28(0/87)
Order=30(1/87)
Order=32(2/87)
Order=34(3/87)
Order=36(4/87)
Order=38(5/87)
Order=40(6/87)
Order=42(7/87)
Order=44(8/87)
Order=46(9/87)
Order=48(10/87)
Order=50(11/87)
Order=52(12/87)
Order=54(13/87)
Order=56(14/87)
Order=58(15/87)
Order=60(16/87)
Found 4 real poles and 15 conjugate complex pairs.
Final number of poles: 19
Saved figure: WMP_Lib/Pu240/5053-5259_MT2.png
Saved figure: WMP_Lib/Pu240/5053-5259_MT27.png
Saved figure: WMP_Lib/Pu240/5053-5259_MT102.png
Saved figure: WMP_Lib/Pu240/5053-5259_MT18.png
Vector fitting piece 94/97...
  energy: 5.164e+03 to 5.372e+03 eV (4825 points)
  error tolerance: rtol=0.001, atol=1e-05
Found 15 peaks
Fitting orders from 30 to 200
Order=30(0/86)
Order=32(1/86)
Order=34(2/86)
Order=36(3/86)
Order=38(4/86)
Order=40(5/86)
Order=42(6/86)
Order=44(7/86)
Order=46(8/86)
Order=48(9/86)
Order=50(10/86)
Order=52(11/86)
Order=54(12/86)
Order=56(13/86)
Order=58(14/86)
Order=60(15/86)
Found 4 real poles and 16 conjugate complex pairs.
Final number of poles: 20
Saved figure: WMP_Lib/Pu240/5164-5372_MT2.png
Saved figure: WMP_Lib/Pu240/5164-5372_MT27.png
Saved figure: WMP_Lib/Pu240/5164-5372_MT102.png
Saved figure: WMP_Lib/Pu240/5164-5372_MT18.png
Vector fitting piece 95/97...
  energy: 5.277e+03 to 5.487e+03 eV (4605 points)
  error tolerance: rtol=0.001, atol=1e-05
Found 14 peaks
Fitting orders from 28 to 200
Order=28(0/87)
Order=30(1/87)
Order=32(2/87)
Order=34(3/87)
Order=36(4/87)
Order=38(5/87)
Order=40(6/87)
Order=42(7/87)
Order=44(8/87)
Order=46(9/87)
Order=48(10/87)
Order=50(11/87)
Order=52(12/87)
Order=54(13/87)
Order=56(14/87)
Order=58(15/87)
Order=60(16/87)
Found 6 real poles and 15 conjugate complex pairs.
Final number of poles: 21
Saved figure: WMP_Lib/Pu240/5277-5487_MT2.png
Saved figure: WMP_Lib/Pu240/5277-5487_MT27.png
Saved figure: WMP_Lib/Pu240/5277-5487_MT102.png
Saved figure: WMP_Lib/Pu240/5277-5487_MT18.png
Vector fitting piece 96/97...
  energy: 5.391e+03 to 5.603e+03 eV (5678 points)
  error tolerance: rtol=0.001, atol=1e-05
Found 17 peaks
Fitting orders from 34 to 200
Order=34(0/84)
Order=36(1/84)
Order=38(2/84)
Order=40(3/84)
Order=42(4/84)
Order=44(5/84)
Order=46(6/84)
Order=48(7/84)
Order=50(8/84)
Order=52(9/84)
Order=54(10/84)
Order=56(11/84)
Order=58(12/84)
Order=60(13/84)
Found 4 real poles and 18 conjugate complex pairs.
Final number of poles: 22
Saved figure: WMP_Lib/Pu240/5391-5603_MT2.png
Saved figure: WMP_Lib/Pu240/5391-5603_MT27.png
Saved figure: WMP_Lib/Pu240/5391-5603_MT102.png
Saved figure: WMP_Lib/Pu240/5391-5603_MT18.png
Vector fitting piece 97/97...
  energy: 5.505e+03 to 5.700e+03 eV (5405 points)
  error tolerance: rtol=0.001, atol=1e-05
Found 16 peaks
Fitting orders from 32 to 200
Order=32(0/85)
Order=34(1/85)
Order=36(2/85)
Order=38(3/85)
Order=40(4/85)
Order=42(5/85)
Order=44(6/85)
Order=46(7/85)
Order=48(8/85)
Order=50(9/85)
Order=52(10/85)
Order=54(11/85)
Order=56(12/85)
Order=58(13/85)
Order=60(14/85)
Found 2 real poles and 18 conjugate complex pairs.
Final number of poles: 20
Saved figure: WMP_Lib/Pu240/5505-5700_MT2.png
Saved figure: WMP_Lib/Pu240/5505-5700_MT27.png
Saved figure: WMP_Lib/Pu240/5505-5700_MT102.png
Saved figure: WMP_Lib/Pu240/5505-5700_MT18.png
Dumped multipole data to file: WMP_Lib/Pu240/Pu240_mp.pickle
Start searching ...
Testing N_win=75 N_cf=10
Failed: Window spacing cannot be larger than piece spacing.
Testing N_win=176 N_cf=10
Windowing:
  config: # windows=176, spacing=0.42894986052491624, CF order=10
  error tolerance: rtol=0.001, atol=1e-05
Best library so far.
Testing N_win=176 N_cf=9
Windowing:
  config: # windows=176, spacing=0.42894986052491624, CF order=9
  error tolerance: rtol=0.001, atol=1e-05
Best library so far.
Testing N_win=176 N_cf=8
Windowing:
  config: # windows=176, spacing=0.42894986052491624, CF order=8
  error tolerance: rtol=0.001, atol=1e-05
Best library so far.
Testing N_win=176 N_cf=7
Windowing:
  config: # windows=176, spacing=0.42894986052491624, CF order=7
  error tolerance: rtol=0.001, atol=1e-05
Failed: Pure curvefit failed for the first window!
Testing N_win=277 N_cf=10
Windowing:
  config: # windows=277, spacing=0.27254575975590345, CF order=10
  error tolerance: rtol=0.001, atol=1e-05
Best library so far.
Testing N_win=277 N_cf=9
Windowing:
  config: # windows=277, spacing=0.27254575975590345, CF order=9
  error tolerance: rtol=0.001, atol=1e-05
Best library so far.
Testing N_win=277 N_cf=8
Windowing:
  config: # windows=277, spacing=0.27254575975590345, CF order=8
  error tolerance: rtol=0.001, atol=1e-05
Best library so far.
Testing N_win=277 N_cf=7
Windowing:
  config: # windows=277, spacing=0.27254575975590345, CF order=7
  error tolerance: rtol=0.001, atol=1e-05
Best library so far.
Testing N_win=277 N_cf=6
Windowing:
  config: # windows=277, spacing=0.27254575975590345, CF order=6
  error tolerance: rtol=0.001, atol=1e-05
Best library so far.
Testing N_win=277 N_cf=5
Windowing:
  config: # windows=277, spacing=0.27254575975590345, CF order=5
  error tolerance: rtol=0.001, atol=1e-05
Best library so far.
Testing N_win=277 N_cf=4
Windowing:
  config: # windows=277, spacing=0.27254575975590345, CF order=4
  error tolerance: rtol=0.001, atol=1e-05
Failed: Pure curvefit failed for the first window!
Testing N_win=378 N_cf=10
Windowing:
  config: # windows=378, spacing=0.19972268638197158, CF order=10
  error tolerance: rtol=0.001, atol=1e-05
Best library so far.
Testing N_win=378 N_cf=9
Windowing:
  config: # windows=378, spacing=0.19972268638197158, CF order=9
  error tolerance: rtol=0.001, atol=1e-05
Best library so far.
Testing N_win=378 N_cf=8
Windowing:
  config: # windows=378, spacing=0.19972268638197158, CF order=8
  error tolerance: rtol=0.001, atol=1e-05
Best library so far.
Testing N_win=378 N_cf=7
Windowing:
  config: # windows=378, spacing=0.19972268638197158, CF order=7
  error tolerance: rtol=0.001, atol=1e-05
Best library so far.
Testing N_win=378 N_cf=6
Windowing:
  config: # windows=378, spacing=0.19972268638197158, CF order=6
  error tolerance: rtol=0.001, atol=1e-05
Best library so far.
Testing N_win=378 N_cf=5
Windowing:
  config: # windows=378, spacing=0.19972268638197158, CF order=5
  error tolerance: rtol=0.001, atol=1e-05
Best library so far.
Testing N_win=378 N_cf=4
Windowing:
  config: # windows=378, spacing=0.19972268638197158, CF order=4
  error tolerance: rtol=0.001, atol=1e-05
Failed: Pure curvefit failed for the first window!
Testing N_win=480 N_cf=10
Windowing:
  config: # windows=480, spacing=0.1572816155258026, CF order=10
  error tolerance: rtol=0.001, atol=1e-05
Best library so far.
Testing N_win=480 N_cf=9
Windowing:
  config: # windows=480, spacing=0.1572816155258026, CF order=9
  error tolerance: rtol=0.001, atol=1e-05
Best library so far.
Testing N_win=480 N_cf=8
Windowing:
  config: # windows=480, spacing=0.1572816155258026, CF order=8
  error tolerance: rtol=0.001, atol=1e-05
Best library so far.
Testing N_win=480 N_cf=7
Windowing:
  config: # windows=480, spacing=0.1572816155258026, CF order=7
  error tolerance: rtol=0.001, atol=1e-05
Best library so far.
Testing N_win=480 N_cf=6
Windowing:
  config: # windows=480, spacing=0.1572816155258026, CF order=6
  error tolerance: rtol=0.001, atol=1e-05
Best library so far.
Testing N_win=480 N_cf=5
Windowing:
  config: # windows=480, spacing=0.1572816155258026, CF order=5
  error tolerance: rtol=0.001, atol=1e-05
Best library so far.
Testing N_win=480 N_cf=4
Windowing:
  config: # windows=480, spacing=0.1572816155258026, CF order=4
  error tolerance: rtol=0.001, atol=1e-05
Best library so far.
Testing N_win=480 N_cf=3
Windowing:
  config: # windows=480, spacing=0.1572816155258026, CF order=3
  error tolerance: rtol=0.001, atol=1e-05
Failed: Pure curvefit failed for the first window!
Testing N_win=581 N_cf=10
Windowing:
  config: # windows=581, spacing=0.12994006101959596, CF order=10
  error tolerance: rtol=0.001, atol=1e-05
Testing N_win=581 N_cf=9
Windowing:
  config: # windows=581, spacing=0.12994006101959596, CF order=9
  error tolerance: rtol=0.001, atol=1e-05
Testing N_win=581 N_cf=8
Windowing:
  config: # windows=581, spacing=0.12994006101959596, CF order=8
  error tolerance: rtol=0.001, atol=1e-05
Testing N_win=581 N_cf=7
Windowing:
  config: # windows=581, spacing=0.12994006101959596, CF order=7
  error tolerance: rtol=0.001, atol=1e-05
Testing N_win=581 N_cf=6
Windowing:
  config: # windows=581, spacing=0.12994006101959596, CF order=6
  error tolerance: rtol=0.001, atol=1e-05
Best library so far.
Testing N_win=581 N_cf=5
Windowing:
  config: # windows=581, spacing=0.12994006101959596, CF order=5
  error tolerance: rtol=0.001, atol=1e-05
Best library so far.
Testing N_win=581 N_cf=4
Windowing:
  config: # windows=581, spacing=0.12994006101959596, CF order=4
  error tolerance: rtol=0.001, atol=1e-05
Best library so far.
Testing N_win=581 N_cf=3
Windowing:
  config: # windows=581, spacing=0.12994006101959596, CF order=3
  error tolerance: rtol=0.001, atol=1e-05
Failed: Pure curvefit failed for the first window!
Testing N_win=682 N_cf=10
Windowing:
  config: # windows=682, spacing=0.11069673819997838, CF order=10
  error tolerance: rtol=0.001, atol=1e-05
Testing N_win=682 N_cf=9
Windowing:
  config: # windows=682, spacing=0.11069673819997838, CF order=9
  error tolerance: rtol=0.001, atol=1e-05
Testing N_win=682 N_cf=8
Windowing:
  config: # windows=682, spacing=0.11069673819997838, CF order=8
  error tolerance: rtol=0.001, atol=1e-05
Testing N_win=682 N_cf=7
Windowing:
  config: # windows=682, spacing=0.11069673819997838, CF order=7
  error tolerance: rtol=0.001, atol=1e-05
Testing N_win=682 N_cf=6
Windowing:
  config: # windows=682, spacing=0.11069673819997838, CF order=6
  error tolerance: rtol=0.001, atol=1e-05
Best library so far.
Testing N_win=682 N_cf=5
Windowing:
  config: # windows=682, spacing=0.11069673819997838, CF order=5
  error tolerance: rtol=0.001, atol=1e-05
Best library so far.
Testing N_win=682 N_cf=4
Windowing:
  config: # windows=682, spacing=0.11069673819997838, CF order=4
  error tolerance: rtol=0.001, atol=1e-05
Best library so far.
Testing N_win=682 N_cf=3
Windowing:
  config: # windows=682, spacing=0.11069673819997838, CF order=3
  error tolerance: rtol=0.001, atol=1e-05
Failed: Pure curvefit failed for the first window!
Testing N_win=784 N_cf=10
Windowing:
  config: # windows=784, spacing=0.09629486664845058, CF order=10
  error tolerance: rtol=0.001, atol=1e-05
Testing N_win=784 N_cf=9
Windowing:
  config: # windows=784, spacing=0.09629486664845058, CF order=9
  error tolerance: rtol=0.001, atol=1e-05
Testing N_win=784 N_cf=8
Windowing:
  config: # windows=784, spacing=0.09629486664845058, CF order=8
  error tolerance: rtol=0.001, atol=1e-05
Testing N_win=784 N_cf=7
Windowing:
  config: # windows=784, spacing=0.09629486664845058, CF order=7
  error tolerance: rtol=0.001, atol=1e-05
Testing N_win=784 N_cf=6
Windowing:
  config: # windows=784, spacing=0.09629486664845058, CF order=6
  error tolerance: rtol=0.001, atol=1e-05
Testing N_win=784 N_cf=5
Windowing:
  config: # windows=784, spacing=0.09629486664845058, CF order=5
  error tolerance: rtol=0.001, atol=1e-05
Best library so far.
Testing N_win=784 N_cf=4
Windowing:
  config: # windows=784, spacing=0.09629486664845058, CF order=4
  error tolerance: rtol=0.001, atol=1e-05
Best library so far.
Testing N_win=784 N_cf=3
Windowing:
  config: # windows=784, spacing=0.09629486664845058, CF order=3
  error tolerance: rtol=0.001, atol=1e-05
Failed: Pure curvefit failed for the first window!
Testing N_win=885 N_cf=10
Windowing:
  config: # windows=885, spacing=0.08530528299704548, CF order=10
  error tolerance: rtol=0.001, atol=1e-05
Testing N_win=885 N_cf=9
Windowing:
  config: # windows=885, spacing=0.08530528299704548, CF order=9
  error tolerance: rtol=0.001, atol=1e-05
Testing N_win=885 N_cf=8
Windowing:
  config: # windows=885, spacing=0.08530528299704548, CF order=8
  error tolerance: rtol=0.001, atol=1e-05
Testing N_win=885 N_cf=7
Windowing:
  config: # windows=885, spacing=0.08530528299704548, CF order=7
  error tolerance: rtol=0.001, atol=1e-05
Testing N_win=885 N_cf=6
Windowing:
  config: # windows=885, spacing=0.08530528299704548, CF order=6
  error tolerance: rtol=0.001, atol=1e-05
Testing N_win=885 N_cf=5
Windowing:
  config: # windows=885, spacing=0.08530528299704548, CF order=5
  error tolerance: rtol=0.001, atol=1e-05
Testing N_win=885 N_cf=4
Windowing:
  config: # windows=885, spacing=0.08530528299704548, CF order=4
  error tolerance: rtol=0.001, atol=1e-05
Best library so far.
Testing N_win=885 N_cf=3
Windowing:
  config: # windows=885, spacing=0.08530528299704548, CF order=3
  error tolerance: rtol=0.001, atol=1e-05
Failed: Pure curvefit failed for the first window!
Testing N_win=986 N_cf=10
Windowing:
  config: # windows=986, spacing=0.07656711506327105, CF order=10
  error tolerance: rtol=0.001, atol=1e-05
Testing N_win=986 N_cf=9
Windowing:
  config: # windows=986, spacing=0.07656711506327105, CF order=9
  error tolerance: rtol=0.001, atol=1e-05
Testing N_win=986 N_cf=8
Windowing:
  config: # windows=986, spacing=0.07656711506327105, CF order=8
  error tolerance: rtol=0.001, atol=1e-05
Testing N_win=986 N_cf=7
Windowing:
  config: # windows=986, spacing=0.07656711506327105, CF order=7
  error tolerance: rtol=0.001, atol=1e-05
Testing N_win=986 N_cf=6
Windowing:
  config: # windows=986, spacing=0.07656711506327105, CF order=6
  error tolerance: rtol=0.001, atol=1e-05
Testing N_win=986 N_cf=5
Windowing:
  config: # windows=986, spacing=0.07656711506327105, CF order=5
  error tolerance: rtol=0.001, atol=1e-05
Testing N_win=986 N_cf=4
Windowing:
  config: # windows=986, spacing=0.07656711506327105, CF order=4
  error tolerance: rtol=0.001, atol=1e-05
Best library so far.
Testing N_win=986 N_cf=3
Windowing:
  config: # windows=986, spacing=0.07656711506327105, CF order=3
  error tolerance: rtol=0.001, atol=1e-05
Failed: Pure curvefit failed for the first window!
Testing N_win=1088 N_cf=10
Windowing:
  config: # windows=1088, spacing=0.06938894802608939, CF order=10
  error tolerance: rtol=0.001, atol=1e-05
Testing N_win=1088 N_cf=9
Windowing:
  config: # windows=1088, spacing=0.06938894802608939, CF order=9
  error tolerance: rtol=0.001, atol=1e-05
Testing N_win=1088 N_cf=8
Windowing:
  config: # windows=1088, spacing=0.06938894802608939, CF order=8
  error tolerance: rtol=0.001, atol=1e-05
Testing N_win=1088 N_cf=7
Windowing:
  config: # windows=1088, spacing=0.06938894802608939, CF order=7
  error tolerance: rtol=0.001, atol=1e-05
Testing N_win=1088 N_cf=6
Windowing:
  config: # windows=1088, spacing=0.06938894802608939, CF order=6
  error tolerance: rtol=0.001, atol=1e-05
Testing N_win=1088 N_cf=5
Windowing:
  config: # windows=1088, spacing=0.06938894802608939, CF order=5
  error tolerance: rtol=0.001, atol=1e-05
Best library so far.
Testing N_win=1088 N_cf=4
Windowing:
  config: # windows=1088, spacing=0.06938894802608939, CF order=4
  error tolerance: rtol=0.001, atol=1e-05
Best library so far.
Testing N_win=1088 N_cf=3
Windowing:
  config: # windows=1088, spacing=0.06938894802608939, CF order=3
  error tolerance: rtol=0.001, atol=1e-05
Failed: Pure curvefit failed for the first window!
Testing N_win=1189 N_cf=10
Windowing:
  config: # windows=1189, spacing=0.06349468078417599, CF order=10
  error tolerance: rtol=0.001, atol=1e-05
Testing N_win=1189 N_cf=9
Windowing:
  config: # windows=1189, spacing=0.06349468078417599, CF order=9
  error tolerance: rtol=0.001, atol=1e-05
Testing N_win=1189 N_cf=8
Windowing:
  config: # windows=1189, spacing=0.06349468078417599, CF order=8
  error tolerance: rtol=0.001, atol=1e-05
Testing N_win=1189 N_cf=7
Windowing:
  config: # windows=1189, spacing=0.06349468078417599, CF order=7
  error tolerance: rtol=0.001, atol=1e-05
Testing N_win=1189 N_cf=6
Windowing:
  config: # windows=1189, spacing=0.06349468078417599, CF order=6
  error tolerance: rtol=0.001, atol=1e-05
Testing N_win=1189 N_cf=5
Windowing:
  config: # windows=1189, spacing=0.06349468078417599, CF order=5
  error tolerance: rtol=0.001, atol=1e-05
Testing N_win=1189 N_cf=4
Windowing:
  config: # windows=1189, spacing=0.06349468078417599, CF order=4
  error tolerance: rtol=0.001, atol=1e-05
Best library so far.
Testing N_win=1189 N_cf=3
Windowing:
  config: # windows=1189, spacing=0.06349468078417599, CF order=3
  error tolerance: rtol=0.001, atol=1e-05
Failed: Pure curvefit failed for the first window!
Testing N_win=1290 N_cf=10
Windowing:
  config: # windows=1290, spacing=0.05852339182355446, CF order=10
  error tolerance: rtol=0.001, atol=1e-05
Testing N_win=1290 N_cf=9
Windowing:
  config: # windows=1290, spacing=0.05852339182355446, CF order=9
  error tolerance: rtol=0.001, atol=1e-05
Testing N_win=1290 N_cf=8
Windowing:
  config: # windows=1290, spacing=0.05852339182355446, CF order=8
  error tolerance: rtol=0.001, atol=1e-05
Testing N_win=1290 N_cf=7
Windowing:
  config: # windows=1290, spacing=0.05852339182355446, CF order=7
  error tolerance: rtol=0.001, atol=1e-05
Testing N_win=1290 N_cf=6
Windowing:
  config: # windows=1290, spacing=0.05852339182355446, CF order=6
  error tolerance: rtol=0.001, atol=1e-05
Testing N_win=1290 N_cf=5
Windowing:
  config: # windows=1290, spacing=0.05852339182355446, CF order=5
  error tolerance: rtol=0.001, atol=1e-05
Testing N_win=1290 N_cf=4
Windowing:
  config: # windows=1290, spacing=0.05852339182355446, CF order=4
  error tolerance: rtol=0.001, atol=1e-05
Testing N_win=1290 N_cf=3
Windowing:
  config: # windows=1290, spacing=0.05852339182355446, CF order=3
  error tolerance: rtol=0.001, atol=1e-05
Failed: Pure curvefit failed for the first window!
Testing N_win=1392 N_cf=10
Windowing:
  config: # windows=1392, spacing=0.05423503983648366, CF order=10
  error tolerance: rtol=0.001, atol=1e-05
Testing N_win=1392 N_cf=9
Windowing:
  config: # windows=1392, spacing=0.05423503983648366, CF order=9
  error tolerance: rtol=0.001, atol=1e-05
Testing N_win=1392 N_cf=8
Windowing:
  config: # windows=1392, spacing=0.05423503983648366, CF order=8
  error tolerance: rtol=0.001, atol=1e-05
Testing N_win=1392 N_cf=7
Windowing:
  config: # windows=1392, spacing=0.05423503983648366, CF order=7
  error tolerance: rtol=0.001, atol=1e-05
Testing N_win=1392 N_cf=6
Windowing:
  config: # windows=1392, spacing=0.05423503983648366, CF order=6
  error tolerance: rtol=0.001, atol=1e-05
Testing N_win=1392 N_cf=5
Windowing:
  config: # windows=1392, spacing=0.05423503983648366, CF order=5
  error tolerance: rtol=0.001, atol=1e-05
Testing N_win=1392 N_cf=4
Windowing:
  config: # windows=1392, spacing=0.05423503983648366, CF order=4
  error tolerance: rtol=0.001, atol=1e-05
Testing N_win=1392 N_cf=3
Windowing:
  config: # windows=1392, spacing=0.05423503983648366, CF order=3
  error tolerance: rtol=0.001, atol=1e-05
Failed: Pure curvefit failed for the first window!
Testing N_win=1493 N_cf=10
Windowing:
  config: # windows=1493, spacing=0.05056609206455811, CF order=10
  error tolerance: rtol=0.001, atol=1e-05
Testing N_win=1493 N_cf=9
Windowing:
  config: # windows=1493, spacing=0.05056609206455811, CF order=9
  error tolerance: rtol=0.001, atol=1e-05
Testing N_win=1493 N_cf=8
Windowing:
  config: # windows=1493, spacing=0.05056609206455811, CF order=8
  error tolerance: rtol=0.001, atol=1e-05
Testing N_win=1493 N_cf=7
Windowing:
  config: # windows=1493, spacing=0.05056609206455811, CF order=7
  error tolerance: rtol=0.001, atol=1e-05
Testing N_win=1493 N_cf=6
Windowing:
  config: # windows=1493, spacing=0.05056609206455811, CF order=6
  error tolerance: rtol=0.001, atol=1e-05
Testing N_win=1493 N_cf=5
Windowing:
  config: # windows=1493, spacing=0.05056609206455811, CF order=5
  error tolerance: rtol=0.001, atol=1e-05
Testing N_win=1493 N_cf=4
Windowing:
  config: # windows=1493, spacing=0.05056609206455811, CF order=4
  error tolerance: rtol=0.001, atol=1e-05
Testing N_win=1493 N_cf=3
Windowing:
  config: # windows=1493, spacing=0.05056609206455811, CF order=3
  error tolerance: rtol=0.001, atol=1e-05
Failed: Pure curvefit failed for the first window!
Testing N_win=1594 N_cf=10
Windowing:
  config: # windows=1594, spacing=0.047362092504633156, CF order=10
  error tolerance: rtol=0.001, atol=1e-05
Testing N_win=1594 N_cf=9
Windowing:
  config: # windows=1594, spacing=0.047362092504633156, CF order=9
  error tolerance: rtol=0.001, atol=1e-05
Testing N_win=1594 N_cf=8
Windowing:
  config: # windows=1594, spacing=0.047362092504633156, CF order=8
  error tolerance: rtol=0.001, atol=1e-05
Testing N_win=1594 N_cf=7
Windowing:
  config: # windows=1594, spacing=0.047362092504633156, CF order=7
  error tolerance: rtol=0.001, atol=1e-05
Testing N_win=1594 N_cf=6
Windowing:
  config: # windows=1594, spacing=0.047362092504633156, CF order=6
  error tolerance: rtol=0.001, atol=1e-05
Testing N_win=1594 N_cf=5
Windowing:
  config: # windows=1594, spacing=0.047362092504633156, CF order=5
  error tolerance: rtol=0.001, atol=1e-05
Testing N_win=1594 N_cf=4
Windowing:
  config: # windows=1594, spacing=0.047362092504633156, CF order=4
  error tolerance: rtol=0.001, atol=1e-05
Testing N_win=1594 N_cf=3
Windowing:
  config: # windows=1594, spacing=0.047362092504633156, CF order=3
  error tolerance: rtol=0.001, atol=1e-05
Failed: Pure curvefit failed for the first window!
Testing N_win=1696 N_cf=10
Windowing:
  config: # windows=1696, spacing=0.04451366477145357, CF order=10
  error tolerance: rtol=0.001, atol=1e-05
Testing N_win=1696 N_cf=9
Windowing:
  config: # windows=1696, spacing=0.04451366477145357, CF order=9
  error tolerance: rtol=0.001, atol=1e-05
Testing N_win=1696 N_cf=8
Windowing:
  config: # windows=1696, spacing=0.04451366477145357, CF order=8
  error tolerance: rtol=0.001, atol=1e-05
Testing N_win=1696 N_cf=7
Windowing:
  config: # windows=1696, spacing=0.04451366477145357, CF order=7
  error tolerance: rtol=0.001, atol=1e-05
Testing N_win=1696 N_cf=6
Windowing:
  config: # windows=1696, spacing=0.04451366477145357, CF order=6
  error tolerance: rtol=0.001, atol=1e-05
Testing N_win=1696 N_cf=5
Windowing:
  config: # windows=1696, spacing=0.04451366477145357, CF order=5
  error tolerance: rtol=0.001, atol=1e-05
Testing N_win=1696 N_cf=4
Windowing:
  config: # windows=1696, spacing=0.04451366477145357, CF order=4
  error tolerance: rtol=0.001, atol=1e-05
Testing N_win=1696 N_cf=3
Windowing:
  config: # windows=1696, spacing=0.04451366477145357, CF order=3
  error tolerance: rtol=0.001, atol=1e-05
Failed: Pure curvefit failed for the first window!
Testing N_win=1797 N_cf=10
Windowing:
  config: # windows=1797, spacing=0.04201178377984711, CF order=10
  error tolerance: rtol=0.001, atol=1e-05
Testing N_win=1797 N_cf=9
Windowing:
  config: # windows=1797, spacing=0.04201178377984711, CF order=9
  error tolerance: rtol=0.001, atol=1e-05
Testing N_win=1797 N_cf=8
Windowing:
  config: # windows=1797, spacing=0.04201178377984711, CF order=8
  error tolerance: rtol=0.001, atol=1e-05
Testing N_win=1797 N_cf=7
Windowing:
  config: # windows=1797, spacing=0.04201178377984711, CF order=7
  error tolerance: rtol=0.001, atol=1e-05
Testing N_win=1797 N_cf=6
Windowing:
  config: # windows=1797, spacing=0.04201178377984711, CF order=6
  error tolerance: rtol=0.001, atol=1e-05
Testing N_win=1797 N_cf=5
Windowing:
  config: # windows=1797, spacing=0.04201178377984711, CF order=5
  error tolerance: rtol=0.001, atol=1e-05
Testing N_win=1797 N_cf=4
Windowing:
  config: # windows=1797, spacing=0.04201178377984711, CF order=4
  error tolerance: rtol=0.001, atol=1e-05
Testing N_win=1797 N_cf=3
Windowing:
  config: # windows=1797, spacing=0.04201178377984711, CF order=3
  error tolerance: rtol=0.001, atol=1e-05
Failed: Pure curvefit failed for the first window!
Testing N_win=1898 N_cf=10
Windowing:
  config: # windows=1898, spacing=0.03977617252496589, CF order=10
  error tolerance: rtol=0.001, atol=1e-05
Testing N_win=1898 N_cf=9
Windowing:
  config: # windows=1898, spacing=0.03977617252496589, CF order=9
  error tolerance: rtol=0.001, atol=1e-05
Testing N_win=1898 N_cf=8
Windowing:
  config: # windows=1898, spacing=0.03977617252496589, CF order=8
  error tolerance: rtol=0.001, atol=1e-05
Testing N_win=1898 N_cf=7
Windowing:
  config: # windows=1898, spacing=0.03977617252496589, CF order=7
  error tolerance: rtol=0.001, atol=1e-05
Testing N_win=1898 N_cf=6
Windowing:
  config: # windows=1898, spacing=0.03977617252496589, CF order=6
  error tolerance: rtol=0.001, atol=1e-05
Testing N_win=1898 N_cf=5
Windowing:
  config: # windows=1898, spacing=0.03977617252496589, CF order=5
  error tolerance: rtol=0.001, atol=1e-05
Testing N_win=1898 N_cf=4
Windowing:
  config: # windows=1898, spacing=0.03977617252496589, CF order=4
  error tolerance: rtol=0.001, atol=1e-05
Testing N_win=1898 N_cf=3
Windowing:
  config: # windows=1898, spacing=0.03977617252496589, CF order=3
  error tolerance: rtol=0.001, atol=1e-05
Failed: Pure curvefit failed for the first window!
Testing N_win=2000 N_cf=10
Windowing:
  config: # windows=2000, spacing=0.037747587726192626, CF order=10
  error tolerance: rtol=0.001, atol=1e-05
Testing N_win=2000 N_cf=9
Windowing:
  config: # windows=2000, spacing=0.037747587726192626, CF order=9
  error tolerance: rtol=0.001, atol=1e-05
Testing N_win=2000 N_cf=8
Windowing:
  config: # windows=2000, spacing=0.037747587726192626, CF order=8
  error tolerance: rtol=0.001, atol=1e-05
Testing N_win=2000 N_cf=7
Windowing:
  config: # windows=2000, spacing=0.037747587726192626, CF order=7
  error tolerance: rtol=0.001, atol=1e-05
Testing N_win=2000 N_cf=6
Windowing:
  config: # windows=2000, spacing=0.037747587726192626, CF order=6
  error tolerance: rtol=0.001, atol=1e-05
Testing N_win=2000 N_cf=5
Windowing:
  config: # windows=2000, spacing=0.037747587726192626, CF order=5
  error tolerance: rtol=0.001, atol=1e-05
Testing N_win=2000 N_cf=4
Windowing:
  config: # windows=2000, spacing=0.037747587726192626, CF order=4
  error tolerance: rtol=0.001, atol=1e-05
Testing N_win=2000 N_cf=3
Windowing:
  config: # windows=2000, spacing=0.037747587726192626, CF order=3
  error tolerance: rtol=0.001, atol=1e-05
Failed: Pure curvefit failed for the first window!
Final library: 1223 poles, 1189 windows, 8 poles per window, 4 CF order
