Running NJOY to get 0K point-wise data (error=0.0005)...
Parsing cross sections within resolved resonance range...
  MTs: [2, 27, 102, 103, 107]
  Energy range: 1.000e-05 to 9.800e+01 eV (18916 points)
Vector fitting piece 1/9...
  energy: 1.000e-05 to 1.612e+00 eV (679 points)
  error tolerance: rtol=0.001, atol=1e-05
Found 0 peaks
Fitting orders from 2 to 200
Order=2(0/100)
Order=4(1/100)
Order=6(2/100)
Order=8(3/100)
Order=10(4/100)
Order=12(5/100)
Order=14(6/100)
Order=16(7/100)
Order=18(8/100)
Order=20(9/100)
Order=22(10/100)
Order=24(11/100)
Order=26(12/100)
Order=28(13/100)
Order=30(14/100)
Order=32(15/100)
Order=34(16/100)
Order=36(17/100)
Order=38(18/100)
Order=40(19/100)
Order=42(20/100)
Order=44(21/100)
Order=46(22/100)
Order=48(23/100)
Order=50(24/100)
Order=52(25/100)
Order=54(26/100)
Order=56(27/100)
Order=58(28/100)
Order=60(29/100)
Found 4 real poles and 28 conjugate complex pairs.
Final number of poles: 32
Saved figure: WMP_Lib/Eu153/0-2_MT2.png
Saved figure: WMP_Lib/Eu153/0-2_MT27.png
Saved figure: WMP_Lib/Eu153/0-2_MT102.png
Saved figure: WMP_Lib/Eu153/0-2_MT107.png
Vector fitting piece 2/9...
  energy: 1.499e-01 to 5.625e+00 eV (1324 points)
  error tolerance: rtol=0.001, atol=1e-05
Found 5 peaks
Fitting orders from 10 to 200
Order=10(0/96)
Order=12(1/96)
Order=14(2/96)
Order=16(3/96)
Order=18(4/96)
Order=20(5/96)
Order=22(6/96)
Order=24(7/96)
Order=26(8/96)
Order=28(9/96)
Order=30(10/96)
Order=32(11/96)
Order=34(12/96)
Order=36(13/96)
Order=38(14/96)
Order=40(15/96)
Order=42(16/96)
Order=44(17/96)
Order=46(18/96)
Order=48(19/96)
Order=50(20/96)
Order=52(21/96)
Order=54(22/96)
Order=56(23/96)
Order=58(24/96)
Order=60(25/96)
Order=62(26/96)
Order=64(27/96)
Order=66(28/96)
Order=68(29/96)
Order=70(30/96)
Order=72(31/96)
Order=74(32/96)
Order=76(33/96)
Order=78(34/96)
Order=80(35/96)
Order=82(36/96)
Order=84(37/96)
Order=86(38/96)
Order=88(39/96)
Order=90(40/96)
Found 2 real poles and 46 conjugate complex pairs.
Final number of poles: 48
Saved figure: WMP_Lib/Eu153/0-6_MT2.png
Saved figure: WMP_Lib/Eu153/0-6_MT27.png
Saved figure: WMP_Lib/Eu153/0-6_MT102.png
Saved figure: WMP_Lib/Eu153/0-6_MT107.png
Vector fitting piece 3/9...
  energy: 2.209e+00 to 1.203e+01 eV (1931 points)
  error tolerance: rtol=0.001, atol=1e-05
Found 7 peaks
Fitting orders from 14 to 200
Order=14(0/94)
Order=16(1/94)
Order=18(2/94)
Order=20(3/94)
Order=22(4/94)
Order=24(5/94)
Order=26(6/94)
Order=28(7/94)
Order=30(8/94)
Order=32(9/94)
Order=34(10/94)
Order=36(11/94)
Order=38(12/94)
Order=40(13/94)
Order=42(14/94)
Order=44(15/94)
Order=46(16/94)
Order=48(17/94)
Order=50(18/94)
Order=52(19/94)
Order=54(20/94)
Order=56(21/94)
Order=58(22/94)
Order=60(23/94)
Found 1 real poles and 32 conjugate complex pairs.
Final number of poles: 33
Saved figure: WMP_Lib/Eu153/2-12_MT2.png
Saved figure: WMP_Lib/Eu153/2-12_MT27.png
Saved figure: WMP_Lib/Eu153/2-12_MT102.png
Saved figure: WMP_Lib/Eu153/2-12_MT107.png
Vector fitting piece 4/9...
  energy: 6.692e+00 to 2.089e+01 eV (2653 points)
  error tolerance: rtol=0.001, atol=1e-05
Found 11 peaks
Fitting orders from 22 to 200
Order=22(0/90)
Order=24(1/90)
Order=26(2/90)
Order=28(3/90)
Order=30(4/90)
Order=32(5/90)
Order=34(6/90)
Order=36(7/90)
Order=38(8/90)
Order=40(9/90)
Order=42(10/90)
Order=44(11/90)
Order=46(12/90)
Order=48(13/90)
Order=50(14/90)
Order=52(15/90)
Order=54(16/90)
Order=56(17/90)
Order=58(18/90)
Order=60(19/90)
Order=62(20/90)
Order=64(21/90)
Order=66(22/90)
Found ideal results. Stop!
Found 3 real poles and 35 conjugate complex pairs.
Final number of poles: 38
Saved figure: WMP_Lib/Eu153/7-21_MT2.png
Saved figure: WMP_Lib/Eu153/7-21_MT27.png
Saved figure: WMP_Lib/Eu153/7-21_MT102.png
Saved figure: WMP_Lib/Eu153/7-21_MT107.png
Vector fitting piece 5/9...
  energy: 1.358e+01 to 3.212e+01 eV (3371 points)
  error tolerance: rtol=0.001, atol=1e-05
Found 13 peaks
Fitting orders from 26 to 200
Order=26(0/88)
Order=28(1/88)
Order=30(2/88)
Order=32(3/88)
Order=34(4/88)
Order=36(5/88)
Order=38(6/88)
Order=40(7/88)
Order=42(8/88)
Order=44(9/88)
Order=46(10/88)
Order=48(11/88)
Order=50(12/88)
Order=52(13/88)
Order=54(14/88)
Order=56(15/88)
Order=58(16/88)
Order=60(17/88)
Order=62(18/88)
Order=64(19/88)
Order=66(20/88)
Order=68(21/88)
Found 4 real poles and 29 conjugate complex pairs.
Final number of poles: 33
Saved figure: WMP_Lib/Eu153/14-32_MT2.png
Saved figure: WMP_Lib/Eu153/14-32_MT27.png
Saved figure: WMP_Lib/Eu153/14-32_MT102.png
Saved figure: WMP_Lib/Eu153/14-32_MT107.png
Vector fitting piece 6/9...
  energy: 2.290e+01 to 4.578e+01 eV (4200 points)
  error tolerance: rtol=0.001, atol=1e-05
Found 14 peaks
Fitting orders from 28 to 200
Order=28(0/87)
Order=30(1/87)
Order=32(2/87)
Order=34(3/87)
Order=36(4/87)
Order=38(5/87)
Order=40(6/87)
Order=42(7/87)
Order=44(8/87)
Order=46(9/87)
Order=48(10/87)
Order=50(11/87)
Order=52(12/87)
Found ideal results. Stop!
Found 5 real poles and 25 conjugate complex pairs.
Final number of poles: 30
Saved figure: WMP_Lib/Eu153/23-46_MT2.png
Saved figure: WMP_Lib/Eu153/23-46_MT27.png
Saved figure: WMP_Lib/Eu153/23-46_MT102.png
Saved figure: WMP_Lib/Eu153/23-46_MT107.png
Vector fitting piece 7/9...
  energy: 3.464e+01 to 6.189e+01 eV (5506 points)
  error tolerance: rtol=0.001, atol=1e-05
Found 22 peaks
Fitting orders from 44 to 200
Order=44(0/79)
Order=46(1/79)
Order=48(2/79)
Order=50(3/79)
Order=52(4/79)
Order=54(5/79)
Order=56(6/79)
Order=58(7/79)
Order=60(8/79)
Order=62(9/79)
Order=64(10/79)
Order=66(11/79)
Order=68(12/79)
Order=70(13/79)
Order=72(14/79)
Order=74(15/79)
Order=76(16/79)
Order=78(17/79)
Order=80(18/79)
Found 4 real poles and 34 conjugate complex pairs.
Final number of poles: 38
Saved figure: WMP_Lib/Eu153/35-62_MT2.png
Saved figure: WMP_Lib/Eu153/35-62_MT27.png
Saved figure: WMP_Lib/Eu153/35-62_MT102.png
Saved figure: WMP_Lib/Eu153/35-62_MT107.png
Vector fitting piece 8/9...
  energy: 4.878e+01 to 8.038e+01 eV (5623 points)
  error tolerance: rtol=0.001, atol=1e-05
Found 23 peaks
Fitting orders from 46 to 200
Order=46(0/78)
Order=48(1/78)
Order=50(2/78)
Order=52(3/78)
Order=54(4/78)
Order=56(5/78)
Order=58(6/78)
Order=60(7/78)
Order=62(8/78)
Order=64(9/78)
Order=66(10/78)
Order=68(11/78)
Order=70(12/78)
Order=72(13/78)
Order=74(14/78)
Order=76(15/78)
Order=78(16/78)
Found 5 real poles and 33 conjugate complex pairs.
Final number of poles: 38
Saved figure: WMP_Lib/Eu153/49-80_MT2.png
Saved figure: WMP_Lib/Eu153/49-80_MT27.png
Saved figure: WMP_Lib/Eu153/49-80_MT102.png
Saved figure: WMP_Lib/Eu153/49-80_MT107.png
Vector fitting piece 9/9...
  energy: 6.535e+01 to 9.800e+01 eV (5734 points)
  error tolerance: rtol=0.001, atol=1e-05
Found 21 peaks
Fitting orders from 42 to 200
Order=42(0/80)
Order=44(1/80)
Order=46(2/80)
Order=48(3/80)
Order=50(4/80)
Order=52(5/80)
Order=54(6/80)
Order=56(7/80)
Order=58(8/80)
Order=60(9/80)
Order=62(10/80)
Order=64(11/80)
Order=66(12/80)
Order=68(13/80)
Order=70(14/80)
Order=72(15/80)
Found 3 real poles and 32 conjugate complex pairs.
Final number of poles: 35
Saved figure: WMP_Lib/Eu153/65-98_MT2.png
Saved figure: WMP_Lib/Eu153/65-98_MT27.png
Saved figure: WMP_Lib/Eu153/65-98_MT102.png
Saved figure: WMP_Lib/Eu153/65-98_MT107.png
Dumped multipole data to file: WMP_Lib/Eu153/Eu153_mp.pickle
Start searching ...
Testing N_win=16 N_cf=10
Windowing:
  config: # windows=16, spacing=0.6185207596172008, CF order=10
  error tolerance: rtol=0.001, atol=1e-05
Best library so far.
Testing N_win=16 N_cf=9
Windowing:
  config: # windows=16, spacing=0.6185207596172008, CF order=9
  error tolerance: rtol=0.001, atol=1e-05
Testing N_win=16 N_cf=8
Windowing:
  config: # windows=16, spacing=0.6185207596172008, CF order=8
  error tolerance: rtol=0.001, atol=1e-05
Testing N_win=16 N_cf=7
Windowing:
  config: # windows=16, spacing=0.6185207596172008, CF order=7
  error tolerance: rtol=0.001, atol=1e-05
Testing N_win=16 N_cf=6
Windowing:
  config: # windows=16, spacing=0.6185207596172008, CF order=6
  error tolerance: rtol=0.001, atol=1e-05
Testing N_win=16 N_cf=5
Windowing:
  config: # windows=16, spacing=0.6185207596172008, CF order=5
  error tolerance: rtol=0.001, atol=1e-05
Failed: Pure curvefit failed for the first window!
Testing N_win=120 N_cf=10
Windowing:
  config: # windows=120, spacing=0.08246943461562677, CF order=10
  error tolerance: rtol=0.001, atol=1e-05
Best library so far.
Testing N_win=120 N_cf=9
Windowing:
  config: # windows=120, spacing=0.08246943461562677, CF order=9
  error tolerance: rtol=0.001, atol=1e-05
Best library so far.
Testing N_win=120 N_cf=8
Windowing:
  config: # windows=120, spacing=0.08246943461562677, CF order=8
  error tolerance: rtol=0.001, atol=1e-05
Best library so far.
Testing N_win=120 N_cf=7
Windowing:
  config: # windows=120, spacing=0.08246943461562677, CF order=7
  error tolerance: rtol=0.001, atol=1e-05
Best library so far.
Testing N_win=120 N_cf=6
Windowing:
  config: # windows=120, spacing=0.08246943461562677, CF order=6
  error tolerance: rtol=0.001, atol=1e-05
Testing N_win=120 N_cf=5
Windowing:
  config: # windows=120, spacing=0.08246943461562677, CF order=5
  error tolerance: rtol=0.001, atol=1e-05
Testing N_win=120 N_cf=4
Windowing:
  config: # windows=120, spacing=0.08246943461562677, CF order=4
  error tolerance: rtol=0.001, atol=1e-05
Testing N_win=120 N_cf=3
Windowing:
  config: # windows=120, spacing=0.08246943461562677, CF order=3
  error tolerance: rtol=0.001, atol=1e-05
Failed: Pure curvefit failed for the first window!
Testing N_win=224 N_cf=10
Windowing:
  config: # windows=224, spacing=0.04418005425837148, CF order=10
  error tolerance: rtol=0.001, atol=1e-05
Best library so far.
Testing N_win=224 N_cf=9
Windowing:
  config: # windows=224, spacing=0.04418005425837148, CF order=9
  error tolerance: rtol=0.001, atol=1e-05
Best library so far.
Testing N_win=224 N_cf=8
Windowing:
  config: # windows=224, spacing=0.04418005425837148, CF order=8
  error tolerance: rtol=0.001, atol=1e-05
Best library so far.
Testing N_win=224 N_cf=7
Windowing:
  config: # windows=224, spacing=0.04418005425837148, CF order=7
  error tolerance: rtol=0.001, atol=1e-05
Testing N_win=224 N_cf=6
Windowing:
  config: # windows=224, spacing=0.04418005425837148, CF order=6
  error tolerance: rtol=0.001, atol=1e-05
Best library so far.
Testing N_win=224 N_cf=5
Windowing:
  config: # windows=224, spacing=0.04418005425837148, CF order=5
  error tolerance: rtol=0.001, atol=1e-05
Testing N_win=224 N_cf=4
Windowing:
  config: # windows=224, spacing=0.04418005425837148, CF order=4
  error tolerance: rtol=0.001, atol=1e-05
Testing N_win=224 N_cf=3
Windowing:
  config: # windows=224, spacing=0.04418005425837148, CF order=3
  error tolerance: rtol=0.001, atol=1e-05
Failed: Pure curvefit failed for the first window!
Testing N_win=329 N_cf=10
Windowing:
  config: # windows=329, spacing=0.030080036941869948, CF order=10
  error tolerance: rtol=0.001, atol=1e-05
Testing N_win=329 N_cf=9
Windowing:
  config: # windows=329, spacing=0.030080036941869948, CF order=9
  error tolerance: rtol=0.001, atol=1e-05
Best library so far.
Testing N_win=329 N_cf=8
Windowing:
  config: # windows=329, spacing=0.030080036941869948, CF order=8
  error tolerance: rtol=0.001, atol=1e-05
Best library so far.
Testing N_win=329 N_cf=7
Windowing:
  config: # windows=329, spacing=0.030080036941869948, CF order=7
  error tolerance: rtol=0.001, atol=1e-05
Best library so far.
Testing N_win=329 N_cf=6
Windowing:
  config: # windows=329, spacing=0.030080036941869948, CF order=6
  error tolerance: rtol=0.001, atol=1e-05
Testing N_win=329 N_cf=5
Windowing:
  config: # windows=329, spacing=0.030080036941869948, CF order=5
  error tolerance: rtol=0.001, atol=1e-05
Testing N_win=329 N_cf=4
Windowing:
  config: # windows=329, spacing=0.030080036941869948, CF order=4
  error tolerance: rtol=0.001, atol=1e-05
Testing N_win=329 N_cf=3
Windowing:
  config: # windows=329, spacing=0.030080036941869948, CF order=3
  error tolerance: rtol=0.001, atol=1e-05
Failed: Pure curvefit failed for the first window!
Testing N_win=433 N_cf=10
Windowing:
  config: # windows=433, spacing=0.0228552705632222, CF order=10
  error tolerance: rtol=0.001, atol=1e-05
Testing N_win=433 N_cf=9
Windowing:
  config: # windows=433, spacing=0.0228552705632222, CF order=9
  error tolerance: rtol=0.001, atol=1e-05
Testing N_win=433 N_cf=8
Windowing:
  config: # windows=433, spacing=0.0228552705632222, CF order=8
  error tolerance: rtol=0.001, atol=1e-05
Testing N_win=433 N_cf=7
Windowing:
  config: # windows=433, spacing=0.0228552705632222, CF order=7
  error tolerance: rtol=0.001, atol=1e-05
Testing N_win=433 N_cf=6
Windowing:
  config: # windows=433, spacing=0.0228552705632222, CF order=6
  error tolerance: rtol=0.001, atol=1e-05
Testing N_win=433 N_cf=5
Windowing:
  config: # windows=433, spacing=0.0228552705632222, CF order=5
  error tolerance: rtol=0.001, atol=1e-05
Testing N_win=433 N_cf=4
Windowing:
  config: # windows=433, spacing=0.0228552705632222, CF order=4
  error tolerance: rtol=0.001, atol=1e-05
Testing N_win=433 N_cf=3
Windowing:
  config: # windows=433, spacing=0.0228552705632222, CF order=3
  error tolerance: rtol=0.001, atol=1e-05
Failed: Pure curvefit failed for the first window!
Testing N_win=538 N_cf=10
Windowing:
  config: # windows=538, spacing=0.01839466943099482, CF order=10
  error tolerance: rtol=0.001, atol=1e-05
Testing N_win=538 N_cf=9
Windowing:
  config: # windows=538, spacing=0.01839466943099482, CF order=9
  error tolerance: rtol=0.001, atol=1e-05
Testing N_win=538 N_cf=8
Windowing:
  config: # windows=538, spacing=0.01839466943099482, CF order=8
  error tolerance: rtol=0.001, atol=1e-05
Testing N_win=538 N_cf=7
Windowing:
  config: # windows=538, spacing=0.01839466943099482, CF order=7
  error tolerance: rtol=0.001, atol=1e-05
Testing N_win=538 N_cf=6
Windowing:
  config: # windows=538, spacing=0.01839466943099482, CF order=6
  error tolerance: rtol=0.001, atol=1e-05
Testing N_win=538 N_cf=5
Windowing:
  config: # windows=538, spacing=0.01839466943099482, CF order=5
  error tolerance: rtol=0.001, atol=1e-05
Testing N_win=538 N_cf=4
Windowing:
  config: # windows=538, spacing=0.01839466943099482, CF order=4
  error tolerance: rtol=0.001, atol=1e-05
Testing N_win=538 N_cf=3
Windowing:
  config: # windows=538, spacing=0.01839466943099482, CF order=3
  error tolerance: rtol=0.001, atol=1e-05
Failed: Pure curvefit failed for the first window!
Testing N_win=642 N_cf=10
Windowing:
  config: # windows=642, spacing=0.015414847591705938, CF order=10
  error tolerance: rtol=0.001, atol=1e-05
Testing N_win=642 N_cf=9
Windowing:
  config: # windows=642, spacing=0.015414847591705938, CF order=9
  error tolerance: rtol=0.001, atol=1e-05
Testing N_win=642 N_cf=8
Windowing:
  config: # windows=642, spacing=0.015414847591705938, CF order=8
  error tolerance: rtol=0.001, atol=1e-05
Testing N_win=642 N_cf=7
Windowing:
  config: # windows=642, spacing=0.015414847591705938, CF order=7
  error tolerance: rtol=0.001, atol=1e-05
Testing N_win=642 N_cf=6
Windowing:
  config: # windows=642, spacing=0.015414847591705938, CF order=6
  error tolerance: rtol=0.001, atol=1e-05
Testing N_win=642 N_cf=5
Windowing:
  config: # windows=642, spacing=0.015414847591705938, CF order=5
  error tolerance: rtol=0.001, atol=1e-05
Testing N_win=642 N_cf=4
Windowing:
  config: # windows=642, spacing=0.015414847591705938, CF order=4
  error tolerance: rtol=0.001, atol=1e-05
Testing N_win=642 N_cf=3
Windowing:
  config: # windows=642, spacing=0.015414847591705938, CF order=3
  error tolerance: rtol=0.001, atol=1e-05
Failed: Pure curvefit failed for the first window!
Testing N_win=746 N_cf=10
Windowing:
  config: # windows=746, spacing=0.013265860796079373, CF order=10
  error tolerance: rtol=0.001, atol=1e-05
Testing N_win=746 N_cf=9
Windowing:
  config: # windows=746, spacing=0.013265860796079373, CF order=9
  error tolerance: rtol=0.001, atol=1e-05
Testing N_win=746 N_cf=8
Windowing:
  config: # windows=746, spacing=0.013265860796079373, CF order=8
  error tolerance: rtol=0.001, atol=1e-05
Testing N_win=746 N_cf=7
Windowing:
  config: # windows=746, spacing=0.013265860796079373, CF order=7
  error tolerance: rtol=0.001, atol=1e-05
Testing N_win=746 N_cf=6
Windowing:
  config: # windows=746, spacing=0.013265860796079373, CF order=6
  error tolerance: rtol=0.001, atol=1e-05
Testing N_win=746 N_cf=5
Windowing:
  config: # windows=746, spacing=0.013265860796079373, CF order=5
  error tolerance: rtol=0.001, atol=1e-05
Testing N_win=746 N_cf=4
Windowing:
  config: # windows=746, spacing=0.013265860796079373, CF order=4
  error tolerance: rtol=0.001, atol=1e-05
Testing N_win=746 N_cf=3
Windowing:
  config: # windows=746, spacing=0.013265860796079373, CF order=3
  error tolerance: rtol=0.001, atol=1e-05
Failed: Pure curvefit failed for the first window!
Testing N_win=851 N_cf=10
Windowing:
  config: # windows=851, spacing=0.01162906246048791, CF order=10
  error tolerance: rtol=0.001, atol=1e-05
Testing N_win=851 N_cf=9
Windowing:
  config: # windows=851, spacing=0.01162906246048791, CF order=9
  error tolerance: rtol=0.001, atol=1e-05
Testing N_win=851 N_cf=8
Windowing:
  config: # windows=851, spacing=0.01162906246048791, CF order=8
  error tolerance: rtol=0.001, atol=1e-05
Testing N_win=851 N_cf=7
Windowing:
  config: # windows=851, spacing=0.01162906246048791, CF order=7
  error tolerance: rtol=0.001, atol=1e-05
Testing N_win=851 N_cf=6
Windowing:
  config: # windows=851, spacing=0.01162906246048791, CF order=6
  error tolerance: rtol=0.001, atol=1e-05
Testing N_win=851 N_cf=5
Windowing:
  config: # windows=851, spacing=0.01162906246048791, CF order=5
  error tolerance: rtol=0.001, atol=1e-05
Testing N_win=851 N_cf=4
Windowing:
  config: # windows=851, spacing=0.01162906246048791, CF order=4
  error tolerance: rtol=0.001, atol=1e-05
Testing N_win=851 N_cf=3
Windowing:
  config: # windows=851, spacing=0.01162906246048791, CF order=3
  error tolerance: rtol=0.001, atol=1e-05
Failed: Pure curvefit failed for the first window!
Testing N_win=955 N_cf=10
Windowing:
  config: # windows=955, spacing=0.0103626514700264, CF order=10
  error tolerance: rtol=0.001, atol=1e-05
Testing N_win=955 N_cf=9
Windowing:
  config: # windows=955, spacing=0.0103626514700264, CF order=9
  error tolerance: rtol=0.001, atol=1e-05
Testing N_win=955 N_cf=8
Windowing:
  config: # windows=955, spacing=0.0103626514700264, CF order=8
  error tolerance: rtol=0.001, atol=1e-05
Testing N_win=955 N_cf=7
Windowing:
  config: # windows=955, spacing=0.0103626514700264, CF order=7
  error tolerance: rtol=0.001, atol=1e-05
Testing N_win=955 N_cf=6
Windowing:
  config: # windows=955, spacing=0.0103626514700264, CF order=6
  error tolerance: rtol=0.001, atol=1e-05
Testing N_win=955 N_cf=5
Windowing:
  config: # windows=955, spacing=0.0103626514700264, CF order=5
  error tolerance: rtol=0.001, atol=1e-05
Testing N_win=955 N_cf=4
Windowing:
  config: # windows=955, spacing=0.0103626514700264, CF order=4
  error tolerance: rtol=0.001, atol=1e-05
Testing N_win=955 N_cf=3
Windowing:
  config: # windows=955, spacing=0.0103626514700264, CF order=3
  error tolerance: rtol=0.001, atol=1e-05
Failed: Pure curvefit failed for the first window!
Testing N_win=1060 N_cf=10
Windowing:
  config: # windows=1060, spacing=0.009336162409316237, CF order=10
  error tolerance: rtol=0.001, atol=1e-05
Testing N_win=1060 N_cf=9
Windowing:
  config: # windows=1060, spacing=0.009336162409316237, CF order=9
  error tolerance: rtol=0.001, atol=1e-05
Testing N_win=1060 N_cf=8
Windowing:
  config: # windows=1060, spacing=0.009336162409316237, CF order=8
  error tolerance: rtol=0.001, atol=1e-05
Testing N_win=1060 N_cf=7
Windowing:
  config: # windows=1060, spacing=0.009336162409316237, CF order=7
  error tolerance: rtol=0.001, atol=1e-05
Testing N_win=1060 N_cf=6
Windowing:
  config: # windows=1060, spacing=0.009336162409316237, CF order=6
  error tolerance: rtol=0.001, atol=1e-05
Testing N_win=1060 N_cf=5
Windowing:
  config: # windows=1060, spacing=0.009336162409316237, CF order=5
  error tolerance: rtol=0.001, atol=1e-05
Testing N_win=1060 N_cf=4
Windowing:
  config: # windows=1060, spacing=0.009336162409316237, CF order=4
  error tolerance: rtol=0.001, atol=1e-05
Testing N_win=1060 N_cf=3
Windowing:
  config: # windows=1060, spacing=0.009336162409316237, CF order=3
  error tolerance: rtol=0.001, atol=1e-05
Failed: Pure curvefit failed for the first window!
Testing N_win=1164 N_cf=10
Windowing:
  config: # windows=1164, spacing=0.008502003568621316, CF order=10
  error tolerance: rtol=0.001, atol=1e-05
Testing N_win=1164 N_cf=9
Windowing:
  config: # windows=1164, spacing=0.008502003568621316, CF order=9
  error tolerance: rtol=0.001, atol=1e-05
Testing N_win=1164 N_cf=8
Windowing:
  config: # windows=1164, spacing=0.008502003568621316, CF order=8
  error tolerance: rtol=0.001, atol=1e-05
Testing N_win=1164 N_cf=7
Windowing:
  config: # windows=1164, spacing=0.008502003568621316, CF order=7
  error tolerance: rtol=0.001, atol=1e-05
Testing N_win=1164 N_cf=6
Windowing:
  config: # windows=1164, spacing=0.008502003568621316, CF order=6
  error tolerance: rtol=0.001, atol=1e-05
Testing N_win=1164 N_cf=5
Windowing:
  config: # windows=1164, spacing=0.008502003568621316, CF order=5
  error tolerance: rtol=0.001, atol=1e-05
Testing N_win=1164 N_cf=4
Windowing:
  config: # windows=1164, spacing=0.008502003568621316, CF order=4
  error tolerance: rtol=0.001, atol=1e-05
Testing N_win=1164 N_cf=3
Windowing:
  config: # windows=1164, spacing=0.008502003568621316, CF order=3
  error tolerance: rtol=0.001, atol=1e-05
Failed: Pure curvefit failed for the first window!
Testing N_win=1269 N_cf=10
Windowing:
  config: # windows=1269, spacing=0.007798528096040356, CF order=10
  error tolerance: rtol=0.001, atol=1e-05
Testing N_win=1269 N_cf=9
Windowing:
  config: # windows=1269, spacing=0.007798528096040356, CF order=9
  error tolerance: rtol=0.001, atol=1e-05
Testing N_win=1269 N_cf=8
Windowing:
  config: # windows=1269, spacing=0.007798528096040356, CF order=8
  error tolerance: rtol=0.001, atol=1e-05
Testing N_win=1269 N_cf=7
Windowing:
  config: # windows=1269, spacing=0.007798528096040356, CF order=7
  error tolerance: rtol=0.001, atol=1e-05
Testing N_win=1269 N_cf=6
Windowing:
  config: # windows=1269, spacing=0.007798528096040356, CF order=6
  error tolerance: rtol=0.001, atol=1e-05
Testing N_win=1269 N_cf=5
Windowing:
  config: # windows=1269, spacing=0.007798528096040356, CF order=5
  error tolerance: rtol=0.001, atol=1e-05
Testing N_win=1269 N_cf=4
Windowing:
  config: # windows=1269, spacing=0.007798528096040356, CF order=4
  error tolerance: rtol=0.001, atol=1e-05
Testing N_win=1269 N_cf=3
Windowing:
  config: # windows=1269, spacing=0.007798528096040356, CF order=3
  error tolerance: rtol=0.001, atol=1e-05
Failed: Pure curvefit failed for the first window!
Testing N_win=1373 N_cf=10
Windowing:
  config: # windows=1373, spacing=0.007207816572378159, CF order=10
  error tolerance: rtol=0.001, atol=1e-05
Testing N_win=1373 N_cf=9
Windowing:
  config: # windows=1373, spacing=0.007207816572378159, CF order=9
  error tolerance: rtol=0.001, atol=1e-05
Testing N_win=1373 N_cf=8
Windowing:
  config: # windows=1373, spacing=0.007207816572378159, CF order=8
  error tolerance: rtol=0.001, atol=1e-05
Testing N_win=1373 N_cf=7
Windowing:
  config: # windows=1373, spacing=0.007207816572378159, CF order=7
  error tolerance: rtol=0.001, atol=1e-05
Testing N_win=1373 N_cf=6
Windowing:
  config: # windows=1373, spacing=0.007207816572378159, CF order=6
  error tolerance: rtol=0.001, atol=1e-05
Testing N_win=1373 N_cf=5
Windowing:
  config: # windows=1373, spacing=0.007207816572378159, CF order=5
  error tolerance: rtol=0.001, atol=1e-05
Testing N_win=1373 N_cf=4
Windowing:
  config: # windows=1373, spacing=0.007207816572378159, CF order=4
  error tolerance: rtol=0.001, atol=1e-05
Testing N_win=1373 N_cf=3
Windowing:
  config: # windows=1373, spacing=0.007207816572378159, CF order=3
  error tolerance: rtol=0.001, atol=1e-05
Failed: Pure curvefit failed for the first window!
Testing N_win=1477 N_cf=10
Windowing:
  config: # windows=1477, spacing=0.006700292588947334, CF order=10
  error tolerance: rtol=0.001, atol=1e-05
Testing N_win=1477 N_cf=9
Windowing:
  config: # windows=1477, spacing=0.006700292588947334, CF order=9
  error tolerance: rtol=0.001, atol=1e-05
Testing N_win=1477 N_cf=8
Windowing:
  config: # windows=1477, spacing=0.006700292588947334, CF order=8
  error tolerance: rtol=0.001, atol=1e-05
Testing N_win=1477 N_cf=7
Windowing:
  config: # windows=1477, spacing=0.006700292588947334, CF order=7
  error tolerance: rtol=0.001, atol=1e-05
Testing N_win=1477 N_cf=6
Windowing:
  config: # windows=1477, spacing=0.006700292588947334, CF order=6
  error tolerance: rtol=0.001, atol=1e-05
Testing N_win=1477 N_cf=5
Windowing:
  config: # windows=1477, spacing=0.006700292588947334, CF order=5
  error tolerance: rtol=0.001, atol=1e-05
Testing N_win=1477 N_cf=4
Windowing:
  config: # windows=1477, spacing=0.006700292588947334, CF order=4
  error tolerance: rtol=0.001, atol=1e-05
Testing N_win=1477 N_cf=3
Windowing:
  config: # windows=1477, spacing=0.006700292588947334, CF order=3
  error tolerance: rtol=0.001, atol=1e-05
Failed: Pure curvefit failed for the first window!
Testing N_win=1582 N_cf=10
Windowing:
  config: # windows=1582, spacing=0.00625558290384021, CF order=10
  error tolerance: rtol=0.001, atol=1e-05
Testing N_win=1582 N_cf=9
Windowing:
  config: # windows=1582, spacing=0.00625558290384021, CF order=9
  error tolerance: rtol=0.001, atol=1e-05
Testing N_win=1582 N_cf=8
Windowing:
  config: # windows=1582, spacing=0.00625558290384021, CF order=8
  error tolerance: rtol=0.001, atol=1e-05
Testing N_win=1582 N_cf=7
Windowing:
  config: # windows=1582, spacing=0.00625558290384021, CF order=7
  error tolerance: rtol=0.001, atol=1e-05
Testing N_win=1582 N_cf=6
Windowing:
  config: # windows=1582, spacing=0.00625558290384021, CF order=6
  error tolerance: rtol=0.001, atol=1e-05
Testing N_win=1582 N_cf=5
Windowing:
  config: # windows=1582, spacing=0.00625558290384021, CF order=5
  error tolerance: rtol=0.001, atol=1e-05
Testing N_win=1582 N_cf=4
Windowing:
  config: # windows=1582, spacing=0.00625558290384021, CF order=4
  error tolerance: rtol=0.001, atol=1e-05
Testing N_win=1582 N_cf=3
Windowing:
  config: # windows=1582, spacing=0.00625558290384021, CF order=3
  error tolerance: rtol=0.001, atol=1e-05
Failed: Pure curvefit failed for the first window!
Testing N_win=1686 N_cf=10
Windowing:
  config: # windows=1686, spacing=0.005869710648799058, CF order=10
  error tolerance: rtol=0.001, atol=1e-05
Testing N_win=1686 N_cf=9
Windowing:
  config: # windows=1686, spacing=0.005869710648799058, CF order=9
  error tolerance: rtol=0.001, atol=1e-05
Testing N_win=1686 N_cf=8
Windowing:
  config: # windows=1686, spacing=0.005869710648799058, CF order=8
  error tolerance: rtol=0.001, atol=1e-05
Testing N_win=1686 N_cf=7
Windowing:
  config: # windows=1686, spacing=0.005869710648799058, CF order=7
  error tolerance: rtol=0.001, atol=1e-05
Testing N_win=1686 N_cf=6
Windowing:
  config: # windows=1686, spacing=0.005869710648799058, CF order=6
  error tolerance: rtol=0.001, atol=1e-05
Testing N_win=1686 N_cf=5
Windowing:
  config: # windows=1686, spacing=0.005869710648799058, CF order=5
  error tolerance: rtol=0.001, atol=1e-05
Testing N_win=1686 N_cf=4
Windowing:
  config: # windows=1686, spacing=0.005869710648799058, CF order=4
  error tolerance: rtol=0.001, atol=1e-05
Testing N_win=1686 N_cf=3
Windowing:
  config: # windows=1686, spacing=0.005869710648799058, CF order=3
  error tolerance: rtol=0.001, atol=1e-05
Failed: Pure curvefit failed for the first window!
Testing N_win=1791 N_cf=10
Windowing:
  config: # windows=1791, spacing=0.005525590259003468, CF order=10
  error tolerance: rtol=0.001, atol=1e-05
Testing N_win=1791 N_cf=9
Windowing:
  config: # windows=1791, spacing=0.005525590259003468, CF order=9
  error tolerance: rtol=0.001, atol=1e-05
Testing N_win=1791 N_cf=8
Windowing:
  config: # windows=1791, spacing=0.005525590259003468, CF order=8
  error tolerance: rtol=0.001, atol=1e-05
Testing N_win=1791 N_cf=7
Windowing:
  config: # windows=1791, spacing=0.005525590259003468, CF order=7
  error tolerance: rtol=0.001, atol=1e-05
Testing N_win=1791 N_cf=6
Windowing:
  config: # windows=1791, spacing=0.005525590259003468, CF order=6
  error tolerance: rtol=0.001, atol=1e-05
Testing N_win=1791 N_cf=5
Windowing:
  config: # windows=1791, spacing=0.005525590259003468, CF order=5
  error tolerance: rtol=0.001, atol=1e-05
Testing N_win=1791 N_cf=4
Windowing:
  config: # windows=1791, spacing=0.005525590259003468, CF order=4
  error tolerance: rtol=0.001, atol=1e-05
Testing N_win=1791 N_cf=3
Windowing:
  config: # windows=1791, spacing=0.005525590259003468, CF order=3
  error tolerance: rtol=0.001, atol=1e-05
Failed: Pure curvefit failed for the first window!
Testing N_win=1895 N_cf=10
Windowing:
  config: # windows=1895, spacing=0.005222338867480323, CF order=10
  error tolerance: rtol=0.001, atol=1e-05
Testing N_win=1895 N_cf=9
Windowing:
  config: # windows=1895, spacing=0.005222338867480323, CF order=9
  error tolerance: rtol=0.001, atol=1e-05
Testing N_win=1895 N_cf=8
Windowing:
  config: # windows=1895, spacing=0.005222338867480323, CF order=8
  error tolerance: rtol=0.001, atol=1e-05
Testing N_win=1895 N_cf=7
Windowing:
  config: # windows=1895, spacing=0.005222338867480323, CF order=7
  error tolerance: rtol=0.001, atol=1e-05
Testing N_win=1895 N_cf=6
Windowing:
  config: # windows=1895, spacing=0.005222338867480323, CF order=6
  error tolerance: rtol=0.001, atol=1e-05
Testing N_win=1895 N_cf=5
Windowing:
  config: # windows=1895, spacing=0.005222338867480323, CF order=5
  error tolerance: rtol=0.001, atol=1e-05
Testing N_win=1895 N_cf=4
Windowing:
  config: # windows=1895, spacing=0.005222338867480323, CF order=4
  error tolerance: rtol=0.001, atol=1e-05
Testing N_win=1895 N_cf=3
Windowing:
  config: # windows=1895, spacing=0.005222338867480323, CF order=3
  error tolerance: rtol=0.001, atol=1e-05
Failed: Pure curvefit failed for the first window!
Testing N_win=2000 N_cf=10
Windowing:
  config: # windows=2000, spacing=0.004948166076937606, CF order=10
  error tolerance: rtol=0.001, atol=1e-05
Testing N_win=2000 N_cf=9
Windowing:
  config: # windows=2000, spacing=0.004948166076937606, CF order=9
  error tolerance: rtol=0.001, atol=1e-05
Testing N_win=2000 N_cf=8
Windowing:
  config: # windows=2000, spacing=0.004948166076937606, CF order=8
  error tolerance: rtol=0.001, atol=1e-05
Testing N_win=2000 N_cf=7
Windowing:
  config: # windows=2000, spacing=0.004948166076937606, CF order=7
  error tolerance: rtol=0.001, atol=1e-05
Testing N_win=2000 N_cf=6
Windowing:
  config: # windows=2000, spacing=0.004948166076937606, CF order=6
  error tolerance: rtol=0.001, atol=1e-05
Testing N_win=2000 N_cf=5
Windowing:
  config: # windows=2000, spacing=0.004948166076937606, CF order=5
  error tolerance: rtol=0.001, atol=1e-05
Testing N_win=2000 N_cf=4
Windowing:
  config: # windows=2000, spacing=0.004948166076937606, CF order=4
  error tolerance: rtol=0.001, atol=1e-05
Testing N_win=2000 N_cf=3
Windowing:
  config: # windows=2000, spacing=0.004948166076937606, CF order=3
  error tolerance: rtol=0.001, atol=1e-05
Failed: Pure curvefit failed for the first window!
Final library: 204 poles, 329 windows, 7.8 poles per window, 7 CF order
