Running NJOY to get 0K point-wise data (error=0.0005)...
Parsing cross sections within resolved resonance range...
  MTs: [2, 27, 102, 103, 107]
  Energy range: 1.000e-05 to 2.615e+04 eV (42739 points)
Vector fitting piece 1/21...
  energy: 1.000e-05 to 6.875e+01 eV (621 points)
  error tolerance: rtol=0.001, atol=1e-05
Found 0 peaks
Fitting orders from 2 to 200
Order=2(0/100)
Order=4(1/100)
Order=6(2/100)
Found ideal results. Stop!
Found 2 real poles and 2 conjugate complex pairs.
Final number of poles: 4
Saved figure: WMP_Lib/Zr91/0-69_MT2.png
Saved figure: WMP_Lib/Zr91/0-69_MT27.png
Saved figure: WMP_Lib/Zr91/0-69_MT102.png
Saved figure: WMP_Lib/Zr91/0-69_MT107.png
Vector fitting piece 2/21...
  energy: 1.312e+01 to 2.441e+02 eV (1327 points)
  error tolerance: rtol=0.001, atol=1e-05
Found 3 peaks
Fitting orders from 6 to 200
Order=6(0/98)
Order=8(1/98)
Order=10(2/98)
Order=12(3/98)
Order=14(4/98)
Order=16(5/98)
Order=18(6/98)
Order=20(7/98)
Order=22(8/98)
Order=24(9/98)
Order=26(10/98)
Order=28(11/98)
Order=30(12/98)
Order=32(13/98)
Order=34(14/98)
Order=36(15/98)
Order=38(16/98)
Order=40(17/98)
Order=42(18/98)
Order=44(19/98)
Order=46(20/98)
Order=48(21/98)
Order=50(22/98)
Order=52(23/98)
Order=54(24/98)
Order=56(25/98)
Order=58(26/98)
Order=60(27/98)
Found 0 real poles and 6 conjugate complex pairs.
Final number of poles: 6
Saved figure: WMP_Lib/Zr91/13-244_MT2.png
Saved figure: WMP_Lib/Zr91/13-244_MT27.png
Saved figure: WMP_Lib/Zr91/13-244_MT102.png
Saved figure: WMP_Lib/Zr91/13-244_MT107.png
Vector fitting piece 3/21...
  energy: 1.259e+02 to 5.481e+02 eV (2316 points)
  error tolerance: rtol=0.001, atol=1e-05
Found 5 peaks
Fitting orders from 10 to 200
Order=10(0/96)
Order=12(1/96)
Order=14(2/96)
Order=16(3/96)
Order=18(4/96)
Order=20(5/96)
Order=22(6/96)
Order=24(7/96)
Order=26(8/96)
Order=28(9/96)
Order=30(10/96)
Order=32(11/96)
Order=34(12/96)
Order=36(13/96)
Order=38(14/96)
Order=40(15/96)
Order=42(16/96)
Order=44(17/96)
Order=46(18/96)
Order=48(19/96)
Order=50(20/96)
Order=52(21/96)
Order=54(22/96)
Order=56(23/96)
Order=58(24/96)
Order=60(25/96)
Found 2 real poles and 6 conjugate complex pairs.
Final number of poles: 8
Saved figure: WMP_Lib/Zr91/126-548_MT2.png
Saved figure: WMP_Lib/Zr91/126-548_MT27.png
Saved figure: WMP_Lib/Zr91/126-548_MT102.png
Saved figure: WMP_Lib/Zr91/126-548_MT107.png
Vector fitting piece 4/21...
  energy: 3.625e+02 to 9.665e+02 eV (1559 points)
  error tolerance: rtol=0.001, atol=1e-05
Found 3 peaks
Fitting orders from 6 to 200
Order=6(0/98)
Order=8(1/98)
Order=10(2/98)
Order=12(3/98)
Order=14(4/98)
Order=16(5/98)
Order=18(6/98)
Order=20(7/98)
Order=22(8/98)
Order=24(9/98)
Order=26(10/98)
Order=28(11/98)
Order=30(12/98)
Order=32(13/98)
Order=34(14/98)
Order=36(15/98)
Order=38(16/98)
Order=40(17/98)
Order=42(18/98)
Order=44(19/98)
Order=46(20/98)
Order=48(21/98)
Order=50(22/98)
Order=52(23/98)
Order=54(24/98)
Order=56(25/98)
Order=58(26/98)
Order=60(27/98)
Found 2 real poles and 5 conjugate complex pairs.
Final number of poles: 7
Saved figure: WMP_Lib/Zr91/362-967_MT2.png
Saved figure: WMP_Lib/Zr91/362-967_MT27.png
Saved figure: WMP_Lib/Zr91/362-967_MT102.png
Saved figure: WMP_Lib/Zr91/362-967_MT107.png
Vector fitting piece 5/21...
  energy: 7.148e+02 to 1.500e+03 eV (717 points)
  error tolerance: rtol=0.001, atol=1e-05
Found 1 peaks
Fitting orders from 2 to 200
Order=2(0/100)
Order=4(1/100)
Order=6(2/100)
Order=8(3/100)
Order=10(4/100)
Order=12(5/100)
Order=14(6/100)
Order=16(7/100)
Order=18(8/100)
Order=20(9/100)
Order=22(10/100)
Order=24(11/100)
Order=26(12/100)
Order=28(13/100)
Order=30(14/100)
Order=32(15/100)
Order=34(16/100)
Order=36(17/100)
Order=38(18/100)
Order=40(19/100)
Order=42(20/100)
Order=44(21/100)
Order=46(22/100)
Order=48(23/100)
Order=50(24/100)
Order=52(25/100)
Order=54(26/100)
Order=56(27/100)
Order=58(28/100)
Order=60(29/100)
Found 0 real poles and 4 conjugate complex pairs.
Final number of poles: 4
Saved figure: WMP_Lib/Zr91/715-1500_MT2.png
Saved figure: WMP_Lib/Zr91/715-1500_MT27.png
Saved figure: WMP_Lib/Zr91/715-1500_MT102.png
Saved figure: WMP_Lib/Zr91/715-1500_MT107.png
Vector fitting piece 6/21...
  energy: 1.181e+03 to 2.164e+03 eV (1844 points)
  error tolerance: rtol=0.001, atol=1e-05
Found 4 peaks
Fitting orders from 8 to 200
Order=8(0/97)
Order=10(1/97)
Order=12(2/97)
Order=14(3/97)
Order=16(4/97)
Order=18(5/97)
Order=20(6/97)
Order=22(7/97)
Order=24(8/97)
Order=26(9/97)
Order=28(10/97)
Order=30(11/97)
Order=32(12/97)
Order=34(13/97)
Order=36(14/97)
Order=38(15/97)
Order=40(16/97)
Order=42(17/97)
Order=44(18/97)
Order=46(19/97)
Order=48(20/97)
Order=50(21/97)
Order=52(22/97)
Order=54(23/97)
Order=56(24/97)
Order=58(25/97)
Order=60(26/97)
Found 2 real poles and 6 conjugate complex pairs.
Final number of poles: 8
Saved figure: WMP_Lib/Zr91/1181-2164_MT2.png
Saved figure: WMP_Lib/Zr91/1181-2164_MT27.png
Saved figure: WMP_Lib/Zr91/1181-2164_MT102.png
Saved figure: WMP_Lib/Zr91/1181-2164_MT107.png
Vector fitting piece 7/21...
  energy: 1.774e+03 to 2.933e+03 eV (2954 points)
  error tolerance: rtol=0.001, atol=1e-05
Found 8 peaks
Fitting orders from 16 to 200
Order=16(0/93)
Order=18(1/93)
Order=20(2/93)
Order=22(3/93)
Order=24(4/93)
Order=26(5/93)
Order=28(6/93)
Order=30(7/93)
Order=32(8/93)
Order=34(9/93)
Order=36(10/93)
Order=38(11/93)
Order=40(12/93)
Order=42(13/93)
Order=44(14/93)
Order=46(15/93)
Order=48(16/93)
Order=50(17/93)
Order=52(18/93)
Order=54(19/93)
Order=56(20/93)
Order=58(21/93)
Order=60(22/93)
Found 2 real poles and 10 conjugate complex pairs.
Final number of poles: 12
Saved figure: WMP_Lib/Zr91/1774-2933_MT2.png
Saved figure: WMP_Lib/Zr91/1774-2933_MT27.png
Saved figure: WMP_Lib/Zr91/1774-2933_MT102.png
Saved figure: WMP_Lib/Zr91/1774-2933_MT107.png
Vector fitting piece 8/21...
  energy: 2.484e+03 to 3.823e+03 eV (2370 points)
  error tolerance: rtol=0.001, atol=1e-05
Found 6 peaks
Fitting orders from 12 to 200
Order=12(0/95)
Order=14(1/95)
Order=16(2/95)
Order=18(3/95)
Order=20(4/95)
Order=22(5/95)
Order=24(6/95)
Order=26(7/95)
Order=28(8/95)
Order=30(9/95)
Order=32(10/95)
Order=34(11/95)
Order=36(12/95)
Order=38(13/95)
Order=40(14/95)
Order=42(15/95)
Order=44(16/95)
Order=46(17/95)
Order=48(18/95)
Order=50(19/95)
Order=52(20/95)
Order=54(21/95)
Order=56(22/95)
Order=58(23/95)
Order=60(24/95)
Found 2 real poles and 9 conjugate complex pairs.
Final number of poles: 11
Saved figure: WMP_Lib/Zr91/2484-3823_MT2.png
Saved figure: WMP_Lib/Zr91/2484-3823_MT27.png
Saved figure: WMP_Lib/Zr91/2484-3823_MT102.png
Saved figure: WMP_Lib/Zr91/2484-3823_MT107.png
Vector fitting piece 9/21...
  energy: 3.310e+03 to 4.838e+03 eV (2814 points)
  error tolerance: rtol=0.001, atol=1e-05
Found 7 peaks
Fitting orders from 14 to 200
Order=14(0/94)
Order=16(1/94)
Order=18(2/94)
Order=20(3/94)
Order=22(4/94)
Order=24(5/94)
Order=26(6/94)
Order=28(7/94)
Order=30(8/94)
Order=32(9/94)
Order=34(10/94)
Order=36(11/94)
Order=38(12/94)
Order=40(13/94)
Order=42(14/94)
Order=44(15/94)
Order=46(16/94)
Order=48(17/94)
Order=50(18/94)
Order=52(19/94)
Order=54(20/94)
Order=56(21/94)
Order=58(22/94)
Order=60(23/94)
Found 4 real poles and 7 conjugate complex pairs.
Final number of poles: 11
Saved figure: WMP_Lib/Zr91/3310-4838_MT2.png
Saved figure: WMP_Lib/Zr91/3310-4838_MT27.png
Saved figure: WMP_Lib/Zr91/3310-4838_MT102.png
Saved figure: WMP_Lib/Zr91/3310-4838_MT107.png
Vector fitting piece 10/21...
  energy: 4.256e+03 to 5.970e+03 eV (2934 points)
  error tolerance: rtol=0.001, atol=1e-05
Found 8 peaks
Fitting orders from 16 to 200
Order=16(0/93)
Order=18(1/93)
Order=20(2/93)
Order=22(3/93)
Order=24(4/93)
Order=26(5/93)
Order=28(6/93)
Order=30(7/93)
Order=32(8/93)
Order=34(9/93)
Order=36(10/93)
Order=38(11/93)
Order=40(12/93)
Order=42(13/93)
Order=44(14/93)
Order=46(15/93)
Order=48(16/93)
Order=50(17/93)
Order=52(18/93)
Order=54(19/93)
Order=56(20/93)
Order=58(21/93)
Order=60(22/93)
Found 2 real poles and 9 conjugate complex pairs.
Final number of poles: 11
Saved figure: WMP_Lib/Zr91/4256-5970_MT2.png
Saved figure: WMP_Lib/Zr91/4256-5970_MT27.png
Saved figure: WMP_Lib/Zr91/4256-5970_MT102.png
Saved figure: WMP_Lib/Zr91/4256-5970_MT107.png
Vector fitting piece 11/21...
  energy: 5.320e+03 to 7.214e+03 eV (3433 points)
  error tolerance: rtol=0.001, atol=1e-05
Found 10 peaks
Fitting orders from 20 to 200
Order=20(0/91)
Order=22(1/91)
Order=24(2/91)
Order=26(3/91)
Order=28(4/91)
Order=30(5/91)
Order=32(6/91)
Order=34(7/91)
Order=36(8/91)
Order=38(9/91)
Order=40(10/91)
Order=42(11/91)
Order=44(12/91)
Order=46(13/91)
Order=48(14/91)
Order=50(15/91)
Order=52(16/91)
Order=54(17/91)
Order=56(18/91)
Order=58(19/91)
Order=60(20/91)
Found 4 real poles and 11 conjugate complex pairs.
Final number of poles: 15
Saved figure: WMP_Lib/Zr91/5320-7214_MT2.png
Saved figure: WMP_Lib/Zr91/5320-7214_MT27.png
Saved figure: WMP_Lib/Zr91/5320-7214_MT102.png
Saved figure: WMP_Lib/Zr91/5320-7214_MT107.png
Vector fitting piece 12/21...
  energy: 6.503e+03 to 8.580e+03 eV (3261 points)
  error tolerance: rtol=0.001, atol=1e-05
Found 9 peaks
Fitting orders from 18 to 200
Order=18(0/92)
Order=20(1/92)
Order=22(2/92)
Order=24(3/92)
Order=26(4/92)
Order=28(5/92)
Order=30(6/92)
Order=32(7/92)
Order=34(8/92)
Order=36(9/92)
Order=38(10/92)
Order=40(11/92)
Order=42(12/92)
Order=44(13/92)
Order=46(14/92)
Order=48(15/92)
Order=50(16/92)
Order=52(17/92)
Order=54(18/92)
Order=56(19/92)
Order=58(20/92)
Order=60(21/92)
Found 2 real poles and 11 conjugate complex pairs.
Final number of poles: 13
Saved figure: WMP_Lib/Zr91/6503-8580_MT2.png
Saved figure: WMP_Lib/Zr91/6503-8580_MT27.png
Saved figure: WMP_Lib/Zr91/6503-8580_MT102.png
Saved figure: WMP_Lib/Zr91/6503-8580_MT107.png
Vector fitting piece 13/21...
  energy: 7.803e+03 to 1.007e+04 eV (3251 points)
  error tolerance: rtol=0.001, atol=1e-05
Found 10 peaks
Fitting orders from 20 to 200
Order=20(0/91)
Order=22(1/91)
Order=24(2/91)
Order=26(3/91)
Order=28(4/91)
Order=30(5/91)
Order=32(6/91)
Order=34(7/91)
Order=36(8/91)
Order=38(9/91)
Order=40(10/91)
Order=42(11/91)
Order=44(12/91)
Order=46(13/91)
Order=48(14/91)
Order=50(15/91)
Order=52(16/91)
Order=54(17/91)
Order=56(18/91)
Order=58(19/91)
Order=60(20/91)
Found 4 real poles and 12 conjugate complex pairs.
Final number of poles: 16
Saved figure: WMP_Lib/Zr91/7803-10067_MT2.png
Saved figure: WMP_Lib/Zr91/7803-10067_MT27.png
Saved figure: WMP_Lib/Zr91/7803-10067_MT102.png
Saved figure: WMP_Lib/Zr91/7803-10067_MT107.png
Vector fitting piece 14/21...
  energy: 9.224e+03 to 1.169e+04 eV (4117 points)
  error tolerance: rtol=0.001, atol=1e-05
Found 15 peaks
Fitting orders from 30 to 200
Order=30(0/86)
Order=32(1/86)
Order=34(2/86)
Order=36(3/86)
Order=38(4/86)
Order=40(5/86)
Order=42(6/86)
Order=44(7/86)
Order=46(8/86)
Order=48(9/86)
Order=50(10/86)
Order=52(11/86)
Order=54(12/86)
Order=56(13/86)
Order=58(14/86)
Order=60(15/86)
Found 2 real poles and 16 conjugate complex pairs.
Final number of poles: 18
Saved figure: WMP_Lib/Zr91/9224-11694_MT2.png
Saved figure: WMP_Lib/Zr91/9224-11694_MT27.png
Saved figure: WMP_Lib/Zr91/9224-11694_MT102.png
Saved figure: WMP_Lib/Zr91/9224-11694_MT107.png
Vector fitting piece 15/21...
  energy: 1.076e+04 to 1.339e+04 eV (4230 points)
  error tolerance: rtol=0.001, atol=1e-05
Found 17 peaks
Fitting orders from 34 to 200
Order=34(0/84)
Order=36(1/84)
Order=38(2/84)
Order=40(3/84)
Order=42(4/84)
Order=44(5/84)
Order=46(6/84)
Order=48(7/84)
Order=50(8/84)
Order=52(9/84)
Order=54(10/84)
Order=56(11/84)
Order=58(12/84)
Order=60(13/84)
Found 2 real poles and 19 conjugate complex pairs.
Final number of poles: 21
Saved figure: WMP_Lib/Zr91/10762-13393_MT2.png
Saved figure: WMP_Lib/Zr91/10762-13393_MT27.png
Saved figure: WMP_Lib/Zr91/10762-13393_MT102.png
Saved figure: WMP_Lib/Zr91/10762-13393_MT107.png
Vector fitting piece 16/21...
  energy: 1.242e+04 to 1.523e+04 eV (5508 points)
  error tolerance: rtol=0.001, atol=1e-05
Found 22 peaks
Fitting orders from 44 to 200
Order=44(0/79)
Order=46(1/79)
Order=48(2/79)
Order=50(3/79)
Order=52(4/79)
Order=54(5/79)
Order=56(6/79)
Order=58(7/79)
Order=60(8/79)
Found 2 real poles and 23 conjugate complex pairs.
Final number of poles: 25
Saved figure: WMP_Lib/Zr91/12419-15234_MT2.png
Saved figure: WMP_Lib/Zr91/12419-15234_MT27.png
Saved figure: WMP_Lib/Zr91/12419-15234_MT102.png
Saved figure: WMP_Lib/Zr91/12419-15234_MT107.png
Vector fitting piece 17/21...
  energy: 1.419e+04 to 1.720e+04 eV (4145 points)
  error tolerance: rtol=0.001, atol=1e-05
Found 16 peaks
Fitting orders from 32 to 200
Order=32(0/85)
Order=34(1/85)
Order=36(2/85)
Order=38(3/85)
Order=40(4/85)
Order=42(5/85)
Order=44(6/85)
Order=46(7/85)
Order=48(8/85)
Order=50(9/85)
Order=52(10/85)
Order=54(11/85)
Order=56(12/85)
Order=58(13/85)
Order=60(14/85)
Found 4 real poles and 17 conjugate complex pairs.
Final number of poles: 21
Saved figure: WMP_Lib/Zr91/14195-17202_MT2.png
Saved figure: WMP_Lib/Zr91/14195-17202_MT27.png
Saved figure: WMP_Lib/Zr91/14195-17202_MT102.png
Saved figure: WMP_Lib/Zr91/14195-17202_MT107.png
Vector fitting piece 18/21...
  energy: 1.609e+04 to 1.930e+04 eV (2937 points)
  error tolerance: rtol=0.001, atol=1e-05
Found 12 peaks
Fitting orders from 24 to 200
Order=24(0/89)
Order=26(1/89)
Order=28(2/89)
Order=30(3/89)
Order=32(4/89)
Order=34(5/89)
Order=36(6/89)
Order=38(7/89)
Order=40(8/89)
Order=42(9/89)
Order=44(10/89)
Order=46(11/89)
Order=48(12/89)
Order=50(13/89)
Order=52(14/89)
Order=54(15/89)
Order=56(16/89)
Order=58(17/89)
Order=60(18/89)
Found 6 real poles and 11 conjugate complex pairs.
Final number of poles: 17
Saved figure: WMP_Lib/Zr91/16088-19301_MT2.png
Saved figure: WMP_Lib/Zr91/16088-19301_MT27.png
Saved figure: WMP_Lib/Zr91/16088-19301_MT102.png
Saved figure: WMP_Lib/Zr91/16088-19301_MT107.png
Vector fitting piece 19/21...
  energy: 1.810e+04 to 2.147e+04 eV (4246 points)
  error tolerance: rtol=0.001, atol=1e-05
Found 20 peaks
Fitting orders from 40 to 200
Order=40(0/81)
Order=42(1/81)
Order=44(2/81)
Order=46(3/81)
Order=48(4/81)
Order=50(5/81)
Order=52(6/81)
Order=54(7/81)
Order=56(8/81)
Order=58(9/81)
Order=60(10/81)
Order=62(11/81)
Order=64(12/81)
Order=66(13/81)
Order=68(14/81)
Order=70(15/81)
Found 2 real poles and 23 conjugate complex pairs.
Final number of poles: 25
Saved figure: WMP_Lib/Zr91/18102-21469_MT2.png
Saved figure: WMP_Lib/Zr91/18102-21469_MT27.png
Saved figure: WMP_Lib/Zr91/18102-21469_MT102.png
Saved figure: WMP_Lib/Zr91/18102-21469_MT107.png
Vector fitting piece 20/21...
  energy: 2.023e+04 to 2.378e+04 eV (5635 points)
  error tolerance: rtol=0.001, atol=1e-05
Found 31 peaks
Fitting orders from 62 to 200
Order=62(0/70)
Order=64(1/70)
Order=66(2/70)
Order=68(3/70)
Order=70(4/70)
Order=72(5/70)
Order=74(6/70)
Order=76(7/70)
Order=78(8/70)
Order=80(9/70)
Order=82(10/70)
Order=84(11/70)
Order=86(12/70)
Found 2 real poles and 32 conjugate complex pairs.
Final number of poles: 34
Saved figure: WMP_Lib/Zr91/20233-23785_MT2.png
Saved figure: WMP_Lib/Zr91/20233-23785_MT27.png
Saved figure: WMP_Lib/Zr91/20233-23785_MT102.png
Saved figure: WMP_Lib/Zr91/20233-23785_MT107.png
Vector fitting piece 21/21...
  energy: 2.248e+04 to 2.615e+04 eV (5145 points)
  error tolerance: rtol=0.001, atol=1e-05
Found 29 peaks
Fitting orders from 58 to 200
Order=58(0/72)
Order=60(1/72)
Order=62(2/72)
Order=64(3/72)
Order=66(4/72)
Order=68(5/72)
Order=70(6/72)
Order=72(7/72)
Order=74(8/72)
Order=76(9/72)
Order=78(10/72)
Order=80(11/72)
Found 2 real poles and 29 conjugate complex pairs.
Final number of poles: 31
Saved figure: WMP_Lib/Zr91/22482-26150_MT2.png
Saved figure: WMP_Lib/Zr91/22482-26150_MT27.png
Saved figure: WMP_Lib/Zr91/22482-26150_MT102.png
Saved figure: WMP_Lib/Zr91/22482-26150_MT107.png
Dumped multipole data to file: WMP_Lib/Zr91/Zr91_mp.pickle
Start searching ...
Testing N_win=15 N_cf=10
Failed: Window spacing cannot be larger than piece spacing.
Testing N_win=119 N_cf=10
Windowing:
  config: # windows=119, spacing=1.3588775049636845, CF order=10
  error tolerance: rtol=0.001, atol=1e-05
Best library so far.
Testing N_win=119 N_cf=9
Windowing:
  config: # windows=119, spacing=1.3588775049636845, CF order=9
  error tolerance: rtol=0.001, atol=1e-05
Best library so far.
Testing N_win=119 N_cf=8
Windowing:
  config: # windows=119, spacing=1.3588775049636845, CF order=8
  error tolerance: rtol=0.001, atol=1e-05
Best library so far.
Testing N_win=119 N_cf=7
Windowing:
  config: # windows=119, spacing=1.3588775049636845, CF order=7
  error tolerance: rtol=0.001, atol=1e-05
Best library so far.
Testing N_win=119 N_cf=6
Windowing:
  config: # windows=119, spacing=1.3588775049636845, CF order=6
  error tolerance: rtol=0.001, atol=1e-05
Best library so far.
Testing N_win=119 N_cf=5
Windowing:
  config: # windows=119, spacing=1.3588775049636845, CF order=5
  error tolerance: rtol=0.001, atol=1e-05
Best library so far.
Testing N_win=119 N_cf=4
Windowing:
  config: # windows=119, spacing=1.3588775049636845, CF order=4
  error tolerance: rtol=0.001, atol=1e-05
Best library so far.
Testing N_win=119 N_cf=3
Windowing:
  config: # windows=119, spacing=1.3588775049636845, CF order=3
  error tolerance: rtol=0.001, atol=1e-05
Best library so far.
Testing N_win=119 N_cf=2
Windowing:
  config: # windows=119, spacing=1.3588775049636845, CF order=2
  error tolerance: rtol=0.001, atol=1e-05
Failed: Pure curvefit failed for the first window!
Testing N_win=223 N_cf=10
Windowing:
  config: # windows=223, spacing=0.7251409107205312, CF order=10
  error tolerance: rtol=0.001, atol=1e-05
Best library so far.
Testing N_win=223 N_cf=9
Windowing:
  config: # windows=223, spacing=0.7251409107205312, CF order=9
  error tolerance: rtol=0.001, atol=1e-05
Best library so far.
Testing N_win=223 N_cf=8
Windowing:
  config: # windows=223, spacing=0.7251409107205312, CF order=8
  error tolerance: rtol=0.001, atol=1e-05
Best library so far.
Testing N_win=223 N_cf=7
Windowing:
  config: # windows=223, spacing=0.7251409107205312, CF order=7
  error tolerance: rtol=0.001, atol=1e-05
Best library so far.
Testing N_win=223 N_cf=6
Windowing:
  config: # windows=223, spacing=0.7251409107205312, CF order=6
  error tolerance: rtol=0.001, atol=1e-05
Best library so far.
Testing N_win=223 N_cf=5
Windowing:
  config: # windows=223, spacing=0.7251409107205312, CF order=5
  error tolerance: rtol=0.001, atol=1e-05
Best library so far.
Testing N_win=223 N_cf=4
Windowing:
  config: # windows=223, spacing=0.7251409107205312, CF order=4
  error tolerance: rtol=0.001, atol=1e-05
Best library so far.
Testing N_win=223 N_cf=3
Windowing:
  config: # windows=223, spacing=0.7251409107205312, CF order=3
  error tolerance: rtol=0.001, atol=1e-05
Best library so far.
Testing N_win=223 N_cf=2
Windowing:
  config: # windows=223, spacing=0.7251409107205312, CF order=2
  error tolerance: rtol=0.001, atol=1e-05
Failed: Pure curvefit failed for the first window!
Testing N_win=328 N_cf=10
Windowing:
  config: # windows=328, spacing=0.4930073874715807, CF order=10
  error tolerance: rtol=0.001, atol=1e-05
Testing N_win=328 N_cf=9
Windowing:
  config: # windows=328, spacing=0.4930073874715807, CF order=9
  error tolerance: rtol=0.001, atol=1e-05
Testing N_win=328 N_cf=8
Windowing:
  config: # windows=328, spacing=0.4930073874715807, CF order=8
  error tolerance: rtol=0.001, atol=1e-05
Testing N_win=328 N_cf=7
Windowing:
  config: # windows=328, spacing=0.4930073874715807, CF order=7
  error tolerance: rtol=0.001, atol=1e-05
Testing N_win=328 N_cf=6
Windowing:
  config: # windows=328, spacing=0.4930073874715807, CF order=6
  error tolerance: rtol=0.001, atol=1e-05
Best library so far.
Testing N_win=328 N_cf=5
Windowing:
  config: # windows=328, spacing=0.4930073874715807, CF order=5
  error tolerance: rtol=0.001, atol=1e-05
Best library so far.
Testing N_win=328 N_cf=4
Windowing:
  config: # windows=328, spacing=0.4930073874715807, CF order=4
  error tolerance: rtol=0.001, atol=1e-05
Best library so far.
Testing N_win=328 N_cf=3
Windowing:
  config: # windows=328, spacing=0.4930073874715807, CF order=3
  error tolerance: rtol=0.001, atol=1e-05
Best library so far.
Testing N_win=328 N_cf=2
Windowing:
  config: # windows=328, spacing=0.4930073874715807, CF order=2
  error tolerance: rtol=0.001, atol=1e-05
Testing N_win=432 N_cf=10
Windowing:
  config: # windows=432, spacing=0.374320423821015, CF order=10
  error tolerance: rtol=0.001, atol=1e-05
Testing N_win=432 N_cf=9
Windowing:
  config: # windows=432, spacing=0.374320423821015, CF order=9
  error tolerance: rtol=0.001, atol=1e-05
Testing N_win=432 N_cf=8
Windowing:
  config: # windows=432, spacing=0.374320423821015, CF order=8
  error tolerance: rtol=0.001, atol=1e-05
Testing N_win=432 N_cf=7
Windowing:
  config: # windows=432, spacing=0.374320423821015, CF order=7
  error tolerance: rtol=0.001, atol=1e-05
Testing N_win=432 N_cf=6
Windowing:
  config: # windows=432, spacing=0.374320423821015, CF order=6
  error tolerance: rtol=0.001, atol=1e-05
Testing N_win=432 N_cf=5
Windowing:
  config: # windows=432, spacing=0.374320423821015, CF order=5
  error tolerance: rtol=0.001, atol=1e-05
Testing N_win=432 N_cf=4
Windowing:
  config: # windows=432, spacing=0.374320423821015, CF order=4
  error tolerance: rtol=0.001, atol=1e-05
Best library so far.
Testing N_win=432 N_cf=3
Windowing:
  config: # windows=432, spacing=0.374320423821015, CF order=3
  error tolerance: rtol=0.001, atol=1e-05
Best library so far.
Testing N_win=432 N_cf=2
Windowing:
  config: # windows=432, spacing=0.374320423821015, CF order=2
  error tolerance: rtol=0.001, atol=1e-05
Testing N_win=537 N_cf=10
Windowing:
  config: # windows=537, spacing=0.3011292794984701, CF order=10
  error tolerance: rtol=0.001, atol=1e-05
Testing N_win=537 N_cf=9
Windowing:
  config: # windows=537, spacing=0.3011292794984701, CF order=9
  error tolerance: rtol=0.001, atol=1e-05
Testing N_win=537 N_cf=8
Windowing:
  config: # windows=537, spacing=0.3011292794984701, CF order=8
  error tolerance: rtol=0.001, atol=1e-05
Testing N_win=537 N_cf=7
Windowing:
  config: # windows=537, spacing=0.3011292794984701, CF order=7
  error tolerance: rtol=0.001, atol=1e-05
Testing N_win=537 N_cf=6
Windowing:
  config: # windows=537, spacing=0.3011292794984701, CF order=6
  error tolerance: rtol=0.001, atol=1e-05
Testing N_win=537 N_cf=5
Windowing:
  config: # windows=537, spacing=0.3011292794984701, CF order=5
  error tolerance: rtol=0.001, atol=1e-05
Testing N_win=537 N_cf=4
Windowing:
  config: # windows=537, spacing=0.3011292794984701, CF order=4
  error tolerance: rtol=0.001, atol=1e-05
Testing N_win=537 N_cf=3
Windowing:
  config: # windows=537, spacing=0.3011292794984701, CF order=3
  error tolerance: rtol=0.001, atol=1e-05
Best library so far.
Testing N_win=537 N_cf=2
Windowing:
  config: # windows=537, spacing=0.3011292794984701, CF order=2
  error tolerance: rtol=0.001, atol=1e-05
Testing N_win=641 N_cf=10
Windowing:
  config: # windows=641, spacing=0.25227211090589463, CF order=10
  error tolerance: rtol=0.001, atol=1e-05
Testing N_win=641 N_cf=9
Windowing:
  config: # windows=641, spacing=0.25227211090589463, CF order=9
  error tolerance: rtol=0.001, atol=1e-05
Testing N_win=641 N_cf=8
Windowing:
  config: # windows=641, spacing=0.25227211090589463, CF order=8
  error tolerance: rtol=0.001, atol=1e-05
Testing N_win=641 N_cf=7
Windowing:
  config: # windows=641, spacing=0.25227211090589463, CF order=7
  error tolerance: rtol=0.001, atol=1e-05
Testing N_win=641 N_cf=6
Windowing:
  config: # windows=641, spacing=0.25227211090589463, CF order=6
  error tolerance: rtol=0.001, atol=1e-05
Testing N_win=641 N_cf=5
Windowing:
  config: # windows=641, spacing=0.25227211090589463, CF order=5
  error tolerance: rtol=0.001, atol=1e-05
Testing N_win=641 N_cf=4
Windowing:
  config: # windows=641, spacing=0.25227211090589463, CF order=4
  error tolerance: rtol=0.001, atol=1e-05
Testing N_win=641 N_cf=3
Windowing:
  config: # windows=641, spacing=0.25227211090589463, CF order=3
  error tolerance: rtol=0.001, atol=1e-05
Best library so far.
Testing N_win=641 N_cf=2
Windowing:
  config: # windows=641, spacing=0.25227211090589463, CF order=2
  error tolerance: rtol=0.001, atol=1e-05
Testing N_win=746 N_cf=10
Windowing:
  config: # windows=746, spacing=0.21676464221270572, CF order=10
  error tolerance: rtol=0.001, atol=1e-05
Testing N_win=746 N_cf=9
Windowing:
  config: # windows=746, spacing=0.21676464221270572, CF order=9
  error tolerance: rtol=0.001, atol=1e-05
Testing N_win=746 N_cf=8
Windowing:
  config: # windows=746, spacing=0.21676464221270572, CF order=8
  error tolerance: rtol=0.001, atol=1e-05
Testing N_win=746 N_cf=7
Windowing:
  config: # windows=746, spacing=0.21676464221270572, CF order=7
  error tolerance: rtol=0.001, atol=1e-05
Testing N_win=746 N_cf=6
Windowing:
  config: # windows=746, spacing=0.21676464221270572, CF order=6
  error tolerance: rtol=0.001, atol=1e-05
Testing N_win=746 N_cf=5
Windowing:
  config: # windows=746, spacing=0.21676464221270572, CF order=5
  error tolerance: rtol=0.001, atol=1e-05
Testing N_win=746 N_cf=4
Windowing:
  config: # windows=746, spacing=0.21676464221270572, CF order=4
  error tolerance: rtol=0.001, atol=1e-05
Testing N_win=746 N_cf=3
Windowing:
  config: # windows=746, spacing=0.21676464221270572, CF order=3
  error tolerance: rtol=0.001, atol=1e-05
Testing N_win=746 N_cf=2
Windowing:
  config: # windows=746, spacing=0.21676464221270572, CF order=2
  error tolerance: rtol=0.001, atol=1e-05
Testing N_win=850 N_cf=10
Windowing:
  config: # windows=850, spacing=0.19024285069491584, CF order=10
  error tolerance: rtol=0.001, atol=1e-05
Testing N_win=850 N_cf=9
Windowing:
  config: # windows=850, spacing=0.19024285069491584, CF order=9
  error tolerance: rtol=0.001, atol=1e-05
Testing N_win=850 N_cf=8
Windowing:
  config: # windows=850, spacing=0.19024285069491584, CF order=8
  error tolerance: rtol=0.001, atol=1e-05
Testing N_win=850 N_cf=7
Windowing:
  config: # windows=850, spacing=0.19024285069491584, CF order=7
  error tolerance: rtol=0.001, atol=1e-05
Testing N_win=850 N_cf=6
Windowing:
  config: # windows=850, spacing=0.19024285069491584, CF order=6
  error tolerance: rtol=0.001, atol=1e-05
Testing N_win=850 N_cf=5
Windowing:
  config: # windows=850, spacing=0.19024285069491584, CF order=5
  error tolerance: rtol=0.001, atol=1e-05
Testing N_win=850 N_cf=4
Windowing:
  config: # windows=850, spacing=0.19024285069491584, CF order=4
  error tolerance: rtol=0.001, atol=1e-05
Testing N_win=850 N_cf=3
Windowing:
  config: # windows=850, spacing=0.19024285069491584, CF order=3
  error tolerance: rtol=0.001, atol=1e-05
Testing N_win=850 N_cf=2
Windowing:
  config: # windows=850, spacing=0.19024285069491584, CF order=2
  error tolerance: rtol=0.001, atol=1e-05
Testing N_win=955 N_cf=10
Windowing:
  config: # windows=955, spacing=0.16932609747715022, CF order=10
  error tolerance: rtol=0.001, atol=1e-05
Testing N_win=955 N_cf=9
Windowing:
  config: # windows=955, spacing=0.16932609747715022, CF order=9
  error tolerance: rtol=0.001, atol=1e-05
Testing N_win=955 N_cf=8
Windowing:
  config: # windows=955, spacing=0.16932609747715022, CF order=8
  error tolerance: rtol=0.001, atol=1e-05
Testing N_win=955 N_cf=7
Windowing:
  config: # windows=955, spacing=0.16932609747715022, CF order=7
  error tolerance: rtol=0.001, atol=1e-05
Testing N_win=955 N_cf=6
Windowing:
  config: # windows=955, spacing=0.16932609747715022, CF order=6
  error tolerance: rtol=0.001, atol=1e-05
Testing N_win=955 N_cf=5
Windowing:
  config: # windows=955, spacing=0.16932609747715022, CF order=5
  error tolerance: rtol=0.001, atol=1e-05
Testing N_win=955 N_cf=4
Windowing:
  config: # windows=955, spacing=0.16932609747715022, CF order=4
  error tolerance: rtol=0.001, atol=1e-05
Testing N_win=955 N_cf=3
Windowing:
  config: # windows=955, spacing=0.16932609747715022, CF order=3
  error tolerance: rtol=0.001, atol=1e-05
Testing N_win=955 N_cf=2
Windowing:
  config: # windows=955, spacing=0.16932609747715022, CF order=2
  error tolerance: rtol=0.001, atol=1e-05
Testing N_win=1059 N_cf=10
Windowing:
  config: # windows=1059, spacing=0.15269728337174548, CF order=10
  error tolerance: rtol=0.001, atol=1e-05
Testing N_win=1059 N_cf=9
Windowing:
  config: # windows=1059, spacing=0.15269728337174548, CF order=9
  error tolerance: rtol=0.001, atol=1e-05
Testing N_win=1059 N_cf=8
Windowing:
  config: # windows=1059, spacing=0.15269728337174548, CF order=8
  error tolerance: rtol=0.001, atol=1e-05
Testing N_win=1059 N_cf=7
Windowing:
  config: # windows=1059, spacing=0.15269728337174548, CF order=7
  error tolerance: rtol=0.001, atol=1e-05
Testing N_win=1059 N_cf=6
Windowing:
  config: # windows=1059, spacing=0.15269728337174548, CF order=6
  error tolerance: rtol=0.001, atol=1e-05
Testing N_win=1059 N_cf=5
Windowing:
  config: # windows=1059, spacing=0.15269728337174548, CF order=5
  error tolerance: rtol=0.001, atol=1e-05
Testing N_win=1059 N_cf=4
Windowing:
  config: # windows=1059, spacing=0.15269728337174548, CF order=4
  error tolerance: rtol=0.001, atol=1e-05
Testing N_win=1059 N_cf=3
Windowing:
  config: # windows=1059, spacing=0.15269728337174548, CF order=3
  error tolerance: rtol=0.001, atol=1e-05
Testing N_win=1059 N_cf=2
Windowing:
  config: # windows=1059, spacing=0.15269728337174548, CF order=2
  error tolerance: rtol=0.001, atol=1e-05
Testing N_win=1164 N_cf=10
Windowing:
  config: # windows=1164, spacing=0.13892304389233545, CF order=10
  error tolerance: rtol=0.001, atol=1e-05
Testing N_win=1164 N_cf=9
Windowing:
  config: # windows=1164, spacing=0.13892304389233545, CF order=9
  error tolerance: rtol=0.001, atol=1e-05
Testing N_win=1164 N_cf=8
Windowing:
  config: # windows=1164, spacing=0.13892304389233545, CF order=8
  error tolerance: rtol=0.001, atol=1e-05
Testing N_win=1164 N_cf=7
Windowing:
  config: # windows=1164, spacing=0.13892304389233545, CF order=7
  error tolerance: rtol=0.001, atol=1e-05
Testing N_win=1164 N_cf=6
Windowing:
  config: # windows=1164, spacing=0.13892304389233545, CF order=6
  error tolerance: rtol=0.001, atol=1e-05
Testing N_win=1164 N_cf=5
Windowing:
  config: # windows=1164, spacing=0.13892304389233545, CF order=5
  error tolerance: rtol=0.001, atol=1e-05
Testing N_win=1164 N_cf=4
Windowing:
  config: # windows=1164, spacing=0.13892304389233545, CF order=4
  error tolerance: rtol=0.001, atol=1e-05
Testing N_win=1164 N_cf=3
Windowing:
  config: # windows=1164, spacing=0.13892304389233545, CF order=3
  error tolerance: rtol=0.001, atol=1e-05
Testing N_win=1164 N_cf=2
Windowing:
  config: # windows=1164, spacing=0.13892304389233545, CF order=2
  error tolerance: rtol=0.001, atol=1e-05
Testing N_win=1268 N_cf=10
Windowing:
  config: # windows=1268, spacing=0.12752872483491992, CF order=10
  error tolerance: rtol=0.001, atol=1e-05
Testing N_win=1268 N_cf=9
Windowing:
  config: # windows=1268, spacing=0.12752872483491992, CF order=9
  error tolerance: rtol=0.001, atol=1e-05
Testing N_win=1268 N_cf=8
Windowing:
  config: # windows=1268, spacing=0.12752872483491992, CF order=8
  error tolerance: rtol=0.001, atol=1e-05
Testing N_win=1268 N_cf=7
Windowing:
  config: # windows=1268, spacing=0.12752872483491992, CF order=7
  error tolerance: rtol=0.001, atol=1e-05
Testing N_win=1268 N_cf=6
Windowing:
  config: # windows=1268, spacing=0.12752872483491992, CF order=6
  error tolerance: rtol=0.001, atol=1e-05
Testing N_win=1268 N_cf=5
Windowing:
  config: # windows=1268, spacing=0.12752872483491992, CF order=5
  error tolerance: rtol=0.001, atol=1e-05
Testing N_win=1268 N_cf=4
Windowing:
  config: # windows=1268, spacing=0.12752872483491992, CF order=4
  error tolerance: rtol=0.001, atol=1e-05
Testing N_win=1268 N_cf=3
Windowing:
  config: # windows=1268, spacing=0.12752872483491992, CF order=3
  error tolerance: rtol=0.001, atol=1e-05
Testing N_win=1268 N_cf=2
Windowing:
  config: # windows=1268, spacing=0.12752872483491992, CF order=2
  error tolerance: rtol=0.001, atol=1e-05
Testing N_win=1373 N_cf=10
Windowing:
  config: # windows=1373, spacing=0.11777598185774106, CF order=10
  error tolerance: rtol=0.001, atol=1e-05
Testing N_win=1373 N_cf=9
Windowing:
  config: # windows=1373, spacing=0.11777598185774106, CF order=9
  error tolerance: rtol=0.001, atol=1e-05
Testing N_win=1373 N_cf=8
Windowing:
  config: # windows=1373, spacing=0.11777598185774106, CF order=8
  error tolerance: rtol=0.001, atol=1e-05
Testing N_win=1373 N_cf=7
Windowing:
  config: # windows=1373, spacing=0.11777598185774106, CF order=7
  error tolerance: rtol=0.001, atol=1e-05
Testing N_win=1373 N_cf=6
Windowing:
  config: # windows=1373, spacing=0.11777598185774106, CF order=6
  error tolerance: rtol=0.001, atol=1e-05
Testing N_win=1373 N_cf=5
Windowing:
  config: # windows=1373, spacing=0.11777598185774106, CF order=5
  error tolerance: rtol=0.001, atol=1e-05
Testing N_win=1373 N_cf=4
Windowing:
  config: # windows=1373, spacing=0.11777598185774106, CF order=4
  error tolerance: rtol=0.001, atol=1e-05
Testing N_win=1373 N_cf=3
Windowing:
  config: # windows=1373, spacing=0.11777598185774106, CF order=3
  error tolerance: rtol=0.001, atol=1e-05
Testing N_win=1373 N_cf=2
Windowing:
  config: # windows=1373, spacing=0.11777598185774106, CF order=2
  error tolerance: rtol=0.001, atol=1e-05
Testing N_win=1477 N_cf=10
Windowing:
  config: # windows=1477, spacing=0.10948302172693193, CF order=10
  error tolerance: rtol=0.001, atol=1e-05
Testing N_win=1477 N_cf=9
Windowing:
  config: # windows=1477, spacing=0.10948302172693193, CF order=9
  error tolerance: rtol=0.001, atol=1e-05
Testing N_win=1477 N_cf=8
Windowing:
  config: # windows=1477, spacing=0.10948302172693193, CF order=8
  error tolerance: rtol=0.001, atol=1e-05
Testing N_win=1477 N_cf=7
Windowing:
  config: # windows=1477, spacing=0.10948302172693193, CF order=7
  error tolerance: rtol=0.001, atol=1e-05
Testing N_win=1477 N_cf=6
Windowing:
  config: # windows=1477, spacing=0.10948302172693193, CF order=6
  error tolerance: rtol=0.001, atol=1e-05
Testing N_win=1477 N_cf=5
Windowing:
  config: # windows=1477, spacing=0.10948302172693193, CF order=5
  error tolerance: rtol=0.001, atol=1e-05
Testing N_win=1477 N_cf=4
Windowing:
  config: # windows=1477, spacing=0.10948302172693193, CF order=4
  error tolerance: rtol=0.001, atol=1e-05
Testing N_win=1477 N_cf=3
Windowing:
  config: # windows=1477, spacing=0.10948302172693193, CF order=3
  error tolerance: rtol=0.001, atol=1e-05
Testing N_win=1477 N_cf=2
Windowing:
  config: # windows=1477, spacing=0.10948302172693193, CF order=2
  error tolerance: rtol=0.001, atol=1e-05
Testing N_win=1582 N_cf=10
Windowing:
  config: # windows=1582, spacing=0.10221644948841875, CF order=10
  error tolerance: rtol=0.001, atol=1e-05
Testing N_win=1582 N_cf=9
Windowing:
  config: # windows=1582, spacing=0.10221644948841875, CF order=9
  error tolerance: rtol=0.001, atol=1e-05
Testing N_win=1582 N_cf=8
Windowing:
  config: # windows=1582, spacing=0.10221644948841875, CF order=8
  error tolerance: rtol=0.001, atol=1e-05
Testing N_win=1582 N_cf=7
Windowing:
  config: # windows=1582, spacing=0.10221644948841875, CF order=7
  error tolerance: rtol=0.001, atol=1e-05
Testing N_win=1582 N_cf=6
Windowing:
  config: # windows=1582, spacing=0.10221644948841875, CF order=6
  error tolerance: rtol=0.001, atol=1e-05
Testing N_win=1582 N_cf=5
Windowing:
  config: # windows=1582, spacing=0.10221644948841875, CF order=5
  error tolerance: rtol=0.001, atol=1e-05
Testing N_win=1582 N_cf=4
Windowing:
  config: # windows=1582, spacing=0.10221644948841875, CF order=4
  error tolerance: rtol=0.001, atol=1e-05
Testing N_win=1582 N_cf=3
Windowing:
  config: # windows=1582, spacing=0.10221644948841875, CF order=3
  error tolerance: rtol=0.001, atol=1e-05
Testing N_win=1582 N_cf=2
Windowing:
  config: # windows=1582, spacing=0.10221644948841875, CF order=2
  error tolerance: rtol=0.001, atol=1e-05
Testing N_win=1686 N_cf=10
Windowing:
  config: # windows=1686, spacing=0.09591128297193266, CF order=10
  error tolerance: rtol=0.001, atol=1e-05
Testing N_win=1686 N_cf=9
Windowing:
  config: # windows=1686, spacing=0.09591128297193266, CF order=9
  error tolerance: rtol=0.001, atol=1e-05
Testing N_win=1686 N_cf=8
Windowing:
  config: # windows=1686, spacing=0.09591128297193266, CF order=8
  error tolerance: rtol=0.001, atol=1e-05
Testing N_win=1686 N_cf=7
Windowing:
  config: # windows=1686, spacing=0.09591128297193266, CF order=7
  error tolerance: rtol=0.001, atol=1e-05
Testing N_win=1686 N_cf=6
Windowing:
  config: # windows=1686, spacing=0.09591128297193266, CF order=6
  error tolerance: rtol=0.001, atol=1e-05
Testing N_win=1686 N_cf=5
Windowing:
  config: # windows=1686, spacing=0.09591128297193266, CF order=5
  error tolerance: rtol=0.001, atol=1e-05
Testing N_win=1686 N_cf=4
Windowing:
  config: # windows=1686, spacing=0.09591128297193266, CF order=4
  error tolerance: rtol=0.001, atol=1e-05
Testing N_win=1686 N_cf=3
Windowing:
  config: # windows=1686, spacing=0.09591128297193266, CF order=3
  error tolerance: rtol=0.001, atol=1e-05
Testing N_win=1686 N_cf=2
Windowing:
  config: # windows=1686, spacing=0.09591128297193266, CF order=2
  error tolerance: rtol=0.001, atol=1e-05
Testing N_win=1791 N_cf=10
Windowing:
  config: # windows=1791, spacing=0.09028834343421467, CF order=10
  error tolerance: rtol=0.001, atol=1e-05
Testing N_win=1791 N_cf=9
Windowing:
  config: # windows=1791, spacing=0.09028834343421467, CF order=9
  error tolerance: rtol=0.001, atol=1e-05
Testing N_win=1791 N_cf=8
Windowing:
  config: # windows=1791, spacing=0.09028834343421467, CF order=8
  error tolerance: rtol=0.001, atol=1e-05
Testing N_win=1791 N_cf=7
Windowing:
  config: # windows=1791, spacing=0.09028834343421467, CF order=7
  error tolerance: rtol=0.001, atol=1e-05
Testing N_win=1791 N_cf=6
Windowing:
  config: # windows=1791, spacing=0.09028834343421467, CF order=6
  error tolerance: rtol=0.001, atol=1e-05
Testing N_win=1791 N_cf=5
Windowing:
  config: # windows=1791, spacing=0.09028834343421467, CF order=5
  error tolerance: rtol=0.001, atol=1e-05
Testing N_win=1791 N_cf=4
Windowing:
  config: # windows=1791, spacing=0.09028834343421467, CF order=4
  error tolerance: rtol=0.001, atol=1e-05
Testing N_win=1791 N_cf=3
Windowing:
  config: # windows=1791, spacing=0.09028834343421467, CF order=3
  error tolerance: rtol=0.001, atol=1e-05
Testing N_win=1791 N_cf=2
Windowing:
  config: # windows=1791, spacing=0.09028834343421467, CF order=2
  error tolerance: rtol=0.001, atol=1e-05
Testing N_win=1895 N_cf=10
Windowing:
  config: # windows=1895, spacing=0.08533320479719181, CF order=10
  error tolerance: rtol=0.001, atol=1e-05
Testing N_win=1895 N_cf=9
Windowing:
  config: # windows=1895, spacing=0.08533320479719181, CF order=9
  error tolerance: rtol=0.001, atol=1e-05
Testing N_win=1895 N_cf=8
Windowing:
  config: # windows=1895, spacing=0.08533320479719181, CF order=8
  error tolerance: rtol=0.001, atol=1e-05
Testing N_win=1895 N_cf=7
Windowing:
  config: # windows=1895, spacing=0.08533320479719181, CF order=7
  error tolerance: rtol=0.001, atol=1e-05
Testing N_win=1895 N_cf=6
Windowing:
  config: # windows=1895, spacing=0.08533320479719181, CF order=6
  error tolerance: rtol=0.001, atol=1e-05
Testing N_win=1895 N_cf=5
Windowing:
  config: # windows=1895, spacing=0.08533320479719181, CF order=5
  error tolerance: rtol=0.001, atol=1e-05
Testing N_win=1895 N_cf=4
Windowing:
  config: # windows=1895, spacing=0.08533320479719181, CF order=4
  error tolerance: rtol=0.001, atol=1e-05
Testing N_win=1895 N_cf=3
Windowing:
  config: # windows=1895, spacing=0.08533320479719181, CF order=3
  error tolerance: rtol=0.001, atol=1e-05
Testing N_win=1895 N_cf=2
Windowing:
  config: # windows=1895, spacing=0.08533320479719181, CF order=2
  error tolerance: rtol=0.001, atol=1e-05
Testing N_win=2000 N_cf=10
Windowing:
  config: # windows=2000, spacing=0.08085321154533924, CF order=10
  error tolerance: rtol=0.001, atol=1e-05
Testing N_win=2000 N_cf=9
Windowing:
  config: # windows=2000, spacing=0.08085321154533924, CF order=9
  error tolerance: rtol=0.001, atol=1e-05
Testing N_win=2000 N_cf=8
Windowing:
  config: # windows=2000, spacing=0.08085321154533924, CF order=8
  error tolerance: rtol=0.001, atol=1e-05
Testing N_win=2000 N_cf=7
Windowing:
  config: # windows=2000, spacing=0.08085321154533924, CF order=7
  error tolerance: rtol=0.001, atol=1e-05
Testing N_win=2000 N_cf=6
Windowing:
  config: # windows=2000, spacing=0.08085321154533924, CF order=6
  error tolerance: rtol=0.001, atol=1e-05
Testing N_win=2000 N_cf=5
Windowing:
  config: # windows=2000, spacing=0.08085321154533924, CF order=5
  error tolerance: rtol=0.001, atol=1e-05
Testing N_win=2000 N_cf=4
Windowing:
  config: # windows=2000, spacing=0.08085321154533924, CF order=4
  error tolerance: rtol=0.001, atol=1e-05
Testing N_win=2000 N_cf=3
Windowing:
  config: # windows=2000, spacing=0.08085321154533924, CF order=3
  error tolerance: rtol=0.001, atol=1e-05
Testing N_win=2000 N_cf=2
Windowing:
  config: # windows=2000, spacing=0.08085321154533924, CF order=2
  error tolerance: rtol=0.001, atol=1e-05
Final library: 192 poles, 641 windows, 2 poles per window, 3 CF order
