Running NJOY to get 0K point-wise data (error=0.0005)...
Parsing cross sections within resolved resonance range...
  MTs: [2, 27, 102, 103, 107]
  Energy range: 1.000e-05 to 5.970e+05 eV (22047 points)
Vector fitting piece 1/11...
  energy: 1.000e-05 to 5.245e+03 eV (1289 points)
  error tolerance: rtol=0.001, atol=1e-05
Found 3 peaks
Fitting orders from 6 to 200
Order=6(0/98)
Order=8(1/98)
Order=10(2/98)
Order=12(3/98)
Order=14(4/98)
Order=16(5/98)
Order=18(6/98)
Order=20(7/98)
Order=22(8/98)
Order=24(9/98)
Order=26(10/98)
Order=28(11/98)
Order=30(12/98)
Order=32(13/98)
Order=34(14/98)
Order=36(15/98)
Order=38(16/98)
Order=40(17/98)
Order=42(18/98)
Order=44(19/98)
Order=46(20/98)
Order=48(21/98)
Order=50(22/98)
Order=52(23/98)
Order=54(24/98)
Order=56(25/98)
Order=58(26/98)
Order=60(27/98)
Found 2 real poles and 4 conjugate complex pairs.
Final number of poles: 6
Saved figure: WMP_Lib/Ca40/0-5245_MT2.png
Saved figure: WMP_Lib/Ca40/0-5245_MT27.png
Saved figure: WMP_Lib/Ca40/0-5245_MT102.png
Saved figure: WMP_Lib/Ca40/0-5245_MT107.png
Vector fitting piece 2/11...
  energy: 1.188e+03 to 1.988e+04 eV (1427 points)
  error tolerance: rtol=0.001, atol=1e-05
Found 6 peaks
Fitting orders from 12 to 200
Order=12(0/95)
Order=14(1/95)
Order=16(2/95)
Order=18(3/95)
Order=20(4/95)
Order=22(5/95)
Order=24(6/95)
Order=26(7/95)
Order=28(8/95)
Order=30(9/95)
Order=32(10/95)
Order=34(11/95)
Order=36(12/95)
Order=38(13/95)
Order=40(14/95)
Order=42(15/95)
Order=44(16/95)
Order=46(17/95)
Order=48(18/95)
Order=50(19/95)
Order=52(20/95)
Order=54(21/95)
Order=56(22/95)
Order=58(23/95)
Order=60(24/95)
Order=62(25/95)
Order=64(26/95)
Order=66(27/95)
Order=68(28/95)
Order=70(29/95)
Found 0 real poles and 9 conjugate complex pairs.
Final number of poles: 9
Saved figure: WMP_Lib/Ca40/1188-19876_MT2.png
Saved figure: WMP_Lib/Ca40/1188-19876_MT27.png
Saved figure: WMP_Lib/Ca40/1188-19876_MT102.png
Saved figure: WMP_Lib/Ca40/1188-19876_MT107.png
Vector fitting piece 3/11...
  energy: 1.102e+04 to 4.494e+04 eV (1414 points)
  error tolerance: rtol=0.001, atol=1e-05
Found 4 peaks
Fitting orders from 8 to 200
Order=8(0/97)
Order=10(1/97)
Order=12(2/97)
Order=14(3/97)
Order=16(4/97)
Order=18(5/97)
Order=20(6/97)
Order=22(7/97)
Order=24(8/97)
Order=26(9/97)
Order=28(10/97)
Order=30(11/97)
Order=32(12/97)
Order=34(13/97)
Order=36(14/97)
Order=38(15/97)
Order=40(16/97)
Order=42(17/97)
Order=44(18/97)
Order=46(19/97)
Order=48(20/97)
Order=50(21/97)
Order=52(22/97)
Order=54(23/97)
Order=56(24/97)
Order=58(25/97)
Order=60(26/97)
Found 2 real poles and 6 conjugate complex pairs.
Final number of poles: 8
Saved figure: WMP_Lib/Ca40/11025-44942_MT2.png
Saved figure: WMP_Lib/Ca40/11025-44942_MT27.png
Saved figure: WMP_Lib/Ca40/11025-44942_MT102.png
Saved figure: WMP_Lib/Ca40/11025-44942_MT107.png
Vector fitting piece 4/11...
  energy: 3.057e+04 to 7.962e+04 eV (1565 points)
  error tolerance: rtol=0.001, atol=1e-05
Found 6 peaks
Fitting orders from 12 to 200
Order=12(0/95)
Order=14(1/95)
Order=16(2/95)
Order=18(3/95)
Order=20(4/95)
Order=22(5/95)
Order=24(6/95)
Order=26(7/95)
Order=28(8/95)
Order=30(9/95)
Order=32(10/95)
Order=34(11/95)
Order=36(12/95)
Order=38(13/95)
Order=40(14/95)
Order=42(15/95)
Order=44(16/95)
Order=46(17/95)
Order=48(18/95)
Order=50(19/95)
Order=52(20/95)
Order=54(21/95)
Order=56(22/95)
Order=58(23/95)
Order=60(24/95)
Order=62(25/95)
Order=64(26/95)
Order=66(27/95)
Order=68(28/95)
Order=70(29/95)
Found 2 real poles and 7 conjugate complex pairs.
Final number of poles: 9
Saved figure: WMP_Lib/Ca40/30573-79624_MT2.png
Saved figure: WMP_Lib/Ca40/30573-79624_MT27.png
Saved figure: WMP_Lib/Ca40/30573-79624_MT102.png
Saved figure: WMP_Lib/Ca40/30573-79624_MT107.png
Vector fitting piece 5/11...
  energy: 6.013e+04 to 1.237e+05 eV (2542 points)
  error tolerance: rtol=0.001, atol=1e-05
Found 10 peaks
Fitting orders from 20 to 200
Order=20(0/91)
Order=22(1/91)
Order=24(2/91)
Order=26(3/91)
Order=28(4/91)
Order=30(5/91)
Order=32(6/91)
Order=34(7/91)
Order=36(8/91)
Order=38(9/91)
Order=40(10/91)
Order=42(11/91)
Order=44(12/91)
Order=46(13/91)
Order=48(14/91)
Order=50(15/91)
Order=52(16/91)
Order=54(17/91)
Order=56(18/91)
Order=58(19/91)
Order=60(20/91)
Order=62(21/91)
Order=64(22/91)
Order=66(23/91)
Order=68(24/91)
Order=70(25/91)
Found 4 real poles and 11 conjugate complex pairs.
Final number of poles: 15
Saved figure: WMP_Lib/Ca40/60128-123743_MT2.png
Saved figure: WMP_Lib/Ca40/60128-123743_MT27.png
Saved figure: WMP_Lib/Ca40/60128-123743_MT102.png
Saved figure: WMP_Lib/Ca40/60128-123743_MT107.png
Vector fitting piece 6/11...
  energy: 9.966e+04 to 1.780e+05 eV (4277 points)
  error tolerance: rtol=0.001, atol=1e-05
Found 19 peaks
Fitting orders from 38 to 200
Order=38(0/82)
Order=40(1/82)
Order=42(2/82)
Order=44(3/82)
Order=46(4/82)
Order=48(5/82)
Order=50(6/82)
Order=52(7/82)
Order=54(8/82)
Order=56(9/82)
Order=58(10/82)
Order=60(11/82)
Order=62(12/82)
Order=64(13/82)
Order=66(14/82)
Order=68(15/82)
Order=70(16/82)
Found 2 real poles and 21 conjugate complex pairs.
Final number of poles: 23
Saved figure: WMP_Lib/Ca40/99655-178028_MT2.png
Saved figure: WMP_Lib/Ca40/99655-178028_MT27.png
Saved figure: WMP_Lib/Ca40/99655-178028_MT102.png
Saved figure: WMP_Lib/Ca40/99655-178028_MT107.png
Vector fitting piece 7/11...
  energy: 1.490e+05 to 2.421e+05 eV (4283 points)
  error tolerance: rtol=0.001, atol=1e-05
Found 20 peaks
Fitting orders from 40 to 200
Order=40(0/81)
Order=42(1/81)
Order=44(2/81)
Order=46(3/81)
Order=48(4/81)
Order=50(5/81)
Order=52(6/81)
Order=54(7/81)
Order=56(8/81)
Order=58(9/81)
Order=60(10/81)
Order=62(11/81)
Order=64(12/81)
Order=66(13/81)
Order=68(14/81)
Order=70(15/81)
Found 2 real poles and 22 conjugate complex pairs.
Final number of poles: 24
Saved figure: WMP_Lib/Ca40/148951-242119_MT2.png
Saved figure: WMP_Lib/Ca40/148951-242119_MT27.png
Saved figure: WMP_Lib/Ca40/148951-242119_MT102.png
Saved figure: WMP_Lib/Ca40/148951-242119_MT107.png
Vector fitting piece 8/11...
  energy: 2.081e+05 to 3.165e+05 eV (4567 points)
  error tolerance: rtol=0.001, atol=1e-05
Found 24 peaks
Fitting orders from 48 to 200
Order=48(0/77)
Order=50(1/77)
Order=52(2/77)
Order=54(3/77)
Order=56(4/77)
Order=58(5/77)
Order=60(6/77)
Order=62(7/77)
Order=64(8/77)
Found 2 real poles and 26 conjugate complex pairs.
Final number of poles: 28
Saved figure: WMP_Lib/Ca40/208082-316478_MT2.png
Saved figure: WMP_Lib/Ca40/208082-316478_MT27.png
Saved figure: WMP_Lib/Ca40/208082-316478_MT102.png
Saved figure: WMP_Lib/Ca40/208082-316478_MT107.png
Vector fitting piece 9/11...
  energy: 2.771e+05 to 4.004e+05 eV (5202 points)
  error tolerance: rtol=0.001, atol=1e-05
Found 28 peaks
Fitting orders from 56 to 200
Order=56(0/73)
Order=58(1/73)
Order=60(2/73)
Order=62(3/73)
Order=64(4/73)
Order=66(5/73)
Order=68(6/73)
Order=70(7/73)
Found 2 real poles and 29 conjugate complex pairs.
Final number of poles: 31
Saved figure: WMP_Lib/Ca40/277085-400398_MT2.png
Saved figure: WMP_Lib/Ca40/277085-400398_MT27.png
Saved figure: WMP_Lib/Ca40/277085-400398_MT102.png
Saved figure: WMP_Lib/Ca40/277085-400398_MT107.png
Vector fitting piece 10/11...
  energy: 3.561e+05 to 4.939e+05 eV (3558 points)
  error tolerance: rtol=0.001, atol=1e-05
Found 19 peaks
Fitting orders from 38 to 200
Order=38(0/82)
Order=40(1/82)
Order=42(2/82)
Order=44(3/82)
Order=46(4/82)
Order=48(5/82)
Order=50(6/82)
Order=52(7/82)
Order=54(8/82)
Order=56(9/82)
Order=58(10/82)
Order=60(11/82)
Found 4 real poles and 20 conjugate complex pairs.
Final number of poles: 24
Saved figure: WMP_Lib/Ca40/356059-493911_MT2.png
Saved figure: WMP_Lib/Ca40/356059-493911_MT27.png
Saved figure: WMP_Lib/Ca40/356059-493911_MT102.png
Saved figure: WMP_Lib/Ca40/356059-493911_MT107.png
Vector fitting piece 11/11...
  energy: 4.448e+05 to 5.970e+05 eV (3200 points)
  error tolerance: rtol=0.001, atol=1e-05
Found 17 peaks
Fitting orders from 34 to 200
Order=34(0/84)
Order=36(1/84)
Order=38(2/84)
Order=40(3/84)
Order=42(4/84)
Order=44(5/84)
Order=46(6/84)
Order=48(7/84)
Order=50(8/84)
Order=52(9/84)
Order=54(10/84)
Order=56(11/84)
Order=58(12/84)
Order=60(13/84)
Found 2 real poles and 20 conjugate complex pairs.
Final number of poles: 22
Saved figure: WMP_Lib/Ca40/444764-596978_MT2.png
Saved figure: WMP_Lib/Ca40/444764-596978_MT27.png
Saved figure: WMP_Lib/Ca40/444764-596978_MT102.png
Saved figure: WMP_Lib/Ca40/444764-596978_MT107.png
Dumped multipole data to file: WMP_Lib/Ca40/Ca40_mp.pickle
Start searching ...
Testing N_win=9 N_cf=10
Failed: Window spacing cannot be larger than piece spacing.
Testing N_win=113 N_cf=10
Windowing:
  config: # windows=113, spacing=6.837524401934907, CF order=10
  error tolerance: rtol=0.001, atol=1e-05
Best library so far.
Testing N_win=113 N_cf=9
Windowing:
  config: # windows=113, spacing=6.837524401934907, CF order=9
  error tolerance: rtol=0.001, atol=1e-05
Best library so far.
Testing N_win=113 N_cf=8
Windowing:
  config: # windows=113, spacing=6.837524401934907, CF order=8
  error tolerance: rtol=0.001, atol=1e-05
Best library so far.
Testing N_win=113 N_cf=7
Windowing:
  config: # windows=113, spacing=6.837524401934907, CF order=7
  error tolerance: rtol=0.001, atol=1e-05
Best library so far.
Testing N_win=113 N_cf=6
Windowing:
  config: # windows=113, spacing=6.837524401934907, CF order=6
  error tolerance: rtol=0.001, atol=1e-05
Best library so far.
Testing N_win=113 N_cf=5
Windowing:
  config: # windows=113, spacing=6.837524401934907, CF order=5
  error tolerance: rtol=0.001, atol=1e-05
Best library so far.
Testing N_win=113 N_cf=4
Windowing:
  config: # windows=113, spacing=6.837524401934907, CF order=4
  error tolerance: rtol=0.001, atol=1e-05
Best library so far.
Testing N_win=113 N_cf=3
Windowing:
  config: # windows=113, spacing=6.837524401934907, CF order=3
  error tolerance: rtol=0.001, atol=1e-05
Best library so far.
Testing N_win=113 N_cf=2
Windowing:
  config: # windows=113, spacing=6.837524401934907, CF order=2
  error tolerance: rtol=0.001, atol=1e-05
Failed: Pure curvefit failed for the first window!
Testing N_win=218 N_cf=10
Windowing:
  config: # windows=218, spacing=3.544221364305709, CF order=10
  error tolerance: rtol=0.001, atol=1e-05
Best library so far.
Testing N_win=218 N_cf=9
Windowing:
  config: # windows=218, spacing=3.544221364305709, CF order=9
  error tolerance: rtol=0.001, atol=1e-05
Best library so far.
Testing N_win=218 N_cf=8
Windowing:
  config: # windows=218, spacing=3.544221364305709, CF order=8
  error tolerance: rtol=0.001, atol=1e-05
Best library so far.
Testing N_win=218 N_cf=7
Windowing:
  config: # windows=218, spacing=3.544221364305709, CF order=7
  error tolerance: rtol=0.001, atol=1e-05
Best library so far.
Testing N_win=218 N_cf=6
Windowing:
  config: # windows=218, spacing=3.544221364305709, CF order=6
  error tolerance: rtol=0.001, atol=1e-05
Best library so far.
Testing N_win=218 N_cf=5
Windowing:
  config: # windows=218, spacing=3.544221364305709, CF order=5
  error tolerance: rtol=0.001, atol=1e-05
Best library so far.
Testing N_win=218 N_cf=4
Windowing:
  config: # windows=218, spacing=3.544221364305709, CF order=4
  error tolerance: rtol=0.001, atol=1e-05
Best library so far.
Testing N_win=218 N_cf=3
Windowing:
  config: # windows=218, spacing=3.544221364305709, CF order=3
  error tolerance: rtol=0.001, atol=1e-05
Best library so far.
Testing N_win=218 N_cf=2
Windowing:
  config: # windows=218, spacing=3.544221364305709, CF order=2
  error tolerance: rtol=0.001, atol=1e-05
Best library so far.
Testing N_win=323 N_cf=10
Windowing:
  config: # windows=323, spacing=2.3920751003673204, CF order=10
  error tolerance: rtol=0.001, atol=1e-05
Testing N_win=323 N_cf=9
Windowing:
  config: # windows=323, spacing=2.3920751003673204, CF order=9
  error tolerance: rtol=0.001, atol=1e-05
Testing N_win=323 N_cf=8
Windowing:
  config: # windows=323, spacing=2.3920751003673204, CF order=8
  error tolerance: rtol=0.001, atol=1e-05
Testing N_win=323 N_cf=7
Windowing:
  config: # windows=323, spacing=2.3920751003673204, CF order=7
  error tolerance: rtol=0.001, atol=1e-05
Testing N_win=323 N_cf=6
Windowing:
  config: # windows=323, spacing=2.3920751003673204, CF order=6
  error tolerance: rtol=0.001, atol=1e-05
Testing N_win=323 N_cf=5
Windowing:
  config: # windows=323, spacing=2.3920751003673204, CF order=5
  error tolerance: rtol=0.001, atol=1e-05
Testing N_win=323 N_cf=4
Windowing:
  config: # windows=323, spacing=2.3920751003673204, CF order=4
  error tolerance: rtol=0.001, atol=1e-05
Best library so far.
Testing N_win=323 N_cf=3
Windowing:
  config: # windows=323, spacing=2.3920751003673204, CF order=3
  error tolerance: rtol=0.001, atol=1e-05
Best library so far.
Testing N_win=323 N_cf=2
Windowing:
  config: # windows=323, spacing=2.3920751003673204, CF order=2
  error tolerance: rtol=0.001, atol=1e-05
Best library so far.
Testing N_win=428 N_cf=10
Windowing:
  config: # windows=428, spacing=1.8052342463052442, CF order=10
  error tolerance: rtol=0.001, atol=1e-05
Testing N_win=428 N_cf=9
Windowing:
  config: # windows=428, spacing=1.8052342463052442, CF order=9
  error tolerance: rtol=0.001, atol=1e-05
Testing N_win=428 N_cf=8
Windowing:
  config: # windows=428, spacing=1.8052342463052442, CF order=8
  error tolerance: rtol=0.001, atol=1e-05
Testing N_win=428 N_cf=7
Windowing:
  config: # windows=428, spacing=1.8052342463052442, CF order=7
  error tolerance: rtol=0.001, atol=1e-05
Testing N_win=428 N_cf=6
Windowing:
  config: # windows=428, spacing=1.8052342463052442, CF order=6
  error tolerance: rtol=0.001, atol=1e-05
Testing N_win=428 N_cf=5
Windowing:
  config: # windows=428, spacing=1.8052342463052442, CF order=5
  error tolerance: rtol=0.001, atol=1e-05
Testing N_win=428 N_cf=4
Windowing:
  config: # windows=428, spacing=1.8052342463052442, CF order=4
  error tolerance: rtol=0.001, atol=1e-05
Testing N_win=428 N_cf=3
Windowing:
  config: # windows=428, spacing=1.8052342463052442, CF order=3
  error tolerance: rtol=0.001, atol=1e-05
Testing N_win=428 N_cf=2
Windowing:
  config: # windows=428, spacing=1.8052342463052442, CF order=2
  error tolerance: rtol=0.001, atol=1e-05
Testing N_win=532 N_cf=10
Windowing:
  config: # windows=532, spacing=1.4523313109373017, CF order=10
  error tolerance: rtol=0.001, atol=1e-05
Testing N_win=532 N_cf=9
Windowing:
  config: # windows=532, spacing=1.4523313109373017, CF order=9
  error tolerance: rtol=0.001, atol=1e-05
Testing N_win=532 N_cf=8
Windowing:
  config: # windows=532, spacing=1.4523313109373017, CF order=8
  error tolerance: rtol=0.001, atol=1e-05
Testing N_win=532 N_cf=7
Windowing:
  config: # windows=532, spacing=1.4523313109373017, CF order=7
  error tolerance: rtol=0.001, atol=1e-05
Testing N_win=532 N_cf=6
Windowing:
  config: # windows=532, spacing=1.4523313109373017, CF order=6
  error tolerance: rtol=0.001, atol=1e-05
Testing N_win=532 N_cf=5
Windowing:
  config: # windows=532, spacing=1.4523313109373017, CF order=5
  error tolerance: rtol=0.001, atol=1e-05
Testing N_win=532 N_cf=4
Windowing:
  config: # windows=532, spacing=1.4523313109373017, CF order=4
  error tolerance: rtol=0.001, atol=1e-05
Testing N_win=532 N_cf=3
Windowing:
  config: # windows=532, spacing=1.4523313109373017, CF order=3
  error tolerance: rtol=0.001, atol=1e-05
Testing N_win=532 N_cf=2
Windowing:
  config: # windows=532, spacing=1.4523313109373017, CF order=2
  error tolerance: rtol=0.001, atol=1e-05
Testing N_win=637 N_cf=10
Windowing:
  config: # windows=637, spacing=1.2129360399036806, CF order=10
  error tolerance: rtol=0.001, atol=1e-05
Testing N_win=637 N_cf=9
Windowing:
  config: # windows=637, spacing=1.2129360399036806, CF order=9
  error tolerance: rtol=0.001, atol=1e-05
Testing N_win=637 N_cf=8
Windowing:
  config: # windows=637, spacing=1.2129360399036806, CF order=8
  error tolerance: rtol=0.001, atol=1e-05
Testing N_win=637 N_cf=7
Windowing:
  config: # windows=637, spacing=1.2129360399036806, CF order=7
  error tolerance: rtol=0.001, atol=1e-05
Testing N_win=637 N_cf=6
Windowing:
  config: # windows=637, spacing=1.2129360399036806, CF order=6
  error tolerance: rtol=0.001, atol=1e-05
Testing N_win=637 N_cf=5
Windowing:
  config: # windows=637, spacing=1.2129360399036806, CF order=5
  error tolerance: rtol=0.001, atol=1e-05
Testing N_win=637 N_cf=4
Windowing:
  config: # windows=637, spacing=1.2129360399036806, CF order=4
  error tolerance: rtol=0.001, atol=1e-05
Testing N_win=637 N_cf=3
Windowing:
  config: # windows=637, spacing=1.2129360399036806, CF order=3
  error tolerance: rtol=0.001, atol=1e-05
Testing N_win=637 N_cf=2
Windowing:
  config: # windows=637, spacing=1.2129360399036806, CF order=2
  error tolerance: rtol=0.001, atol=1e-05
Testing N_win=742 N_cf=10
Windowing:
  config: # windows=742, spacing=1.0412941474644806, CF order=10
  error tolerance: rtol=0.001, atol=1e-05
Testing N_win=742 N_cf=9
Windowing:
  config: # windows=742, spacing=1.0412941474644806, CF order=9
  error tolerance: rtol=0.001, atol=1e-05
Testing N_win=742 N_cf=8
Windowing:
  config: # windows=742, spacing=1.0412941474644806, CF order=8
  error tolerance: rtol=0.001, atol=1e-05
Testing N_win=742 N_cf=7
Windowing:
  config: # windows=742, spacing=1.0412941474644806, CF order=7
  error tolerance: rtol=0.001, atol=1e-05
Testing N_win=742 N_cf=6
Windowing:
  config: # windows=742, spacing=1.0412941474644806, CF order=6
  error tolerance: rtol=0.001, atol=1e-05
Testing N_win=742 N_cf=5
Windowing:
  config: # windows=742, spacing=1.0412941474644806, CF order=5
  error tolerance: rtol=0.001, atol=1e-05
Testing N_win=742 N_cf=4
Windowing:
  config: # windows=742, spacing=1.0412941474644806, CF order=4
  error tolerance: rtol=0.001, atol=1e-05
Testing N_win=742 N_cf=3
Windowing:
  config: # windows=742, spacing=1.0412941474644806, CF order=3
  error tolerance: rtol=0.001, atol=1e-05
Testing N_win=742 N_cf=2
Windowing:
  config: # windows=742, spacing=1.0412941474644806, CF order=2
  error tolerance: rtol=0.001, atol=1e-05
Testing N_win=847 N_cf=10
Windowing:
  config: # windows=847, spacing=0.9122080961259085, CF order=10
  error tolerance: rtol=0.001, atol=1e-05
Testing N_win=847 N_cf=9
Windowing:
  config: # windows=847, spacing=0.9122080961259085, CF order=9
  error tolerance: rtol=0.001, atol=1e-05
Testing N_win=847 N_cf=8
Windowing:
  config: # windows=847, spacing=0.9122080961259085, CF order=8
  error tolerance: rtol=0.001, atol=1e-05
Testing N_win=847 N_cf=7
Windowing:
  config: # windows=847, spacing=0.9122080961259085, CF order=7
  error tolerance: rtol=0.001, atol=1e-05
Testing N_win=847 N_cf=6
Windowing:
  config: # windows=847, spacing=0.9122080961259085, CF order=6
  error tolerance: rtol=0.001, atol=1e-05
Testing N_win=847 N_cf=5
Windowing:
  config: # windows=847, spacing=0.9122080961259085, CF order=5
  error tolerance: rtol=0.001, atol=1e-05
Testing N_win=847 N_cf=4
Windowing:
  config: # windows=847, spacing=0.9122080961259085, CF order=4
  error tolerance: rtol=0.001, atol=1e-05
Testing N_win=847 N_cf=3
Windowing:
  config: # windows=847, spacing=0.9122080961259085, CF order=3
  error tolerance: rtol=0.001, atol=1e-05
Testing N_win=847 N_cf=2
Windowing:
  config: # windows=847, spacing=0.9122080961259085, CF order=2
  error tolerance: rtol=0.001, atol=1e-05
Testing N_win=952 N_cf=10
Windowing:
  config: # windows=952, spacing=0.811596909053198, CF order=10
  error tolerance: rtol=0.001, atol=1e-05
Testing N_win=952 N_cf=9
Windowing:
  config: # windows=952, spacing=0.811596909053198, CF order=9
  error tolerance: rtol=0.001, atol=1e-05
Testing N_win=952 N_cf=8
Windowing:
  config: # windows=952, spacing=0.811596909053198, CF order=8
  error tolerance: rtol=0.001, atol=1e-05
Testing N_win=952 N_cf=7
Windowing:
  config: # windows=952, spacing=0.811596909053198, CF order=7
  error tolerance: rtol=0.001, atol=1e-05
Testing N_win=952 N_cf=6
Windowing:
  config: # windows=952, spacing=0.811596909053198, CF order=6
  error tolerance: rtol=0.001, atol=1e-05
Testing N_win=952 N_cf=5
Windowing:
  config: # windows=952, spacing=0.811596909053198, CF order=5
  error tolerance: rtol=0.001, atol=1e-05
Testing N_win=952 N_cf=4
Windowing:
  config: # windows=952, spacing=0.811596909053198, CF order=4
  error tolerance: rtol=0.001, atol=1e-05
Testing N_win=952 N_cf=3
Windowing:
  config: # windows=952, spacing=0.811596909053198, CF order=3
  error tolerance: rtol=0.001, atol=1e-05
Testing N_win=952 N_cf=2
Windowing:
  config: # windows=952, spacing=0.811596909053198, CF order=2
  error tolerance: rtol=0.001, atol=1e-05
Testing N_win=1056 N_cf=10
Windowing:
  config: # windows=1056, spacing=0.7316669104343224, CF order=10
  error tolerance: rtol=0.001, atol=1e-05
Testing N_win=1056 N_cf=9
Windowing:
  config: # windows=1056, spacing=0.7316669104343224, CF order=9
  error tolerance: rtol=0.001, atol=1e-05
Testing N_win=1056 N_cf=8
Windowing:
  config: # windows=1056, spacing=0.7316669104343224, CF order=8
  error tolerance: rtol=0.001, atol=1e-05
Testing N_win=1056 N_cf=7
Windowing:
  config: # windows=1056, spacing=0.7316669104343224, CF order=7
  error tolerance: rtol=0.001, atol=1e-05
Testing N_win=1056 N_cf=6
Windowing:
  config: # windows=1056, spacing=0.7316669104343224, CF order=6
  error tolerance: rtol=0.001, atol=1e-05
Testing N_win=1056 N_cf=5
Windowing:
  config: # windows=1056, spacing=0.7316669104343224, CF order=5
  error tolerance: rtol=0.001, atol=1e-05
Testing N_win=1056 N_cf=4
Windowing:
  config: # windows=1056, spacing=0.7316669104343224, CF order=4
  error tolerance: rtol=0.001, atol=1e-05
Testing N_win=1056 N_cf=3
Windowing:
  config: # windows=1056, spacing=0.7316669104343224, CF order=3
  error tolerance: rtol=0.001, atol=1e-05
Testing N_win=1056 N_cf=2
Windowing:
  config: # windows=1056, spacing=0.7316669104343224, CF order=2
  error tolerance: rtol=0.001, atol=1e-05
Testing N_win=1161 N_cf=10
Windowing:
  config: # windows=1161, spacing=0.6654954844260504, CF order=10
  error tolerance: rtol=0.001, atol=1e-05
Testing N_win=1161 N_cf=9
Windowing:
  config: # windows=1161, spacing=0.6654954844260504, CF order=9
  error tolerance: rtol=0.001, atol=1e-05
Testing N_win=1161 N_cf=8
Windowing:
  config: # windows=1161, spacing=0.6654954844260504, CF order=8
  error tolerance: rtol=0.001, atol=1e-05
Testing N_win=1161 N_cf=7
Windowing:
  config: # windows=1161, spacing=0.6654954844260504, CF order=7
  error tolerance: rtol=0.001, atol=1e-05
Testing N_win=1161 N_cf=6
Windowing:
  config: # windows=1161, spacing=0.6654954844260504, CF order=6
  error tolerance: rtol=0.001, atol=1e-05
Testing N_win=1161 N_cf=5
Windowing:
  config: # windows=1161, spacing=0.6654954844260504, CF order=5
  error tolerance: rtol=0.001, atol=1e-05
Testing N_win=1161 N_cf=4
Windowing:
  config: # windows=1161, spacing=0.6654954844260504, CF order=4
  error tolerance: rtol=0.001, atol=1e-05
Testing N_win=1161 N_cf=3
Windowing:
  config: # windows=1161, spacing=0.6654954844260504, CF order=3
  error tolerance: rtol=0.001, atol=1e-05
Testing N_win=1161 N_cf=2
Windowing:
  config: # windows=1161, spacing=0.6654954844260504, CF order=2
  error tolerance: rtol=0.001, atol=1e-05
Testing N_win=1266 N_cf=10
Windowing:
  config: # windows=1266, spacing=0.6103003613101458, CF order=10
  error tolerance: rtol=0.001, atol=1e-05
Testing N_win=1266 N_cf=9
Windowing:
  config: # windows=1266, spacing=0.6103003613101458, CF order=9
  error tolerance: rtol=0.001, atol=1e-05
Testing N_win=1266 N_cf=8
Windowing:
  config: # windows=1266, spacing=0.6103003613101458, CF order=8
  error tolerance: rtol=0.001, atol=1e-05
Testing N_win=1266 N_cf=7
Windowing:
  config: # windows=1266, spacing=0.6103003613101458, CF order=7
  error tolerance: rtol=0.001, atol=1e-05
Testing N_win=1266 N_cf=6
Windowing:
  config: # windows=1266, spacing=0.6103003613101458, CF order=6
  error tolerance: rtol=0.001, atol=1e-05
Testing N_win=1266 N_cf=5
Windowing:
  config: # windows=1266, spacing=0.6103003613101458, CF order=5
  error tolerance: rtol=0.001, atol=1e-05
Testing N_win=1266 N_cf=4
Windowing:
  config: # windows=1266, spacing=0.6103003613101458, CF order=4
  error tolerance: rtol=0.001, atol=1e-05
Testing N_win=1266 N_cf=3
Windowing:
  config: # windows=1266, spacing=0.6103003613101458, CF order=3
  error tolerance: rtol=0.001, atol=1e-05
Testing N_win=1266 N_cf=2
Windowing:
  config: # windows=1266, spacing=0.6103003613101458, CF order=2
  error tolerance: rtol=0.001, atol=1e-05
Testing N_win=1371 N_cf=10
Windowing:
  config: # windows=1371, spacing=0.563559633419872, CF order=10
  error tolerance: rtol=0.001, atol=1e-05
Testing N_win=1371 N_cf=9
Windowing:
  config: # windows=1371, spacing=0.563559633419872, CF order=9
  error tolerance: rtol=0.001, atol=1e-05
Testing N_win=1371 N_cf=8
Windowing:
  config: # windows=1371, spacing=0.563559633419872, CF order=8
  error tolerance: rtol=0.001, atol=1e-05
Testing N_win=1371 N_cf=7
Windowing:
  config: # windows=1371, spacing=0.563559633419872, CF order=7
  error tolerance: rtol=0.001, atol=1e-05
Testing N_win=1371 N_cf=6
Windowing:
  config: # windows=1371, spacing=0.563559633419872, CF order=6
  error tolerance: rtol=0.001, atol=1e-05
Testing N_win=1371 N_cf=5
Windowing:
  config: # windows=1371, spacing=0.563559633419872, CF order=5
  error tolerance: rtol=0.001, atol=1e-05
Testing N_win=1371 N_cf=4
Windowing:
  config: # windows=1371, spacing=0.563559633419872, CF order=4
  error tolerance: rtol=0.001, atol=1e-05
Testing N_win=1371 N_cf=3
Windowing:
  config: # windows=1371, spacing=0.563559633419872, CF order=3
  error tolerance: rtol=0.001, atol=1e-05
Testing N_win=1371 N_cf=2
Windowing:
  config: # windows=1371, spacing=0.563559633419872, CF order=2
  error tolerance: rtol=0.001, atol=1e-05
Testing N_win=1476 N_cf=10
Windowing:
  config: # windows=1476, spacing=0.5234690090912226, CF order=10
  error tolerance: rtol=0.001, atol=1e-05
Testing N_win=1476 N_cf=9
Windowing:
  config: # windows=1476, spacing=0.5234690090912226, CF order=9
  error tolerance: rtol=0.001, atol=1e-05
Testing N_win=1476 N_cf=8
Windowing:
  config: # windows=1476, spacing=0.5234690090912226, CF order=8
  error tolerance: rtol=0.001, atol=1e-05
Testing N_win=1476 N_cf=7
Windowing:
  config: # windows=1476, spacing=0.5234690090912226, CF order=7
  error tolerance: rtol=0.001, atol=1e-05
Testing N_win=1476 N_cf=6
Windowing:
  config: # windows=1476, spacing=0.5234690090912226, CF order=6
  error tolerance: rtol=0.001, atol=1e-05
Testing N_win=1476 N_cf=5
Windowing:
  config: # windows=1476, spacing=0.5234690090912226, CF order=5
  error tolerance: rtol=0.001, atol=1e-05
Testing N_win=1476 N_cf=4
Windowing:
  config: # windows=1476, spacing=0.5234690090912226, CF order=4
  error tolerance: rtol=0.001, atol=1e-05
Testing N_win=1476 N_cf=3
Windowing:
  config: # windows=1476, spacing=0.5234690090912226, CF order=3
  error tolerance: rtol=0.001, atol=1e-05
Testing N_win=1476 N_cf=2
Windowing:
  config: # windows=1476, spacing=0.5234690090912226, CF order=2
  error tolerance: rtol=0.001, atol=1e-05
Testing N_win=1580 N_cf=10
Windowing:
  config: # windows=1580, spacing=0.48901282115104083, CF order=10
  error tolerance: rtol=0.001, atol=1e-05
Testing N_win=1580 N_cf=9
Windowing:
  config: # windows=1580, spacing=0.48901282115104083, CF order=9
  error tolerance: rtol=0.001, atol=1e-05
Testing N_win=1580 N_cf=8
Windowing:
  config: # windows=1580, spacing=0.48901282115104083, CF order=8
  error tolerance: rtol=0.001, atol=1e-05
Testing N_win=1580 N_cf=7
Windowing:
  config: # windows=1580, spacing=0.48901282115104083, CF order=7
  error tolerance: rtol=0.001, atol=1e-05
Testing N_win=1580 N_cf=6
Windowing:
  config: # windows=1580, spacing=0.48901282115104083, CF order=6
  error tolerance: rtol=0.001, atol=1e-05
Testing N_win=1580 N_cf=5
Windowing:
  config: # windows=1580, spacing=0.48901282115104083, CF order=5
  error tolerance: rtol=0.001, atol=1e-05
Testing N_win=1580 N_cf=4
Windowing:
  config: # windows=1580, spacing=0.48901282115104083, CF order=4
  error tolerance: rtol=0.001, atol=1e-05
Testing N_win=1580 N_cf=3
Windowing:
  config: # windows=1580, spacing=0.48901282115104083, CF order=3
  error tolerance: rtol=0.001, atol=1e-05
Testing N_win=1580 N_cf=2
Windowing:
  config: # windows=1580, spacing=0.48901282115104083, CF order=2
  error tolerance: rtol=0.001, atol=1e-05
Testing N_win=1685 N_cf=10
Windowing:
  config: # windows=1685, spacing=0.4585402121178899, CF order=10
  error tolerance: rtol=0.001, atol=1e-05
Testing N_win=1685 N_cf=9
Windowing:
  config: # windows=1685, spacing=0.4585402121178899, CF order=9
  error tolerance: rtol=0.001, atol=1e-05
Testing N_win=1685 N_cf=8
Windowing:
  config: # windows=1685, spacing=0.4585402121178899, CF order=8
  error tolerance: rtol=0.001, atol=1e-05
Testing N_win=1685 N_cf=7
Windowing:
  config: # windows=1685, spacing=0.4585402121178899, CF order=7
  error tolerance: rtol=0.001, atol=1e-05
Testing N_win=1685 N_cf=6
Windowing:
  config: # windows=1685, spacing=0.4585402121178899, CF order=6
  error tolerance: rtol=0.001, atol=1e-05
Testing N_win=1685 N_cf=5
Windowing:
  config: # windows=1685, spacing=0.4585402121178899, CF order=5
  error tolerance: rtol=0.001, atol=1e-05
Testing N_win=1685 N_cf=4
Windowing:
  config: # windows=1685, spacing=0.4585402121178899, CF order=4
  error tolerance: rtol=0.001, atol=1e-05
Testing N_win=1685 N_cf=3
Windowing:
  config: # windows=1685, spacing=0.4585402121178899, CF order=3
  error tolerance: rtol=0.001, atol=1e-05
Testing N_win=1685 N_cf=2
Windowing:
  config: # windows=1685, spacing=0.4585402121178899, CF order=2
  error tolerance: rtol=0.001, atol=1e-05
Testing N_win=1790 N_cf=10
Windowing:
  config: # windows=1790, spacing=0.43164260190985726, CF order=10
  error tolerance: rtol=0.001, atol=1e-05
Testing N_win=1790 N_cf=9
Windowing:
  config: # windows=1790, spacing=0.43164260190985726, CF order=9
  error tolerance: rtol=0.001, atol=1e-05
Testing N_win=1790 N_cf=8
Windowing:
  config: # windows=1790, spacing=0.43164260190985726, CF order=8
  error tolerance: rtol=0.001, atol=1e-05
Testing N_win=1790 N_cf=7
Windowing:
  config: # windows=1790, spacing=0.43164260190985726, CF order=7
  error tolerance: rtol=0.001, atol=1e-05
Testing N_win=1790 N_cf=6
Windowing:
  config: # windows=1790, spacing=0.43164260190985726, CF order=6
  error tolerance: rtol=0.001, atol=1e-05
Testing N_win=1790 N_cf=5
Windowing:
  config: # windows=1790, spacing=0.43164260190985726, CF order=5
  error tolerance: rtol=0.001, atol=1e-05
Testing N_win=1790 N_cf=4
Windowing:
  config: # windows=1790, spacing=0.43164260190985726, CF order=4
  error tolerance: rtol=0.001, atol=1e-05
Testing N_win=1790 N_cf=3
Windowing:
  config: # windows=1790, spacing=0.43164260190985726, CF order=3
  error tolerance: rtol=0.001, atol=1e-05
Testing N_win=1790 N_cf=2
Windowing:
  config: # windows=1790, spacing=0.43164260190985726, CF order=2
  error tolerance: rtol=0.001, atol=1e-05
Testing N_win=1895 N_cf=10
Windowing:
  config: # windows=1895, spacing=0.40772572950851954, CF order=10
  error tolerance: rtol=0.001, atol=1e-05
Testing N_win=1895 N_cf=9
Windowing:
  config: # windows=1895, spacing=0.40772572950851954, CF order=9
  error tolerance: rtol=0.001, atol=1e-05
Testing N_win=1895 N_cf=8
Windowing:
  config: # windows=1895, spacing=0.40772572950851954, CF order=8
  error tolerance: rtol=0.001, atol=1e-05
Testing N_win=1895 N_cf=7
Windowing:
  config: # windows=1895, spacing=0.40772572950851954, CF order=7
  error tolerance: rtol=0.001, atol=1e-05
Testing N_win=1895 N_cf=6
Windowing:
  config: # windows=1895, spacing=0.40772572950851954, CF order=6
  error tolerance: rtol=0.001, atol=1e-05
Testing N_win=1895 N_cf=5
Windowing:
  config: # windows=1895, spacing=0.40772572950851954, CF order=5
  error tolerance: rtol=0.001, atol=1e-05
Testing N_win=1895 N_cf=4
Windowing:
  config: # windows=1895, spacing=0.40772572950851954, CF order=4
  error tolerance: rtol=0.001, atol=1e-05
Testing N_win=1895 N_cf=3
Windowing:
  config: # windows=1895, spacing=0.40772572950851954, CF order=3
  error tolerance: rtol=0.001, atol=1e-05
Testing N_win=1895 N_cf=2
Windowing:
  config: # windows=1895, spacing=0.40772572950851954, CF order=2
  error tolerance: rtol=0.001, atol=1e-05
Testing N_win=2000 N_cf=10
Windowing:
  config: # windows=2000, spacing=0.38632012870932225, CF order=10
  error tolerance: rtol=0.001, atol=1e-05
Testing N_win=2000 N_cf=9
Windowing:
  config: # windows=2000, spacing=0.38632012870932225, CF order=9
  error tolerance: rtol=0.001, atol=1e-05
Testing N_win=2000 N_cf=8
Windowing:
  config: # windows=2000, spacing=0.38632012870932225, CF order=8
  error tolerance: rtol=0.001, atol=1e-05
Testing N_win=2000 N_cf=7
Windowing:
  config: # windows=2000, spacing=0.38632012870932225, CF order=7
  error tolerance: rtol=0.001, atol=1e-05
Testing N_win=2000 N_cf=6
Windowing:
  config: # windows=2000, spacing=0.38632012870932225, CF order=6
  error tolerance: rtol=0.001, atol=1e-05
Testing N_win=2000 N_cf=5
Windowing:
  config: # windows=2000, spacing=0.38632012870932225, CF order=5
  error tolerance: rtol=0.001, atol=1e-05
Testing N_win=2000 N_cf=4
Windowing:
  config: # windows=2000, spacing=0.38632012870932225, CF order=4
  error tolerance: rtol=0.001, atol=1e-05
Testing N_win=2000 N_cf=3
Windowing:
  config: # windows=2000, spacing=0.38632012870932225, CF order=3
  error tolerance: rtol=0.001, atol=1e-05
Testing N_win=2000 N_cf=2
Windowing:
  config: # windows=2000, spacing=0.38632012870932225, CF order=2
  error tolerance: rtol=0.001, atol=1e-05
Final library: 110 poles, 323 windows, 1.3 poles per window, 2 CF order
