Running NJOY to get 0K point-wise data (error=0.0005)...
Parsing cross sections within resolved resonance range...
  MTs: [2, 27, 102, 103, 107]
  Energy range: 1.000e-05 to 1.000e+03 eV (716 points)
Vector fitting piece 1/1...
  energy: 1.000e-05 to 1.000e+03 eV (716 points)
  error tolerance: rtol=0.001, atol=1e-05
Found 0 peaks
Fitting orders from 2 to 200
Order=2(0/100)
Order=4(1/100)
Order=6(2/100)
Found ideal results. Stop!
Found 0 real poles and 3 conjugate complex pairs.
Final number of poles: 3
Saved figure: WMP_Lib/S35/0-1000_MT2.png
Saved figure: WMP_Lib/S35/0-1000_MT27.png
Saved figure: WMP_Lib/S35/0-1000_MT102.png
Dumped multipole data to file: WMP_Lib/S35/S35_mp.pickle
Start searching ...
Testing N_win=5 N_cf=10
Windowing:
  config: # windows=5, spacing=6.323922864804724, CF order=10
  error tolerance: rtol=0.001, atol=1e-05
Best library so far.
Testing N_win=5 N_cf=9
Windowing:
  config: # windows=5, spacing=6.323922864804724, CF order=9
  error tolerance: rtol=0.001, atol=1e-05
Best library so far.
Testing N_win=5 N_cf=8
Windowing:
  config: # windows=5, spacing=6.323922864804724, CF order=8
  error tolerance: rtol=0.001, atol=1e-05
Best library so far.
Testing N_win=5 N_cf=7
Windowing:
  config: # windows=5, spacing=6.323922864804724, CF order=7
  error tolerance: rtol=0.001, atol=1e-05
Best library so far.
Testing N_win=5 N_cf=6
Windowing:
  config: # windows=5, spacing=6.323922864804724, CF order=6
  error tolerance: rtol=0.001, atol=1e-05
Best library so far.
Testing N_win=5 N_cf=5
Windowing:
  config: # windows=5, spacing=6.323922864804724, CF order=5
  error tolerance: rtol=0.001, atol=1e-05
Best library so far.
Testing N_win=5 N_cf=4
Windowing:
  config: # windows=5, spacing=6.323922864804724, CF order=4
  error tolerance: rtol=0.001, atol=1e-05
Best library so far.
Testing N_win=5 N_cf=3
Windowing:
  config: # windows=5, spacing=6.323922864804724, CF order=3
  error tolerance: rtol=0.001, atol=1e-05
Failed: Pure curvefit failed for the first window!
Testing N_win=110 N_cf=10
Windowing:
  config: # windows=110, spacing=0.28745103930930566, CF order=10
  error tolerance: rtol=0.001, atol=1e-05
Testing N_win=110 N_cf=9
Windowing:
  config: # windows=110, spacing=0.28745103930930566, CF order=9
  error tolerance: rtol=0.001, atol=1e-05
Testing N_win=110 N_cf=8
Windowing:
  config: # windows=110, spacing=0.28745103930930566, CF order=8
  error tolerance: rtol=0.001, atol=1e-05
Testing N_win=110 N_cf=7
Windowing:
  config: # windows=110, spacing=0.28745103930930566, CF order=7
  error tolerance: rtol=0.001, atol=1e-05
Testing N_win=110 N_cf=6
Windowing:
  config: # windows=110, spacing=0.28745103930930566, CF order=6
  error tolerance: rtol=0.001, atol=1e-05
Testing N_win=110 N_cf=5
Windowing:
  config: # windows=110, spacing=0.28745103930930566, CF order=5
  error tolerance: rtol=0.001, atol=1e-05
Testing N_win=110 N_cf=4
Windowing:
  config: # windows=110, spacing=0.28745103930930566, CF order=4
  error tolerance: rtol=0.001, atol=1e-05
Testing N_win=110 N_cf=3
Windowing:
  config: # windows=110, spacing=0.28745103930930566, CF order=3
  error tolerance: rtol=0.001, atol=1e-05
Testing N_win=110 N_cf=2
Windowing:
  config: # windows=110, spacing=0.28745103930930566, CF order=2
  error tolerance: rtol=0.001, atol=1e-05
Best library so far.
Testing N_win=215 N_cf=10
Windowing:
  config: # windows=215, spacing=0.14706797360010987, CF order=10
  error tolerance: rtol=0.001, atol=1e-05
Testing N_win=215 N_cf=9
Windowing:
  config: # windows=215, spacing=0.14706797360010987, CF order=9
  error tolerance: rtol=0.001, atol=1e-05
Testing N_win=215 N_cf=8
Windowing:
  config: # windows=215, spacing=0.14706797360010987, CF order=8
  error tolerance: rtol=0.001, atol=1e-05
Testing N_win=215 N_cf=7
Windowing:
  config: # windows=215, spacing=0.14706797360010987, CF order=7
  error tolerance: rtol=0.001, atol=1e-05
Testing N_win=215 N_cf=6
Windowing:
  config: # windows=215, spacing=0.14706797360010987, CF order=6
  error tolerance: rtol=0.001, atol=1e-05
Testing N_win=215 N_cf=5
Windowing:
  config: # windows=215, spacing=0.14706797360010987, CF order=5
  error tolerance: rtol=0.001, atol=1e-05
Testing N_win=215 N_cf=4
Windowing:
  config: # windows=215, spacing=0.14706797360010987, CF order=4
  error tolerance: rtol=0.001, atol=1e-05
Testing N_win=215 N_cf=3
Windowing:
  config: # windows=215, spacing=0.14706797360010987, CF order=3
  error tolerance: rtol=0.001, atol=1e-05
Testing N_win=215 N_cf=2
Windowing:
  config: # windows=215, spacing=0.14706797360010987, CF order=2
  error tolerance: rtol=0.001, atol=1e-05
Testing N_win=320 N_cf=10
Windowing:
  config: # windows=320, spacing=0.09881129476257382, CF order=10
  error tolerance: rtol=0.001, atol=1e-05
Testing N_win=320 N_cf=9
Windowing:
  config: # windows=320, spacing=0.09881129476257382, CF order=9
  error tolerance: rtol=0.001, atol=1e-05
Testing N_win=320 N_cf=8
Windowing:
  config: # windows=320, spacing=0.09881129476257382, CF order=8
  error tolerance: rtol=0.001, atol=1e-05
Testing N_win=320 N_cf=7
Windowing:
  config: # windows=320, spacing=0.09881129476257382, CF order=7
  error tolerance: rtol=0.001, atol=1e-05
Testing N_win=320 N_cf=6
Windowing:
  config: # windows=320, spacing=0.09881129476257382, CF order=6
  error tolerance: rtol=0.001, atol=1e-05
Testing N_win=320 N_cf=5
Windowing:
  config: # windows=320, spacing=0.09881129476257382, CF order=5
  error tolerance: rtol=0.001, atol=1e-05
Testing N_win=320 N_cf=4
Windowing:
  config: # windows=320, spacing=0.09881129476257382, CF order=4
  error tolerance: rtol=0.001, atol=1e-05
Testing N_win=320 N_cf=3
Windowing:
  config: # windows=320, spacing=0.09881129476257382, CF order=3
  error tolerance: rtol=0.001, atol=1e-05
Testing N_win=320 N_cf=2
Windowing:
  config: # windows=320, spacing=0.09881129476257382, CF order=2
  error tolerance: rtol=0.001, atol=1e-05
Testing N_win=425 N_cf=10
Windowing:
  config: # windows=425, spacing=0.07439909252711441, CF order=10
  error tolerance: rtol=0.001, atol=1e-05
Testing N_win=425 N_cf=9
Windowing:
  config: # windows=425, spacing=0.07439909252711441, CF order=9
  error tolerance: rtol=0.001, atol=1e-05
Testing N_win=425 N_cf=8
Windowing:
  config: # windows=425, spacing=0.07439909252711441, CF order=8
  error tolerance: rtol=0.001, atol=1e-05
Testing N_win=425 N_cf=7
Windowing:
  config: # windows=425, spacing=0.07439909252711441, CF order=7
  error tolerance: rtol=0.001, atol=1e-05
Testing N_win=425 N_cf=6
Windowing:
  config: # windows=425, spacing=0.07439909252711441, CF order=6
  error tolerance: rtol=0.001, atol=1e-05
Testing N_win=425 N_cf=5
Windowing:
  config: # windows=425, spacing=0.07439909252711441, CF order=5
  error tolerance: rtol=0.001, atol=1e-05
Testing N_win=425 N_cf=4
Windowing:
  config: # windows=425, spacing=0.07439909252711441, CF order=4
  error tolerance: rtol=0.001, atol=1e-05
Testing N_win=425 N_cf=3
Windowing:
  config: # windows=425, spacing=0.07439909252711441, CF order=3
  error tolerance: rtol=0.001, atol=1e-05
Testing N_win=425 N_cf=2
Windowing:
  config: # windows=425, spacing=0.07439909252711441, CF order=2
  error tolerance: rtol=0.001, atol=1e-05
Testing N_win=530 N_cf=10
Windowing:
  config: # windows=530, spacing=0.0596596496679691, CF order=10
  error tolerance: rtol=0.001, atol=1e-05
Testing N_win=530 N_cf=9
Windowing:
  config: # windows=530, spacing=0.0596596496679691, CF order=9
  error tolerance: rtol=0.001, atol=1e-05
Testing N_win=530 N_cf=8
Windowing:
  config: # windows=530, spacing=0.0596596496679691, CF order=8
  error tolerance: rtol=0.001, atol=1e-05
Testing N_win=530 N_cf=7
Windowing:
  config: # windows=530, spacing=0.0596596496679691, CF order=7
  error tolerance: rtol=0.001, atol=1e-05
Testing N_win=530 N_cf=6
Windowing:
  config: # windows=530, spacing=0.0596596496679691, CF order=6
  error tolerance: rtol=0.001, atol=1e-05
Testing N_win=530 N_cf=5
Windowing:
  config: # windows=530, spacing=0.0596596496679691, CF order=5
  error tolerance: rtol=0.001, atol=1e-05
Testing N_win=530 N_cf=4
Windowing:
  config: # windows=530, spacing=0.0596596496679691, CF order=4
  error tolerance: rtol=0.001, atol=1e-05
Testing N_win=530 N_cf=3
Windowing:
  config: # windows=530, spacing=0.0596596496679691, CF order=3
  error tolerance: rtol=0.001, atol=1e-05
Testing N_win=530 N_cf=2
Windowing:
  config: # windows=530, spacing=0.0596596496679691, CF order=2
  error tolerance: rtol=0.001, atol=1e-05
Testing N_win=635 N_cf=10
Windowing:
  config: # windows=635, spacing=0.04979466822680886, CF order=10
  error tolerance: rtol=0.001, atol=1e-05
Testing N_win=635 N_cf=9
Windowing:
  config: # windows=635, spacing=0.04979466822680886, CF order=9
  error tolerance: rtol=0.001, atol=1e-05
Testing N_win=635 N_cf=8
Windowing:
  config: # windows=635, spacing=0.04979466822680886, CF order=8
  error tolerance: rtol=0.001, atol=1e-05
Testing N_win=635 N_cf=7
Windowing:
  config: # windows=635, spacing=0.04979466822680886, CF order=7
  error tolerance: rtol=0.001, atol=1e-05
Testing N_win=635 N_cf=6
Windowing:
  config: # windows=635, spacing=0.04979466822680886, CF order=6
  error tolerance: rtol=0.001, atol=1e-05
Testing N_win=635 N_cf=5
Windowing:
  config: # windows=635, spacing=0.04979466822680886, CF order=5
  error tolerance: rtol=0.001, atol=1e-05
Testing N_win=635 N_cf=4
Windowing:
  config: # windows=635, spacing=0.04979466822680886, CF order=4
  error tolerance: rtol=0.001, atol=1e-05
Testing N_win=635 N_cf=3
Windowing:
  config: # windows=635, spacing=0.04979466822680886, CF order=3
  error tolerance: rtol=0.001, atol=1e-05
Testing N_win=635 N_cf=2
Windowing:
  config: # windows=635, spacing=0.04979466822680886, CF order=2
  error tolerance: rtol=0.001, atol=1e-05
Testing N_win=740 N_cf=10
Windowing:
  config: # windows=740, spacing=0.042729208545977865, CF order=10
  error tolerance: rtol=0.001, atol=1e-05
Testing N_win=740 N_cf=9
Windowing:
  config: # windows=740, spacing=0.042729208545977865, CF order=9
  error tolerance: rtol=0.001, atol=1e-05
Testing N_win=740 N_cf=8
Windowing:
  config: # windows=740, spacing=0.042729208545977865, CF order=8
  error tolerance: rtol=0.001, atol=1e-05
Testing N_win=740 N_cf=7
Windowing:
  config: # windows=740, spacing=0.042729208545977865, CF order=7
  error tolerance: rtol=0.001, atol=1e-05
Testing N_win=740 N_cf=6
Windowing:
  config: # windows=740, spacing=0.042729208545977865, CF order=6
  error tolerance: rtol=0.001, atol=1e-05
Testing N_win=740 N_cf=5
Windowing:
  config: # windows=740, spacing=0.042729208545977865, CF order=5
  error tolerance: rtol=0.001, atol=1e-05
Testing N_win=740 N_cf=4
Windowing:
  config: # windows=740, spacing=0.042729208545977865, CF order=4
  error tolerance: rtol=0.001, atol=1e-05
Testing N_win=740 N_cf=3
Windowing:
  config: # windows=740, spacing=0.042729208545977865, CF order=3
  error tolerance: rtol=0.001, atol=1e-05
Testing N_win=740 N_cf=2
Windowing:
  config: # windows=740, spacing=0.042729208545977865, CF order=2
  error tolerance: rtol=0.001, atol=1e-05
Testing N_win=845 N_cf=10
Windowing:
  config: # windows=845, spacing=0.03741966192192145, CF order=10
  error tolerance: rtol=0.001, atol=1e-05
Testing N_win=845 N_cf=9
Windowing:
  config: # windows=845, spacing=0.03741966192192145, CF order=9
  error tolerance: rtol=0.001, atol=1e-05
Testing N_win=845 N_cf=8
Windowing:
  config: # windows=845, spacing=0.03741966192192145, CF order=8
  error tolerance: rtol=0.001, atol=1e-05
Testing N_win=845 N_cf=7
Windowing:
  config: # windows=845, spacing=0.03741966192192145, CF order=7
  error tolerance: rtol=0.001, atol=1e-05
Testing N_win=845 N_cf=6
Windowing:
  config: # windows=845, spacing=0.03741966192192145, CF order=6
  error tolerance: rtol=0.001, atol=1e-05
Testing N_win=845 N_cf=5
Windowing:
  config: # windows=845, spacing=0.03741966192192145, CF order=5
  error tolerance: rtol=0.001, atol=1e-05
Testing N_win=845 N_cf=4
Windowing:
  config: # windows=845, spacing=0.03741966192192145, CF order=4
  error tolerance: rtol=0.001, atol=1e-05
Testing N_win=845 N_cf=3
Windowing:
  config: # windows=845, spacing=0.03741966192192145, CF order=3
  error tolerance: rtol=0.001, atol=1e-05
Testing N_win=845 N_cf=2
Windowing:
  config: # windows=845, spacing=0.03741966192192145, CF order=2
  error tolerance: rtol=0.001, atol=1e-05
Testing N_win=950 N_cf=10
Windowing:
  config: # windows=950, spacing=0.03328380455160381, CF order=10
  error tolerance: rtol=0.001, atol=1e-05
Testing N_win=950 N_cf=9
Windowing:
  config: # windows=950, spacing=0.03328380455160381, CF order=9
  error tolerance: rtol=0.001, atol=1e-05
Testing N_win=950 N_cf=8
Windowing:
  config: # windows=950, spacing=0.03328380455160381, CF order=8
  error tolerance: rtol=0.001, atol=1e-05
Testing N_win=950 N_cf=7
Windowing:
  config: # windows=950, spacing=0.03328380455160381, CF order=7
  error tolerance: rtol=0.001, atol=1e-05
Testing N_win=950 N_cf=6
Windowing:
  config: # windows=950, spacing=0.03328380455160381, CF order=6
  error tolerance: rtol=0.001, atol=1e-05
Testing N_win=950 N_cf=5
Windowing:
  config: # windows=950, spacing=0.03328380455160381, CF order=5
  error tolerance: rtol=0.001, atol=1e-05
Testing N_win=950 N_cf=4
Windowing:
  config: # windows=950, spacing=0.03328380455160381, CF order=4
  error tolerance: rtol=0.001, atol=1e-05
Testing N_win=950 N_cf=3
Windowing:
  config: # windows=950, spacing=0.03328380455160381, CF order=3
  error tolerance: rtol=0.001, atol=1e-05
Testing N_win=950 N_cf=2
Windowing:
  config: # windows=950, spacing=0.03328380455160381, CF order=2
  error tolerance: rtol=0.001, atol=1e-05
Testing N_win=1055 N_cf=10
Windowing:
  config: # windows=1055, spacing=0.0299711984113968, CF order=10
  error tolerance: rtol=0.001, atol=1e-05
Testing N_win=1055 N_cf=9
Windowing:
  config: # windows=1055, spacing=0.0299711984113968, CF order=9
  error tolerance: rtol=0.001, atol=1e-05
Testing N_win=1055 N_cf=8
Windowing:
  config: # windows=1055, spacing=0.0299711984113968, CF order=8
  error tolerance: rtol=0.001, atol=1e-05
Testing N_win=1055 N_cf=7
Windowing:
  config: # windows=1055, spacing=0.0299711984113968, CF order=7
  error tolerance: rtol=0.001, atol=1e-05
Testing N_win=1055 N_cf=6
Windowing:
  config: # windows=1055, spacing=0.0299711984113968, CF order=6
  error tolerance: rtol=0.001, atol=1e-05
Testing N_win=1055 N_cf=5
Windowing:
  config: # windows=1055, spacing=0.0299711984113968, CF order=5
  error tolerance: rtol=0.001, atol=1e-05
Testing N_win=1055 N_cf=4
Windowing:
  config: # windows=1055, spacing=0.0299711984113968, CF order=4
  error tolerance: rtol=0.001, atol=1e-05
Testing N_win=1055 N_cf=3
Windowing:
  config: # windows=1055, spacing=0.0299711984113968, CF order=3
  error tolerance: rtol=0.001, atol=1e-05
Testing N_win=1055 N_cf=2
Windowing:
  config: # windows=1055, spacing=0.0299711984113968, CF order=2
  error tolerance: rtol=0.001, atol=1e-05
Testing N_win=1160 N_cf=10
Windowing:
  config: # windows=1160, spacing=0.027258288210365193, CF order=10
  error tolerance: rtol=0.001, atol=1e-05
Testing N_win=1160 N_cf=9
Windowing:
  config: # windows=1160, spacing=0.027258288210365193, CF order=9
  error tolerance: rtol=0.001, atol=1e-05
Testing N_win=1160 N_cf=8
Windowing:
  config: # windows=1160, spacing=0.027258288210365193, CF order=8
  error tolerance: rtol=0.001, atol=1e-05
Testing N_win=1160 N_cf=7
Windowing:
  config: # windows=1160, spacing=0.027258288210365193, CF order=7
  error tolerance: rtol=0.001, atol=1e-05
Testing N_win=1160 N_cf=6
Windowing:
  config: # windows=1160, spacing=0.027258288210365193, CF order=6
  error tolerance: rtol=0.001, atol=1e-05
Testing N_win=1160 N_cf=5
Windowing:
  config: # windows=1160, spacing=0.027258288210365193, CF order=5
  error tolerance: rtol=0.001, atol=1e-05
Testing N_win=1160 N_cf=4
Windowing:
  config: # windows=1160, spacing=0.027258288210365193, CF order=4
  error tolerance: rtol=0.001, atol=1e-05
Testing N_win=1160 N_cf=3
Windowing:
  config: # windows=1160, spacing=0.027258288210365193, CF order=3
  error tolerance: rtol=0.001, atol=1e-05
Testing N_win=1160 N_cf=2
Windowing:
  config: # windows=1160, spacing=0.027258288210365193, CF order=2
  error tolerance: rtol=0.001, atol=1e-05
Testing N_win=1265 N_cf=10
Windowing:
  config: # windows=1265, spacing=0.024995742548635274, CF order=10
  error tolerance: rtol=0.001, atol=1e-05
Testing N_win=1265 N_cf=9
Windowing:
  config: # windows=1265, spacing=0.024995742548635274, CF order=9
  error tolerance: rtol=0.001, atol=1e-05
Testing N_win=1265 N_cf=8
Windowing:
  config: # windows=1265, spacing=0.024995742548635274, CF order=8
  error tolerance: rtol=0.001, atol=1e-05
Testing N_win=1265 N_cf=7
Windowing:
  config: # windows=1265, spacing=0.024995742548635274, CF order=7
  error tolerance: rtol=0.001, atol=1e-05
Testing N_win=1265 N_cf=6
Windowing:
  config: # windows=1265, spacing=0.024995742548635274, CF order=6
  error tolerance: rtol=0.001, atol=1e-05
Testing N_win=1265 N_cf=5
Windowing:
  config: # windows=1265, spacing=0.024995742548635274, CF order=5
  error tolerance: rtol=0.001, atol=1e-05
Testing N_win=1265 N_cf=4
Windowing:
  config: # windows=1265, spacing=0.024995742548635274, CF order=4
  error tolerance: rtol=0.001, atol=1e-05
Testing N_win=1265 N_cf=3
Windowing:
  config: # windows=1265, spacing=0.024995742548635274, CF order=3
  error tolerance: rtol=0.001, atol=1e-05
Testing N_win=1265 N_cf=2
Windowing:
  config: # windows=1265, spacing=0.024995742548635274, CF order=2
  error tolerance: rtol=0.001, atol=1e-05
Testing N_win=1370 N_cf=10
Windowing:
  config: # windows=1370, spacing=0.023080010455491694, CF order=10
  error tolerance: rtol=0.001, atol=1e-05
Testing N_win=1370 N_cf=9
Windowing:
  config: # windows=1370, spacing=0.023080010455491694, CF order=9
  error tolerance: rtol=0.001, atol=1e-05
Testing N_win=1370 N_cf=8
Windowing:
  config: # windows=1370, spacing=0.023080010455491694, CF order=8
  error tolerance: rtol=0.001, atol=1e-05
Testing N_win=1370 N_cf=7
Windowing:
  config: # windows=1370, spacing=0.023080010455491694, CF order=7
  error tolerance: rtol=0.001, atol=1e-05
Testing N_win=1370 N_cf=6
Windowing:
  config: # windows=1370, spacing=0.023080010455491694, CF order=6
  error tolerance: rtol=0.001, atol=1e-05
Testing N_win=1370 N_cf=5
Windowing:
  config: # windows=1370, spacing=0.023080010455491694, CF order=5
  error tolerance: rtol=0.001, atol=1e-05
Testing N_win=1370 N_cf=4
Windowing:
  config: # windows=1370, spacing=0.023080010455491694, CF order=4
  error tolerance: rtol=0.001, atol=1e-05
Testing N_win=1370 N_cf=3
Windowing:
  config: # windows=1370, spacing=0.023080010455491694, CF order=3
  error tolerance: rtol=0.001, atol=1e-05
Testing N_win=1370 N_cf=2
Windowing:
  config: # windows=1370, spacing=0.023080010455491694, CF order=2
  error tolerance: rtol=0.001, atol=1e-05
Testing N_win=1475 N_cf=10
Windowing:
  config: # windows=1475, spacing=0.021437026660354998, CF order=10
  error tolerance: rtol=0.001, atol=1e-05
Testing N_win=1475 N_cf=9
Windowing:
  config: # windows=1475, spacing=0.021437026660354998, CF order=9
  error tolerance: rtol=0.001, atol=1e-05
Testing N_win=1475 N_cf=8
Windowing:
  config: # windows=1475, spacing=0.021437026660354998, CF order=8
  error tolerance: rtol=0.001, atol=1e-05
Testing N_win=1475 N_cf=7
Windowing:
  config: # windows=1475, spacing=0.021437026660354998, CF order=7
  error tolerance: rtol=0.001, atol=1e-05
Testing N_win=1475 N_cf=6
Windowing:
  config: # windows=1475, spacing=0.021437026660354998, CF order=6
  error tolerance: rtol=0.001, atol=1e-05
Testing N_win=1475 N_cf=5
Windowing:
  config: # windows=1475, spacing=0.021437026660354998, CF order=5
  error tolerance: rtol=0.001, atol=1e-05
Testing N_win=1475 N_cf=4
Windowing:
  config: # windows=1475, spacing=0.021437026660354998, CF order=4
  error tolerance: rtol=0.001, atol=1e-05
Testing N_win=1475 N_cf=3
Windowing:
  config: # windows=1475, spacing=0.021437026660354998, CF order=3
  error tolerance: rtol=0.001, atol=1e-05
Testing N_win=1475 N_cf=2
Windowing:
  config: # windows=1475, spacing=0.021437026660354998, CF order=2
  error tolerance: rtol=0.001, atol=1e-05
Testing N_win=1580 N_cf=10
Windowing:
  config: # windows=1580, spacing=0.020012414129128873, CF order=10
  error tolerance: rtol=0.001, atol=1e-05
Testing N_win=1580 N_cf=9
Windowing:
  config: # windows=1580, spacing=0.020012414129128873, CF order=9
  error tolerance: rtol=0.001, atol=1e-05
Testing N_win=1580 N_cf=8
Windowing:
  config: # windows=1580, spacing=0.020012414129128873, CF order=8
  error tolerance: rtol=0.001, atol=1e-05
Testing N_win=1580 N_cf=7
Windowing:
  config: # windows=1580, spacing=0.020012414129128873, CF order=7
  error tolerance: rtol=0.001, atol=1e-05
Testing N_win=1580 N_cf=6
Windowing:
  config: # windows=1580, spacing=0.020012414129128873, CF order=6
  error tolerance: rtol=0.001, atol=1e-05
Testing N_win=1580 N_cf=5
Windowing:
  config: # windows=1580, spacing=0.020012414129128873, CF order=5
  error tolerance: rtol=0.001, atol=1e-05
Testing N_win=1580 N_cf=4
Windowing:
  config: # windows=1580, spacing=0.020012414129128873, CF order=4
  error tolerance: rtol=0.001, atol=1e-05
Testing N_win=1580 N_cf=3
Windowing:
  config: # windows=1580, spacing=0.020012414129128873, CF order=3
  error tolerance: rtol=0.001, atol=1e-05
Testing N_win=1580 N_cf=2
Windowing:
  config: # windows=1580, spacing=0.020012414129128873, CF order=2
  error tolerance: rtol=0.001, atol=1e-05
Testing N_win=1685 N_cf=10
Windowing:
  config: # windows=1685, spacing=0.01876534974719503, CF order=10
  error tolerance: rtol=0.001, atol=1e-05
Testing N_win=1685 N_cf=9
Windowing:
  config: # windows=1685, spacing=0.01876534974719503, CF order=9
  error tolerance: rtol=0.001, atol=1e-05
Testing N_win=1685 N_cf=8
Windowing:
  config: # windows=1685, spacing=0.01876534974719503, CF order=8
  error tolerance: rtol=0.001, atol=1e-05
Testing N_win=1685 N_cf=7
Windowing:
  config: # windows=1685, spacing=0.01876534974719503, CF order=7
  error tolerance: rtol=0.001, atol=1e-05
Testing N_win=1685 N_cf=6
Windowing:
  config: # windows=1685, spacing=0.01876534974719503, CF order=6
  error tolerance: rtol=0.001, atol=1e-05
Testing N_win=1685 N_cf=5
Windowing:
  config: # windows=1685, spacing=0.01876534974719503, CF order=5
  error tolerance: rtol=0.001, atol=1e-05
Testing N_win=1685 N_cf=4
Windowing:
  config: # windows=1685, spacing=0.01876534974719503, CF order=4
  error tolerance: rtol=0.001, atol=1e-05
Testing N_win=1685 N_cf=3
Windowing:
  config: # windows=1685, spacing=0.01876534974719503, CF order=3
  error tolerance: rtol=0.001, atol=1e-05
Testing N_win=1685 N_cf=2
Windowing:
  config: # windows=1685, spacing=0.01876534974719503, CF order=2
  error tolerance: rtol=0.001, atol=1e-05
Testing N_win=1790 N_cf=10
Windowing:
  config: # windows=1790, spacing=0.017664589007834425, CF order=10
  error tolerance: rtol=0.001, atol=1e-05
Testing N_win=1790 N_cf=9
Windowing:
  config: # windows=1790, spacing=0.017664589007834425, CF order=9
  error tolerance: rtol=0.001, atol=1e-05
Testing N_win=1790 N_cf=8
Windowing:
  config: # windows=1790, spacing=0.017664589007834425, CF order=8
  error tolerance: rtol=0.001, atol=1e-05
Testing N_win=1790 N_cf=7
Windowing:
  config: # windows=1790, spacing=0.017664589007834425, CF order=7
  error tolerance: rtol=0.001, atol=1e-05
Testing N_win=1790 N_cf=6
Windowing:
  config: # windows=1790, spacing=0.017664589007834425, CF order=6
  error tolerance: rtol=0.001, atol=1e-05
Testing N_win=1790 N_cf=5
Windowing:
  config: # windows=1790, spacing=0.017664589007834425, CF order=5
  error tolerance: rtol=0.001, atol=1e-05
Testing N_win=1790 N_cf=4
Windowing:
  config: # windows=1790, spacing=0.017664589007834425, CF order=4
  error tolerance: rtol=0.001, atol=1e-05
Testing N_win=1790 N_cf=3
Windowing:
  config: # windows=1790, spacing=0.017664589007834425, CF order=3
  error tolerance: rtol=0.001, atol=1e-05
Testing N_win=1790 N_cf=2
Windowing:
  config: # windows=1790, spacing=0.017664589007834425, CF order=2
  error tolerance: rtol=0.001, atol=1e-05
Testing N_win=1895 N_cf=10
Windowing:
  config: # windows=1895, spacing=0.016685812308191886, CF order=10
  error tolerance: rtol=0.001, atol=1e-05
Testing N_win=1895 N_cf=9
Windowing:
  config: # windows=1895, spacing=0.016685812308191886, CF order=9
  error tolerance: rtol=0.001, atol=1e-05
Testing N_win=1895 N_cf=8
Windowing:
  config: # windows=1895, spacing=0.016685812308191886, CF order=8
  error tolerance: rtol=0.001, atol=1e-05
Testing N_win=1895 N_cf=7
Windowing:
  config: # windows=1895, spacing=0.016685812308191886, CF order=7
  error tolerance: rtol=0.001, atol=1e-05
Testing N_win=1895 N_cf=6
Windowing:
  config: # windows=1895, spacing=0.016685812308191886, CF order=6
  error tolerance: rtol=0.001, atol=1e-05
Testing N_win=1895 N_cf=5
Windowing:
  config: # windows=1895, spacing=0.016685812308191886, CF order=5
  error tolerance: rtol=0.001, atol=1e-05
Testing N_win=1895 N_cf=4
Windowing:
  config: # windows=1895, spacing=0.016685812308191886, CF order=4
  error tolerance: rtol=0.001, atol=1e-05
Testing N_win=1895 N_cf=3
Windowing:
  config: # windows=1895, spacing=0.016685812308191886, CF order=3
  error tolerance: rtol=0.001, atol=1e-05
Testing N_win=1895 N_cf=2
Windowing:
  config: # windows=1895, spacing=0.016685812308191886, CF order=2
  error tolerance: rtol=0.001, atol=1e-05
Testing N_win=2000 N_cf=10
Windowing:
  config: # windows=2000, spacing=0.015809807162011812, CF order=10
  error tolerance: rtol=0.001, atol=1e-05
Testing N_win=2000 N_cf=9
Windowing:
  config: # windows=2000, spacing=0.015809807162011812, CF order=9
  error tolerance: rtol=0.001, atol=1e-05
Testing N_win=2000 N_cf=8
Windowing:
  config: # windows=2000, spacing=0.015809807162011812, CF order=8
  error tolerance: rtol=0.001, atol=1e-05
Testing N_win=2000 N_cf=7
Windowing:
  config: # windows=2000, spacing=0.015809807162011812, CF order=7
  error tolerance: rtol=0.001, atol=1e-05
Testing N_win=2000 N_cf=6
Windowing:
  config: # windows=2000, spacing=0.015809807162011812, CF order=6
  error tolerance: rtol=0.001, atol=1e-05
Testing N_win=2000 N_cf=5
Windowing:
  config: # windows=2000, spacing=0.015809807162011812, CF order=5
  error tolerance: rtol=0.001, atol=1e-05
Testing N_win=2000 N_cf=4
Windowing:
  config: # windows=2000, spacing=0.015809807162011812, CF order=4
  error tolerance: rtol=0.001, atol=1e-05
Testing N_win=2000 N_cf=3
Windowing:
  config: # windows=2000, spacing=0.015809807162011812, CF order=3
  error tolerance: rtol=0.001, atol=1e-05
Testing N_win=2000 N_cf=2
Windowing:
  config: # windows=2000, spacing=0.015809807162011812, CF order=2
  error tolerance: rtol=0.001, atol=1e-05
Final library: 0 poles, 110 windows, 0 poles per window, 2 CF order
