Running NJOY to get 0K point-wise data (error=0.0005)...
Parsing cross sections within resolved resonance range...
  MTs: [2, 27, 102, 103, 107]
  Energy range: 1.000e-05 to 2.000e+05 eV (29331 points)
Vector fitting piece 1/14...
  energy: 1.000e-05 to 1.094e+03 eV (657 points)
  error tolerance: rtol=0.001, atol=1e-05
Found 0 peaks
Fitting orders from 2 to 200
Order=2(0/100)
Order=4(1/100)
Order=6(2/100)
Order=8(3/100)
Order=10(4/100)
Order=12(5/100)
Order=14(6/100)
Order=16(7/100)
Order=18(8/100)
Order=20(9/100)
Order=22(10/100)
Order=24(11/100)
Order=26(12/100)
Order=28(13/100)
Order=30(14/100)
Order=32(15/100)
Order=34(16/100)
Order=36(17/100)
Order=38(18/100)
Order=40(19/100)
Order=42(20/100)
Order=44(21/100)
Order=46(22/100)
Order=48(23/100)
Order=50(24/100)
Order=52(25/100)
Order=54(26/100)
Order=56(27/100)
Order=58(28/100)
Order=60(29/100)
Found 2 real poles and 1 conjugate complex pairs.
Final number of poles: 3
Saved figure: WMP_Lib/Zr90/0-1094_MT2.png
Saved figure: WMP_Lib/Zr90/0-1094_MT27.png
Saved figure: WMP_Lib/Zr90/0-1094_MT102.png
Vector fitting piece 2/14...
  energy: 2.469e+02 to 4.117e+03 eV (1074 points)
  error tolerance: rtol=0.001, atol=1e-05
Found 2 peaks
Fitting orders from 4 to 200
Order=4(0/99)
Order=6(1/99)
Order=8(2/99)
Order=10(3/99)
Order=12(4/99)
Order=14(5/99)
Order=16(6/99)
Order=18(7/99)
Order=20(8/99)
Order=22(9/99)
Order=24(10/99)
Order=26(11/99)
Order=28(12/99)
Order=30(13/99)
Order=32(14/99)
Order=34(15/99)
Order=36(16/99)
Order=38(17/99)
Order=40(18/99)
Order=42(19/99)
Order=44(20/99)
Order=46(21/99)
Order=48(22/99)
Order=50(23/99)
Order=52(24/99)
Order=54(25/99)
Order=56(26/99)
Order=58(27/99)
Order=60(28/99)
Found 2 real poles and 3 conjugate complex pairs.
Final number of poles: 5
Saved figure: WMP_Lib/Zr90/247-4117_MT2.png
Saved figure: WMP_Lib/Zr90/247-4117_MT27.png
Saved figure: WMP_Lib/Zr90/247-4117_MT102.png
Vector fitting piece 3/14...
  energy: 2.261e+03 to 9.242e+03 eV (2261 points)
  error tolerance: rtol=0.001, atol=1e-05
Found 4 peaks
Fitting orders from 8 to 200
Order=8(0/97)
Order=10(1/97)
Order=12(2/97)
Order=14(3/97)
Order=16(4/97)
Order=18(5/97)
Order=20(6/97)
Order=22(7/97)
Order=24(8/97)
Order=26(9/97)
Order=28(10/97)
Order=30(11/97)
Order=32(12/97)
Order=34(13/97)
Order=36(14/97)
Order=38(15/97)
Order=40(16/97)
Order=42(17/97)
Order=44(18/97)
Order=46(19/97)
Order=48(20/97)
Order=50(21/97)
Order=52(22/97)
Order=54(23/97)
Order=56(24/97)
Order=58(25/97)
Order=60(26/97)
Found 2 real poles and 5 conjugate complex pairs.
Final number of poles: 7
Saved figure: WMP_Lib/Zr90/2261-9242_MT2.png
Saved figure: WMP_Lib/Zr90/2261-9242_MT27.png
Saved figure: WMP_Lib/Zr90/2261-9242_MT102.png
Vector fitting piece 4/14...
  energy: 6.341e+03 to 1.640e+04 eV (2663 points)
  error tolerance: rtol=0.001, atol=1e-05
Found 8 peaks
Fitting orders from 16 to 200
Order=16(0/93)
Order=18(1/93)
Order=20(2/93)
Order=22(3/93)
Order=24(4/93)
Order=26(5/93)
Order=28(6/93)
Order=30(7/93)
Order=32(8/93)
Order=34(9/93)
Order=36(10/93)
Order=38(11/93)
Order=40(12/93)
Order=42(13/93)
Order=44(14/93)
Order=46(15/93)
Order=48(16/93)
Order=50(17/93)
Order=52(18/93)
Order=54(19/93)
Order=56(20/93)
Order=58(21/93)
Order=60(22/93)
Found 2 real poles and 10 conjugate complex pairs.
Final number of poles: 12
Saved figure: WMP_Lib/Zr90/6341-16399_MT2.png
Saved figure: WMP_Lib/Zr90/6341-16399_MT27.png
Saved figure: WMP_Lib/Zr90/6341-16399_MT102.png
Vector fitting piece 5/14...
  energy: 1.245e+04 to 2.566e+04 eV (2549 points)
  error tolerance: rtol=0.001, atol=1e-05
Found 9 peaks
Fitting orders from 18 to 200
Order=18(0/92)
Order=20(1/92)
Order=22(2/92)
Order=24(3/92)
Order=26(4/92)
Order=28(5/92)
Order=30(6/92)
Order=32(7/92)
Order=34(8/92)
Order=36(9/92)
Order=38(10/92)
Order=40(11/92)
Order=42(12/92)
Order=44(13/92)
Order=46(14/92)
Order=48(15/92)
Order=50(16/92)
Order=52(17/92)
Order=54(18/92)
Order=56(19/92)
Order=58(20/92)
Order=60(21/92)
Found 3 real poles and 11 conjugate complex pairs.
Final number of poles: 14
Saved figure: WMP_Lib/Zr90/12452-25660_MT2.png
Saved figure: WMP_Lib/Zr90/12452-25660_MT27.png
Saved figure: WMP_Lib/Zr90/12452-25660_MT102.png
Vector fitting piece 6/14...
  energy: 2.058e+04 to 3.686e+04 eV (1672 points)
  error tolerance: rtol=0.001, atol=1e-05
Found 4 peaks
Fitting orders from 8 to 200
Order=8(0/97)
Order=10(1/97)
Order=12(2/97)
Order=14(3/97)
Order=16(4/97)
Order=18(5/97)
Order=20(6/97)
Order=22(7/97)
Order=24(8/97)
Order=26(9/97)
Order=28(10/97)
Order=30(11/97)
Order=32(12/97)
Order=34(13/97)
Order=36(14/97)
Order=38(15/97)
Order=40(16/97)
Order=42(17/97)
Order=44(18/97)
Order=46(19/97)
Order=48(20/97)
Order=50(21/97)
Order=52(22/97)
Order=54(23/97)
Order=56(24/97)
Order=58(25/97)
Order=60(26/97)
Found 6 real poles and 4 conjugate complex pairs.
Final number of poles: 10
Saved figure: WMP_Lib/Zr90/20581-36860_MT2.png
Saved figure: WMP_Lib/Zr90/20581-36860_MT27.png
Saved figure: WMP_Lib/Zr90/20581-36860_MT102.png
Vector fitting piece 7/14...
  energy: 3.076e+04 to 5.020e+04 eV (2301 points)
  error tolerance: rtol=0.001, atol=1e-05
Found 9 peaks
Fitting orders from 18 to 200
Order=18(0/92)
Order=20(1/92)
Order=22(2/92)
Order=24(3/92)
Order=26(4/92)
Order=28(5/92)
Order=30(6/92)
Order=32(7/92)
Order=34(8/92)
Order=36(9/92)
Order=38(10/92)
Order=40(11/92)
Order=42(12/92)
Order=44(13/92)
Order=46(14/92)
Order=48(15/92)
Order=50(16/92)
Order=52(17/92)
Order=54(18/92)
Order=56(19/92)
Order=58(20/92)
Order=60(21/92)
Found 2 real poles and 10 conjugate complex pairs.
Final number of poles: 12
Saved figure: WMP_Lib/Zr90/30760-50203_MT2.png
Saved figure: WMP_Lib/Zr90/30760-50203_MT27.png
Saved figure: WMP_Lib/Zr90/30760-50203_MT102.png
Vector fitting piece 8/14...
  energy: 4.302e+04 to 6.542e+04 eV (3819 points)
  error tolerance: rtol=0.001, atol=1e-05
Found 16 peaks
Fitting orders from 32 to 200
Order=32(0/85)
Order=34(1/85)
Order=36(2/85)
Order=38(3/85)
Order=40(4/85)
Order=42(5/85)
Order=44(6/85)
Order=46(7/85)
Order=48(8/85)
Order=50(9/85)
Order=52(10/85)
Order=54(11/85)
Order=56(12/85)
Order=58(13/85)
Order=60(14/85)
Found 4 real poles and 17 conjugate complex pairs.
Final number of poles: 21
Saved figure: WMP_Lib/Zr90/43023-65422_MT2.png
Saved figure: WMP_Lib/Zr90/43023-65422_MT27.png
Saved figure: WMP_Lib/Zr90/43023-65422_MT102.png
Vector fitting piece 9/14...
  energy: 5.729e+04 to 8.280e+04 eV (4631 points)
  error tolerance: rtol=0.001, atol=1e-05
Found 20 peaks
Fitting orders from 40 to 200
Order=40(0/81)
Order=42(1/81)
Order=44(2/81)
Order=46(3/81)
Order=48(4/81)
Order=50(5/81)
Order=52(6/81)
Order=54(7/81)
Order=56(8/81)
Order=58(9/81)
Order=60(10/81)
Found 2 real poles and 22 conjugate complex pairs.
Final number of poles: 24
Saved figure: WMP_Lib/Zr90/57292-82797_MT2.png
Saved figure: WMP_Lib/Zr90/57292-82797_MT27.png
Saved figure: WMP_Lib/Zr90/57292-82797_MT102.png
Vector fitting piece 10/14...
  energy: 7.361e+04 to 1.023e+05 eV (4611 points)
  error tolerance: rtol=0.001, atol=1e-05
Found 18 peaks
Fitting orders from 36 to 200
Order=36(0/83)
Order=38(1/83)
Order=40(2/83)
Order=42(3/83)
Order=44(4/83)
Order=46(5/83)
Order=48(6/83)
Order=50(7/83)
Order=52(8/83)
Order=54(9/83)
Order=56(10/83)
Order=58(11/83)
Order=60(12/83)
Found 4 real poles and 19 conjugate complex pairs.
Final number of poles: 23
Saved figure: WMP_Lib/Zr90/73606-102266_MT2.png
Saved figure: WMP_Lib/Zr90/73606-102266_MT27.png
Saved figure: WMP_Lib/Zr90/73606-102266_MT102.png
Vector fitting piece 11/14...
  energy: 9.195e+04 to 1.237e+05 eV (4624 points)
  error tolerance: rtol=0.001, atol=1e-05
Found 19 peaks
Fitting orders from 38 to 200
Order=38(0/82)
Order=40(1/82)
Order=42(2/82)
Order=44(3/82)
Order=46(4/82)
Order=48(5/82)
Order=50(6/82)
Order=52(7/82)
Order=54(8/82)
Order=56(9/82)
Order=58(10/82)
Order=60(11/82)
Found 6 real poles and 19 conjugate complex pairs.
Final number of poles: 25
Saved figure: WMP_Lib/Zr90/91948-123696_MT2.png
Saved figure: WMP_Lib/Zr90/91948-123696_MT27.png
Saved figure: WMP_Lib/Zr90/91948-123696_MT102.png
Vector fitting piece 12/14...
  energy: 1.124e+05 to 1.472e+05 eV (4060 points)
  error tolerance: rtol=0.001, atol=1e-05
Found 17 peaks
Fitting orders from 34 to 200
Order=34(0/84)
Order=36(1/84)
Order=38(2/84)
Order=40(3/84)
Order=42(4/84)
Order=44(5/84)
Order=46(6/84)
Order=48(7/84)
Order=50(8/84)
Order=52(9/84)
Order=54(10/84)
Order=56(11/84)
Order=58(12/84)
Order=60(13/84)
Found 6 real poles and 18 conjugate complex pairs.
Final number of poles: 24
Saved figure: WMP_Lib/Zr90/112355-147214_MT2.png
Saved figure: WMP_Lib/Zr90/112355-147214_MT27.png
Saved figure: WMP_Lib/Zr90/112355-147214_MT102.png
Vector fitting piece 13/14...
  energy: 1.348e+05 to 1.726e+05 eV (3094 points)
  error tolerance: rtol=0.001, atol=1e-05
Found 15 peaks
Fitting orders from 30 to 200
Order=30(0/86)
Order=32(1/86)
Order=34(2/86)
Order=36(3/86)
Order=38(4/86)
Order=40(5/86)
Order=42(6/86)
Order=44(7/86)
Order=46(8/86)
Order=48(9/86)
Order=50(10/86)
Order=52(11/86)
Order=54(12/86)
Order=56(13/86)
Order=58(14/86)
Order=60(15/86)
Found 4 real poles and 16 conjugate complex pairs.
Final number of poles: 20
Saved figure: WMP_Lib/Zr90/134789-172640_MT2.png
Saved figure: WMP_Lib/Zr90/134789-172640_MT27.png
Saved figure: WMP_Lib/Zr90/134789-172640_MT102.png
Vector fitting piece 14/14...
  energy: 1.592e+05 to 2.000e+05 eV (3893 points)
  error tolerance: rtol=0.001, atol=1e-05
Found 19 peaks
Fitting orders from 38 to 200
Order=38(0/82)
Order=40(1/82)
Order=42(2/82)
Order=44(3/82)
Order=46(4/82)
Order=48(5/82)
Order=50(6/82)
Order=52(7/82)
Order=54(8/82)
Order=56(9/82)
Order=58(10/82)
Order=60(11/82)
Found 4 real poles and 19 conjugate complex pairs.
Final number of poles: 23
Saved figure: WMP_Lib/Zr90/159246-200000_MT2.png
Saved figure: WMP_Lib/Zr90/159246-200000_MT27.png
Saved figure: WMP_Lib/Zr90/159246-200000_MT102.png
Dumped multipole data to file: WMP_Lib/Zr90/Zr90_mp.pickle
Start searching ...
Testing N_win=11 N_cf=10
Failed: Window spacing cannot be larger than piece spacing.
Testing N_win=115 N_cf=10
Windowing:
  config: # windows=115, spacing=3.8887854036424776, CF order=10
  error tolerance: rtol=0.001, atol=1e-05
Best library so far.
Testing N_win=115 N_cf=9
Windowing:
  config: # windows=115, spacing=3.8887854036424776, CF order=9
  error tolerance: rtol=0.001, atol=1e-05
Best library so far.
Testing N_win=115 N_cf=8
Windowing:
  config: # windows=115, spacing=3.8887854036424776, CF order=8
  error tolerance: rtol=0.001, atol=1e-05
Best library so far.
Testing N_win=115 N_cf=7
Windowing:
  config: # windows=115, spacing=3.8887854036424776, CF order=7
  error tolerance: rtol=0.001, atol=1e-05
Best library so far.
Testing N_win=115 N_cf=6
Windowing:
  config: # windows=115, spacing=3.8887854036424776, CF order=6
  error tolerance: rtol=0.001, atol=1e-05
Best library so far.
Testing N_win=115 N_cf=5
Windowing:
  config: # windows=115, spacing=3.8887854036424776, CF order=5
  error tolerance: rtol=0.001, atol=1e-05
Best library so far.
Testing N_win=115 N_cf=4
Windowing:
  config: # windows=115, spacing=3.8887854036424776, CF order=4
  error tolerance: rtol=0.001, atol=1e-05
Best library so far.
Testing N_win=115 N_cf=3
Windowing:
  config: # windows=115, spacing=3.8887854036424776, CF order=3
  error tolerance: rtol=0.001, atol=1e-05
Best library so far.
Testing N_win=115 N_cf=2
Windowing:
  config: # windows=115, spacing=3.8887854036424776, CF order=2
  error tolerance: rtol=0.001, atol=1e-05
Testing N_win=220 N_cf=10
Windowing:
  config: # windows=220, spacing=2.0327741882676587, CF order=10
  error tolerance: rtol=0.001, atol=1e-05
Best library so far.
Testing N_win=220 N_cf=9
Windowing:
  config: # windows=220, spacing=2.0327741882676587, CF order=9
  error tolerance: rtol=0.001, atol=1e-05
Best library so far.
Testing N_win=220 N_cf=8
Windowing:
  config: # windows=220, spacing=2.0327741882676587, CF order=8
  error tolerance: rtol=0.001, atol=1e-05
Best library so far.
Testing N_win=220 N_cf=7
Windowing:
  config: # windows=220, spacing=2.0327741882676587, CF order=7
  error tolerance: rtol=0.001, atol=1e-05
Best library so far.
Testing N_win=220 N_cf=6
Windowing:
  config: # windows=220, spacing=2.0327741882676587, CF order=6
  error tolerance: rtol=0.001, atol=1e-05
Best library so far.
Testing N_win=220 N_cf=5
Windowing:
  config: # windows=220, spacing=2.0327741882676587, CF order=5
  error tolerance: rtol=0.001, atol=1e-05
Best library so far.
Testing N_win=220 N_cf=4
Windowing:
  config: # windows=220, spacing=2.0327741882676587, CF order=4
  error tolerance: rtol=0.001, atol=1e-05
Best library so far.
Testing N_win=220 N_cf=3
Windowing:
  config: # windows=220, spacing=2.0327741882676587, CF order=3
  error tolerance: rtol=0.001, atol=1e-05
Best library so far.
Testing N_win=220 N_cf=2
Windowing:
  config: # windows=220, spacing=2.0327741882676587, CF order=2
  error tolerance: rtol=0.001, atol=1e-05
Best library so far.
Testing N_win=325 N_cf=10
Windowing:
  config: # windows=325, spacing=1.3760317582119537, CF order=10
  error tolerance: rtol=0.001, atol=1e-05
Testing N_win=325 N_cf=9
Windowing:
  config: # windows=325, spacing=1.3760317582119537, CF order=9
  error tolerance: rtol=0.001, atol=1e-05
Testing N_win=325 N_cf=8
Windowing:
  config: # windows=325, spacing=1.3760317582119537, CF order=8
  error tolerance: rtol=0.001, atol=1e-05
Testing N_win=325 N_cf=7
Windowing:
  config: # windows=325, spacing=1.3760317582119537, CF order=7
  error tolerance: rtol=0.001, atol=1e-05
Testing N_win=325 N_cf=6
Windowing:
  config: # windows=325, spacing=1.3760317582119537, CF order=6
  error tolerance: rtol=0.001, atol=1e-05
Testing N_win=325 N_cf=5
Windowing:
  config: # windows=325, spacing=1.3760317582119537, CF order=5
  error tolerance: rtol=0.001, atol=1e-05
Best library so far.
Testing N_win=325 N_cf=4
Windowing:
  config: # windows=325, spacing=1.3760317582119537, CF order=4
  error tolerance: rtol=0.001, atol=1e-05
Best library so far.
Testing N_win=325 N_cf=3
Windowing:
  config: # windows=325, spacing=1.3760317582119537, CF order=3
  error tolerance: rtol=0.001, atol=1e-05
Best library so far.
Testing N_win=325 N_cf=2
Windowing:
  config: # windows=325, spacing=1.3760317582119537, CF order=2
  error tolerance: rtol=0.001, atol=1e-05
Best library so far.
Testing N_win=429 N_cf=10
Windowing:
  config: # windows=429, spacing=1.0424483016757224, CF order=10
  error tolerance: rtol=0.001, atol=1e-05
Testing N_win=429 N_cf=9
Windowing:
  config: # windows=429, spacing=1.0424483016757224, CF order=9
  error tolerance: rtol=0.001, atol=1e-05
Testing N_win=429 N_cf=8
Windowing:
  config: # windows=429, spacing=1.0424483016757224, CF order=8
  error tolerance: rtol=0.001, atol=1e-05
Testing N_win=429 N_cf=7
Windowing:
  config: # windows=429, spacing=1.0424483016757224, CF order=7
  error tolerance: rtol=0.001, atol=1e-05
Testing N_win=429 N_cf=6
Windowing:
  config: # windows=429, spacing=1.0424483016757224, CF order=6
  error tolerance: rtol=0.001, atol=1e-05
Testing N_win=429 N_cf=5
Windowing:
  config: # windows=429, spacing=1.0424483016757224, CF order=5
  error tolerance: rtol=0.001, atol=1e-05
Testing N_win=429 N_cf=4
Windowing:
  config: # windows=429, spacing=1.0424483016757224, CF order=4
  error tolerance: rtol=0.001, atol=1e-05
Testing N_win=429 N_cf=3
Windowing:
  config: # windows=429, spacing=1.0424483016757224, CF order=3
  error tolerance: rtol=0.001, atol=1e-05
Testing N_win=429 N_cf=2
Windowing:
  config: # windows=429, spacing=1.0424483016757224, CF order=2
  error tolerance: rtol=0.001, atol=1e-05
Best library so far.
Testing N_win=534 N_cf=10
Windowing:
  config: # windows=534, spacing=0.8374725120203838, CF order=10
  error tolerance: rtol=0.001, atol=1e-05
Testing N_win=534 N_cf=9
Windowing:
  config: # windows=534, spacing=0.8374725120203838, CF order=9
  error tolerance: rtol=0.001, atol=1e-05
Testing N_win=534 N_cf=8
Windowing:
  config: # windows=534, spacing=0.8374725120203838, CF order=8
  error tolerance: rtol=0.001, atol=1e-05
Testing N_win=534 N_cf=7
Windowing:
  config: # windows=534, spacing=0.8374725120203838, CF order=7
  error tolerance: rtol=0.001, atol=1e-05
Testing N_win=534 N_cf=6
Windowing:
  config: # windows=534, spacing=0.8374725120203838, CF order=6
  error tolerance: rtol=0.001, atol=1e-05
Testing N_win=534 N_cf=5
Windowing:
  config: # windows=534, spacing=0.8374725120203838, CF order=5
  error tolerance: rtol=0.001, atol=1e-05
Testing N_win=534 N_cf=4
Windowing:
  config: # windows=534, spacing=0.8374725120203838, CF order=4
  error tolerance: rtol=0.001, atol=1e-05
Testing N_win=534 N_cf=3
Windowing:
  config: # windows=534, spacing=0.8374725120203838, CF order=3
  error tolerance: rtol=0.001, atol=1e-05
Testing N_win=534 N_cf=2
Windowing:
  config: # windows=534, spacing=0.8374725120203838, CF order=2
  error tolerance: rtol=0.001, atol=1e-05
Best library so far.
Testing N_win=639 N_cf=10
Windowing:
  config: # windows=639, spacing=0.6998596579325272, CF order=10
  error tolerance: rtol=0.001, atol=1e-05
Testing N_win=639 N_cf=9
Windowing:
  config: # windows=639, spacing=0.6998596579325272, CF order=9
  error tolerance: rtol=0.001, atol=1e-05
Testing N_win=639 N_cf=8
Windowing:
  config: # windows=639, spacing=0.6998596579325272, CF order=8
  error tolerance: rtol=0.001, atol=1e-05
Testing N_win=639 N_cf=7
Windowing:
  config: # windows=639, spacing=0.6998596579325272, CF order=7
  error tolerance: rtol=0.001, atol=1e-05
Testing N_win=639 N_cf=6
Windowing:
  config: # windows=639, spacing=0.6998596579325272, CF order=6
  error tolerance: rtol=0.001, atol=1e-05
Testing N_win=639 N_cf=5
Windowing:
  config: # windows=639, spacing=0.6998596579325272, CF order=5
  error tolerance: rtol=0.001, atol=1e-05
Testing N_win=639 N_cf=4
Windowing:
  config: # windows=639, spacing=0.6998596579325272, CF order=4
  error tolerance: rtol=0.001, atol=1e-05
Testing N_win=639 N_cf=3
Windowing:
  config: # windows=639, spacing=0.6998596579325272, CF order=3
  error tolerance: rtol=0.001, atol=1e-05
Testing N_win=639 N_cf=2
Windowing:
  config: # windows=639, spacing=0.6998596579325272, CF order=2
  error tolerance: rtol=0.001, atol=1e-05
Testing N_win=743 N_cf=10
Windowing:
  config: # windows=743, spacing=0.6018981445745423, CF order=10
  error tolerance: rtol=0.001, atol=1e-05
Testing N_win=743 N_cf=9
Windowing:
  config: # windows=743, spacing=0.6018981445745423, CF order=9
  error tolerance: rtol=0.001, atol=1e-05
Testing N_win=743 N_cf=8
Windowing:
  config: # windows=743, spacing=0.6018981445745423, CF order=8
  error tolerance: rtol=0.001, atol=1e-05
Testing N_win=743 N_cf=7
Windowing:
  config: # windows=743, spacing=0.6018981445745423, CF order=7
  error tolerance: rtol=0.001, atol=1e-05
Testing N_win=743 N_cf=6
Windowing:
  config: # windows=743, spacing=0.6018981445745423, CF order=6
  error tolerance: rtol=0.001, atol=1e-05
Testing N_win=743 N_cf=5
Windowing:
  config: # windows=743, spacing=0.6018981445745423, CF order=5
  error tolerance: rtol=0.001, atol=1e-05
Testing N_win=743 N_cf=4
Windowing:
  config: # windows=743, spacing=0.6018981445745423, CF order=4
  error tolerance: rtol=0.001, atol=1e-05
Testing N_win=743 N_cf=3
Windowing:
  config: # windows=743, spacing=0.6018981445745423, CF order=3
  error tolerance: rtol=0.001, atol=1e-05
Testing N_win=743 N_cf=2
Windowing:
  config: # windows=743, spacing=0.6018981445745423, CF order=2
  error tolerance: rtol=0.001, atol=1e-05
Testing N_win=848 N_cf=10
Windowing:
  config: # windows=848, spacing=0.5273706620505718, CF order=10
  error tolerance: rtol=0.001, atol=1e-05
Testing N_win=848 N_cf=9
Windowing:
  config: # windows=848, spacing=0.5273706620505718, CF order=9
  error tolerance: rtol=0.001, atol=1e-05
Testing N_win=848 N_cf=8
Windowing:
  config: # windows=848, spacing=0.5273706620505718, CF order=8
  error tolerance: rtol=0.001, atol=1e-05
Testing N_win=848 N_cf=7
Windowing:
  config: # windows=848, spacing=0.5273706620505718, CF order=7
  error tolerance: rtol=0.001, atol=1e-05
Testing N_win=848 N_cf=6
Windowing:
  config: # windows=848, spacing=0.5273706620505718, CF order=6
  error tolerance: rtol=0.001, atol=1e-05
Testing N_win=848 N_cf=5
Windowing:
  config: # windows=848, spacing=0.5273706620505718, CF order=5
  error tolerance: rtol=0.001, atol=1e-05
Testing N_win=848 N_cf=4
Windowing:
  config: # windows=848, spacing=0.5273706620505718, CF order=4
  error tolerance: rtol=0.001, atol=1e-05
Testing N_win=848 N_cf=3
Windowing:
  config: # windows=848, spacing=0.5273706620505718, CF order=3
  error tolerance: rtol=0.001, atol=1e-05
Testing N_win=848 N_cf=2
Windowing:
  config: # windows=848, spacing=0.5273706620505718, CF order=2
  error tolerance: rtol=0.001, atol=1e-05
Testing N_win=953 N_cf=10
Windowing:
  config: # windows=953, spacing=0.4692658147102675, CF order=10
  error tolerance: rtol=0.001, atol=1e-05
Testing N_win=953 N_cf=9
Windowing:
  config: # windows=953, spacing=0.4692658147102675, CF order=9
  error tolerance: rtol=0.001, atol=1e-05
Testing N_win=953 N_cf=8
Windowing:
  config: # windows=953, spacing=0.4692658147102675, CF order=8
  error tolerance: rtol=0.001, atol=1e-05
Testing N_win=953 N_cf=7
Windowing:
  config: # windows=953, spacing=0.4692658147102675, CF order=7
  error tolerance: rtol=0.001, atol=1e-05
Testing N_win=953 N_cf=6
Windowing:
  config: # windows=953, spacing=0.4692658147102675, CF order=6
  error tolerance: rtol=0.001, atol=1e-05
Testing N_win=953 N_cf=5
Windowing:
  config: # windows=953, spacing=0.4692658147102675, CF order=5
  error tolerance: rtol=0.001, atol=1e-05
Testing N_win=953 N_cf=4
Windowing:
  config: # windows=953, spacing=0.4692658147102675, CF order=4
  error tolerance: rtol=0.001, atol=1e-05
Testing N_win=953 N_cf=3
Windowing:
  config: # windows=953, spacing=0.4692658147102675, CF order=3
  error tolerance: rtol=0.001, atol=1e-05
Testing N_win=953 N_cf=2
Windowing:
  config: # windows=953, spacing=0.4692658147102675, CF order=2
  error tolerance: rtol=0.001, atol=1e-05
Testing N_win=1057 N_cf=10
Windowing:
  config: # windows=1057, spacing=0.4230939653915657, CF order=10
  error tolerance: rtol=0.001, atol=1e-05
Testing N_win=1057 N_cf=9
Windowing:
  config: # windows=1057, spacing=0.4230939653915657, CF order=9
  error tolerance: rtol=0.001, atol=1e-05
Testing N_win=1057 N_cf=8
Windowing:
  config: # windows=1057, spacing=0.4230939653915657, CF order=8
  error tolerance: rtol=0.001, atol=1e-05
Testing N_win=1057 N_cf=7
Windowing:
  config: # windows=1057, spacing=0.4230939653915657, CF order=7
  error tolerance: rtol=0.001, atol=1e-05
Testing N_win=1057 N_cf=6
Windowing:
  config: # windows=1057, spacing=0.4230939653915657, CF order=6
  error tolerance: rtol=0.001, atol=1e-05
Testing N_win=1057 N_cf=5
Windowing:
  config: # windows=1057, spacing=0.4230939653915657, CF order=5
  error tolerance: rtol=0.001, atol=1e-05
Testing N_win=1057 N_cf=4
Windowing:
  config: # windows=1057, spacing=0.4230939653915657, CF order=4
  error tolerance: rtol=0.001, atol=1e-05
Testing N_win=1057 N_cf=3
Windowing:
  config: # windows=1057, spacing=0.4230939653915657, CF order=3
  error tolerance: rtol=0.001, atol=1e-05
Testing N_win=1057 N_cf=2
Windowing:
  config: # windows=1057, spacing=0.4230939653915657, CF order=2
  error tolerance: rtol=0.001, atol=1e-05
Testing N_win=1162 N_cf=10
Windowing:
  config: # windows=1162, spacing=0.38486258297666515, CF order=10
  error tolerance: rtol=0.001, atol=1e-05
Testing N_win=1162 N_cf=9
Windowing:
  config: # windows=1162, spacing=0.38486258297666515, CF order=9
  error tolerance: rtol=0.001, atol=1e-05
Testing N_win=1162 N_cf=8
Windowing:
  config: # windows=1162, spacing=0.38486258297666515, CF order=8
  error tolerance: rtol=0.001, atol=1e-05
Testing N_win=1162 N_cf=7
Windowing:
  config: # windows=1162, spacing=0.38486258297666515, CF order=7
  error tolerance: rtol=0.001, atol=1e-05
Testing N_win=1162 N_cf=6
Windowing:
  config: # windows=1162, spacing=0.38486258297666515, CF order=6
  error tolerance: rtol=0.001, atol=1e-05
Testing N_win=1162 N_cf=5
Windowing:
  config: # windows=1162, spacing=0.38486258297666515, CF order=5
  error tolerance: rtol=0.001, atol=1e-05
Testing N_win=1162 N_cf=4
Windowing:
  config: # windows=1162, spacing=0.38486258297666515, CF order=4
  error tolerance: rtol=0.001, atol=1e-05
Testing N_win=1162 N_cf=3
Windowing:
  config: # windows=1162, spacing=0.38486258297666515, CF order=3
  error tolerance: rtol=0.001, atol=1e-05
Testing N_win=1162 N_cf=2
Windowing:
  config: # windows=1162, spacing=0.38486258297666515, CF order=2
  error tolerance: rtol=0.001, atol=1e-05
Testing N_win=1267 N_cf=10
Windowing:
  config: # windows=1267, spacing=0.35296789377970395, CF order=10
  error tolerance: rtol=0.001, atol=1e-05
Testing N_win=1267 N_cf=9
Windowing:
  config: # windows=1267, spacing=0.35296789377970395, CF order=9
  error tolerance: rtol=0.001, atol=1e-05
Testing N_win=1267 N_cf=8
Windowing:
  config: # windows=1267, spacing=0.35296789377970395, CF order=8
  error tolerance: rtol=0.001, atol=1e-05
Testing N_win=1267 N_cf=7
Windowing:
  config: # windows=1267, spacing=0.35296789377970395, CF order=7
  error tolerance: rtol=0.001, atol=1e-05
Testing N_win=1267 N_cf=6
Windowing:
  config: # windows=1267, spacing=0.35296789377970395, CF order=6
  error tolerance: rtol=0.001, atol=1e-05
Testing N_win=1267 N_cf=5
Windowing:
  config: # windows=1267, spacing=0.35296789377970395, CF order=5
  error tolerance: rtol=0.001, atol=1e-05
Testing N_win=1267 N_cf=4
Windowing:
  config: # windows=1267, spacing=0.35296789377970395, CF order=4
  error tolerance: rtol=0.001, atol=1e-05
Testing N_win=1267 N_cf=3
Windowing:
  config: # windows=1267, spacing=0.35296789377970395, CF order=3
  error tolerance: rtol=0.001, atol=1e-05
Testing N_win=1267 N_cf=2
Windowing:
  config: # windows=1267, spacing=0.35296789377970395, CF order=2
  error tolerance: rtol=0.001, atol=1e-05
Testing N_win=1371 N_cf=10
Windowing:
  config: # windows=1371, spacing=0.3261927946162545, CF order=10
  error tolerance: rtol=0.001, atol=1e-05
Testing N_win=1371 N_cf=9
Windowing:
  config: # windows=1371, spacing=0.3261927946162545, CF order=9
  error tolerance: rtol=0.001, atol=1e-05
Testing N_win=1371 N_cf=8
Windowing:
  config: # windows=1371, spacing=0.3261927946162545, CF order=8
  error tolerance: rtol=0.001, atol=1e-05
Testing N_win=1371 N_cf=7
Windowing:
  config: # windows=1371, spacing=0.3261927946162545, CF order=7
  error tolerance: rtol=0.001, atol=1e-05
Testing N_win=1371 N_cf=6
Windowing:
  config: # windows=1371, spacing=0.3261927946162545, CF order=6
  error tolerance: rtol=0.001, atol=1e-05
Testing N_win=1371 N_cf=5
Windowing:
  config: # windows=1371, spacing=0.3261927946162545, CF order=5
  error tolerance: rtol=0.001, atol=1e-05
Testing N_win=1371 N_cf=4
Windowing:
  config: # windows=1371, spacing=0.3261927946162545, CF order=4
  error tolerance: rtol=0.001, atol=1e-05
Testing N_win=1371 N_cf=3
Windowing:
  config: # windows=1371, spacing=0.3261927946162545, CF order=3
  error tolerance: rtol=0.001, atol=1e-05
Testing N_win=1371 N_cf=2
Windowing:
  config: # windows=1371, spacing=0.3261927946162545, CF order=2
  error tolerance: rtol=0.001, atol=1e-05
Testing N_win=1476 N_cf=10
Windowing:
  config: # windows=1476, spacing=0.30298802264152097, CF order=10
  error tolerance: rtol=0.001, atol=1e-05
Testing N_win=1476 N_cf=9
Windowing:
  config: # windows=1476, spacing=0.30298802264152097, CF order=9
  error tolerance: rtol=0.001, atol=1e-05
Testing N_win=1476 N_cf=8
Windowing:
  config: # windows=1476, spacing=0.30298802264152097, CF order=8
  error tolerance: rtol=0.001, atol=1e-05
Testing N_win=1476 N_cf=7
Windowing:
  config: # windows=1476, spacing=0.30298802264152097, CF order=7
  error tolerance: rtol=0.001, atol=1e-05
Testing N_win=1476 N_cf=6
Windowing:
  config: # windows=1476, spacing=0.30298802264152097, CF order=6
  error tolerance: rtol=0.001, atol=1e-05
Testing N_win=1476 N_cf=5
Windowing:
  config: # windows=1476, spacing=0.30298802264152097, CF order=5
  error tolerance: rtol=0.001, atol=1e-05
Testing N_win=1476 N_cf=4
Windowing:
  config: # windows=1476, spacing=0.30298802264152097, CF order=4
  error tolerance: rtol=0.001, atol=1e-05
Testing N_win=1476 N_cf=3
Windowing:
  config: # windows=1476, spacing=0.30298802264152097, CF order=3
  error tolerance: rtol=0.001, atol=1e-05
Testing N_win=1476 N_cf=2
Windowing:
  config: # windows=1476, spacing=0.30298802264152097, CF order=2
  error tolerance: rtol=0.001, atol=1e-05
Testing N_win=1581 N_cf=10
Windowing:
  config: # windows=1581, spacing=0.28286547844331744, CF order=10
  error tolerance: rtol=0.001, atol=1e-05
Testing N_win=1581 N_cf=9
Windowing:
  config: # windows=1581, spacing=0.28286547844331744, CF order=9
  error tolerance: rtol=0.001, atol=1e-05
Testing N_win=1581 N_cf=8
Windowing:
  config: # windows=1581, spacing=0.28286547844331744, CF order=8
  error tolerance: rtol=0.001, atol=1e-05
Testing N_win=1581 N_cf=7
Windowing:
  config: # windows=1581, spacing=0.28286547844331744, CF order=7
  error tolerance: rtol=0.001, atol=1e-05
Testing N_win=1581 N_cf=6
Windowing:
  config: # windows=1581, spacing=0.28286547844331744, CF order=6
  error tolerance: rtol=0.001, atol=1e-05
Testing N_win=1581 N_cf=5
Windowing:
  config: # windows=1581, spacing=0.28286547844331744, CF order=5
  error tolerance: rtol=0.001, atol=1e-05
Testing N_win=1581 N_cf=4
Windowing:
  config: # windows=1581, spacing=0.28286547844331744, CF order=4
  error tolerance: rtol=0.001, atol=1e-05
Testing N_win=1581 N_cf=3
Windowing:
  config: # windows=1581, spacing=0.28286547844331744, CF order=3
  error tolerance: rtol=0.001, atol=1e-05
Testing N_win=1581 N_cf=2
Windowing:
  config: # windows=1581, spacing=0.28286547844331744, CF order=2
  error tolerance: rtol=0.001, atol=1e-05
Testing N_win=1685 N_cf=10
Windowing:
  config: # windows=1685, spacing=0.2654067189429584, CF order=10
  error tolerance: rtol=0.001, atol=1e-05
Testing N_win=1685 N_cf=9
Windowing:
  config: # windows=1685, spacing=0.2654067189429584, CF order=9
  error tolerance: rtol=0.001, atol=1e-05
Testing N_win=1685 N_cf=8
Windowing:
  config: # windows=1685, spacing=0.2654067189429584, CF order=8
  error tolerance: rtol=0.001, atol=1e-05
Testing N_win=1685 N_cf=7
Windowing:
  config: # windows=1685, spacing=0.2654067189429584, CF order=7
  error tolerance: rtol=0.001, atol=1e-05
Testing N_win=1685 N_cf=6
Windowing:
  config: # windows=1685, spacing=0.2654067189429584, CF order=6
  error tolerance: rtol=0.001, atol=1e-05
Testing N_win=1685 N_cf=5
Windowing:
  config: # windows=1685, spacing=0.2654067189429584, CF order=5
  error tolerance: rtol=0.001, atol=1e-05
Testing N_win=1685 N_cf=4
Windowing:
  config: # windows=1685, spacing=0.2654067189429584, CF order=4
  error tolerance: rtol=0.001, atol=1e-05
Testing N_win=1685 N_cf=3
Windowing:
  config: # windows=1685, spacing=0.2654067189429584, CF order=3
  error tolerance: rtol=0.001, atol=1e-05
Testing N_win=1685 N_cf=2
Windowing:
  config: # windows=1685, spacing=0.2654067189429584, CF order=2
  error tolerance: rtol=0.001, atol=1e-05
Testing N_win=1790 N_cf=10
Windowing:
  config: # windows=1790, spacing=0.24983816839043851, CF order=10
  error tolerance: rtol=0.001, atol=1e-05
Testing N_win=1790 N_cf=9
Windowing:
  config: # windows=1790, spacing=0.24983816839043851, CF order=9
  error tolerance: rtol=0.001, atol=1e-05
Testing N_win=1790 N_cf=8
Windowing:
  config: # windows=1790, spacing=0.24983816839043851, CF order=8
  error tolerance: rtol=0.001, atol=1e-05
Testing N_win=1790 N_cf=7
Windowing:
  config: # windows=1790, spacing=0.24983816839043851, CF order=7
  error tolerance: rtol=0.001, atol=1e-05
Testing N_win=1790 N_cf=6
Windowing:
  config: # windows=1790, spacing=0.24983816839043851, CF order=6
  error tolerance: rtol=0.001, atol=1e-05
Testing N_win=1790 N_cf=5
Windowing:
  config: # windows=1790, spacing=0.24983816839043851, CF order=5
  error tolerance: rtol=0.001, atol=1e-05
Testing N_win=1790 N_cf=4
Windowing:
  config: # windows=1790, spacing=0.24983816839043851, CF order=4
  error tolerance: rtol=0.001, atol=1e-05
Testing N_win=1790 N_cf=3
Windowing:
  config: # windows=1790, spacing=0.24983816839043851, CF order=3
  error tolerance: rtol=0.001, atol=1e-05
Testing N_win=1790 N_cf=2
Windowing:
  config: # windows=1790, spacing=0.24983816839043851, CF order=2
  error tolerance: rtol=0.001, atol=1e-05
Testing N_win=1895 N_cf=10
Windowing:
  config: # windows=1895, spacing=0.2359948925693324, CF order=10
  error tolerance: rtol=0.001, atol=1e-05
Testing N_win=1895 N_cf=9
Windowing:
  config: # windows=1895, spacing=0.2359948925693324, CF order=9
  error tolerance: rtol=0.001, atol=1e-05
Testing N_win=1895 N_cf=8
Windowing:
  config: # windows=1895, spacing=0.2359948925693324, CF order=8
  error tolerance: rtol=0.001, atol=1e-05
Testing N_win=1895 N_cf=7
Windowing:
  config: # windows=1895, spacing=0.2359948925693324, CF order=7
  error tolerance: rtol=0.001, atol=1e-05
Testing N_win=1895 N_cf=6
Windowing:
  config: # windows=1895, spacing=0.2359948925693324, CF order=6
  error tolerance: rtol=0.001, atol=1e-05
Testing N_win=1895 N_cf=5
Windowing:
  config: # windows=1895, spacing=0.2359948925693324, CF order=5
  error tolerance: rtol=0.001, atol=1e-05
Testing N_win=1895 N_cf=4
Windowing:
  config: # windows=1895, spacing=0.2359948925693324, CF order=4
  error tolerance: rtol=0.001, atol=1e-05
Testing N_win=1895 N_cf=3
Windowing:
  config: # windows=1895, spacing=0.2359948925693324, CF order=3
  error tolerance: rtol=0.001, atol=1e-05
Testing N_win=1895 N_cf=2
Windowing:
  config: # windows=1895, spacing=0.2359948925693324, CF order=2
  error tolerance: rtol=0.001, atol=1e-05
Testing N_win=2000 N_cf=10
Windowing:
  config: # windows=2000, spacing=0.22360516070944245, CF order=10
  error tolerance: rtol=0.001, atol=1e-05
Testing N_win=2000 N_cf=9
Windowing:
  config: # windows=2000, spacing=0.22360516070944245, CF order=9
  error tolerance: rtol=0.001, atol=1e-05
Testing N_win=2000 N_cf=8
Windowing:
  config: # windows=2000, spacing=0.22360516070944245, CF order=8
  error tolerance: rtol=0.001, atol=1e-05
Testing N_win=2000 N_cf=7
Windowing:
  config: # windows=2000, spacing=0.22360516070944245, CF order=7
  error tolerance: rtol=0.001, atol=1e-05
Testing N_win=2000 N_cf=6
Windowing:
  config: # windows=2000, spacing=0.22360516070944245, CF order=6
  error tolerance: rtol=0.001, atol=1e-05
Testing N_win=2000 N_cf=5
Windowing:
  config: # windows=2000, spacing=0.22360516070944245, CF order=5
  error tolerance: rtol=0.001, atol=1e-05
Testing N_win=2000 N_cf=4
Windowing:
  config: # windows=2000, spacing=0.22360516070944245, CF order=4
  error tolerance: rtol=0.001, atol=1e-05
Testing N_win=2000 N_cf=3
Windowing:
  config: # windows=2000, spacing=0.22360516070944245, CF order=3
  error tolerance: rtol=0.001, atol=1e-05
Testing N_win=2000 N_cf=2
Windowing:
  config: # windows=2000, spacing=0.22360516070944245, CF order=2
  error tolerance: rtol=0.001, atol=1e-05
Final library: 126 poles, 534 windows, 0.98 poles per window, 2 CF order
