Running NJOY to get 0K point-wise data (error=0.0005)...
Parsing cross sections within resolved resonance range...
  MTs: [2, 27, 102, 103, 107]
  Energy range: 1.000e-05 to 2.000e+03 eV (23414 points)
Vector fitting piece 1/11...
  energy: 1.000e-05 to 1.828e+01 eV (1321 points)
  error tolerance: rtol=0.001, atol=1e-05
Found 4 peaks
Fitting orders from 8 to 200
Order=8(0/97)
Order=10(1/97)
Order=12(2/97)
Order=14(3/97)
Order=16(4/97)
Order=18(5/97)
Order=20(6/97)
Order=22(7/97)
Order=24(8/97)
Order=26(9/97)
Order=28(10/97)
Order=30(11/97)
Order=32(12/97)
Order=34(13/97)
Order=36(14/97)
Order=38(15/97)
Order=40(16/97)
Order=42(17/97)
Order=44(18/97)
Order=46(19/97)
Order=48(20/97)
Order=50(21/97)
Order=52(22/97)
Order=54(23/97)
Order=56(24/97)
Order=58(25/97)
Order=60(26/97)
Order=62(27/97)
Order=64(28/97)
Order=66(29/97)
Order=68(30/97)
Order=70(31/97)
Order=72(32/97)
Order=74(33/97)
Order=76(34/97)
Order=78(35/97)
Order=80(36/97)
Order=82(37/97)
Order=84(38/97)
Order=86(39/97)
Order=88(40/97)
Order=90(41/97)
Found 2 real poles and 54 conjugate complex pairs.
Final number of poles: 56
Saved figure: WMP_Lib/Te123/0-18_MT2.png
Saved figure: WMP_Lib/Te123/0-18_MT27.png
Saved figure: WMP_Lib/Te123/0-18_MT102.png
Saved figure: WMP_Lib/Te123/0-18_MT107.png
Vector fitting piece 2/11...
  energy: 3.410e+00 to 6.935e+01 eV (1407 points)
  error tolerance: rtol=0.001, atol=1e-05
Found 3 peaks
Fitting orders from 6 to 200
Order=6(0/98)
Order=8(1/98)
Order=10(2/98)
Order=12(3/98)
Order=14(4/98)
Order=16(5/98)
Order=18(6/98)
Order=20(7/98)
Order=22(8/98)
Order=24(9/98)
Order=26(10/98)
Order=28(11/98)
Order=30(12/98)
Order=32(13/98)
Order=34(14/98)
Order=36(15/98)
Order=38(16/98)
Order=40(17/98)
Order=42(18/98)
Order=44(19/98)
Order=46(20/98)
Order=48(21/98)
Order=50(22/98)
Order=52(23/98)
Order=54(24/98)
Order=56(25/98)
Order=58(26/98)
Order=60(27/98)
Order=62(28/98)
Order=64(29/98)
Order=66(30/98)
Order=68(31/98)
Order=70(32/98)
Order=72(33/98)
Order=74(34/98)
Order=76(35/98)
Order=78(36/98)
Order=80(37/98)
Order=82(38/98)
Order=84(39/98)
Order=86(40/98)
Order=88(41/98)
Order=90(42/98)
Order=92(43/98)
Order=94(44/98)
Found 5 real poles and 48 conjugate complex pairs.
Final number of poles: 53
Saved figure: WMP_Lib/Te123/3-69_MT2.png
Saved figure: WMP_Lib/Te123/3-69_MT27.png
Saved figure: WMP_Lib/Te123/3-69_MT102.png
Saved figure: WMP_Lib/Te123/3-69_MT107.png
Vector fitting piece 3/11...
  energy: 3.500e+01 to 1.535e+02 eV (3113 points)
  error tolerance: rtol=0.001, atol=1e-05
Found 7 peaks
Fitting orders from 14 to 200
Order=14(0/94)
Order=16(1/94)
Order=18(2/94)
Order=20(3/94)
Order=22(4/94)
Order=24(5/94)
Order=26(6/94)
Order=28(7/94)
Order=30(8/94)
Order=32(9/94)
Order=34(10/94)
Order=36(11/94)
Order=38(12/94)
Order=40(13/94)
Order=42(14/94)
Order=44(15/94)
Order=46(16/94)
Order=48(17/94)
Order=50(18/94)
Order=52(19/94)
Order=54(20/94)
Order=56(21/94)
Order=58(22/94)
Found ideal results. Stop!
Found 2 real poles and 32 conjugate complex pairs.
Final number of poles: 34
Saved figure: WMP_Lib/Te123/35-153_MT2.png
Saved figure: WMP_Lib/Te123/35-153_MT27.png
Saved figure: WMP_Lib/Te123/35-153_MT102.png
Saved figure: WMP_Lib/Te123/35-153_MT107.png
Vector fitting piece 4/11...
  energy: 9.961e+01 to 2.707e+02 eV (3205 points)
  error tolerance: rtol=0.001, atol=1e-05
Found 6 peaks
Fitting orders from 12 to 200
Order=12(0/95)
Order=14(1/95)
Order=16(2/95)
Order=18(3/95)
Order=20(4/95)
Order=22(5/95)
Order=24(6/95)
Order=26(7/95)
Order=28(8/95)
Order=30(9/95)
Order=32(10/95)
Order=34(11/95)
Order=36(12/95)
Order=38(13/95)
Order=40(14/95)
Order=42(15/95)
Order=44(16/95)
Order=46(17/95)
Order=48(18/95)
Order=50(19/95)
Order=52(20/95)
Order=54(21/95)
Order=56(22/95)
Order=58(23/95)
Order=60(24/95)
Found 2 real poles and 27 conjugate complex pairs.
Final number of poles: 29
Saved figure: WMP_Lib/Te123/100-271_MT2.png
Saved figure: WMP_Lib/Te123/100-271_MT27.png
Saved figure: WMP_Lib/Te123/100-271_MT102.png
Saved figure: WMP_Lib/Te123/100-271_MT107.png
Vector fitting piece 5/11...
  energy: 1.972e+02 to 4.212e+02 eV (4262 points)
  error tolerance: rtol=0.001, atol=1e-05
Found 8 peaks
Fitting orders from 16 to 200
Order=16(0/93)
Order=18(1/93)
Order=20(2/93)
Order=22(3/93)
Order=24(4/93)
Order=26(5/93)
Order=28(6/93)
Order=30(7/93)
Order=32(8/93)
Order=34(9/93)
Order=36(10/93)
Order=38(11/93)
Order=40(12/93)
Order=42(13/93)
Found ideal results. Stop!
Found 2 real poles and 21 conjugate complex pairs.
Final number of poles: 23
Saved figure: WMP_Lib/Te123/197-421_MT2.png
Saved figure: WMP_Lib/Te123/197-421_MT27.png
Saved figure: WMP_Lib/Te123/197-421_MT102.png
Saved figure: WMP_Lib/Te123/197-421_MT107.png
Vector fitting piece 6/11...
  energy: 3.280e+02 to 6.043e+02 eV (5356 points)
  error tolerance: rtol=0.001, atol=1e-05
Found 10 peaks
Fitting orders from 20 to 200
Order=20(0/91)
Order=22(1/91)
Order=24(2/91)
Order=26(3/91)
Order=28(4/91)
Order=30(5/91)
Order=32(6/91)
Order=34(7/91)
Order=36(8/91)
Order=38(9/91)
Order=40(10/91)
Order=42(11/91)
Order=44(12/91)
Order=46(13/91)
Order=48(14/91)
Order=50(15/91)
Order=52(16/91)
Order=54(17/91)
Order=56(18/91)
Order=58(19/91)
Order=60(20/91)
Found 4 real poles and 22 conjugate complex pairs.
Final number of poles: 26
Saved figure: WMP_Lib/Te123/328-604_MT2.png
Saved figure: WMP_Lib/Te123/328-604_MT27.png
Saved figure: WMP_Lib/Te123/328-604_MT102.png
Saved figure: WMP_Lib/Te123/328-604_MT107.png
Vector fitting piece 7/11...
  energy: 4.919e+02 to 8.219e+02 eV (3759 points)
  error tolerance: rtol=0.001, atol=1e-05
Found 8 peaks
Fitting orders from 16 to 200
Order=16(0/93)
Order=18(1/93)
Order=20(2/93)
Order=22(3/93)
Order=24(4/93)
Order=26(5/93)
Order=28(6/93)
Order=30(7/93)
Order=32(8/93)
Order=34(9/93)
Order=36(10/93)
Order=38(11/93)
Order=40(12/93)
Order=42(13/93)
Order=44(14/93)
Order=46(15/93)
Order=48(16/93)
Order=50(17/93)
Order=52(18/93)
Order=54(19/93)
Order=56(20/93)
Order=58(21/93)
Order=60(22/93)
Found 4 real poles and 16 conjugate complex pairs.
Final number of poles: 20
Saved figure: WMP_Lib/Te123/492-822_MT2.png
Saved figure: WMP_Lib/Te123/492-822_MT27.png
Saved figure: WMP_Lib/Te123/492-822_MT102.png
Saved figure: WMP_Lib/Te123/492-822_MT107.png
Vector fitting piece 8/11...
  energy: 6.884e+02 to 1.070e+03 eV (2982 points)
  error tolerance: rtol=0.001, atol=1e-05
Found 5 peaks
Fitting orders from 10 to 200
Order=10(0/96)
Order=12(1/96)
Order=14(2/96)
Order=16(3/96)
Order=18(4/96)
Order=20(5/96)
Order=22(6/96)
Order=24(7/96)
Order=26(8/96)
Order=28(9/96)
Order=30(10/96)
Order=32(11/96)
Order=34(12/96)
Order=36(13/96)
Order=38(14/96)
Order=40(15/96)
Order=42(16/96)
Order=44(17/96)
Order=46(18/96)
Order=48(19/96)
Order=50(20/96)
Order=52(21/96)
Order=54(22/96)
Order=56(23/96)
Order=58(24/96)
Order=60(25/96)
Found 4 real poles and 14 conjugate complex pairs.
Final number of poles: 18
Saved figure: WMP_Lib/Te123/688-1070_MT2.png
Saved figure: WMP_Lib/Te123/688-1070_MT27.png
Saved figure: WMP_Lib/Te123/688-1070_MT102.png
Saved figure: WMP_Lib/Te123/688-1070_MT107.png
Vector fitting piece 9/11...
  energy: 9.186e+02 to 1.354e+03 eV (4379 points)
  error tolerance: rtol=0.001, atol=1e-05
Found 8 peaks
Fitting orders from 16 to 200
Order=16(0/93)
Order=18(1/93)
Order=20(2/93)
Order=22(3/93)
Order=24(4/93)
Order=26(5/93)
Order=28(6/93)
Order=30(7/93)
Order=32(8/93)
Order=34(9/93)
Order=36(10/93)
Order=38(11/93)
Order=40(12/93)
Order=42(13/93)
Order=44(14/93)
Order=46(15/93)
Order=48(16/93)
Order=50(17/93)
Order=52(18/93)
Order=54(19/93)
Order=56(20/93)
Order=58(21/93)
Order=60(22/93)
Found 1 real poles and 16 conjugate complex pairs.
Final number of poles: 17
Saved figure: WMP_Lib/Te123/919-1354_MT2.png
Saved figure: WMP_Lib/Te123/919-1354_MT27.png
Saved figure: WMP_Lib/Te123/919-1354_MT102.png
Saved figure: WMP_Lib/Te123/919-1354_MT107.png
Vector fitting piece 10/11...
  energy: 1.182e+03 to 1.669e+03 eV (2594 points)
  error tolerance: rtol=0.001, atol=1e-05
Found 5 peaks
Fitting orders from 10 to 200
Order=10(0/96)
Order=12(1/96)
Order=14(2/96)
Order=16(3/96)
Order=18(4/96)
Order=20(5/96)
Order=22(6/96)
Order=24(7/96)
Order=26(8/96)
Order=28(9/96)
Order=30(10/96)
Order=32(11/96)
Order=34(12/96)
Order=36(13/96)
Order=38(14/96)
Order=40(15/96)
Order=42(16/96)
Order=44(17/96)
Order=46(18/96)
Order=48(19/96)
Order=50(20/96)
Order=52(21/96)
Order=54(22/96)
Order=56(23/96)
Order=58(24/96)
Order=60(25/96)
Found 2 real poles and 7 conjugate complex pairs.
Final number of poles: 9
Saved figure: WMP_Lib/Te123/1182-1669_MT2.png
Saved figure: WMP_Lib/Te123/1182-1669_MT27.png
Saved figure: WMP_Lib/Te123/1182-1669_MT102.png
Saved figure: WMP_Lib/Te123/1182-1669_MT107.png
Vector fitting piece 11/11...
  energy: 1.477e+03 to 2.000e+03 eV (2072 points)
  error tolerance: rtol=0.001, atol=1e-05
Found 4 peaks
Fitting orders from 8 to 200
Order=8(0/97)
Order=10(1/97)
Order=12(2/97)
Order=14(3/97)
Order=16(4/97)
Order=18(5/97)
Order=20(6/97)
Order=22(7/97)
Order=24(8/97)
Order=26(9/97)
Order=28(10/97)
Order=30(11/97)
Order=32(12/97)
Order=34(13/97)
Order=36(14/97)
Order=38(15/97)
Order=40(16/97)
Order=42(17/97)
Order=44(18/97)
Order=46(19/97)
Order=48(20/97)
Order=50(21/97)
Order=52(22/97)
Order=54(23/97)
Order=56(24/97)
Order=58(25/97)
Order=60(26/97)
Found 2 real poles and 6 conjugate complex pairs.
Final number of poles: 8
Saved figure: WMP_Lib/Te123/1477-2000_MT2.png
Saved figure: WMP_Lib/Te123/1477-2000_MT27.png
Saved figure: WMP_Lib/Te123/1477-2000_MT102.png
Saved figure: WMP_Lib/Te123/1477-2000_MT107.png
Dumped multipole data to file: WMP_Lib/Te123/Te123_mp.pickle
Start searching ...
Testing N_win=14 N_cf=10
Windowing:
  config: # windows=14, spacing=3.194156149428167, CF order=10
  error tolerance: rtol=0.001, atol=1e-05
Failed: Pure curvefit failed for the first window!
Testing N_win=118 N_cf=10
Windowing:
  config: # windows=118, spacing=0.37896767874571474, CF order=10
  error tolerance: rtol=0.001, atol=1e-05
Best library so far.
Testing N_win=118 N_cf=9
Windowing:
  config: # windows=118, spacing=0.37896767874571474, CF order=9
  error tolerance: rtol=0.001, atol=1e-05
Best library so far.
Testing N_win=118 N_cf=8
Windowing:
  config: # windows=118, spacing=0.37896767874571474, CF order=8
  error tolerance: rtol=0.001, atol=1e-05
Best library so far.
Testing N_win=118 N_cf=7
Windowing:
  config: # windows=118, spacing=0.37896767874571474, CF order=7
  error tolerance: rtol=0.001, atol=1e-05
Best library so far.
Testing N_win=118 N_cf=6
Windowing:
  config: # windows=118, spacing=0.37896767874571474, CF order=6
  error tolerance: rtol=0.001, atol=1e-05
Testing N_win=118 N_cf=5
Windowing:
  config: # windows=118, spacing=0.37896767874571474, CF order=5
  error tolerance: rtol=0.001, atol=1e-05
Failed: Pure curvefit failed for the first window!
Testing N_win=223 N_cf=10
Windowing:
  config: # windows=223, spacing=0.20052998247531095, CF order=10
  error tolerance: rtol=0.001, atol=1e-05
Best library so far.
Testing N_win=223 N_cf=9
Windowing:
  config: # windows=223, spacing=0.20052998247531095, CF order=9
  error tolerance: rtol=0.001, atol=1e-05
Best library so far.
Testing N_win=223 N_cf=8
Windowing:
  config: # windows=223, spacing=0.20052998247531095, CF order=8
  error tolerance: rtol=0.001, atol=1e-05
Best library so far.
Testing N_win=223 N_cf=7
Windowing:
  config: # windows=223, spacing=0.20052998247531095, CF order=7
  error tolerance: rtol=0.001, atol=1e-05
Testing N_win=223 N_cf=6
Windowing:
  config: # windows=223, spacing=0.20052998247531095, CF order=6
  error tolerance: rtol=0.001, atol=1e-05
Best library so far.
Testing N_win=223 N_cf=5
Windowing:
  config: # windows=223, spacing=0.20052998247531095, CF order=5
  error tolerance: rtol=0.001, atol=1e-05
Testing N_win=223 N_cf=4
Windowing:
  config: # windows=223, spacing=0.20052998247531095, CF order=4
  error tolerance: rtol=0.001, atol=1e-05
Failed: Pure curvefit failed for the first window!
Testing N_win=327 N_cf=10
Windowing:
  config: # windows=327, spacing=0.13675286266664935, CF order=10
  error tolerance: rtol=0.001, atol=1e-05
Testing N_win=327 N_cf=9
Windowing:
  config: # windows=327, spacing=0.13675286266664935, CF order=9
  error tolerance: rtol=0.001, atol=1e-05
Best library so far.
Testing N_win=327 N_cf=8
Windowing:
  config: # windows=327, spacing=0.13675286266664935, CF order=8
  error tolerance: rtol=0.001, atol=1e-05
Best library so far.
Testing N_win=327 N_cf=7
Windowing:
  config: # windows=327, spacing=0.13675286266664935, CF order=7
  error tolerance: rtol=0.001, atol=1e-05
Best library so far.
Testing N_win=327 N_cf=6
Windowing:
  config: # windows=327, spacing=0.13675286266664935, CF order=6
  error tolerance: rtol=0.001, atol=1e-05
Best library so far.
Testing N_win=327 N_cf=5
Windowing:
  config: # windows=327, spacing=0.13675286266664935, CF order=5
  error tolerance: rtol=0.001, atol=1e-05
Testing N_win=327 N_cf=4
Windowing:
  config: # windows=327, spacing=0.13675286266664935, CF order=4
  error tolerance: rtol=0.001, atol=1e-05
Failed: Pure curvefit failed for the first window!
Testing N_win=432 N_cf=10
Windowing:
  config: # windows=432, spacing=0.10351431965739431, CF order=10
  error tolerance: rtol=0.001, atol=1e-05
Testing N_win=432 N_cf=9
Windowing:
  config: # windows=432, spacing=0.10351431965739431, CF order=9
  error tolerance: rtol=0.001, atol=1e-05
Testing N_win=432 N_cf=8
Windowing:
  config: # windows=432, spacing=0.10351431965739431, CF order=8
  error tolerance: rtol=0.001, atol=1e-05
Testing N_win=432 N_cf=7
Windowing:
  config: # windows=432, spacing=0.10351431965739431, CF order=7
  error tolerance: rtol=0.001, atol=1e-05
Best library so far.
Testing N_win=432 N_cf=6
Windowing:
  config: # windows=432, spacing=0.10351431965739431, CF order=6
  error tolerance: rtol=0.001, atol=1e-05
Best library so far.
Testing N_win=432 N_cf=5
Windowing:
  config: # windows=432, spacing=0.10351431965739431, CF order=5
  error tolerance: rtol=0.001, atol=1e-05
Testing N_win=432 N_cf=4
Windowing:
  config: # windows=432, spacing=0.10351431965739431, CF order=4
  error tolerance: rtol=0.001, atol=1e-05
Testing N_win=432 N_cf=3
Windowing:
  config: # windows=432, spacing=0.10351431965739431, CF order=3
  error tolerance: rtol=0.001, atol=1e-05
Failed: Pure curvefit failed for the first window!
Testing N_win=536 N_cf=10
Windowing:
  config: # windows=536, spacing=0.08342945166416854, CF order=10
  error tolerance: rtol=0.001, atol=1e-05
Testing N_win=536 N_cf=9
Windowing:
  config: # windows=536, spacing=0.08342945166416854, CF order=9
  error tolerance: rtol=0.001, atol=1e-05
Testing N_win=536 N_cf=8
Windowing:
  config: # windows=536, spacing=0.08342945166416854, CF order=8
  error tolerance: rtol=0.001, atol=1e-05
Testing N_win=536 N_cf=7
Windowing:
  config: # windows=536, spacing=0.08342945166416854, CF order=7
  error tolerance: rtol=0.001, atol=1e-05
Testing N_win=536 N_cf=6
Windowing:
  config: # windows=536, spacing=0.08342945166416854, CF order=6
  error tolerance: rtol=0.001, atol=1e-05
Testing N_win=536 N_cf=5
Windowing:
  config: # windows=536, spacing=0.08342945166416854, CF order=5
  error tolerance: rtol=0.001, atol=1e-05
Testing N_win=536 N_cf=4
Windowing:
  config: # windows=536, spacing=0.08342945166416854, CF order=4
  error tolerance: rtol=0.001, atol=1e-05
Testing N_win=536 N_cf=3
Windowing:
  config: # windows=536, spacing=0.08342945166416854, CF order=3
  error tolerance: rtol=0.001, atol=1e-05
Failed: Pure curvefit failed for the first window!
Testing N_win=641 N_cf=10
Windowing:
  config: # windows=641, spacing=0.06976316082994437, CF order=10
  error tolerance: rtol=0.001, atol=1e-05
Testing N_win=641 N_cf=9
Windowing:
  config: # windows=641, spacing=0.06976316082994437, CF order=9
  error tolerance: rtol=0.001, atol=1e-05
Testing N_win=641 N_cf=8
Windowing:
  config: # windows=641, spacing=0.06976316082994437, CF order=8
  error tolerance: rtol=0.001, atol=1e-05
Testing N_win=641 N_cf=7
Windowing:
  config: # windows=641, spacing=0.06976316082994437, CF order=7
  error tolerance: rtol=0.001, atol=1e-05
Testing N_win=641 N_cf=6
Windowing:
  config: # windows=641, spacing=0.06976316082994437, CF order=6
  error tolerance: rtol=0.001, atol=1e-05
Testing N_win=641 N_cf=5
Windowing:
  config: # windows=641, spacing=0.06976316082994437, CF order=5
  error tolerance: rtol=0.001, atol=1e-05
Testing N_win=641 N_cf=4
Windowing:
  config: # windows=641, spacing=0.06976316082994437, CF order=4
  error tolerance: rtol=0.001, atol=1e-05
Testing N_win=641 N_cf=3
Windowing:
  config: # windows=641, spacing=0.06976316082994437, CF order=3
  error tolerance: rtol=0.001, atol=1e-05
Failed: Pure curvefit failed for the first window!
Testing N_win=745 N_cf=10
Windowing:
  config: # windows=745, spacing=0.06002441086173737, CF order=10
  error tolerance: rtol=0.001, atol=1e-05
Testing N_win=745 N_cf=9
Windowing:
  config: # windows=745, spacing=0.06002441086173737, CF order=9
  error tolerance: rtol=0.001, atol=1e-05
Testing N_win=745 N_cf=8
Windowing:
  config: # windows=745, spacing=0.06002441086173737, CF order=8
  error tolerance: rtol=0.001, atol=1e-05
Testing N_win=745 N_cf=7
Windowing:
  config: # windows=745, spacing=0.06002441086173737, CF order=7
  error tolerance: rtol=0.001, atol=1e-05
Testing N_win=745 N_cf=6
Windowing:
  config: # windows=745, spacing=0.06002441086173737, CF order=6
  error tolerance: rtol=0.001, atol=1e-05
Testing N_win=745 N_cf=5
Windowing:
  config: # windows=745, spacing=0.06002441086173737, CF order=5
  error tolerance: rtol=0.001, atol=1e-05
Testing N_win=745 N_cf=4
Windowing:
  config: # windows=745, spacing=0.06002441086173737, CF order=4
  error tolerance: rtol=0.001, atol=1e-05
Testing N_win=745 N_cf=3
Windowing:
  config: # windows=745, spacing=0.06002441086173737, CF order=3
  error tolerance: rtol=0.001, atol=1e-05
Failed: Pure curvefit failed for the first window!
Testing N_win=850 N_cf=10
Windowing:
  config: # windows=850, spacing=0.05260963069646393, CF order=10
  error tolerance: rtol=0.001, atol=1e-05
Testing N_win=850 N_cf=9
Windowing:
  config: # windows=850, spacing=0.05260963069646393, CF order=9
  error tolerance: rtol=0.001, atol=1e-05
Testing N_win=850 N_cf=8
Windowing:
  config: # windows=850, spacing=0.05260963069646393, CF order=8
  error tolerance: rtol=0.001, atol=1e-05
Testing N_win=850 N_cf=7
Windowing:
  config: # windows=850, spacing=0.05260963069646393, CF order=7
  error tolerance: rtol=0.001, atol=1e-05
Testing N_win=850 N_cf=6
Windowing:
  config: # windows=850, spacing=0.05260963069646393, CF order=6
  error tolerance: rtol=0.001, atol=1e-05
Testing N_win=850 N_cf=5
Windowing:
  config: # windows=850, spacing=0.05260963069646393, CF order=5
  error tolerance: rtol=0.001, atol=1e-05
Testing N_win=850 N_cf=4
Windowing:
  config: # windows=850, spacing=0.05260963069646393, CF order=4
  error tolerance: rtol=0.001, atol=1e-05
Testing N_win=850 N_cf=3
Windowing:
  config: # windows=850, spacing=0.05260963069646393, CF order=3
  error tolerance: rtol=0.001, atol=1e-05
Failed: Pure curvefit failed for the first window!
Testing N_win=954 N_cf=10
Windowing:
  config: # windows=954, spacing=0.04687440890146157, CF order=10
  error tolerance: rtol=0.001, atol=1e-05
Testing N_win=954 N_cf=9
Windowing:
  config: # windows=954, spacing=0.04687440890146157, CF order=9
  error tolerance: rtol=0.001, atol=1e-05
Testing N_win=954 N_cf=8
Windowing:
  config: # windows=954, spacing=0.04687440890146157, CF order=8
  error tolerance: rtol=0.001, atol=1e-05
Testing N_win=954 N_cf=7
Windowing:
  config: # windows=954, spacing=0.04687440890146157, CF order=7
  error tolerance: rtol=0.001, atol=1e-05
Testing N_win=954 N_cf=6
Windowing:
  config: # windows=954, spacing=0.04687440890146157, CF order=6
  error tolerance: rtol=0.001, atol=1e-05
Testing N_win=954 N_cf=5
Windowing:
  config: # windows=954, spacing=0.04687440890146157, CF order=5
  error tolerance: rtol=0.001, atol=1e-05
Testing N_win=954 N_cf=4
Windowing:
  config: # windows=954, spacing=0.04687440890146157, CF order=4
  error tolerance: rtol=0.001, atol=1e-05
Testing N_win=954 N_cf=3
Windowing:
  config: # windows=954, spacing=0.04687440890146157, CF order=3
  error tolerance: rtol=0.001, atol=1e-05
Failed: Pure curvefit failed for the first window!
Testing N_win=1059 N_cf=10
Windowing:
  config: # windows=1059, spacing=0.04222680461944697, CF order=10
  error tolerance: rtol=0.001, atol=1e-05
Testing N_win=1059 N_cf=9
Windowing:
  config: # windows=1059, spacing=0.04222680461944697, CF order=9
  error tolerance: rtol=0.001, atol=1e-05
Testing N_win=1059 N_cf=8
Windowing:
  config: # windows=1059, spacing=0.04222680461944697, CF order=8
  error tolerance: rtol=0.001, atol=1e-05
Testing N_win=1059 N_cf=7
Windowing:
  config: # windows=1059, spacing=0.04222680461944697, CF order=7
  error tolerance: rtol=0.001, atol=1e-05
Testing N_win=1059 N_cf=6
Windowing:
  config: # windows=1059, spacing=0.04222680461944697, CF order=6
  error tolerance: rtol=0.001, atol=1e-05
Testing N_win=1059 N_cf=5
Windowing:
  config: # windows=1059, spacing=0.04222680461944697, CF order=5
  error tolerance: rtol=0.001, atol=1e-05
Testing N_win=1059 N_cf=4
Windowing:
  config: # windows=1059, spacing=0.04222680461944697, CF order=4
  error tolerance: rtol=0.001, atol=1e-05
Testing N_win=1059 N_cf=3
Windowing:
  config: # windows=1059, spacing=0.04222680461944697, CF order=3
  error tolerance: rtol=0.001, atol=1e-05
Failed: Pure curvefit failed for the first window!
Testing N_win=1163 N_cf=10
Windowing:
  config: # windows=1163, spacing=0.038450718909711384, CF order=10
  error tolerance: rtol=0.001, atol=1e-05
Testing N_win=1163 N_cf=9
Windowing:
  config: # windows=1163, spacing=0.038450718909711384, CF order=9
  error tolerance: rtol=0.001, atol=1e-05
Testing N_win=1163 N_cf=8
Windowing:
  config: # windows=1163, spacing=0.038450718909711384, CF order=8
  error tolerance: rtol=0.001, atol=1e-05
Testing N_win=1163 N_cf=7
Windowing:
  config: # windows=1163, spacing=0.038450718909711384, CF order=7
  error tolerance: rtol=0.001, atol=1e-05
Testing N_win=1163 N_cf=6
Windowing:
  config: # windows=1163, spacing=0.038450718909711384, CF order=6
  error tolerance: rtol=0.001, atol=1e-05
Testing N_win=1163 N_cf=5
Windowing:
  config: # windows=1163, spacing=0.038450718909711384, CF order=5
  error tolerance: rtol=0.001, atol=1e-05
Testing N_win=1163 N_cf=4
Windowing:
  config: # windows=1163, spacing=0.038450718909711384, CF order=4
  error tolerance: rtol=0.001, atol=1e-05
Testing N_win=1163 N_cf=3
Windowing:
  config: # windows=1163, spacing=0.038450718909711384, CF order=3
  error tolerance: rtol=0.001, atol=1e-05
Failed: Pure curvefit failed for the first window!
Testing N_win=1268 N_cf=10
Windowing:
  config: # windows=1268, spacing=0.03526670827444349, CF order=10
  error tolerance: rtol=0.001, atol=1e-05
Testing N_win=1268 N_cf=9
Windowing:
  config: # windows=1268, spacing=0.03526670827444349, CF order=9
  error tolerance: rtol=0.001, atol=1e-05
Testing N_win=1268 N_cf=8
Windowing:
  config: # windows=1268, spacing=0.03526670827444349, CF order=8
  error tolerance: rtol=0.001, atol=1e-05
Testing N_win=1268 N_cf=7
Windowing:
  config: # windows=1268, spacing=0.03526670827444349, CF order=7
  error tolerance: rtol=0.001, atol=1e-05
Testing N_win=1268 N_cf=6
Windowing:
  config: # windows=1268, spacing=0.03526670827444349, CF order=6
  error tolerance: rtol=0.001, atol=1e-05
Testing N_win=1268 N_cf=5
Windowing:
  config: # windows=1268, spacing=0.03526670827444349, CF order=5
  error tolerance: rtol=0.001, atol=1e-05
Testing N_win=1268 N_cf=4
Windowing:
  config: # windows=1268, spacing=0.03526670827444349, CF order=4
  error tolerance: rtol=0.001, atol=1e-05
Testing N_win=1268 N_cf=3
Windowing:
  config: # windows=1268, spacing=0.03526670827444349, CF order=3
  error tolerance: rtol=0.001, atol=1e-05
Failed: Pure curvefit failed for the first window!
Testing N_win=1372 N_cf=10
Windowing:
  config: # windows=1372, spacing=0.032593430096205786, CF order=10
  error tolerance: rtol=0.001, atol=1e-05
Testing N_win=1372 N_cf=9
Windowing:
  config: # windows=1372, spacing=0.032593430096205786, CF order=9
  error tolerance: rtol=0.001, atol=1e-05
Testing N_win=1372 N_cf=8
Windowing:
  config: # windows=1372, spacing=0.032593430096205786, CF order=8
  error tolerance: rtol=0.001, atol=1e-05
Testing N_win=1372 N_cf=7
Windowing:
  config: # windows=1372, spacing=0.032593430096205786, CF order=7
  error tolerance: rtol=0.001, atol=1e-05
Testing N_win=1372 N_cf=6
Windowing:
  config: # windows=1372, spacing=0.032593430096205786, CF order=6
  error tolerance: rtol=0.001, atol=1e-05
Testing N_win=1372 N_cf=5
Windowing:
  config: # windows=1372, spacing=0.032593430096205786, CF order=5
  error tolerance: rtol=0.001, atol=1e-05
Testing N_win=1372 N_cf=4
Windowing:
  config: # windows=1372, spacing=0.032593430096205786, CF order=4
  error tolerance: rtol=0.001, atol=1e-05
Testing N_win=1372 N_cf=3
Windowing:
  config: # windows=1372, spacing=0.032593430096205786, CF order=3
  error tolerance: rtol=0.001, atol=1e-05
Failed: Pure curvefit failed for the first window!
Testing N_win=1477 N_cf=10
Windowing:
  config: # windows=1477, spacing=0.03027636160595419, CF order=10
  error tolerance: rtol=0.001, atol=1e-05
Testing N_win=1477 N_cf=9
Windowing:
  config: # windows=1477, spacing=0.03027636160595419, CF order=9
  error tolerance: rtol=0.001, atol=1e-05
Testing N_win=1477 N_cf=8
Windowing:
  config: # windows=1477, spacing=0.03027636160595419, CF order=8
  error tolerance: rtol=0.001, atol=1e-05
Testing N_win=1477 N_cf=7
Windowing:
  config: # windows=1477, spacing=0.03027636160595419, CF order=7
  error tolerance: rtol=0.001, atol=1e-05
Testing N_win=1477 N_cf=6
Windowing:
  config: # windows=1477, spacing=0.03027636160595419, CF order=6
  error tolerance: rtol=0.001, atol=1e-05
Testing N_win=1477 N_cf=5
Windowing:
  config: # windows=1477, spacing=0.03027636160595419, CF order=5
  error tolerance: rtol=0.001, atol=1e-05
Testing N_win=1477 N_cf=4
Windowing:
  config: # windows=1477, spacing=0.03027636160595419, CF order=4
  error tolerance: rtol=0.001, atol=1e-05
Testing N_win=1477 N_cf=3
Windowing:
  config: # windows=1477, spacing=0.03027636160595419, CF order=3
  error tolerance: rtol=0.001, atol=1e-05
Failed: Pure curvefit failed for the first window!
Testing N_win=1581 N_cf=10
Windowing:
  config: # windows=1581, spacing=0.02828474768627093, CF order=10
  error tolerance: rtol=0.001, atol=1e-05
Testing N_win=1581 N_cf=9
Windowing:
  config: # windows=1581, spacing=0.02828474768627093, CF order=9
  error tolerance: rtol=0.001, atol=1e-05
Testing N_win=1581 N_cf=8
Windowing:
  config: # windows=1581, spacing=0.02828474768627093, CF order=8
  error tolerance: rtol=0.001, atol=1e-05
Testing N_win=1581 N_cf=7
Windowing:
  config: # windows=1581, spacing=0.02828474768627093, CF order=7
  error tolerance: rtol=0.001, atol=1e-05
Testing N_win=1581 N_cf=6
Windowing:
  config: # windows=1581, spacing=0.02828474768627093, CF order=6
  error tolerance: rtol=0.001, atol=1e-05
Testing N_win=1581 N_cf=5
Windowing:
  config: # windows=1581, spacing=0.02828474768627093, CF order=5
  error tolerance: rtol=0.001, atol=1e-05
Testing N_win=1581 N_cf=4
Windowing:
  config: # windows=1581, spacing=0.02828474768627093, CF order=4
  error tolerance: rtol=0.001, atol=1e-05
Testing N_win=1581 N_cf=3
Windowing:
  config: # windows=1581, spacing=0.02828474768627093, CF order=3
  error tolerance: rtol=0.001, atol=1e-05
Failed: Pure curvefit failed for the first window!
Testing N_win=1686 N_cf=10
Windowing:
  config: # windows=1686, spacing=0.026523242047446226, CF order=10
  error tolerance: rtol=0.001, atol=1e-05
Testing N_win=1686 N_cf=9
Windowing:
  config: # windows=1686, spacing=0.026523242047446226, CF order=9
  error tolerance: rtol=0.001, atol=1e-05
Testing N_win=1686 N_cf=8
Windowing:
  config: # windows=1686, spacing=0.026523242047446226, CF order=8
  error tolerance: rtol=0.001, atol=1e-05
Testing N_win=1686 N_cf=7
Windowing:
  config: # windows=1686, spacing=0.026523242047446226, CF order=7
  error tolerance: rtol=0.001, atol=1e-05
Testing N_win=1686 N_cf=6
Windowing:
  config: # windows=1686, spacing=0.026523242047446226, CF order=6
  error tolerance: rtol=0.001, atol=1e-05
Testing N_win=1686 N_cf=5
Windowing:
  config: # windows=1686, spacing=0.026523242047446226, CF order=5
  error tolerance: rtol=0.001, atol=1e-05
Testing N_win=1686 N_cf=4
Windowing:
  config: # windows=1686, spacing=0.026523242047446226, CF order=4
  error tolerance: rtol=0.001, atol=1e-05
Testing N_win=1686 N_cf=3
Windowing:
  config: # windows=1686, spacing=0.026523242047446226, CF order=3
  error tolerance: rtol=0.001, atol=1e-05
Failed: Pure curvefit failed for the first window!
Testing N_win=1790 N_cf=10
Windowing:
  config: # windows=1790, spacing=0.024982226867035943, CF order=10
  error tolerance: rtol=0.001, atol=1e-05
Testing N_win=1790 N_cf=9
Windowing:
  config: # windows=1790, spacing=0.024982226867035943, CF order=9
  error tolerance: rtol=0.001, atol=1e-05
Testing N_win=1790 N_cf=8
Windowing:
  config: # windows=1790, spacing=0.024982226867035943, CF order=8
  error tolerance: rtol=0.001, atol=1e-05
Testing N_win=1790 N_cf=7
Windowing:
  config: # windows=1790, spacing=0.024982226867035943, CF order=7
  error tolerance: rtol=0.001, atol=1e-05
Testing N_win=1790 N_cf=6
Windowing:
  config: # windows=1790, spacing=0.024982226867035943, CF order=6
  error tolerance: rtol=0.001, atol=1e-05
Testing N_win=1790 N_cf=5
Windowing:
  config: # windows=1790, spacing=0.024982226867035943, CF order=5
  error tolerance: rtol=0.001, atol=1e-05
Testing N_win=1790 N_cf=4
Windowing:
  config: # windows=1790, spacing=0.024982226867035943, CF order=4
  error tolerance: rtol=0.001, atol=1e-05
Testing N_win=1790 N_cf=3
Windowing:
  config: # windows=1790, spacing=0.024982226867035943, CF order=3
  error tolerance: rtol=0.001, atol=1e-05
Failed: Pure curvefit failed for the first window!
Testing N_win=1895 N_cf=10
Windowing:
  config: # windows=1895, spacing=0.023597987383638174, CF order=10
  error tolerance: rtol=0.001, atol=1e-05
Testing N_win=1895 N_cf=9
Windowing:
  config: # windows=1895, spacing=0.023597987383638174, CF order=9
  error tolerance: rtol=0.001, atol=1e-05
Testing N_win=1895 N_cf=8
Windowing:
  config: # windows=1895, spacing=0.023597987383638174, CF order=8
  error tolerance: rtol=0.001, atol=1e-05
Testing N_win=1895 N_cf=7
Windowing:
  config: # windows=1895, spacing=0.023597987383638174, CF order=7
  error tolerance: rtol=0.001, atol=1e-05
Testing N_win=1895 N_cf=6
Windowing:
  config: # windows=1895, spacing=0.023597987383638174, CF order=6
  error tolerance: rtol=0.001, atol=1e-05
Testing N_win=1895 N_cf=5
Windowing:
  config: # windows=1895, spacing=0.023597987383638174, CF order=5
  error tolerance: rtol=0.001, atol=1e-05
Testing N_win=1895 N_cf=4
Windowing:
  config: # windows=1895, spacing=0.023597987383638174, CF order=4
  error tolerance: rtol=0.001, atol=1e-05
Testing N_win=1895 N_cf=3
Windowing:
  config: # windows=1895, spacing=0.023597987383638174, CF order=3
  error tolerance: rtol=0.001, atol=1e-05
Failed: Pure curvefit failed for the first window!
Testing N_win=2000 N_cf=10
Windowing:
  config: # windows=2000, spacing=0.02235909304599717, CF order=10
  error tolerance: rtol=0.001, atol=1e-05
Testing N_win=2000 N_cf=9
Windowing:
  config: # windows=2000, spacing=0.02235909304599717, CF order=9
  error tolerance: rtol=0.001, atol=1e-05
Testing N_win=2000 N_cf=8
Windowing:
  config: # windows=2000, spacing=0.02235909304599717, CF order=8
  error tolerance: rtol=0.001, atol=1e-05
Testing N_win=2000 N_cf=7
Windowing:
  config: # windows=2000, spacing=0.02235909304599717, CF order=7
  error tolerance: rtol=0.001, atol=1e-05
Testing N_win=2000 N_cf=6
Windowing:
  config: # windows=2000, spacing=0.02235909304599717, CF order=6
  error tolerance: rtol=0.001, atol=1e-05
Testing N_win=2000 N_cf=5
Windowing:
  config: # windows=2000, spacing=0.02235909304599717, CF order=5
  error tolerance: rtol=0.001, atol=1e-05
Testing N_win=2000 N_cf=4
Windowing:
  config: # windows=2000, spacing=0.02235909304599717, CF order=4
  error tolerance: rtol=0.001, atol=1e-05
Testing N_win=2000 N_cf=3
Windowing:
  config: # windows=2000, spacing=0.02235909304599717, CF order=3
  error tolerance: rtol=0.001, atol=1e-05
Failed: Pure curvefit failed for the first window!
Final library: 173 poles, 432 windows, 2.7 poles per window, 6 CF order
