Running NJOY to get 0K point-wise data (error=0.0005)...
Parsing cross sections within resolved resonance range...
  MTs: [2, 27, 102, 103, 107]
  Energy range: 1.000e-05 to 6.088e+02 eV (3621 points)
Vector fitting piece 1/1...
  energy: 1.000e-05 to 6.088e+02 eV (3621 points)
  error tolerance: rtol=0.001, atol=1e-05
Found 40 peaks
Fitting orders from 80 to 200
Order=80(0/61)
Order=82(1/61)
Order=84(2/61)
Order=86(3/61)
Order=88(4/61)
Order=90(5/61)
Order=92(6/61)
Order=94(7/61)
Order=96(8/61)
Order=98(9/61)
Order=100(10/61)
Order=102(11/61)
Order=104(12/61)
Order=106(13/61)
Order=108(14/61)
Order=110(15/61)
Order=112(16/61)
Order=114(17/61)
Order=116(18/61)
Order=118(19/61)
Order=120(20/61)
Order=122(21/61)
Order=124(22/61)
Order=126(23/61)
Order=128(24/61)
Order=130(25/61)
Order=132(26/61)
Order=134(27/61)
Order=136(28/61)
Order=138(29/61)
Order=140(30/61)
Order=142(31/61)
Order=144(32/61)
Order=146(33/61)
Order=148(34/61)
Order=150(35/61)
Order=152(36/61)
Order=154(37/61)
Order=156(38/61)
Order=158(39/61)
Order=160(40/61)
Order=162(41/61)
Order=164(42/61)
Order=166(43/61)
Order=168(44/61)
Order=170(45/61)
Order=172(46/61)
Order=174(47/61)
Order=176(48/61)
Order=178(49/61)
Order=180(50/61)
Order=182(51/61)
Order=184(52/61)
Order=186(53/61)
Order=188(54/61)
Order=190(55/61)
Order=192(56/61)
Order=194(57/61)
Order=196(58/61)
Order=198(59/61)
Order=200(60/61)
Found 2 real poles and 113 conjugate complex pairs.
Final number of poles: 115
Saved figure: WMP_Lib/Cd109/0-609_MT2.png
Saved figure: WMP_Lib/Cd109/0-609_MT27.png
Saved figure: WMP_Lib/Cd109/0-609_MT102.png
Saved figure: WMP_Lib/Cd109/0-609_MT103.png
Saved figure: WMP_Lib/Cd109/0-609_MT107.png
Dumped multipole data to file: WMP_Lib/Cd109/Cd109_mp.pickle
Start searching ...
Testing N_win=5 N_cf=10
Windowing:
  config: # windows=5, spacing=4.934163994170831, CF order=10
  error tolerance: rtol=0.001, atol=1e-05
Failed: Pure curvefit failed for the first window!
Testing N_win=110 N_cf=10
Windowing:
  config: # windows=110, spacing=0.22428018155321958, CF order=10
  error tolerance: rtol=0.001, atol=1e-05
Failed: Pure curvefit failed for the first window!
Testing N_win=215 N_cf=10
Windowing:
  config: # windows=215, spacing=0.11474799986443793, CF order=10
  error tolerance: rtol=0.001, atol=1e-05
Failed: Pure curvefit failed for the first window!
Testing N_win=320 N_cf=10
Windowing:
  config: # windows=320, spacing=0.07709631240891923, CF order=10
  error tolerance: rtol=0.001, atol=1e-05
Failed: Pure curvefit failed for the first window!
Testing N_win=425 N_cf=10
Windowing:
  config: # windows=425, spacing=0.05804898816671566, CF order=10
  error tolerance: rtol=0.001, atol=1e-05
Failed: Pure curvefit failed for the first window!
Testing N_win=530 N_cf=10
Windowing:
  config: # windows=530, spacing=0.04654871692613991, CF order=10
  error tolerance: rtol=0.001, atol=1e-05
Failed: Pure curvefit failed for the first window!
Testing N_win=635 N_cf=10
Windowing:
  config: # windows=635, spacing=0.03885168499347111, CF order=10
  error tolerance: rtol=0.001, atol=1e-05
Failed: Pure curvefit failed for the first window!
Testing N_win=740 N_cf=10
Windowing:
  config: # windows=740, spacing=0.03333894590655967, CF order=10
  error tolerance: rtol=0.001, atol=1e-05
Failed: Pure curvefit failed for the first window!
Testing N_win=845 N_cf=10
Windowing:
  config: # windows=845, spacing=0.029196236651898407, CF order=10
  error tolerance: rtol=0.001, atol=1e-05
Failed: Pure curvefit failed for the first window!
Testing N_win=950 N_cf=10
Windowing:
  config: # windows=950, spacing=0.025969284179846477, CF order=10
  error tolerance: rtol=0.001, atol=1e-05
Failed: Pure curvefit failed for the first window!
Testing N_win=1055 N_cf=10
Windowing:
  config: # windows=1055, spacing=0.02338466347948261, CF order=10
  error tolerance: rtol=0.001, atol=1e-05
Failed: Pure curvefit failed for the first window!
Testing N_win=1160 N_cf=10
Windowing:
  config: # windows=1160, spacing=0.02126794825073634, CF order=10
  error tolerance: rtol=0.001, atol=1e-05
Failed: Pure curvefit failed for the first window!
Testing N_win=1265 N_cf=10
Windowing:
  config: # windows=1265, spacing=0.01950262448288866, CF order=10
  error tolerance: rtol=0.001, atol=1e-05
Failed: Pure curvefit failed for the first window!
Testing N_win=1370 N_cf=10
Windowing:
  config: # windows=1370, spacing=0.018007897788944637, CF order=10
  error tolerance: rtol=0.001, atol=1e-05
Failed: Pure curvefit failed for the first window!
Testing N_win=1475 N_cf=10
Windowing:
  config: # windows=1475, spacing=0.016725979641257053, CF order=10
  error tolerance: rtol=0.001, atol=1e-05
Failed: Pure curvefit failed for the first window!
Testing N_win=1580 N_cf=10
Windowing:
  config: # windows=1580, spacing=0.015614443019527946, CF order=10
  error tolerance: rtol=0.001, atol=1e-05
Failed: Pure curvefit failed for the first window!
Testing N_win=1685 N_cf=10
Windowing:
  config: # windows=1685, spacing=0.014641436184483178, CF order=10
  error tolerance: rtol=0.001, atol=1e-05
Failed: Pure curvefit failed for the first window!
Testing N_win=1790 N_cf=10
Windowing:
  config: # windows=1790, spacing=0.013782580989303997, CF order=10
  error tolerance: rtol=0.001, atol=1e-05
Failed: Pure curvefit failed for the first window!
Testing N_win=1895 N_cf=10
Windowing:
  config: # windows=1895, spacing=0.013018902359289791, CF order=10
  error tolerance: rtol=0.001, atol=1e-05
Failed: Pure curvefit failed for the first window!
Testing N_win=2000 N_cf=10
Windowing:
  config: # windows=2000, spacing=0.012335409985427077, CF order=10
  error tolerance: rtol=0.001, atol=1e-05
Failed: Pure curvefit failed for the first window!
Running NJOY to get 0K point-wise data (error=0.0005)...
Parsing cross sections within resolved resonance range...
  MTs: [2, 27, 102, 103, 107]
  Energy range: 1.000e-05 to 6.088e+02 eV (3621 points)
Vector fitting piece 1/1...
  energy: 1.000e-05 to 6.088e+02 eV (3621 points)
  error tolerance: rtol=0.005, atol=1e-05
Found 40 peaks
Fitting orders from 80 to 200
Order=80(0/61)
Order=82(1/61)
Order=84(2/61)
Order=86(3/61)
Order=88(4/61)
Order=90(5/61)
Order=92(6/61)
Order=94(7/61)
Order=96(8/61)
Order=98(9/61)
Order=100(10/61)
Order=102(11/61)
Order=104(12/61)
Order=106(13/61)
Order=108(14/61)
Order=110(15/61)
Order=112(16/61)
Order=114(17/61)
Order=116(18/61)
Order=118(19/61)
Order=120(20/61)
Order=122(21/61)
Order=124(22/61)
Order=126(23/61)
Order=128(24/61)
Order=130(25/61)
Order=132(26/61)
Order=134(27/61)
Order=136(28/61)
Order=138(29/61)
Order=140(30/61)
Order=142(31/61)
Order=144(32/61)
Order=146(33/61)
Order=148(34/61)
Order=150(35/61)
Order=152(36/61)
Order=154(37/61)
Order=156(38/61)
Order=158(39/61)
Order=160(40/61)
Order=162(41/61)
Order=164(42/61)
Order=166(43/61)
Order=168(44/61)
Order=170(45/61)
Order=172(46/61)
Order=174(47/61)
Order=176(48/61)
Order=178(49/61)
Order=180(50/61)
Order=182(51/61)
Order=184(52/61)
Order=186(53/61)
Order=188(54/61)
Order=190(55/61)
Order=192(56/61)
Order=194(57/61)
Order=196(58/61)
Order=198(59/61)
Order=200(60/61)
Found 2 real poles and 113 conjugate complex pairs.
Final number of poles: 115
Saved figure: WMP_Lib/Cd109/0-609_MT2.png
Saved figure: WMP_Lib/Cd109/0-609_MT27.png
Saved figure: WMP_Lib/Cd109/0-609_MT102.png
Saved figure: WMP_Lib/Cd109/0-609_MT103.png
Saved figure: WMP_Lib/Cd109/0-609_MT107.png
Dumped multipole data to file: WMP_Lib/Cd109/Cd109_mp.pickle
Start searching ...
Testing N_win=5 N_cf=10
Windowing:
  config: # windows=5, spacing=4.934163994170831, CF order=10
  error tolerance: rtol=0.005, atol=1e-05
Failed: Pure curvefit failed for the first window!
Testing N_win=110 N_cf=10
Windowing:
  config: # windows=110, spacing=0.22428018155321958, CF order=10
  error tolerance: rtol=0.005, atol=1e-05
Best library so far.
Testing N_win=110 N_cf=9
Windowing:
  config: # windows=110, spacing=0.22428018155321958, CF order=9
  error tolerance: rtol=0.005, atol=1e-05
Best library so far.
Testing N_win=110 N_cf=8
Windowing:
  config: # windows=110, spacing=0.22428018155321958, CF order=8
  error tolerance: rtol=0.005, atol=1e-05
Best library so far.
Testing N_win=110 N_cf=7
Windowing:
  config: # windows=110, spacing=0.22428018155321958, CF order=7
  error tolerance: rtol=0.005, atol=1e-05
Best library so far.
Testing N_win=110 N_cf=6
Windowing:
  config: # windows=110, spacing=0.22428018155321958, CF order=6
  error tolerance: rtol=0.005, atol=1e-05
Best library so far.
Testing N_win=110 N_cf=5
Windowing:
  config: # windows=110, spacing=0.22428018155321958, CF order=5
  error tolerance: rtol=0.005, atol=1e-05
Best library so far.
Testing N_win=110 N_cf=4
Windowing:
  config: # windows=110, spacing=0.22428018155321958, CF order=4
  error tolerance: rtol=0.005, atol=1e-05
Testing N_win=110 N_cf=3
Windowing:
  config: # windows=110, spacing=0.22428018155321958, CF order=3
  error tolerance: rtol=0.005, atol=1e-05
Testing N_win=110 N_cf=2
Windowing:
  config: # windows=110, spacing=0.22428018155321958, CF order=2
  error tolerance: rtol=0.005, atol=1e-05
Failed: Pure curvefit failed for the first window!
Testing N_win=215 N_cf=10
Windowing:
  config: # windows=215, spacing=0.11474799986443793, CF order=10
  error tolerance: rtol=0.005, atol=1e-05
Best library so far.
Testing N_win=215 N_cf=9
Windowing:
  config: # windows=215, spacing=0.11474799986443793, CF order=9
  error tolerance: rtol=0.005, atol=1e-05
Best library so far.
Testing N_win=215 N_cf=8
Windowing:
  config: # windows=215, spacing=0.11474799986443793, CF order=8
  error tolerance: rtol=0.005, atol=1e-05
Best library so far.
Testing N_win=215 N_cf=7
Windowing:
  config: # windows=215, spacing=0.11474799986443793, CF order=7
  error tolerance: rtol=0.005, atol=1e-05
Best library so far.
Testing N_win=215 N_cf=6
Windowing:
  config: # windows=215, spacing=0.11474799986443793, CF order=6
  error tolerance: rtol=0.005, atol=1e-05
Best library so far.
Testing N_win=215 N_cf=5
Windowing:
  config: # windows=215, spacing=0.11474799986443793, CF order=5
  error tolerance: rtol=0.005, atol=1e-05
Best library so far.
Testing N_win=215 N_cf=4
Windowing:
  config: # windows=215, spacing=0.11474799986443793, CF order=4
  error tolerance: rtol=0.005, atol=1e-05
Best library so far.
Testing N_win=215 N_cf=3
Windowing:
  config: # windows=215, spacing=0.11474799986443793, CF order=3
  error tolerance: rtol=0.005, atol=1e-05
Testing N_win=215 N_cf=2
Windowing:
  config: # windows=215, spacing=0.11474799986443793, CF order=2
  error tolerance: rtol=0.005, atol=1e-05
Failed: Pure curvefit failed for the first window!
Testing N_win=320 N_cf=10
Windowing:
  config: # windows=320, spacing=0.07709631240891923, CF order=10
  error tolerance: rtol=0.005, atol=1e-05
Testing N_win=320 N_cf=9
Windowing:
  config: # windows=320, spacing=0.07709631240891923, CF order=9
  error tolerance: rtol=0.005, atol=1e-05
Testing N_win=320 N_cf=8
Windowing:
  config: # windows=320, spacing=0.07709631240891923, CF order=8
  error tolerance: rtol=0.005, atol=1e-05
Testing N_win=320 N_cf=7
Windowing:
  config: # windows=320, spacing=0.07709631240891923, CF order=7
  error tolerance: rtol=0.005, atol=1e-05
Best library so far.
Testing N_win=320 N_cf=6
Windowing:
  config: # windows=320, spacing=0.07709631240891923, CF order=6
  error tolerance: rtol=0.005, atol=1e-05
Best library so far.
Testing N_win=320 N_cf=5
Windowing:
  config: # windows=320, spacing=0.07709631240891923, CF order=5
  error tolerance: rtol=0.005, atol=1e-05
Best library so far.
Testing N_win=320 N_cf=4
Windowing:
  config: # windows=320, spacing=0.07709631240891923, CF order=4
  error tolerance: rtol=0.005, atol=1e-05
Best library so far.
Testing N_win=320 N_cf=3
Windowing:
  config: # windows=320, spacing=0.07709631240891923, CF order=3
  error tolerance: rtol=0.005, atol=1e-05
Testing N_win=320 N_cf=2
Windowing:
  config: # windows=320, spacing=0.07709631240891923, CF order=2
  error tolerance: rtol=0.005, atol=1e-05
Failed: Pure curvefit failed for the first window!
Testing N_win=425 N_cf=10
Windowing:
  config: # windows=425, spacing=0.05804898816671566, CF order=10
  error tolerance: rtol=0.005, atol=1e-05
Testing N_win=425 N_cf=9
Windowing:
  config: # windows=425, spacing=0.05804898816671566, CF order=9
  error tolerance: rtol=0.005, atol=1e-05
Testing N_win=425 N_cf=8
Windowing:
  config: # windows=425, spacing=0.05804898816671566, CF order=8
  error tolerance: rtol=0.005, atol=1e-05
Testing N_win=425 N_cf=7
Windowing:
  config: # windows=425, spacing=0.05804898816671566, CF order=7
  error tolerance: rtol=0.005, atol=1e-05
Testing N_win=425 N_cf=6
Windowing:
  config: # windows=425, spacing=0.05804898816671566, CF order=6
  error tolerance: rtol=0.005, atol=1e-05
Testing N_win=425 N_cf=5
Windowing:
  config: # windows=425, spacing=0.05804898816671566, CF order=5
  error tolerance: rtol=0.005, atol=1e-05
Testing N_win=425 N_cf=4
Windowing:
  config: # windows=425, spacing=0.05804898816671566, CF order=4
  error tolerance: rtol=0.005, atol=1e-05
Testing N_win=425 N_cf=3
Windowing:
  config: # windows=425, spacing=0.05804898816671566, CF order=3
  error tolerance: rtol=0.005, atol=1e-05
Failed: Pure curvefit failed for the first window!
Testing N_win=530 N_cf=10
Windowing:
  config: # windows=530, spacing=0.04654871692613991, CF order=10
  error tolerance: rtol=0.005, atol=1e-05
Testing N_win=530 N_cf=9
Windowing:
  config: # windows=530, spacing=0.04654871692613991, CF order=9
  error tolerance: rtol=0.005, atol=1e-05
Testing N_win=530 N_cf=8
Windowing:
  config: # windows=530, spacing=0.04654871692613991, CF order=8
  error tolerance: rtol=0.005, atol=1e-05
Testing N_win=530 N_cf=7
Windowing:
  config: # windows=530, spacing=0.04654871692613991, CF order=7
  error tolerance: rtol=0.005, atol=1e-05
Testing N_win=530 N_cf=6
Windowing:
  config: # windows=530, spacing=0.04654871692613991, CF order=6
  error tolerance: rtol=0.005, atol=1e-05
Testing N_win=530 N_cf=5
Windowing:
  config: # windows=530, spacing=0.04654871692613991, CF order=5
  error tolerance: rtol=0.005, atol=1e-05
Testing N_win=530 N_cf=4
Windowing:
  config: # windows=530, spacing=0.04654871692613991, CF order=4
  error tolerance: rtol=0.005, atol=1e-05
Testing N_win=530 N_cf=3
Windowing:
  config: # windows=530, spacing=0.04654871692613991, CF order=3
  error tolerance: rtol=0.005, atol=1e-05
Testing N_win=530 N_cf=2
Windowing:
  config: # windows=530, spacing=0.04654871692613991, CF order=2
  error tolerance: rtol=0.005, atol=1e-05
Testing N_win=635 N_cf=10
Windowing:
  config: # windows=635, spacing=0.03885168499347111, CF order=10
  error tolerance: rtol=0.005, atol=1e-05
Testing N_win=635 N_cf=9
Windowing:
  config: # windows=635, spacing=0.03885168499347111, CF order=9
  error tolerance: rtol=0.005, atol=1e-05
Testing N_win=635 N_cf=8
Windowing:
  config: # windows=635, spacing=0.03885168499347111, CF order=8
  error tolerance: rtol=0.005, atol=1e-05
Testing N_win=635 N_cf=7
Windowing:
  config: # windows=635, spacing=0.03885168499347111, CF order=7
  error tolerance: rtol=0.005, atol=1e-05
Testing N_win=635 N_cf=6
Windowing:
  config: # windows=635, spacing=0.03885168499347111, CF order=6
  error tolerance: rtol=0.005, atol=1e-05
Testing N_win=635 N_cf=5
Windowing:
  config: # windows=635, spacing=0.03885168499347111, CF order=5
  error tolerance: rtol=0.005, atol=1e-05
Testing N_win=635 N_cf=4
Windowing:
  config: # windows=635, spacing=0.03885168499347111, CF order=4
  error tolerance: rtol=0.005, atol=1e-05
Testing N_win=635 N_cf=3
Windowing:
  config: # windows=635, spacing=0.03885168499347111, CF order=3
  error tolerance: rtol=0.005, atol=1e-05
Testing N_win=635 N_cf=2
Windowing:
  config: # windows=635, spacing=0.03885168499347111, CF order=2
  error tolerance: rtol=0.005, atol=1e-05
Testing N_win=740 N_cf=10
Windowing:
  config: # windows=740, spacing=0.03333894590655967, CF order=10
  error tolerance: rtol=0.005, atol=1e-05
Testing N_win=740 N_cf=9
Windowing:
  config: # windows=740, spacing=0.03333894590655967, CF order=9
  error tolerance: rtol=0.005, atol=1e-05
Testing N_win=740 N_cf=8
Windowing:
  config: # windows=740, spacing=0.03333894590655967, CF order=8
  error tolerance: rtol=0.005, atol=1e-05
Testing N_win=740 N_cf=7
Windowing:
  config: # windows=740, spacing=0.03333894590655967, CF order=7
  error tolerance: rtol=0.005, atol=1e-05
Testing N_win=740 N_cf=6
Windowing:
  config: # windows=740, spacing=0.03333894590655967, CF order=6
  error tolerance: rtol=0.005, atol=1e-05
Testing N_win=740 N_cf=5
Windowing:
  config: # windows=740, spacing=0.03333894590655967, CF order=5
  error tolerance: rtol=0.005, atol=1e-05
Testing N_win=740 N_cf=4
Windowing:
  config: # windows=740, spacing=0.03333894590655967, CF order=4
  error tolerance: rtol=0.005, atol=1e-05
Testing N_win=740 N_cf=3
Windowing:
  config: # windows=740, spacing=0.03333894590655967, CF order=3
  error tolerance: rtol=0.005, atol=1e-05
Testing N_win=740 N_cf=2
Windowing:
  config: # windows=740, spacing=0.03333894590655967, CF order=2
  error tolerance: rtol=0.005, atol=1e-05
Testing N_win=845 N_cf=10
Windowing:
  config: # windows=845, spacing=0.029196236651898407, CF order=10
  error tolerance: rtol=0.005, atol=1e-05
Testing N_win=845 N_cf=9
Windowing:
  config: # windows=845, spacing=0.029196236651898407, CF order=9
  error tolerance: rtol=0.005, atol=1e-05
Testing N_win=845 N_cf=8
Windowing:
  config: # windows=845, spacing=0.029196236651898407, CF order=8
  error tolerance: rtol=0.005, atol=1e-05
Testing N_win=845 N_cf=7
Windowing:
  config: # windows=845, spacing=0.029196236651898407, CF order=7
  error tolerance: rtol=0.005, atol=1e-05
Testing N_win=845 N_cf=6
Windowing:
  config: # windows=845, spacing=0.029196236651898407, CF order=6
  error tolerance: rtol=0.005, atol=1e-05
Testing N_win=845 N_cf=5
Windowing:
  config: # windows=845, spacing=0.029196236651898407, CF order=5
  error tolerance: rtol=0.005, atol=1e-05
Testing N_win=845 N_cf=4
Windowing:
  config: # windows=845, spacing=0.029196236651898407, CF order=4
  error tolerance: rtol=0.005, atol=1e-05
Testing N_win=845 N_cf=3
Windowing:
  config: # windows=845, spacing=0.029196236651898407, CF order=3
  error tolerance: rtol=0.005, atol=1e-05
Testing N_win=845 N_cf=2
Windowing:
  config: # windows=845, spacing=0.029196236651898407, CF order=2
  error tolerance: rtol=0.005, atol=1e-05
Testing N_win=950 N_cf=10
Windowing:
  config: # windows=950, spacing=0.025969284179846477, CF order=10
  error tolerance: rtol=0.005, atol=1e-05
Testing N_win=950 N_cf=9
Windowing:
  config: # windows=950, spacing=0.025969284179846477, CF order=9
  error tolerance: rtol=0.005, atol=1e-05
Testing N_win=950 N_cf=8
Windowing:
  config: # windows=950, spacing=0.025969284179846477, CF order=8
  error tolerance: rtol=0.005, atol=1e-05
Testing N_win=950 N_cf=7
Windowing:
  config: # windows=950, spacing=0.025969284179846477, CF order=7
  error tolerance: rtol=0.005, atol=1e-05
Testing N_win=950 N_cf=6
Windowing:
  config: # windows=950, spacing=0.025969284179846477, CF order=6
  error tolerance: rtol=0.005, atol=1e-05
Testing N_win=950 N_cf=5
Windowing:
  config: # windows=950, spacing=0.025969284179846477, CF order=5
  error tolerance: rtol=0.005, atol=1e-05
Testing N_win=950 N_cf=4
Windowing:
  config: # windows=950, spacing=0.025969284179846477, CF order=4
  error tolerance: rtol=0.005, atol=1e-05
Testing N_win=950 N_cf=3
Windowing:
  config: # windows=950, spacing=0.025969284179846477, CF order=3
  error tolerance: rtol=0.005, atol=1e-05
Testing N_win=950 N_cf=2
Windowing:
  config: # windows=950, spacing=0.025969284179846477, CF order=2
  error tolerance: rtol=0.005, atol=1e-05
Testing N_win=1055 N_cf=10
Windowing:
  config: # windows=1055, spacing=0.02338466347948261, CF order=10
  error tolerance: rtol=0.005, atol=1e-05
Testing N_win=1055 N_cf=9
Windowing:
  config: # windows=1055, spacing=0.02338466347948261, CF order=9
  error tolerance: rtol=0.005, atol=1e-05
Testing N_win=1055 N_cf=8
Windowing:
  config: # windows=1055, spacing=0.02338466347948261, CF order=8
  error tolerance: rtol=0.005, atol=1e-05
Testing N_win=1055 N_cf=7
Windowing:
  config: # windows=1055, spacing=0.02338466347948261, CF order=7
  error tolerance: rtol=0.005, atol=1e-05
Testing N_win=1055 N_cf=6
Windowing:
  config: # windows=1055, spacing=0.02338466347948261, CF order=6
  error tolerance: rtol=0.005, atol=1e-05
Testing N_win=1055 N_cf=5
Windowing:
  config: # windows=1055, spacing=0.02338466347948261, CF order=5
  error tolerance: rtol=0.005, atol=1e-05
Testing N_win=1055 N_cf=4
Windowing:
  config: # windows=1055, spacing=0.02338466347948261, CF order=4
  error tolerance: rtol=0.005, atol=1e-05
Testing N_win=1055 N_cf=3
Windowing:
  config: # windows=1055, spacing=0.02338466347948261, CF order=3
  error tolerance: rtol=0.005, atol=1e-05
Testing N_win=1055 N_cf=2
Windowing:
  config: # windows=1055, spacing=0.02338466347948261, CF order=2
  error tolerance: rtol=0.005, atol=1e-05
Testing N_win=1160 N_cf=10
Windowing:
  config: # windows=1160, spacing=0.02126794825073634, CF order=10
  error tolerance: rtol=0.005, atol=1e-05
Testing N_win=1160 N_cf=9
Windowing:
  config: # windows=1160, spacing=0.02126794825073634, CF order=9
  error tolerance: rtol=0.005, atol=1e-05
Testing N_win=1160 N_cf=8
Windowing:
  config: # windows=1160, spacing=0.02126794825073634, CF order=8
  error tolerance: rtol=0.005, atol=1e-05
Testing N_win=1160 N_cf=7
Windowing:
  config: # windows=1160, spacing=0.02126794825073634, CF order=7
  error tolerance: rtol=0.005, atol=1e-05
Testing N_win=1160 N_cf=6
Windowing:
  config: # windows=1160, spacing=0.02126794825073634, CF order=6
  error tolerance: rtol=0.005, atol=1e-05
Testing N_win=1160 N_cf=5
Windowing:
  config: # windows=1160, spacing=0.02126794825073634, CF order=5
  error tolerance: rtol=0.005, atol=1e-05
Testing N_win=1160 N_cf=4
Windowing:
  config: # windows=1160, spacing=0.02126794825073634, CF order=4
  error tolerance: rtol=0.005, atol=1e-05
Testing N_win=1160 N_cf=3
Windowing:
  config: # windows=1160, spacing=0.02126794825073634, CF order=3
  error tolerance: rtol=0.005, atol=1e-05
Testing N_win=1160 N_cf=2
Windowing:
  config: # windows=1160, spacing=0.02126794825073634, CF order=2
  error tolerance: rtol=0.005, atol=1e-05
Testing N_win=1265 N_cf=10
Windowing:
  config: # windows=1265, spacing=0.01950262448288866, CF order=10
  error tolerance: rtol=0.005, atol=1e-05
Testing N_win=1265 N_cf=9
Windowing:
  config: # windows=1265, spacing=0.01950262448288866, CF order=9
  error tolerance: rtol=0.005, atol=1e-05
Testing N_win=1265 N_cf=8
Windowing:
  config: # windows=1265, spacing=0.01950262448288866, CF order=8
  error tolerance: rtol=0.005, atol=1e-05
Testing N_win=1265 N_cf=7
Windowing:
  config: # windows=1265, spacing=0.01950262448288866, CF order=7
  error tolerance: rtol=0.005, atol=1e-05
Testing N_win=1265 N_cf=6
Windowing:
  config: # windows=1265, spacing=0.01950262448288866, CF order=6
  error tolerance: rtol=0.005, atol=1e-05
Testing N_win=1265 N_cf=5
Windowing:
  config: # windows=1265, spacing=0.01950262448288866, CF order=5
  error tolerance: rtol=0.005, atol=1e-05
Testing N_win=1265 N_cf=4
Windowing:
  config: # windows=1265, spacing=0.01950262448288866, CF order=4
  error tolerance: rtol=0.005, atol=1e-05
Testing N_win=1265 N_cf=3
Windowing:
  config: # windows=1265, spacing=0.01950262448288866, CF order=3
  error tolerance: rtol=0.005, atol=1e-05
Testing N_win=1265 N_cf=2
Windowing:
  config: # windows=1265, spacing=0.01950262448288866, CF order=2
  error tolerance: rtol=0.005, atol=1e-05
Testing N_win=1370 N_cf=10
Windowing:
  config: # windows=1370, spacing=0.018007897788944637, CF order=10
  error tolerance: rtol=0.005, atol=1e-05
Testing N_win=1370 N_cf=9
Windowing:
  config: # windows=1370, spacing=0.018007897788944637, CF order=9
  error tolerance: rtol=0.005, atol=1e-05
Testing N_win=1370 N_cf=8
Windowing:
  config: # windows=1370, spacing=0.018007897788944637, CF order=8
  error tolerance: rtol=0.005, atol=1e-05
Testing N_win=1370 N_cf=7
Windowing:
  config: # windows=1370, spacing=0.018007897788944637, CF order=7
  error tolerance: rtol=0.005, atol=1e-05
Testing N_win=1370 N_cf=6
Windowing:
  config: # windows=1370, spacing=0.018007897788944637, CF order=6
  error tolerance: rtol=0.005, atol=1e-05
Testing N_win=1370 N_cf=5
Windowing:
  config: # windows=1370, spacing=0.018007897788944637, CF order=5
  error tolerance: rtol=0.005, atol=1e-05
Testing N_win=1370 N_cf=4
Windowing:
  config: # windows=1370, spacing=0.018007897788944637, CF order=4
  error tolerance: rtol=0.005, atol=1e-05
Testing N_win=1370 N_cf=3
Windowing:
  config: # windows=1370, spacing=0.018007897788944637, CF order=3
  error tolerance: rtol=0.005, atol=1e-05
Testing N_win=1370 N_cf=2
Windowing:
  config: # windows=1370, spacing=0.018007897788944637, CF order=2
  error tolerance: rtol=0.005, atol=1e-05
Testing N_win=1475 N_cf=10
Windowing:
  config: # windows=1475, spacing=0.016725979641257053, CF order=10
  error tolerance: rtol=0.005, atol=1e-05
Testing N_win=1475 N_cf=9
Windowing:
  config: # windows=1475, spacing=0.016725979641257053, CF order=9
  error tolerance: rtol=0.005, atol=1e-05
Testing N_win=1475 N_cf=8
Windowing:
  config: # windows=1475, spacing=0.016725979641257053, CF order=8
  error tolerance: rtol=0.005, atol=1e-05
Testing N_win=1475 N_cf=7
Windowing:
  config: # windows=1475, spacing=0.016725979641257053, CF order=7
  error tolerance: rtol=0.005, atol=1e-05
Testing N_win=1475 N_cf=6
Windowing:
  config: # windows=1475, spacing=0.016725979641257053, CF order=6
  error tolerance: rtol=0.005, atol=1e-05
Testing N_win=1475 N_cf=5
Windowing:
  config: # windows=1475, spacing=0.016725979641257053, CF order=5
  error tolerance: rtol=0.005, atol=1e-05
Testing N_win=1475 N_cf=4
Windowing:
  config: # windows=1475, spacing=0.016725979641257053, CF order=4
  error tolerance: rtol=0.005, atol=1e-05
Testing N_win=1475 N_cf=3
Windowing:
  config: # windows=1475, spacing=0.016725979641257053, CF order=3
  error tolerance: rtol=0.005, atol=1e-05
Testing N_win=1475 N_cf=2
Windowing:
  config: # windows=1475, spacing=0.016725979641257053, CF order=2
  error tolerance: rtol=0.005, atol=1e-05
Testing N_win=1580 N_cf=10
Windowing:
  config: # windows=1580, spacing=0.015614443019527946, CF order=10
  error tolerance: rtol=0.005, atol=1e-05
Testing N_win=1580 N_cf=9
Windowing:
  config: # windows=1580, spacing=0.015614443019527946, CF order=9
  error tolerance: rtol=0.005, atol=1e-05
Testing N_win=1580 N_cf=8
Windowing:
  config: # windows=1580, spacing=0.015614443019527946, CF order=8
  error tolerance: rtol=0.005, atol=1e-05
Testing N_win=1580 N_cf=7
Windowing:
  config: # windows=1580, spacing=0.015614443019527946, CF order=7
  error tolerance: rtol=0.005, atol=1e-05
Testing N_win=1580 N_cf=6
Windowing:
  config: # windows=1580, spacing=0.015614443019527946, CF order=6
  error tolerance: rtol=0.005, atol=1e-05
Testing N_win=1580 N_cf=5
Windowing:
  config: # windows=1580, spacing=0.015614443019527946, CF order=5
  error tolerance: rtol=0.005, atol=1e-05
Testing N_win=1580 N_cf=4
Windowing:
  config: # windows=1580, spacing=0.015614443019527946, CF order=4
  error tolerance: rtol=0.005, atol=1e-05
Testing N_win=1580 N_cf=3
Windowing:
  config: # windows=1580, spacing=0.015614443019527946, CF order=3
  error tolerance: rtol=0.005, atol=1e-05
Testing N_win=1580 N_cf=2
Windowing:
  config: # windows=1580, spacing=0.015614443019527946, CF order=2
  error tolerance: rtol=0.005, atol=1e-05
Testing N_win=1685 N_cf=10
Windowing:
  config: # windows=1685, spacing=0.014641436184483178, CF order=10
  error tolerance: rtol=0.005, atol=1e-05
Testing N_win=1685 N_cf=9
Windowing:
  config: # windows=1685, spacing=0.014641436184483178, CF order=9
  error tolerance: rtol=0.005, atol=1e-05
Testing N_win=1685 N_cf=8
Windowing:
  config: # windows=1685, spacing=0.014641436184483178, CF order=8
  error tolerance: rtol=0.005, atol=1e-05
Testing N_win=1685 N_cf=7
Windowing:
  config: # windows=1685, spacing=0.014641436184483178, CF order=7
  error tolerance: rtol=0.005, atol=1e-05
Testing N_win=1685 N_cf=6
Windowing:
  config: # windows=1685, spacing=0.014641436184483178, CF order=6
  error tolerance: rtol=0.005, atol=1e-05
Testing N_win=1685 N_cf=5
Windowing:
  config: # windows=1685, spacing=0.014641436184483178, CF order=5
  error tolerance: rtol=0.005, atol=1e-05
Testing N_win=1685 N_cf=4
Windowing:
  config: # windows=1685, spacing=0.014641436184483178, CF order=4
  error tolerance: rtol=0.005, atol=1e-05
Testing N_win=1685 N_cf=3
Windowing:
  config: # windows=1685, spacing=0.014641436184483178, CF order=3
  error tolerance: rtol=0.005, atol=1e-05
Testing N_win=1685 N_cf=2
Windowing:
  config: # windows=1685, spacing=0.014641436184483178, CF order=2
  error tolerance: rtol=0.005, atol=1e-05
Testing N_win=1790 N_cf=10
Windowing:
  config: # windows=1790, spacing=0.013782580989303997, CF order=10
  error tolerance: rtol=0.005, atol=1e-05
Testing N_win=1790 N_cf=9
Windowing:
  config: # windows=1790, spacing=0.013782580989303997, CF order=9
  error tolerance: rtol=0.005, atol=1e-05
Testing N_win=1790 N_cf=8
Windowing:
  config: # windows=1790, spacing=0.013782580989303997, CF order=8
  error tolerance: rtol=0.005, atol=1e-05
Testing N_win=1790 N_cf=7
Windowing:
  config: # windows=1790, spacing=0.013782580989303997, CF order=7
  error tolerance: rtol=0.005, atol=1e-05
Testing N_win=1790 N_cf=6
Windowing:
  config: # windows=1790, spacing=0.013782580989303997, CF order=6
  error tolerance: rtol=0.005, atol=1e-05
Testing N_win=1790 N_cf=5
Windowing:
  config: # windows=1790, spacing=0.013782580989303997, CF order=5
  error tolerance: rtol=0.005, atol=1e-05
Testing N_win=1790 N_cf=4
Windowing:
  config: # windows=1790, spacing=0.013782580989303997, CF order=4
  error tolerance: rtol=0.005, atol=1e-05
Testing N_win=1790 N_cf=3
Windowing:
  config: # windows=1790, spacing=0.013782580989303997, CF order=3
  error tolerance: rtol=0.005, atol=1e-05
Testing N_win=1790 N_cf=2
Windowing:
  config: # windows=1790, spacing=0.013782580989303997, CF order=2
  error tolerance: rtol=0.005, atol=1e-05
Testing N_win=1895 N_cf=10
Windowing:
  config: # windows=1895, spacing=0.013018902359289791, CF order=10
  error tolerance: rtol=0.005, atol=1e-05
Testing N_win=1895 N_cf=9
Windowing:
  config: # windows=1895, spacing=0.013018902359289791, CF order=9
  error tolerance: rtol=0.005, atol=1e-05
Testing N_win=1895 N_cf=8
Windowing:
  config: # windows=1895, spacing=0.013018902359289791, CF order=8
  error tolerance: rtol=0.005, atol=1e-05
Testing N_win=1895 N_cf=7
Windowing:
  config: # windows=1895, spacing=0.013018902359289791, CF order=7
  error tolerance: rtol=0.005, atol=1e-05
Testing N_win=1895 N_cf=6
Windowing:
  config: # windows=1895, spacing=0.013018902359289791, CF order=6
  error tolerance: rtol=0.005, atol=1e-05
Testing N_win=1895 N_cf=5
Windowing:
  config: # windows=1895, spacing=0.013018902359289791, CF order=5
  error tolerance: rtol=0.005, atol=1e-05
Testing N_win=1895 N_cf=4
Windowing:
  config: # windows=1895, spacing=0.013018902359289791, CF order=4
  error tolerance: rtol=0.005, atol=1e-05
Testing N_win=1895 N_cf=3
Windowing:
  config: # windows=1895, spacing=0.013018902359289791, CF order=3
  error tolerance: rtol=0.005, atol=1e-05
Testing N_win=1895 N_cf=2
Windowing:
  config: # windows=1895, spacing=0.013018902359289791, CF order=2
  error tolerance: rtol=0.005, atol=1e-05
Testing N_win=2000 N_cf=10
Windowing:
  config: # windows=2000, spacing=0.012335409985427077, CF order=10
  error tolerance: rtol=0.005, atol=1e-05
Testing N_win=2000 N_cf=9
Windowing:
  config: # windows=2000, spacing=0.012335409985427077, CF order=9
  error tolerance: rtol=0.005, atol=1e-05
Testing N_win=2000 N_cf=8
Windowing:
  config: # windows=2000, spacing=0.012335409985427077, CF order=8
  error tolerance: rtol=0.005, atol=1e-05
Testing N_win=2000 N_cf=7
Windowing:
  config: # windows=2000, spacing=0.012335409985427077, CF order=7
  error tolerance: rtol=0.005, atol=1e-05
Testing N_win=2000 N_cf=6
Windowing:
  config: # windows=2000, spacing=0.012335409985427077, CF order=6
  error tolerance: rtol=0.005, atol=1e-05
Testing N_win=2000 N_cf=5
Windowing:
  config: # windows=2000, spacing=0.012335409985427077, CF order=5
  error tolerance: rtol=0.005, atol=1e-05
Testing N_win=2000 N_cf=4
Windowing:
  config: # windows=2000, spacing=0.012335409985427077, CF order=4
  error tolerance: rtol=0.005, atol=1e-05
Testing N_win=2000 N_cf=3
Windowing:
  config: # windows=2000, spacing=0.012335409985427077, CF order=3
  error tolerance: rtol=0.005, atol=1e-05
Testing N_win=2000 N_cf=2
Windowing:
  config: # windows=2000, spacing=0.012335409985427077, CF order=2
  error tolerance: rtol=0.005, atol=1e-05
Final library: 107 poles, 320 windows, 2.9 poles per window, 4 CF order
