Running NJOY to get 0K point-wise data (error=0.0005)...
Parsing cross sections within resolved resonance range...
  MTs: [2, 27, 102, 103, 107]
  Energy range: 1.000e-05 to 3.870e+06 eV (1126 points)
Vector fitting piece 1/1...
  energy: 1.000e-05 to 3.870e+06 eV (1126 points)
  error tolerance: rtol=0.001, atol=1e-05
Found 2 peaks
Fitting orders from 4 to 200
Order=4(0/99)
Order=6(1/99)
Order=8(2/99)
Order=10(3/99)
Order=12(4/99)
Order=14(5/99)
Order=16(6/99)
Order=18(7/99)
Order=20(8/99)
Order=22(9/99)
Order=24(10/99)
Order=26(11/99)
Order=28(12/99)
Order=30(13/99)
Order=32(14/99)
Order=34(15/99)
Order=36(16/99)
Order=38(17/99)
Order=40(18/99)
Order=42(19/99)
Order=44(20/99)
Order=46(21/99)
Order=48(22/99)
Order=50(23/99)
Order=52(24/99)
Order=54(25/99)
Order=56(26/99)
Order=58(27/99)
Order=60(28/99)
Order=62(29/99)
Order=64(30/99)
Order=66(31/99)
Order=68(32/99)
Order=70(33/99)
Order=72(34/99)
Order=74(35/99)
Order=76(36/99)
Order=78(37/99)
Order=80(38/99)
Order=82(39/99)
Order=84(40/99)
Order=86(41/99)
Order=88(42/99)
Order=90(43/99)
Order=92(44/99)
Order=94(45/99)
Order=96(46/99)
Order=98(47/99)
Order=100(48/99)
Order=102(49/99)
Order=104(50/99)
Order=106(51/99)
Order=108(52/99)
Order=110(53/99)
Order=112(54/99)
Order=114(55/99)
Order=116(56/99)
Order=118(57/99)
Order=120(58/99)
Order=122(59/99)
Order=124(60/99)
Order=126(61/99)
Order=128(62/99)
Order=130(63/99)
Order=132(64/99)
Order=134(65/99)
Order=136(66/99)
Order=138(67/99)
Order=140(68/99)
Order=142(69/99)
Order=144(70/99)
Order=146(71/99)
Order=148(72/99)
Order=150(73/99)
Order=152(74/99)
Order=154(75/99)
Order=156(76/99)
Order=158(77/99)
Order=160(78/99)
Order=162(79/99)
Order=164(80/99)
Order=166(81/99)
Order=168(82/99)
Order=170(83/99)
Order=172(84/99)
Order=174(85/99)
Order=176(86/99)
Order=178(87/99)
Order=180(88/99)
Order=182(89/99)
Order=184(90/99)
Order=186(91/99)
Order=188(92/99)
Order=190(93/99)
Order=192(94/99)
Order=194(95/99)
Order=196(96/99)
Order=198(97/99)
Order=200(98/99)
Found 3 real poles and 124 conjugate complex pairs.
Final number of poles: 127
Saved figure: WMP_Lib/Be7/0-3870000_MT2.png
Saved figure: WMP_Lib/Be7/0-3870000_MT27.png
Saved figure: WMP_Lib/Be7/0-3870000_MT103.png
Saved figure: WMP_Lib/Be7/0-3870000_MT107.png
Dumped multipole data to file: WMP_Lib/Be7/Be7_mp.pickle
Start searching ...
Testing N_win=6 N_cf=10
Windowing:
  config: # windows=6, spacing=327.87139916882336, CF order=10
  error tolerance: rtol=0.001, atol=1e-05
Failed: Pure curvefit failed for the first window!
Testing N_win=110 N_cf=10
Windowing:
  config: # windows=110, spacing=17.883894500117638, CF order=10
  error tolerance: rtol=0.001, atol=1e-05
Failed: Pure curvefit failed for the first window!
Testing N_win=215 N_cf=10
Windowing:
  config: # windows=215, spacing=9.149899511688094, CF order=10
  error tolerance: rtol=0.001, atol=1e-05
Failed: Pure curvefit failed for the first window!
Testing N_win=320 N_cf=10
Windowing:
  config: # windows=320, spacing=6.147588734415438, CF order=10
  error tolerance: rtol=0.001, atol=1e-05
Failed: Pure curvefit failed for the first window!
Testing N_win=425 N_cf=10
Windowing:
  config: # windows=425, spacing=4.628772694148094, CF order=10
  error tolerance: rtol=0.001, atol=1e-05
Failed: Pure curvefit failed for the first window!
Testing N_win=530 N_cf=10
Windowing:
  config: # windows=530, spacing=3.711751688703661, CF order=10
  error tolerance: rtol=0.001, atol=1e-05
Failed: Pure curvefit failed for the first window!
Testing N_win=635 N_cf=10
Windowing:
  config: # windows=635, spacing=3.0979974724613233, CF order=10
  error tolerance: rtol=0.001, atol=1e-05
Failed: Pure curvefit failed for the first window!
Testing N_win=740 N_cf=10
Windowing:
  config: # windows=740, spacing=2.6584167500174867, CF order=10
  error tolerance: rtol=0.001, atol=1e-05
Failed: Pure curvefit failed for the first window!
Testing N_win=845 N_cf=10
Windowing:
  config: # windows=845, spacing=2.328080940843716, CF order=10
  error tolerance: rtol=0.001, atol=1e-05
Failed: Pure curvefit failed for the first window!
Testing N_win=950 N_cf=10
Windowing:
  config: # windows=950, spacing=2.0707667315925686, CF order=10
  error tolerance: rtol=0.001, atol=1e-05
Failed: Pure curvefit failed for the first window!
Testing N_win=1055 N_cf=10
Windowing:
  config: # windows=1055, spacing=1.8646714644672417, CF order=10
  error tolerance: rtol=0.001, atol=1e-05
Failed: Pure curvefit failed for the first window!
Testing N_win=1160 N_cf=10
Windowing:
  config: # windows=1160, spacing=1.6958865474249485, CF order=10
  error tolerance: rtol=0.001, atol=1e-05
Failed: Pure curvefit failed for the first window!
Testing N_win=1265 N_cf=10
Windowing:
  config: # windows=1265, spacing=1.5551212608797946, CF order=10
  error tolerance: rtol=0.001, atol=1e-05
Failed: Pure curvefit failed for the first window!
Testing N_win=1370 N_cf=10
Windowing:
  config: # windows=1370, spacing=1.4359331350459417, CF order=10
  error tolerance: rtol=0.001, atol=1e-05
Failed: Pure curvefit failed for the first window!
Testing N_win=1475 N_cf=10
Windowing:
  config: # windows=1475, spacing=1.333714166110468, CF order=10
  error tolerance: rtol=0.001, atol=1e-05
Failed: Pure curvefit failed for the first window!
Testing N_win=1580 N_cf=10
Windowing:
  config: # windows=1580, spacing=1.2450812626664178, CF order=10
  error tolerance: rtol=0.001, atol=1e-05
Failed: Pure curvefit failed for the first window!
Testing N_win=1685 N_cf=10
Windowing:
  config: # windows=1685, spacing=1.1674945964468488, CF order=10
  error tolerance: rtol=0.001, atol=1e-05
Failed: Pure curvefit failed for the first window!
Testing N_win=1790 N_cf=10
Windowing:
  config: # windows=1790, spacing=1.0990102765435419, CF order=10
  error tolerance: rtol=0.001, atol=1e-05
Failed: Pure curvefit failed for the first window!
Testing N_win=1895 N_cf=10
Windowing:
  config: # windows=1895, spacing=1.0381152480279368, CF order=10
  error tolerance: rtol=0.001, atol=1e-05
Failed: Pure curvefit failed for the first window!
Testing N_win=2000 N_cf=10
Windowing:
  config: # windows=2000, spacing=0.9836141975064701, CF order=10
  error tolerance: rtol=0.001, atol=1e-05
Failed: Pure curvefit failed for the first window!
Running NJOY to get 0K point-wise data (error=0.0005)...
Parsing cross sections within resolved resonance range...
  MTs: [2, 27, 102, 103, 107]
  Energy range: 1.000e-05 to 3.870e+06 eV (1126 points)
Vector fitting piece 1/1...
  energy: 1.000e-05 to 3.870e+06 eV (1126 points)
  error tolerance: rtol=0.005, atol=1e-05
Found 2 peaks
Fitting orders from 4 to 200
Order=4(0/99)
Order=6(1/99)
Order=8(2/99)
Order=10(3/99)
Order=12(4/99)
Order=14(5/99)
Order=16(6/99)
Order=18(7/99)
Order=20(8/99)
Order=22(9/99)
Order=24(10/99)
Order=26(11/99)
Order=28(12/99)
Order=30(13/99)
Order=32(14/99)
Order=34(15/99)
Order=36(16/99)
Order=38(17/99)
Order=40(18/99)
Order=42(19/99)
Order=44(20/99)
Order=46(21/99)
Order=48(22/99)
Order=50(23/99)
Order=52(24/99)
Order=54(25/99)
Order=56(26/99)
Order=58(27/99)
Order=60(28/99)
Order=62(29/99)
Order=64(30/99)
Order=66(31/99)
Order=68(32/99)
Order=70(33/99)
Found 4 real poles and 10 conjugate complex pairs.
Final number of poles: 14
Saved figure: WMP_Lib/Be7/0-3870000_MT2.png
Saved figure: WMP_Lib/Be7/0-3870000_MT27.png
Saved figure: WMP_Lib/Be7/0-3870000_MT103.png
Saved figure: WMP_Lib/Be7/0-3870000_MT107.png
Dumped multipole data to file: WMP_Lib/Be7/Be7_mp.pickle
Start searching ...
Testing N_win=5 N_cf=10
Windowing:
  config: # windows=5, spacing=393.445679002588, CF order=10
  error tolerance: rtol=0.005, atol=1e-05
Failed: Pure curvefit failed for the first window!
Testing N_win=110 N_cf=10
Windowing:
  config: # windows=110, spacing=17.883894500117638, CF order=10
  error tolerance: rtol=0.005, atol=1e-05
Failed: Pure curvefit failed for the first window!
Testing N_win=215 N_cf=10
Windowing:
  config: # windows=215, spacing=9.149899511688094, CF order=10
  error tolerance: rtol=0.005, atol=1e-05
Failed: Pure curvefit failed for the first window!
Testing N_win=320 N_cf=10
Windowing:
  config: # windows=320, spacing=6.147588734415438, CF order=10
  error tolerance: rtol=0.005, atol=1e-05
Failed: Pure curvefit failed for the first window!
Testing N_win=425 N_cf=10
Windowing:
  config: # windows=425, spacing=4.628772694148094, CF order=10
  error tolerance: rtol=0.005, atol=1e-05
Failed: Pure curvefit failed for the first window!
Testing N_win=530 N_cf=10
Windowing:
  config: # windows=530, spacing=3.711751688703661, CF order=10
  error tolerance: rtol=0.005, atol=1e-05
Failed: Pure curvefit failed for the first window!
Testing N_win=635 N_cf=10
Windowing:
  config: # windows=635, spacing=3.0979974724613233, CF order=10
  error tolerance: rtol=0.005, atol=1e-05
Failed: Pure curvefit failed for the first window!
Testing N_win=740 N_cf=10
Windowing:
  config: # windows=740, spacing=2.6584167500174867, CF order=10
  error tolerance: rtol=0.005, atol=1e-05
Best library so far.
Testing N_win=740 N_cf=9
Windowing:
  config: # windows=740, spacing=2.6584167500174867, CF order=9
  error tolerance: rtol=0.005, atol=1e-05
Failed: Pure curvefit failed for the first window!
Testing N_win=845 N_cf=10
Windowing:
  config: # windows=845, spacing=2.328080940843716, CF order=10
  error tolerance: rtol=0.005, atol=1e-05
Testing N_win=845 N_cf=9
Windowing:
  config: # windows=845, spacing=2.328080940843716, CF order=9
  error tolerance: rtol=0.005, atol=1e-05
Failed: Pure curvefit failed for the first window!
Testing N_win=950 N_cf=10
Windowing:
  config: # windows=950, spacing=2.0707667315925686, CF order=10
  error tolerance: rtol=0.005, atol=1e-05
Testing N_win=950 N_cf=9
Windowing:
  config: # windows=950, spacing=2.0707667315925686, CF order=9
  error tolerance: rtol=0.005, atol=1e-05
Failed: Pure curvefit failed for the first window!
Testing N_win=1055 N_cf=10
Windowing:
  config: # windows=1055, spacing=1.8646714644672417, CF order=10
  error tolerance: rtol=0.005, atol=1e-05
Testing N_win=1055 N_cf=9
Windowing:
  config: # windows=1055, spacing=1.8646714644672417, CF order=9
  error tolerance: rtol=0.005, atol=1e-05
Failed: Pure curvefit failed for the first window!
Testing N_win=1160 N_cf=10
Windowing:
  config: # windows=1160, spacing=1.6958865474249485, CF order=10
  error tolerance: rtol=0.005, atol=1e-05
Testing N_win=1160 N_cf=9
Windowing:
  config: # windows=1160, spacing=1.6958865474249485, CF order=9
  error tolerance: rtol=0.005, atol=1e-05
Failed: Pure curvefit failed for the first window!
Testing N_win=1265 N_cf=10
Windowing:
  config: # windows=1265, spacing=1.5551212608797946, CF order=10
  error tolerance: rtol=0.005, atol=1e-05
Failed: Pure curvefit failed for the first window!
Testing N_win=1370 N_cf=10
Windowing:
  config: # windows=1370, spacing=1.4359331350459417, CF order=10
  error tolerance: rtol=0.005, atol=1e-05
Failed: Pure curvefit failed for the first window!
Testing N_win=1475 N_cf=10
Windowing:
  config: # windows=1475, spacing=1.333714166110468, CF order=10
  error tolerance: rtol=0.005, atol=1e-05
Failed: Pure curvefit failed for the first window!
Testing N_win=1580 N_cf=10
Windowing:
  config: # windows=1580, spacing=1.2450812626664178, CF order=10
  error tolerance: rtol=0.005, atol=1e-05
Failed: Pure curvefit failed for the first window!
Testing N_win=1685 N_cf=10
Windowing:
  config: # windows=1685, spacing=1.1674945964468488, CF order=10
  error tolerance: rtol=0.005, atol=1e-05
Failed: Pure curvefit failed for the first window!
Testing N_win=1790 N_cf=10
Windowing:
  config: # windows=1790, spacing=1.0990102765435419, CF order=10
  error tolerance: rtol=0.005, atol=1e-05
Failed: Pure curvefit failed for the first window!
Testing N_win=1895 N_cf=10
Windowing:
  config: # windows=1895, spacing=1.0381152480279368, CF order=10
  error tolerance: rtol=0.005, atol=1e-05
Failed: Pure curvefit failed for the first window!
Testing N_win=2000 N_cf=10
Windowing:
  config: # windows=2000, spacing=0.9836141975064701, CF order=10
  error tolerance: rtol=0.005, atol=1e-05
Failed: Pure curvefit failed for the first window!
Final library: 1 poles, 740 windows, 0.0027 poles per window, 10 CF order
