Running NJOY to get 0K point-wise data (error=0.0005)...
Parsing cross sections within resolved resonance range...
  MTs: [2, 27, 102, 103, 107]
  Energy range: 1.000e-05 to 8.940e+04 eV (25644 points)
Vector fitting piece 1/12...
  energy: 1.000e-05 to 6.875e+02 eV (686 points)
  error tolerance: rtol=0.001, atol=1e-05
Found 0 peaks
Fitting orders from 2 to 200
Order=2(0/100)
Order=4(1/100)
Order=6(2/100)
Found ideal results. Stop!
Found 1 real poles and 3 conjugate complex pairs.
Final number of poles: 4
Saved figure: WMP_Lib/Zr94/0-688_MT2.png
Saved figure: WMP_Lib/Zr94/0-688_MT27.png
Saved figure: WMP_Lib/Zr94/0-688_MT102.png
Vector fitting piece 2/12...
  energy: 1.500e+02 to 2.514e+03 eV (861 points)
  error tolerance: rtol=0.001, atol=1e-05
Found 1 peaks
Fitting orders from 2 to 200
Order=2(0/100)
Order=4(1/100)
Order=6(2/100)
Order=8(3/100)
Order=10(4/100)
Order=12(5/100)
Order=14(6/100)
Order=16(7/100)
Order=18(8/100)
Order=20(9/100)
Order=22(10/100)
Order=24(11/100)
Order=26(12/100)
Order=28(13/100)
Order=30(14/100)
Order=32(15/100)
Order=34(16/100)
Order=36(17/100)
Order=38(18/100)
Order=40(19/100)
Order=42(20/100)
Order=44(21/100)
Order=46(22/100)
Order=48(23/100)
Order=50(24/100)
Order=52(25/100)
Order=54(26/100)
Order=56(27/100)
Order=58(28/100)
Order=60(29/100)
Found 2 real poles and 2 conjugate complex pairs.
Final number of poles: 4
Saved figure: WMP_Lib/Zr94/150-2514_MT2.png
Saved figure: WMP_Lib/Zr94/150-2514_MT27.png
Saved figure: WMP_Lib/Zr94/150-2514_MT102.png
Vector fitting piece 3/12...
  energy: 1.375e+03 to 5.624e+03 eV (1444 points)
  error tolerance: rtol=0.001, atol=1e-05
Found 2 peaks
Fitting orders from 4 to 200
Order=4(0/99)
Order=6(1/99)
Order=8(2/99)
Order=10(3/99)
Order=12(4/99)
Order=14(5/99)
Order=16(6/99)
Order=18(7/99)
Order=20(8/99)
Order=22(9/99)
Order=24(10/99)
Order=26(11/99)
Order=28(12/99)
Order=30(13/99)
Order=32(14/99)
Order=34(15/99)
Order=36(16/99)
Order=38(17/99)
Order=40(18/99)
Order=42(19/99)
Order=44(20/99)
Order=46(21/99)
Order=48(22/99)
Order=50(23/99)
Order=52(24/99)
Order=54(25/99)
Order=56(26/99)
Order=58(27/99)
Order=60(28/99)
Found 2 real poles and 3 conjugate complex pairs.
Final number of poles: 5
Saved figure: WMP_Lib/Zr94/1375-5624_MT2.png
Saved figure: WMP_Lib/Zr94/1375-5624_MT27.png
Saved figure: WMP_Lib/Zr94/1375-5624_MT102.png
Vector fitting piece 4/12...
  energy: 3.835e+03 to 9.982e+03 eV (2526 points)
  error tolerance: rtol=0.001, atol=1e-05
Found 5 peaks
Fitting orders from 10 to 200
Order=10(0/96)
Order=12(1/96)
Order=14(2/96)
Order=16(3/96)
Order=18(4/96)
Order=20(5/96)
Order=22(6/96)
Order=24(7/96)
Order=26(8/96)
Order=28(9/96)
Order=30(10/96)
Order=32(11/96)
Order=34(12/96)
Order=36(13/96)
Order=38(14/96)
Order=40(15/96)
Order=42(16/96)
Order=44(17/96)
Order=46(18/96)
Order=48(19/96)
Order=50(20/96)
Order=52(21/96)
Order=54(22/96)
Order=56(23/96)
Order=58(24/96)
Order=60(25/96)
Found 2 real poles and 7 conjugate complex pairs.
Final number of poles: 9
Saved figure: WMP_Lib/Zr94/3835-9982_MT2.png
Saved figure: WMP_Lib/Zr94/3835-9982_MT27.png
Saved figure: WMP_Lib/Zr94/3835-9982_MT102.png
Vector fitting piece 5/12...
  energy: 7.564e+03 to 1.558e+04 eV (3802 points)
  error tolerance: rtol=0.001, atol=1e-05
Found 8 peaks
Fitting orders from 16 to 200
Order=16(0/93)
Order=18(1/93)
Order=20(2/93)
Order=22(3/93)
Order=24(4/93)
Order=26(5/93)
Order=28(6/93)
Order=30(7/93)
Order=32(8/93)
Order=34(9/93)
Order=36(10/93)
Order=38(11/93)
Order=40(12/93)
Order=42(13/93)
Order=44(14/93)
Order=46(15/93)
Order=48(16/93)
Order=50(17/93)
Order=52(18/93)
Order=54(19/93)
Order=56(20/93)
Order=58(21/93)
Order=60(22/93)
Found 0 real poles and 11 conjugate complex pairs.
Final number of poles: 11
Saved figure: WMP_Lib/Zr94/7564-15578_MT2.png
Saved figure: WMP_Lib/Zr94/7564-15578_MT27.png
Saved figure: WMP_Lib/Zr94/7564-15578_MT102.png
Vector fitting piece 6/12...
  energy: 1.252e+04 to 2.242e+04 eV (3959 points)
  error tolerance: rtol=0.001, atol=1e-05
Found 10 peaks
Fitting orders from 20 to 200
Order=20(0/91)
Order=22(1/91)
Order=24(2/91)
Order=26(3/91)
Order=28(4/91)
Order=30(5/91)
Order=32(6/91)
Order=34(7/91)
Order=36(8/91)
Order=38(9/91)
Order=40(10/91)
Order=42(11/91)
Order=44(12/91)
Order=46(13/91)
Order=48(14/91)
Order=50(15/91)
Order=52(16/91)
Order=54(17/91)
Order=56(18/91)
Order=58(19/91)
Order=60(20/91)
Found 2 real poles and 12 conjugate complex pairs.
Final number of poles: 14
Saved figure: WMP_Lib/Zr94/12525-22419_MT2.png
Saved figure: WMP_Lib/Zr94/12525-22419_MT27.png
Saved figure: WMP_Lib/Zr94/12525-22419_MT102.png
Vector fitting piece 7/12...
  energy: 1.872e+04 to 3.051e+04 eV (3370 points)
  error tolerance: rtol=0.001, atol=1e-05
Found 9 peaks
Fitting orders from 18 to 200
Order=18(0/92)
Order=20(1/92)
Order=22(2/92)
Order=24(3/92)
Order=26(4/92)
Order=28(5/92)
Order=30(6/92)
Order=32(7/92)
Order=34(8/92)
Order=36(9/92)
Order=38(10/92)
Order=40(11/92)
Order=42(12/92)
Order=44(13/92)
Order=46(14/92)
Order=48(15/92)
Order=50(16/92)
Order=52(17/92)
Order=54(18/92)
Order=56(19/92)
Order=58(20/92)
Order=60(21/92)
Found 2 real poles and 11 conjugate complex pairs.
Final number of poles: 13
Saved figure: WMP_Lib/Zr94/18716-30506_MT2.png
Saved figure: WMP_Lib/Zr94/18716-30506_MT27.png
Saved figure: WMP_Lib/Zr94/18716-30506_MT102.png
Vector fitting piece 8/12...
  energy: 2.615e+04 to 3.982e+04 eV (4009 points)
  error tolerance: rtol=0.001, atol=1e-05
Found 11 peaks
Fitting orders from 22 to 200
Order=22(0/90)
Order=24(1/90)
Order=26(2/90)
Order=28(3/90)
Order=30(4/90)
Order=32(5/90)
Order=34(6/90)
Order=36(7/90)
Order=38(8/90)
Order=40(9/90)
Order=42(10/90)
Order=44(11/90)
Order=46(12/90)
Order=48(13/90)
Order=50(14/90)
Order=52(15/90)
Order=54(16/90)
Order=56(17/90)
Order=58(18/90)
Order=60(19/90)
Found 4 real poles and 12 conjugate complex pairs.
Final number of poles: 16
Saved figure: WMP_Lib/Zr94/26148-39823_MT2.png
Saved figure: WMP_Lib/Zr94/26148-39823_MT27.png
Saved figure: WMP_Lib/Zr94/26148-39823_MT102.png
Vector fitting piece 9/12...
  energy: 3.484e+04 to 5.040e+04 eV (5273 points)
  error tolerance: rtol=0.001, atol=1e-05
Found 16 peaks
Fitting orders from 32 to 200
Order=32(0/85)
Order=34(1/85)
Order=36(2/85)
Order=38(3/85)
Order=40(4/85)
Order=42(5/85)
Order=44(6/85)
Order=46(7/85)
Order=48(8/85)
Order=50(9/85)
Order=52(10/85)
Order=54(11/85)
Order=56(12/85)
Order=58(13/85)
Order=60(14/85)
Found 2 real poles and 18 conjugate complex pairs.
Final number of poles: 20
Saved figure: WMP_Lib/Zr94/34843-50398_MT2.png
Saved figure: WMP_Lib/Zr94/34843-50398_MT27.png
Saved figure: WMP_Lib/Zr94/34843-50398_MT102.png
Vector fitting piece 10/12...
  energy: 4.475e+04 to 6.220e+04 eV (4679 points)
  error tolerance: rtol=0.001, atol=1e-05
Found 14 peaks
Fitting orders from 28 to 200
Order=28(0/87)
Order=30(1/87)
Order=32(2/87)
Order=34(3/87)
Order=36(4/87)
Order=38(5/87)
Order=40(6/87)
Order=42(7/87)
Order=44(8/87)
Order=46(9/87)
Order=48(10/87)
Order=50(11/87)
Order=52(12/87)
Order=54(13/87)
Order=56(14/87)
Order=58(15/87)
Order=60(16/87)
Found 0 real poles and 17 conjugate complex pairs.
Final number of poles: 17
Saved figure: WMP_Lib/Zr94/44749-62198_MT2.png
Saved figure: WMP_Lib/Zr94/44749-62198_MT27.png
Saved figure: WMP_Lib/Zr94/44749-62198_MT102.png
Vector fitting piece 11/12...
  energy: 5.592e+04 to 7.526e+04 eV (4025 points)
  error tolerance: rtol=0.001, atol=1e-05
Found 14 peaks
Fitting orders from 28 to 200
Order=28(0/87)
Order=30(1/87)
Order=32(2/87)
Order=34(3/87)
Order=36(4/87)
Order=38(5/87)
Order=40(6/87)
Order=42(7/87)
Order=44(8/87)
Order=46(9/87)
Order=48(10/87)
Order=50(11/87)
Order=52(12/87)
Order=54(13/87)
Order=56(14/87)
Order=58(15/87)
Order=60(16/87)
Found 4 real poles and 15 conjugate complex pairs.
Final number of poles: 19
Saved figure: WMP_Lib/Zr94/55921-75257_MT2.png
Saved figure: WMP_Lib/Zr94/55921-75257_MT27.png
Saved figure: WMP_Lib/Zr94/55921-75257_MT102.png
Vector fitting piece 12/12...
  energy: 6.832e+04 to 8.940e+04 eV (3599 points)
  error tolerance: rtol=0.001, atol=1e-05
Found 14 peaks
Fitting orders from 28 to 200
Order=28(0/87)
Order=30(1/87)
Order=32(2/87)
Order=34(3/87)
Order=36(4/87)
Order=38(5/87)
Order=40(6/87)
Order=42(7/87)
Order=44(8/87)
Order=46(9/87)
Order=48(10/87)
Order=50(11/87)
Order=52(12/87)
Order=54(13/87)
Order=56(14/87)
Order=58(15/87)
Order=60(16/87)
Found 0 real poles and 16 conjugate complex pairs.
Final number of poles: 16
Saved figure: WMP_Lib/Zr94/68321-89400_MT2.png
Saved figure: WMP_Lib/Zr94/68321-89400_MT27.png
Saved figure: WMP_Lib/Zr94/68321-89400_MT102.png
Dumped multipole data to file: WMP_Lib/Zr94/Zr94_mp.pickle
Start searching ...
Testing N_win=7 N_cf=10
Failed: Window spacing cannot be larger than piece spacing.
Testing N_win=111 N_cf=10
Windowing:
  config: # windows=111, spacing=2.6936499887780077, CF order=10
  error tolerance: rtol=0.001, atol=1e-05
Best library so far.
Testing N_win=111 N_cf=9
Windowing:
  config: # windows=111, spacing=2.6936499887780077, CF order=9
  error tolerance: rtol=0.001, atol=1e-05
Best library so far.
Testing N_win=111 N_cf=8
Windowing:
  config: # windows=111, spacing=2.6936499887780077, CF order=8
  error tolerance: rtol=0.001, atol=1e-05
Best library so far.
Testing N_win=111 N_cf=7
Windowing:
  config: # windows=111, spacing=2.6936499887780077, CF order=7
  error tolerance: rtol=0.001, atol=1e-05
Best library so far.
Testing N_win=111 N_cf=6
Windowing:
  config: # windows=111, spacing=2.6936499887780077, CF order=6
  error tolerance: rtol=0.001, atol=1e-05
Best library so far.
Testing N_win=111 N_cf=5
Windowing:
  config: # windows=111, spacing=2.6936499887780077, CF order=5
  error tolerance: rtol=0.001, atol=1e-05
Best library so far.
Testing N_win=111 N_cf=4
Windowing:
  config: # windows=111, spacing=2.6936499887780077, CF order=4
  error tolerance: rtol=0.001, atol=1e-05
Best library so far.
Testing N_win=111 N_cf=3
Windowing:
  config: # windows=111, spacing=2.6936499887780077, CF order=3
  error tolerance: rtol=0.001, atol=1e-05
Best library so far.
Testing N_win=111 N_cf=2
Windowing:
  config: # windows=111, spacing=2.6936499887780077, CF order=2
  error tolerance: rtol=0.001, atol=1e-05
Best library so far.
Testing N_win=216 N_cf=10
Windowing:
  config: # windows=216, spacing=1.3842367997886984, CF order=10
  error tolerance: rtol=0.001, atol=1e-05
Testing N_win=216 N_cf=9
Windowing:
  config: # windows=216, spacing=1.3842367997886984, CF order=9
  error tolerance: rtol=0.001, atol=1e-05
Best library so far.
Testing N_win=216 N_cf=8
Windowing:
  config: # windows=216, spacing=1.3842367997886984, CF order=8
  error tolerance: rtol=0.001, atol=1e-05
Best library so far.
Testing N_win=216 N_cf=7
Windowing:
  config: # windows=216, spacing=1.3842367997886984, CF order=7
  error tolerance: rtol=0.001, atol=1e-05
Best library so far.
Testing N_win=216 N_cf=6
Windowing:
  config: # windows=216, spacing=1.3842367997886984, CF order=6
  error tolerance: rtol=0.001, atol=1e-05
Best library so far.
Testing N_win=216 N_cf=5
Windowing:
  config: # windows=216, spacing=1.3842367997886984, CF order=5
  error tolerance: rtol=0.001, atol=1e-05
Best library so far.
Testing N_win=216 N_cf=4
Windowing:
  config: # windows=216, spacing=1.3842367997886984, CF order=4
  error tolerance: rtol=0.001, atol=1e-05
Best library so far.
Testing N_win=216 N_cf=3
Windowing:
  config: # windows=216, spacing=1.3842367997886984, CF order=3
  error tolerance: rtol=0.001, atol=1e-05
Best library so far.
Testing N_win=216 N_cf=2
Windowing:
  config: # windows=216, spacing=1.3842367997886984, CF order=2
  error tolerance: rtol=0.001, atol=1e-05
Best library so far.
Testing N_win=321 N_cf=10
Windowing:
  config: # windows=321, spacing=0.9314490615400588, CF order=10
  error tolerance: rtol=0.001, atol=1e-05
Testing N_win=321 N_cf=9
Windowing:
  config: # windows=321, spacing=0.9314490615400588, CF order=9
  error tolerance: rtol=0.001, atol=1e-05
Testing N_win=321 N_cf=8
Windowing:
  config: # windows=321, spacing=0.9314490615400588, CF order=8
  error tolerance: rtol=0.001, atol=1e-05
Testing N_win=321 N_cf=7
Windowing:
  config: # windows=321, spacing=0.9314490615400588, CF order=7
  error tolerance: rtol=0.001, atol=1e-05
Testing N_win=321 N_cf=6
Windowing:
  config: # windows=321, spacing=0.9314490615400588, CF order=6
  error tolerance: rtol=0.001, atol=1e-05
Testing N_win=321 N_cf=5
Windowing:
  config: # windows=321, spacing=0.9314490615400588, CF order=5
  error tolerance: rtol=0.001, atol=1e-05
Testing N_win=321 N_cf=4
Windowing:
  config: # windows=321, spacing=0.9314490615400588, CF order=4
  error tolerance: rtol=0.001, atol=1e-05
Best library so far.
Testing N_win=321 N_cf=3
Windowing:
  config: # windows=321, spacing=0.9314490615400588, CF order=3
  error tolerance: rtol=0.001, atol=1e-05
Best library so far.
Testing N_win=321 N_cf=2
Windowing:
  config: # windows=321, spacing=0.9314490615400588, CF order=2
  error tolerance: rtol=0.001, atol=1e-05
Best library so far.
Testing N_win=426 N_cf=10
Windowing:
  config: # windows=426, spacing=0.7018665463717344, CF order=10
  error tolerance: rtol=0.001, atol=1e-05
Testing N_win=426 N_cf=9
Windowing:
  config: # windows=426, spacing=0.7018665463717344, CF order=9
  error tolerance: rtol=0.001, atol=1e-05
Testing N_win=426 N_cf=8
Windowing:
  config: # windows=426, spacing=0.7018665463717344, CF order=8
  error tolerance: rtol=0.001, atol=1e-05
Testing N_win=426 N_cf=7
Windowing:
  config: # windows=426, spacing=0.7018665463717344, CF order=7
  error tolerance: rtol=0.001, atol=1e-05
Testing N_win=426 N_cf=6
Windowing:
  config: # windows=426, spacing=0.7018665463717344, CF order=6
  error tolerance: rtol=0.001, atol=1e-05
Testing N_win=426 N_cf=5
Windowing:
  config: # windows=426, spacing=0.7018665463717344, CF order=5
  error tolerance: rtol=0.001, atol=1e-05
Testing N_win=426 N_cf=4
Windowing:
  config: # windows=426, spacing=0.7018665463717344, CF order=4
  error tolerance: rtol=0.001, atol=1e-05
Testing N_win=426 N_cf=3
Windowing:
  config: # windows=426, spacing=0.7018665463717344, CF order=3
  error tolerance: rtol=0.001, atol=1e-05
Testing N_win=426 N_cf=2
Windowing:
  config: # windows=426, spacing=0.7018665463717344, CF order=2
  error tolerance: rtol=0.001, atol=1e-05
Best library so far.
Testing N_win=531 N_cf=10
Windowing:
  config: # windows=531, spacing=0.5630793761852333, CF order=10
  error tolerance: rtol=0.001, atol=1e-05
Testing N_win=531 N_cf=9
Windowing:
  config: # windows=531, spacing=0.5630793761852333, CF order=9
  error tolerance: rtol=0.001, atol=1e-05
Testing N_win=531 N_cf=8
Windowing:
  config: # windows=531, spacing=0.5630793761852333, CF order=8
  error tolerance: rtol=0.001, atol=1e-05
Testing N_win=531 N_cf=7
Windowing:
  config: # windows=531, spacing=0.5630793761852333, CF order=7
  error tolerance: rtol=0.001, atol=1e-05
Testing N_win=531 N_cf=6
Windowing:
  config: # windows=531, spacing=0.5630793761852333, CF order=6
  error tolerance: rtol=0.001, atol=1e-05
Testing N_win=531 N_cf=5
Windowing:
  config: # windows=531, spacing=0.5630793761852333, CF order=5
  error tolerance: rtol=0.001, atol=1e-05
Testing N_win=531 N_cf=4
Windowing:
  config: # windows=531, spacing=0.5630793761852333, CF order=4
  error tolerance: rtol=0.001, atol=1e-05
Testing N_win=531 N_cf=3
Windowing:
  config: # windows=531, spacing=0.5630793761852333, CF order=3
  error tolerance: rtol=0.001, atol=1e-05
Testing N_win=531 N_cf=2
Windowing:
  config: # windows=531, spacing=0.5630793761852333, CF order=2
  error tolerance: rtol=0.001, atol=1e-05
Testing N_win=636 N_cf=10
Windowing:
  config: # windows=636, spacing=0.4701181584188032, CF order=10
  error tolerance: rtol=0.001, atol=1e-05
Testing N_win=636 N_cf=9
Windowing:
  config: # windows=636, spacing=0.4701181584188032, CF order=9
  error tolerance: rtol=0.001, atol=1e-05
Testing N_win=636 N_cf=8
Windowing:
  config: # windows=636, spacing=0.4701181584188032, CF order=8
  error tolerance: rtol=0.001, atol=1e-05
Testing N_win=636 N_cf=7
Windowing:
  config: # windows=636, spacing=0.4701181584188032, CF order=7
  error tolerance: rtol=0.001, atol=1e-05
Testing N_win=636 N_cf=6
Windowing:
  config: # windows=636, spacing=0.4701181584188032, CF order=6
  error tolerance: rtol=0.001, atol=1e-05
Testing N_win=636 N_cf=5
Windowing:
  config: # windows=636, spacing=0.4701181584188032, CF order=5
  error tolerance: rtol=0.001, atol=1e-05
Testing N_win=636 N_cf=4
Windowing:
  config: # windows=636, spacing=0.4701181584188032, CF order=4
  error tolerance: rtol=0.001, atol=1e-05
Testing N_win=636 N_cf=3
Windowing:
  config: # windows=636, spacing=0.4701181584188032, CF order=3
  error tolerance: rtol=0.001, atol=1e-05
Testing N_win=636 N_cf=2
Windowing:
  config: # windows=636, spacing=0.4701181584188032, CF order=2
  error tolerance: rtol=0.001, atol=1e-05
Testing N_win=741 N_cf=10
Windowing:
  config: # windows=741, spacing=0.4035022250396206, CF order=10
  error tolerance: rtol=0.001, atol=1e-05
Testing N_win=741 N_cf=9
Windowing:
  config: # windows=741, spacing=0.4035022250396206, CF order=9
  error tolerance: rtol=0.001, atol=1e-05
Testing N_win=741 N_cf=8
Windowing:
  config: # windows=741, spacing=0.4035022250396206, CF order=8
  error tolerance: rtol=0.001, atol=1e-05
Testing N_win=741 N_cf=7
Windowing:
  config: # windows=741, spacing=0.4035022250396206, CF order=7
  error tolerance: rtol=0.001, atol=1e-05
Testing N_win=741 N_cf=6
Windowing:
  config: # windows=741, spacing=0.4035022250396206, CF order=6
  error tolerance: rtol=0.001, atol=1e-05
Testing N_win=741 N_cf=5
Windowing:
  config: # windows=741, spacing=0.4035022250396206, CF order=5
  error tolerance: rtol=0.001, atol=1e-05
Testing N_win=741 N_cf=4
Windowing:
  config: # windows=741, spacing=0.4035022250396206, CF order=4
  error tolerance: rtol=0.001, atol=1e-05
Testing N_win=741 N_cf=3
Windowing:
  config: # windows=741, spacing=0.4035022250396206, CF order=3
  error tolerance: rtol=0.001, atol=1e-05
Testing N_win=741 N_cf=2
Windowing:
  config: # windows=741, spacing=0.4035022250396206, CF order=2
  error tolerance: rtol=0.001, atol=1e-05
Testing N_win=846 N_cf=10
Windowing:
  config: # windows=846, spacing=0.3534221616481783, CF order=10
  error tolerance: rtol=0.001, atol=1e-05
Testing N_win=846 N_cf=9
Windowing:
  config: # windows=846, spacing=0.3534221616481783, CF order=9
  error tolerance: rtol=0.001, atol=1e-05
Testing N_win=846 N_cf=8
Windowing:
  config: # windows=846, spacing=0.3534221616481783, CF order=8
  error tolerance: rtol=0.001, atol=1e-05
Testing N_win=846 N_cf=7
Windowing:
  config: # windows=846, spacing=0.3534221616481783, CF order=7
  error tolerance: rtol=0.001, atol=1e-05
Testing N_win=846 N_cf=6
Windowing:
  config: # windows=846, spacing=0.3534221616481783, CF order=6
  error tolerance: rtol=0.001, atol=1e-05
Testing N_win=846 N_cf=5
Windowing:
  config: # windows=846, spacing=0.3534221616481783, CF order=5
  error tolerance: rtol=0.001, atol=1e-05
Testing N_win=846 N_cf=4
Windowing:
  config: # windows=846, spacing=0.3534221616481783, CF order=4
  error tolerance: rtol=0.001, atol=1e-05
Testing N_win=846 N_cf=3
Windowing:
  config: # windows=846, spacing=0.3534221616481783, CF order=3
  error tolerance: rtol=0.001, atol=1e-05
Testing N_win=846 N_cf=2
Windowing:
  config: # windows=846, spacing=0.3534221616481783, CF order=2
  error tolerance: rtol=0.001, atol=1e-05
Testing N_win=951 N_cf=10
Windowing:
  config: # windows=951, spacing=0.3144007873337107, CF order=10
  error tolerance: rtol=0.001, atol=1e-05
Testing N_win=951 N_cf=9
Windowing:
  config: # windows=951, spacing=0.3144007873337107, CF order=9
  error tolerance: rtol=0.001, atol=1e-05
Testing N_win=951 N_cf=8
Windowing:
  config: # windows=951, spacing=0.3144007873337107, CF order=8
  error tolerance: rtol=0.001, atol=1e-05
Testing N_win=951 N_cf=7
Windowing:
  config: # windows=951, spacing=0.3144007873337107, CF order=7
  error tolerance: rtol=0.001, atol=1e-05
Testing N_win=951 N_cf=6
Windowing:
  config: # windows=951, spacing=0.3144007873337107, CF order=6
  error tolerance: rtol=0.001, atol=1e-05
Testing N_win=951 N_cf=5
Windowing:
  config: # windows=951, spacing=0.3144007873337107, CF order=5
  error tolerance: rtol=0.001, atol=1e-05
Testing N_win=951 N_cf=4
Windowing:
  config: # windows=951, spacing=0.3144007873337107, CF order=4
  error tolerance: rtol=0.001, atol=1e-05
Testing N_win=951 N_cf=3
Windowing:
  config: # windows=951, spacing=0.3144007873337107, CF order=3
  error tolerance: rtol=0.001, atol=1e-05
Testing N_win=951 N_cf=2
Windowing:
  config: # windows=951, spacing=0.3144007873337107, CF order=2
  error tolerance: rtol=0.001, atol=1e-05
Testing N_win=1055 N_cf=10
Windowing:
  config: # windows=1055, spacing=0.2834077239377809, CF order=10
  error tolerance: rtol=0.001, atol=1e-05
Testing N_win=1055 N_cf=9
Windowing:
  config: # windows=1055, spacing=0.2834077239377809, CF order=9
  error tolerance: rtol=0.001, atol=1e-05
Testing N_win=1055 N_cf=8
Windowing:
  config: # windows=1055, spacing=0.2834077239377809, CF order=8
  error tolerance: rtol=0.001, atol=1e-05
Testing N_win=1055 N_cf=7
Windowing:
  config: # windows=1055, spacing=0.2834077239377809, CF order=7
  error tolerance: rtol=0.001, atol=1e-05
Testing N_win=1055 N_cf=6
Windowing:
  config: # windows=1055, spacing=0.2834077239377809, CF order=6
  error tolerance: rtol=0.001, atol=1e-05
Testing N_win=1055 N_cf=5
Windowing:
  config: # windows=1055, spacing=0.2834077239377809, CF order=5
  error tolerance: rtol=0.001, atol=1e-05
Testing N_win=1055 N_cf=4
Windowing:
  config: # windows=1055, spacing=0.2834077239377809, CF order=4
  error tolerance: rtol=0.001, atol=1e-05
Testing N_win=1055 N_cf=3
Windowing:
  config: # windows=1055, spacing=0.2834077239377809, CF order=3
  error tolerance: rtol=0.001, atol=1e-05
Testing N_win=1055 N_cf=2
Windowing:
  config: # windows=1055, spacing=0.2834077239377809, CF order=2
  error tolerance: rtol=0.001, atol=1e-05
Testing N_win=1160 N_cf=10
Windowing:
  config: # windows=1160, spacing=0.25775443858134384, CF order=10
  error tolerance: rtol=0.001, atol=1e-05
Testing N_win=1160 N_cf=9
Windowing:
  config: # windows=1160, spacing=0.25775443858134384, CF order=9
  error tolerance: rtol=0.001, atol=1e-05
Testing N_win=1160 N_cf=8
Windowing:
  config: # windows=1160, spacing=0.25775443858134384, CF order=8
  error tolerance: rtol=0.001, atol=1e-05
Testing N_win=1160 N_cf=7
Windowing:
  config: # windows=1160, spacing=0.25775443858134384, CF order=7
  error tolerance: rtol=0.001, atol=1e-05
Testing N_win=1160 N_cf=6
Windowing:
  config: # windows=1160, spacing=0.25775443858134384, CF order=6
  error tolerance: rtol=0.001, atol=1e-05
Testing N_win=1160 N_cf=5
Windowing:
  config: # windows=1160, spacing=0.25775443858134384, CF order=5
  error tolerance: rtol=0.001, atol=1e-05
Testing N_win=1160 N_cf=4
Windowing:
  config: # windows=1160, spacing=0.25775443858134384, CF order=4
  error tolerance: rtol=0.001, atol=1e-05
Testing N_win=1160 N_cf=3
Windowing:
  config: # windows=1160, spacing=0.25775443858134384, CF order=3
  error tolerance: rtol=0.001, atol=1e-05
Testing N_win=1160 N_cf=2
Windowing:
  config: # windows=1160, spacing=0.25775443858134384, CF order=2
  error tolerance: rtol=0.001, atol=1e-05
Testing N_win=1265 N_cf=10
Windowing:
  config: # windows=1265, spacing=0.23635980138684495, CF order=10
  error tolerance: rtol=0.001, atol=1e-05
Testing N_win=1265 N_cf=9
Windowing:
  config: # windows=1265, spacing=0.23635980138684495, CF order=9
  error tolerance: rtol=0.001, atol=1e-05
Testing N_win=1265 N_cf=8
Windowing:
  config: # windows=1265, spacing=0.23635980138684495, CF order=8
  error tolerance: rtol=0.001, atol=1e-05
Testing N_win=1265 N_cf=7
Windowing:
  config: # windows=1265, spacing=0.23635980138684495, CF order=7
  error tolerance: rtol=0.001, atol=1e-05
Testing N_win=1265 N_cf=6
Windowing:
  config: # windows=1265, spacing=0.23635980138684495, CF order=6
  error tolerance: rtol=0.001, atol=1e-05
Testing N_win=1265 N_cf=5
Windowing:
  config: # windows=1265, spacing=0.23635980138684495, CF order=5
  error tolerance: rtol=0.001, atol=1e-05
Testing N_win=1265 N_cf=4
Windowing:
  config: # windows=1265, spacing=0.23635980138684495, CF order=4
  error tolerance: rtol=0.001, atol=1e-05
Testing N_win=1265 N_cf=3
Windowing:
  config: # windows=1265, spacing=0.23635980138684495, CF order=3
  error tolerance: rtol=0.001, atol=1e-05
Testing N_win=1265 N_cf=2
Windowing:
  config: # windows=1265, spacing=0.23635980138684495, CF order=2
  error tolerance: rtol=0.001, atol=1e-05
Testing N_win=1370 N_cf=10
Windowing:
  config: # windows=1370, spacing=0.21824463412726924, CF order=10
  error tolerance: rtol=0.001, atol=1e-05
Testing N_win=1370 N_cf=9
Windowing:
  config: # windows=1370, spacing=0.21824463412726924, CF order=9
  error tolerance: rtol=0.001, atol=1e-05
Testing N_win=1370 N_cf=8
Windowing:
  config: # windows=1370, spacing=0.21824463412726924, CF order=8
  error tolerance: rtol=0.001, atol=1e-05
Testing N_win=1370 N_cf=7
Windowing:
  config: # windows=1370, spacing=0.21824463412726924, CF order=7
  error tolerance: rtol=0.001, atol=1e-05
Testing N_win=1370 N_cf=6
Windowing:
  config: # windows=1370, spacing=0.21824463412726924, CF order=6
  error tolerance: rtol=0.001, atol=1e-05
Testing N_win=1370 N_cf=5
Windowing:
  config: # windows=1370, spacing=0.21824463412726924, CF order=5
  error tolerance: rtol=0.001, atol=1e-05
Testing N_win=1370 N_cf=4
Windowing:
  config: # windows=1370, spacing=0.21824463412726924, CF order=4
  error tolerance: rtol=0.001, atol=1e-05
Testing N_win=1370 N_cf=3
Windowing:
  config: # windows=1370, spacing=0.21824463412726924, CF order=3
  error tolerance: rtol=0.001, atol=1e-05
Testing N_win=1370 N_cf=2
Windowing:
  config: # windows=1370, spacing=0.21824463412726924, CF order=2
  error tolerance: rtol=0.001, atol=1e-05
Testing N_win=1475 N_cf=10
Windowing:
  config: # windows=1475, spacing=0.20270857542668397, CF order=10
  error tolerance: rtol=0.001, atol=1e-05
Testing N_win=1475 N_cf=9
Windowing:
  config: # windows=1475, spacing=0.20270857542668397, CF order=9
  error tolerance: rtol=0.001, atol=1e-05
Testing N_win=1475 N_cf=8
Windowing:
  config: # windows=1475, spacing=0.20270857542668397, CF order=8
  error tolerance: rtol=0.001, atol=1e-05
Testing N_win=1475 N_cf=7
Windowing:
  config: # windows=1475, spacing=0.20270857542668397, CF order=7
  error tolerance: rtol=0.001, atol=1e-05
Testing N_win=1475 N_cf=6
Windowing:
  config: # windows=1475, spacing=0.20270857542668397, CF order=6
  error tolerance: rtol=0.001, atol=1e-05
Testing N_win=1475 N_cf=5
Windowing:
  config: # windows=1475, spacing=0.20270857542668397, CF order=5
  error tolerance: rtol=0.001, atol=1e-05
Testing N_win=1475 N_cf=4
Windowing:
  config: # windows=1475, spacing=0.20270857542668397, CF order=4
  error tolerance: rtol=0.001, atol=1e-05
Testing N_win=1475 N_cf=3
Windowing:
  config: # windows=1475, spacing=0.20270857542668397, CF order=3
  error tolerance: rtol=0.001, atol=1e-05
Testing N_win=1475 N_cf=2
Windowing:
  config: # windows=1475, spacing=0.20270857542668397, CF order=2
  error tolerance: rtol=0.001, atol=1e-05
Testing N_win=1580 N_cf=10
Windowing:
  config: # windows=1580, spacing=0.18923743592048028, CF order=10
  error tolerance: rtol=0.001, atol=1e-05
Testing N_win=1580 N_cf=9
Windowing:
  config: # windows=1580, spacing=0.18923743592048028, CF order=9
  error tolerance: rtol=0.001, atol=1e-05
Testing N_win=1580 N_cf=8
Windowing:
  config: # windows=1580, spacing=0.18923743592048028, CF order=8
  error tolerance: rtol=0.001, atol=1e-05
Testing N_win=1580 N_cf=7
Windowing:
  config: # windows=1580, spacing=0.18923743592048028, CF order=7
  error tolerance: rtol=0.001, atol=1e-05
Testing N_win=1580 N_cf=6
Windowing:
  config: # windows=1580, spacing=0.18923743592048028, CF order=6
  error tolerance: rtol=0.001, atol=1e-05
Testing N_win=1580 N_cf=5
Windowing:
  config: # windows=1580, spacing=0.18923743592048028, CF order=5
  error tolerance: rtol=0.001, atol=1e-05
Testing N_win=1580 N_cf=4
Windowing:
  config: # windows=1580, spacing=0.18923743592048028, CF order=4
  error tolerance: rtol=0.001, atol=1e-05
Testing N_win=1580 N_cf=3
Windowing:
  config: # windows=1580, spacing=0.18923743592048028, CF order=3
  error tolerance: rtol=0.001, atol=1e-05
Testing N_win=1580 N_cf=2
Windowing:
  config: # windows=1580, spacing=0.18923743592048028, CF order=2
  error tolerance: rtol=0.001, atol=1e-05
Testing N_win=1685 N_cf=10
Windowing:
  config: # windows=1685, spacing=0.17744519213908538, CF order=10
  error tolerance: rtol=0.001, atol=1e-05
Testing N_win=1685 N_cf=9
Windowing:
  config: # windows=1685, spacing=0.17744519213908538, CF order=9
  error tolerance: rtol=0.001, atol=1e-05
Testing N_win=1685 N_cf=8
Windowing:
  config: # windows=1685, spacing=0.17744519213908538, CF order=8
  error tolerance: rtol=0.001, atol=1e-05
Testing N_win=1685 N_cf=7
Windowing:
  config: # windows=1685, spacing=0.17744519213908538, CF order=7
  error tolerance: rtol=0.001, atol=1e-05
Testing N_win=1685 N_cf=6
Windowing:
  config: # windows=1685, spacing=0.17744519213908538, CF order=6
  error tolerance: rtol=0.001, atol=1e-05
Testing N_win=1685 N_cf=5
Windowing:
  config: # windows=1685, spacing=0.17744519213908538, CF order=5
  error tolerance: rtol=0.001, atol=1e-05
Testing N_win=1685 N_cf=4
Windowing:
  config: # windows=1685, spacing=0.17744519213908538, CF order=4
  error tolerance: rtol=0.001, atol=1e-05
Testing N_win=1685 N_cf=3
Windowing:
  config: # windows=1685, spacing=0.17744519213908538, CF order=3
  error tolerance: rtol=0.001, atol=1e-05
Testing N_win=1685 N_cf=2
Windowing:
  config: # windows=1685, spacing=0.17744519213908538, CF order=2
  error tolerance: rtol=0.001, atol=1e-05
Testing N_win=1790 N_cf=10
Windowing:
  config: # windows=1790, spacing=0.1670363959521558, CF order=10
  error tolerance: rtol=0.001, atol=1e-05
Testing N_win=1790 N_cf=9
Windowing:
  config: # windows=1790, spacing=0.1670363959521558, CF order=9
  error tolerance: rtol=0.001, atol=1e-05
Testing N_win=1790 N_cf=8
Windowing:
  config: # windows=1790, spacing=0.1670363959521558, CF order=8
  error tolerance: rtol=0.001, atol=1e-05
Testing N_win=1790 N_cf=7
Windowing:
  config: # windows=1790, spacing=0.1670363959521558, CF order=7
  error tolerance: rtol=0.001, atol=1e-05
Testing N_win=1790 N_cf=6
Windowing:
  config: # windows=1790, spacing=0.1670363959521558, CF order=6
  error tolerance: rtol=0.001, atol=1e-05
Testing N_win=1790 N_cf=5
Windowing:
  config: # windows=1790, spacing=0.1670363959521558, CF order=5
  error tolerance: rtol=0.001, atol=1e-05
Testing N_win=1790 N_cf=4
Windowing:
  config: # windows=1790, spacing=0.1670363959521558, CF order=4
  error tolerance: rtol=0.001, atol=1e-05
Testing N_win=1790 N_cf=3
Windowing:
  config: # windows=1790, spacing=0.1670363959521558, CF order=3
  error tolerance: rtol=0.001, atol=1e-05
Testing N_win=1790 N_cf=2
Windowing:
  config: # windows=1790, spacing=0.1670363959521558, CF order=2
  error tolerance: rtol=0.001, atol=1e-05
Testing N_win=1895 N_cf=10
Windowing:
  config: # windows=1895, spacing=0.15778108113686484, CF order=10
  error tolerance: rtol=0.001, atol=1e-05
Testing N_win=1895 N_cf=9
Windowing:
  config: # windows=1895, spacing=0.15778108113686484, CF order=9
  error tolerance: rtol=0.001, atol=1e-05
Testing N_win=1895 N_cf=8
Windowing:
  config: # windows=1895, spacing=0.15778108113686484, CF order=8
  error tolerance: rtol=0.001, atol=1e-05
Testing N_win=1895 N_cf=7
Windowing:
  config: # windows=1895, spacing=0.15778108113686484, CF order=7
  error tolerance: rtol=0.001, atol=1e-05
Testing N_win=1895 N_cf=6
Windowing:
  config: # windows=1895, spacing=0.15778108113686484, CF order=6
  error tolerance: rtol=0.001, atol=1e-05
Testing N_win=1895 N_cf=5
Windowing:
  config: # windows=1895, spacing=0.15778108113686484, CF order=5
  error tolerance: rtol=0.001, atol=1e-05
Testing N_win=1895 N_cf=4
Windowing:
  config: # windows=1895, spacing=0.15778108113686484, CF order=4
  error tolerance: rtol=0.001, atol=1e-05
Testing N_win=1895 N_cf=3
Windowing:
  config: # windows=1895, spacing=0.15778108113686484, CF order=3
  error tolerance: rtol=0.001, atol=1e-05
Testing N_win=1895 N_cf=2
Windowing:
  config: # windows=1895, spacing=0.15778108113686484, CF order=2
  error tolerance: rtol=0.001, atol=1e-05
Testing N_win=2000 N_cf=10
Windowing:
  config: # windows=2000, spacing=0.14949757437717942, CF order=10
  error tolerance: rtol=0.001, atol=1e-05
Testing N_win=2000 N_cf=9
Windowing:
  config: # windows=2000, spacing=0.14949757437717942, CF order=9
  error tolerance: rtol=0.001, atol=1e-05
Testing N_win=2000 N_cf=8
Windowing:
  config: # windows=2000, spacing=0.14949757437717942, CF order=8
  error tolerance: rtol=0.001, atol=1e-05
Testing N_win=2000 N_cf=7
Windowing:
  config: # windows=2000, spacing=0.14949757437717942, CF order=7
  error tolerance: rtol=0.001, atol=1e-05
Testing N_win=2000 N_cf=6
Windowing:
  config: # windows=2000, spacing=0.14949757437717942, CF order=6
  error tolerance: rtol=0.001, atol=1e-05
Testing N_win=2000 N_cf=5
Windowing:
  config: # windows=2000, spacing=0.14949757437717942, CF order=5
  error tolerance: rtol=0.001, atol=1e-05
Testing N_win=2000 N_cf=4
Windowing:
  config: # windows=2000, spacing=0.14949757437717942, CF order=4
  error tolerance: rtol=0.001, atol=1e-05
Testing N_win=2000 N_cf=3
Windowing:
  config: # windows=2000, spacing=0.14949757437717942, CF order=3
  error tolerance: rtol=0.001, atol=1e-05
Testing N_win=2000 N_cf=2
Windowing:
  config: # windows=2000, spacing=0.14949757437717942, CF order=2
  error tolerance: rtol=0.001, atol=1e-05
Final library: 83 poles, 426 windows, 0.99 poles per window, 2 CF order
