Running NJOY to get 0K point-wise data (error=0.0005)...
Parsing cross sections within resolved resonance range...
  MTs: [2, 27, 102, 103, 107]
  Energy range: 1.000e-05 to 2.080e+04 eV (29576 points)
Vector fitting piece 1/14...
  energy: 1.000e-05 to 1.125e+02 eV (1173 points)
  error tolerance: rtol=0.001, atol=1e-05
Found 1 peaks
Fitting orders from 2 to 200
Order=2(0/100)
Order=4(1/100)
Order=6(2/100)
Order=8(3/100)
Found ideal results. Stop!
Found 2 real poles and 3 conjugate complex pairs.
Final number of poles: 5
Saved figure: WMP_Lib/Pt196/0-112_MT2.png
Saved figure: WMP_Lib/Pt196/0-112_MT27.png
Saved figure: WMP_Lib/Pt196/0-112_MT102.png
Saved figure: WMP_Lib/Pt196/0-112_MT107.png
Vector fitting piece 2/14...
  energy: 2.492e+01 to 4.355e+02 eV (957 points)
  error tolerance: rtol=0.001, atol=1e-05
Found 1 peaks
Fitting orders from 2 to 200
Order=2(0/100)
Order=4(1/100)
Order=6(2/100)
Order=8(3/100)
Order=10(4/100)
Order=12(5/100)
Order=14(6/100)
Order=16(7/100)
Order=18(8/100)
Order=20(9/100)
Order=22(10/100)
Order=24(11/100)
Order=26(12/100)
Order=28(13/100)
Order=30(14/100)
Order=32(15/100)
Order=34(16/100)
Order=36(17/100)
Order=38(18/100)
Order=40(19/100)
Order=42(20/100)
Order=44(21/100)
Order=46(22/100)
Order=48(23/100)
Order=50(24/100)
Order=52(25/100)
Order=54(26/100)
Order=56(27/100)
Order=58(28/100)
Order=60(29/100)
Found 2 real poles and 3 conjugate complex pairs.
Final number of poles: 5
Saved figure: WMP_Lib/Pt196/25-436_MT2.png
Saved figure: WMP_Lib/Pt196/25-436_MT27.png
Saved figure: WMP_Lib/Pt196/25-436_MT102.png
Saved figure: WMP_Lib/Pt196/25-436_MT107.png
Vector fitting piece 3/14...
  energy: 2.339e+02 to 9.789e+02 eV (2243 points)
  error tolerance: rtol=0.001, atol=1e-05
Found 3 peaks
Fitting orders from 6 to 200
Order=6(0/98)
Order=8(1/98)
Order=10(2/98)
Order=12(3/98)
Order=14(4/98)
Order=16(5/98)
Order=18(6/98)
Order=20(7/98)
Order=22(8/98)
Order=24(9/98)
Order=26(10/98)
Order=28(11/98)
Order=30(12/98)
Order=32(13/98)
Order=34(14/98)
Order=36(15/98)
Order=38(16/98)
Order=40(17/98)
Order=42(18/98)
Order=44(19/98)
Order=46(20/98)
Order=48(21/98)
Order=50(22/98)
Order=52(23/98)
Order=54(24/98)
Order=56(25/98)
Order=58(26/98)
Order=60(27/98)
Found 2 real poles and 4 conjugate complex pairs.
Final number of poles: 6
Saved figure: WMP_Lib/Pt196/234-979_MT2.png
Saved figure: WMP_Lib/Pt196/234-979_MT27.png
Saved figure: WMP_Lib/Pt196/234-979_MT102.png
Saved figure: WMP_Lib/Pt196/234-979_MT107.png
Vector fitting piece 4/14...
  energy: 6.558e+02 to 1.710e+03 eV (865 points)
  error tolerance: rtol=0.001, atol=1e-05
Found 2 peaks
Fitting orders from 4 to 200
Order=4(0/99)
Order=6(1/99)
Order=8(2/99)
Order=10(3/99)
Order=12(4/99)
Order=14(5/99)
Order=16(6/99)
Order=18(7/99)
Order=20(8/99)
Order=22(9/99)
Order=24(10/99)
Order=26(11/99)
Order=28(12/99)
Order=30(13/99)
Order=32(14/99)
Order=34(15/99)
Order=36(16/99)
Order=38(17/99)
Order=40(18/99)
Order=42(19/99)
Order=44(20/99)
Order=46(21/99)
Order=48(22/99)
Order=50(23/99)
Order=52(24/99)
Order=54(25/99)
Order=56(26/99)
Order=58(27/99)
Order=60(28/99)
Found 0 real poles and 5 conjugate complex pairs.
Final number of poles: 5
Saved figure: WMP_Lib/Pt196/656-1710_MT2.png
Saved figure: WMP_Lib/Pt196/656-1710_MT27.png
Saved figure: WMP_Lib/Pt196/656-1710_MT102.png
Saved figure: WMP_Lib/Pt196/656-1710_MT107.png
Vector fitting piece 5/14...
  energy: 1.288e+03 to 2.671e+03 eV (2337 points)
  error tolerance: rtol=0.001, atol=1e-05
Found 4 peaks
Fitting orders from 8 to 200
Order=8(0/97)
Order=10(1/97)
Order=12(2/97)
Order=14(3/97)
Order=16(4/97)
Order=18(5/97)
Order=20(6/97)
Order=22(7/97)
Order=24(8/97)
Order=26(9/97)
Order=28(10/97)
Order=30(11/97)
Order=32(12/97)
Order=34(13/97)
Order=36(14/97)
Order=38(15/97)
Order=40(16/97)
Order=42(17/97)
Order=44(18/97)
Order=46(19/97)
Order=48(20/97)
Order=50(21/97)
Order=52(22/97)
Order=54(23/97)
Order=56(24/97)
Order=58(25/97)
Order=60(26/97)
Found 2 real poles and 5 conjugate complex pairs.
Final number of poles: 7
Saved figure: WMP_Lib/Pt196/1288-2671_MT2.png
Saved figure: WMP_Lib/Pt196/1288-2671_MT27.png
Saved figure: WMP_Lib/Pt196/1288-2671_MT102.png
Saved figure: WMP_Lib/Pt196/1288-2671_MT107.png
Vector fitting piece 6/14...
  energy: 2.129e+03 to 3.843e+03 eV (2974 points)
  error tolerance: rtol=0.001, atol=1e-05
Found 5 peaks
Fitting orders from 10 to 200
Order=10(0/96)
Order=12(1/96)
Order=14(2/96)
Order=16(3/96)
Order=18(4/96)
Order=20(5/96)
Order=22(6/96)
Order=24(7/96)
Order=26(8/96)
Order=28(9/96)
Order=30(10/96)
Order=32(11/96)
Order=34(12/96)
Order=36(13/96)
Order=38(14/96)
Order=40(15/96)
Order=42(16/96)
Order=44(17/96)
Order=46(18/96)
Order=48(19/96)
Order=50(20/96)
Order=52(21/96)
Order=54(22/96)
Order=56(23/96)
Order=58(24/96)
Order=60(25/96)
Found 4 real poles and 6 conjugate complex pairs.
Final number of poles: 10
Saved figure: WMP_Lib/Pt196/2129-3843_MT2.png
Saved figure: WMP_Lib/Pt196/2129-3843_MT27.png
Saved figure: WMP_Lib/Pt196/2129-3843_MT102.png
Saved figure: WMP_Lib/Pt196/2129-3843_MT107.png
Vector fitting piece 7/14...
  energy: 3.192e+03 to 5.223e+03 eV (3007 points)
  error tolerance: rtol=0.001, atol=1e-05
Found 6 peaks
Fitting orders from 12 to 200
Order=12(0/95)
Order=14(1/95)
Order=16(2/95)
Order=18(3/95)
Order=20(4/95)
Order=22(5/95)
Order=24(6/95)
Order=26(7/95)
Order=28(8/95)
Order=30(9/95)
Order=32(10/95)
Order=34(11/95)
Order=36(12/95)
Order=38(13/95)
Order=40(14/95)
Order=42(15/95)
Order=44(16/95)
Order=46(17/95)
Order=48(18/95)
Order=50(19/95)
Order=52(20/95)
Order=54(21/95)
Order=56(22/95)
Order=58(23/95)
Order=60(24/95)
Found 4 real poles and 7 conjugate complex pairs.
Final number of poles: 11
Saved figure: WMP_Lib/Pt196/3192-5223_MT2.png
Saved figure: WMP_Lib/Pt196/3192-5223_MT27.png
Saved figure: WMP_Lib/Pt196/3192-5223_MT102.png
Saved figure: WMP_Lib/Pt196/3192-5223_MT107.png
Vector fitting piece 8/14...
  energy: 4.463e+03 to 6.819e+03 eV (3165 points)
  error tolerance: rtol=0.001, atol=1e-05
Found 6 peaks
Fitting orders from 12 to 200
Order=12(0/95)
Order=14(1/95)
Order=16(2/95)
Order=18(3/95)
Order=20(4/95)
Order=22(5/95)
Order=24(6/95)
Order=26(7/95)
Order=28(8/95)
Order=30(9/95)
Order=32(10/95)
Order=34(11/95)
Order=36(12/95)
Order=38(13/95)
Order=40(14/95)
Order=42(15/95)
Order=44(16/95)
Order=46(17/95)
Order=48(18/95)
Order=50(19/95)
Order=52(20/95)
Order=54(21/95)
Order=56(22/95)
Order=58(23/95)
Order=60(24/95)
Found 2 real poles and 8 conjugate complex pairs.
Final number of poles: 10
Saved figure: WMP_Lib/Pt196/4463-6819_MT2.png
Saved figure: WMP_Lib/Pt196/4463-6819_MT27.png
Saved figure: WMP_Lib/Pt196/4463-6819_MT102.png
Saved figure: WMP_Lib/Pt196/4463-6819_MT107.png
Vector fitting piece 9/14...
  energy: 5.946e+03 to 8.623e+03 eV (3569 points)
  error tolerance: rtol=0.001, atol=1e-05
Found 8 peaks
Fitting orders from 16 to 200
Order=16(0/93)
Order=18(1/93)
Order=20(2/93)
Order=22(3/93)
Order=24(4/93)
Order=26(5/93)
Order=28(6/93)
Order=30(7/93)
Order=32(8/93)
Order=34(9/93)
Order=36(10/93)
Order=38(11/93)
Order=40(12/93)
Order=42(13/93)
Order=44(14/93)
Order=46(15/93)
Order=48(16/93)
Order=50(17/93)
Order=52(18/93)
Order=54(19/93)
Order=56(20/93)
Order=58(21/93)
Order=60(22/93)
Found 4 real poles and 8 conjugate complex pairs.
Final number of poles: 12
Saved figure: WMP_Lib/Pt196/5946-8623_MT2.png
Saved figure: WMP_Lib/Pt196/5946-8623_MT27.png
Saved figure: WMP_Lib/Pt196/5946-8623_MT102.png
Saved figure: WMP_Lib/Pt196/5946-8623_MT107.png
Vector fitting piece 10/14...
  energy: 7.639e+03 to 1.065e+04 eV (4146 points)
  error tolerance: rtol=0.001, atol=1e-05
Found 9 peaks
Fitting orders from 18 to 200
Order=18(0/92)
Order=20(1/92)
Order=22(2/92)
Order=24(3/92)
Order=26(4/92)
Order=28(5/92)
Order=30(6/92)
Order=32(7/92)
Order=34(8/92)
Order=36(9/92)
Order=38(10/92)
Order=40(11/92)
Order=42(12/92)
Order=44(13/92)
Order=46(14/92)
Order=48(15/92)
Order=50(16/92)
Order=52(17/92)
Order=54(18/92)
Order=56(19/92)
Order=58(20/92)
Order=60(21/92)
Found 4 real poles and 9 conjugate complex pairs.
Final number of poles: 13
Saved figure: WMP_Lib/Pt196/7639-10648_MT2.png
Saved figure: WMP_Lib/Pt196/7639-10648_MT27.png
Saved figure: WMP_Lib/Pt196/7639-10648_MT102.png
Saved figure: WMP_Lib/Pt196/7639-10648_MT107.png
Vector fitting piece 11/14...
  energy: 9.548e+03 to 1.288e+04 eV (3997 points)
  error tolerance: rtol=0.001, atol=1e-05
Found 10 peaks
Fitting orders from 20 to 200
Order=20(0/91)
Order=22(1/91)
Order=24(2/91)
Order=26(3/91)
Order=28(4/91)
Order=30(5/91)
Order=32(6/91)
Order=34(7/91)
Order=36(8/91)
Order=38(9/91)
Order=40(10/91)
Order=42(11/91)
Order=44(12/91)
Order=46(13/91)
Order=48(14/91)
Order=50(15/91)
Order=52(16/91)
Order=54(17/91)
Order=56(18/91)
Order=58(19/91)
Order=60(20/91)
Found 4 real poles and 11 conjugate complex pairs.
Final number of poles: 15
Saved figure: WMP_Lib/Pt196/9548-12875_MT2.png
Saved figure: WMP_Lib/Pt196/9548-12875_MT27.png
Saved figure: WMP_Lib/Pt196/9548-12875_MT102.png
Saved figure: WMP_Lib/Pt196/9548-12875_MT107.png
Vector fitting piece 12/14...
  energy: 1.166e+04 to 1.532e+04 eV (4142 points)
  error tolerance: rtol=0.001, atol=1e-05
Found 10 peaks
Fitting orders from 20 to 200
Order=20(0/91)
Order=22(1/91)
Order=24(2/91)
Order=26(3/91)
Order=28(4/91)
Order=30(5/91)
Order=32(6/91)
Order=34(7/91)
Order=36(8/91)
Order=38(9/91)
Order=40(10/91)
Order=42(11/91)
Order=44(12/91)
Order=46(13/91)
Order=48(14/91)
Order=50(15/91)
Order=52(16/91)
Order=54(17/91)
Order=56(18/91)
Order=58(19/91)
Order=60(20/91)
Found 4 real poles and 11 conjugate complex pairs.
Final number of poles: 15
Saved figure: WMP_Lib/Pt196/11662-15321_MT2.png
Saved figure: WMP_Lib/Pt196/11662-15321_MT27.png
Saved figure: WMP_Lib/Pt196/11662-15321_MT102.png
Saved figure: WMP_Lib/Pt196/11662-15321_MT107.png
Vector fitting piece 13/14...
  energy: 1.400e+04 to 1.798e+04 eV (4684 points)
  error tolerance: rtol=0.001, atol=1e-05
Found 11 peaks
Fitting orders from 22 to 200
Order=22(0/90)
Order=24(1/90)
Order=26(2/90)
Order=28(3/90)
Order=30(4/90)
Order=32(5/90)
Order=34(6/90)
Order=36(7/90)
Order=38(8/90)
Order=40(9/90)
Order=42(10/90)
Order=44(11/90)
Order=46(12/90)
Order=48(13/90)
Order=50(14/90)
Order=52(15/90)
Order=54(16/90)
Order=56(17/90)
Order=58(18/90)
Order=60(19/90)
Found 4 real poles and 12 conjugate complex pairs.
Final number of poles: 16
Saved figure: WMP_Lib/Pt196/13999-17979_MT2.png
Saved figure: WMP_Lib/Pt196/13999-17979_MT27.png
Saved figure: WMP_Lib/Pt196/13999-17979_MT102.png
Saved figure: WMP_Lib/Pt196/13999-17979_MT107.png
Vector fitting piece 14/14...
  energy: 1.654e+04 to 2.080e+04 eV (5215 points)
  error tolerance: rtol=0.001, atol=1e-05
Found 14 peaks
Fitting orders from 28 to 200
Order=28(0/87)
Order=30(1/87)
Order=32(2/87)
Order=34(3/87)
Order=36(4/87)
Order=38(5/87)
Order=40(6/87)
Order=42(7/87)
Order=44(8/87)
Order=46(9/87)
Order=48(10/87)
Order=50(11/87)
Order=52(12/87)
Order=54(13/87)
Order=56(14/87)
Order=58(15/87)
Order=60(16/87)
Found 4 real poles and 15 conjugate complex pairs.
Final number of poles: 19
Saved figure: WMP_Lib/Pt196/16541-20798_MT2.png
Saved figure: WMP_Lib/Pt196/16541-20798_MT27.png
Saved figure: WMP_Lib/Pt196/16541-20798_MT102.png
Saved figure: WMP_Lib/Pt196/16541-20798_MT107.png
Dumped multipole data to file: WMP_Lib/Pt196/Pt196_mp.pickle
Start searching ...
Testing N_win=7 N_cf=10
Failed: Window spacing cannot be larger than piece spacing.
Testing N_win=111 N_cf=10
Windowing:
  config: # windows=111, spacing=1.2992089866176726, CF order=10
  error tolerance: rtol=0.001, atol=1e-05
Best library so far.
Testing N_win=111 N_cf=9
Windowing:
  config: # windows=111, spacing=1.2992089866176726, CF order=9
  error tolerance: rtol=0.001, atol=1e-05
Best library so far.
Testing N_win=111 N_cf=8
Windowing:
  config: # windows=111, spacing=1.2992089866176726, CF order=8
  error tolerance: rtol=0.001, atol=1e-05
Best library so far.
Testing N_win=111 N_cf=7
Windowing:
  config: # windows=111, spacing=1.2992089866176726, CF order=7
  error tolerance: rtol=0.001, atol=1e-05
Best library so far.
Testing N_win=111 N_cf=6
Windowing:
  config: # windows=111, spacing=1.2992089866176726, CF order=6
  error tolerance: rtol=0.001, atol=1e-05
Best library so far.
Testing N_win=111 N_cf=5
Windowing:
  config: # windows=111, spacing=1.2992089866176726, CF order=5
  error tolerance: rtol=0.001, atol=1e-05
Best library so far.
Testing N_win=111 N_cf=4
Windowing:
  config: # windows=111, spacing=1.2992089866176726, CF order=4
  error tolerance: rtol=0.001, atol=1e-05
Best library so far.
Testing N_win=111 N_cf=3
Windowing:
  config: # windows=111, spacing=1.2992089866176726, CF order=3
  error tolerance: rtol=0.001, atol=1e-05
Best library so far.
Testing N_win=111 N_cf=2
Windowing:
  config: # windows=111, spacing=1.2992089866176726, CF order=2
  error tolerance: rtol=0.001, atol=1e-05
Failed: Pure curvefit failed for the first window!
Testing N_win=216 N_cf=10
Windowing:
  config: # windows=216, spacing=0.6676490625674151, CF order=10
  error tolerance: rtol=0.001, atol=1e-05
Best library so far.
Testing N_win=216 N_cf=9
Windowing:
  config: # windows=216, spacing=0.6676490625674151, CF order=9
  error tolerance: rtol=0.001, atol=1e-05
Best library so far.
Testing N_win=216 N_cf=8
Windowing:
  config: # windows=216, spacing=0.6676490625674151, CF order=8
  error tolerance: rtol=0.001, atol=1e-05
Best library so far.
Testing N_win=216 N_cf=7
Windowing:
  config: # windows=216, spacing=0.6676490625674151, CF order=7
  error tolerance: rtol=0.001, atol=1e-05
Best library so far.
Testing N_win=216 N_cf=6
Windowing:
  config: # windows=216, spacing=0.6676490625674151, CF order=6
  error tolerance: rtol=0.001, atol=1e-05
Best library so far.
Testing N_win=216 N_cf=5
Windowing:
  config: # windows=216, spacing=0.6676490625674151, CF order=5
  error tolerance: rtol=0.001, atol=1e-05
Best library so far.
Testing N_win=216 N_cf=4
Windowing:
  config: # windows=216, spacing=0.6676490625674151, CF order=4
  error tolerance: rtol=0.001, atol=1e-05
Best library so far.
Testing N_win=216 N_cf=3
Windowing:
  config: # windows=216, spacing=0.6676490625674151, CF order=3
  error tolerance: rtol=0.001, atol=1e-05
Best library so far.
Testing N_win=216 N_cf=2
Windowing:
  config: # windows=216, spacing=0.6676490625674151, CF order=2
  error tolerance: rtol=0.001, atol=1e-05
Failed: Pure curvefit failed for the first window!
Testing N_win=321 N_cf=10
Windowing:
  config: # windows=321, spacing=0.4492591822883541, CF order=10
  error tolerance: rtol=0.001, atol=1e-05
Testing N_win=321 N_cf=9
Windowing:
  config: # windows=321, spacing=0.4492591822883541, CF order=9
  error tolerance: rtol=0.001, atol=1e-05
Testing N_win=321 N_cf=8
Windowing:
  config: # windows=321, spacing=0.4492591822883541, CF order=8
  error tolerance: rtol=0.001, atol=1e-05
Testing N_win=321 N_cf=7
Windowing:
  config: # windows=321, spacing=0.4492591822883541, CF order=7
  error tolerance: rtol=0.001, atol=1e-05
Testing N_win=321 N_cf=6
Windowing:
  config: # windows=321, spacing=0.4492591822883541, CF order=6
  error tolerance: rtol=0.001, atol=1e-05
Testing N_win=321 N_cf=5
Windowing:
  config: # windows=321, spacing=0.4492591822883541, CF order=5
  error tolerance: rtol=0.001, atol=1e-05
Best library so far.
Testing N_win=321 N_cf=4
Windowing:
  config: # windows=321, spacing=0.4492591822883541, CF order=4
  error tolerance: rtol=0.001, atol=1e-05
Best library so far.
Testing N_win=321 N_cf=3
Windowing:
  config: # windows=321, spacing=0.4492591822883541, CF order=3
  error tolerance: rtol=0.001, atol=1e-05
Best library so far.
Testing N_win=321 N_cf=2
Windowing:
  config: # windows=321, spacing=0.4492591822883541, CF order=2
  error tolerance: rtol=0.001, atol=1e-05
Testing N_win=426 N_cf=10
Windowing:
  config: # windows=426, spacing=0.3385262852454499, CF order=10
  error tolerance: rtol=0.001, atol=1e-05
Testing N_win=426 N_cf=9
Windowing:
  config: # windows=426, spacing=0.3385262852454499, CF order=9
  error tolerance: rtol=0.001, atol=1e-05
Testing N_win=426 N_cf=8
Windowing:
  config: # windows=426, spacing=0.3385262852454499, CF order=8
  error tolerance: rtol=0.001, atol=1e-05
Testing N_win=426 N_cf=7
Windowing:
  config: # windows=426, spacing=0.3385262852454499, CF order=7
  error tolerance: rtol=0.001, atol=1e-05
Testing N_win=426 N_cf=6
Windowing:
  config: # windows=426, spacing=0.3385262852454499, CF order=6
  error tolerance: rtol=0.001, atol=1e-05
Testing N_win=426 N_cf=5
Windowing:
  config: # windows=426, spacing=0.3385262852454499, CF order=5
  error tolerance: rtol=0.001, atol=1e-05
Testing N_win=426 N_cf=4
Windowing:
  config: # windows=426, spacing=0.3385262852454499, CF order=4
  error tolerance: rtol=0.001, atol=1e-05
Testing N_win=426 N_cf=3
Windowing:
  config: # windows=426, spacing=0.3385262852454499, CF order=3
  error tolerance: rtol=0.001, atol=1e-05
Best library so far.
Testing N_win=426 N_cf=2
Windowing:
  config: # windows=426, spacing=0.3385262852454499, CF order=2
  error tolerance: rtol=0.001, atol=1e-05
Testing N_win=531 N_cf=10
Windowing:
  config: # windows=531, spacing=0.271586059349457, CF order=10
  error tolerance: rtol=0.001, atol=1e-05
Testing N_win=531 N_cf=9
Windowing:
  config: # windows=531, spacing=0.271586059349457, CF order=9
  error tolerance: rtol=0.001, atol=1e-05
Testing N_win=531 N_cf=8
Windowing:
  config: # windows=531, spacing=0.271586059349457, CF order=8
  error tolerance: rtol=0.001, atol=1e-05
Testing N_win=531 N_cf=7
Windowing:
  config: # windows=531, spacing=0.271586059349457, CF order=7
  error tolerance: rtol=0.001, atol=1e-05
Testing N_win=531 N_cf=6
Windowing:
  config: # windows=531, spacing=0.271586059349457, CF order=6
  error tolerance: rtol=0.001, atol=1e-05
Testing N_win=531 N_cf=5
Windowing:
  config: # windows=531, spacing=0.271586059349457, CF order=5
  error tolerance: rtol=0.001, atol=1e-05
Testing N_win=531 N_cf=4
Windowing:
  config: # windows=531, spacing=0.271586059349457, CF order=4
  error tolerance: rtol=0.001, atol=1e-05
Testing N_win=531 N_cf=3
Windowing:
  config: # windows=531, spacing=0.271586059349457, CF order=3
  error tolerance: rtol=0.001, atol=1e-05
Best library so far.
Testing N_win=531 N_cf=2
Windowing:
  config: # windows=531, spacing=0.271586059349457, CF order=2
  error tolerance: rtol=0.001, atol=1e-05
Testing N_win=636 N_cf=10
Windowing:
  config: # windows=636, spacing=0.22674873823044286, CF order=10
  error tolerance: rtol=0.001, atol=1e-05
Testing N_win=636 N_cf=9
Windowing:
  config: # windows=636, spacing=0.22674873823044286, CF order=9
  error tolerance: rtol=0.001, atol=1e-05
Testing N_win=636 N_cf=8
Windowing:
  config: # windows=636, spacing=0.22674873823044286, CF order=8
  error tolerance: rtol=0.001, atol=1e-05
Testing N_win=636 N_cf=7
Windowing:
  config: # windows=636, spacing=0.22674873823044286, CF order=7
  error tolerance: rtol=0.001, atol=1e-05
Testing N_win=636 N_cf=6
Windowing:
  config: # windows=636, spacing=0.22674873823044286, CF order=6
  error tolerance: rtol=0.001, atol=1e-05
Testing N_win=636 N_cf=5
Windowing:
  config: # windows=636, spacing=0.22674873823044286, CF order=5
  error tolerance: rtol=0.001, atol=1e-05
Testing N_win=636 N_cf=4
Windowing:
  config: # windows=636, spacing=0.22674873823044286, CF order=4
  error tolerance: rtol=0.001, atol=1e-05
Testing N_win=636 N_cf=3
Windowing:
  config: # windows=636, spacing=0.22674873823044286, CF order=3
  error tolerance: rtol=0.001, atol=1e-05
Testing N_win=636 N_cf=2
Windowing:
  config: # windows=636, spacing=0.22674873823044286, CF order=2
  error tolerance: rtol=0.001, atol=1e-05
Testing N_win=741 N_cf=10
Windowing:
  config: # windows=741, spacing=0.19461835022208052, CF order=10
  error tolerance: rtol=0.001, atol=1e-05
Testing N_win=741 N_cf=9
Windowing:
  config: # windows=741, spacing=0.19461835022208052, CF order=9
  error tolerance: rtol=0.001, atol=1e-05
Testing N_win=741 N_cf=8
Windowing:
  config: # windows=741, spacing=0.19461835022208052, CF order=8
  error tolerance: rtol=0.001, atol=1e-05
Testing N_win=741 N_cf=7
Windowing:
  config: # windows=741, spacing=0.19461835022208052, CF order=7
  error tolerance: rtol=0.001, atol=1e-05
Testing N_win=741 N_cf=6
Windowing:
  config: # windows=741, spacing=0.19461835022208052, CF order=6
  error tolerance: rtol=0.001, atol=1e-05
Testing N_win=741 N_cf=5
Windowing:
  config: # windows=741, spacing=0.19461835022208052, CF order=5
  error tolerance: rtol=0.001, atol=1e-05
Testing N_win=741 N_cf=4
Windowing:
  config: # windows=741, spacing=0.19461835022208052, CF order=4
  error tolerance: rtol=0.001, atol=1e-05
Testing N_win=741 N_cf=3
Windowing:
  config: # windows=741, spacing=0.19461835022208052, CF order=3
  error tolerance: rtol=0.001, atol=1e-05
Testing N_win=741 N_cf=2
Windowing:
  config: # windows=741, spacing=0.19461835022208052, CF order=2
  error tolerance: rtol=0.001, atol=1e-05
Testing N_win=846 N_cf=10
Windowing:
  config: # windows=846, spacing=0.17046359044274428, CF order=10
  error tolerance: rtol=0.001, atol=1e-05
Testing N_win=846 N_cf=9
Windowing:
  config: # windows=846, spacing=0.17046359044274428, CF order=9
  error tolerance: rtol=0.001, atol=1e-05
Testing N_win=846 N_cf=8
Windowing:
  config: # windows=846, spacing=0.17046359044274428, CF order=8
  error tolerance: rtol=0.001, atol=1e-05
Testing N_win=846 N_cf=7
Windowing:
  config: # windows=846, spacing=0.17046359044274428, CF order=7
  error tolerance: rtol=0.001, atol=1e-05
Testing N_win=846 N_cf=6
Windowing:
  config: # windows=846, spacing=0.17046359044274428, CF order=6
  error tolerance: rtol=0.001, atol=1e-05
Testing N_win=846 N_cf=5
Windowing:
  config: # windows=846, spacing=0.17046359044274428, CF order=5
  error tolerance: rtol=0.001, atol=1e-05
Testing N_win=846 N_cf=4
Windowing:
  config: # windows=846, spacing=0.17046359044274428, CF order=4
  error tolerance: rtol=0.001, atol=1e-05
Testing N_win=846 N_cf=3
Windowing:
  config: # windows=846, spacing=0.17046359044274428, CF order=3
  error tolerance: rtol=0.001, atol=1e-05
Testing N_win=846 N_cf=2
Windowing:
  config: # windows=846, spacing=0.17046359044274428, CF order=2
  error tolerance: rtol=0.001, atol=1e-05
Testing N_win=951 N_cf=10
Windowing:
  config: # windows=951, spacing=0.1516426892897599, CF order=10
  error tolerance: rtol=0.001, atol=1e-05
Testing N_win=951 N_cf=9
Windowing:
  config: # windows=951, spacing=0.1516426892897599, CF order=9
  error tolerance: rtol=0.001, atol=1e-05
Testing N_win=951 N_cf=8
Windowing:
  config: # windows=951, spacing=0.1516426892897599, CF order=8
  error tolerance: rtol=0.001, atol=1e-05
Testing N_win=951 N_cf=7
Windowing:
  config: # windows=951, spacing=0.1516426892897599, CF order=7
  error tolerance: rtol=0.001, atol=1e-05
Testing N_win=951 N_cf=6
Windowing:
  config: # windows=951, spacing=0.1516426892897599, CF order=6
  error tolerance: rtol=0.001, atol=1e-05
Testing N_win=951 N_cf=5
Windowing:
  config: # windows=951, spacing=0.1516426892897599, CF order=5
  error tolerance: rtol=0.001, atol=1e-05
Testing N_win=951 N_cf=4
Windowing:
  config: # windows=951, spacing=0.1516426892897599, CF order=4
  error tolerance: rtol=0.001, atol=1e-05
Testing N_win=951 N_cf=3
Windowing:
  config: # windows=951, spacing=0.1516426892897599, CF order=3
  error tolerance: rtol=0.001, atol=1e-05
Testing N_win=951 N_cf=2
Windowing:
  config: # windows=951, spacing=0.1516426892897599, CF order=2
  error tolerance: rtol=0.001, atol=1e-05
Testing N_win=1055 N_cf=10
Windowing:
  config: # windows=1055, spacing=0.13669402608015324, CF order=10
  error tolerance: rtol=0.001, atol=1e-05
Testing N_win=1055 N_cf=9
Windowing:
  config: # windows=1055, spacing=0.13669402608015324, CF order=9
  error tolerance: rtol=0.001, atol=1e-05
Testing N_win=1055 N_cf=8
Windowing:
  config: # windows=1055, spacing=0.13669402608015324, CF order=8
  error tolerance: rtol=0.001, atol=1e-05
Testing N_win=1055 N_cf=7
Windowing:
  config: # windows=1055, spacing=0.13669402608015324, CF order=7
  error tolerance: rtol=0.001, atol=1e-05
Testing N_win=1055 N_cf=6
Windowing:
  config: # windows=1055, spacing=0.13669402608015324, CF order=6
  error tolerance: rtol=0.001, atol=1e-05
Testing N_win=1055 N_cf=5
Windowing:
  config: # windows=1055, spacing=0.13669402608015324, CF order=5
  error tolerance: rtol=0.001, atol=1e-05
Testing N_win=1055 N_cf=4
Windowing:
  config: # windows=1055, spacing=0.13669402608015324, CF order=4
  error tolerance: rtol=0.001, atol=1e-05
Testing N_win=1055 N_cf=3
Windowing:
  config: # windows=1055, spacing=0.13669402608015324, CF order=3
  error tolerance: rtol=0.001, atol=1e-05
Testing N_win=1055 N_cf=2
Windowing:
  config: # windows=1055, spacing=0.13669402608015324, CF order=2
  error tolerance: rtol=0.001, atol=1e-05
Testing N_win=1160 N_cf=10
Windowing:
  config: # windows=1160, spacing=0.12432085992634627, CF order=10
  error tolerance: rtol=0.001, atol=1e-05
Testing N_win=1160 N_cf=9
Windowing:
  config: # windows=1160, spacing=0.12432085992634627, CF order=9
  error tolerance: rtol=0.001, atol=1e-05
Testing N_win=1160 N_cf=8
Windowing:
  config: # windows=1160, spacing=0.12432085992634627, CF order=8
  error tolerance: rtol=0.001, atol=1e-05
Testing N_win=1160 N_cf=7
Windowing:
  config: # windows=1160, spacing=0.12432085992634627, CF order=7
  error tolerance: rtol=0.001, atol=1e-05
Testing N_win=1160 N_cf=6
Windowing:
  config: # windows=1160, spacing=0.12432085992634627, CF order=6
  error tolerance: rtol=0.001, atol=1e-05
Testing N_win=1160 N_cf=5
Windowing:
  config: # windows=1160, spacing=0.12432085992634627, CF order=5
  error tolerance: rtol=0.001, atol=1e-05
Testing N_win=1160 N_cf=4
Windowing:
  config: # windows=1160, spacing=0.12432085992634627, CF order=4
  error tolerance: rtol=0.001, atol=1e-05
Testing N_win=1160 N_cf=3
Windowing:
  config: # windows=1160, spacing=0.12432085992634627, CF order=3
  error tolerance: rtol=0.001, atol=1e-05
Testing N_win=1160 N_cf=2
Windowing:
  config: # windows=1160, spacing=0.12432085992634627, CF order=2
  error tolerance: rtol=0.001, atol=1e-05
Testing N_win=1265 N_cf=10
Windowing:
  config: # windows=1265, spacing=0.1140017371656614, CF order=10
  error tolerance: rtol=0.001, atol=1e-05
Testing N_win=1265 N_cf=9
Windowing:
  config: # windows=1265, spacing=0.1140017371656614, CF order=9
  error tolerance: rtol=0.001, atol=1e-05
Testing N_win=1265 N_cf=8
Windowing:
  config: # windows=1265, spacing=0.1140017371656614, CF order=8
  error tolerance: rtol=0.001, atol=1e-05
Testing N_win=1265 N_cf=7
Windowing:
  config: # windows=1265, spacing=0.1140017371656614, CF order=7
  error tolerance: rtol=0.001, atol=1e-05
Testing N_win=1265 N_cf=6
Windowing:
  config: # windows=1265, spacing=0.1140017371656614, CF order=6
  error tolerance: rtol=0.001, atol=1e-05
Testing N_win=1265 N_cf=5
Windowing:
  config: # windows=1265, spacing=0.1140017371656614, CF order=5
  error tolerance: rtol=0.001, atol=1e-05
Testing N_win=1265 N_cf=4
Windowing:
  config: # windows=1265, spacing=0.1140017371656614, CF order=4
  error tolerance: rtol=0.001, atol=1e-05
Testing N_win=1265 N_cf=3
Windowing:
  config: # windows=1265, spacing=0.1140017371656614, CF order=3
  error tolerance: rtol=0.001, atol=1e-05
Testing N_win=1265 N_cf=2
Windowing:
  config: # windows=1265, spacing=0.1140017371656614, CF order=2
  error tolerance: rtol=0.001, atol=1e-05
Testing N_win=1370 N_cf=10
Windowing:
  config: # windows=1370, spacing=0.10526437774785523, CF order=10
  error tolerance: rtol=0.001, atol=1e-05
Testing N_win=1370 N_cf=9
Windowing:
  config: # windows=1370, spacing=0.10526437774785523, CF order=9
  error tolerance: rtol=0.001, atol=1e-05
Testing N_win=1370 N_cf=8
Windowing:
  config: # windows=1370, spacing=0.10526437774785523, CF order=8
  error tolerance: rtol=0.001, atol=1e-05
Testing N_win=1370 N_cf=7
Windowing:
  config: # windows=1370, spacing=0.10526437774785523, CF order=7
  error tolerance: rtol=0.001, atol=1e-05
Testing N_win=1370 N_cf=6
Windowing:
  config: # windows=1370, spacing=0.10526437774785523, CF order=6
  error tolerance: rtol=0.001, atol=1e-05
Testing N_win=1370 N_cf=5
Windowing:
  config: # windows=1370, spacing=0.10526437774785523, CF order=5
  error tolerance: rtol=0.001, atol=1e-05
Testing N_win=1370 N_cf=4
Windowing:
  config: # windows=1370, spacing=0.10526437774785523, CF order=4
  error tolerance: rtol=0.001, atol=1e-05
Testing N_win=1370 N_cf=3
Windowing:
  config: # windows=1370, spacing=0.10526437774785523, CF order=3
  error tolerance: rtol=0.001, atol=1e-05
Testing N_win=1370 N_cf=2
Windowing:
  config: # windows=1370, spacing=0.10526437774785523, CF order=2
  error tolerance: rtol=0.001, atol=1e-05
Testing N_win=1475 N_cf=10
Windowing:
  config: # windows=1475, spacing=0.09777098136580452, CF order=10
  error tolerance: rtol=0.001, atol=1e-05
Testing N_win=1475 N_cf=9
Windowing:
  config: # windows=1475, spacing=0.09777098136580452, CF order=9
  error tolerance: rtol=0.001, atol=1e-05
Testing N_win=1475 N_cf=8
Windowing:
  config: # windows=1475, spacing=0.09777098136580452, CF order=8
  error tolerance: rtol=0.001, atol=1e-05
Testing N_win=1475 N_cf=7
Windowing:
  config: # windows=1475, spacing=0.09777098136580452, CF order=7
  error tolerance: rtol=0.001, atol=1e-05
Testing N_win=1475 N_cf=6
Windowing:
  config: # windows=1475, spacing=0.09777098136580452, CF order=6
  error tolerance: rtol=0.001, atol=1e-05
Testing N_win=1475 N_cf=5
Windowing:
  config: # windows=1475, spacing=0.09777098136580452, CF order=5
  error tolerance: rtol=0.001, atol=1e-05
Testing N_win=1475 N_cf=4
Windowing:
  config: # windows=1475, spacing=0.09777098136580452, CF order=4
  error tolerance: rtol=0.001, atol=1e-05
Testing N_win=1475 N_cf=3
Windowing:
  config: # windows=1475, spacing=0.09777098136580452, CF order=3
  error tolerance: rtol=0.001, atol=1e-05
Testing N_win=1475 N_cf=2
Windowing:
  config: # windows=1475, spacing=0.09777098136580452, CF order=2
  error tolerance: rtol=0.001, atol=1e-05
Testing N_win=1580 N_cf=10
Windowing:
  config: # windows=1580, spacing=0.09127354273073524, CF order=10
  error tolerance: rtol=0.001, atol=1e-05
Testing N_win=1580 N_cf=9
Windowing:
  config: # windows=1580, spacing=0.09127354273073524, CF order=9
  error tolerance: rtol=0.001, atol=1e-05
Testing N_win=1580 N_cf=8
Windowing:
  config: # windows=1580, spacing=0.09127354273073524, CF order=8
  error tolerance: rtol=0.001, atol=1e-05
Testing N_win=1580 N_cf=7
Windowing:
  config: # windows=1580, spacing=0.09127354273073524, CF order=7
  error tolerance: rtol=0.001, atol=1e-05
Testing N_win=1580 N_cf=6
Windowing:
  config: # windows=1580, spacing=0.09127354273073524, CF order=6
  error tolerance: rtol=0.001, atol=1e-05
Testing N_win=1580 N_cf=5
Windowing:
  config: # windows=1580, spacing=0.09127354273073524, CF order=5
  error tolerance: rtol=0.001, atol=1e-05
Testing N_win=1580 N_cf=4
Windowing:
  config: # windows=1580, spacing=0.09127354273073524, CF order=4
  error tolerance: rtol=0.001, atol=1e-05
Testing N_win=1580 N_cf=3
Windowing:
  config: # windows=1580, spacing=0.09127354273073524, CF order=3
  error tolerance: rtol=0.001, atol=1e-05
Testing N_win=1580 N_cf=2
Windowing:
  config: # windows=1580, spacing=0.09127354273073524, CF order=2
  error tolerance: rtol=0.001, atol=1e-05
Testing N_win=1685 N_cf=10
Windowing:
  config: # windows=1685, spacing=0.08558587389588229, CF order=10
  error tolerance: rtol=0.001, atol=1e-05
Testing N_win=1685 N_cf=9
Windowing:
  config: # windows=1685, spacing=0.08558587389588229, CF order=9
  error tolerance: rtol=0.001, atol=1e-05
Testing N_win=1685 N_cf=8
Windowing:
  config: # windows=1685, spacing=0.08558587389588229, CF order=8
  error tolerance: rtol=0.001, atol=1e-05
Testing N_win=1685 N_cf=7
Windowing:
  config: # windows=1685, spacing=0.08558587389588229, CF order=7
  error tolerance: rtol=0.001, atol=1e-05
Testing N_win=1685 N_cf=6
Windowing:
  config: # windows=1685, spacing=0.08558587389588229, CF order=6
  error tolerance: rtol=0.001, atol=1e-05
Testing N_win=1685 N_cf=5
Windowing:
  config: # windows=1685, spacing=0.08558587389588229, CF order=5
  error tolerance: rtol=0.001, atol=1e-05
Testing N_win=1685 N_cf=4
Windowing:
  config: # windows=1685, spacing=0.08558587389588229, CF order=4
  error tolerance: rtol=0.001, atol=1e-05
Testing N_win=1685 N_cf=3
Windowing:
  config: # windows=1685, spacing=0.08558587389588229, CF order=3
  error tolerance: rtol=0.001, atol=1e-05
Testing N_win=1685 N_cf=2
Windowing:
  config: # windows=1685, spacing=0.08558587389588229, CF order=2
  error tolerance: rtol=0.001, atol=1e-05
Testing N_win=1790 N_cf=10
Windowing:
  config: # windows=1790, spacing=0.08056547347182216, CF order=10
  error tolerance: rtol=0.001, atol=1e-05
Testing N_win=1790 N_cf=9
Windowing:
  config: # windows=1790, spacing=0.08056547347182216, CF order=9
  error tolerance: rtol=0.001, atol=1e-05
Testing N_win=1790 N_cf=8
Windowing:
  config: # windows=1790, spacing=0.08056547347182216, CF order=8
  error tolerance: rtol=0.001, atol=1e-05
Testing N_win=1790 N_cf=7
Windowing:
  config: # windows=1790, spacing=0.08056547347182216, CF order=7
  error tolerance: rtol=0.001, atol=1e-05
Testing N_win=1790 N_cf=6
Windowing:
  config: # windows=1790, spacing=0.08056547347182216, CF order=6
  error tolerance: rtol=0.001, atol=1e-05
Testing N_win=1790 N_cf=5
Windowing:
  config: # windows=1790, spacing=0.08056547347182216, CF order=5
  error tolerance: rtol=0.001, atol=1e-05
Testing N_win=1790 N_cf=4
Windowing:
  config: # windows=1790, spacing=0.08056547347182216, CF order=4
  error tolerance: rtol=0.001, atol=1e-05
Testing N_win=1790 N_cf=3
Windowing:
  config: # windows=1790, spacing=0.08056547347182216, CF order=3
  error tolerance: rtol=0.001, atol=1e-05
Testing N_win=1790 N_cf=2
Windowing:
  config: # windows=1790, spacing=0.08056547347182216, CF order=2
  error tolerance: rtol=0.001, atol=1e-05
Testing N_win=1895 N_cf=10
Windowing:
  config: # windows=1895, spacing=0.07610142349053386, CF order=10
  error tolerance: rtol=0.001, atol=1e-05
Testing N_win=1895 N_cf=9
Windowing:
  config: # windows=1895, spacing=0.07610142349053386, CF order=9
  error tolerance: rtol=0.001, atol=1e-05
Testing N_win=1895 N_cf=8
Windowing:
  config: # windows=1895, spacing=0.07610142349053386, CF order=8
  error tolerance: rtol=0.001, atol=1e-05
Testing N_win=1895 N_cf=7
Windowing:
  config: # windows=1895, spacing=0.07610142349053386, CF order=7
  error tolerance: rtol=0.001, atol=1e-05
Testing N_win=1895 N_cf=6
Windowing:
  config: # windows=1895, spacing=0.07610142349053386, CF order=6
  error tolerance: rtol=0.001, atol=1e-05
Testing N_win=1895 N_cf=5
Windowing:
  config: # windows=1895, spacing=0.07610142349053386, CF order=5
  error tolerance: rtol=0.001, atol=1e-05
Testing N_win=1895 N_cf=4
Windowing:
  config: # windows=1895, spacing=0.07610142349053386, CF order=4
  error tolerance: rtol=0.001, atol=1e-05
Testing N_win=1895 N_cf=3
Windowing:
  config: # windows=1895, spacing=0.07610142349053386, CF order=3
  error tolerance: rtol=0.001, atol=1e-05
Testing N_win=1895 N_cf=2
Windowing:
  config: # windows=1895, spacing=0.07610142349053386, CF order=2
  error tolerance: rtol=0.001, atol=1e-05
Testing N_win=2000 N_cf=10
Windowing:
  config: # windows=2000, spacing=0.07210609875728083, CF order=10
  error tolerance: rtol=0.001, atol=1e-05
Testing N_win=2000 N_cf=9
Windowing:
  config: # windows=2000, spacing=0.07210609875728083, CF order=9
  error tolerance: rtol=0.001, atol=1e-05
Testing N_win=2000 N_cf=8
Windowing:
  config: # windows=2000, spacing=0.07210609875728083, CF order=8
  error tolerance: rtol=0.001, atol=1e-05
Testing N_win=2000 N_cf=7
Windowing:
  config: # windows=2000, spacing=0.07210609875728083, CF order=7
  error tolerance: rtol=0.001, atol=1e-05
Testing N_win=2000 N_cf=6
Windowing:
  config: # windows=2000, spacing=0.07210609875728083, CF order=6
  error tolerance: rtol=0.001, atol=1e-05
Testing N_win=2000 N_cf=5
Windowing:
  config: # windows=2000, spacing=0.07210609875728083, CF order=5
  error tolerance: rtol=0.001, atol=1e-05
Testing N_win=2000 N_cf=4
Windowing:
  config: # windows=2000, spacing=0.07210609875728083, CF order=4
  error tolerance: rtol=0.001, atol=1e-05
Testing N_win=2000 N_cf=3
Windowing:
  config: # windows=2000, spacing=0.07210609875728083, CF order=3
  error tolerance: rtol=0.001, atol=1e-05
Testing N_win=2000 N_cf=2
Windowing:
  config: # windows=2000, spacing=0.07210609875728083, CF order=2
  error tolerance: rtol=0.001, atol=1e-05
Final library: 85 poles, 531 windows, 1.3 poles per window, 3 CF order
