Running NJOY to get 0K point-wise data (error=0.0005)...
Parsing cross sections within resolved resonance range...
  MTs: [2, 27, 102, 103, 107]
  Energy range: 1.000e-05 to 2.000e+03 eV (160002 points)
Vector fitting piece 1/80...
  energy: 1.000e-05 to 5.312e-01 eV (479 points)
  error tolerance: rtol=0.001, atol=1e-05
Found 0 peaks
Fitting orders from 2 to 200
Order=2(0/100)
Order=4(1/100)
Order=6(2/100)
Order=8(3/100)
Order=10(4/100)
Order=12(5/100)
Order=14(6/100)
Order=16(7/100)
Order=18(8/100)
Order=20(9/100)
Order=22(10/100)
Order=24(11/100)
Order=26(12/100)
Order=28(13/100)
Order=30(14/100)
Order=32(15/100)
Order=34(16/100)
Order=36(17/100)
Order=38(18/100)
Order=40(19/100)
Order=42(20/100)
Order=44(21/100)
Order=46(22/100)
Order=48(23/100)
Order=50(24/100)
Order=52(25/100)
Order=54(26/100)
Order=56(27/100)
Order=58(28/100)
Order=60(29/100)
Found 2 real poles and 1 conjugate complex pairs.
Final number of poles: 3
Saved figure: WMP_Lib/Re185/0-1_MT2.png
Saved figure: WMP_Lib/Re185/0-1_MT27.png
Saved figure: WMP_Lib/Re185/0-1_MT102.png
Vector fitting piece 2/80...
  energy: 1.750e-02 to 1.625e+00 eV (203 points)
  error tolerance: rtol=0.001, atol=1e-05
Found 0 peaks
Fitting orders from 2 to 200
Order=2(0/100)
Order=4(1/100)
Order=6(2/100)
Found ideal results. Stop!
Found 4 real poles and 1 conjugate complex pairs.
Final number of poles: 5
Saved figure: WMP_Lib/Re185/0-2_MT2.png
Saved figure: WMP_Lib/Re185/0-2_MT27.png
Saved figure: WMP_Lib/Re185/0-2_MT102.png
Vector fitting piece 3/80...
  energy: 4.719e-01 to 3.373e+00 eV (479 points)
  error tolerance: rtol=0.001, atol=1e-05
Found 1 peaks
Fitting orders from 2 to 200
Order=2(0/100)
Order=4(1/100)
Order=6(2/100)
Found ideal results. Stop!
Found 2 real poles and 2 conjugate complex pairs.
Final number of poles: 4
Saved figure: WMP_Lib/Re185/0-3_MT2.png
Saved figure: WMP_Lib/Re185/0-3_MT27.png
Saved figure: WMP_Lib/Re185/0-3_MT102.png
Vector fitting piece 4/80...
  energy: 1.562e+00 to 5.712e+00 eV (528 points)
  error tolerance: rtol=0.001, atol=1e-05
Found 1 peaks
Fitting orders from 2 to 200
Order=2(0/100)
Order=4(1/100)
Order=6(2/100)
Order=8(3/100)
Order=10(4/100)
Order=12(5/100)
Order=14(6/100)
Order=16(7/100)
Order=18(8/100)
Order=20(9/100)
Order=22(10/100)
Order=24(11/100)
Order=26(12/100)
Order=28(13/100)
Order=30(14/100)
Order=32(15/100)
Order=34(16/100)
Order=36(17/100)
Order=38(18/100)
Order=40(19/100)
Order=42(20/100)
Order=44(21/100)
Order=46(22/100)
Order=48(23/100)
Order=50(24/100)
Order=52(25/100)
Order=54(26/100)
Order=56(27/100)
Order=58(28/100)
Order=60(29/100)
Found 0 real poles and 3 conjugate complex pairs.
Final number of poles: 3
Saved figure: WMP_Lib/Re185/2-6_MT2.png
Saved figure: WMP_Lib/Re185/2-6_MT27.png
Saved figure: WMP_Lib/Re185/2-6_MT102.png
Vector fitting piece 5/80...
  energy: 3.263e+00 to 8.753e+00 eV (781 points)
  error tolerance: rtol=0.001, atol=1e-05
Found 2 peaks
Fitting orders from 4 to 200
Order=4(0/99)
Order=6(1/99)
Order=8(2/99)
Order=10(3/99)
Found ideal results. Stop!
Found 4 real poles and 3 conjugate complex pairs.
Final number of poles: 7
Saved figure: WMP_Lib/Re185/3-9_MT2.png
Saved figure: WMP_Lib/Re185/3-9_MT27.png
Saved figure: WMP_Lib/Re185/3-9_MT102.png
Vector fitting piece 6/80...
  energy: 5.609e+00 to 1.231e+01 eV (1082 points)
  error tolerance: rtol=0.001, atol=1e-05
Found 3 peaks
Fitting orders from 6 to 200
Order=6(0/98)
Order=8(1/98)
Order=10(2/98)
Order=12(3/98)
Found ideal results. Stop!
Found 4 real poles and 4 conjugate complex pairs.
Final number of poles: 8
Saved figure: WMP_Lib/Re185/6-12_MT2.png
Saved figure: WMP_Lib/Re185/6-12_MT27.png
Saved figure: WMP_Lib/Re185/6-12_MT102.png
Vector fitting piece 7/80...
  energy: 8.538e+00 to 1.667e+01 eV (1137 points)
  error tolerance: rtol=0.001, atol=1e-05
Found 3 peaks
Fitting orders from 6 to 200
Order=6(0/98)
Order=8(1/98)
Order=10(2/98)
Order=12(3/98)
Order=14(4/98)
Order=16(5/98)
Order=18(6/98)
Order=20(7/98)
Order=22(8/98)
Order=24(9/98)
Order=26(10/98)
Order=28(11/98)
Order=30(12/98)
Order=32(13/98)
Order=34(14/98)
Order=36(15/98)
Order=38(16/98)
Order=40(17/98)
Order=42(18/98)
Order=44(19/98)
Order=46(20/98)
Order=48(21/98)
Order=50(22/98)
Order=52(23/98)
Order=54(24/98)
Order=56(25/98)
Order=58(26/98)
Order=60(27/98)
Found 2 real poles and 4 conjugate complex pairs.
Final number of poles: 6
Saved figure: WMP_Lib/Re185/9-17_MT2.png
Saved figure: WMP_Lib/Re185/9-17_MT27.png
Saved figure: WMP_Lib/Re185/9-17_MT102.png
Vector fitting piece 8/80...
  energy: 1.215e+01 to 2.139e+01 eV (1114 points)
  error tolerance: rtol=0.001, atol=1e-05
Found 3 peaks
Fitting orders from 6 to 200
Order=6(0/98)
Order=8(1/98)
Order=10(2/98)
Order=12(3/98)
Found ideal results. Stop!
Found 2 real poles and 5 conjugate complex pairs.
Final number of poles: 7
Saved figure: WMP_Lib/Re185/12-21_MT2.png
Saved figure: WMP_Lib/Re185/12-21_MT27.png
Saved figure: WMP_Lib/Re185/12-21_MT102.png
Vector fitting piece 9/80...
  energy: 1.633e+01 to 2.688e+01 eV (1080 points)
  error tolerance: rtol=0.001, atol=1e-05
Found 3 peaks
Fitting orders from 6 to 200
Order=6(0/98)
Order=8(1/98)
Order=10(2/98)
Order=12(3/98)
Found ideal results. Stop!
Found 2 real poles and 5 conjugate complex pairs.
Final number of poles: 7
Saved figure: WMP_Lib/Re185/16-27_MT2.png
Saved figure: WMP_Lib/Re185/16-27_MT27.png
Saved figure: WMP_Lib/Re185/16-27_MT102.png
Vector fitting piece 10/80...
  energy: 2.120e+01 to 3.299e+01 eV (1924 points)
  error tolerance: rtol=0.001, atol=1e-05
Found 6 peaks
Fitting orders from 12 to 200
Order=12(0/95)
Order=14(1/95)
Order=16(2/95)
Found ideal results. Stop!
Found 2 real poles and 7 conjugate complex pairs.
Final number of poles: 9
Saved figure: WMP_Lib/Re185/21-33_MT2.png
Saved figure: WMP_Lib/Re185/21-33_MT27.png
Saved figure: WMP_Lib/Re185/21-33_MT102.png
Vector fitting piece 11/80...
  energy: 2.666e+01 to 3.977e+01 eV (1636 points)
  error tolerance: rtol=0.001, atol=1e-05
Found 4 peaks
Fitting orders from 8 to 200
Order=8(0/97)
Order=10(1/97)
Order=12(2/97)
Order=14(3/97)
Found ideal results. Stop!
Found 4 real poles and 5 conjugate complex pairs.
Final number of poles: 9
Saved figure: WMP_Lib/Re185/27-40_MT2.png
Saved figure: WMP_Lib/Re185/27-40_MT27.png
Saved figure: WMP_Lib/Re185/27-40_MT102.png
Vector fitting piece 12/80...
  energy: 3.274e+01 to 4.710e+01 eV (1418 points)
  error tolerance: rtol=0.001, atol=1e-05
Found 3 peaks
Fitting orders from 6 to 200
Order=6(0/98)
Order=8(1/98)
Order=10(2/98)
Order=12(3/98)
Found ideal results. Stop!
Found 2 real poles and 5 conjugate complex pairs.
Final number of poles: 7
Saved figure: WMP_Lib/Re185/33-47_MT2.png
Saved figure: WMP_Lib/Re185/33-47_MT27.png
Saved figure: WMP_Lib/Re185/33-47_MT102.png
Vector fitting piece 13/80...
  energy: 3.942e+01 to 5.506e+01 eV (2168 points)
  error tolerance: rtol=0.001, atol=1e-05
Found 5 peaks
Fitting orders from 10 to 200
Order=10(0/96)
Order=12(1/96)
Order=14(2/96)
Order=16(3/96)
Order=18(4/96)
Order=20(5/96)
Order=22(6/96)
Order=24(7/96)
Order=26(8/96)
Order=28(9/96)
Order=30(10/96)
Order=32(11/96)
Order=34(12/96)
Order=36(13/96)
Order=38(14/96)
Order=40(15/96)
Order=42(16/96)
Order=44(17/96)
Order=46(18/96)
Order=48(19/96)
Order=50(20/96)
Order=52(21/96)
Order=54(22/96)
Order=56(23/96)
Order=58(24/96)
Order=60(25/96)
Found 2 real poles and 7 conjugate complex pairs.
Final number of poles: 9
Saved figure: WMP_Lib/Re185/39-55_MT2.png
Saved figure: WMP_Lib/Re185/39-55_MT27.png
Saved figure: WMP_Lib/Re185/39-55_MT102.png
Vector fitting piece 14/80...
  energy: 4.678e+01 to 6.369e+01 eV (2687 points)
  error tolerance: rtol=0.001, atol=1e-05
Found 7 peaks
Fitting orders from 14 to 200
Order=14(0/94)
Order=16(1/94)
Order=18(2/94)
Found ideal results. Stop!
Found 4 real poles and 7 conjugate complex pairs.
Final number of poles: 11
Saved figure: WMP_Lib/Re185/47-64_MT2.png
Saved figure: WMP_Lib/Re185/47-64_MT27.png
Saved figure: WMP_Lib/Re185/47-64_MT102.png
Vector fitting piece 15/80...
  energy: 5.474e+01 to 7.293e+01 eV (2437 points)
  error tolerance: rtol=0.001, atol=1e-05
Found 6 peaks
Fitting orders from 12 to 200
Order=12(0/95)
Order=14(1/95)
Order=16(2/95)
Order=18(3/95)
Found ideal results. Stop!
Found 2 real poles and 8 conjugate complex pairs.
Final number of poles: 10
Saved figure: WMP_Lib/Re185/55-73_MT2.png
Saved figure: WMP_Lib/Re185/55-73_MT27.png
Saved figure: WMP_Lib/Re185/55-73_MT102.png
Vector fitting piece 16/80...
  energy: 6.333e+01 to 8.282e+01 eV (2124 points)
  error tolerance: rtol=0.001, atol=1e-05
Found 5 peaks
Fitting orders from 10 to 200
Order=10(0/96)
Order=12(1/96)
Order=14(2/96)
Order=16(3/96)
Found ideal results. Stop!
Found 4 real poles and 6 conjugate complex pairs.
Final number of poles: 10
Saved figure: WMP_Lib/Re185/63-83_MT2.png
Saved figure: WMP_Lib/Re185/63-83_MT27.png
Saved figure: WMP_Lib/Re185/63-83_MT102.png
Vector fitting piece 17/80...
  energy: 7.253e+01 to 9.324e+01 eV (2513 points)
  error tolerance: rtol=0.001, atol=1e-05
Found 7 peaks
Fitting orders from 14 to 200
Order=14(0/94)
Order=16(1/94)
Order=18(2/94)
Order=20(3/94)
Found ideal results. Stop!
Found 4 real poles and 8 conjugate complex pairs.
Final number of poles: 12
Saved figure: WMP_Lib/Re185/73-93_MT2.png
Saved figure: WMP_Lib/Re185/73-93_MT27.png
Saved figure: WMP_Lib/Re185/73-93_MT102.png
Vector fitting piece 18/80...
  energy: 8.236e+01 to 1.044e+02 eV (2784 points)
  error tolerance: rtol=0.001, atol=1e-05
Found 7 peaks
Fitting orders from 14 to 200
Order=14(0/94)
Order=16(1/94)
Order=18(2/94)
Order=20(3/94)
Found ideal results. Stop!
Found 6 real poles and 7 conjugate complex pairs.
Final number of poles: 13
Saved figure: WMP_Lib/Re185/82-104_MT2.png
Saved figure: WMP_Lib/Re185/82-104_MT27.png
Saved figure: WMP_Lib/Re185/82-104_MT102.png
Vector fitting piece 19/80...
  energy: 9.283e+01 to 1.162e+02 eV (3164 points)
  error tolerance: rtol=0.001, atol=1e-05
Found 8 peaks
Fitting orders from 16 to 200
Order=16(0/93)
Order=18(1/93)
Order=20(2/93)
Found ideal results. Stop!
Found 4 real poles and 8 conjugate complex pairs.
Final number of poles: 12
Saved figure: WMP_Lib/Re185/93-116_MT2.png
Saved figure: WMP_Lib/Re185/93-116_MT27.png
Saved figure: WMP_Lib/Re185/93-116_MT102.png
Vector fitting piece 20/80...
  energy: 1.039e+02 to 1.284e+02 eV (2950 points)
  error tolerance: rtol=0.001, atol=1e-05
Found 8 peaks
Fitting orders from 16 to 200
Order=16(0/93)
Order=18(1/93)
Order=20(2/93)
Order=22(3/93)
Order=24(4/93)
Order=26(5/93)
Order=28(6/93)
Order=30(7/93)
Order=32(8/93)
Order=34(9/93)
Order=36(10/93)
Order=38(11/93)
Order=40(12/93)
Order=42(13/93)
Order=44(14/93)
Order=46(15/93)
Order=48(16/93)
Order=50(17/93)
Order=52(18/93)
Order=54(19/93)
Order=56(20/93)
Order=58(21/93)
Order=60(22/93)
Found 4 real poles and 9 conjugate complex pairs.
Final number of poles: 13
Saved figure: WMP_Lib/Re185/104-128_MT2.png
Saved figure: WMP_Lib/Re185/104-128_MT27.png
Saved figure: WMP_Lib/Re185/104-128_MT102.png
Vector fitting piece 21/80...
  energy: 1.156e+02 to 1.414e+02 eV (3423 points)
  error tolerance: rtol=0.001, atol=1e-05
Found 10 peaks
Fitting orders from 20 to 200
Order=20(0/91)
Order=22(1/91)
Order=24(2/91)
Order=26(3/91)
Order=28(4/91)
Order=30(5/91)
Order=32(6/91)
Order=34(7/91)
Order=36(8/91)
Order=38(9/91)
Order=40(10/91)
Order=42(11/91)
Order=44(12/91)
Order=46(13/91)
Order=48(14/91)
Order=50(15/91)
Order=52(16/91)
Order=54(17/91)
Order=56(18/91)
Order=58(19/91)
Order=60(20/91)
Found 4 real poles and 11 conjugate complex pairs.
Final number of poles: 15
Saved figure: WMP_Lib/Re185/116-141_MT2.png
Saved figure: WMP_Lib/Re185/116-141_MT27.png
Saved figure: WMP_Lib/Re185/116-141_MT102.png
Vector fitting piece 22/80...
  energy: 1.280e+02 to 1.550e+02 eV (4048 points)
  error tolerance: rtol=0.001, atol=1e-05
Found 11 peaks
Fitting orders from 22 to 200
Order=22(0/90)
Order=24(1/90)
Order=26(2/90)
Found ideal results. Stop!
Found 4 real poles and 11 conjugate complex pairs.
Final number of poles: 15
Saved figure: WMP_Lib/Re185/128-155_MT2.png
Saved figure: WMP_Lib/Re185/128-155_MT27.png
Saved figure: WMP_Lib/Re185/128-155_MT102.png
Vector fitting piece 23/80...
  energy: 1.409e+02 to 1.693e+02 eV (3427 points)
  error tolerance: rtol=0.001, atol=1e-05
Found 8 peaks
Fitting orders from 16 to 200
Order=16(0/93)
Order=18(1/93)
Order=20(2/93)
Order=22(3/93)
Found ideal results. Stop!
Found 4 real poles and 9 conjugate complex pairs.
Final number of poles: 13
Saved figure: WMP_Lib/Re185/141-169_MT2.png
Saved figure: WMP_Lib/Re185/141-169_MT27.png
Saved figure: WMP_Lib/Re185/141-169_MT102.png
Vector fitting piece 24/80...
  energy: 1.545e+02 to 1.842e+02 eV (3219 points)
  error tolerance: rtol=0.001, atol=1e-05
Found 9 peaks
Fitting orders from 18 to 200
Order=18(0/92)
Order=20(1/92)
Order=22(2/92)
Order=24(3/92)
Found ideal results. Stop!
Found 4 real poles and 10 conjugate complex pairs.
Final number of poles: 14
Saved figure: WMP_Lib/Re185/155-184_MT2.png
Saved figure: WMP_Lib/Re185/155-184_MT27.png
Saved figure: WMP_Lib/Re185/155-184_MT102.png
Vector fitting piece 25/80...
  energy: 1.687e+02 to 1.996e+02 eV (3985 points)
  error tolerance: rtol=0.001, atol=1e-05
Found 11 peaks
Fitting orders from 22 to 200
Order=22(0/90)
Order=24(1/90)
Order=26(2/90)
Order=28(3/90)
Found ideal results. Stop!
Found 4 real poles and 12 conjugate complex pairs.
Final number of poles: 16
Saved figure: WMP_Lib/Re185/169-200_MT2.png
Saved figure: WMP_Lib/Re185/169-200_MT27.png
Saved figure: WMP_Lib/Re185/169-200_MT102.png
Vector fitting piece 26/80...
  energy: 1.835e+02 to 2.158e+02 eV (4682 points)
  error tolerance: rtol=0.001, atol=1e-05
Found 12 peaks
Fitting orders from 24 to 200
Order=24(0/89)
Order=26(1/89)
Order=28(2/89)
Order=30(3/89)
Order=32(4/89)
Order=34(5/89)
Order=36(6/89)
Order=38(7/89)
Order=40(8/89)
Order=42(9/89)
Order=44(10/89)
Order=46(11/89)
Order=48(12/89)
Order=50(13/89)
Order=52(14/89)
Order=54(15/89)
Order=56(16/89)
Order=58(17/89)
Order=60(18/89)
Found 4 real poles and 12 conjugate complex pairs.
Final number of poles: 16
Saved figure: WMP_Lib/Re185/184-216_MT2.png
Saved figure: WMP_Lib/Re185/184-216_MT27.png
Saved figure: WMP_Lib/Re185/184-216_MT102.png
Vector fitting piece 27/80...
  energy: 1.990e+02 to 2.325e+02 eV (4245 points)
  error tolerance: rtol=0.001, atol=1e-05
Found 11 peaks
Fitting orders from 22 to 200
Order=22(0/90)
Order=24(1/90)
Order=26(2/90)
Order=28(3/90)
Order=30(4/90)
Order=32(5/90)
Order=34(6/90)
Order=36(7/90)
Order=38(8/90)
Order=40(9/90)
Order=42(10/90)
Order=44(11/90)
Order=46(12/90)
Order=48(13/90)
Order=50(14/90)
Order=52(15/90)
Order=54(16/90)
Order=56(17/90)
Order=58(18/90)
Order=60(19/90)
Found 4 real poles and 12 conjugate complex pairs.
Final number of poles: 16
Saved figure: WMP_Lib/Re185/199-232_MT2.png
Saved figure: WMP_Lib/Re185/199-232_MT27.png
Saved figure: WMP_Lib/Re185/199-232_MT102.png
Vector fitting piece 28/80...
  energy: 2.151e+02 to 2.498e+02 eV (3810 points)
  error tolerance: rtol=0.001, atol=1e-05
Found 10 peaks
Fitting orders from 20 to 200
Order=20(0/91)
Order=22(1/91)
Order=24(2/91)
Order=26(3/91)
Order=28(4/91)
Order=30(5/91)
Order=32(6/91)
Order=34(7/91)
Order=36(8/91)
Order=38(9/91)
Order=40(10/91)
Order=42(11/91)
Order=44(12/91)
Order=46(13/91)
Order=48(14/91)
Order=50(15/91)
Order=52(16/91)
Order=54(17/91)
Order=56(18/91)
Order=58(19/91)
Order=60(20/91)
Found 4 real poles and 11 conjugate complex pairs.
Final number of poles: 15
Saved figure: WMP_Lib/Re185/215-250_MT2.png
Saved figure: WMP_Lib/Re185/215-250_MT27.png
Saved figure: WMP_Lib/Re185/215-250_MT102.png
Vector fitting piece 29/80...
  energy: 2.318e+02 to 2.678e+02 eV (3809 points)
  error tolerance: rtol=0.001, atol=1e-05
Found 11 peaks
Fitting orders from 22 to 200
Order=22(0/90)
Order=24(1/90)
Order=26(2/90)
Order=28(3/90)
Order=30(4/90)
Order=32(5/90)
Order=34(6/90)
Order=36(7/90)
Order=38(8/90)
Order=40(9/90)
Order=42(10/90)
Order=44(11/90)
Order=46(12/90)
Order=48(13/90)
Order=50(14/90)
Order=52(15/90)
Order=54(16/90)
Order=56(17/90)
Order=58(18/90)
Order=60(19/90)
Found 8 real poles and 11 conjugate complex pairs.
Final number of poles: 19
Saved figure: WMP_Lib/Re185/232-268_MT2.png
Saved figure: WMP_Lib/Re185/232-268_MT27.png
Saved figure: WMP_Lib/Re185/232-268_MT102.png
Vector fitting piece 30/80...
  energy: 2.491e+02 to 2.864e+02 eV (3466 points)
  error tolerance: rtol=0.001, atol=1e-05
Found 9 peaks
Fitting orders from 18 to 200
Order=18(0/92)
Order=20(1/92)
Order=22(2/92)
Order=24(3/92)
Order=26(4/92)
Order=28(5/92)
Order=30(6/92)
Order=32(7/92)
Order=34(8/92)
Order=36(9/92)
Order=38(10/92)
Order=40(11/92)
Order=42(12/92)
Order=44(13/92)
Order=46(14/92)
Order=48(15/92)
Order=50(16/92)
Order=52(17/92)
Order=54(18/92)
Order=56(19/92)
Order=58(20/92)
Order=60(21/92)
Found 2 real poles and 12 conjugate complex pairs.
Final number of poles: 14
Saved figure: WMP_Lib/Re185/249-286_MT2.png
Saved figure: WMP_Lib/Re185/249-286_MT27.png
Saved figure: WMP_Lib/Re185/249-286_MT102.png
Vector fitting piece 31/80...
  energy: 2.671e+02 to 3.056e+02 eV (4145 points)
  error tolerance: rtol=0.001, atol=1e-05
Found 10 peaks
Fitting orders from 20 to 200
Order=20(0/91)
Order=22(1/91)
Order=24(2/91)
Order=26(3/91)
Order=28(4/91)
Order=30(5/91)
Order=32(6/91)
Order=34(7/91)
Order=36(8/91)
Order=38(9/91)
Order=40(10/91)
Order=42(11/91)
Order=44(12/91)
Order=46(13/91)
Order=48(14/91)
Order=50(15/91)
Order=52(16/91)
Order=54(17/91)
Order=56(18/91)
Order=58(19/91)
Order=60(20/91)
Found 4 real poles and 12 conjugate complex pairs.
Final number of poles: 16
Saved figure: WMP_Lib/Re185/267-306_MT2.png
Saved figure: WMP_Lib/Re185/267-306_MT27.png
Saved figure: WMP_Lib/Re185/267-306_MT102.png
Vector fitting piece 32/80...
  energy: 2.857e+02 to 3.255e+02 eV (4594 points)
  error tolerance: rtol=0.001, atol=1e-05
Found 12 peaks
Fitting orders from 24 to 200
Order=24(0/89)
Order=26(1/89)
Order=28(2/89)
Order=30(3/89)
Found ideal results. Stop!
Found 4 real poles and 13 conjugate complex pairs.
Final number of poles: 17
Saved figure: WMP_Lib/Re185/286-326_MT2.png
Saved figure: WMP_Lib/Re185/286-326_MT27.png
Saved figure: WMP_Lib/Re185/286-326_MT102.png
Vector fitting piece 33/80...
  energy: 3.049e+02 to 3.460e+02 eV (4250 points)
  error tolerance: rtol=0.001, atol=1e-05
Found 11 peaks
Fitting orders from 22 to 200
Order=22(0/90)
Order=24(1/90)
Order=26(2/90)
Order=28(3/90)
Found ideal results. Stop!
Found 4 real poles and 12 conjugate complex pairs.
Final number of poles: 16
Saved figure: WMP_Lib/Re185/305-346_MT2.png
Saved figure: WMP_Lib/Re185/305-346_MT27.png
Saved figure: WMP_Lib/Re185/305-346_MT102.png
Vector fitting piece 34/80...
  energy: 3.247e+02 to 3.671e+02 eV (4522 points)
  error tolerance: rtol=0.001, atol=1e-05
Found 12 peaks
Fitting orders from 24 to 200
Order=24(0/89)
Order=26(1/89)
Order=28(2/89)
Order=30(3/89)
Order=32(4/89)
Order=34(5/89)
Order=36(6/89)
Order=38(7/89)
Order=40(8/89)
Order=42(9/89)
Order=44(10/89)
Order=46(11/89)
Order=48(12/89)
Order=50(13/89)
Order=52(14/89)
Order=54(15/89)
Order=56(16/89)
Order=58(17/89)
Order=60(18/89)
Found 6 real poles and 12 conjugate complex pairs.
Final number of poles: 18
Saved figure: WMP_Lib/Re185/325-367_MT2.png
Saved figure: WMP_Lib/Re185/325-367_MT27.png
Saved figure: WMP_Lib/Re185/325-367_MT102.png
Vector fitting piece 35/80...
  energy: 3.452e+02 to 3.888e+02 eV (4577 points)
  error tolerance: rtol=0.001, atol=1e-05
Found 13 peaks
Fitting orders from 26 to 200
Order=26(0/88)
Order=28(1/88)
Order=30(2/88)
Order=32(3/88)
Order=34(4/88)
Order=36(5/88)
Order=38(6/88)
Order=40(7/88)
Order=42(8/88)
Order=44(9/88)
Order=46(10/88)
Order=48(11/88)
Order=50(12/88)
Order=52(13/88)
Order=54(14/88)
Order=56(15/88)
Order=58(16/88)
Order=60(17/88)
Found 4 real poles and 14 conjugate complex pairs.
Final number of poles: 18
Saved figure: WMP_Lib/Re185/345-389_MT2.png
Saved figure: WMP_Lib/Re185/345-389_MT27.png
Saved figure: WMP_Lib/Re185/345-389_MT102.png
Vector fitting piece 36/80...
  energy: 3.662e+02 to 4.112e+02 eV (4338 points)
  error tolerance: rtol=0.001, atol=1e-05
Found 12 peaks
Fitting orders from 24 to 200
Order=24(0/89)
Order=26(1/89)
Order=28(2/89)
Order=30(3/89)
Found ideal results. Stop!
Found 6 real poles and 12 conjugate complex pairs.
Final number of poles: 18
Saved figure: WMP_Lib/Re185/366-411_MT2.png
Saved figure: WMP_Lib/Re185/366-411_MT27.png
Saved figure: WMP_Lib/Re185/366-411_MT102.png
Vector fitting piece 37/80...
  energy: 3.880e+02 to 4.342e+02 eV (4714 points)
  error tolerance: rtol=0.001, atol=1e-05
Found 13 peaks
Fitting orders from 26 to 200
Order=26(0/88)
Order=28(1/88)
Order=30(2/88)
Order=32(3/88)
Order=34(4/88)
Order=36(5/88)
Order=38(6/88)
Order=40(7/88)
Order=42(8/88)
Order=44(9/88)
Order=46(10/88)
Order=48(11/88)
Order=50(12/88)
Order=52(13/88)
Order=54(14/88)
Order=56(15/88)
Order=58(16/88)
Order=60(17/88)
Found 4 real poles and 14 conjugate complex pairs.
Final number of poles: 18
Saved figure: WMP_Lib/Re185/388-434_MT2.png
Saved figure: WMP_Lib/Re185/388-434_MT27.png
Saved figure: WMP_Lib/Re185/388-434_MT102.png
Vector fitting piece 38/80...
  energy: 4.102e+02 to 4.578e+02 eV (5041 points)
  error tolerance: rtol=0.001, atol=1e-05
Found 14 peaks
Fitting orders from 28 to 200
Order=28(0/87)
Order=30(1/87)
Order=32(2/87)
Order=34(3/87)
Order=36(4/87)
Order=38(5/87)
Order=40(6/87)
Order=42(7/87)
Order=44(8/87)
Order=46(9/87)
Order=48(10/87)
Order=50(11/87)
Order=52(12/87)
Order=54(13/87)
Order=56(14/87)
Order=58(15/87)
Order=60(16/87)
Found 6 real poles and 14 conjugate complex pairs.
Final number of poles: 20
Saved figure: WMP_Lib/Re185/410-458_MT2.png
Saved figure: WMP_Lib/Re185/410-458_MT27.png
Saved figure: WMP_Lib/Re185/410-458_MT102.png
Vector fitting piece 39/80...
  energy: 4.332e+02 to 4.821e+02 eV (4442 points)
  error tolerance: rtol=0.001, atol=1e-05
Found 12 peaks
Fitting orders from 24 to 200
Order=24(0/89)
Order=26(1/89)
Order=28(2/89)
Order=30(3/89)
Order=32(4/89)
Order=34(5/89)
Order=36(6/89)
Order=38(7/89)
Order=40(8/89)
Order=42(9/89)
Order=44(10/89)
Order=46(11/89)
Order=48(12/89)
Order=50(13/89)
Order=52(14/89)
Order=54(15/89)
Order=56(16/89)
Order=58(17/89)
Order=60(18/89)
Found 6 real poles and 13 conjugate complex pairs.
Final number of poles: 19
Saved figure: WMP_Lib/Re185/433-482_MT2.png
Saved figure: WMP_Lib/Re185/433-482_MT27.png
Saved figure: WMP_Lib/Re185/433-482_MT102.png
Vector fitting piece 40/80...
  energy: 4.568e+02 to 5.069e+02 eV (4362 points)
  error tolerance: rtol=0.001, atol=1e-05
Found 12 peaks
Fitting orders from 24 to 200
Order=24(0/89)
Order=26(1/89)
Order=28(2/89)
Order=30(3/89)
Order=32(4/89)
Order=34(5/89)
Order=36(6/89)
Order=38(7/89)
Order=40(8/89)
Order=42(9/89)
Order=44(10/89)
Order=46(11/89)
Order=48(12/89)
Order=50(13/89)
Order=52(14/89)
Order=54(15/89)
Order=56(16/89)
Order=58(17/89)
Order=60(18/89)
Found 4 real poles and 13 conjugate complex pairs.
Final number of poles: 17
Saved figure: WMP_Lib/Re185/457-507_MT2.png
Saved figure: WMP_Lib/Re185/457-507_MT27.png
Saved figure: WMP_Lib/Re185/457-507_MT102.png
Vector fitting piece 41/80...
  energy: 4.810e+02 to 5.323e+02 eV (4281 points)
  error tolerance: rtol=0.001, atol=1e-05
Found 12 peaks
Fitting orders from 24 to 200
Order=24(0/89)
Order=26(1/89)
Order=28(2/89)
Order=30(3/89)
Found ideal results. Stop!
Found 4 real poles and 13 conjugate complex pairs.
Final number of poles: 17
Saved figure: WMP_Lib/Re185/481-532_MT2.png
Saved figure: WMP_Lib/Re185/481-532_MT27.png
Saved figure: WMP_Lib/Re185/481-532_MT102.png
Vector fitting piece 42/80...
  energy: 5.058e+02 to 5.584e+02 eV (5050 points)
  error tolerance: rtol=0.001, atol=1e-05
Found 14 peaks
Fitting orders from 28 to 200
Order=28(0/87)
Order=30(1/87)
Order=32(2/87)
Order=34(3/87)
Order=36(4/87)
Order=38(5/87)
Order=40(6/87)
Order=42(7/87)
Order=44(8/87)
Order=46(9/87)
Order=48(10/87)
Order=50(11/87)
Order=52(12/87)
Order=54(13/87)
Order=56(14/87)
Order=58(15/87)
Order=60(16/87)
Found 6 real poles and 14 conjugate complex pairs.
Final number of poles: 20
Saved figure: WMP_Lib/Re185/506-558_MT2.png
Saved figure: WMP_Lib/Re185/506-558_MT27.png
Saved figure: WMP_Lib/Re185/506-558_MT102.png
Vector fitting piece 43/80...
  energy: 5.313e+02 to 5.852e+02 eV (5904 points)
  error tolerance: rtol=0.001, atol=1e-05
Found 17 peaks
Fitting orders from 34 to 200
Order=34(0/84)
Order=36(1/84)
Order=38(2/84)
Order=40(3/84)
Order=42(4/84)
Order=44(5/84)
Order=46(6/84)
Order=48(7/84)
Order=50(8/84)
Order=52(9/84)
Order=54(10/84)
Order=56(11/84)
Order=58(12/84)
Order=60(13/84)
Found 4 real poles and 18 conjugate complex pairs.
Final number of poles: 22
Saved figure: WMP_Lib/Re185/531-585_MT2.png
Saved figure: WMP_Lib/Re185/531-585_MT27.png
Saved figure: WMP_Lib/Re185/531-585_MT102.png
Vector fitting piece 44/80...
  energy: 5.574e+02 to 6.125e+02 eV (6065 points)
  error tolerance: rtol=0.001, atol=1e-05
Found 18 peaks
Fitting orders from 36 to 200
Order=36(0/83)
Order=38(1/83)
Order=40(2/83)
Order=42(3/83)
Order=44(4/83)
Order=46(5/83)
Order=48(6/83)
Order=50(7/83)
Order=52(8/83)
Order=54(9/83)
Order=56(10/83)
Order=58(11/83)
Order=60(12/83)
Found 4 real poles and 19 conjugate complex pairs.
Final number of poles: 23
Saved figure: WMP_Lib/Re185/557-613_MT2.png
Saved figure: WMP_Lib/Re185/557-613_MT27.png
Saved figure: WMP_Lib/Re185/557-613_MT102.png
Vector fitting piece 45/80...
  energy: 5.841e+02 to 6.405e+02 eV (5365 points)
  error tolerance: rtol=0.001, atol=1e-05
Found 15 peaks
Fitting orders from 30 to 200
Order=30(0/86)
Order=32(1/86)
Order=34(2/86)
Order=36(3/86)
Order=38(4/86)
Order=40(5/86)
Order=42(6/86)
Order=44(7/86)
Order=46(8/86)
Order=48(9/86)
Order=50(10/86)
Order=52(11/86)
Order=54(12/86)
Order=56(13/86)
Order=58(14/86)
Order=60(15/86)
Found 4 real poles and 17 conjugate complex pairs.
Final number of poles: 21
Saved figure: WMP_Lib/Re185/584-641_MT2.png
Saved figure: WMP_Lib/Re185/584-641_MT27.png
Saved figure: WMP_Lib/Re185/584-641_MT102.png
Vector fitting piece 46/80...
  energy: 6.114e+02 to 6.691e+02 eV (5490 points)
  error tolerance: rtol=0.001, atol=1e-05
Found 15 peaks
Fitting orders from 30 to 200
Order=30(0/86)
Order=32(1/86)
Order=34(2/86)
Order=36(3/86)
Order=38(4/86)
Order=40(5/86)
Order=42(6/86)
Order=44(7/86)
Order=46(8/86)
Order=48(9/86)
Order=50(10/86)
Order=52(11/86)
Order=54(12/86)
Order=56(13/86)
Order=58(14/86)
Order=60(15/86)
Found 4 real poles and 16 conjugate complex pairs.
Final number of poles: 20
Saved figure: WMP_Lib/Re185/611-669_MT2.png
Saved figure: WMP_Lib/Re185/611-669_MT27.png
Saved figure: WMP_Lib/Re185/611-669_MT102.png
Vector fitting piece 47/80...
  energy: 6.393e+02 to 6.983e+02 eV (5362 points)
  error tolerance: rtol=0.001, atol=1e-05
Found 14 peaks
Fitting orders from 28 to 200
Order=28(0/87)
Order=30(1/87)
Order=32(2/87)
Order=34(3/87)
Order=36(4/87)
Order=38(5/87)
Order=40(6/87)
Order=42(7/87)
Order=44(8/87)
Order=46(9/87)
Order=48(10/87)
Order=50(11/87)
Order=52(12/87)
Order=54(13/87)
Order=56(14/87)
Order=58(15/87)
Order=60(16/87)
Found 4 real poles and 15 conjugate complex pairs.
Final number of poles: 19
Saved figure: WMP_Lib/Re185/639-698_MT2.png
Saved figure: WMP_Lib/Re185/639-698_MT27.png
Saved figure: WMP_Lib/Re185/639-698_MT102.png
Vector fitting piece 48/80...
  energy: 6.680e+02 to 7.282e+02 eV (5459 points)
  error tolerance: rtol=0.001, atol=1e-05
Found 15 peaks
Fitting orders from 30 to 200
Order=30(0/86)
Order=32(1/86)
Order=34(2/86)
Order=36(3/86)
Order=38(4/86)
Order=40(5/86)
Order=42(6/86)
Order=44(7/86)
Order=46(8/86)
Order=48(9/86)
Order=50(10/86)
Order=52(11/86)
Order=54(12/86)
Order=56(13/86)
Order=58(14/86)
Order=60(15/86)
Found 6 real poles and 15 conjugate complex pairs.
Final number of poles: 21
Saved figure: WMP_Lib/Re185/668-728_MT2.png
Saved figure: WMP_Lib/Re185/668-728_MT27.png
Saved figure: WMP_Lib/Re185/668-728_MT102.png
Vector fitting piece 49/80...
  energy: 6.972e+02 to 7.586e+02 eV (5633 points)
  error tolerance: rtol=0.001, atol=1e-05
Found 15 peaks
Fitting orders from 30 to 200
Order=30(0/86)
Order=32(1/86)
Order=34(2/86)
Order=36(3/86)
Order=38(4/86)
Order=40(5/86)
Order=42(6/86)
Order=44(7/86)
Order=46(8/86)
Order=48(9/86)
Order=50(10/86)
Order=52(11/86)
Order=54(12/86)
Order=56(13/86)
Order=58(14/86)
Order=60(15/86)
Found 4 real poles and 17 conjugate complex pairs.
Final number of poles: 21
Saved figure: WMP_Lib/Re185/697-759_MT2.png
Saved figure: WMP_Lib/Re185/697-759_MT27.png
Saved figure: WMP_Lib/Re185/697-759_MT102.png
Vector fitting piece 50/80...
  energy: 7.270e+02 to 7.898e+02 eV (6287 points)
  error tolerance: rtol=0.001, atol=1e-05
Found 18 peaks
Fitting orders from 36 to 200
Order=36(0/83)
Order=38(1/83)
Order=40(2/83)
Order=42(3/83)
Order=44(4/83)
Order=46(5/83)
Order=48(6/83)
Order=50(7/83)
Order=52(8/83)
Order=54(9/83)
Order=56(10/83)
Order=58(11/83)
Order=60(12/83)
Found 2 real poles and 19 conjugate complex pairs.
Final number of poles: 21
Saved figure: WMP_Lib/Re185/727-790_MT2.png
Saved figure: WMP_Lib/Re185/727-790_MT27.png
Saved figure: WMP_Lib/Re185/727-790_MT102.png
Vector fitting piece 51/80...
  energy: 7.575e+02 to 8.216e+02 eV (5352 points)
  error tolerance: rtol=0.001, atol=1e-05
Found 15 peaks
Fitting orders from 30 to 200
Order=30(0/86)
Order=32(1/86)
Order=34(2/86)
Order=36(3/86)
Order=38(4/86)
Order=40(5/86)
Order=42(6/86)
Order=44(7/86)
Order=46(8/86)
Order=48(9/86)
Order=50(10/86)
Order=52(11/86)
Order=54(12/86)
Order=56(13/86)
Order=58(14/86)
Order=60(15/86)
Found 4 real poles and 16 conjugate complex pairs.
Final number of poles: 20
Saved figure: WMP_Lib/Re185/757-822_MT2.png
Saved figure: WMP_Lib/Re185/757-822_MT27.png
Saved figure: WMP_Lib/Re185/757-822_MT102.png
Vector fitting piece 52/80...
  energy: 7.886e+02 to 8.539e+02 eV (4531 points)
  error tolerance: rtol=0.001, atol=1e-05
Found 12 peaks
Fitting orders from 24 to 200
Order=24(0/89)
Order=26(1/89)
Order=28(2/89)
Order=30(3/89)
Order=32(4/89)
Order=34(5/89)
Order=36(6/89)
Order=38(7/89)
Order=40(8/89)
Order=42(9/89)
Order=44(10/89)
Order=46(11/89)
Order=48(12/89)
Order=50(13/89)
Order=52(14/89)
Order=54(15/89)
Order=56(16/89)
Order=58(17/89)
Order=60(18/89)
Found 6 real poles and 12 conjugate complex pairs.
Final number of poles: 18
Saved figure: WMP_Lib/Re185/789-854_MT2.png
Saved figure: WMP_Lib/Re185/789-854_MT27.png
Saved figure: WMP_Lib/Re185/789-854_MT102.png
Vector fitting piece 53/80...
  energy: 8.202e+02 to 8.868e+02 eV (5009 points)
  error tolerance: rtol=0.001, atol=1e-05
Found 15 peaks
Fitting orders from 30 to 200
Order=30(0/86)
Order=32(1/86)
Order=34(2/86)
Order=36(3/86)
Order=38(4/86)
Order=40(5/86)
Order=42(6/86)
Order=44(7/86)
Order=46(8/86)
Order=48(9/86)
Order=50(10/86)
Order=52(11/86)
Order=54(12/86)
Order=56(13/86)
Order=58(14/86)
Order=60(15/86)
Found 4 real poles and 16 conjugate complex pairs.
Final number of poles: 20
Saved figure: WMP_Lib/Re185/820-887_MT2.png
Saved figure: WMP_Lib/Re185/820-887_MT27.png
Saved figure: WMP_Lib/Re185/820-887_MT102.png
Vector fitting piece 54/80...
  energy: 8.526e+02 to 9.207e+02 eV (5262 points)
  error tolerance: rtol=0.001, atol=1e-05
Found 17 peaks
Fitting orders from 34 to 200
Order=34(0/84)
Order=36(1/84)
Order=38(2/84)
Order=40(3/84)
Order=42(4/84)
Order=44(5/84)
Order=46(6/84)
Order=48(7/84)
Order=50(8/84)
Order=52(9/84)
Order=54(10/84)
Order=56(11/84)
Order=58(12/84)
Order=60(13/84)
Found 6 real poles and 17 conjugate complex pairs.
Final number of poles: 23
Saved figure: WMP_Lib/Re185/853-921_MT2.png
Saved figure: WMP_Lib/Re185/853-921_MT27.png
Saved figure: WMP_Lib/Re185/853-921_MT102.png
Vector fitting piece 55/80...
  energy: 8.855e+02 to 9.550e+02 eV (4272 points)
  error tolerance: rtol=0.001, atol=1e-05
Found 13 peaks
Fitting orders from 26 to 200
Order=26(0/88)
Order=28(1/88)
Order=30(2/88)
Order=32(3/88)
Order=34(4/88)
Order=36(5/88)
Order=38(6/88)
Order=40(7/88)
Order=42(8/88)
Order=44(9/88)
Order=46(10/88)
Order=48(11/88)
Order=50(12/88)
Order=52(13/88)
Order=54(14/88)
Order=56(15/88)
Order=58(16/88)
Order=60(17/88)
Found 6 real poles and 13 conjugate complex pairs.
Final number of poles: 19
Saved figure: WMP_Lib/Re185/886-955_MT2.png
Saved figure: WMP_Lib/Re185/886-955_MT27.png
Saved figure: WMP_Lib/Re185/886-955_MT102.png
Vector fitting piece 56/80...
  energy: 9.190e+02 to 9.895e+02 eV (4321 points)
  error tolerance: rtol=0.001, atol=1e-05
Found 13 peaks
Fitting orders from 26 to 200
Order=26(0/88)
Order=28(1/88)
Order=30(2/88)
Order=32(3/88)
Order=34(4/88)
Order=36(5/88)
Order=38(6/88)
Order=40(7/88)
Order=42(8/88)
Order=44(9/88)
Order=46(10/88)
Order=48(11/88)
Order=50(12/88)
Order=52(13/88)
Order=54(14/88)
Order=56(15/88)
Order=58(16/88)
Order=60(17/88)
Found 4 real poles and 14 conjugate complex pairs.
Final number of poles: 18
Saved figure: WMP_Lib/Re185/919-990_MT2.png
Saved figure: WMP_Lib/Re185/919-990_MT27.png
Saved figure: WMP_Lib/Re185/919-990_MT102.png
Vector fitting piece 57/80...
  energy: 9.533e+02 to 1.025e+03 eV (4215 points)
  error tolerance: rtol=0.001, atol=1e-05
Found 12 peaks
Fitting orders from 24 to 200
Order=24(0/89)
Order=26(1/89)
Order=28(2/89)
Order=30(3/89)
Order=32(4/89)
Order=34(5/89)
Order=36(6/89)
Order=38(7/89)
Order=40(8/89)
Order=42(9/89)
Order=44(10/89)
Order=46(11/89)
Order=48(12/89)
Order=50(13/89)
Order=52(14/89)
Order=54(15/89)
Order=56(16/89)
Order=58(17/89)
Order=60(18/89)
Found 4 real poles and 14 conjugate complex pairs.
Final number of poles: 18
Saved figure: WMP_Lib/Re185/953-1025_MT2.png
Saved figure: WMP_Lib/Re185/953-1025_MT27.png
Saved figure: WMP_Lib/Re185/953-1025_MT102.png
Vector fitting piece 58/80...
  energy: 9.882e+02 to 1.061e+03 eV (3951 points)
  error tolerance: rtol=0.001, atol=1e-05
Found 11 peaks
Fitting orders from 22 to 200
Order=22(0/90)
Order=24(1/90)
Order=26(2/90)
Order=28(3/90)
Order=30(4/90)
Order=32(5/90)
Order=34(6/90)
Order=36(7/90)
Order=38(8/90)
Order=40(9/90)
Order=42(10/90)
Order=44(11/90)
Order=46(12/90)
Order=48(13/90)
Order=50(14/90)
Order=52(15/90)
Order=54(16/90)
Order=56(17/90)
Order=58(18/90)
Order=60(19/90)
Found 4 real poles and 13 conjugate complex pairs.
Final number of poles: 17
Saved figure: WMP_Lib/Re185/988-1061_MT2.png
Saved figure: WMP_Lib/Re185/988-1061_MT27.png
Saved figure: WMP_Lib/Re185/988-1061_MT102.png
Vector fitting piece 59/80...
  energy: 1.024e+03 to 1.098e+03 eV (5391 points)
  error tolerance: rtol=0.001, atol=1e-05
Found 16 peaks
Fitting orders from 32 to 200
Order=32(0/85)
Order=34(1/85)
Order=36(2/85)
Order=38(3/85)
Order=40(4/85)
Order=42(5/85)
Order=44(6/85)
Order=46(7/85)
Order=48(8/85)
Order=50(9/85)
Order=52(10/85)
Order=54(11/85)
Order=56(12/85)
Order=58(13/85)
Order=60(14/85)
Found 4 real poles and 17 conjugate complex pairs.
Final number of poles: 21
Saved figure: WMP_Lib/Re185/1024-1098_MT2.png
Saved figure: WMP_Lib/Re185/1024-1098_MT27.png
Saved figure: WMP_Lib/Re185/1024-1098_MT102.png
Vector fitting piece 60/80...
  energy: 1.060e+03 to 1.135e+03 eV (6011 points)
  error tolerance: rtol=0.001, atol=1e-05
Found 19 peaks
Fitting orders from 38 to 200
Order=38(0/82)
Order=40(1/82)
Order=42(2/82)
Order=44(3/82)
Order=46(4/82)
Order=48(5/82)
Order=50(6/82)
Order=52(7/82)
Order=54(8/82)
Order=56(9/82)
Order=58(10/82)
Order=60(11/82)
Found 4 real poles and 20 conjugate complex pairs.
Final number of poles: 24
Saved figure: WMP_Lib/Re185/1060-1135_MT2.png
Saved figure: WMP_Lib/Re185/1060-1135_MT27.png
Saved figure: WMP_Lib/Re185/1060-1135_MT102.png
Vector fitting piece 61/80...
  energy: 1.096e+03 to 1.173e+03 eV (6038 points)
  error tolerance: rtol=0.001, atol=1e-05
Found 19 peaks
Fitting orders from 38 to 200
Order=38(0/82)
Order=40(1/82)
Order=42(2/82)
Order=44(3/82)
Order=46(4/82)
Order=48(5/82)
Order=50(6/82)
Order=52(7/82)
Order=54(8/82)
Order=56(9/82)
Order=58(10/82)
Order=60(11/82)
Found 4 real poles and 20 conjugate complex pairs.
Final number of poles: 24
Saved figure: WMP_Lib/Re185/1096-1173_MT2.png
Saved figure: WMP_Lib/Re185/1096-1173_MT27.png
Saved figure: WMP_Lib/Re185/1096-1173_MT102.png
Vector fitting piece 62/80...
  energy: 1.134e+03 to 1.212e+03 eV (5084 points)
  error tolerance: rtol=0.001, atol=1e-05
Found 16 peaks
Fitting orders from 32 to 200
Order=32(0/85)
Order=34(1/85)
Order=36(2/85)
Order=38(3/85)
Order=40(4/85)
Order=42(5/85)
Order=44(6/85)
Order=46(7/85)
Order=48(8/85)
Order=50(9/85)
Order=52(10/85)
Order=54(11/85)
Order=56(12/85)
Order=58(13/85)
Order=60(14/85)
Found 4 real poles and 18 conjugate complex pairs.
Final number of poles: 22
Saved figure: WMP_Lib/Re185/1134-1212_MT2.png
Saved figure: WMP_Lib/Re185/1134-1212_MT27.png
Saved figure: WMP_Lib/Re185/1134-1212_MT102.png
Vector fitting piece 63/80...
  energy: 1.172e+03 to 1.251e+03 eV (4413 points)
  error tolerance: rtol=0.001, atol=1e-05
Found 14 peaks
Fitting orders from 28 to 200
Order=28(0/87)
Order=30(1/87)
Order=32(2/87)
Order=34(3/87)
Order=36(4/87)
Order=38(5/87)
Order=40(6/87)
Order=42(7/87)
Order=44(8/87)
Order=46(9/87)
Order=48(10/87)
Order=50(11/87)
Order=52(12/87)
Order=54(13/87)
Order=56(14/87)
Order=58(15/87)
Order=60(16/87)
Found 4 real poles and 16 conjugate complex pairs.
Final number of poles: 20
Saved figure: WMP_Lib/Re185/1172-1251_MT2.png
Saved figure: WMP_Lib/Re185/1172-1251_MT27.png
Saved figure: WMP_Lib/Re185/1172-1251_MT102.png
Vector fitting piece 64/80...
  energy: 1.210e+03 to 1.291e+03 eV (5709 points)
  error tolerance: rtol=0.001, atol=1e-05
Found 18 peaks
Fitting orders from 36 to 200
Order=36(0/83)
Order=38(1/83)
Order=40(2/83)
Order=42(3/83)
Order=44(4/83)
Order=46(5/83)
Order=48(6/83)
Order=50(7/83)
Order=52(8/83)
Order=54(9/83)
Order=56(10/83)
Order=58(11/83)
Order=60(12/83)
Found 4 real poles and 19 conjugate complex pairs.
Final number of poles: 23
Saved figure: WMP_Lib/Re185/1210-1291_MT2.png
Saved figure: WMP_Lib/Re185/1210-1291_MT27.png
Saved figure: WMP_Lib/Re185/1210-1291_MT102.png
Vector fitting piece 65/80...
  energy: 1.249e+03 to 1.331e+03 eV (5716 points)
  error tolerance: rtol=0.001, atol=1e-05
Found 18 peaks
Fitting orders from 36 to 200
Order=36(0/83)
Order=38(1/83)
Order=40(2/83)
Order=42(3/83)
Order=44(4/83)
Order=46(5/83)
Order=48(6/83)
Order=50(7/83)
Order=52(8/83)
Order=54(9/83)
Order=56(10/83)
Order=58(11/83)
Order=60(12/83)
Found 6 real poles and 18 conjugate complex pairs.
Final number of poles: 24
Saved figure: WMP_Lib/Re185/1249-1331_MT2.png
Saved figure: WMP_Lib/Re185/1249-1331_MT27.png
Saved figure: WMP_Lib/Re185/1249-1331_MT102.png
Vector fitting piece 66/80...
  energy: 1.289e+03 to 1.372e+03 eV (5926 points)
  error tolerance: rtol=0.001, atol=1e-05
Found 21 peaks
Fitting orders from 42 to 200
Order=42(0/80)
Order=44(1/80)
Order=46(2/80)
Order=48(3/80)
Order=50(4/80)
Order=52(5/80)
Order=54(6/80)
Order=56(7/80)
Order=58(8/80)
Order=60(9/80)
Found 6 real poles and 21 conjugate complex pairs.
Final number of poles: 27
Saved figure: WMP_Lib/Re185/1289-1372_MT2.png
Saved figure: WMP_Lib/Re185/1289-1372_MT27.png
Saved figure: WMP_Lib/Re185/1289-1372_MT102.png
Vector fitting piece 67/80...
  energy: 1.330e+03 to 1.414e+03 eV (5366 points)
  error tolerance: rtol=0.001, atol=1e-05
Found 19 peaks
Fitting orders from 38 to 200
Order=38(0/82)
Order=40(1/82)
Order=42(2/82)
Order=44(3/82)
Order=46(4/82)
Order=48(5/82)
Order=50(6/82)
Order=52(7/82)
Order=54(8/82)
Order=56(9/82)
Order=58(10/82)
Order=60(11/82)
Found 6 real poles and 19 conjugate complex pairs.
Final number of poles: 25
Saved figure: WMP_Lib/Re185/1330-1414_MT2.png
Saved figure: WMP_Lib/Re185/1330-1414_MT27.png
Saved figure: WMP_Lib/Re185/1330-1414_MT102.png
Vector fitting piece 68/80...
  energy: 1.371e+03 to 1.457e+03 eV (4708 points)
  error tolerance: rtol=0.001, atol=1e-05
Found 16 peaks
Fitting orders from 32 to 200
Order=32(0/85)
Order=34(1/85)
Order=36(2/85)
Order=38(3/85)
Order=40(4/85)
Order=42(5/85)
Order=44(6/85)
Order=46(7/85)
Order=48(8/85)
Order=50(9/85)
Order=52(10/85)
Order=54(11/85)
Order=56(12/85)
Order=58(13/85)
Order=60(14/85)
Found 8 real poles and 16 conjugate complex pairs.
Final number of poles: 24
Saved figure: WMP_Lib/Re185/1371-1457_MT2.png
Saved figure: WMP_Lib/Re185/1371-1457_MT27.png
Saved figure: WMP_Lib/Re185/1371-1457_MT102.png
Vector fitting piece 69/80...
  energy: 1.413e+03 to 1.499e+03 eV (6572 points)
  error tolerance: rtol=0.001, atol=1e-05
Found 25 peaks
Fitting orders from 50 to 200
Order=50(0/76)
Order=52(1/76)
Order=54(2/76)
Order=56(3/76)
Order=58(4/76)
Order=60(5/76)
Order=62(6/76)
Order=64(7/76)
Found 4 real poles and 25 conjugate complex pairs.
Final number of poles: 29
Saved figure: WMP_Lib/Re185/1413-1499_MT2.png
Saved figure: WMP_Lib/Re185/1413-1499_MT27.png
Saved figure: WMP_Lib/Re185/1413-1499_MT102.png
Vector fitting piece 70/80...
  energy: 1.455e+03 to 1.543e+03 eV (6591 points)
  error tolerance: rtol=0.001, atol=1e-05
Found 25 peaks
Fitting orders from 50 to 200
Order=50(0/76)
Order=52(1/76)
Order=54(2/76)
Order=56(3/76)
Order=58(4/76)
Order=60(5/76)
Order=62(6/76)
Order=64(7/76)
Order=66(8/76)
Found 4 real poles and 26 conjugate complex pairs.
Final number of poles: 30
Saved figure: WMP_Lib/Re185/1455-1543_MT2.png
Saved figure: WMP_Lib/Re185/1455-1543_MT27.png
Saved figure: WMP_Lib/Re185/1455-1543_MT102.png
Vector fitting piece 71/80...
  energy: 1.498e+03 to 1.587e+03 eV (5385 points)
  error tolerance: rtol=0.001, atol=1e-05
Found 18 peaks
Fitting orders from 36 to 200
Order=36(0/83)
Order=38(1/83)
Order=40(2/83)
Order=42(3/83)
Order=44(4/83)
Order=46(5/83)
Order=48(6/83)
Order=50(7/83)
Order=52(8/83)
Order=54(9/83)
Order=56(10/83)
Order=58(11/83)
Order=60(12/83)
Found 4 real poles and 20 conjugate complex pairs.
Final number of poles: 24
Saved figure: WMP_Lib/Re185/1498-1587_MT2.png
Saved figure: WMP_Lib/Re185/1498-1587_MT27.png
Saved figure: WMP_Lib/Re185/1498-1587_MT102.png
Vector fitting piece 72/80...
  energy: 1.541e+03 to 1.633e+03 eV (5412 points)
  error tolerance: rtol=0.001, atol=1e-05
Found 18 peaks
Fitting orders from 36 to 200
Order=36(0/83)
Order=38(1/83)
Order=40(2/83)
Order=42(3/83)
Order=44(4/83)
Order=46(5/83)
Order=48(6/83)
Order=50(7/83)
Order=52(8/83)
Order=54(9/83)
Order=56(10/83)
Order=58(11/83)
Order=60(12/83)
Found 4 real poles and 18 conjugate complex pairs.
Final number of poles: 22
Saved figure: WMP_Lib/Re185/1541-1633_MT2.png
Saved figure: WMP_Lib/Re185/1541-1633_MT27.png
Saved figure: WMP_Lib/Re185/1541-1633_MT102.png
Vector fitting piece 73/80...
  energy: 1.585e+03 to 1.678e+03 eV (4241 points)
  error tolerance: rtol=0.001, atol=1e-05
Found 14 peaks
Fitting orders from 28 to 200
Order=28(0/87)
Order=30(1/87)
Order=32(2/87)
Order=34(3/87)
Order=36(4/87)
Order=38(5/87)
Order=40(6/87)
Order=42(7/87)
Order=44(8/87)
Order=46(9/87)
Order=48(10/87)
Order=50(11/87)
Order=52(12/87)
Order=54(13/87)
Order=56(14/87)
Order=58(15/87)
Order=60(16/87)
Found 6 real poles and 14 conjugate complex pairs.
Final number of poles: 20
Saved figure: WMP_Lib/Re185/1585-1678_MT2.png
Saved figure: WMP_Lib/Re185/1585-1678_MT27.png
Saved figure: WMP_Lib/Re185/1585-1678_MT102.png
Vector fitting piece 74/80...
  energy: 1.630e+03 to 1.724e+03 eV (4384 points)
  error tolerance: rtol=0.001, atol=1e-05
Found 15 peaks
Fitting orders from 30 to 200
Order=30(0/86)
Order=32(1/86)
Order=34(2/86)
Order=36(3/86)
Order=38(4/86)
Order=40(5/86)
Order=42(6/86)
Order=44(7/86)
Order=46(8/86)
Order=48(9/86)
Order=50(10/86)
Order=52(11/86)
Order=54(12/86)
Order=56(13/86)
Order=58(14/86)
Order=60(15/86)
Found 6 real poles and 15 conjugate complex pairs.
Final number of poles: 21
Saved figure: WMP_Lib/Re185/1630-1724_MT2.png
Saved figure: WMP_Lib/Re185/1630-1724_MT27.png
Saved figure: WMP_Lib/Re185/1630-1724_MT102.png
Vector fitting piece 75/80...
  energy: 1.676e+03 to 1.770e+03 eV (5305 points)
  error tolerance: rtol=0.001, atol=1e-05
Found 19 peaks
Fitting orders from 38 to 200
Order=38(0/82)
Order=40(1/82)
Order=42(2/82)
Order=44(3/82)
Order=46(4/82)
Order=48(5/82)
Order=50(6/82)
Order=52(7/82)
Order=54(8/82)
Order=56(9/82)
Order=58(10/82)
Order=60(11/82)
Found 4 real poles and 20 conjugate complex pairs.
Final number of poles: 24
Saved figure: WMP_Lib/Re185/1676-1770_MT2.png
Saved figure: WMP_Lib/Re185/1676-1770_MT27.png
Saved figure: WMP_Lib/Re185/1676-1770_MT102.png
Vector fitting piece 76/80...
  energy: 1.722e+03 to 1.818e+03 eV (5269 points)
  error tolerance: rtol=0.001, atol=1e-05
Found 19 peaks
Fitting orders from 38 to 200
Order=38(0/82)
Order=40(1/82)
Order=42(2/82)
Order=44(3/82)
Order=46(4/82)
Order=48(5/82)
Order=50(6/82)
Order=52(7/82)
Order=54(8/82)
Order=56(9/82)
Order=58(10/82)
Order=60(11/82)
Found 4 real poles and 19 conjugate complex pairs.
Final number of poles: 23
Saved figure: WMP_Lib/Re185/1722-1818_MT2.png
Saved figure: WMP_Lib/Re185/1722-1818_MT27.png
Saved figure: WMP_Lib/Re185/1722-1818_MT102.png
Vector fitting piece 77/80...
  energy: 1.769e+03 to 1.866e+03 eV (4644 points)
  error tolerance: rtol=0.001, atol=1e-05
Found 17 peaks
Fitting orders from 34 to 200
Order=34(0/84)
Order=36(1/84)
Order=38(2/84)
Order=40(3/84)
Order=42(4/84)
Order=44(5/84)
Order=46(6/84)
Order=48(7/84)
Order=50(8/84)
Order=52(9/84)
Order=54(10/84)
Order=56(11/84)
Order=58(12/84)
Order=60(13/84)
Found 4 real poles and 18 conjugate complex pairs.
Final number of poles: 22
Saved figure: WMP_Lib/Re185/1769-1866_MT2.png
Saved figure: WMP_Lib/Re185/1769-1866_MT27.png
Saved figure: WMP_Lib/Re185/1769-1866_MT102.png
Vector fitting piece 78/80...
  energy: 1.816e+03 to 1.914e+03 eV (4659 points)
  error tolerance: rtol=0.001, atol=1e-05
Found 18 peaks
Fitting orders from 36 to 200
Order=36(0/83)
Order=38(1/83)
Order=40(2/83)
Order=42(3/83)
Order=44(4/83)
Order=46(5/83)
Order=48(6/83)
Order=50(7/83)
Order=52(8/83)
Order=54(9/83)
Order=56(10/83)
Order=58(11/83)
Order=60(12/83)
Found 6 real poles and 18 conjugate complex pairs.
Final number of poles: 24
Saved figure: WMP_Lib/Re185/1816-1914_MT2.png
Saved figure: WMP_Lib/Re185/1816-1914_MT27.png
Saved figure: WMP_Lib/Re185/1816-1914_MT102.png
Vector fitting piece 79/80...
  energy: 1.864e+03 to 1.964e+03 eV (5265 points)
  error tolerance: rtol=0.001, atol=1e-05
Found 20 peaks
Fitting orders from 40 to 200
Order=40(0/81)
Order=42(1/81)
Order=44(2/81)
Order=46(3/81)
Order=48(4/81)
Order=50(5/81)
Order=52(6/81)
Order=54(7/81)
Order=56(8/81)
Order=58(9/81)
Order=60(10/81)
Found 4 real poles and 21 conjugate complex pairs.
Final number of poles: 25
Saved figure: WMP_Lib/Re185/1864-1964_MT2.png
Saved figure: WMP_Lib/Re185/1864-1964_MT27.png
Saved figure: WMP_Lib/Re185/1864-1964_MT102.png
Vector fitting piece 80/80...
  energy: 1.913e+03 to 2.000e+03 eV (4712 points)
  error tolerance: rtol=0.001, atol=1e-05
Found 17 peaks
Fitting orders from 34 to 200
Order=34(0/84)
Order=36(1/84)
Order=38(2/84)
Order=40(3/84)
Order=42(4/84)
Order=44(5/84)
Order=46(6/84)
Order=48(7/84)
Order=50(8/84)
Order=52(9/84)
Order=54(10/84)
Order=56(11/84)
Order=58(12/84)
Order=60(13/84)
Found 4 real poles and 17 conjugate complex pairs.
Final number of poles: 21
Saved figure: WMP_Lib/Re185/1913-2000_MT2.png
Saved figure: WMP_Lib/Re185/1913-2000_MT27.png
Saved figure: WMP_Lib/Re185/1913-2000_MT102.png
Dumped multipole data to file: WMP_Lib/Re185/Re185_mp.pickle
Start searching ...
Testing N_win=68 N_cf=10
Failed: Window spacing cannot be larger than piece spacing.
Testing N_win=169 N_cf=10
Windowing:
  config: # windows=169, spacing=0.2646046514319192, CF order=10
  error tolerance: rtol=0.001, atol=1e-05
Best library so far.
Testing N_win=169 N_cf=9
Windowing:
  config: # windows=169, spacing=0.2646046514319192, CF order=9
  error tolerance: rtol=0.001, atol=1e-05
Best library so far.
Testing N_win=169 N_cf=8
Windowing:
  config: # windows=169, spacing=0.2646046514319192, CF order=8
  error tolerance: rtol=0.001, atol=1e-05
Best library so far.
Testing N_win=169 N_cf=7
Windowing:
  config: # windows=169, spacing=0.2646046514319192, CF order=7
  error tolerance: rtol=0.001, atol=1e-05
Best library so far.
Testing N_win=169 N_cf=6
Windowing:
  config: # windows=169, spacing=0.2646046514319192, CF order=6
  error tolerance: rtol=0.001, atol=1e-05
Best library so far.
Testing N_win=169 N_cf=5
Windowing:
  config: # windows=169, spacing=0.2646046514319192, CF order=5
  error tolerance: rtol=0.001, atol=1e-05
Best library so far.
Testing N_win=169 N_cf=4
Windowing:
  config: # windows=169, spacing=0.2646046514319192, CF order=4
  error tolerance: rtol=0.001, atol=1e-05
Best library so far.
Testing N_win=169 N_cf=3
Windowing:
  config: # windows=169, spacing=0.2646046514319192, CF order=3
  error tolerance: rtol=0.001, atol=1e-05
Failed: Pure curvefit failed for the first window!
Testing N_win=271 N_cf=10
Windowing:
  config: # windows=271, spacing=0.1650117567970271, CF order=10
  error tolerance: rtol=0.001, atol=1e-05
Best library so far.
Testing N_win=271 N_cf=9
Windowing:
  config: # windows=271, spacing=0.1650117567970271, CF order=9
  error tolerance: rtol=0.001, atol=1e-05
Best library so far.
Testing N_win=271 N_cf=8
Windowing:
  config: # windows=271, spacing=0.1650117567970271, CF order=8
  error tolerance: rtol=0.001, atol=1e-05
Best library so far.
Testing N_win=271 N_cf=7
Windowing:
  config: # windows=271, spacing=0.1650117567970271, CF order=7
  error tolerance: rtol=0.001, atol=1e-05
Best library so far.
Testing N_win=271 N_cf=6
Windowing:
  config: # windows=271, spacing=0.1650117567970271, CF order=6
  error tolerance: rtol=0.001, atol=1e-05
Best library so far.
Testing N_win=271 N_cf=5
Windowing:
  config: # windows=271, spacing=0.1650117567970271, CF order=5
  error tolerance: rtol=0.001, atol=1e-05
Best library so far.
Testing N_win=271 N_cf=4
Windowing:
  config: # windows=271, spacing=0.1650117567970271, CF order=4
  error tolerance: rtol=0.001, atol=1e-05
Best library so far.
Testing N_win=271 N_cf=3
Windowing:
  config: # windows=271, spacing=0.1650117567970271, CF order=3
  error tolerance: rtol=0.001, atol=1e-05
Failed: Pure curvefit failed for the first window!
Testing N_win=373 N_cf=10
Windowing:
  config: # windows=373, spacing=0.11988789836995802, CF order=10
  error tolerance: rtol=0.001, atol=1e-05
Best library so far.
Testing N_win=373 N_cf=9
Windowing:
  config: # windows=373, spacing=0.11988789836995802, CF order=9
  error tolerance: rtol=0.001, atol=1e-05
Best library so far.
Testing N_win=373 N_cf=8
Windowing:
  config: # windows=373, spacing=0.11988789836995802, CF order=8
  error tolerance: rtol=0.001, atol=1e-05
Best library so far.
Testing N_win=373 N_cf=7
Windowing:
  config: # windows=373, spacing=0.11988789836995802, CF order=7
  error tolerance: rtol=0.001, atol=1e-05
Best library so far.
Testing N_win=373 N_cf=6
Windowing:
  config: # windows=373, spacing=0.11988789836995802, CF order=6
  error tolerance: rtol=0.001, atol=1e-05
Best library so far.
Testing N_win=373 N_cf=5
Windowing:
  config: # windows=373, spacing=0.11988789836995802, CF order=5
  error tolerance: rtol=0.001, atol=1e-05
Best library so far.
Testing N_win=373 N_cf=4
Windowing:
  config: # windows=373, spacing=0.11988789836995802, CF order=4
  error tolerance: rtol=0.001, atol=1e-05
Best library so far.
Testing N_win=373 N_cf=3
Windowing:
  config: # windows=373, spacing=0.11988789836995802, CF order=3
  error tolerance: rtol=0.001, atol=1e-05
Failed: Pure curvefit failed for the first window!
Testing N_win=474 N_cf=10
Windowing:
  config: # windows=474, spacing=0.09434216475104291, CF order=10
  error tolerance: rtol=0.001, atol=1e-05
Testing N_win=474 N_cf=9
Windowing:
  config: # windows=474, spacing=0.09434216475104291, CF order=9
  error tolerance: rtol=0.001, atol=1e-05
Testing N_win=474 N_cf=8
Windowing:
  config: # windows=474, spacing=0.09434216475104291, CF order=8
  error tolerance: rtol=0.001, atol=1e-05
Testing N_win=474 N_cf=7
Windowing:
  config: # windows=474, spacing=0.09434216475104291, CF order=7
  error tolerance: rtol=0.001, atol=1e-05
Best library so far.
Testing N_win=474 N_cf=6
Windowing:
  config: # windows=474, spacing=0.09434216475104291, CF order=6
  error tolerance: rtol=0.001, atol=1e-05
Best library so far.
Testing N_win=474 N_cf=5
Windowing:
  config: # windows=474, spacing=0.09434216475104291, CF order=5
  error tolerance: rtol=0.001, atol=1e-05
Best library so far.
Testing N_win=474 N_cf=4
Windowing:
  config: # windows=474, spacing=0.09434216475104291, CF order=4
  error tolerance: rtol=0.001, atol=1e-05
Best library so far.
Testing N_win=474 N_cf=3
Windowing:
  config: # windows=474, spacing=0.09434216475104291, CF order=3
  error tolerance: rtol=0.001, atol=1e-05
Failed: Pure curvefit failed for the first window!
Testing N_win=576 N_cf=10
Windowing:
  config: # windows=576, spacing=0.07763573974304573, CF order=10
  error tolerance: rtol=0.001, atol=1e-05
Testing N_win=576 N_cf=9
Windowing:
  config: # windows=576, spacing=0.07763573974304573, CF order=9
  error tolerance: rtol=0.001, atol=1e-05
Testing N_win=576 N_cf=8
Windowing:
  config: # windows=576, spacing=0.07763573974304573, CF order=8
  error tolerance: rtol=0.001, atol=1e-05
Testing N_win=576 N_cf=7
Windowing:
  config: # windows=576, spacing=0.07763573974304573, CF order=7
  error tolerance: rtol=0.001, atol=1e-05
Testing N_win=576 N_cf=6
Windowing:
  config: # windows=576, spacing=0.07763573974304573, CF order=6
  error tolerance: rtol=0.001, atol=1e-05
Testing N_win=576 N_cf=5
Windowing:
  config: # windows=576, spacing=0.07763573974304573, CF order=5
  error tolerance: rtol=0.001, atol=1e-05
Best library so far.
Testing N_win=576 N_cf=4
Windowing:
  config: # windows=576, spacing=0.07763573974304573, CF order=4
  error tolerance: rtol=0.001, atol=1e-05
Best library so far.
Testing N_win=576 N_cf=3
Windowing:
  config: # windows=576, spacing=0.07763573974304573, CF order=3
  error tolerance: rtol=0.001, atol=1e-05
Failed: Pure curvefit failed for the first window!
Testing N_win=678 N_cf=10
Windowing:
  config: # windows=678, spacing=0.06595602668435743, CF order=10
  error tolerance: rtol=0.001, atol=1e-05
Testing N_win=678 N_cf=9
Windowing:
  config: # windows=678, spacing=0.06595602668435743, CF order=9
  error tolerance: rtol=0.001, atol=1e-05
Testing N_win=678 N_cf=8
Windowing:
  config: # windows=678, spacing=0.06595602668435743, CF order=8
  error tolerance: rtol=0.001, atol=1e-05
Testing N_win=678 N_cf=7
Windowing:
  config: # windows=678, spacing=0.06595602668435743, CF order=7
  error tolerance: rtol=0.001, atol=1e-05
Testing N_win=678 N_cf=6
Windowing:
  config: # windows=678, spacing=0.06595602668435743, CF order=6
  error tolerance: rtol=0.001, atol=1e-05
Testing N_win=678 N_cf=5
Windowing:
  config: # windows=678, spacing=0.06595602668435743, CF order=5
  error tolerance: rtol=0.001, atol=1e-05
Best library so far.
Testing N_win=678 N_cf=4
Windowing:
  config: # windows=678, spacing=0.06595602668435743, CF order=4
  error tolerance: rtol=0.001, atol=1e-05
Best library so far.
Testing N_win=678 N_cf=3
Windowing:
  config: # windows=678, spacing=0.06595602668435743, CF order=3
  error tolerance: rtol=0.001, atol=1e-05
Failed: Pure curvefit failed for the first window!
Testing N_win=779 N_cf=10
Windowing:
  config: # windows=779, spacing=0.05740460345570519, CF order=10
  error tolerance: rtol=0.001, atol=1e-05
Testing N_win=779 N_cf=9
Windowing:
  config: # windows=779, spacing=0.05740460345570519, CF order=9
  error tolerance: rtol=0.001, atol=1e-05
Testing N_win=779 N_cf=8
Windowing:
  config: # windows=779, spacing=0.05740460345570519, CF order=8
  error tolerance: rtol=0.001, atol=1e-05
Testing N_win=779 N_cf=7
Windowing:
  config: # windows=779, spacing=0.05740460345570519, CF order=7
  error tolerance: rtol=0.001, atol=1e-05
Testing N_win=779 N_cf=6
Windowing:
  config: # windows=779, spacing=0.05740460345570519, CF order=6
  error tolerance: rtol=0.001, atol=1e-05
Testing N_win=779 N_cf=5
Windowing:
  config: # windows=779, spacing=0.05740460345570519, CF order=5
  error tolerance: rtol=0.001, atol=1e-05
Testing N_win=779 N_cf=4
Windowing:
  config: # windows=779, spacing=0.05740460345570519, CF order=4
  error tolerance: rtol=0.001, atol=1e-05
Best library so far.
Testing N_win=779 N_cf=3
Windowing:
  config: # windows=779, spacing=0.05740460345570519, CF order=3
  error tolerance: rtol=0.001, atol=1e-05
Testing N_win=779 N_cf=2
Windowing:
  config: # windows=779, spacing=0.05740460345570519, CF order=2
  error tolerance: rtol=0.001, atol=1e-05
Failed: Pure curvefit failed for the first window!
Testing N_win=881 N_cf=10
Windowing:
  config: # windows=881, spacing=0.050758440513046926, CF order=10
  error tolerance: rtol=0.001, atol=1e-05
Testing N_win=881 N_cf=9
Windowing:
  config: # windows=881, spacing=0.050758440513046926, CF order=9
  error tolerance: rtol=0.001, atol=1e-05
Testing N_win=881 N_cf=8
Windowing:
  config: # windows=881, spacing=0.050758440513046926, CF order=8
  error tolerance: rtol=0.001, atol=1e-05
Testing N_win=881 N_cf=7
Windowing:
  config: # windows=881, spacing=0.050758440513046926, CF order=7
  error tolerance: rtol=0.001, atol=1e-05
Testing N_win=881 N_cf=6
Windowing:
  config: # windows=881, spacing=0.050758440513046926, CF order=6
  error tolerance: rtol=0.001, atol=1e-05
Testing N_win=881 N_cf=5
Windowing:
  config: # windows=881, spacing=0.050758440513046926, CF order=5
  error tolerance: rtol=0.001, atol=1e-05
Testing N_win=881 N_cf=4
Windowing:
  config: # windows=881, spacing=0.050758440513046926, CF order=4
  error tolerance: rtol=0.001, atol=1e-05
Best library so far.
Testing N_win=881 N_cf=3
Windowing:
  config: # windows=881, spacing=0.050758440513046926, CF order=3
  error tolerance: rtol=0.001, atol=1e-05
Testing N_win=881 N_cf=2
Windowing:
  config: # windows=881, spacing=0.050758440513046926, CF order=2
  error tolerance: rtol=0.001, atol=1e-05
Failed: Pure curvefit failed for the first window!
Testing N_win=983 N_cf=10
Windowing:
  config: # windows=983, spacing=0.04549154231128621, CF order=10
  error tolerance: rtol=0.001, atol=1e-05
Testing N_win=983 N_cf=9
Windowing:
  config: # windows=983, spacing=0.04549154231128621, CF order=9
  error tolerance: rtol=0.001, atol=1e-05
Testing N_win=983 N_cf=8
Windowing:
  config: # windows=983, spacing=0.04549154231128621, CF order=8
  error tolerance: rtol=0.001, atol=1e-05
Testing N_win=983 N_cf=7
Windowing:
  config: # windows=983, spacing=0.04549154231128621, CF order=7
  error tolerance: rtol=0.001, atol=1e-05
Testing N_win=983 N_cf=6
Windowing:
  config: # windows=983, spacing=0.04549154231128621, CF order=6
  error tolerance: rtol=0.001, atol=1e-05
Testing N_win=983 N_cf=5
Windowing:
  config: # windows=983, spacing=0.04549154231128621, CF order=5
  error tolerance: rtol=0.001, atol=1e-05
Testing N_win=983 N_cf=4
Windowing:
  config: # windows=983, spacing=0.04549154231128621, CF order=4
  error tolerance: rtol=0.001, atol=1e-05
Testing N_win=983 N_cf=3
Windowing:
  config: # windows=983, spacing=0.04549154231128621, CF order=3
  error tolerance: rtol=0.001, atol=1e-05
Testing N_win=983 N_cf=2
Windowing:
  config: # windows=983, spacing=0.04549154231128621, CF order=2
  error tolerance: rtol=0.001, atol=1e-05
Failed: Pure curvefit failed for the first window!
Testing N_win=1084 N_cf=10
Windowing:
  config: # windows=1084, spacing=0.04125293919925677, CF order=10
  error tolerance: rtol=0.001, atol=1e-05
Testing N_win=1084 N_cf=9
Windowing:
  config: # windows=1084, spacing=0.04125293919925677, CF order=9
  error tolerance: rtol=0.001, atol=1e-05
Testing N_win=1084 N_cf=8
Windowing:
  config: # windows=1084, spacing=0.04125293919925677, CF order=8
  error tolerance: rtol=0.001, atol=1e-05
Testing N_win=1084 N_cf=7
Windowing:
  config: # windows=1084, spacing=0.04125293919925677, CF order=7
  error tolerance: rtol=0.001, atol=1e-05
Testing N_win=1084 N_cf=6
Windowing:
  config: # windows=1084, spacing=0.04125293919925677, CF order=6
  error tolerance: rtol=0.001, atol=1e-05
Testing N_win=1084 N_cf=5
Windowing:
  config: # windows=1084, spacing=0.04125293919925677, CF order=5
  error tolerance: rtol=0.001, atol=1e-05
Testing N_win=1084 N_cf=4
Windowing:
  config: # windows=1084, spacing=0.04125293919925677, CF order=4
  error tolerance: rtol=0.001, atol=1e-05
Testing N_win=1084 N_cf=3
Windowing:
  config: # windows=1084, spacing=0.04125293919925677, CF order=3
  error tolerance: rtol=0.001, atol=1e-05
Testing N_win=1084 N_cf=2
Windowing:
  config: # windows=1084, spacing=0.04125293919925677, CF order=2
  error tolerance: rtol=0.001, atol=1e-05
Failed: Pure curvefit failed for the first window!
Testing N_win=1186 N_cf=10
Windowing:
  config: # windows=1186, spacing=0.03770504729510484, CF order=10
  error tolerance: rtol=0.001, atol=1e-05
Testing N_win=1186 N_cf=9
Windowing:
  config: # windows=1186, spacing=0.03770504729510484, CF order=9
  error tolerance: rtol=0.001, atol=1e-05
Testing N_win=1186 N_cf=8
Windowing:
  config: # windows=1186, spacing=0.03770504729510484, CF order=8
  error tolerance: rtol=0.001, atol=1e-05
Testing N_win=1186 N_cf=7
Windowing:
  config: # windows=1186, spacing=0.03770504729510484, CF order=7
  error tolerance: rtol=0.001, atol=1e-05
Testing N_win=1186 N_cf=6
Windowing:
  config: # windows=1186, spacing=0.03770504729510484, CF order=6
  error tolerance: rtol=0.001, atol=1e-05
Testing N_win=1186 N_cf=5
Windowing:
  config: # windows=1186, spacing=0.03770504729510484, CF order=5
  error tolerance: rtol=0.001, atol=1e-05
Testing N_win=1186 N_cf=4
Windowing:
  config: # windows=1186, spacing=0.03770504729510484, CF order=4
  error tolerance: rtol=0.001, atol=1e-05
Testing N_win=1186 N_cf=3
Windowing:
  config: # windows=1186, spacing=0.03770504729510484, CF order=3
  error tolerance: rtol=0.001, atol=1e-05
Testing N_win=1186 N_cf=2
Windowing:
  config: # windows=1186, spacing=0.03770504729510484, CF order=2
  error tolerance: rtol=0.001, atol=1e-05
Failed: Pure curvefit failed for the first window!
Testing N_win=1288 N_cf=10
Windowing:
  config: # windows=1288, spacing=0.03471908858074095, CF order=10
  error tolerance: rtol=0.001, atol=1e-05
Testing N_win=1288 N_cf=9
Windowing:
  config: # windows=1288, spacing=0.03471908858074095, CF order=9
  error tolerance: rtol=0.001, atol=1e-05
Testing N_win=1288 N_cf=8
Windowing:
  config: # windows=1288, spacing=0.03471908858074095, CF order=8
  error tolerance: rtol=0.001, atol=1e-05
Testing N_win=1288 N_cf=7
Windowing:
  config: # windows=1288, spacing=0.03471908858074095, CF order=7
  error tolerance: rtol=0.001, atol=1e-05
Testing N_win=1288 N_cf=6
Windowing:
  config: # windows=1288, spacing=0.03471908858074095, CF order=6
  error tolerance: rtol=0.001, atol=1e-05
Testing N_win=1288 N_cf=5
Windowing:
  config: # windows=1288, spacing=0.03471908858074095, CF order=5
  error tolerance: rtol=0.001, atol=1e-05
Testing N_win=1288 N_cf=4
Windowing:
  config: # windows=1288, spacing=0.03471908858074095, CF order=4
  error tolerance: rtol=0.001, atol=1e-05
Testing N_win=1288 N_cf=3
Windowing:
  config: # windows=1288, spacing=0.03471908858074095, CF order=3
  error tolerance: rtol=0.001, atol=1e-05
Testing N_win=1288 N_cf=2
Windowing:
  config: # windows=1288, spacing=0.03471908858074095, CF order=2
  error tolerance: rtol=0.001, atol=1e-05
Failed: Pure curvefit failed for the first window!
Testing N_win=1389 N_cf=10
Windowing:
  config: # windows=1389, spacing=0.032194518424761946, CF order=10
  error tolerance: rtol=0.001, atol=1e-05
Testing N_win=1389 N_cf=9
Windowing:
  config: # windows=1389, spacing=0.032194518424761946, CF order=9
  error tolerance: rtol=0.001, atol=1e-05
Testing N_win=1389 N_cf=8
Windowing:
  config: # windows=1389, spacing=0.032194518424761946, CF order=8
  error tolerance: rtol=0.001, atol=1e-05
Testing N_win=1389 N_cf=7
Windowing:
  config: # windows=1389, spacing=0.032194518424761946, CF order=7
  error tolerance: rtol=0.001, atol=1e-05
Testing N_win=1389 N_cf=6
Windowing:
  config: # windows=1389, spacing=0.032194518424761946, CF order=6
  error tolerance: rtol=0.001, atol=1e-05
Testing N_win=1389 N_cf=5
Windowing:
  config: # windows=1389, spacing=0.032194518424761946, CF order=5
  error tolerance: rtol=0.001, atol=1e-05
Testing N_win=1389 N_cf=4
Windowing:
  config: # windows=1389, spacing=0.032194518424761946, CF order=4
  error tolerance: rtol=0.001, atol=1e-05
Testing N_win=1389 N_cf=3
Windowing:
  config: # windows=1389, spacing=0.032194518424761946, CF order=3
  error tolerance: rtol=0.001, atol=1e-05
Testing N_win=1389 N_cf=2
Windowing:
  config: # windows=1389, spacing=0.032194518424761946, CF order=2
  error tolerance: rtol=0.001, atol=1e-05
Failed: Pure curvefit failed for the first window!
Testing N_win=1491 N_cf=10
Windowing:
  config: # windows=1491, spacing=0.029992076520452274, CF order=10
  error tolerance: rtol=0.001, atol=1e-05
Testing N_win=1491 N_cf=9
Windowing:
  config: # windows=1491, spacing=0.029992076520452274, CF order=9
  error tolerance: rtol=0.001, atol=1e-05
Testing N_win=1491 N_cf=8
Windowing:
  config: # windows=1491, spacing=0.029992076520452274, CF order=8
  error tolerance: rtol=0.001, atol=1e-05
Testing N_win=1491 N_cf=7
Windowing:
  config: # windows=1491, spacing=0.029992076520452274, CF order=7
  error tolerance: rtol=0.001, atol=1e-05
Testing N_win=1491 N_cf=6
Windowing:
  config: # windows=1491, spacing=0.029992076520452274, CF order=6
  error tolerance: rtol=0.001, atol=1e-05
Testing N_win=1491 N_cf=5
Windowing:
  config: # windows=1491, spacing=0.029992076520452274, CF order=5
  error tolerance: rtol=0.001, atol=1e-05
Testing N_win=1491 N_cf=4
Windowing:
  config: # windows=1491, spacing=0.029992076520452274, CF order=4
  error tolerance: rtol=0.001, atol=1e-05
Testing N_win=1491 N_cf=3
Windowing:
  config: # windows=1491, spacing=0.029992076520452274, CF order=3
  error tolerance: rtol=0.001, atol=1e-05
Testing N_win=1491 N_cf=2
Windowing:
  config: # windows=1491, spacing=0.029992076520452274, CF order=2
  error tolerance: rtol=0.001, atol=1e-05
Failed: Pure curvefit failed for the first window!
Testing N_win=1593 N_cf=10
Windowing:
  config: # windows=1593, spacing=0.02807167990708998, CF order=10
  error tolerance: rtol=0.001, atol=1e-05
Testing N_win=1593 N_cf=9
Windowing:
  config: # windows=1593, spacing=0.02807167990708998, CF order=9
  error tolerance: rtol=0.001, atol=1e-05
Testing N_win=1593 N_cf=8
Windowing:
  config: # windows=1593, spacing=0.02807167990708998, CF order=8
  error tolerance: rtol=0.001, atol=1e-05
Testing N_win=1593 N_cf=7
Windowing:
  config: # windows=1593, spacing=0.02807167990708998, CF order=7
  error tolerance: rtol=0.001, atol=1e-05
Testing N_win=1593 N_cf=6
Windowing:
  config: # windows=1593, spacing=0.02807167990708998, CF order=6
  error tolerance: rtol=0.001, atol=1e-05
Testing N_win=1593 N_cf=5
Windowing:
  config: # windows=1593, spacing=0.02807167990708998, CF order=5
  error tolerance: rtol=0.001, atol=1e-05
Testing N_win=1593 N_cf=4
Windowing:
  config: # windows=1593, spacing=0.02807167990708998, CF order=4
  error tolerance: rtol=0.001, atol=1e-05
Testing N_win=1593 N_cf=3
Windowing:
  config: # windows=1593, spacing=0.02807167990708998, CF order=3
  error tolerance: rtol=0.001, atol=1e-05
Testing N_win=1593 N_cf=2
Windowing:
  config: # windows=1593, spacing=0.02807167990708998, CF order=2
  error tolerance: rtol=0.001, atol=1e-05
Failed: Pure curvefit failed for the first window!
Testing N_win=1694 N_cf=10
Windowing:
  config: # windows=1694, spacing=0.02639798470601791, CF order=10
  error tolerance: rtol=0.001, atol=1e-05
Testing N_win=1694 N_cf=9
Windowing:
  config: # windows=1694, spacing=0.02639798470601791, CF order=9
  error tolerance: rtol=0.001, atol=1e-05
Testing N_win=1694 N_cf=8
Windowing:
  config: # windows=1694, spacing=0.02639798470601791, CF order=8
  error tolerance: rtol=0.001, atol=1e-05
Testing N_win=1694 N_cf=7
Windowing:
  config: # windows=1694, spacing=0.02639798470601791, CF order=7
  error tolerance: rtol=0.001, atol=1e-05
Testing N_win=1694 N_cf=6
Windowing:
  config: # windows=1694, spacing=0.02639798470601791, CF order=6
  error tolerance: rtol=0.001, atol=1e-05
Testing N_win=1694 N_cf=5
Windowing:
  config: # windows=1694, spacing=0.02639798470601791, CF order=5
  error tolerance: rtol=0.001, atol=1e-05
Testing N_win=1694 N_cf=4
Windowing:
  config: # windows=1694, spacing=0.02639798470601791, CF order=4
  error tolerance: rtol=0.001, atol=1e-05
Testing N_win=1694 N_cf=3
Windowing:
  config: # windows=1694, spacing=0.02639798470601791, CF order=3
  error tolerance: rtol=0.001, atol=1e-05
Testing N_win=1694 N_cf=2
Windowing:
  config: # windows=1694, spacing=0.02639798470601791, CF order=2
  error tolerance: rtol=0.001, atol=1e-05
Failed: Pure curvefit failed for the first window!
Testing N_win=1796 N_cf=10
Windowing:
  config: # windows=1796, spacing=0.024898767311800858, CF order=10
  error tolerance: rtol=0.001, atol=1e-05
Testing N_win=1796 N_cf=9
Windowing:
  config: # windows=1796, spacing=0.024898767311800858, CF order=9
  error tolerance: rtol=0.001, atol=1e-05
Testing N_win=1796 N_cf=8
Windowing:
  config: # windows=1796, spacing=0.024898767311800858, CF order=8
  error tolerance: rtol=0.001, atol=1e-05
Testing N_win=1796 N_cf=7
Windowing:
  config: # windows=1796, spacing=0.024898767311800858, CF order=7
  error tolerance: rtol=0.001, atol=1e-05
Testing N_win=1796 N_cf=6
Windowing:
  config: # windows=1796, spacing=0.024898767311800858, CF order=6
  error tolerance: rtol=0.001, atol=1e-05
Testing N_win=1796 N_cf=5
Windowing:
  config: # windows=1796, spacing=0.024898767311800858, CF order=5
  error tolerance: rtol=0.001, atol=1e-05
Testing N_win=1796 N_cf=4
Windowing:
  config: # windows=1796, spacing=0.024898767311800858, CF order=4
  error tolerance: rtol=0.001, atol=1e-05
Testing N_win=1796 N_cf=3
Windowing:
  config: # windows=1796, spacing=0.024898767311800858, CF order=3
  error tolerance: rtol=0.001, atol=1e-05
Testing N_win=1796 N_cf=2
Windowing:
  config: # windows=1796, spacing=0.024898767311800858, CF order=2
  error tolerance: rtol=0.001, atol=1e-05
Failed: Pure curvefit failed for the first window!
Testing N_win=1898 N_cf=10
Windowing:
  config: # windows=1898, spacing=0.023560688141198282, CF order=10
  error tolerance: rtol=0.001, atol=1e-05
Testing N_win=1898 N_cf=9
Windowing:
  config: # windows=1898, spacing=0.023560688141198282, CF order=9
  error tolerance: rtol=0.001, atol=1e-05
Testing N_win=1898 N_cf=8
Windowing:
  config: # windows=1898, spacing=0.023560688141198282, CF order=8
  error tolerance: rtol=0.001, atol=1e-05
Testing N_win=1898 N_cf=7
Windowing:
  config: # windows=1898, spacing=0.023560688141198282, CF order=7
  error tolerance: rtol=0.001, atol=1e-05
Testing N_win=1898 N_cf=6
Windowing:
  config: # windows=1898, spacing=0.023560688141198282, CF order=6
  error tolerance: rtol=0.001, atol=1e-05
Testing N_win=1898 N_cf=5
Windowing:
  config: # windows=1898, spacing=0.023560688141198282, CF order=5
  error tolerance: rtol=0.001, atol=1e-05
Testing N_win=1898 N_cf=4
Windowing:
  config: # windows=1898, spacing=0.023560688141198282, CF order=4
  error tolerance: rtol=0.001, atol=1e-05
Testing N_win=1898 N_cf=3
Windowing:
  config: # windows=1898, spacing=0.023560688141198282, CF order=3
  error tolerance: rtol=0.001, atol=1e-05
Testing N_win=1898 N_cf=2
Windowing:
  config: # windows=1898, spacing=0.023560688141198282, CF order=2
  error tolerance: rtol=0.001, atol=1e-05
Failed: Pure curvefit failed for the first window!
Testing N_win=2000 N_cf=10
Windowing:
  config: # windows=2000, spacing=0.02235909304599717, CF order=10
  error tolerance: rtol=0.001, atol=1e-05
Testing N_win=2000 N_cf=9
Windowing:
  config: # windows=2000, spacing=0.02235909304599717, CF order=9
  error tolerance: rtol=0.001, atol=1e-05
Testing N_win=2000 N_cf=8
Windowing:
  config: # windows=2000, spacing=0.02235909304599717, CF order=8
  error tolerance: rtol=0.001, atol=1e-05
Testing N_win=2000 N_cf=7
Windowing:
  config: # windows=2000, spacing=0.02235909304599717, CF order=7
  error tolerance: rtol=0.001, atol=1e-05
Testing N_win=2000 N_cf=6
Windowing:
  config: # windows=2000, spacing=0.02235909304599717, CF order=6
  error tolerance: rtol=0.001, atol=1e-05
Testing N_win=2000 N_cf=5
Windowing:
  config: # windows=2000, spacing=0.02235909304599717, CF order=5
  error tolerance: rtol=0.001, atol=1e-05
Testing N_win=2000 N_cf=4
Windowing:
  config: # windows=2000, spacing=0.02235909304599717, CF order=4
  error tolerance: rtol=0.001, atol=1e-05
Testing N_win=2000 N_cf=3
Windowing:
  config: # windows=2000, spacing=0.02235909304599717, CF order=3
  error tolerance: rtol=0.001, atol=1e-05
Testing N_win=2000 N_cf=2
Windowing:
  config: # windows=2000, spacing=0.02235909304599717, CF order=2
  error tolerance: rtol=0.001, atol=1e-05
Failed: Pure curvefit failed for the first window!
Final library: 1019 poles, 881 windows, 7.7 poles per window, 4 CF order
