Running NJOY to get 0K point-wise data (error=0.0005)...
Parsing cross sections within resolved resonance range...
  MTs: [2, 27, 102, 103, 107]
  Energy range: 1.000e-05 to 8.340e+05 eV (22954 points)
Vector fitting piece 1/11...
  energy: 1.000e-05 to 7.500e+03 eV (768 points)
  error tolerance: rtol=0.001, atol=1e-05
Found 0 peaks
Fitting orders from 2 to 200
Order=2(0/100)
Order=4(1/100)
Order=6(2/100)
Found ideal results. Stop!
Found 1 real poles and 3 conjugate complex pairs.
Final number of poles: 4
Saved figure: WMP_Lib/Cr54/0-7500_MT2.png
Saved figure: WMP_Lib/Cr54/0-7500_MT27.png
Saved figure: WMP_Lib/Cr54/0-7500_MT102.png
Vector fitting piece 2/11...
  energy: 1.688e+03 to 2.787e+04 eV (1695 points)
  error tolerance: rtol=0.001, atol=1e-05
Found 5 peaks
Fitting orders from 10 to 200
Order=10(0/96)
Order=12(1/96)
Order=14(2/96)
Order=16(3/96)
Order=18(4/96)
Order=20(5/96)
Order=22(6/96)
Order=24(7/96)
Order=26(8/96)
Order=28(9/96)
Order=30(10/96)
Order=32(11/96)
Order=34(12/96)
Order=36(13/96)
Order=38(14/96)
Order=40(15/96)
Order=42(16/96)
Order=44(17/96)
Order=46(18/96)
Order=48(19/96)
Order=50(20/96)
Order=52(21/96)
Order=54(22/96)
Order=56(23/96)
Order=58(24/96)
Order=60(25/96)
Found 0 real poles and 7 conjugate complex pairs.
Final number of poles: 7
Saved figure: WMP_Lib/Cr54/1688-27868_MT2.png
Saved figure: WMP_Lib/Cr54/1688-27868_MT27.png
Saved figure: WMP_Lib/Cr54/1688-27868_MT102.png
Vector fitting piece 3/11...
  energy: 1.537e+04 to 6.276e+04 eV (1418 points)
  error tolerance: rtol=0.001, atol=1e-05
Found 4 peaks
Fitting orders from 8 to 200
Order=8(0/97)
Order=10(1/97)
Order=12(2/97)
Order=14(3/97)
Order=16(4/97)
Order=18(5/97)
Order=20(6/97)
Order=22(7/97)
Order=24(8/97)
Order=26(9/97)
Order=28(10/97)
Order=30(11/97)
Order=32(12/97)
Order=34(13/97)
Order=36(14/97)
Order=38(15/97)
Order=40(16/97)
Order=42(17/97)
Order=44(18/97)
Order=46(19/97)
Order=48(20/97)
Order=50(21/97)
Order=52(22/97)
Order=54(23/97)
Order=56(24/97)
Order=58(25/97)
Order=60(26/97)
Found 2 real poles and 5 conjugate complex pairs.
Final number of poles: 7
Saved figure: WMP_Lib/Cr54/15371-62764_MT2.png
Saved figure: WMP_Lib/Cr54/15371-62764_MT27.png
Saved figure: WMP_Lib/Cr54/15371-62764_MT102.png
Vector fitting piece 4/11...
  energy: 4.255e+04 to 1.105e+05 eV (2272 points)
  error tolerance: rtol=0.001, atol=1e-05
Found 7 peaks
Fitting orders from 14 to 200
Order=14(0/94)
Order=16(1/94)
Order=18(2/94)
Order=20(3/94)
Order=22(4/94)
Order=24(5/94)
Order=26(6/94)
Order=28(7/94)
Order=30(8/94)
Order=32(9/94)
Order=34(10/94)
Order=36(11/94)
Order=38(12/94)
Order=40(13/94)
Order=42(14/94)
Order=44(15/94)
Order=46(16/94)
Order=48(17/94)
Order=50(18/94)
Order=52(19/94)
Order=54(20/94)
Order=56(21/94)
Order=58(22/94)
Order=60(23/94)
Found 2 real poles and 9 conjugate complex pairs.
Final number of poles: 11
Saved figure: WMP_Lib/Cr54/42554-110539_MT2.png
Saved figure: WMP_Lib/Cr54/42554-110539_MT27.png
Saved figure: WMP_Lib/Cr54/42554-110539_MT102.png
Vector fitting piece 5/11...
  energy: 8.379e+04 to 1.727e+05 eV (2951 points)
  error tolerance: rtol=0.001, atol=1e-05
Found 10 peaks
Fitting orders from 20 to 200
Order=20(0/91)
Order=22(1/91)
Order=24(2/91)
Order=26(3/91)
Order=28(4/91)
Order=30(5/91)
Order=32(6/91)
Order=34(7/91)
Order=36(8/91)
Order=38(9/91)
Order=40(10/91)
Order=42(11/91)
Order=44(12/91)
Order=46(13/91)
Order=48(14/91)
Order=50(15/91)
Order=52(16/91)
Order=54(17/91)
Order=56(18/91)
Order=58(19/91)
Order=60(20/91)
Found 0 real poles and 12 conjugate complex pairs.
Final number of poles: 12
Saved figure: WMP_Lib/Cr54/83792-172698_MT2.png
Saved figure: WMP_Lib/Cr54/83792-172698_MT27.png
Saved figure: WMP_Lib/Cr54/83792-172698_MT102.png
Vector fitting piece 6/11...
  energy: 1.393e+05 to 2.484e+05 eV (2580 points)
  error tolerance: rtol=0.001, atol=1e-05
Found 9 peaks
Fitting orders from 18 to 200
Order=18(0/92)
Order=20(1/92)
Order=22(2/92)
Order=24(3/92)
Order=26(4/92)
Order=28(5/92)
Order=30(6/92)
Order=32(7/92)
Order=34(8/92)
Order=36(9/92)
Order=38(10/92)
Order=40(11/92)
Order=42(12/92)
Order=44(13/92)
Order=46(14/92)
Order=48(15/92)
Order=50(16/92)
Order=52(17/92)
Order=54(18/92)
Order=56(19/92)
Order=58(20/92)
Order=60(21/92)
Found 4 real poles and 11 conjugate complex pairs.
Final number of poles: 15
Saved figure: WMP_Lib/Cr54/139285-248429_MT2.png
Saved figure: WMP_Lib/Cr54/139285-248429_MT27.png
Saved figure: WMP_Lib/Cr54/139285-248429_MT102.png
Vector fitting piece 7/11...
  energy: 2.082e+05 to 3.385e+05 eV (3276 points)
  error tolerance: rtol=0.001, atol=1e-05
Found 16 peaks
Fitting orders from 32 to 200
Order=32(0/85)
Order=34(1/85)
Order=36(2/85)
Order=38(3/85)
Order=40(4/85)
Order=42(5/85)
Order=44(6/85)
Order=46(7/85)
Order=48(8/85)
Order=50(9/85)
Order=52(10/85)
Order=54(11/85)
Order=56(12/85)
Order=58(13/85)
Order=60(14/85)
Found 4 real poles and 16 conjugate complex pairs.
Final number of poles: 20
Saved figure: WMP_Lib/Cr54/208194-338463_MT2.png
Saved figure: WMP_Lib/Cr54/208194-338463_MT27.png
Saved figure: WMP_Lib/Cr54/208194-338463_MT102.png
Vector fitting piece 8/11...
  energy: 2.909e+05 to 4.415e+05 eV (3991 points)
  error tolerance: rtol=0.001, atol=1e-05
Found 18 peaks
Fitting orders from 36 to 200
Order=36(0/83)
Order=38(1/83)
Order=40(2/83)
Order=42(3/83)
Order=44(4/83)
Order=46(5/83)
Order=48(6/83)
Order=50(7/83)
Order=52(8/83)
Order=54(9/83)
Order=56(10/83)
Order=58(11/83)
Order=60(12/83)
Found 2 real poles and 21 conjugate complex pairs.
Final number of poles: 23
Saved figure: WMP_Lib/Cr54/290868-441519_MT2.png
Saved figure: WMP_Lib/Cr54/290868-441519_MT27.png
Saved figure: WMP_Lib/Cr54/290868-441519_MT102.png
Vector fitting piece 9/11...
  energy: 3.874e+05 to 5.590e+05 eV (4550 points)
  error tolerance: rtol=0.001, atol=1e-05
Found 25 peaks
Fitting orders from 50 to 200
Order=50(0/76)
Order=52(1/76)
Order=54(2/76)
Order=56(3/76)
Order=58(4/76)
Order=60(5/76)
Order=62(6/76)
Order=64(7/76)
Found 4 real poles and 25 conjugate complex pairs.
Final number of poles: 29
Saved figure: WMP_Lib/Cr54/387355-559002_MT2.png
Saved figure: WMP_Lib/Cr54/387355-559002_MT27.png
Saved figure: WMP_Lib/Cr54/387355-559002_MT102.png
Vector fitting piece 10/11...
  energy: 4.976e+05 to 6.898e+05 eV (4209 points)
  error tolerance: rtol=0.001, atol=1e-05
Found 27 peaks
Fitting orders from 54 to 200
Order=54(0/74)
Order=56(1/74)
Order=58(2/74)
Order=60(3/74)
Order=62(4/74)
Order=64(5/74)
Order=66(6/74)
Order=68(7/74)
Found 2 real poles and 28 conjugate complex pairs.
Final number of poles: 30
Saved figure: WMP_Lib/Cr54/497550-689766_MT2.png
Saved figure: WMP_Lib/Cr54/497550-689766_MT27.png
Saved figure: WMP_Lib/Cr54/497550-689766_MT102.png
Vector fitting piece 11/11...
  energy: 6.216e+05 to 8.340e+05 eV (4777 points)
  error tolerance: rtol=0.001, atol=1e-05
Found 33 peaks
Fitting orders from 66 to 200
Order=66(0/68)
Order=68(1/68)
Order=70(2/68)
Order=72(3/68)
Order=74(4/68)
Order=76(5/68)
Order=78(6/68)
Order=80(7/68)
Order=82(8/68)
Order=84(9/68)
Order=86(10/68)
Found 2 real poles and 37 conjugate complex pairs.
Final number of poles: 39
Saved figure: WMP_Lib/Cr54/621572-834000_MT2.png
Saved figure: WMP_Lib/Cr54/621572-834000_MT27.png
Saved figure: WMP_Lib/Cr54/621572-834000_MT102.png
Dumped multipole data to file: WMP_Lib/Cr54/Cr54_mp.pickle
Start searching ...
Testing N_win=9 N_cf=10
Failed: Window spacing cannot be larger than piece spacing.
Testing N_win=113 N_cf=10
Windowing:
  config: # windows=113, spacing=8.081706084234055, CF order=10
  error tolerance: rtol=0.001, atol=1e-05
Best library so far.
Testing N_win=113 N_cf=9
Windowing:
  config: # windows=113, spacing=8.081706084234055, CF order=9
  error tolerance: rtol=0.001, atol=1e-05
Best library so far.
Testing N_win=113 N_cf=8
Windowing:
  config: # windows=113, spacing=8.081706084234055, CF order=8
  error tolerance: rtol=0.001, atol=1e-05
Best library so far.
Testing N_win=113 N_cf=7
Windowing:
  config: # windows=113, spacing=8.081706084234055, CF order=7
  error tolerance: rtol=0.001, atol=1e-05
Best library so far.
Testing N_win=113 N_cf=6
Windowing:
  config: # windows=113, spacing=8.081706084234055, CF order=6
  error tolerance: rtol=0.001, atol=1e-05
Best library so far.
Testing N_win=113 N_cf=5
Windowing:
  config: # windows=113, spacing=8.081706084234055, CF order=5
  error tolerance: rtol=0.001, atol=1e-05
Best library so far.
Testing N_win=113 N_cf=4
Windowing:
  config: # windows=113, spacing=8.081706084234055, CF order=4
  error tolerance: rtol=0.001, atol=1e-05
Best library so far.
Testing N_win=113 N_cf=3
Windowing:
  config: # windows=113, spacing=8.081706084234055, CF order=3
  error tolerance: rtol=0.001, atol=1e-05
Best library so far.
Testing N_win=113 N_cf=2
Windowing:
  config: # windows=113, spacing=8.081706084234055, CF order=2
  error tolerance: rtol=0.001, atol=1e-05
Failed: Pure curvefit failed for the first window!
Testing N_win=218 N_cf=10
Windowing:
  config: # windows=218, spacing=4.189141227148845, CF order=10
  error tolerance: rtol=0.001, atol=1e-05
Best library so far.
Testing N_win=218 N_cf=9
Windowing:
  config: # windows=218, spacing=4.189141227148845, CF order=9
  error tolerance: rtol=0.001, atol=1e-05
Best library so far.
Testing N_win=218 N_cf=8
Windowing:
  config: # windows=218, spacing=4.189141227148845, CF order=8
  error tolerance: rtol=0.001, atol=1e-05
Best library so far.
Testing N_win=218 N_cf=7
Windowing:
  config: # windows=218, spacing=4.189141227148845, CF order=7
  error tolerance: rtol=0.001, atol=1e-05
Best library so far.
Testing N_win=218 N_cf=6
Windowing:
  config: # windows=218, spacing=4.189141227148845, CF order=6
  error tolerance: rtol=0.001, atol=1e-05
Best library so far.
Testing N_win=218 N_cf=5
Windowing:
  config: # windows=218, spacing=4.189141227148845, CF order=5
  error tolerance: rtol=0.001, atol=1e-05
Best library so far.
Testing N_win=218 N_cf=4
Windowing:
  config: # windows=218, spacing=4.189141227148845, CF order=4
  error tolerance: rtol=0.001, atol=1e-05
Best library so far.
Testing N_win=218 N_cf=3
Windowing:
  config: # windows=218, spacing=4.189141227148845, CF order=3
  error tolerance: rtol=0.001, atol=1e-05
Best library so far.
Testing N_win=218 N_cf=2
Windowing:
  config: # windows=218, spacing=4.189141227148845, CF order=2
  error tolerance: rtol=0.001, atol=1e-05
Failed: Pure curvefit failed for the first window!
Testing N_win=323 N_cf=10
Windowing:
  config: # windows=323, spacing=2.8273460913883843, CF order=10
  error tolerance: rtol=0.001, atol=1e-05
Testing N_win=323 N_cf=9
Windowing:
  config: # windows=323, spacing=2.8273460913883843, CF order=9
  error tolerance: rtol=0.001, atol=1e-05
Testing N_win=323 N_cf=8
Windowing:
  config: # windows=323, spacing=2.8273460913883843, CF order=8
  error tolerance: rtol=0.001, atol=1e-05
Testing N_win=323 N_cf=7
Windowing:
  config: # windows=323, spacing=2.8273460913883843, CF order=7
  error tolerance: rtol=0.001, atol=1e-05
Testing N_win=323 N_cf=6
Windowing:
  config: # windows=323, spacing=2.8273460913883843, CF order=6
  error tolerance: rtol=0.001, atol=1e-05
Testing N_win=323 N_cf=5
Windowing:
  config: # windows=323, spacing=2.8273460913883843, CF order=5
  error tolerance: rtol=0.001, atol=1e-05
Testing N_win=323 N_cf=4
Windowing:
  config: # windows=323, spacing=2.8273460913883843, CF order=4
  error tolerance: rtol=0.001, atol=1e-05
Testing N_win=323 N_cf=3
Windowing:
  config: # windows=323, spacing=2.8273460913883843, CF order=3
  error tolerance: rtol=0.001, atol=1e-05
Testing N_win=323 N_cf=2
Windowing:
  config: # windows=323, spacing=2.8273460913883843, CF order=2
  error tolerance: rtol=0.001, atol=1e-05
Testing N_win=428 N_cf=10
Windowing:
  config: # windows=428, spacing=2.1337214661645985, CF order=10
  error tolerance: rtol=0.001, atol=1e-05
Testing N_win=428 N_cf=9
Windowing:
  config: # windows=428, spacing=2.1337214661645985, CF order=9
  error tolerance: rtol=0.001, atol=1e-05
Testing N_win=428 N_cf=8
Windowing:
  config: # windows=428, spacing=2.1337214661645985, CF order=8
  error tolerance: rtol=0.001, atol=1e-05
Testing N_win=428 N_cf=7
Windowing:
  config: # windows=428, spacing=2.1337214661645985, CF order=7
  error tolerance: rtol=0.001, atol=1e-05
Testing N_win=428 N_cf=6
Windowing:
  config: # windows=428, spacing=2.1337214661645985, CF order=6
  error tolerance: rtol=0.001, atol=1e-05
Testing N_win=428 N_cf=5
Windowing:
  config: # windows=428, spacing=2.1337214661645985, CF order=5
  error tolerance: rtol=0.001, atol=1e-05
Testing N_win=428 N_cf=4
Windowing:
  config: # windows=428, spacing=2.1337214661645985, CF order=4
  error tolerance: rtol=0.001, atol=1e-05
Testing N_win=428 N_cf=3
Windowing:
  config: # windows=428, spacing=2.1337214661645985, CF order=3
  error tolerance: rtol=0.001, atol=1e-05
Testing N_win=428 N_cf=2
Windowing:
  config: # windows=428, spacing=2.1337214661645985, CF order=2
  error tolerance: rtol=0.001, atol=1e-05
Testing N_win=532 N_cf=10
Windowing:
  config: # windows=532, spacing=1.7166029840572334, CF order=10
  error tolerance: rtol=0.001, atol=1e-05
Testing N_win=532 N_cf=9
Windowing:
  config: # windows=532, spacing=1.7166029840572334, CF order=9
  error tolerance: rtol=0.001, atol=1e-05
Testing N_win=532 N_cf=8
Windowing:
  config: # windows=532, spacing=1.7166029840572334, CF order=8
  error tolerance: rtol=0.001, atol=1e-05
Testing N_win=532 N_cf=7
Windowing:
  config: # windows=532, spacing=1.7166029840572334, CF order=7
  error tolerance: rtol=0.001, atol=1e-05
Testing N_win=532 N_cf=6
Windowing:
  config: # windows=532, spacing=1.7166029840572334, CF order=6
  error tolerance: rtol=0.001, atol=1e-05
Testing N_win=532 N_cf=5
Windowing:
  config: # windows=532, spacing=1.7166029840572334, CF order=5
  error tolerance: rtol=0.001, atol=1e-05
Testing N_win=532 N_cf=4
Windowing:
  config: # windows=532, spacing=1.7166029840572334, CF order=4
  error tolerance: rtol=0.001, atol=1e-05
Testing N_win=532 N_cf=3
Windowing:
  config: # windows=532, spacing=1.7166029840572334, CF order=3
  error tolerance: rtol=0.001, atol=1e-05
Testing N_win=532 N_cf=2
Windowing:
  config: # windows=532, spacing=1.7166029840572334, CF order=2
  error tolerance: rtol=0.001, atol=1e-05
Testing N_win=637 N_cf=10
Windowing:
  config: # windows=637, spacing=1.4336464482236235, CF order=10
  error tolerance: rtol=0.001, atol=1e-05
Testing N_win=637 N_cf=9
Windowing:
  config: # windows=637, spacing=1.4336464482236235, CF order=9
  error tolerance: rtol=0.001, atol=1e-05
Testing N_win=637 N_cf=8
Windowing:
  config: # windows=637, spacing=1.4336464482236235, CF order=8
  error tolerance: rtol=0.001, atol=1e-05
Testing N_win=637 N_cf=7
Windowing:
  config: # windows=637, spacing=1.4336464482236235, CF order=7
  error tolerance: rtol=0.001, atol=1e-05
Testing N_win=637 N_cf=6
Windowing:
  config: # windows=637, spacing=1.4336464482236235, CF order=6
  error tolerance: rtol=0.001, atol=1e-05
Testing N_win=637 N_cf=5
Windowing:
  config: # windows=637, spacing=1.4336464482236235, CF order=5
  error tolerance: rtol=0.001, atol=1e-05
Testing N_win=637 N_cf=4
Windowing:
  config: # windows=637, spacing=1.4336464482236235, CF order=4
  error tolerance: rtol=0.001, atol=1e-05
Testing N_win=637 N_cf=3
Windowing:
  config: # windows=637, spacing=1.4336464482236235, CF order=3
  error tolerance: rtol=0.001, atol=1e-05
Testing N_win=637 N_cf=2
Windowing:
  config: # windows=637, spacing=1.4336464482236235, CF order=2
  error tolerance: rtol=0.001, atol=1e-05
Testing N_win=742 N_cf=10
Windowing:
  config: # windows=742, spacing=1.230771950833488, CF order=10
  error tolerance: rtol=0.001, atol=1e-05
Testing N_win=742 N_cf=9
Windowing:
  config: # windows=742, spacing=1.230771950833488, CF order=9
  error tolerance: rtol=0.001, atol=1e-05
Testing N_win=742 N_cf=8
Windowing:
  config: # windows=742, spacing=1.230771950833488, CF order=8
  error tolerance: rtol=0.001, atol=1e-05
Testing N_win=742 N_cf=7
Windowing:
  config: # windows=742, spacing=1.230771950833488, CF order=7
  error tolerance: rtol=0.001, atol=1e-05
Testing N_win=742 N_cf=6
Windowing:
  config: # windows=742, spacing=1.230771950833488, CF order=6
  error tolerance: rtol=0.001, atol=1e-05
Testing N_win=742 N_cf=5
Windowing:
  config: # windows=742, spacing=1.230771950833488, CF order=5
  error tolerance: rtol=0.001, atol=1e-05
Testing N_win=742 N_cf=4
Windowing:
  config: # windows=742, spacing=1.230771950833488, CF order=4
  error tolerance: rtol=0.001, atol=1e-05
Testing N_win=742 N_cf=3
Windowing:
  config: # windows=742, spacing=1.230771950833488, CF order=3
  error tolerance: rtol=0.001, atol=1e-05
Testing N_win=742 N_cf=2
Windowing:
  config: # windows=742, spacing=1.230771950833488, CF order=2
  error tolerance: rtol=0.001, atol=1e-05
Testing N_win=847 N_cf=10
Windowing:
  config: # windows=847, spacing=1.0781969156061961, CF order=10
  error tolerance: rtol=0.001, atol=1e-05
Testing N_win=847 N_cf=9
Windowing:
  config: # windows=847, spacing=1.0781969156061961, CF order=9
  error tolerance: rtol=0.001, atol=1e-05
Testing N_win=847 N_cf=8
Windowing:
  config: # windows=847, spacing=1.0781969156061961, CF order=8
  error tolerance: rtol=0.001, atol=1e-05
Testing N_win=847 N_cf=7
Windowing:
  config: # windows=847, spacing=1.0781969156061961, CF order=7
  error tolerance: rtol=0.001, atol=1e-05
Testing N_win=847 N_cf=6
Windowing:
  config: # windows=847, spacing=1.0781969156061961, CF order=6
  error tolerance: rtol=0.001, atol=1e-05
Testing N_win=847 N_cf=5
Windowing:
  config: # windows=847, spacing=1.0781969156061961, CF order=5
  error tolerance: rtol=0.001, atol=1e-05
Testing N_win=847 N_cf=4
Windowing:
  config: # windows=847, spacing=1.0781969156061961, CF order=4
  error tolerance: rtol=0.001, atol=1e-05
Testing N_win=847 N_cf=3
Windowing:
  config: # windows=847, spacing=1.0781969156061961, CF order=3
  error tolerance: rtol=0.001, atol=1e-05
Testing N_win=847 N_cf=2
Windowing:
  config: # windows=847, spacing=1.0781969156061961, CF order=2
  error tolerance: rtol=0.001, atol=1e-05
Testing N_win=952 N_cf=10
Windowing:
  config: # windows=952, spacing=0.9592781381496305, CF order=10
  error tolerance: rtol=0.001, atol=1e-05
Testing N_win=952 N_cf=9
Windowing:
  config: # windows=952, spacing=0.9592781381496305, CF order=9
  error tolerance: rtol=0.001, atol=1e-05
Testing N_win=952 N_cf=8
Windowing:
  config: # windows=952, spacing=0.9592781381496305, CF order=8
  error tolerance: rtol=0.001, atol=1e-05
Testing N_win=952 N_cf=7
Windowing:
  config: # windows=952, spacing=0.9592781381496305, CF order=7
  error tolerance: rtol=0.001, atol=1e-05
Testing N_win=952 N_cf=6
Windowing:
  config: # windows=952, spacing=0.9592781381496305, CF order=6
  error tolerance: rtol=0.001, atol=1e-05
Testing N_win=952 N_cf=5
Windowing:
  config: # windows=952, spacing=0.9592781381496305, CF order=5
  error tolerance: rtol=0.001, atol=1e-05
Testing N_win=952 N_cf=4
Windowing:
  config: # windows=952, spacing=0.9592781381496305, CF order=4
  error tolerance: rtol=0.001, atol=1e-05
Testing N_win=952 N_cf=3
Windowing:
  config: # windows=952, spacing=0.9592781381496305, CF order=3
  error tolerance: rtol=0.001, atol=1e-05
Testing N_win=952 N_cf=2
Windowing:
  config: # windows=952, spacing=0.9592781381496305, CF order=2
  error tolerance: rtol=0.001, atol=1e-05
Testing N_win=1056 N_cf=10
Windowing:
  config: # windows=1056, spacing=0.8648037760591365, CF order=10
  error tolerance: rtol=0.001, atol=1e-05
Testing N_win=1056 N_cf=9
Windowing:
  config: # windows=1056, spacing=0.8648037760591365, CF order=9
  error tolerance: rtol=0.001, atol=1e-05
Testing N_win=1056 N_cf=8
Windowing:
  config: # windows=1056, spacing=0.8648037760591365, CF order=8
  error tolerance: rtol=0.001, atol=1e-05
Testing N_win=1056 N_cf=7
Windowing:
  config: # windows=1056, spacing=0.8648037760591365, CF order=7
  error tolerance: rtol=0.001, atol=1e-05
Testing N_win=1056 N_cf=6
Windowing:
  config: # windows=1056, spacing=0.8648037760591365, CF order=6
  error tolerance: rtol=0.001, atol=1e-05
Testing N_win=1056 N_cf=5
Windowing:
  config: # windows=1056, spacing=0.8648037760591365, CF order=5
  error tolerance: rtol=0.001, atol=1e-05
Testing N_win=1056 N_cf=4
Windowing:
  config: # windows=1056, spacing=0.8648037760591365, CF order=4
  error tolerance: rtol=0.001, atol=1e-05
Testing N_win=1056 N_cf=3
Windowing:
  config: # windows=1056, spacing=0.8648037760591365, CF order=3
  error tolerance: rtol=0.001, atol=1e-05
Testing N_win=1056 N_cf=2
Windowing:
  config: # windows=1056, spacing=0.8648037760591365, CF order=2
  error tolerance: rtol=0.001, atol=1e-05
Testing N_win=1161 N_cf=10
Windowing:
  config: # windows=1161, spacing=0.7865915482501706, CF order=10
  error tolerance: rtol=0.001, atol=1e-05
Testing N_win=1161 N_cf=9
Windowing:
  config: # windows=1161, spacing=0.7865915482501706, CF order=9
  error tolerance: rtol=0.001, atol=1e-05
Testing N_win=1161 N_cf=8
Windowing:
  config: # windows=1161, spacing=0.7865915482501706, CF order=8
  error tolerance: rtol=0.001, atol=1e-05
Testing N_win=1161 N_cf=7
Windowing:
  config: # windows=1161, spacing=0.7865915482501706, CF order=7
  error tolerance: rtol=0.001, atol=1e-05
Testing N_win=1161 N_cf=6
Windowing:
  config: # windows=1161, spacing=0.7865915482501706, CF order=6
  error tolerance: rtol=0.001, atol=1e-05
Testing N_win=1161 N_cf=5
Windowing:
  config: # windows=1161, spacing=0.7865915482501706, CF order=5
  error tolerance: rtol=0.001, atol=1e-05
Testing N_win=1161 N_cf=4
Windowing:
  config: # windows=1161, spacing=0.7865915482501706, CF order=4
  error tolerance: rtol=0.001, atol=1e-05
Testing N_win=1161 N_cf=3
Windowing:
  config: # windows=1161, spacing=0.7865915482501706, CF order=3
  error tolerance: rtol=0.001, atol=1e-05
Testing N_win=1161 N_cf=2
Windowing:
  config: # windows=1161, spacing=0.7865915482501706, CF order=2
  error tolerance: rtol=0.001, atol=1e-05
Testing N_win=1266 N_cf=10
Windowing:
  config: # windows=1266, spacing=0.7213529127317916, CF order=10
  error tolerance: rtol=0.001, atol=1e-05
Testing N_win=1266 N_cf=9
Windowing:
  config: # windows=1266, spacing=0.7213529127317916, CF order=9
  error tolerance: rtol=0.001, atol=1e-05
Testing N_win=1266 N_cf=8
Windowing:
  config: # windows=1266, spacing=0.7213529127317916, CF order=8
  error tolerance: rtol=0.001, atol=1e-05
Testing N_win=1266 N_cf=7
Windowing:
  config: # windows=1266, spacing=0.7213529127317916, CF order=7
  error tolerance: rtol=0.001, atol=1e-05
Testing N_win=1266 N_cf=6
Windowing:
  config: # windows=1266, spacing=0.7213529127317916, CF order=6
  error tolerance: rtol=0.001, atol=1e-05
Testing N_win=1266 N_cf=5
Windowing:
  config: # windows=1266, spacing=0.7213529127317916, CF order=5
  error tolerance: rtol=0.001, atol=1e-05
Testing N_win=1266 N_cf=4
Windowing:
  config: # windows=1266, spacing=0.7213529127317916, CF order=4
  error tolerance: rtol=0.001, atol=1e-05
Testing N_win=1266 N_cf=3
Windowing:
  config: # windows=1266, spacing=0.7213529127317916, CF order=3
  error tolerance: rtol=0.001, atol=1e-05
Testing N_win=1266 N_cf=2
Windowing:
  config: # windows=1266, spacing=0.7213529127317916, CF order=2
  error tolerance: rtol=0.001, atol=1e-05
Testing N_win=1371 N_cf=10
Windowing:
  config: # windows=1371, spacing=0.6661070660236675, CF order=10
  error tolerance: rtol=0.001, atol=1e-05
Testing N_win=1371 N_cf=9
Windowing:
  config: # windows=1371, spacing=0.6661070660236675, CF order=9
  error tolerance: rtol=0.001, atol=1e-05
Testing N_win=1371 N_cf=8
Windowing:
  config: # windows=1371, spacing=0.6661070660236675, CF order=8
  error tolerance: rtol=0.001, atol=1e-05
Testing N_win=1371 N_cf=7
Windowing:
  config: # windows=1371, spacing=0.6661070660236675, CF order=7
  error tolerance: rtol=0.001, atol=1e-05
Testing N_win=1371 N_cf=6
Windowing:
  config: # windows=1371, spacing=0.6661070660236675, CF order=6
  error tolerance: rtol=0.001, atol=1e-05
Testing N_win=1371 N_cf=5
Windowing:
  config: # windows=1371, spacing=0.6661070660236675, CF order=5
  error tolerance: rtol=0.001, atol=1e-05
Testing N_win=1371 N_cf=4
Windowing:
  config: # windows=1371, spacing=0.6661070660236675, CF order=4
  error tolerance: rtol=0.001, atol=1e-05
Testing N_win=1371 N_cf=3
Windowing:
  config: # windows=1371, spacing=0.6661070660236675, CF order=3
  error tolerance: rtol=0.001, atol=1e-05
Testing N_win=1371 N_cf=2
Windowing:
  config: # windows=1371, spacing=0.6661070660236675, CF order=2
  error tolerance: rtol=0.001, atol=1e-05
Testing N_win=1476 N_cf=10
Windowing:
  config: # windows=1476, spacing=0.6187214007577562, CF order=10
  error tolerance: rtol=0.001, atol=1e-05
Testing N_win=1476 N_cf=9
Windowing:
  config: # windows=1476, spacing=0.6187214007577562, CF order=9
  error tolerance: rtol=0.001, atol=1e-05
Testing N_win=1476 N_cf=8
Windowing:
  config: # windows=1476, spacing=0.6187214007577562, CF order=8
  error tolerance: rtol=0.001, atol=1e-05
Testing N_win=1476 N_cf=7
Windowing:
  config: # windows=1476, spacing=0.6187214007577562, CF order=7
  error tolerance: rtol=0.001, atol=1e-05
Testing N_win=1476 N_cf=6
Windowing:
  config: # windows=1476, spacing=0.6187214007577562, CF order=6
  error tolerance: rtol=0.001, atol=1e-05
Testing N_win=1476 N_cf=5
Windowing:
  config: # windows=1476, spacing=0.6187214007577562, CF order=5
  error tolerance: rtol=0.001, atol=1e-05
Testing N_win=1476 N_cf=4
Windowing:
  config: # windows=1476, spacing=0.6187214007577562, CF order=4
  error tolerance: rtol=0.001, atol=1e-05
Testing N_win=1476 N_cf=3
Windowing:
  config: # windows=1476, spacing=0.6187214007577562, CF order=3
  error tolerance: rtol=0.001, atol=1e-05
Testing N_win=1476 N_cf=2
Windowing:
  config: # windows=1476, spacing=0.6187214007577562, CF order=2
  error tolerance: rtol=0.001, atol=1e-05
Testing N_win=1580 N_cf=10
Windowing:
  config: # windows=1580, spacing=0.5779954351382584, CF order=10
  error tolerance: rtol=0.001, atol=1e-05
Testing N_win=1580 N_cf=9
Windowing:
  config: # windows=1580, spacing=0.5779954351382584, CF order=9
  error tolerance: rtol=0.001, atol=1e-05
Testing N_win=1580 N_cf=8
Windowing:
  config: # windows=1580, spacing=0.5779954351382584, CF order=8
  error tolerance: rtol=0.001, atol=1e-05
Testing N_win=1580 N_cf=7
Windowing:
  config: # windows=1580, spacing=0.5779954351382584, CF order=7
  error tolerance: rtol=0.001, atol=1e-05
Testing N_win=1580 N_cf=6
Windowing:
  config: # windows=1580, spacing=0.5779954351382584, CF order=6
  error tolerance: rtol=0.001, atol=1e-05
Testing N_win=1580 N_cf=5
Windowing:
  config: # windows=1580, spacing=0.5779954351382584, CF order=5
  error tolerance: rtol=0.001, atol=1e-05
Testing N_win=1580 N_cf=4
Windowing:
  config: # windows=1580, spacing=0.5779954351382584, CF order=4
  error tolerance: rtol=0.001, atol=1e-05
Testing N_win=1580 N_cf=3
Windowing:
  config: # windows=1580, spacing=0.5779954351382584, CF order=3
  error tolerance: rtol=0.001, atol=1e-05
Testing N_win=1580 N_cf=2
Windowing:
  config: # windows=1580, spacing=0.5779954351382584, CF order=2
  error tolerance: rtol=0.001, atol=1e-05
Testing N_win=1685 N_cf=10
Windowing:
  config: # windows=1685, spacing=0.5419779154412155, CF order=10
  error tolerance: rtol=0.001, atol=1e-05
Testing N_win=1685 N_cf=9
Windowing:
  config: # windows=1685, spacing=0.5419779154412155, CF order=9
  error tolerance: rtol=0.001, atol=1e-05
Testing N_win=1685 N_cf=8
Windowing:
  config: # windows=1685, spacing=0.5419779154412155, CF order=8
  error tolerance: rtol=0.001, atol=1e-05
Testing N_win=1685 N_cf=7
Windowing:
  config: # windows=1685, spacing=0.5419779154412155, CF order=7
  error tolerance: rtol=0.001, atol=1e-05
Testing N_win=1685 N_cf=6
Windowing:
  config: # windows=1685, spacing=0.5419779154412155, CF order=6
  error tolerance: rtol=0.001, atol=1e-05
Testing N_win=1685 N_cf=5
Windowing:
  config: # windows=1685, spacing=0.5419779154412155, CF order=5
  error tolerance: rtol=0.001, atol=1e-05
Testing N_win=1685 N_cf=4
Windowing:
  config: # windows=1685, spacing=0.5419779154412155, CF order=4
  error tolerance: rtol=0.001, atol=1e-05
Testing N_win=1685 N_cf=3
Windowing:
  config: # windows=1685, spacing=0.5419779154412155, CF order=3
  error tolerance: rtol=0.001, atol=1e-05
Testing N_win=1685 N_cf=2
Windowing:
  config: # windows=1685, spacing=0.5419779154412155, CF order=2
  error tolerance: rtol=0.001, atol=1e-05
Testing N_win=1790 N_cf=10
Windowing:
  config: # windows=1790, spacing=0.5101859148147755, CF order=10
  error tolerance: rtol=0.001, atol=1e-05
Testing N_win=1790 N_cf=9
Windowing:
  config: # windows=1790, spacing=0.5101859148147755, CF order=9
  error tolerance: rtol=0.001, atol=1e-05
Testing N_win=1790 N_cf=8
Windowing:
  config: # windows=1790, spacing=0.5101859148147755, CF order=8
  error tolerance: rtol=0.001, atol=1e-05
Testing N_win=1790 N_cf=7
Windowing:
  config: # windows=1790, spacing=0.5101859148147755, CF order=7
  error tolerance: rtol=0.001, atol=1e-05
Testing N_win=1790 N_cf=6
Windowing:
  config: # windows=1790, spacing=0.5101859148147755, CF order=6
  error tolerance: rtol=0.001, atol=1e-05
Testing N_win=1790 N_cf=5
Windowing:
  config: # windows=1790, spacing=0.5101859148147755, CF order=5
  error tolerance: rtol=0.001, atol=1e-05
Testing N_win=1790 N_cf=4
Windowing:
  config: # windows=1790, spacing=0.5101859148147755, CF order=4
  error tolerance: rtol=0.001, atol=1e-05
Testing N_win=1790 N_cf=3
Windowing:
  config: # windows=1790, spacing=0.5101859148147755, CF order=3
  error tolerance: rtol=0.001, atol=1e-05
Testing N_win=1790 N_cf=2
Windowing:
  config: # windows=1790, spacing=0.5101859148147755, CF order=2
  error tolerance: rtol=0.001, atol=1e-05
Testing N_win=1895 N_cf=10
Windowing:
  config: # windows=1895, spacing=0.4819170382683104, CF order=10
  error tolerance: rtol=0.001, atol=1e-05
Testing N_win=1895 N_cf=9
Windowing:
  config: # windows=1895, spacing=0.4819170382683104, CF order=9
  error tolerance: rtol=0.001, atol=1e-05
Testing N_win=1895 N_cf=8
Windowing:
  config: # windows=1895, spacing=0.4819170382683104, CF order=8
  error tolerance: rtol=0.001, atol=1e-05
Testing N_win=1895 N_cf=7
Windowing:
  config: # windows=1895, spacing=0.4819170382683104, CF order=7
  error tolerance: rtol=0.001, atol=1e-05
Testing N_win=1895 N_cf=6
Windowing:
  config: # windows=1895, spacing=0.4819170382683104, CF order=6
  error tolerance: rtol=0.001, atol=1e-05
Testing N_win=1895 N_cf=5
Windowing:
  config: # windows=1895, spacing=0.4819170382683104, CF order=5
  error tolerance: rtol=0.001, atol=1e-05
Testing N_win=1895 N_cf=4
Windowing:
  config: # windows=1895, spacing=0.4819170382683104, CF order=4
  error tolerance: rtol=0.001, atol=1e-05
Testing N_win=1895 N_cf=3
Windowing:
  config: # windows=1895, spacing=0.4819170382683104, CF order=3
  error tolerance: rtol=0.001, atol=1e-05
Testing N_win=1895 N_cf=2
Windowing:
  config: # windows=1895, spacing=0.4819170382683104, CF order=2
  error tolerance: rtol=0.001, atol=1e-05
Testing N_win=2000 N_cf=10
Windowing:
  config: # windows=2000, spacing=0.4566163937592241, CF order=10
  error tolerance: rtol=0.001, atol=1e-05
Testing N_win=2000 N_cf=9
Windowing:
  config: # windows=2000, spacing=0.4566163937592241, CF order=9
  error tolerance: rtol=0.001, atol=1e-05
Testing N_win=2000 N_cf=8
Windowing:
  config: # windows=2000, spacing=0.4566163937592241, CF order=8
  error tolerance: rtol=0.001, atol=1e-05
Testing N_win=2000 N_cf=7
Windowing:
  config: # windows=2000, spacing=0.4566163937592241, CF order=7
  error tolerance: rtol=0.001, atol=1e-05
Testing N_win=2000 N_cf=6
Windowing:
  config: # windows=2000, spacing=0.4566163937592241, CF order=6
  error tolerance: rtol=0.001, atol=1e-05
Testing N_win=2000 N_cf=5
Windowing:
  config: # windows=2000, spacing=0.4566163937592241, CF order=5
  error tolerance: rtol=0.001, atol=1e-05
Testing N_win=2000 N_cf=4
Windowing:
  config: # windows=2000, spacing=0.4566163937592241, CF order=4
  error tolerance: rtol=0.001, atol=1e-05
Testing N_win=2000 N_cf=3
Windowing:
  config: # windows=2000, spacing=0.4566163937592241, CF order=3
  error tolerance: rtol=0.001, atol=1e-05
Testing N_win=2000 N_cf=2
Windowing:
  config: # windows=2000, spacing=0.4566163937592241, CF order=2
  error tolerance: rtol=0.001, atol=1e-05
Final library: 121 poles, 218 windows, 1.7 poles per window, 3 CF order
