Running NJOY to get 0K point-wise data (error=0.0005)...
Parsing cross sections within resolved resonance range...
  MTs: [2, 27, 102, 103, 107]
  Energy range: 1.000e-05 to 7.000e+03 eV (56129 points)
Vector fitting piece 1/28...
  energy: 1.000e-05 to 1.062e+01 eV (568 points)
  error tolerance: rtol=0.001, atol=1e-05
Found 0 peaks
Fitting orders from 2 to 200
Order=2(0/100)
Order=4(1/100)
Found ideal results. Stop!
Found 2 real poles and 1 conjugate complex pairs.
Final number of poles: 3
Saved figure: WMP_Lib/Nb93/0-11_MT2.png
Saved figure: WMP_Lib/Nb93/0-11_MT27.png
Saved figure: WMP_Lib/Nb93/0-11_MT102.png
Vector fitting piece 2/28...
  energy: 1.625e+00 to 3.838e+01 eV (473 points)
  error tolerance: rtol=0.001, atol=1e-05
Found 1 peaks
Fitting orders from 2 to 200
Order=2(0/100)
Order=4(1/100)
Order=6(2/100)
Found ideal results. Stop!
Found 2 real poles and 2 conjugate complex pairs.
Final number of poles: 4
Saved figure: WMP_Lib/Nb93/2-38_MT2.png
Saved figure: WMP_Lib/Nb93/2-38_MT27.png
Saved figure: WMP_Lib/Nb93/2-38_MT102.png
Vector fitting piece 3/28...
  energy: 1.812e+01 to 8.463e+01 eV (850 points)
  error tolerance: rtol=0.001, atol=1e-05
Found 2 peaks
Fitting orders from 4 to 200
Order=4(0/99)
Order=6(1/99)
Order=8(2/99)
Order=10(3/99)
Order=12(4/99)
Order=14(5/99)
Order=16(6/99)
Order=18(7/99)
Order=20(8/99)
Order=22(9/99)
Order=24(10/99)
Order=26(11/99)
Order=28(12/99)
Order=30(13/99)
Order=32(14/99)
Order=34(15/99)
Order=36(16/99)
Order=38(17/99)
Order=40(18/99)
Order=42(19/99)
Order=44(20/99)
Order=46(21/99)
Order=48(22/99)
Order=50(23/99)
Order=52(24/99)
Order=54(25/99)
Order=56(26/99)
Order=58(27/99)
Order=60(28/99)
Found 4 real poles and 2 conjugate complex pairs.
Final number of poles: 6
Saved figure: WMP_Lib/Nb93/18-85_MT2.png
Saved figure: WMP_Lib/Nb93/18-85_MT27.png
Saved figure: WMP_Lib/Nb93/18-85_MT102.png
Vector fitting piece 4/28...
  energy: 5.208e+01 to 1.500e+02 eV (1400 points)
  error tolerance: rtol=0.001, atol=1e-05
Found 3 peaks
Fitting orders from 6 to 200
Order=6(0/98)
Order=8(1/98)
Order=10(2/98)
Found ideal results. Stop!
Found 2 real poles and 4 conjugate complex pairs.
Final number of poles: 6
Saved figure: WMP_Lib/Nb93/52-150_MT2.png
Saved figure: WMP_Lib/Nb93/52-150_MT27.png
Saved figure: WMP_Lib/Nb93/52-150_MT102.png
Vector fitting piece 5/28...
  energy: 1.050e+02 to 2.308e+02 eV (1729 points)
  error tolerance: rtol=0.001, atol=1e-05
Found 4 peaks
Fitting orders from 8 to 200
Order=8(0/97)
Order=10(1/97)
Order=12(2/97)
Order=14(3/97)
Order=16(4/97)
Order=18(5/97)
Order=20(6/97)
Order=22(7/97)
Order=24(8/97)
Order=26(9/97)
Order=28(10/97)
Order=30(11/97)
Order=32(12/97)
Order=34(13/97)
Order=36(14/97)
Order=38(15/97)
Order=40(16/97)
Order=42(17/97)
Order=44(18/97)
Order=46(19/97)
Order=48(20/97)
Order=50(21/97)
Order=52(22/97)
Order=54(23/97)
Order=56(24/97)
Order=58(25/97)
Order=60(26/97)
Found 2 real poles and 5 conjugate complex pairs.
Final number of poles: 7
Saved figure: WMP_Lib/Nb93/105-231_MT2.png
Saved figure: WMP_Lib/Nb93/105-231_MT27.png
Saved figure: WMP_Lib/Nb93/105-231_MT102.png
Vector fitting piece 6/28...
  energy: 1.752e+02 to 3.293e+02 eV (1598 points)
  error tolerance: rtol=0.001, atol=1e-05
Found 4 peaks
Fitting orders from 8 to 200
Order=8(0/97)
Order=10(1/97)
Order=12(2/97)
Order=14(3/97)
Order=16(4/97)
Order=18(5/97)
Order=20(6/97)
Order=22(7/97)
Order=24(8/97)
Order=26(9/97)
Order=28(10/97)
Order=30(11/97)
Order=32(12/97)
Order=34(13/97)
Order=36(14/97)
Order=38(15/97)
Order=40(16/97)
Order=42(17/97)
Order=44(18/97)
Order=46(19/97)
Order=48(20/97)
Order=50(21/97)
Order=52(22/97)
Order=54(23/97)
Order=56(24/97)
Order=58(25/97)
Order=60(26/97)
Found 4 real poles and 5 conjugate complex pairs.
Final number of poles: 9
Saved figure: WMP_Lib/Nb93/175-329_MT2.png
Saved figure: WMP_Lib/Nb93/175-329_MT27.png
Saved figure: WMP_Lib/Nb93/175-329_MT102.png
Vector fitting piece 7/28...
  energy: 2.627e+02 to 4.475e+02 eV (2228 points)
  error tolerance: rtol=0.001, atol=1e-05
Found 6 peaks
Fitting orders from 12 to 200
Order=12(0/95)
Order=14(1/95)
Order=16(2/95)
Order=18(3/95)
Order=20(4/95)
Order=22(5/95)
Order=24(6/95)
Order=26(7/95)
Order=28(8/95)
Order=30(9/95)
Order=32(10/95)
Order=34(11/95)
Order=36(12/95)
Order=38(13/95)
Order=40(14/95)
Order=42(15/95)
Order=44(16/95)
Order=46(17/95)
Order=48(18/95)
Order=50(19/95)
Order=52(20/95)
Order=54(21/95)
Order=56(22/95)
Order=58(23/95)
Order=60(24/95)
Found 2 real poles and 8 conjugate complex pairs.
Final number of poles: 10
Saved figure: WMP_Lib/Nb93/263-448_MT2.png
Saved figure: WMP_Lib/Nb93/263-448_MT27.png
Saved figure: WMP_Lib/Nb93/263-448_MT102.png
Vector fitting piece 8/28...
  energy: 3.690e+02 to 5.830e+02 eV (1777 points)
  error tolerance: rtol=0.001, atol=1e-05
Found 4 peaks
Fitting orders from 8 to 200
Order=8(0/97)
Order=10(1/97)
Order=12(2/97)
Order=14(3/97)
Order=16(4/97)
Order=18(5/97)
Order=20(6/97)
Order=22(7/97)
Order=24(8/97)
Order=26(9/97)
Order=28(10/97)
Order=30(11/97)
Order=32(12/97)
Order=34(13/97)
Order=36(14/97)
Order=38(15/97)
Order=40(16/97)
Order=42(17/97)
Order=44(18/97)
Order=46(19/97)
Order=48(20/97)
Order=50(21/97)
Order=52(22/97)
Order=54(23/97)
Order=56(24/97)
Order=58(25/97)
Order=60(26/97)
Found 4 real poles and 5 conjugate complex pairs.
Final number of poles: 9
Saved figure: WMP_Lib/Nb93/369-583_MT2.png
Saved figure: WMP_Lib/Nb93/369-583_MT27.png
Saved figure: WMP_Lib/Nb93/369-583_MT102.png
Vector fitting piece 9/28...
  energy: 4.926e+02 to 7.350e+02 eV (2526 points)
  error tolerance: rtol=0.001, atol=1e-05
Found 8 peaks
Fitting orders from 16 to 200
Order=16(0/93)
Order=18(1/93)
Order=20(2/93)
Order=22(3/93)
Order=24(4/93)
Order=26(5/93)
Order=28(6/93)
Order=30(7/93)
Order=32(8/93)
Order=34(9/93)
Order=36(10/93)
Order=38(11/93)
Order=40(12/93)
Order=42(13/93)
Order=44(14/93)
Order=46(15/93)
Order=48(16/93)
Order=50(17/93)
Order=52(18/93)
Order=54(19/93)
Order=56(20/93)
Order=58(21/93)
Order=60(22/93)
Found 2 real poles and 10 conjugate complex pairs.
Final number of poles: 12
Saved figure: WMP_Lib/Nb93/493-735_MT2.png
Saved figure: WMP_Lib/Nb93/493-735_MT27.png
Saved figure: WMP_Lib/Nb93/493-735_MT102.png
Vector fitting piece 10/28...
  energy: 6.344e+02 to 9.060e+02 eV (2198 points)
  error tolerance: rtol=0.001, atol=1e-05
Found 6 peaks
Fitting orders from 12 to 200
Order=12(0/95)
Order=14(1/95)
Order=16(2/95)
Order=18(3/95)
Order=20(4/95)
Order=22(5/95)
Order=24(6/95)
Order=26(7/95)
Order=28(8/95)
Order=30(9/95)
Order=32(10/95)
Order=34(11/95)
Order=36(12/95)
Order=38(13/95)
Order=40(14/95)
Order=42(15/95)
Order=44(16/95)
Order=46(17/95)
Order=48(18/95)
Order=50(19/95)
Order=52(20/95)
Order=54(21/95)
Order=56(22/95)
Order=58(23/95)
Order=60(24/95)
Found 2 real poles and 8 conjugate complex pairs.
Final number of poles: 10
Saved figure: WMP_Lib/Nb93/634-906_MT2.png
Saved figure: WMP_Lib/Nb93/634-906_MT27.png
Saved figure: WMP_Lib/Nb93/634-906_MT102.png
Vector fitting piece 11/28...
  energy: 7.929e+02 to 1.096e+03 eV (1974 points)
  error tolerance: rtol=0.001, atol=1e-05
Found 5 peaks
Fitting orders from 10 to 200
Order=10(0/96)
Order=12(1/96)
Order=14(2/96)
Order=16(3/96)
Order=18(4/96)
Order=20(5/96)
Order=22(6/96)
Order=24(7/96)
Order=26(8/96)
Order=28(9/96)
Order=30(10/96)
Order=32(11/96)
Order=34(12/96)
Order=36(13/96)
Order=38(14/96)
Order=40(15/96)
Order=42(16/96)
Order=44(17/96)
Order=46(18/96)
Order=48(19/96)
Order=50(20/96)
Order=52(21/96)
Order=54(22/96)
Order=56(23/96)
Order=58(24/96)
Order=60(25/96)
Found 4 real poles and 6 conjugate complex pairs.
Final number of poles: 10
Saved figure: WMP_Lib/Nb93/793-1096_MT2.png
Saved figure: WMP_Lib/Nb93/793-1096_MT27.png
Saved figure: WMP_Lib/Nb93/793-1096_MT102.png
Vector fitting piece 12/28...
  energy: 9.710e+02 to 1.305e+03 eV (3757 points)
  error tolerance: rtol=0.001, atol=1e-05
Found 10 peaks
Fitting orders from 20 to 200
Order=20(0/91)
Order=22(1/91)
Order=24(2/91)
Order=26(3/91)
Order=28(4/91)
Order=30(5/91)
Order=32(6/91)
Order=34(7/91)
Order=36(8/91)
Order=38(9/91)
Order=40(10/91)
Order=42(11/91)
Order=44(12/91)
Order=46(13/91)
Order=48(14/91)
Order=50(15/91)
Order=52(16/91)
Order=54(17/91)
Order=56(18/91)
Order=58(19/91)
Order=60(20/91)
Found 4 real poles and 11 conjugate complex pairs.
Final number of poles: 15
Saved figure: WMP_Lib/Nb93/971-1305_MT2.png
Saved figure: WMP_Lib/Nb93/971-1305_MT27.png
Saved figure: WMP_Lib/Nb93/971-1305_MT102.png
Vector fitting piece 13/28...
  energy: 1.166e+03 to 1.526e+03 eV (3663 points)
  error tolerance: rtol=0.001, atol=1e-05
Found 10 peaks
Fitting orders from 20 to 200
Order=20(0/91)
Order=22(1/91)
Order=24(2/91)
Order=26(3/91)
Order=28(4/91)
Order=30(5/91)
Order=32(6/91)
Order=34(7/91)
Order=36(8/91)
Order=38(9/91)
Order=40(10/91)
Order=42(11/91)
Order=44(12/91)
Order=46(13/91)
Order=48(14/91)
Order=50(15/91)
Order=52(16/91)
Order=54(17/91)
Order=56(18/91)
Order=58(19/91)
Order=60(20/91)
Found 6 real poles and 11 conjugate complex pairs.
Final number of poles: 17
Saved figure: WMP_Lib/Nb93/1166-1526_MT2.png
Saved figure: WMP_Lib/Nb93/1166-1526_MT27.png
Saved figure: WMP_Lib/Nb93/1166-1526_MT102.png
Vector fitting piece 14/28...
  energy: 1.379e+03 to 1.768e+03 eV (3799 points)
  error tolerance: rtol=0.001, atol=1e-05
Found 11 peaks
Fitting orders from 22 to 200
Order=22(0/90)
Order=24(1/90)
Order=26(2/90)
Order=28(3/90)
Order=30(4/90)
Order=32(5/90)
Order=34(6/90)
Order=36(7/90)
Order=38(8/90)
Order=40(9/90)
Order=42(10/90)
Order=44(11/90)
Order=46(12/90)
Order=48(13/90)
Order=50(14/90)
Order=52(15/90)
Order=54(16/90)
Order=56(17/90)
Order=58(18/90)
Order=60(19/90)
Found 4 real poles and 12 conjugate complex pairs.
Final number of poles: 16
Saved figure: WMP_Lib/Nb93/1379-1768_MT2.png
Saved figure: WMP_Lib/Nb93/1379-1768_MT27.png
Saved figure: WMP_Lib/Nb93/1379-1768_MT102.png
Vector fitting piece 15/28...
  energy: 1.610e+03 to 2.028e+03 eV (3433 points)
  error tolerance: rtol=0.001, atol=1e-05
Found 11 peaks
Fitting orders from 22 to 200
Order=22(0/90)
Order=24(1/90)
Order=26(2/90)
Order=28(3/90)
Order=30(4/90)
Order=32(5/90)
Order=34(6/90)
Order=36(7/90)
Order=38(8/90)
Order=40(9/90)
Order=42(10/90)
Order=44(11/90)
Order=46(12/90)
Order=48(13/90)
Order=50(14/90)
Order=52(15/90)
Order=54(16/90)
Order=56(17/90)
Order=58(18/90)
Order=60(19/90)
Found 4 real poles and 12 conjugate complex pairs.
Final number of poles: 16
Saved figure: WMP_Lib/Nb93/1610-2028_MT2.png
Saved figure: WMP_Lib/Nb93/1610-2028_MT27.png
Saved figure: WMP_Lib/Nb93/1610-2028_MT102.png
Vector fitting piece 16/28...
  energy: 1.859e+03 to 2.307e+03 eV (3643 points)
  error tolerance: rtol=0.001, atol=1e-05
Found 11 peaks
Fitting orders from 22 to 200
Order=22(0/90)
Order=24(1/90)
Order=26(2/90)
Order=28(3/90)
Order=30(4/90)
Order=32(5/90)
Order=34(6/90)
Order=36(7/90)
Order=38(8/90)
Order=40(9/90)
Order=42(10/90)
Order=44(11/90)
Order=46(12/90)
Order=48(13/90)
Order=50(14/90)
Order=52(15/90)
Order=54(16/90)
Order=56(17/90)
Order=58(18/90)
Order=60(19/90)
Found 4 real poles and 12 conjugate complex pairs.
Final number of poles: 16
Saved figure: WMP_Lib/Nb93/1859-2307_MT2.png
Saved figure: WMP_Lib/Nb93/1859-2307_MT27.png
Saved figure: WMP_Lib/Nb93/1859-2307_MT102.png
Vector fitting piece 17/28...
  energy: 2.126e+03 to 2.603e+03 eV (4451 points)
  error tolerance: rtol=0.001, atol=1e-05
Found 15 peaks
Fitting orders from 30 to 200
Order=30(0/86)
Order=32(1/86)
Order=34(2/86)
Order=36(3/86)
Order=38(4/86)
Order=40(5/86)
Order=42(6/86)
Order=44(7/86)
Order=46(8/86)
Order=48(9/86)
Order=50(10/86)
Order=52(11/86)
Order=54(12/86)
Order=56(13/86)
Order=58(14/86)
Order=60(15/86)
Found 4 real poles and 16 conjugate complex pairs.
Final number of poles: 20
Saved figure: WMP_Lib/Nb93/2126-2603_MT2.png
Saved figure: WMP_Lib/Nb93/2126-2603_MT27.png
Saved figure: WMP_Lib/Nb93/2126-2603_MT102.png
Vector fitting piece 18/28...
  energy: 2.410e+03 to 2.917e+03 eV (3542 points)
  error tolerance: rtol=0.001, atol=1e-05
Found 12 peaks
Fitting orders from 24 to 200
Order=24(0/89)
Order=26(1/89)
Order=28(2/89)
Order=30(3/89)
Order=32(4/89)
Order=34(5/89)
Order=36(6/89)
Order=38(7/89)
Order=40(8/89)
Order=42(9/89)
Order=44(10/89)
Order=46(11/89)
Order=48(12/89)
Order=50(13/89)
Order=52(14/89)
Order=54(15/89)
Order=56(16/89)
Order=58(17/89)
Order=60(18/89)
Found 4 real poles and 13 conjugate complex pairs.
Final number of poles: 17
Saved figure: WMP_Lib/Nb93/2410-2917_MT2.png
Saved figure: WMP_Lib/Nb93/2410-2917_MT27.png
Saved figure: WMP_Lib/Nb93/2410-2917_MT102.png
Vector fitting piece 19/28...
  energy: 2.712e+03 to 3.249e+03 eV (2643 points)
  error tolerance: rtol=0.001, atol=1e-05
Found 11 peaks
Fitting orders from 22 to 200
Order=22(0/90)
Order=24(1/90)
Order=26(2/90)
Order=28(3/90)
Order=30(4/90)
Order=32(5/90)
Order=34(6/90)
Order=36(7/90)
Order=38(8/90)
Order=40(9/90)
Order=42(10/90)
Order=44(11/90)
Order=46(12/90)
Order=48(13/90)
Order=50(14/90)
Order=52(15/90)
Order=54(16/90)
Order=56(17/90)
Order=58(18/90)
Order=60(19/90)
Order=62(20/90)
Order=64(21/90)
Order=66(22/90)
Order=68(23/90)
Order=70(24/90)
Found 6 real poles and 12 conjugate complex pairs.
Final number of poles: 18
Saved figure: WMP_Lib/Nb93/2712-3249_MT2.png
Saved figure: WMP_Lib/Nb93/2712-3249_MT27.png
Saved figure: WMP_Lib/Nb93/2712-3249_MT102.png
Vector fitting piece 20/28...
  energy: 3.031e+03 to 3.597e+03 eV (3556 points)
  error tolerance: rtol=0.001, atol=1e-05
Found 14 peaks
Fitting orders from 28 to 200
Order=28(0/87)
Order=30(1/87)
Order=32(2/87)
Order=34(3/87)
Order=36(4/87)
Order=38(5/87)
Order=40(6/87)
Order=42(7/87)
Order=44(8/87)
Order=46(9/87)
Order=48(10/87)
Order=50(11/87)
Order=52(12/87)
Order=54(13/87)
Order=56(14/87)
Order=58(15/87)
Order=60(16/87)
Found 4 real poles and 15 conjugate complex pairs.
Final number of poles: 19
Saved figure: WMP_Lib/Nb93/3031-3597_MT2.png
Saved figure: WMP_Lib/Nb93/3031-3597_MT27.png
Saved figure: WMP_Lib/Nb93/3031-3597_MT102.png
Vector fitting piece 21/28...
  energy: 3.370e+03 to 3.965e+03 eV (4439 points)
  error tolerance: rtol=0.001, atol=1e-05
Found 17 peaks
Fitting orders from 34 to 200
Order=34(0/84)
Order=36(1/84)
Order=38(2/84)
Order=40(3/84)
Order=42(4/84)
Order=44(5/84)
Order=46(6/84)
Order=48(7/84)
Order=50(8/84)
Order=52(9/84)
Order=54(10/84)
Order=56(11/84)
Order=58(12/84)
Order=60(13/84)
Found 4 real poles and 18 conjugate complex pairs.
Final number of poles: 22
Saved figure: WMP_Lib/Nb93/3370-3965_MT2.png
Saved figure: WMP_Lib/Nb93/3370-3965_MT27.png
Saved figure: WMP_Lib/Nb93/3370-3965_MT102.png
Vector fitting piece 22/28...
  energy: 3.726e+03 to 4.349e+03 eV (4620 points)
  error tolerance: rtol=0.001, atol=1e-05
Found 18 peaks
Fitting orders from 36 to 200
Order=36(0/83)
Order=38(1/83)
Order=40(2/83)
Order=42(3/83)
Order=44(4/83)
Order=46(5/83)
Order=48(6/83)
Order=50(7/83)
Order=52(8/83)
Order=54(9/83)
Order=56(10/83)
Order=58(11/83)
Order=60(12/83)
Found 4 real poles and 19 conjugate complex pairs.
Final number of poles: 23
Saved figure: WMP_Lib/Nb93/3726-4349_MT2.png
Saved figure: WMP_Lib/Nb93/3726-4349_MT27.png
Saved figure: WMP_Lib/Nb93/3726-4349_MT102.png
Vector fitting piece 23/28...
  energy: 4.100e+03 to 4.754e+03 eV (3727 points)
  error tolerance: rtol=0.001, atol=1e-05
Found 16 peaks
Fitting orders from 32 to 200
Order=32(0/85)
Order=34(1/85)
Order=36(2/85)
Order=38(3/85)
Order=40(4/85)
Order=42(5/85)
Order=44(6/85)
Order=46(7/85)
Order=48(8/85)
Order=50(9/85)
Order=52(10/85)
Order=54(11/85)
Order=56(12/85)
Order=58(13/85)
Order=60(14/85)
Order=62(15/85)
Order=64(16/85)
Order=66(17/85)
Order=68(18/85)
Order=70(19/85)
Found 4 real poles and 17 conjugate complex pairs.
Final number of poles: 21
Saved figure: WMP_Lib/Nb93/4100-4754_MT2.png
Saved figure: WMP_Lib/Nb93/4100-4754_MT27.png
Saved figure: WMP_Lib/Nb93/4100-4754_MT102.png
Vector fitting piece 24/28...
  energy: 4.491e+03 to 5.174e+03 eV (4371 points)
  error tolerance: rtol=0.001, atol=1e-05
Found 20 peaks
Fitting orders from 40 to 200
Order=40(0/81)
Order=42(1/81)
Order=44(2/81)
Order=46(3/81)
Order=48(4/81)
Order=50(5/81)
Order=52(6/81)
Order=54(7/81)
Order=56(8/81)
Order=58(9/81)
Order=60(10/81)
Order=62(11/81)
Order=64(12/81)
Order=66(13/81)
Order=68(14/81)
Order=70(15/81)
Found 4 real poles and 21 conjugate complex pairs.
Final number of poles: 25
Saved figure: WMP_Lib/Nb93/4491-5174_MT2.png
Saved figure: WMP_Lib/Nb93/4491-5174_MT27.png
Saved figure: WMP_Lib/Nb93/4491-5174_MT102.png
Vector fitting piece 25/28...
  energy: 4.900e+03 to 5.613e+03 eV (4072 points)
  error tolerance: rtol=0.001, atol=1e-05
Found 17 peaks
Fitting orders from 34 to 200
Order=34(0/84)
Order=36(1/84)
Order=38(2/84)
Order=40(3/84)
Order=42(4/84)
Order=44(5/84)
Order=46(6/84)
Order=48(7/84)
Order=50(8/84)
Order=52(9/84)
Order=54(10/84)
Order=56(11/84)
Order=58(12/84)
Order=60(13/84)
Found 4 real poles and 18 conjugate complex pairs.
Final number of poles: 22
Saved figure: WMP_Lib/Nb93/4900-5613_MT2.png
Saved figure: WMP_Lib/Nb93/4900-5613_MT27.png
Saved figure: WMP_Lib/Nb93/4900-5613_MT102.png
Vector fitting piece 26/28...
  energy: 5.328e+03 to 6.069e+03 eV (4656 points)
  error tolerance: rtol=0.001, atol=1e-05
Found 17 peaks
Fitting orders from 34 to 200
Order=34(0/84)
Order=36(1/84)
Order=38(2/84)
Order=40(3/84)
Order=42(4/84)
Order=44(5/84)
Order=46(6/84)
Order=48(7/84)
Order=50(8/84)
Order=52(9/84)
Order=54(10/84)
Order=56(11/84)
Order=58(12/84)
Order=60(13/84)
Found 4 real poles and 18 conjugate complex pairs.
Final number of poles: 22
Saved figure: WMP_Lib/Nb93/5328-6069_MT2.png
Saved figure: WMP_Lib/Nb93/5328-6069_MT27.png
Saved figure: WMP_Lib/Nb93/5328-6069_MT102.png
Vector fitting piece 27/28...
  energy: 5.773e+03 to 6.544e+03 eV (4997 points)
  error tolerance: rtol=0.001, atol=1e-05
Found 20 peaks
Fitting orders from 40 to 200
Order=40(0/81)
Order=42(1/81)
Order=44(2/81)
Order=46(3/81)
Order=48(4/81)
Order=50(5/81)
Order=52(6/81)
Order=54(7/81)
Order=56(8/81)
Order=58(9/81)
Order=60(10/81)
Found 6 real poles and 20 conjugate complex pairs.
Final number of poles: 26
Saved figure: WMP_Lib/Nb93/5773-6544_MT2.png
Saved figure: WMP_Lib/Nb93/5773-6544_MT27.png
Saved figure: WMP_Lib/Nb93/5773-6544_MT102.png
Vector fitting piece 28/28...
  energy: 6.237e+03 to 7.000e+03 eV (4970 points)
  error tolerance: rtol=0.001, atol=1e-05
Found 21 peaks
Fitting orders from 42 to 200
Order=42(0/80)
Order=44(1/80)
Order=46(2/80)
Order=48(3/80)
Order=50(4/80)
Order=52(5/80)
Order=54(6/80)
Order=56(7/80)
Order=58(8/80)
Order=60(9/80)
Found 4 real poles and 22 conjugate complex pairs.
Final number of poles: 26
Saved figure: WMP_Lib/Nb93/6237-7000_MT2.png
Saved figure: WMP_Lib/Nb93/6237-7000_MT27.png
Saved figure: WMP_Lib/Nb93/6237-7000_MT102.png
Dumped multipole data to file: WMP_Lib/Nb93/Nb93_mp.pickle
Start searching ...
Testing N_win=21 N_cf=10
Failed: Window spacing cannot be larger than piece spacing.
Testing N_win=125 N_cf=10
Windowing:
  config: # windows=125, spacing=0.669302675196833, CF order=10
  error tolerance: rtol=0.001, atol=1e-05
Best library so far.
Testing N_win=125 N_cf=9
Windowing:
  config: # windows=125, spacing=0.669302675196833, CF order=9
  error tolerance: rtol=0.001, atol=1e-05
Best library so far.
Testing N_win=125 N_cf=8
Windowing:
  config: # windows=125, spacing=0.669302675196833, CF order=8
  error tolerance: rtol=0.001, atol=1e-05
Best library so far.
Testing N_win=125 N_cf=7
Windowing:
  config: # windows=125, spacing=0.669302675196833, CF order=7
  error tolerance: rtol=0.001, atol=1e-05
Best library so far.
Testing N_win=125 N_cf=6
Windowing:
  config: # windows=125, spacing=0.669302675196833, CF order=6
  error tolerance: rtol=0.001, atol=1e-05
Best library so far.
Testing N_win=125 N_cf=5
Windowing:
  config: # windows=125, spacing=0.669302675196833, CF order=5
  error tolerance: rtol=0.001, atol=1e-05
Best library so far.
Testing N_win=125 N_cf=4
Windowing:
  config: # windows=125, spacing=0.669302675196833, CF order=4
  error tolerance: rtol=0.001, atol=1e-05
Best library so far.
Testing N_win=125 N_cf=3
Windowing:
  config: # windows=125, spacing=0.669302675196833, CF order=3
  error tolerance: rtol=0.001, atol=1e-05
Testing N_win=125 N_cf=2
Windowing:
  config: # windows=125, spacing=0.669302675196833, CF order=2
  error tolerance: rtol=0.001, atol=1e-05
Failed: Pure curvefit failed for the first window!
Testing N_win=229 N_cf=10
Windowing:
  config: # windows=229, spacing=0.36533988820787827, CF order=10
  error tolerance: rtol=0.001, atol=1e-05
Best library so far.
Testing N_win=229 N_cf=9
Windowing:
  config: # windows=229, spacing=0.36533988820787827, CF order=9
  error tolerance: rtol=0.001, atol=1e-05
Best library so far.
Testing N_win=229 N_cf=8
Windowing:
  config: # windows=229, spacing=0.36533988820787827, CF order=8
  error tolerance: rtol=0.001, atol=1e-05
Best library so far.
Testing N_win=229 N_cf=7
Windowing:
  config: # windows=229, spacing=0.36533988820787827, CF order=7
  error tolerance: rtol=0.001, atol=1e-05
Best library so far.
Testing N_win=229 N_cf=6
Windowing:
  config: # windows=229, spacing=0.36533988820787827, CF order=6
  error tolerance: rtol=0.001, atol=1e-05
Best library so far.
Testing N_win=229 N_cf=5
Windowing:
  config: # windows=229, spacing=0.36533988820787827, CF order=5
  error tolerance: rtol=0.001, atol=1e-05
Best library so far.
Testing N_win=229 N_cf=4
Windowing:
  config: # windows=229, spacing=0.36533988820787827, CF order=4
  error tolerance: rtol=0.001, atol=1e-05
Best library so far.
Testing N_win=229 N_cf=3
Windowing:
  config: # windows=229, spacing=0.36533988820787827, CF order=3
  error tolerance: rtol=0.001, atol=1e-05
Best library so far.
Testing N_win=229 N_cf=2
Windowing:
  config: # windows=229, spacing=0.36533988820787827, CF order=2
  error tolerance: rtol=0.001, atol=1e-05
Failed: Pure curvefit failed for the first window!
Testing N_win=333 N_cf=10
Windowing:
  config: # windows=333, spacing=0.2512397429417541, CF order=10
  error tolerance: rtol=0.001, atol=1e-05
Testing N_win=333 N_cf=9
Windowing:
  config: # windows=333, spacing=0.2512397429417541, CF order=9
  error tolerance: rtol=0.001, atol=1e-05
Testing N_win=333 N_cf=8
Windowing:
  config: # windows=333, spacing=0.2512397429417541, CF order=8
  error tolerance: rtol=0.001, atol=1e-05
Best library so far.
Testing N_win=333 N_cf=7
Windowing:
  config: # windows=333, spacing=0.2512397429417541, CF order=7
  error tolerance: rtol=0.001, atol=1e-05
Best library so far.
Testing N_win=333 N_cf=6
Windowing:
  config: # windows=333, spacing=0.2512397429417541, CF order=6
  error tolerance: rtol=0.001, atol=1e-05
Best library so far.
Testing N_win=333 N_cf=5
Windowing:
  config: # windows=333, spacing=0.2512397429417541, CF order=5
  error tolerance: rtol=0.001, atol=1e-05
Best library so far.
Testing N_win=333 N_cf=4
Windowing:
  config: # windows=333, spacing=0.2512397429417541, CF order=4
  error tolerance: rtol=0.001, atol=1e-05
Best library so far.
Testing N_win=333 N_cf=3
Windowing:
  config: # windows=333, spacing=0.2512397429417541, CF order=3
  error tolerance: rtol=0.001, atol=1e-05
Best library so far.
Testing N_win=333 N_cf=2
Windowing:
  config: # windows=333, spacing=0.2512397429417541, CF order=2
  error tolerance: rtol=0.001, atol=1e-05
Failed: Pure curvefit failed for the first window!
Testing N_win=437 N_cf=10
Windowing:
  config: # windows=437, spacing=0.19144813363753804, CF order=10
  error tolerance: rtol=0.001, atol=1e-05
Testing N_win=437 N_cf=9
Windowing:
  config: # windows=437, spacing=0.19144813363753804, CF order=9
  error tolerance: rtol=0.001, atol=1e-05
Testing N_win=437 N_cf=8
Windowing:
  config: # windows=437, spacing=0.19144813363753804, CF order=8
  error tolerance: rtol=0.001, atol=1e-05
Testing N_win=437 N_cf=7
Windowing:
  config: # windows=437, spacing=0.19144813363753804, CF order=7
  error tolerance: rtol=0.001, atol=1e-05
Testing N_win=437 N_cf=6
Windowing:
  config: # windows=437, spacing=0.19144813363753804, CF order=6
  error tolerance: rtol=0.001, atol=1e-05
Testing N_win=437 N_cf=5
Windowing:
  config: # windows=437, spacing=0.19144813363753804, CF order=5
  error tolerance: rtol=0.001, atol=1e-05
Best library so far.
Testing N_win=437 N_cf=4
Windowing:
  config: # windows=437, spacing=0.19144813363753804, CF order=4
  error tolerance: rtol=0.001, atol=1e-05
Best library so far.
Testing N_win=437 N_cf=3
Windowing:
  config: # windows=437, spacing=0.19144813363753804, CF order=3
  error tolerance: rtol=0.001, atol=1e-05
Best library so far.
Testing N_win=437 N_cf=2
Windowing:
  config: # windows=437, spacing=0.19144813363753804, CF order=2
  error tolerance: rtol=0.001, atol=1e-05
Failed: Pure curvefit failed for the first window!
Testing N_win=541 N_cf=10
Windowing:
  config: # windows=541, spacing=0.15464479556303903, CF order=10
  error tolerance: rtol=0.001, atol=1e-05
Testing N_win=541 N_cf=9
Windowing:
  config: # windows=541, spacing=0.15464479556303903, CF order=9
  error tolerance: rtol=0.001, atol=1e-05
Testing N_win=541 N_cf=8
Windowing:
  config: # windows=541, spacing=0.15464479556303903, CF order=8
  error tolerance: rtol=0.001, atol=1e-05
Testing N_win=541 N_cf=7
Windowing:
  config: # windows=541, spacing=0.15464479556303903, CF order=7
  error tolerance: rtol=0.001, atol=1e-05
Testing N_win=541 N_cf=6
Windowing:
  config: # windows=541, spacing=0.15464479556303903, CF order=6
  error tolerance: rtol=0.001, atol=1e-05
Testing N_win=541 N_cf=5
Windowing:
  config: # windows=541, spacing=0.15464479556303903, CF order=5
  error tolerance: rtol=0.001, atol=1e-05
Testing N_win=541 N_cf=4
Windowing:
  config: # windows=541, spacing=0.15464479556303903, CF order=4
  error tolerance: rtol=0.001, atol=1e-05
Best library so far.
Testing N_win=541 N_cf=3
Windowing:
  config: # windows=541, spacing=0.15464479556303903, CF order=3
  error tolerance: rtol=0.001, atol=1e-05
Best library so far.
Testing N_win=541 N_cf=2
Windowing:
  config: # windows=541, spacing=0.15464479556303903, CF order=2
  error tolerance: rtol=0.001, atol=1e-05
Testing N_win=645 N_cf=10
Windowing:
  config: # windows=645, spacing=0.12970982077458004, CF order=10
  error tolerance: rtol=0.001, atol=1e-05
Testing N_win=645 N_cf=9
Windowing:
  config: # windows=645, spacing=0.12970982077458004, CF order=9
  error tolerance: rtol=0.001, atol=1e-05
Testing N_win=645 N_cf=8
Windowing:
  config: # windows=645, spacing=0.12970982077458004, CF order=8
  error tolerance: rtol=0.001, atol=1e-05
Testing N_win=645 N_cf=7
Windowing:
  config: # windows=645, spacing=0.12970982077458004, CF order=7
  error tolerance: rtol=0.001, atol=1e-05
Testing N_win=645 N_cf=6
Windowing:
  config: # windows=645, spacing=0.12970982077458004, CF order=6
  error tolerance: rtol=0.001, atol=1e-05
Testing N_win=645 N_cf=5
Windowing:
  config: # windows=645, spacing=0.12970982077458004, CF order=5
  error tolerance: rtol=0.001, atol=1e-05
Testing N_win=645 N_cf=4
Windowing:
  config: # windows=645, spacing=0.12970982077458004, CF order=4
  error tolerance: rtol=0.001, atol=1e-05
Testing N_win=645 N_cf=3
Windowing:
  config: # windows=645, spacing=0.12970982077458004, CF order=3
  error tolerance: rtol=0.001, atol=1e-05
Best library so far.
Testing N_win=645 N_cf=2
Windowing:
  config: # windows=645, spacing=0.12970982077458004, CF order=2
  error tolerance: rtol=0.001, atol=1e-05
Testing N_win=750 N_cf=10
Windowing:
  config: # windows=750, spacing=0.11155044586613883, CF order=10
  error tolerance: rtol=0.001, atol=1e-05
Testing N_win=750 N_cf=9
Windowing:
  config: # windows=750, spacing=0.11155044586613883, CF order=9
  error tolerance: rtol=0.001, atol=1e-05
Testing N_win=750 N_cf=8
Windowing:
  config: # windows=750, spacing=0.11155044586613883, CF order=8
  error tolerance: rtol=0.001, atol=1e-05
Testing N_win=750 N_cf=7
Windowing:
  config: # windows=750, spacing=0.11155044586613883, CF order=7
  error tolerance: rtol=0.001, atol=1e-05
Testing N_win=750 N_cf=6
Windowing:
  config: # windows=750, spacing=0.11155044586613883, CF order=6
  error tolerance: rtol=0.001, atol=1e-05
Testing N_win=750 N_cf=5
Windowing:
  config: # windows=750, spacing=0.11155044586613883, CF order=5
  error tolerance: rtol=0.001, atol=1e-05
Testing N_win=750 N_cf=4
Windowing:
  config: # windows=750, spacing=0.11155044586613883, CF order=4
  error tolerance: rtol=0.001, atol=1e-05
Testing N_win=750 N_cf=3
Windowing:
  config: # windows=750, spacing=0.11155044586613883, CF order=3
  error tolerance: rtol=0.001, atol=1e-05
Testing N_win=750 N_cf=2
Windowing:
  config: # windows=750, spacing=0.11155044586613883, CF order=2
  error tolerance: rtol=0.001, atol=1e-05
Testing N_win=854 N_cf=10
Windowing:
  config: # windows=854, spacing=0.09796584824309616, CF order=10
  error tolerance: rtol=0.001, atol=1e-05
Testing N_win=854 N_cf=9
Windowing:
  config: # windows=854, spacing=0.09796584824309616, CF order=9
  error tolerance: rtol=0.001, atol=1e-05
Testing N_win=854 N_cf=8
Windowing:
  config: # windows=854, spacing=0.09796584824309616, CF order=8
  error tolerance: rtol=0.001, atol=1e-05
Testing N_win=854 N_cf=7
Windowing:
  config: # windows=854, spacing=0.09796584824309616, CF order=7
  error tolerance: rtol=0.001, atol=1e-05
Testing N_win=854 N_cf=6
Windowing:
  config: # windows=854, spacing=0.09796584824309616, CF order=6
  error tolerance: rtol=0.001, atol=1e-05
Testing N_win=854 N_cf=5
Windowing:
  config: # windows=854, spacing=0.09796584824309616, CF order=5
  error tolerance: rtol=0.001, atol=1e-05
Testing N_win=854 N_cf=4
Windowing:
  config: # windows=854, spacing=0.09796584824309616, CF order=4
  error tolerance: rtol=0.001, atol=1e-05
Testing N_win=854 N_cf=3
Windowing:
  config: # windows=854, spacing=0.09796584824309616, CF order=3
  error tolerance: rtol=0.001, atol=1e-05
Testing N_win=854 N_cf=2
Windowing:
  config: # windows=854, spacing=0.09796584824309616, CF order=2
  error tolerance: rtol=0.001, atol=1e-05
Testing N_win=958 N_cf=10
Windowing:
  config: # windows=958, spacing=0.08733072484301056, CF order=10
  error tolerance: rtol=0.001, atol=1e-05
Testing N_win=958 N_cf=9
Windowing:
  config: # windows=958, spacing=0.08733072484301056, CF order=9
  error tolerance: rtol=0.001, atol=1e-05
Testing N_win=958 N_cf=8
Windowing:
  config: # windows=958, spacing=0.08733072484301056, CF order=8
  error tolerance: rtol=0.001, atol=1e-05
Testing N_win=958 N_cf=7
Windowing:
  config: # windows=958, spacing=0.08733072484301056, CF order=7
  error tolerance: rtol=0.001, atol=1e-05
Testing N_win=958 N_cf=6
Windowing:
  config: # windows=958, spacing=0.08733072484301056, CF order=6
  error tolerance: rtol=0.001, atol=1e-05
Testing N_win=958 N_cf=5
Windowing:
  config: # windows=958, spacing=0.08733072484301056, CF order=5
  error tolerance: rtol=0.001, atol=1e-05
Testing N_win=958 N_cf=4
Windowing:
  config: # windows=958, spacing=0.08733072484301056, CF order=4
  error tolerance: rtol=0.001, atol=1e-05
Testing N_win=958 N_cf=3
Windowing:
  config: # windows=958, spacing=0.08733072484301056, CF order=3
  error tolerance: rtol=0.001, atol=1e-05
Testing N_win=958 N_cf=2
Windowing:
  config: # windows=958, spacing=0.08733072484301056, CF order=2
  error tolerance: rtol=0.001, atol=1e-05
Testing N_win=1062 N_cf=10
Windowing:
  config: # windows=1062, spacing=0.07877856346478732, CF order=10
  error tolerance: rtol=0.001, atol=1e-05
Testing N_win=1062 N_cf=9
Windowing:
  config: # windows=1062, spacing=0.07877856346478732, CF order=9
  error tolerance: rtol=0.001, atol=1e-05
Testing N_win=1062 N_cf=8
Windowing:
  config: # windows=1062, spacing=0.07877856346478732, CF order=8
  error tolerance: rtol=0.001, atol=1e-05
Testing N_win=1062 N_cf=7
Windowing:
  config: # windows=1062, spacing=0.07877856346478732, CF order=7
  error tolerance: rtol=0.001, atol=1e-05
Testing N_win=1062 N_cf=6
Windowing:
  config: # windows=1062, spacing=0.07877856346478732, CF order=6
  error tolerance: rtol=0.001, atol=1e-05
Testing N_win=1062 N_cf=5
Windowing:
  config: # windows=1062, spacing=0.07877856346478732, CF order=5
  error tolerance: rtol=0.001, atol=1e-05
Testing N_win=1062 N_cf=4
Windowing:
  config: # windows=1062, spacing=0.07877856346478732, CF order=4
  error tolerance: rtol=0.001, atol=1e-05
Testing N_win=1062 N_cf=3
Windowing:
  config: # windows=1062, spacing=0.07877856346478732, CF order=3
  error tolerance: rtol=0.001, atol=1e-05
Testing N_win=1062 N_cf=2
Windowing:
  config: # windows=1062, spacing=0.07877856346478732, CF order=2
  error tolerance: rtol=0.001, atol=1e-05
Testing N_win=1166 N_cf=10
Windowing:
  config: # windows=1166, spacing=0.07175200205797952, CF order=10
  error tolerance: rtol=0.001, atol=1e-05
Testing N_win=1166 N_cf=9
Windowing:
  config: # windows=1166, spacing=0.07175200205797952, CF order=9
  error tolerance: rtol=0.001, atol=1e-05
Testing N_win=1166 N_cf=8
Windowing:
  config: # windows=1166, spacing=0.07175200205797952, CF order=8
  error tolerance: rtol=0.001, atol=1e-05
Testing N_win=1166 N_cf=7
Windowing:
  config: # windows=1166, spacing=0.07175200205797952, CF order=7
  error tolerance: rtol=0.001, atol=1e-05
Testing N_win=1166 N_cf=6
Windowing:
  config: # windows=1166, spacing=0.07175200205797952, CF order=6
  error tolerance: rtol=0.001, atol=1e-05
Testing N_win=1166 N_cf=5
Windowing:
  config: # windows=1166, spacing=0.07175200205797952, CF order=5
  error tolerance: rtol=0.001, atol=1e-05
Testing N_win=1166 N_cf=4
Windowing:
  config: # windows=1166, spacing=0.07175200205797952, CF order=4
  error tolerance: rtol=0.001, atol=1e-05
Testing N_win=1166 N_cf=3
Windowing:
  config: # windows=1166, spacing=0.07175200205797952, CF order=3
  error tolerance: rtol=0.001, atol=1e-05
Testing N_win=1166 N_cf=2
Windowing:
  config: # windows=1166, spacing=0.07175200205797952, CF order=2
  error tolerance: rtol=0.001, atol=1e-05
Testing N_win=1270 N_cf=10
Windowing:
  config: # windows=1270, spacing=0.0658762475587434, CF order=10
  error tolerance: rtol=0.001, atol=1e-05
Testing N_win=1270 N_cf=9
Windowing:
  config: # windows=1270, spacing=0.0658762475587434, CF order=9
  error tolerance: rtol=0.001, atol=1e-05
Testing N_win=1270 N_cf=8
Windowing:
  config: # windows=1270, spacing=0.0658762475587434, CF order=8
  error tolerance: rtol=0.001, atol=1e-05
Testing N_win=1270 N_cf=7
Windowing:
  config: # windows=1270, spacing=0.0658762475587434, CF order=7
  error tolerance: rtol=0.001, atol=1e-05
Testing N_win=1270 N_cf=6
Windowing:
  config: # windows=1270, spacing=0.0658762475587434, CF order=6
  error tolerance: rtol=0.001, atol=1e-05
Testing N_win=1270 N_cf=5
Windowing:
  config: # windows=1270, spacing=0.0658762475587434, CF order=5
  error tolerance: rtol=0.001, atol=1e-05
Testing N_win=1270 N_cf=4
Windowing:
  config: # windows=1270, spacing=0.0658762475587434, CF order=4
  error tolerance: rtol=0.001, atol=1e-05
Testing N_win=1270 N_cf=3
Windowing:
  config: # windows=1270, spacing=0.0658762475587434, CF order=3
  error tolerance: rtol=0.001, atol=1e-05
Testing N_win=1270 N_cf=2
Windowing:
  config: # windows=1270, spacing=0.0658762475587434, CF order=2
  error tolerance: rtol=0.001, atol=1e-05
Testing N_win=1375 N_cf=10
Windowing:
  config: # windows=1375, spacing=0.060845697745166634, CF order=10
  error tolerance: rtol=0.001, atol=1e-05
Testing N_win=1375 N_cf=9
Windowing:
  config: # windows=1375, spacing=0.060845697745166634, CF order=9
  error tolerance: rtol=0.001, atol=1e-05
Testing N_win=1375 N_cf=8
Windowing:
  config: # windows=1375, spacing=0.060845697745166634, CF order=8
  error tolerance: rtol=0.001, atol=1e-05
Testing N_win=1375 N_cf=7
Windowing:
  config: # windows=1375, spacing=0.060845697745166634, CF order=7
  error tolerance: rtol=0.001, atol=1e-05
Testing N_win=1375 N_cf=6
Windowing:
  config: # windows=1375, spacing=0.060845697745166634, CF order=6
  error tolerance: rtol=0.001, atol=1e-05
Testing N_win=1375 N_cf=5
Windowing:
  config: # windows=1375, spacing=0.060845697745166634, CF order=5
  error tolerance: rtol=0.001, atol=1e-05
Testing N_win=1375 N_cf=4
Windowing:
  config: # windows=1375, spacing=0.060845697745166634, CF order=4
  error tolerance: rtol=0.001, atol=1e-05
Testing N_win=1375 N_cf=3
Windowing:
  config: # windows=1375, spacing=0.060845697745166634, CF order=3
  error tolerance: rtol=0.001, atol=1e-05
Testing N_win=1375 N_cf=2
Windowing:
  config: # windows=1375, spacing=0.060845697745166634, CF order=2
  error tolerance: rtol=0.001, atol=1e-05
Testing N_win=1479 N_cf=10
Windowing:
  config: # windows=1479, spacing=0.05656716321812314, CF order=10
  error tolerance: rtol=0.001, atol=1e-05
Testing N_win=1479 N_cf=9
Windowing:
  config: # windows=1479, spacing=0.05656716321812314, CF order=9
  error tolerance: rtol=0.001, atol=1e-05
Testing N_win=1479 N_cf=8
Windowing:
  config: # windows=1479, spacing=0.05656716321812314, CF order=8
  error tolerance: rtol=0.001, atol=1e-05
Testing N_win=1479 N_cf=7
Windowing:
  config: # windows=1479, spacing=0.05656716321812314, CF order=7
  error tolerance: rtol=0.001, atol=1e-05
Testing N_win=1479 N_cf=6
Windowing:
  config: # windows=1479, spacing=0.05656716321812314, CF order=6
  error tolerance: rtol=0.001, atol=1e-05
Testing N_win=1479 N_cf=5
Windowing:
  config: # windows=1479, spacing=0.05656716321812314, CF order=5
  error tolerance: rtol=0.001, atol=1e-05
Testing N_win=1479 N_cf=4
Windowing:
  config: # windows=1479, spacing=0.05656716321812314, CF order=4
  error tolerance: rtol=0.001, atol=1e-05
Testing N_win=1479 N_cf=3
Windowing:
  config: # windows=1479, spacing=0.05656716321812314, CF order=3
  error tolerance: rtol=0.001, atol=1e-05
Testing N_win=1479 N_cf=2
Windowing:
  config: # windows=1479, spacing=0.05656716321812314, CF order=2
  error tolerance: rtol=0.001, atol=1e-05
Testing N_win=1583 N_cf=10
Windowing:
  config: # windows=1583, spacing=0.052850811370564826, CF order=10
  error tolerance: rtol=0.001, atol=1e-05
Testing N_win=1583 N_cf=9
Windowing:
  config: # windows=1583, spacing=0.052850811370564826, CF order=9
  error tolerance: rtol=0.001, atol=1e-05
Testing N_win=1583 N_cf=8
Windowing:
  config: # windows=1583, spacing=0.052850811370564826, CF order=8
  error tolerance: rtol=0.001, atol=1e-05
Testing N_win=1583 N_cf=7
Windowing:
  config: # windows=1583, spacing=0.052850811370564826, CF order=7
  error tolerance: rtol=0.001, atol=1e-05
Testing N_win=1583 N_cf=6
Windowing:
  config: # windows=1583, spacing=0.052850811370564826, CF order=6
  error tolerance: rtol=0.001, atol=1e-05
Testing N_win=1583 N_cf=5
Windowing:
  config: # windows=1583, spacing=0.052850811370564826, CF order=5
  error tolerance: rtol=0.001, atol=1e-05
Testing N_win=1583 N_cf=4
Windowing:
  config: # windows=1583, spacing=0.052850811370564826, CF order=4
  error tolerance: rtol=0.001, atol=1e-05
Testing N_win=1583 N_cf=3
Windowing:
  config: # windows=1583, spacing=0.052850811370564826, CF order=3
  error tolerance: rtol=0.001, atol=1e-05
Testing N_win=1583 N_cf=2
Windowing:
  config: # windows=1583, spacing=0.052850811370564826, CF order=2
  error tolerance: rtol=0.001, atol=1e-05
Testing N_win=1687 N_cf=10
Windowing:
  config: # windows=1687, spacing=0.04959267006496984, CF order=10
  error tolerance: rtol=0.001, atol=1e-05
Testing N_win=1687 N_cf=9
Windowing:
  config: # windows=1687, spacing=0.04959267006496984, CF order=9
  error tolerance: rtol=0.001, atol=1e-05
Testing N_win=1687 N_cf=8
Windowing:
  config: # windows=1687, spacing=0.04959267006496984, CF order=8
  error tolerance: rtol=0.001, atol=1e-05
Testing N_win=1687 N_cf=7
Windowing:
  config: # windows=1687, spacing=0.04959267006496984, CF order=7
  error tolerance: rtol=0.001, atol=1e-05
Testing N_win=1687 N_cf=6
Windowing:
  config: # windows=1687, spacing=0.04959267006496984, CF order=6
  error tolerance: rtol=0.001, atol=1e-05
Testing N_win=1687 N_cf=5
Windowing:
  config: # windows=1687, spacing=0.04959267006496984, CF order=5
  error tolerance: rtol=0.001, atol=1e-05
Testing N_win=1687 N_cf=4
Windowing:
  config: # windows=1687, spacing=0.04959267006496984, CF order=4
  error tolerance: rtol=0.001, atol=1e-05
Testing N_win=1687 N_cf=3
Windowing:
  config: # windows=1687, spacing=0.04959267006496984, CF order=3
  error tolerance: rtol=0.001, atol=1e-05
Testing N_win=1687 N_cf=2
Windowing:
  config: # windows=1687, spacing=0.04959267006496984, CF order=2
  error tolerance: rtol=0.001, atol=1e-05
Testing N_win=1791 N_cf=10
Windowing:
  config: # windows=1791, spacing=0.046712917029371366, CF order=10
  error tolerance: rtol=0.001, atol=1e-05
Testing N_win=1791 N_cf=9
Windowing:
  config: # windows=1791, spacing=0.046712917029371366, CF order=9
  error tolerance: rtol=0.001, atol=1e-05
Testing N_win=1791 N_cf=8
Windowing:
  config: # windows=1791, spacing=0.046712917029371366, CF order=8
  error tolerance: rtol=0.001, atol=1e-05
Testing N_win=1791 N_cf=7
Windowing:
  config: # windows=1791, spacing=0.046712917029371366, CF order=7
  error tolerance: rtol=0.001, atol=1e-05
Testing N_win=1791 N_cf=6
Windowing:
  config: # windows=1791, spacing=0.046712917029371366, CF order=6
  error tolerance: rtol=0.001, atol=1e-05
Testing N_win=1791 N_cf=5
Windowing:
  config: # windows=1791, spacing=0.046712917029371366, CF order=5
  error tolerance: rtol=0.001, atol=1e-05
Testing N_win=1791 N_cf=4
Windowing:
  config: # windows=1791, spacing=0.046712917029371366, CF order=4
  error tolerance: rtol=0.001, atol=1e-05
Testing N_win=1791 N_cf=3
Windowing:
  config: # windows=1791, spacing=0.046712917029371366, CF order=3
  error tolerance: rtol=0.001, atol=1e-05
Testing N_win=1791 N_cf=2
Windowing:
  config: # windows=1791, spacing=0.046712917029371366, CF order=2
  error tolerance: rtol=0.001, atol=1e-05
Testing N_win=1895 N_cf=10
Windowing:
  config: # windows=1895, spacing=0.044149252981321434, CF order=10
  error tolerance: rtol=0.001, atol=1e-05
Testing N_win=1895 N_cf=9
Windowing:
  config: # windows=1895, spacing=0.044149252981321434, CF order=9
  error tolerance: rtol=0.001, atol=1e-05
Testing N_win=1895 N_cf=8
Windowing:
  config: # windows=1895, spacing=0.044149252981321434, CF order=8
  error tolerance: rtol=0.001, atol=1e-05
Testing N_win=1895 N_cf=7
Windowing:
  config: # windows=1895, spacing=0.044149252981321434, CF order=7
  error tolerance: rtol=0.001, atol=1e-05
Testing N_win=1895 N_cf=6
Windowing:
  config: # windows=1895, spacing=0.044149252981321434, CF order=6
  error tolerance: rtol=0.001, atol=1e-05
Testing N_win=1895 N_cf=5
Windowing:
  config: # windows=1895, spacing=0.044149252981321434, CF order=5
  error tolerance: rtol=0.001, atol=1e-05
Testing N_win=1895 N_cf=4
Windowing:
  config: # windows=1895, spacing=0.044149252981321434, CF order=4
  error tolerance: rtol=0.001, atol=1e-05
Testing N_win=1895 N_cf=3
Windowing:
  config: # windows=1895, spacing=0.044149252981321434, CF order=3
  error tolerance: rtol=0.001, atol=1e-05
Testing N_win=1895 N_cf=2
Windowing:
  config: # windows=1895, spacing=0.044149252981321434, CF order=2
  error tolerance: rtol=0.001, atol=1e-05
Testing N_win=2000 N_cf=10
Windowing:
  config: # windows=2000, spacing=0.04183141719980206, CF order=10
  error tolerance: rtol=0.001, atol=1e-05
Testing N_win=2000 N_cf=9
Windowing:
  config: # windows=2000, spacing=0.04183141719980206, CF order=9
  error tolerance: rtol=0.001, atol=1e-05
Testing N_win=2000 N_cf=8
Windowing:
  config: # windows=2000, spacing=0.04183141719980206, CF order=8
  error tolerance: rtol=0.001, atol=1e-05
Testing N_win=2000 N_cf=7
Windowing:
  config: # windows=2000, spacing=0.04183141719980206, CF order=7
  error tolerance: rtol=0.001, atol=1e-05
Testing N_win=2000 N_cf=6
Windowing:
  config: # windows=2000, spacing=0.04183141719980206, CF order=6
  error tolerance: rtol=0.001, atol=1e-05
Testing N_win=2000 N_cf=5
Windowing:
  config: # windows=2000, spacing=0.04183141719980206, CF order=5
  error tolerance: rtol=0.001, atol=1e-05
Testing N_win=2000 N_cf=4
Windowing:
  config: # windows=2000, spacing=0.04183141719980206, CF order=4
  error tolerance: rtol=0.001, atol=1e-05
Testing N_win=2000 N_cf=3
Windowing:
  config: # windows=2000, spacing=0.04183141719980206, CF order=3
  error tolerance: rtol=0.001, atol=1e-05
Testing N_win=2000 N_cf=2
Windowing:
  config: # windows=2000, spacing=0.04183141719980206, CF order=2
  error tolerance: rtol=0.001, atol=1e-05
Final library: 279 poles, 645 windows, 3.7 poles per window, 3 CF order
