Running NJOY to get 0K point-wise data (error=0.0005)...
Parsing cross sections within resolved resonance range...
  MTs: [2, 27, 102, 103, 107]
  Energy range: 1.000e-05 to 1.031e+03 eV (73825 points)
Vector fitting piece 1/36...
  energy: 1.000e-05 to 1.156e+00 eV (1009 points)
  error tolerance: rtol=0.001, atol=1e-05
Found 1 peaks
Fitting orders from 2 to 200
Order=2(0/100)
Order=4(1/100)
Order=6(2/100)
Order=8(3/100)
Order=10(4/100)
Order=12(5/100)
Order=14(6/100)
Order=16(7/100)
Order=18(8/100)
Order=20(9/100)
Order=22(10/100)
Order=24(11/100)
Order=26(12/100)
Order=28(13/100)
Order=30(14/100)
Order=32(15/100)
Order=34(16/100)
Order=36(17/100)
Order=38(18/100)
Order=40(19/100)
Order=42(20/100)
Order=44(21/100)
Order=46(22/100)
Order=48(23/100)
Order=50(24/100)
Order=52(25/100)
Order=54(26/100)
Order=56(27/100)
Order=58(28/100)
Order=60(29/100)
Found 3 real poles and 4 conjugate complex pairs.
Final number of poles: 7
Saved figure: WMP_Lib/Pm145/0-1_MT2.png
Saved figure: WMP_Lib/Pm145/0-1_MT27.png
Saved figure: WMP_Lib/Pm145/0-1_MT102.png
Saved figure: WMP_Lib/Pm145/0-1_MT103.png
Saved figure: WMP_Lib/Pm145/0-1_MT107.png
Vector fitting piece 2/36...
  energy: 7.656e-02 to 3.865e+00 eV (1011 points)
  error tolerance: rtol=0.001, atol=1e-05
Found 2 peaks
Fitting orders from 4 to 200
Order=4(0/99)
Order=6(1/99)
Order=8(2/99)
Order=10(3/99)
Order=12(4/99)
Order=14(5/99)
Order=16(6/99)
Order=18(7/99)
Order=20(8/99)
Order=22(9/99)
Order=24(10/99)
Order=26(11/99)
Order=28(12/99)
Order=30(13/99)
Order=32(14/99)
Order=34(15/99)
Order=36(16/99)
Order=38(17/99)
Order=40(18/99)
Order=42(19/99)
Order=44(20/99)
Order=46(21/99)
Order=48(22/99)
Order=50(23/99)
Order=52(24/99)
Order=54(25/99)
Order=56(26/99)
Order=58(27/99)
Order=60(28/99)
Found 2 real poles and 9 conjugate complex pairs.
Final number of poles: 11
Saved figure: WMP_Lib/Pm145/0-4_MT2.png
Saved figure: WMP_Lib/Pm145/0-4_MT27.png
Saved figure: WMP_Lib/Pm145/0-4_MT102.png
Saved figure: WMP_Lib/Pm145/0-4_MT103.png
Saved figure: WMP_Lib/Pm145/0-4_MT107.png
Vector fitting piece 3/36...
  energy: 1.344e+00 to 8.122e+00 eV (579 points)
  error tolerance: rtol=0.001, atol=1e-05
Found 1 peaks
Fitting orders from 2 to 200
Order=2(0/100)
Order=4(1/100)
Order=6(2/100)
Order=8(3/100)
Order=10(4/100)
Order=12(5/100)
Order=14(6/100)
Order=16(7/100)
Order=18(8/100)
Order=20(9/100)
Order=22(10/100)
Order=24(11/100)
Order=26(12/100)
Order=28(13/100)
Order=30(14/100)
Order=32(15/100)
Order=34(16/100)
Order=36(17/100)
Order=38(18/100)
Order=40(19/100)
Order=42(20/100)
Order=44(21/100)
Order=46(22/100)
Order=48(23/100)
Order=50(24/100)
Order=52(25/100)
Order=54(26/100)
Order=56(27/100)
Order=58(28/100)
Order=60(29/100)
Found 1 real poles and 15 conjugate complex pairs.
Final number of poles: 16
Saved figure: WMP_Lib/Pm145/1-8_MT2.png
Saved figure: WMP_Lib/Pm145/1-8_MT27.png
Saved figure: WMP_Lib/Pm145/1-8_MT102.png
Saved figure: WMP_Lib/Pm145/1-8_MT103.png
Saved figure: WMP_Lib/Pm145/1-8_MT107.png
Vector fitting piece 4/36...
  energy: 4.231e+00 to 1.408e+01 eV (933 points)
  error tolerance: rtol=0.001, atol=1e-05
Found 2 peaks
Fitting orders from 4 to 200
Order=4(0/99)
Order=6(1/99)
Order=8(2/99)
Order=10(3/99)
Order=12(4/99)
Order=14(5/99)
Order=16(6/99)
Order=18(7/99)
Order=20(8/99)
Order=22(9/99)
Order=24(10/99)
Order=26(11/99)
Order=28(12/99)
Order=30(13/99)
Order=32(14/99)
Order=34(15/99)
Order=36(16/99)
Order=38(17/99)
Order=40(18/99)
Order=42(19/99)
Order=44(20/99)
Order=46(21/99)
Order=48(22/99)
Order=50(23/99)
Order=52(24/99)
Order=54(25/99)
Order=56(26/99)
Order=58(27/99)
Order=60(28/99)
Found 1 real poles and 12 conjugate complex pairs.
Final number of poles: 13
Saved figure: WMP_Lib/Pm145/4-14_MT2.png
Saved figure: WMP_Lib/Pm145/4-14_MT27.png
Saved figure: WMP_Lib/Pm145/4-14_MT102.png
Saved figure: WMP_Lib/Pm145/4-14_MT103.png
Saved figure: WMP_Lib/Pm145/4-14_MT107.png
Vector fitting piece 5/36...
  energy: 8.730e+00 to 2.148e+01 eV (977 points)
  error tolerance: rtol=0.001, atol=1e-05
Found 2 peaks
Fitting orders from 4 to 200
Order=4(0/99)
Order=6(1/99)
Order=8(2/99)
Order=10(3/99)
Order=12(4/99)
Order=14(5/99)
Order=16(6/99)
Order=18(7/99)
Order=20(8/99)
Order=22(9/99)
Order=24(10/99)
Order=26(11/99)
Order=28(12/99)
Order=30(13/99)
Order=32(14/99)
Order=34(15/99)
Order=36(16/99)
Order=38(17/99)
Order=40(18/99)
Order=42(19/99)
Order=44(20/99)
Order=46(21/99)
Order=48(22/99)
Order=50(23/99)
Order=52(24/99)
Order=54(25/99)
Order=56(26/99)
Order=58(27/99)
Order=60(28/99)
Found 1 real poles and 8 conjugate complex pairs.
Final number of poles: 9
Saved figure: WMP_Lib/Pm145/9-21_MT2.png
Saved figure: WMP_Lib/Pm145/9-21_MT27.png
Saved figure: WMP_Lib/Pm145/9-21_MT102.png
Saved figure: WMP_Lib/Pm145/9-21_MT103.png
Saved figure: WMP_Lib/Pm145/9-21_MT107.png
Vector fitting piece 6/36...
  energy: 1.473e+01 to 3.059e+01 eV (1045 points)
  error tolerance: rtol=0.001, atol=1e-05
Found 2 peaks
Fitting orders from 4 to 200
Order=4(0/99)
Order=6(1/99)
Order=8(2/99)
Order=10(3/99)
Order=12(4/99)
Order=14(5/99)
Order=16(6/99)
Order=18(7/99)
Order=20(8/99)
Order=22(9/99)
Order=24(10/99)
Order=26(11/99)
Order=28(12/99)
Order=30(13/99)
Order=32(14/99)
Order=34(15/99)
Order=36(16/99)
Order=38(17/99)
Order=40(18/99)
Order=42(19/99)
Order=44(20/99)
Order=46(21/99)
Order=48(22/99)
Order=50(23/99)
Order=52(24/99)
Order=54(25/99)
Order=56(26/99)
Order=58(27/99)
Order=60(28/99)
Found 1 real poles and 7 conjugate complex pairs.
Final number of poles: 8
Saved figure: WMP_Lib/Pm145/15-31_MT2.png
Saved figure: WMP_Lib/Pm145/15-31_MT27.png
Saved figure: WMP_Lib/Pm145/15-31_MT102.png
Saved figure: WMP_Lib/Pm145/15-31_MT103.png
Saved figure: WMP_Lib/Pm145/15-31_MT107.png
Vector fitting piece 7/36...
  energy: 2.243e+01 to 4.137e+01 eV (1367 points)
  error tolerance: rtol=0.001, atol=1e-05
Found 3 peaks
Fitting orders from 6 to 200
Order=6(0/98)
Order=8(1/98)
Order=10(2/98)
Order=12(3/98)
Order=14(4/98)
Order=16(5/98)
Order=18(6/98)
Order=20(7/98)
Order=22(8/98)
Order=24(9/98)
Order=26(10/98)
Order=28(11/98)
Order=30(12/98)
Order=32(13/98)
Order=34(14/98)
Order=36(15/98)
Order=38(16/98)
Order=40(17/98)
Order=42(18/98)
Order=44(19/98)
Order=46(20/98)
Order=48(21/98)
Order=50(22/98)
Order=52(23/98)
Order=54(24/98)
Order=56(25/98)
Order=58(26/98)
Order=60(27/98)
Found 1 real poles and 8 conjugate complex pairs.
Final number of poles: 9
Saved figure: WMP_Lib/Pm145/22-41_MT2.png
Saved figure: WMP_Lib/Pm145/22-41_MT27.png
Saved figure: WMP_Lib/Pm145/22-41_MT102.png
Saved figure: WMP_Lib/Pm145/22-41_MT103.png
Saved figure: WMP_Lib/Pm145/22-41_MT107.png
Vector fitting piece 8/36...
  energy: 3.169e+01 to 5.349e+01 eV (1801 points)
  error tolerance: rtol=0.001, atol=1e-05
Found 4 peaks
Fitting orders from 8 to 200
Order=8(0/97)
Order=10(1/97)
Order=12(2/97)
Order=14(3/97)
Order=16(4/97)
Found ideal results. Stop!
Found 1 real poles and 8 conjugate complex pairs.
Final number of poles: 9
Saved figure: WMP_Lib/Pm145/32-53_MT2.png
Saved figure: WMP_Lib/Pm145/32-53_MT27.png
Saved figure: WMP_Lib/Pm145/32-53_MT102.png
Saved figure: WMP_Lib/Pm145/32-53_MT103.png
Saved figure: WMP_Lib/Pm145/32-53_MT107.png
Vector fitting piece 9/36...
  energy: 4.255e+01 to 6.738e+01 eV (2629 points)
  error tolerance: rtol=0.001, atol=1e-05
Found 6 peaks
Fitting orders from 12 to 200
Order=12(0/95)
Order=14(1/95)
Order=16(2/95)
Order=18(3/95)
Order=20(4/95)
Order=22(5/95)
Order=24(6/95)
Order=26(7/95)
Order=28(8/95)
Order=30(9/95)
Order=32(10/95)
Order=34(11/95)
Order=36(12/95)
Order=38(13/95)
Order=40(14/95)
Order=42(15/95)
Order=44(16/95)
Order=46(17/95)
Order=48(18/95)
Order=50(19/95)
Order=52(20/95)
Order=54(21/95)
Order=56(22/95)
Order=58(23/95)
Order=60(24/95)
Found 2 real poles and 8 conjugate complex pairs.
Final number of poles: 10
Saved figure: WMP_Lib/Pm145/43-67_MT2.png
Saved figure: WMP_Lib/Pm145/43-67_MT27.png
Saved figure: WMP_Lib/Pm145/43-67_MT102.png
Saved figure: WMP_Lib/Pm145/43-67_MT103.png
Saved figure: WMP_Lib/Pm145/43-67_MT107.png
Vector fitting piece 10/36...
  energy: 5.494e+01 to 8.283e+01 eV (2228 points)
  error tolerance: rtol=0.001, atol=1e-05
Found 5 peaks
Fitting orders from 10 to 200
Order=10(0/96)
Order=12(1/96)
Order=14(2/96)
Order=16(3/96)
Order=18(4/96)
Order=20(5/96)
Order=22(6/96)
Order=24(7/96)
Order=26(8/96)
Order=28(9/96)
Order=30(10/96)
Order=32(11/96)
Order=34(12/96)
Order=36(13/96)
Order=38(14/96)
Order=40(15/96)
Order=42(16/96)
Order=44(17/96)
Order=46(18/96)
Order=48(19/96)
Order=50(20/96)
Order=52(21/96)
Order=54(22/96)
Order=56(23/96)
Order=58(24/96)
Order=60(25/96)
Found 2 real poles and 7 conjugate complex pairs.
Final number of poles: 9
Saved figure: WMP_Lib/Pm145/55-83_MT2.png
Saved figure: WMP_Lib/Pm145/55-83_MT27.png
Saved figure: WMP_Lib/Pm145/55-83_MT102.png
Saved figure: WMP_Lib/Pm145/55-83_MT103.png
Saved figure: WMP_Lib/Pm145/55-83_MT107.png
Vector fitting piece 11/36...
  energy: 6.900e+01 to 9.974e+01 eV (1514 points)
  error tolerance: rtol=0.001, atol=1e-05
Found 3 peaks
Fitting orders from 6 to 200
Order=6(0/98)
Order=8(1/98)
Order=10(2/98)
Order=12(3/98)
Order=14(4/98)
Order=16(5/98)
Order=18(6/98)
Order=20(7/98)
Order=22(8/98)
Order=24(9/98)
Order=26(10/98)
Order=28(11/98)
Order=30(12/98)
Order=32(13/98)
Order=34(14/98)
Order=36(15/98)
Order=38(16/98)
Order=40(17/98)
Order=42(18/98)
Order=44(19/98)
Order=46(20/98)
Order=48(21/98)
Order=50(22/98)
Order=52(23/98)
Order=54(24/98)
Order=56(25/98)
Order=58(26/98)
Order=60(27/98)
Found 5 real poles and 4 conjugate complex pairs.
Final number of poles: 9
Saved figure: WMP_Lib/Pm145/69-100_MT2.png
Saved figure: WMP_Lib/Pm145/69-100_MT27.png
Saved figure: WMP_Lib/Pm145/69-100_MT102.png
Saved figure: WMP_Lib/Pm145/69-100_MT103.png
Saved figure: WMP_Lib/Pm145/69-100_MT107.png
Vector fitting piece 12/36...
  energy: 8.458e+01 to 1.183e+02 eV (2628 points)
  error tolerance: rtol=0.001, atol=1e-05
Found 6 peaks
Fitting orders from 12 to 200
Order=12(0/95)
Order=14(1/95)
Order=16(2/95)
Order=18(3/95)
Order=20(4/95)
Order=22(5/95)
Order=24(6/95)
Order=26(7/95)
Order=28(8/95)
Order=30(9/95)
Order=32(10/95)
Order=34(11/95)
Order=36(12/95)
Order=38(13/95)
Order=40(14/95)
Order=42(15/95)
Order=44(16/95)
Order=46(17/95)
Order=48(18/95)
Order=50(19/95)
Order=52(20/95)
Order=54(21/95)
Order=56(22/95)
Order=58(23/95)
Order=60(24/95)
Found 5 real poles and 7 conjugate complex pairs.
Final number of poles: 12
Saved figure: WMP_Lib/Pm145/85-118_MT2.png
Saved figure: WMP_Lib/Pm145/85-118_MT27.png
Saved figure: WMP_Lib/Pm145/85-118_MT102.png
Saved figure: WMP_Lib/Pm145/85-118_MT103.png
Saved figure: WMP_Lib/Pm145/85-118_MT107.png
Vector fitting piece 13/36...
  energy: 1.018e+02 to 1.385e+02 eV (3080 points)
  error tolerance: rtol=0.001, atol=1e-05
Found 7 peaks
Fitting orders from 14 to 200
Order=14(0/94)
Order=16(1/94)
Order=18(2/94)
Order=20(3/94)
Order=22(4/94)
Order=24(5/94)
Order=26(6/94)
Order=28(7/94)
Order=30(8/94)
Order=32(9/94)
Order=34(10/94)
Order=36(11/94)
Order=38(12/94)
Order=40(13/94)
Order=42(14/94)
Order=44(15/94)
Order=46(16/94)
Order=48(17/94)
Order=50(18/94)
Order=52(19/94)
Order=54(20/94)
Order=56(21/94)
Order=58(22/94)
Order=60(23/94)
Found 2 real poles and 9 conjugate complex pairs.
Final number of poles: 11
Saved figure: WMP_Lib/Pm145/102-139_MT2.png
Saved figure: WMP_Lib/Pm145/102-139_MT27.png
Saved figure: WMP_Lib/Pm145/102-139_MT102.png
Saved figure: WMP_Lib/Pm145/102-139_MT103.png
Saved figure: WMP_Lib/Pm145/102-139_MT107.png
Vector fitting piece 14/36...
  energy: 1.206e+02 to 1.603e+02 eV (2833 points)
  error tolerance: rtol=0.001, atol=1e-05
Found 6 peaks
Fitting orders from 12 to 200
Order=12(0/95)
Order=14(1/95)
Order=16(2/95)
Order=18(3/95)
Found ideal results. Stop!
Found 4 real poles and 7 conjugate complex pairs.
Final number of poles: 11
Saved figure: WMP_Lib/Pm145/121-160_MT2.png
Saved figure: WMP_Lib/Pm145/121-160_MT27.png
Saved figure: WMP_Lib/Pm145/121-160_MT102.png
Saved figure: WMP_Lib/Pm145/121-160_MT103.png
Saved figure: WMP_Lib/Pm145/121-160_MT107.png
Vector fitting piece 15/36...
  energy: 1.410e+02 to 1.837e+02 eV (2910 points)
  error tolerance: rtol=0.001, atol=1e-05
Found 6 peaks
Fitting orders from 12 to 200
Order=12(0/95)
Order=14(1/95)
Order=16(2/95)
Order=18(3/95)
Order=20(4/95)
Order=22(5/95)
Order=24(6/95)
Order=26(7/95)
Order=28(8/95)
Order=30(9/95)
Order=32(10/95)
Order=34(11/95)
Order=36(12/95)
Order=38(13/95)
Order=40(14/95)
Order=42(15/95)
Order=44(16/95)
Order=46(17/95)
Order=48(18/95)
Order=50(19/95)
Order=52(20/95)
Order=54(21/95)
Order=56(22/95)
Order=58(23/95)
Order=60(24/95)
Found 2 real poles and 9 conjugate complex pairs.
Final number of poles: 11
Saved figure: WMP_Lib/Pm145/141-184_MT2.png
Saved figure: WMP_Lib/Pm145/141-184_MT27.png
Saved figure: WMP_Lib/Pm145/141-184_MT102.png
Saved figure: WMP_Lib/Pm145/141-184_MT103.png
Saved figure: WMP_Lib/Pm145/141-184_MT107.png
Vector fitting piece 16/36...
  energy: 1.630e+02 to 2.087e+02 eV (3127 points)
  error tolerance: rtol=0.001, atol=1e-05
Found 6 peaks
Fitting orders from 12 to 200
Order=12(0/95)
Order=14(1/95)
Order=16(2/95)
Order=18(3/95)
Order=20(4/95)
Order=22(5/95)
Order=24(6/95)
Order=26(7/95)
Order=28(8/95)
Order=30(9/95)
Order=32(10/95)
Order=34(11/95)
Order=36(12/95)
Order=38(13/95)
Order=40(14/95)
Order=42(15/95)
Order=44(16/95)
Order=46(17/95)
Order=48(18/95)
Order=50(19/95)
Order=52(20/95)
Order=54(21/95)
Order=56(22/95)
Order=58(23/95)
Order=60(24/95)
Found 6 real poles and 7 conjugate complex pairs.
Final number of poles: 13
Saved figure: WMP_Lib/Pm145/163-209_MT2.png
Saved figure: WMP_Lib/Pm145/163-209_MT27.png
Saved figure: WMP_Lib/Pm145/163-209_MT102.png
Saved figure: WMP_Lib/Pm145/163-209_MT103.png
Saved figure: WMP_Lib/Pm145/163-209_MT107.png
Vector fitting piece 17/36...
  energy: 1.865e+02 to 2.353e+02 eV (3679 points)
  error tolerance: rtol=0.001, atol=1e-05
Found 9 peaks
Fitting orders from 18 to 200
Order=18(0/92)
Order=20(1/92)
Order=22(2/92)
Order=24(3/92)
Order=26(4/92)
Order=28(5/92)
Order=30(6/92)
Order=32(7/92)
Order=34(8/92)
Order=36(9/92)
Order=38(10/92)
Order=40(11/92)
Order=42(12/92)
Order=44(13/92)
Order=46(14/92)
Order=48(15/92)
Order=50(16/92)
Order=52(17/92)
Order=54(18/92)
Order=56(19/92)
Order=58(20/92)
Order=60(21/92)
Found 2 real poles and 11 conjugate complex pairs.
Final number of poles: 13
Saved figure: WMP_Lib/Pm145/187-235_MT2.png
Saved figure: WMP_Lib/Pm145/187-235_MT27.png
Saved figure: WMP_Lib/Pm145/187-235_MT102.png
Saved figure: WMP_Lib/Pm145/187-235_MT103.png
Saved figure: WMP_Lib/Pm145/187-235_MT107.png
Vector fitting piece 18/36...
  energy: 2.117e+02 to 2.634e+02 eV (2929 points)
  error tolerance: rtol=0.001, atol=1e-05
Found 7 peaks
Fitting orders from 14 to 200
Order=14(0/94)
Order=16(1/94)
Order=18(2/94)
Order=20(3/94)
Order=22(4/94)
Found ideal results. Stop!
Found 3 real poles and 10 conjugate complex pairs.
Final number of poles: 13
Saved figure: WMP_Lib/Pm145/212-263_MT2.png
Saved figure: WMP_Lib/Pm145/212-263_MT27.png
Saved figure: WMP_Lib/Pm145/212-263_MT102.png
Saved figure: WMP_Lib/Pm145/212-263_MT103.png
Saved figure: WMP_Lib/Pm145/212-263_MT107.png
Vector fitting piece 19/36...
  energy: 2.384e+02 to 2.931e+02 eV (3594 points)
  error tolerance: rtol=0.001, atol=1e-05
Found 8 peaks
Fitting orders from 16 to 200
Order=16(0/93)
Order=18(1/93)
Order=20(2/93)
Order=22(3/93)
Found ideal results. Stop!
Found 4 real poles and 9 conjugate complex pairs.
Final number of poles: 13
Saved figure: WMP_Lib/Pm145/238-293_MT2.png
Saved figure: WMP_Lib/Pm145/238-293_MT27.png
Saved figure: WMP_Lib/Pm145/238-293_MT102.png
Saved figure: WMP_Lib/Pm145/238-293_MT103.png
Saved figure: WMP_Lib/Pm145/238-293_MT107.png
Vector fitting piece 20/36...
  energy: 2.668e+02 to 3.244e+02 eV (4235 points)
  error tolerance: rtol=0.001, atol=1e-05
Found 10 peaks
Fitting orders from 20 to 200
Order=20(0/91)
Order=22(1/91)
Order=24(2/91)
Order=26(3/91)
Order=28(4/91)
Order=30(5/91)
Order=32(6/91)
Order=34(7/91)
Order=36(8/91)
Order=38(9/91)
Order=40(10/91)
Order=42(11/91)
Order=44(12/91)
Order=46(13/91)
Order=48(14/91)
Order=50(15/91)
Order=52(16/91)
Order=54(17/91)
Order=56(18/91)
Order=58(19/91)
Order=60(20/91)
Found 4 real poles and 11 conjugate complex pairs.
Final number of poles: 15
Saved figure: WMP_Lib/Pm145/267-324_MT2.png
Saved figure: WMP_Lib/Pm145/267-324_MT27.png
Saved figure: WMP_Lib/Pm145/267-324_MT102.png
Saved figure: WMP_Lib/Pm145/267-324_MT103.png
Saved figure: WMP_Lib/Pm145/267-324_MT107.png
Vector fitting piece 21/36...
  energy: 2.967e+02 to 3.575e+02 eV (4638 points)
  error tolerance: rtol=0.001, atol=1e-05
Found 11 peaks
Fitting orders from 22 to 200
Order=22(0/90)
Order=24(1/90)
Order=26(2/90)
Order=28(3/90)
Found ideal results. Stop!
Found 4 real poles and 12 conjugate complex pairs.
Final number of poles: 16
Saved figure: WMP_Lib/Pm145/297-357_MT2.png
Saved figure: WMP_Lib/Pm145/297-357_MT27.png
Saved figure: WMP_Lib/Pm145/297-357_MT102.png
Saved figure: WMP_Lib/Pm145/297-357_MT103.png
Saved figure: WMP_Lib/Pm145/297-357_MT107.png
Vector fitting piece 22/36...
  energy: 3.283e+02 to 3.919e+02 eV (5214 points)
  error tolerance: rtol=0.001, atol=1e-05
Found 12 peaks
Fitting orders from 24 to 200
Order=24(0/89)
Order=26(1/89)
Order=28(2/89)
Order=30(3/89)
Order=32(4/89)
Order=34(5/89)
Order=36(6/89)
Order=38(7/89)
Order=40(8/89)
Order=42(9/89)
Order=44(10/89)
Order=46(11/89)
Order=48(12/89)
Order=50(13/89)
Order=52(14/89)
Order=54(15/89)
Order=56(16/89)
Order=58(17/89)
Order=60(18/89)
Found 4 real poles and 13 conjugate complex pairs.
Final number of poles: 17
Saved figure: WMP_Lib/Pm145/328-392_MT2.png
Saved figure: WMP_Lib/Pm145/328-392_MT27.png
Saved figure: WMP_Lib/Pm145/328-392_MT102.png
Saved figure: WMP_Lib/Pm145/328-392_MT103.png
Saved figure: WMP_Lib/Pm145/328-392_MT107.png
Vector fitting piece 23/36...
  energy: 3.614e+02 to 4.280e+02 eV (4914 points)
  error tolerance: rtol=0.001, atol=1e-05
Found 11 peaks
Fitting orders from 22 to 200
Order=22(0/90)
Order=24(1/90)
Order=26(2/90)
Order=28(3/90)
Order=30(4/90)
Found ideal results. Stop!
Found 4 real poles and 13 conjugate complex pairs.
Final number of poles: 17
Saved figure: WMP_Lib/Pm145/361-428_MT2.png
Saved figure: WMP_Lib/Pm145/361-428_MT27.png
Saved figure: WMP_Lib/Pm145/361-428_MT102.png
Saved figure: WMP_Lib/Pm145/361-428_MT103.png
Saved figure: WMP_Lib/Pm145/361-428_MT107.png
Vector fitting piece 24/36...
  energy: 3.960e+02 to 4.658e+02 eV (4689 points)
  error tolerance: rtol=0.001, atol=1e-05
Found 11 peaks
Fitting orders from 22 to 200
Order=22(0/90)
Order=24(1/90)
Order=26(2/90)
Order=28(3/90)
Order=30(4/90)
Order=32(5/90)
Order=34(6/90)
Order=36(7/90)
Order=38(8/90)
Order=40(9/90)
Order=42(10/90)
Order=44(11/90)
Order=46(12/90)
Order=48(13/90)
Order=50(14/90)
Order=52(15/90)
Order=54(16/90)
Order=56(17/90)
Order=58(18/90)
Order=60(19/90)
Found 4 real poles and 12 conjugate complex pairs.
Final number of poles: 16
Saved figure: WMP_Lib/Pm145/396-466_MT2.png
Saved figure: WMP_Lib/Pm145/396-466_MT27.png
Saved figure: WMP_Lib/Pm145/396-466_MT102.png
Saved figure: WMP_Lib/Pm145/396-466_MT103.png
Saved figure: WMP_Lib/Pm145/396-466_MT107.png
Vector fitting piece 25/36...
  energy: 4.324e+02 to 5.050e+02 eV (4564 points)
  error tolerance: rtol=0.001, atol=1e-05
Found 10 peaks
Fitting orders from 20 to 200
Order=20(0/91)
Order=22(1/91)
Order=24(2/91)
Order=26(3/91)
Order=28(4/91)
Found ideal results. Stop!
Found 4 real poles and 12 conjugate complex pairs.
Final number of poles: 16
Saved figure: WMP_Lib/Pm145/432-505_MT2.png
Saved figure: WMP_Lib/Pm145/432-505_MT27.png
Saved figure: WMP_Lib/Pm145/432-505_MT102.png
Saved figure: WMP_Lib/Pm145/432-505_MT103.png
Saved figure: WMP_Lib/Pm145/432-505_MT107.png
Vector fitting piece 26/36...
  energy: 4.703e+02 to 5.460e+02 eV (5059 points)
  error tolerance: rtol=0.001, atol=1e-05
Found 12 peaks
Fitting orders from 24 to 200
Order=24(0/89)
Order=26(1/89)
Order=28(2/89)
Order=30(3/89)
Order=32(4/89)
Order=34(5/89)
Order=36(6/89)
Order=38(7/89)
Order=40(8/89)
Order=42(9/89)
Order=44(10/89)
Order=46(11/89)
Order=48(12/89)
Order=50(13/89)
Order=52(14/89)
Order=54(15/89)
Order=56(16/89)
Order=58(17/89)
Order=60(18/89)
Found 4 real poles and 13 conjugate complex pairs.
Final number of poles: 17
Saved figure: WMP_Lib/Pm145/470-546_MT2.png
Saved figure: WMP_Lib/Pm145/470-546_MT27.png
Saved figure: WMP_Lib/Pm145/470-546_MT102.png
Saved figure: WMP_Lib/Pm145/470-546_MT103.png
Saved figure: WMP_Lib/Pm145/470-546_MT107.png
Vector fitting piece 27/36...
  energy: 5.097e+02 to 5.884e+02 eV (4406 points)
  error tolerance: rtol=0.001, atol=1e-05
Found 11 peaks
Fitting orders from 22 to 200
Order=22(0/90)
Order=24(1/90)
Order=26(2/90)
Order=28(3/90)
Order=30(4/90)
Found ideal results. Stop!
Found 5 real poles and 13 conjugate complex pairs.
Final number of poles: 18
Saved figure: WMP_Lib/Pm145/510-588_MT2.png
Saved figure: WMP_Lib/Pm145/510-588_MT27.png
Saved figure: WMP_Lib/Pm145/510-588_MT102.png
Saved figure: WMP_Lib/Pm145/510-588_MT103.png
Saved figure: WMP_Lib/Pm145/510-588_MT107.png
Vector fitting piece 28/36...
  energy: 5.508e+02 to 6.325e+02 eV (5375 points)
  error tolerance: rtol=0.001, atol=1e-05
Found 14 peaks
Fitting orders from 28 to 200
Order=28(0/87)
Order=30(1/87)
Order=32(2/87)
Order=34(3/87)
Order=36(4/87)
Order=38(5/87)
Order=40(6/87)
Order=42(7/87)
Order=44(8/87)
Order=46(9/87)
Order=48(10/87)
Order=50(11/87)
Order=52(12/87)
Order=54(13/87)
Order=56(14/87)
Order=58(15/87)
Order=60(16/87)
Found 6 real poles and 14 conjugate complex pairs.
Final number of poles: 20
Saved figure: WMP_Lib/Pm145/551-633_MT2.png
Saved figure: WMP_Lib/Pm145/551-633_MT27.png
Saved figure: WMP_Lib/Pm145/551-633_MT102.png
Saved figure: WMP_Lib/Pm145/551-633_MT103.png
Saved figure: WMP_Lib/Pm145/551-633_MT107.png
Vector fitting piece 29/36...
  energy: 5.935e+02 to 6.781e+02 eV (7503 points)
  error tolerance: rtol=0.001, atol=1e-05
Found 22 peaks
Fitting orders from 44 to 200
Order=44(0/79)
Order=46(1/79)
Order=48(2/79)
Order=50(3/79)
Order=52(4/79)
Order=54(5/79)
Order=56(6/79)
Order=58(7/79)
Order=60(8/79)
Found 6 real poles and 22 conjugate complex pairs.
Final number of poles: 28
Saved figure: WMP_Lib/Pm145/593-678_MT2.png
Saved figure: WMP_Lib/Pm145/593-678_MT27.png
Saved figure: WMP_Lib/Pm145/593-678_MT102.png
Saved figure: WMP_Lib/Pm145/593-678_MT103.png
Saved figure: WMP_Lib/Pm145/593-678_MT107.png
Vector fitting piece 30/36...
  energy: 6.377e+02 to 7.253e+02 eV (8760 points)
  error tolerance: rtol=0.001, atol=1e-05
Found 26 peaks
Fitting orders from 52 to 200
Order=52(0/75)
Order=54(1/75)
Order=56(2/75)
Order=58(3/75)
Order=60(4/75)
Order=62(5/75)
Order=64(6/75)
Order=66(7/75)
Order=68(8/75)
Order=70(9/75)
Found 6 real poles and 27 conjugate complex pairs.
Final number of poles: 33
Saved figure: WMP_Lib/Pm145/638-725_MT2.png
Saved figure: WMP_Lib/Pm145/638-725_MT27.png
Saved figure: WMP_Lib/Pm145/638-725_MT102.png
Saved figure: WMP_Lib/Pm145/638-725_MT103.png
Saved figure: WMP_Lib/Pm145/638-725_MT107.png
Vector fitting piece 31/36...
  energy: 6.836e+02 to 7.742e+02 eV (7245 points)
  error tolerance: rtol=0.001, atol=1e-05
Found 19 peaks
Fitting orders from 38 to 200
Order=38(0/82)
Order=40(1/82)
Order=42(2/82)
Order=44(3/82)
Order=46(4/82)
Order=48(5/82)
Order=50(6/82)
Order=52(7/82)
Order=54(8/82)
Order=56(9/82)
Order=58(10/82)
Order=60(11/82)
Found 6 real poles and 20 conjugate complex pairs.
Final number of poles: 26
Saved figure: WMP_Lib/Pm145/684-774_MT2.png
Saved figure: WMP_Lib/Pm145/684-774_MT27.png
Saved figure: WMP_Lib/Pm145/684-774_MT102.png
Saved figure: WMP_Lib/Pm145/684-774_MT103.png
Saved figure: WMP_Lib/Pm145/684-774_MT107.png
Vector fitting piece 32/36...
  energy: 7.310e+02 to 8.246e+02 eV (6404 points)
  error tolerance: rtol=0.001, atol=1e-05
Found 16 peaks
Fitting orders from 32 to 200
Order=32(0/85)
Order=34(1/85)
Order=36(2/85)
Order=38(3/85)
Order=40(4/85)
Order=42(5/85)
Order=44(6/85)
Order=46(7/85)
Order=48(8/85)
Order=50(9/85)
Order=52(10/85)
Order=54(11/85)
Order=56(12/85)
Order=58(13/85)
Order=60(14/85)
Found 4 real poles and 18 conjugate complex pairs.
Final number of poles: 22
Saved figure: WMP_Lib/Pm145/731-825_MT2.png
Saved figure: WMP_Lib/Pm145/731-825_MT27.png
Saved figure: WMP_Lib/Pm145/731-825_MT102.png
Saved figure: WMP_Lib/Pm145/731-825_MT103.png
Saved figure: WMP_Lib/Pm145/731-825_MT107.png
Vector fitting piece 33/36...
  energy: 7.799e+02 to 8.766e+02 eV (6308 points)
  error tolerance: rtol=0.001, atol=1e-05
Found 16 peaks
Fitting orders from 32 to 200
Order=32(0/85)
Order=34(1/85)
Order=36(2/85)
Order=38(3/85)
Order=40(4/85)
Order=42(5/85)
Order=44(6/85)
Order=46(7/85)
Order=48(8/85)
Order=50(9/85)
Order=52(10/85)
Order=54(11/85)
Order=56(12/85)
Order=58(13/85)
Order=60(14/85)
Found 6 real poles and 16 conjugate complex pairs.
Final number of poles: 22
Saved figure: WMP_Lib/Pm145/780-877_MT2.png
Saved figure: WMP_Lib/Pm145/780-877_MT27.png
Saved figure: WMP_Lib/Pm145/780-877_MT102.png
Saved figure: WMP_Lib/Pm145/780-877_MT103.png
Saved figure: WMP_Lib/Pm145/780-877_MT107.png
Vector fitting piece 34/36...
  energy: 8.306e+02 to 9.303e+02 eV (5695 points)
  error tolerance: rtol=0.001, atol=1e-05
Found 15 peaks
Fitting orders from 30 to 200
Order=30(0/86)
Order=32(1/86)
Order=34(2/86)
Order=36(3/86)
Order=38(4/86)
Order=40(5/86)
Order=42(6/86)
Order=44(7/86)
Order=46(8/86)
Order=48(9/86)
Order=50(10/86)
Order=52(11/86)
Order=54(12/86)
Order=56(13/86)
Order=58(14/86)
Order=60(15/86)
Found 6 real poles and 15 conjugate complex pairs.
Final number of poles: 21
Saved figure: WMP_Lib/Pm145/831-930_MT2.png
Saved figure: WMP_Lib/Pm145/831-930_MT27.png
Saved figure: WMP_Lib/Pm145/831-930_MT102.png
Saved figure: WMP_Lib/Pm145/831-930_MT103.png
Saved figure: WMP_Lib/Pm145/831-930_MT107.png
Vector fitting piece 35/36...
  energy: 8.829e+02 to 9.854e+02 eV (5793 points)
  error tolerance: rtol=0.001, atol=1e-05
Found 15 peaks
Fitting orders from 30 to 200
Order=30(0/86)
Order=32(1/86)
Order=34(2/86)
Order=36(3/86)
Order=38(4/86)
Order=40(5/86)
Order=42(6/86)
Order=44(7/86)
Order=46(8/86)
Order=48(9/86)
Order=50(10/86)
Order=52(11/86)
Order=54(12/86)
Order=56(13/86)
Order=58(14/86)
Order=60(15/86)
Found 6 real poles and 15 conjugate complex pairs.
Final number of poles: 21
Saved figure: WMP_Lib/Pm145/883-985_MT2.png
Saved figure: WMP_Lib/Pm145/883-985_MT27.png
Saved figure: WMP_Lib/Pm145/883-985_MT102.png
Saved figure: WMP_Lib/Pm145/883-985_MT103.png
Saved figure: WMP_Lib/Pm145/883-985_MT107.png
Vector fitting piece 36/36...
  energy: 9.367e+02 to 1.031e+03 eV (5459 points)
  error tolerance: rtol=0.001, atol=1e-05
Found 14 peaks
Fitting orders from 28 to 200
Order=28(0/87)
Order=30(1/87)
Order=32(2/87)
Order=34(3/87)
Order=36(4/87)
Order=38(5/87)
Order=40(6/87)
Order=42(7/87)
Order=44(8/87)
Order=46(9/87)
Order=48(10/87)
Order=50(11/87)
Order=52(12/87)
Order=54(13/87)
Order=56(14/87)
Order=58(15/87)
Order=60(16/87)
Found 2 real poles and 17 conjugate complex pairs.
Final number of poles: 19
Saved figure: WMP_Lib/Pm145/937-1031_MT2.png
Saved figure: WMP_Lib/Pm145/937-1031_MT27.png
Saved figure: WMP_Lib/Pm145/937-1031_MT102.png
Saved figure: WMP_Lib/Pm145/937-1031_MT103.png
Saved figure: WMP_Lib/Pm145/937-1031_MT107.png
Dumped multipole data to file: WMP_Lib/Pm145/Pm145_mp.pickle
Start searching ...
Testing N_win=27 N_cf=10
Failed: Window spacing cannot be larger than piece spacing.
Testing N_win=130 N_cf=10
Windowing:
  config: # windows=130, spacing=0.24699937822309737, CF order=10
  error tolerance: rtol=0.001, atol=1e-05
Best library so far.
Testing N_win=130 N_cf=9
Windowing:
  config: # windows=130, spacing=0.24699937822309737, CF order=9
  error tolerance: rtol=0.001, atol=1e-05
Best library so far.
Testing N_win=130 N_cf=8
Windowing:
  config: # windows=130, spacing=0.24699937822309737, CF order=8
  error tolerance: rtol=0.001, atol=1e-05
Best library so far.
Testing N_win=130 N_cf=7
Windowing:
  config: # windows=130, spacing=0.24699937822309737, CF order=7
  error tolerance: rtol=0.001, atol=1e-05
Failed: Pure curvefit failed for the first window!
Testing N_win=234 N_cf=10
Windowing:
  config: # windows=234, spacing=0.13722187679060965, CF order=10
  error tolerance: rtol=0.001, atol=1e-05
Best library so far.
Testing N_win=234 N_cf=9
Windowing:
  config: # windows=234, spacing=0.13722187679060965, CF order=9
  error tolerance: rtol=0.001, atol=1e-05
Best library so far.
Testing N_win=234 N_cf=8
Windowing:
  config: # windows=234, spacing=0.13722187679060965, CF order=8
  error tolerance: rtol=0.001, atol=1e-05
Best library so far.
Testing N_win=234 N_cf=7
Windowing:
  config: # windows=234, spacing=0.13722187679060965, CF order=7
  error tolerance: rtol=0.001, atol=1e-05
Best library so far.
Testing N_win=234 N_cf=6
Windowing:
  config: # windows=234, spacing=0.13722187679060965, CF order=6
  error tolerance: rtol=0.001, atol=1e-05
Best library so far.
Testing N_win=234 N_cf=5
Windowing:
  config: # windows=234, spacing=0.13722187679060965, CF order=5
  error tolerance: rtol=0.001, atol=1e-05
Best library so far.
Testing N_win=234 N_cf=4
Windowing:
  config: # windows=234, spacing=0.13722187679060965, CF order=4
  error tolerance: rtol=0.001, atol=1e-05
Failed: Pure curvefit failed for the first window!
Testing N_win=338 N_cf=10
Windowing:
  config: # windows=338, spacing=0.09499976085503745, CF order=10
  error tolerance: rtol=0.001, atol=1e-05
Testing N_win=338 N_cf=9
Windowing:
  config: # windows=338, spacing=0.09499976085503745, CF order=9
  error tolerance: rtol=0.001, atol=1e-05
Best library so far.
Testing N_win=338 N_cf=8
Windowing:
  config: # windows=338, spacing=0.09499976085503745, CF order=8
  error tolerance: rtol=0.001, atol=1e-05
Best library so far.
Testing N_win=338 N_cf=7
Windowing:
  config: # windows=338, spacing=0.09499976085503745, CF order=7
  error tolerance: rtol=0.001, atol=1e-05
Best library so far.
Testing N_win=338 N_cf=6
Windowing:
  config: # windows=338, spacing=0.09499976085503745, CF order=6
  error tolerance: rtol=0.001, atol=1e-05
Best library so far.
Testing N_win=338 N_cf=5
Windowing:
  config: # windows=338, spacing=0.09499976085503745, CF order=5
  error tolerance: rtol=0.001, atol=1e-05
Best library so far.
Testing N_win=338 N_cf=4
Windowing:
  config: # windows=338, spacing=0.09499976085503745, CF order=4
  error tolerance: rtol=0.001, atol=1e-05
Failed: Pure curvefit failed for the first window!
Testing N_win=442 N_cf=10
Windowing:
  config: # windows=442, spacing=0.07264687594796981, CF order=10
  error tolerance: rtol=0.001, atol=1e-05
Testing N_win=442 N_cf=9
Windowing:
  config: # windows=442, spacing=0.07264687594796981, CF order=9
  error tolerance: rtol=0.001, atol=1e-05
Testing N_win=442 N_cf=8
Windowing:
  config: # windows=442, spacing=0.07264687594796981, CF order=8
  error tolerance: rtol=0.001, atol=1e-05
Testing N_win=442 N_cf=7
Windowing:
  config: # windows=442, spacing=0.07264687594796981, CF order=7
  error tolerance: rtol=0.001, atol=1e-05
Best library so far.
Testing N_win=442 N_cf=6
Windowing:
  config: # windows=442, spacing=0.07264687594796981, CF order=6
  error tolerance: rtol=0.001, atol=1e-05
Best library so far.
Testing N_win=442 N_cf=5
Windowing:
  config: # windows=442, spacing=0.07264687594796981, CF order=5
  error tolerance: rtol=0.001, atol=1e-05
Best library so far.
Testing N_win=442 N_cf=4
Windowing:
  config: # windows=442, spacing=0.07264687594796981, CF order=4
  error tolerance: rtol=0.001, atol=1e-05
Failed: Pure curvefit failed for the first window!
Testing N_win=546 N_cf=10
Windowing:
  config: # windows=546, spacing=0.05880937576740414, CF order=10
  error tolerance: rtol=0.001, atol=1e-05
Testing N_win=546 N_cf=9
Windowing:
  config: # windows=546, spacing=0.05880937576740414, CF order=9
  error tolerance: rtol=0.001, atol=1e-05
Testing N_win=546 N_cf=8
Windowing:
  config: # windows=546, spacing=0.05880937576740414, CF order=8
  error tolerance: rtol=0.001, atol=1e-05
Testing N_win=546 N_cf=7
Windowing:
  config: # windows=546, spacing=0.05880937576740414, CF order=7
  error tolerance: rtol=0.001, atol=1e-05
Testing N_win=546 N_cf=6
Windowing:
  config: # windows=546, spacing=0.05880937576740414, CF order=6
  error tolerance: rtol=0.001, atol=1e-05
Best library so far.
Testing N_win=546 N_cf=5
Windowing:
  config: # windows=546, spacing=0.05880937576740414, CF order=5
  error tolerance: rtol=0.001, atol=1e-05
Best library so far.
Testing N_win=546 N_cf=4
Windowing:
  config: # windows=546, spacing=0.05880937576740414, CF order=4
  error tolerance: rtol=0.001, atol=1e-05
Testing N_win=546 N_cf=3
Windowing:
  config: # windows=546, spacing=0.05880937576740414, CF order=3
  error tolerance: rtol=0.001, atol=1e-05
Failed: Pure curvefit failed for the first window!
Testing N_win=650 N_cf=10
Windowing:
  config: # windows=650, spacing=0.04939987564461947, CF order=10
  error tolerance: rtol=0.001, atol=1e-05
Testing N_win=650 N_cf=9
Windowing:
  config: # windows=650, spacing=0.04939987564461947, CF order=9
  error tolerance: rtol=0.001, atol=1e-05
Testing N_win=650 N_cf=8
Windowing:
  config: # windows=650, spacing=0.04939987564461947, CF order=8
  error tolerance: rtol=0.001, atol=1e-05
Testing N_win=650 N_cf=7
Windowing:
  config: # windows=650, spacing=0.04939987564461947, CF order=7
  error tolerance: rtol=0.001, atol=1e-05
Testing N_win=650 N_cf=6
Windowing:
  config: # windows=650, spacing=0.04939987564461947, CF order=6
  error tolerance: rtol=0.001, atol=1e-05
Testing N_win=650 N_cf=5
Windowing:
  config: # windows=650, spacing=0.04939987564461947, CF order=5
  error tolerance: rtol=0.001, atol=1e-05
Best library so far.
Testing N_win=650 N_cf=4
Windowing:
  config: # windows=650, spacing=0.04939987564461947, CF order=4
  error tolerance: rtol=0.001, atol=1e-05
Testing N_win=650 N_cf=3
Windowing:
  config: # windows=650, spacing=0.04939987564461947, CF order=3
  error tolerance: rtol=0.001, atol=1e-05
Failed: Pure curvefit failed for the first window!
Testing N_win=753 N_cf=10
Windowing:
  config: # windows=753, spacing=0.04264265493891455, CF order=10
  error tolerance: rtol=0.001, atol=1e-05
Testing N_win=753 N_cf=9
Windowing:
  config: # windows=753, spacing=0.04264265493891455, CF order=9
  error tolerance: rtol=0.001, atol=1e-05
Testing N_win=753 N_cf=8
Windowing:
  config: # windows=753, spacing=0.04264265493891455, CF order=8
  error tolerance: rtol=0.001, atol=1e-05
Testing N_win=753 N_cf=7
Windowing:
  config: # windows=753, spacing=0.04264265493891455, CF order=7
  error tolerance: rtol=0.001, atol=1e-05
Testing N_win=753 N_cf=6
Windowing:
  config: # windows=753, spacing=0.04264265493891455, CF order=6
  error tolerance: rtol=0.001, atol=1e-05
Testing N_win=753 N_cf=5
Windowing:
  config: # windows=753, spacing=0.04264265493891455, CF order=5
  error tolerance: rtol=0.001, atol=1e-05
Testing N_win=753 N_cf=4
Windowing:
  config: # windows=753, spacing=0.04264265493891455, CF order=4
  error tolerance: rtol=0.001, atol=1e-05
Testing N_win=753 N_cf=3
Windowing:
  config: # windows=753, spacing=0.04264265493891455, CF order=3
  error tolerance: rtol=0.001, atol=1e-05
Failed: Pure curvefit failed for the first window!
Testing N_win=857 N_cf=10
Windowing:
  config: # windows=857, spacing=0.0374678170000031, CF order=10
  error tolerance: rtol=0.001, atol=1e-05
Testing N_win=857 N_cf=9
Windowing:
  config: # windows=857, spacing=0.0374678170000031, CF order=9
  error tolerance: rtol=0.001, atol=1e-05
Testing N_win=857 N_cf=8
Windowing:
  config: # windows=857, spacing=0.0374678170000031, CF order=8
  error tolerance: rtol=0.001, atol=1e-05
Testing N_win=857 N_cf=7
Windowing:
  config: # windows=857, spacing=0.0374678170000031, CF order=7
  error tolerance: rtol=0.001, atol=1e-05
Testing N_win=857 N_cf=6
Windowing:
  config: # windows=857, spacing=0.0374678170000031, CF order=6
  error tolerance: rtol=0.001, atol=1e-05
Testing N_win=857 N_cf=5
Windowing:
  config: # windows=857, spacing=0.0374678170000031, CF order=5
  error tolerance: rtol=0.001, atol=1e-05
Testing N_win=857 N_cf=4
Windowing:
  config: # windows=857, spacing=0.0374678170000031, CF order=4
  error tolerance: rtol=0.001, atol=1e-05
Testing N_win=857 N_cf=3
Windowing:
  config: # windows=857, spacing=0.0374678170000031, CF order=3
  error tolerance: rtol=0.001, atol=1e-05
Failed: Pure curvefit failed for the first window!
Testing N_win=961 N_cf=10
Windowing:
  config: # windows=961, spacing=0.03341302723101213, CF order=10
  error tolerance: rtol=0.001, atol=1e-05
Testing N_win=961 N_cf=9
Windowing:
  config: # windows=961, spacing=0.03341302723101213, CF order=9
  error tolerance: rtol=0.001, atol=1e-05
Testing N_win=961 N_cf=8
Windowing:
  config: # windows=961, spacing=0.03341302723101213, CF order=8
  error tolerance: rtol=0.001, atol=1e-05
Testing N_win=961 N_cf=7
Windowing:
  config: # windows=961, spacing=0.03341302723101213, CF order=7
  error tolerance: rtol=0.001, atol=1e-05
Testing N_win=961 N_cf=6
Windowing:
  config: # windows=961, spacing=0.03341302723101213, CF order=6
  error tolerance: rtol=0.001, atol=1e-05
Testing N_win=961 N_cf=5
Windowing:
  config: # windows=961, spacing=0.03341302723101213, CF order=5
  error tolerance: rtol=0.001, atol=1e-05
Testing N_win=961 N_cf=4
Windowing:
  config: # windows=961, spacing=0.03341302723101213, CF order=4
  error tolerance: rtol=0.001, atol=1e-05
Testing N_win=961 N_cf=3
Windowing:
  config: # windows=961, spacing=0.03341302723101213, CF order=3
  error tolerance: rtol=0.001, atol=1e-05
Failed: Pure curvefit failed for the first window!
Testing N_win=1065 N_cf=10
Windowing:
  config: # windows=1065, spacing=0.03015015884413395, CF order=10
  error tolerance: rtol=0.001, atol=1e-05
Testing N_win=1065 N_cf=9
Windowing:
  config: # windows=1065, spacing=0.03015015884413395, CF order=9
  error tolerance: rtol=0.001, atol=1e-05
Testing N_win=1065 N_cf=8
Windowing:
  config: # windows=1065, spacing=0.03015015884413395, CF order=8
  error tolerance: rtol=0.001, atol=1e-05
Testing N_win=1065 N_cf=7
Windowing:
  config: # windows=1065, spacing=0.03015015884413395, CF order=7
  error tolerance: rtol=0.001, atol=1e-05
Testing N_win=1065 N_cf=6
Windowing:
  config: # windows=1065, spacing=0.03015015884413395, CF order=6
  error tolerance: rtol=0.001, atol=1e-05
Testing N_win=1065 N_cf=5
Windowing:
  config: # windows=1065, spacing=0.03015015884413395, CF order=5
  error tolerance: rtol=0.001, atol=1e-05
Testing N_win=1065 N_cf=4
Windowing:
  config: # windows=1065, spacing=0.03015015884413395, CF order=4
  error tolerance: rtol=0.001, atol=1e-05
Testing N_win=1065 N_cf=3
Windowing:
  config: # windows=1065, spacing=0.03015015884413395, CF order=3
  error tolerance: rtol=0.001, atol=1e-05
Failed: Pure curvefit failed for the first window!
Testing N_win=1169 N_cf=10
Windowing:
  config: # windows=1169, spacing=0.027467852154835465, CF order=10
  error tolerance: rtol=0.001, atol=1e-05
Testing N_win=1169 N_cf=9
Windowing:
  config: # windows=1169, spacing=0.027467852154835465, CF order=9
  error tolerance: rtol=0.001, atol=1e-05
Testing N_win=1169 N_cf=8
Windowing:
  config: # windows=1169, spacing=0.027467852154835465, CF order=8
  error tolerance: rtol=0.001, atol=1e-05
Testing N_win=1169 N_cf=7
Windowing:
  config: # windows=1169, spacing=0.027467852154835465, CF order=7
  error tolerance: rtol=0.001, atol=1e-05
Testing N_win=1169 N_cf=6
Windowing:
  config: # windows=1169, spacing=0.027467852154835465, CF order=6
  error tolerance: rtol=0.001, atol=1e-05
Testing N_win=1169 N_cf=5
Windowing:
  config: # windows=1169, spacing=0.027467852154835465, CF order=5
  error tolerance: rtol=0.001, atol=1e-05
Testing N_win=1169 N_cf=4
Windowing:
  config: # windows=1169, spacing=0.027467852154835465, CF order=4
  error tolerance: rtol=0.001, atol=1e-05
Testing N_win=1169 N_cf=3
Windowing:
  config: # windows=1169, spacing=0.027467852154835465, CF order=3
  error tolerance: rtol=0.001, atol=1e-05
Failed: Pure curvefit failed for the first window!
Testing N_win=1273 N_cf=10
Windowing:
  config: # windows=1273, spacing=0.025223817100551972, CF order=10
  error tolerance: rtol=0.001, atol=1e-05
Testing N_win=1273 N_cf=9
Windowing:
  config: # windows=1273, spacing=0.025223817100551972, CF order=9
  error tolerance: rtol=0.001, atol=1e-05
Testing N_win=1273 N_cf=8
Windowing:
  config: # windows=1273, spacing=0.025223817100551972, CF order=8
  error tolerance: rtol=0.001, atol=1e-05
Testing N_win=1273 N_cf=7
Windowing:
  config: # windows=1273, spacing=0.025223817100551972, CF order=7
  error tolerance: rtol=0.001, atol=1e-05
Testing N_win=1273 N_cf=6
Windowing:
  config: # windows=1273, spacing=0.025223817100551972, CF order=6
  error tolerance: rtol=0.001, atol=1e-05
Testing N_win=1273 N_cf=5
Windowing:
  config: # windows=1273, spacing=0.025223817100551972, CF order=5
  error tolerance: rtol=0.001, atol=1e-05
Testing N_win=1273 N_cf=4
Windowing:
  config: # windows=1273, spacing=0.025223817100551972, CF order=4
  error tolerance: rtol=0.001, atol=1e-05
Testing N_win=1273 N_cf=3
Windowing:
  config: # windows=1273, spacing=0.025223817100551972, CF order=3
  error tolerance: rtol=0.001, atol=1e-05
Failed: Pure curvefit failed for the first window!
Testing N_win=1376 N_cf=10
Windowing:
  config: # windows=1376, spacing=0.02333569707049612, CF order=10
  error tolerance: rtol=0.001, atol=1e-05
Testing N_win=1376 N_cf=9
Windowing:
  config: # windows=1376, spacing=0.02333569707049612, CF order=9
  error tolerance: rtol=0.001, atol=1e-05
Testing N_win=1376 N_cf=8
Windowing:
  config: # windows=1376, spacing=0.02333569707049612, CF order=8
  error tolerance: rtol=0.001, atol=1e-05
Testing N_win=1376 N_cf=7
Windowing:
  config: # windows=1376, spacing=0.02333569707049612, CF order=7
  error tolerance: rtol=0.001, atol=1e-05
Testing N_win=1376 N_cf=6
Windowing:
  config: # windows=1376, spacing=0.02333569707049612, CF order=6
  error tolerance: rtol=0.001, atol=1e-05
Testing N_win=1376 N_cf=5
Windowing:
  config: # windows=1376, spacing=0.02333569707049612, CF order=5
  error tolerance: rtol=0.001, atol=1e-05
Testing N_win=1376 N_cf=4
Windowing:
  config: # windows=1376, spacing=0.02333569707049612, CF order=4
  error tolerance: rtol=0.001, atol=1e-05
Testing N_win=1376 N_cf=3
Windowing:
  config: # windows=1376, spacing=0.02333569707049612, CF order=3
  error tolerance: rtol=0.001, atol=1e-05
Failed: Pure curvefit failed for the first window!
Testing N_win=1480 N_cf=10
Windowing:
  config: # windows=1480, spacing=0.021695891330407203, CF order=10
  error tolerance: rtol=0.001, atol=1e-05
Testing N_win=1480 N_cf=9
Windowing:
  config: # windows=1480, spacing=0.021695891330407203, CF order=9
  error tolerance: rtol=0.001, atol=1e-05
Testing N_win=1480 N_cf=8
Windowing:
  config: # windows=1480, spacing=0.021695891330407203, CF order=8
  error tolerance: rtol=0.001, atol=1e-05
Testing N_win=1480 N_cf=7
Windowing:
  config: # windows=1480, spacing=0.021695891330407203, CF order=7
  error tolerance: rtol=0.001, atol=1e-05
Testing N_win=1480 N_cf=6
Windowing:
  config: # windows=1480, spacing=0.021695891330407203, CF order=6
  error tolerance: rtol=0.001, atol=1e-05
Testing N_win=1480 N_cf=5
Windowing:
  config: # windows=1480, spacing=0.021695891330407203, CF order=5
  error tolerance: rtol=0.001, atol=1e-05
Testing N_win=1480 N_cf=4
Windowing:
  config: # windows=1480, spacing=0.021695891330407203, CF order=4
  error tolerance: rtol=0.001, atol=1e-05
Testing N_win=1480 N_cf=3
Windowing:
  config: # windows=1480, spacing=0.021695891330407203, CF order=3
  error tolerance: rtol=0.001, atol=1e-05
Failed: Pure curvefit failed for the first window!
Testing N_win=1584 N_cf=10
Windowing:
  config: # windows=1584, spacing=0.020271413616794607, CF order=10
  error tolerance: rtol=0.001, atol=1e-05
Testing N_win=1584 N_cf=9
Windowing:
  config: # windows=1584, spacing=0.020271413616794607, CF order=9
  error tolerance: rtol=0.001, atol=1e-05
Testing N_win=1584 N_cf=8
Windowing:
  config: # windows=1584, spacing=0.020271413616794607, CF order=8
  error tolerance: rtol=0.001, atol=1e-05
Testing N_win=1584 N_cf=7
Windowing:
  config: # windows=1584, spacing=0.020271413616794607, CF order=7
  error tolerance: rtol=0.001, atol=1e-05
Testing N_win=1584 N_cf=6
Windowing:
  config: # windows=1584, spacing=0.020271413616794607, CF order=6
  error tolerance: rtol=0.001, atol=1e-05
Testing N_win=1584 N_cf=5
Windowing:
  config: # windows=1584, spacing=0.020271413616794607, CF order=5
  error tolerance: rtol=0.001, atol=1e-05
Testing N_win=1584 N_cf=4
Windowing:
  config: # windows=1584, spacing=0.020271413616794607, CF order=4
  error tolerance: rtol=0.001, atol=1e-05
Testing N_win=1584 N_cf=3
Windowing:
  config: # windows=1584, spacing=0.020271413616794607, CF order=3
  error tolerance: rtol=0.001, atol=1e-05
Failed: Pure curvefit failed for the first window!
Testing N_win=1688 N_cf=10
Windowing:
  config: # windows=1688, spacing=0.0190224639626793, CF order=10
  error tolerance: rtol=0.001, atol=1e-05
Testing N_win=1688 N_cf=9
Windowing:
  config: # windows=1688, spacing=0.0190224639626793, CF order=9
  error tolerance: rtol=0.001, atol=1e-05
Testing N_win=1688 N_cf=8
Windowing:
  config: # windows=1688, spacing=0.0190224639626793, CF order=8
  error tolerance: rtol=0.001, atol=1e-05
Testing N_win=1688 N_cf=7
Windowing:
  config: # windows=1688, spacing=0.0190224639626793, CF order=7
  error tolerance: rtol=0.001, atol=1e-05
Testing N_win=1688 N_cf=6
Windowing:
  config: # windows=1688, spacing=0.0190224639626793, CF order=6
  error tolerance: rtol=0.001, atol=1e-05
Testing N_win=1688 N_cf=5
Windowing:
  config: # windows=1688, spacing=0.0190224639626793, CF order=5
  error tolerance: rtol=0.001, atol=1e-05
Testing N_win=1688 N_cf=4
Windowing:
  config: # windows=1688, spacing=0.0190224639626793, CF order=4
  error tolerance: rtol=0.001, atol=1e-05
Testing N_win=1688 N_cf=3
Windowing:
  config: # windows=1688, spacing=0.0190224639626793, CF order=3
  error tolerance: rtol=0.001, atol=1e-05
Failed: Pure curvefit failed for the first window!
Testing N_win=1792 N_cf=10
Windowing:
  config: # windows=1792, spacing=0.01791848167913095, CF order=10
  error tolerance: rtol=0.001, atol=1e-05
Testing N_win=1792 N_cf=9
Windowing:
  config: # windows=1792, spacing=0.01791848167913095, CF order=9
  error tolerance: rtol=0.001, atol=1e-05
Testing N_win=1792 N_cf=8
Windowing:
  config: # windows=1792, spacing=0.01791848167913095, CF order=8
  error tolerance: rtol=0.001, atol=1e-05
Testing N_win=1792 N_cf=7
Windowing:
  config: # windows=1792, spacing=0.01791848167913095, CF order=7
  error tolerance: rtol=0.001, atol=1e-05
Testing N_win=1792 N_cf=6
Windowing:
  config: # windows=1792, spacing=0.01791848167913095, CF order=6
  error tolerance: rtol=0.001, atol=1e-05
Testing N_win=1792 N_cf=5
Windowing:
  config: # windows=1792, spacing=0.01791848167913095, CF order=5
  error tolerance: rtol=0.001, atol=1e-05
Testing N_win=1792 N_cf=4
Windowing:
  config: # windows=1792, spacing=0.01791848167913095, CF order=4
  error tolerance: rtol=0.001, atol=1e-05
Testing N_win=1792 N_cf=3
Windowing:
  config: # windows=1792, spacing=0.01791848167913095, CF order=3
  error tolerance: rtol=0.001, atol=1e-05
Failed: Pure curvefit failed for the first window!
Testing N_win=1896 N_cf=10
Windowing:
  config: # windows=1896, spacing=0.016935611376056255, CF order=10
  error tolerance: rtol=0.001, atol=1e-05
Testing N_win=1896 N_cf=9
Windowing:
  config: # windows=1896, spacing=0.016935611376056255, CF order=9
  error tolerance: rtol=0.001, atol=1e-05
Testing N_win=1896 N_cf=8
Windowing:
  config: # windows=1896, spacing=0.016935611376056255, CF order=8
  error tolerance: rtol=0.001, atol=1e-05
Testing N_win=1896 N_cf=7
Windowing:
  config: # windows=1896, spacing=0.016935611376056255, CF order=7
  error tolerance: rtol=0.001, atol=1e-05
Testing N_win=1896 N_cf=6
Windowing:
  config: # windows=1896, spacing=0.016935611376056255, CF order=6
  error tolerance: rtol=0.001, atol=1e-05
Testing N_win=1896 N_cf=5
Windowing:
  config: # windows=1896, spacing=0.016935611376056255, CF order=5
  error tolerance: rtol=0.001, atol=1e-05
Testing N_win=1896 N_cf=4
Windowing:
  config: # windows=1896, spacing=0.016935611376056255, CF order=4
  error tolerance: rtol=0.001, atol=1e-05
Testing N_win=1896 N_cf=3
Windowing:
  config: # windows=1896, spacing=0.016935611376056255, CF order=3
  error tolerance: rtol=0.001, atol=1e-05
Failed: Pure curvefit failed for the first window!
Testing N_win=2000 N_cf=10
Windowing:
  config: # windows=2000, spacing=0.01605495958450133, CF order=10
  error tolerance: rtol=0.001, atol=1e-05
Testing N_win=2000 N_cf=9
Windowing:
  config: # windows=2000, spacing=0.01605495958450133, CF order=9
  error tolerance: rtol=0.001, atol=1e-05
Testing N_win=2000 N_cf=8
Windowing:
  config: # windows=2000, spacing=0.01605495958450133, CF order=8
  error tolerance: rtol=0.001, atol=1e-05
Testing N_win=2000 N_cf=7
Windowing:
  config: # windows=2000, spacing=0.01605495958450133, CF order=7
  error tolerance: rtol=0.001, atol=1e-05
Testing N_win=2000 N_cf=6
Windowing:
  config: # windows=2000, spacing=0.01605495958450133, CF order=6
  error tolerance: rtol=0.001, atol=1e-05
Testing N_win=2000 N_cf=5
Windowing:
  config: # windows=2000, spacing=0.01605495958450133, CF order=5
  error tolerance: rtol=0.001, atol=1e-05
Testing N_win=2000 N_cf=4
Windowing:
  config: # windows=2000, spacing=0.01605495958450133, CF order=4
  error tolerance: rtol=0.001, atol=1e-05
Testing N_win=2000 N_cf=3
Windowing:
  config: # windows=2000, spacing=0.01605495958450133, CF order=3
  error tolerance: rtol=0.001, atol=1e-05
Failed: Pure curvefit failed for the first window!
Final library: 376 poles, 650 windows, 5.4 poles per window, 5 CF order
