Running NJOY to get 0K point-wise data (error=0.0005)...
Parsing cross sections within resolved resonance range...
  MTs: [2, 27, 102, 103, 107]
  Energy range: 1.000e-05 to 1.700e+03 eV (68468 points)
Vector fitting piece 1/34...
  energy: 1.000e-05 to 2.000e+00 eV (522 points)
  error tolerance: rtol=0.001, atol=1e-05
Found 0 peaks
Fitting orders from 2 to 200
Order=2(0/100)
Order=4(1/100)
Order=6(2/100)
Found ideal results. Stop!
Found 4 real poles and 1 conjugate complex pairs.
Final number of poles: 5
Saved figure: WMP_Lib/Yb171/0-2_MT2.png
Saved figure: WMP_Lib/Yb171/0-2_MT27.png
Saved figure: WMP_Lib/Yb171/0-2_MT102.png
Vector fitting piece 2/34...
  energy: 2.047e-01 to 6.706e+00 eV (150 points)
  error tolerance: rtol=0.001, atol=1e-05
Found 0 peaks
Fitting orders from 2 to 200
Order=2(0/100)
Order=4(1/100)
Order=6(2/100)
Found ideal results. Stop!
Found 0 real poles and 3 conjugate complex pairs.
Final number of poles: 3
Saved figure: WMP_Lib/Yb171/0-7_MT2.png
Saved figure: WMP_Lib/Yb171/0-7_MT27.png
Saved figure: WMP_Lib/Yb171/0-7_MT102.png
Vector fitting piece 3/34...
  energy: 2.750e+00 to 1.446e+01 eV (922 points)
  error tolerance: rtol=0.001, atol=1e-05
Found 2 peaks
Fitting orders from 4 to 200
Order=4(0/99)
Order=6(1/99)
Order=8(2/99)
Found ideal results. Stop!
Found 0 real poles and 4 conjugate complex pairs.
Final number of poles: 4
Saved figure: WMP_Lib/Yb171/3-14_MT2.png
Saved figure: WMP_Lib/Yb171/3-14_MT27.png
Saved figure: WMP_Lib/Yb171/3-14_MT102.png
Vector fitting piece 4/34...
  energy: 8.283e+00 to 2.522e+01 eV (991 points)
  error tolerance: rtol=0.001, atol=1e-05
Found 2 peaks
Fitting orders from 4 to 200
Order=4(0/99)
Order=6(1/99)
Order=8(2/99)
Order=10(3/99)
Found ideal results. Stop!
Found 4 real poles and 3 conjugate complex pairs.
Final number of poles: 7
Saved figure: WMP_Lib/Yb171/8-25_MT2.png
Saved figure: WMP_Lib/Yb171/8-25_MT27.png
Saved figure: WMP_Lib/Yb171/8-25_MT102.png
Vector fitting piece 5/34...
  energy: 1.665e+01 to 3.879e+01 eV (1408 points)
  error tolerance: rtol=0.001, atol=1e-05
Found 3 peaks
Fitting orders from 6 to 200
Order=6(0/98)
Order=8(1/98)
Order=10(2/98)
Order=12(3/98)
Found ideal results. Stop!
Found 1 real poles and 6 conjugate complex pairs.
Final number of poles: 7
Saved figure: WMP_Lib/Yb171/17-39_MT2.png
Saved figure: WMP_Lib/Yb171/17-39_MT27.png
Saved figure: WMP_Lib/Yb171/17-39_MT102.png
Vector fitting piece 6/34...
  energy: 2.813e+01 to 5.532e+01 eV (2345 points)
  error tolerance: rtol=0.001, atol=1e-05
Found 6 peaks
Fitting orders from 12 to 200
Order=12(0/95)
Order=14(1/95)
Order=16(2/95)
Found ideal results. Stop!
Found 2 real poles and 7 conjugate complex pairs.
Final number of poles: 9
Saved figure: WMP_Lib/Yb171/28-55_MT2.png
Saved figure: WMP_Lib/Yb171/28-55_MT27.png
Saved figure: WMP_Lib/Yb171/28-55_MT102.png
Vector fitting piece 7/34...
  energy: 4.245e+01 to 7.482e+01 eV (2256 points)
  error tolerance: rtol=0.001, atol=1e-05
Found 5 peaks
Fitting orders from 10 to 200
Order=10(0/96)
Order=12(1/96)
Order=14(2/96)
Order=16(3/96)
Found ideal results. Stop!
Found 0 real poles and 8 conjugate complex pairs.
Final number of poles: 8
Saved figure: WMP_Lib/Yb171/42-75_MT2.png
Saved figure: WMP_Lib/Yb171/42-75_MT27.png
Saved figure: WMP_Lib/Yb171/42-75_MT102.png
Vector fitting piece 8/34...
  energy: 5.973e+01 to 9.728e+01 eV (2701 points)
  error tolerance: rtol=0.001, atol=1e-05
Found 6 peaks
Fitting orders from 12 to 200
Order=12(0/95)
Order=14(1/95)
Order=16(2/95)
Order=18(3/95)
Found ideal results. Stop!
Found 2 real poles and 8 conjugate complex pairs.
Final number of poles: 10
Saved figure: WMP_Lib/Yb171/60-97_MT2.png
Saved figure: WMP_Lib/Yb171/60-97_MT27.png
Saved figure: WMP_Lib/Yb171/60-97_MT102.png
Vector fitting piece 9/34...
  energy: 7.991e+01 to 1.228e+02 eV (2542 points)
  error tolerance: rtol=0.001, atol=1e-05
Found 6 peaks
Fitting orders from 12 to 200
Order=12(0/95)
Order=14(1/95)
Order=16(2/95)
Order=18(3/95)
Found ideal results. Stop!
Found 2 real poles and 8 conjugate complex pairs.
Final number of poles: 10
Saved figure: WMP_Lib/Yb171/80-123_MT2.png
Saved figure: WMP_Lib/Yb171/80-123_MT27.png
Saved figure: WMP_Lib/Yb171/80-123_MT102.png
Vector fitting piece 10/34...
  energy: 1.031e+02 to 1.511e+02 eV (2685 points)
  error tolerance: rtol=0.001, atol=1e-05
Found 6 peaks
Fitting orders from 12 to 200
Order=12(0/95)
Order=14(1/95)
Order=16(2/95)
Found ideal results. Stop!
Found 4 real poles and 6 conjugate complex pairs.
Final number of poles: 10
Saved figure: WMP_Lib/Yb171/103-151_MT2.png
Saved figure: WMP_Lib/Yb171/103-151_MT27.png
Saved figure: WMP_Lib/Yb171/103-151_MT102.png
Vector fitting piece 11/34...
  energy: 1.292e+02 to 1.822e+02 eV (3026 points)
  error tolerance: rtol=0.001, atol=1e-05
Found 6 peaks
Fitting orders from 12 to 200
Order=12(0/95)
Order=14(1/95)
Order=16(2/95)
Order=18(3/95)
Order=20(4/95)
Found ideal results. Stop!
Found 4 real poles and 8 conjugate complex pairs.
Final number of poles: 12
Saved figure: WMP_Lib/Yb171/129-182_MT2.png
Saved figure: WMP_Lib/Yb171/129-182_MT27.png
Saved figure: WMP_Lib/Yb171/129-182_MT102.png
Vector fitting piece 12/34...
  energy: 1.582e+02 to 2.164e+02 eV (3551 points)
  error tolerance: rtol=0.001, atol=1e-05
Found 8 peaks
Fitting orders from 16 to 200
Order=16(0/93)
Order=18(1/93)
Order=20(2/93)
Order=22(3/93)
Found ideal results. Stop!
Found 6 real poles and 8 conjugate complex pairs.
Final number of poles: 14
Saved figure: WMP_Lib/Yb171/158-216_MT2.png
Saved figure: WMP_Lib/Yb171/158-216_MT27.png
Saved figure: WMP_Lib/Yb171/158-216_MT102.png
Vector fitting piece 13/34...
  energy: 1.901e+02 to 2.536e+02 eV (3186 points)
  error tolerance: rtol=0.001, atol=1e-05
Found 7 peaks
Fitting orders from 14 to 200
Order=14(0/94)
Order=16(1/94)
Order=18(2/94)
Order=20(3/94)
Found ideal results. Stop!
Found 4 real poles and 8 conjugate complex pairs.
Final number of poles: 12
Saved figure: WMP_Lib/Yb171/190-254_MT2.png
Saved figure: WMP_Lib/Yb171/190-254_MT27.png
Saved figure: WMP_Lib/Yb171/190-254_MT102.png
Vector fitting piece 14/34...
  energy: 2.251e+02 to 2.938e+02 eV (3690 points)
  error tolerance: rtol=0.001, atol=1e-05
Found 8 peaks
Fitting orders from 16 to 200
Order=16(0/93)
Order=18(1/93)
Order=20(2/93)
Order=22(3/93)
Found ideal results. Stop!
Found 6 real poles and 8 conjugate complex pairs.
Final number of poles: 14
Saved figure: WMP_Lib/Yb171/225-294_MT2.png
Saved figure: WMP_Lib/Yb171/225-294_MT27.png
Saved figure: WMP_Lib/Yb171/225-294_MT102.png
Vector fitting piece 15/34...
  energy: 2.630e+02 to 3.368e+02 eV (3947 points)
  error tolerance: rtol=0.001, atol=1e-05
Found 9 peaks
Fitting orders from 18 to 200
Order=18(0/92)
Order=20(1/92)
Order=22(2/92)
Order=24(3/92)
Order=26(4/92)
Order=28(5/92)
Order=30(6/92)
Order=32(7/92)
Order=34(8/92)
Order=36(9/92)
Order=38(10/92)
Order=40(11/92)
Order=42(12/92)
Order=44(13/92)
Order=46(14/92)
Order=48(15/92)
Order=50(16/92)
Order=52(17/92)
Order=54(18/92)
Order=56(19/92)
Order=58(20/92)
Order=60(21/92)
Found 4 real poles and 10 conjugate complex pairs.
Final number of poles: 14
Saved figure: WMP_Lib/Yb171/263-337_MT2.png
Saved figure: WMP_Lib/Yb171/263-337_MT27.png
Saved figure: WMP_Lib/Yb171/263-337_MT102.png
Vector fitting piece 16/34...
  energy: 3.038e+02 to 3.826e+02 eV (4175 points)
  error tolerance: rtol=0.001, atol=1e-05
Found 10 peaks
Fitting orders from 20 to 200
Order=20(0/91)
Order=22(1/91)
Order=24(2/91)
Order=26(3/91)
Order=28(4/91)
Order=30(5/91)
Order=32(6/91)
Order=34(7/91)
Order=36(8/91)
Order=38(9/91)
Order=40(10/91)
Order=42(11/91)
Order=44(12/91)
Order=46(13/91)
Order=48(14/91)
Order=50(15/91)
Order=52(16/91)
Order=54(17/91)
Order=56(18/91)
Order=58(19/91)
Order=60(20/91)
Found 4 real poles and 11 conjugate complex pairs.
Final number of poles: 15
Saved figure: WMP_Lib/Yb171/304-383_MT2.png
Saved figure: WMP_Lib/Yb171/304-383_MT27.png
Saved figure: WMP_Lib/Yb171/304-383_MT102.png
Vector fitting piece 17/34...
  energy: 3.475e+02 to 4.316e+02 eV (3291 points)
  error tolerance: rtol=0.001, atol=1e-05
Found 8 peaks
Fitting orders from 16 to 200
Order=16(0/93)
Order=18(1/93)
Order=20(2/93)
Order=22(3/93)
Found ideal results. Stop!
Found 4 real poles and 9 conjugate complex pairs.
Final number of poles: 13
Saved figure: WMP_Lib/Yb171/348-432_MT2.png
Saved figure: WMP_Lib/Yb171/348-432_MT27.png
Saved figure: WMP_Lib/Yb171/348-432_MT102.png
Vector fitting piece 18/34...
  energy: 3.942e+02 to 4.834e+02 eV (3772 points)
  error tolerance: rtol=0.001, atol=1e-05
Found 8 peaks
Fitting orders from 16 to 200
Order=16(0/93)
Order=18(1/93)
Order=20(2/93)
Order=22(3/93)
Order=24(4/93)
Order=26(5/93)
Order=28(6/93)
Order=30(7/93)
Order=32(8/93)
Order=34(9/93)
Order=36(10/93)
Order=38(11/93)
Order=40(12/93)
Order=42(13/93)
Order=44(14/93)
Order=46(15/93)
Order=48(16/93)
Order=50(17/93)
Order=52(18/93)
Order=54(19/93)
Order=56(20/93)
Order=58(21/93)
Order=60(22/93)
Found 6 real poles and 9 conjugate complex pairs.
Final number of poles: 15
Saved figure: WMP_Lib/Yb171/394-483_MT2.png
Saved figure: WMP_Lib/Yb171/394-483_MT27.png
Saved figure: WMP_Lib/Yb171/394-483_MT102.png
Vector fitting piece 19/34...
  energy: 4.438e+02 to 5.382e+02 eV (4619 points)
  error tolerance: rtol=0.001, atol=1e-05
Found 10 peaks
Fitting orders from 20 to 200
Order=20(0/91)
Order=22(1/91)
Order=24(2/91)
Order=26(3/91)
Order=28(4/91)
Order=30(5/91)
Order=32(6/91)
Order=34(7/91)
Order=36(8/91)
Order=38(9/91)
Order=40(10/91)
Order=42(11/91)
Order=44(12/91)
Order=46(13/91)
Order=48(14/91)
Order=50(15/91)
Order=52(16/91)
Order=54(17/91)
Order=56(18/91)
Order=58(19/91)
Order=60(20/91)
Found 4 real poles and 11 conjugate complex pairs.
Final number of poles: 15
Saved figure: WMP_Lib/Yb171/444-538_MT2.png
Saved figure: WMP_Lib/Yb171/444-538_MT27.png
Saved figure: WMP_Lib/Yb171/444-538_MT102.png
Vector fitting piece 20/34...
  energy: 4.964e+02 to 5.960e+02 eV (4177 points)
  error tolerance: rtol=0.001, atol=1e-05
Found 10 peaks
Fitting orders from 20 to 200
Order=20(0/91)
Order=22(1/91)
Order=24(2/91)
Order=26(3/91)
Order=28(4/91)
Order=30(5/91)
Order=32(6/91)
Order=34(7/91)
Order=36(8/91)
Order=38(9/91)
Order=40(10/91)
Order=42(11/91)
Order=44(12/91)
Order=46(13/91)
Order=48(14/91)
Order=50(15/91)
Order=52(16/91)
Order=54(17/91)
Order=56(18/91)
Order=58(19/91)
Order=60(20/91)
Found 4 real poles and 11 conjugate complex pairs.
Final number of poles: 15
Saved figure: WMP_Lib/Yb171/496-596_MT2.png
Saved figure: WMP_Lib/Yb171/496-596_MT27.png
Saved figure: WMP_Lib/Yb171/496-596_MT102.png
Vector fitting piece 21/34...
  energy: 5.518e+02 to 6.566e+02 eV (4881 points)
  error tolerance: rtol=0.001, atol=1e-05
Found 11 peaks
Fitting orders from 22 to 200
Order=22(0/90)
Order=24(1/90)
Order=26(2/90)
Order=28(3/90)
Order=30(4/90)
Order=32(5/90)
Order=34(6/90)
Order=36(7/90)
Order=38(8/90)
Order=40(9/90)
Order=42(10/90)
Order=44(11/90)
Order=46(12/90)
Order=48(13/90)
Order=50(14/90)
Order=52(15/90)
Order=54(16/90)
Order=56(17/90)
Order=58(18/90)
Order=60(19/90)
Found 6 real poles and 12 conjugate complex pairs.
Final number of poles: 18
Saved figure: WMP_Lib/Yb171/552-657_MT2.png
Saved figure: WMP_Lib/Yb171/552-657_MT27.png
Saved figure: WMP_Lib/Yb171/552-657_MT102.png
Vector fitting piece 22/34...
  energy: 6.103e+02 to 7.205e+02 eV (5580 points)
  error tolerance: rtol=0.001, atol=1e-05
Found 14 peaks
Fitting orders from 28 to 200
Order=28(0/87)
Order=30(1/87)
Order=32(2/87)
Order=34(3/87)
Order=36(4/87)
Order=38(5/87)
Order=40(6/87)
Order=42(7/87)
Order=44(8/87)
Order=46(9/87)
Order=48(10/87)
Order=50(11/87)
Order=52(12/87)
Order=54(13/87)
Order=56(14/87)
Order=58(15/87)
Order=60(16/87)
Found 4 real poles and 15 conjugate complex pairs.
Final number of poles: 19
Saved figure: WMP_Lib/Yb171/610-720_MT2.png
Saved figure: WMP_Lib/Yb171/610-720_MT27.png
Saved figure: WMP_Lib/Yb171/610-720_MT102.png
Vector fitting piece 23/34...
  energy: 6.717e+02 to 7.868e+02 eV (4651 points)
  error tolerance: rtol=0.001, atol=1e-05
Found 12 peaks
Fitting orders from 24 to 200
Order=24(0/89)
Order=26(1/89)
Order=28(2/89)
Order=30(3/89)
Order=32(4/89)
Order=34(5/89)
Order=36(6/89)
Order=38(7/89)
Order=40(8/89)
Order=42(9/89)
Order=44(10/89)
Order=46(11/89)
Order=48(12/89)
Order=50(13/89)
Order=52(14/89)
Order=54(15/89)
Order=56(16/89)
Order=58(17/89)
Order=60(18/89)
Found 4 real poles and 13 conjugate complex pairs.
Final number of poles: 17
Saved figure: WMP_Lib/Yb171/672-787_MT2.png
Saved figure: WMP_Lib/Yb171/672-787_MT27.png
Saved figure: WMP_Lib/Yb171/672-787_MT102.png
Vector fitting piece 24/34...
  energy: 7.360e+02 to 8.565e+02 eV (4952 points)
  error tolerance: rtol=0.001, atol=1e-05
Found 13 peaks
Fitting orders from 26 to 200
Order=26(0/88)
Order=28(1/88)
Order=30(2/88)
Order=32(3/88)
Order=34(4/88)
Order=36(5/88)
Order=38(6/88)
Order=40(7/88)
Order=42(8/88)
Order=44(9/88)
Order=46(10/88)
Order=48(11/88)
Order=50(12/88)
Order=52(13/88)
Order=54(14/88)
Order=56(15/88)
Order=58(16/88)
Order=60(17/88)
Found 4 real poles and 14 conjugate complex pairs.
Final number of poles: 18
Saved figure: WMP_Lib/Yb171/736-857_MT2.png
Saved figure: WMP_Lib/Yb171/736-857_MT27.png
Saved figure: WMP_Lib/Yb171/736-857_MT102.png
Vector fitting piece 25/34...
  energy: 8.033e+02 to 9.287e+02 eV (4556 points)
  error tolerance: rtol=0.001, atol=1e-05
Found 12 peaks
Fitting orders from 24 to 200
Order=24(0/89)
Order=26(1/89)
Order=28(2/89)
Order=30(3/89)
Order=32(4/89)
Order=34(5/89)
Order=36(6/89)
Order=38(7/89)
Order=40(8/89)
Order=42(9/89)
Order=44(10/89)
Order=46(11/89)
Order=48(12/89)
Order=50(13/89)
Order=52(14/89)
Order=54(15/89)
Order=56(16/89)
Order=58(17/89)
Order=60(18/89)
Found 4 real poles and 13 conjugate complex pairs.
Final number of poles: 17
Saved figure: WMP_Lib/Yb171/803-929_MT2.png
Saved figure: WMP_Lib/Yb171/803-929_MT27.png
Saved figure: WMP_Lib/Yb171/803-929_MT102.png
Vector fitting piece 26/34...
  energy: 8.735e+02 to 1.004e+03 eV (4786 points)
  error tolerance: rtol=0.001, atol=1e-05
Found 13 peaks
Fitting orders from 26 to 200
Order=26(0/88)
Order=28(1/88)
Order=30(2/88)
Order=32(3/88)
Order=34(4/88)
Order=36(5/88)
Order=38(6/88)
Order=40(7/88)
Order=42(8/88)
Order=44(9/88)
Order=46(10/88)
Order=48(11/88)
Order=50(12/88)
Order=52(13/88)
Order=54(14/88)
Order=56(15/88)
Order=58(16/88)
Order=60(17/88)
Found 4 real poles and 14 conjugate complex pairs.
Final number of poles: 18
Saved figure: WMP_Lib/Yb171/873-1004_MT2.png
Saved figure: WMP_Lib/Yb171/873-1004_MT27.png
Saved figure: WMP_Lib/Yb171/873-1004_MT102.png
Vector fitting piece 27/34...
  energy: 9.467e+02 to 1.082e+03 eV (5529 points)
  error tolerance: rtol=0.001, atol=1e-05
Found 15 peaks
Fitting orders from 30 to 200
Order=30(0/86)
Order=32(1/86)
Order=34(2/86)
Order=36(3/86)
Order=38(4/86)
Order=40(5/86)
Order=42(6/86)
Order=44(7/86)
Order=46(8/86)
Order=48(9/86)
Order=50(10/86)
Order=52(11/86)
Order=54(12/86)
Order=56(13/86)
Order=58(14/86)
Order=60(15/86)
Found 4 real poles and 16 conjugate complex pairs.
Final number of poles: 20
Saved figure: WMP_Lib/Yb171/947-1082_MT2.png
Saved figure: WMP_Lib/Yb171/947-1082_MT27.png
Saved figure: WMP_Lib/Yb171/947-1082_MT102.png
Vector fitting piece 28/34...
  energy: 1.023e+03 to 1.164e+03 eV (4548 points)
  error tolerance: rtol=0.001, atol=1e-05
Found 12 peaks
Fitting orders from 24 to 200
Order=24(0/89)
Order=26(1/89)
Order=28(2/89)
Order=30(3/89)
Order=32(4/89)
Order=34(5/89)
Order=36(6/89)
Order=38(7/89)
Order=40(8/89)
Order=42(9/89)
Order=44(10/89)
Order=46(11/89)
Order=48(12/89)
Order=50(13/89)
Order=52(14/89)
Order=54(15/89)
Order=56(16/89)
Order=58(17/89)
Order=60(18/89)
Found 6 real poles and 12 conjugate complex pairs.
Final number of poles: 18
Saved figure: WMP_Lib/Yb171/1023-1164_MT2.png
Saved figure: WMP_Lib/Yb171/1023-1164_MT27.png
Saved figure: WMP_Lib/Yb171/1023-1164_MT102.png
Vector fitting piece 29/34...
  energy: 1.102e+03 to 1.248e+03 eV (4181 points)
  error tolerance: rtol=0.001, atol=1e-05
Found 11 peaks
Fitting orders from 22 to 200
Order=22(0/90)
Order=24(1/90)
Order=26(2/90)
Order=28(3/90)
Order=30(4/90)
Order=32(5/90)
Order=34(6/90)
Order=36(7/90)
Order=38(8/90)
Order=40(9/90)
Order=42(10/90)
Order=44(11/90)
Order=46(12/90)
Order=48(13/90)
Order=50(14/90)
Order=52(15/90)
Order=54(16/90)
Order=56(17/90)
Order=58(18/90)
Order=60(19/90)
Found 4 real poles and 12 conjugate complex pairs.
Final number of poles: 16
Saved figure: WMP_Lib/Yb171/1102-1248_MT2.png
Saved figure: WMP_Lib/Yb171/1102-1248_MT27.png
Saved figure: WMP_Lib/Yb171/1102-1248_MT102.png
Vector fitting piece 30/34...
  energy: 1.184e+03 to 1.335e+03 eV (4902 points)
  error tolerance: rtol=0.001, atol=1e-05
Found 14 peaks
Fitting orders from 28 to 200
Order=28(0/87)
Order=30(1/87)
Order=32(2/87)
Order=34(3/87)
Order=36(4/87)
Order=38(5/87)
Order=40(6/87)
Order=42(7/87)
Order=44(8/87)
Order=46(9/87)
Order=48(10/87)
Order=50(11/87)
Order=52(12/87)
Order=54(13/87)
Order=56(14/87)
Order=58(15/87)
Order=60(16/87)
Found 4 real poles and 14 conjugate complex pairs.
Final number of poles: 18
Saved figure: WMP_Lib/Yb171/1184-1335_MT2.png
Saved figure: WMP_Lib/Yb171/1184-1335_MT27.png
Saved figure: WMP_Lib/Yb171/1184-1335_MT102.png
Vector fitting piece 31/34...
  energy: 1.269e+03 to 1.426e+03 eV (3848 points)
  error tolerance: rtol=0.001, atol=1e-05
Found 10 peaks
Fitting orders from 20 to 200
Order=20(0/91)
Order=22(1/91)
Order=24(2/91)
Order=26(3/91)
Order=28(4/91)
Order=30(5/91)
Order=32(6/91)
Order=34(7/91)
Order=36(8/91)
Order=38(9/91)
Order=40(10/91)
Order=42(11/91)
Order=44(12/91)
Order=46(13/91)
Order=48(14/91)
Order=50(15/91)
Order=52(16/91)
Order=54(17/91)
Order=56(18/91)
Order=58(19/91)
Order=60(20/91)
Found 4 real poles and 11 conjugate complex pairs.
Final number of poles: 15
Saved figure: WMP_Lib/Yb171/1269-1426_MT2.png
Saved figure: WMP_Lib/Yb171/1269-1426_MT27.png
Saved figure: WMP_Lib/Yb171/1269-1426_MT102.png
Vector fitting piece 32/34...
  energy: 1.356e+03 to 1.518e+03 eV (4201 points)
  error tolerance: rtol=0.001, atol=1e-05
Found 11 peaks
Fitting orders from 22 to 200
Order=22(0/90)
Order=24(1/90)
Order=26(2/90)
Order=28(3/90)
Order=30(4/90)
Order=32(5/90)
Order=34(6/90)
Order=36(7/90)
Order=38(8/90)
Order=40(9/90)
Order=42(10/90)
Order=44(11/90)
Order=46(12/90)
Order=48(13/90)
Order=50(14/90)
Order=52(15/90)
Order=54(16/90)
Order=56(17/90)
Order=58(18/90)
Order=60(19/90)
Found 6 real poles and 11 conjugate complex pairs.
Final number of poles: 17
Saved figure: WMP_Lib/Yb171/1356-1518_MT2.png
Saved figure: WMP_Lib/Yb171/1356-1518_MT27.png
Saved figure: WMP_Lib/Yb171/1356-1518_MT102.png
Vector fitting piece 33/34...
  energy: 1.447e+03 to 1.614e+03 eV (4389 points)
  error tolerance: rtol=0.001, atol=1e-05
Found 12 peaks
Fitting orders from 24 to 200
Order=24(0/89)
Order=26(1/89)
Order=28(2/89)
Order=30(3/89)
Order=32(4/89)
Order=34(5/89)
Order=36(6/89)
Order=38(7/89)
Order=40(8/89)
Order=42(9/89)
Order=44(10/89)
Order=46(11/89)
Order=48(12/89)
Order=50(13/89)
Order=52(14/89)
Order=54(15/89)
Order=56(16/89)
Order=58(17/89)
Order=60(18/89)
Found 4 real poles and 13 conjugate complex pairs.
Final number of poles: 17
Saved figure: WMP_Lib/Yb171/1447-1614_MT2.png
Saved figure: WMP_Lib/Yb171/1447-1614_MT27.png
Saved figure: WMP_Lib/Yb171/1447-1614_MT102.png
Vector fitting piece 34/34...
  energy: 1.541e+03 to 1.700e+03 eV (3040 points)
  error tolerance: rtol=0.001, atol=1e-05
Found 8 peaks
Fitting orders from 16 to 200
Order=16(0/93)
Order=18(1/93)
Order=20(2/93)
Order=22(3/93)
Order=24(4/93)
Order=26(5/93)
Order=28(6/93)
Order=30(7/93)
Order=32(8/93)
Order=34(9/93)
Order=36(10/93)
Order=38(11/93)
Order=40(12/93)
Order=42(13/93)
Order=44(14/93)
Order=46(15/93)
Order=48(16/93)
Order=50(17/93)
Order=52(18/93)
Order=54(19/93)
Order=56(20/93)
Order=58(21/93)
Order=60(22/93)
Found 2 real poles and 9 conjugate complex pairs.
Final number of poles: 11
Saved figure: WMP_Lib/Yb171/1541-1700_MT2.png
Saved figure: WMP_Lib/Yb171/1541-1700_MT27.png
Saved figure: WMP_Lib/Yb171/1541-1700_MT102.png
Dumped multipole data to file: WMP_Lib/Yb171/Yb171_mp.pickle
Start searching ...
Testing N_win=22 N_cf=10
Failed: Window spacing cannot be larger than piece spacing.
Testing N_win=126 N_cf=10
Windowing:
  config: # windows=126, spacing=0.3272054115216937, CF order=10
  error tolerance: rtol=0.001, atol=1e-05
Best library so far.
Testing N_win=126 N_cf=9
Windowing:
  config: # windows=126, spacing=0.3272054115216937, CF order=9
  error tolerance: rtol=0.001, atol=1e-05
Best library so far.
Testing N_win=126 N_cf=8
Windowing:
  config: # windows=126, spacing=0.3272054115216937, CF order=8
  error tolerance: rtol=0.001, atol=1e-05
Best library so far.
Testing N_win=126 N_cf=7
Windowing:
  config: # windows=126, spacing=0.3272054115216937, CF order=7
  error tolerance: rtol=0.001, atol=1e-05
Best library so far.
Testing N_win=126 N_cf=6
Windowing:
  config: # windows=126, spacing=0.3272054115216937, CF order=6
  error tolerance: rtol=0.001, atol=1e-05
Best library so far.
Testing N_win=126 N_cf=5
Windowing:
  config: # windows=126, spacing=0.3272054115216937, CF order=5
  error tolerance: rtol=0.001, atol=1e-05
Best library so far.
Testing N_win=126 N_cf=4
Windowing:
  config: # windows=126, spacing=0.3272054115216937, CF order=4
  error tolerance: rtol=0.001, atol=1e-05
Best library so far.
Testing N_win=126 N_cf=3
Windowing:
  config: # windows=126, spacing=0.3272054115216937, CF order=3
  error tolerance: rtol=0.001, atol=1e-05
Failed: Pure curvefit failed for the first window!
Testing N_win=230 N_cf=10
Windowing:
  config: # windows=230, spacing=0.17925166022492786, CF order=10
  error tolerance: rtol=0.001, atol=1e-05
Best library so far.
Testing N_win=230 N_cf=9
Windowing:
  config: # windows=230, spacing=0.17925166022492786, CF order=9
  error tolerance: rtol=0.001, atol=1e-05
Best library so far.
Testing N_win=230 N_cf=8
Windowing:
  config: # windows=230, spacing=0.17925166022492786, CF order=8
  error tolerance: rtol=0.001, atol=1e-05
Best library so far.
Testing N_win=230 N_cf=7
Windowing:
  config: # windows=230, spacing=0.17925166022492786, CF order=7
  error tolerance: rtol=0.001, atol=1e-05
Best library so far.
Testing N_win=230 N_cf=6
Windowing:
  config: # windows=230, spacing=0.17925166022492786, CF order=6
  error tolerance: rtol=0.001, atol=1e-05
Best library so far.
Testing N_win=230 N_cf=5
Windowing:
  config: # windows=230, spacing=0.17925166022492786, CF order=5
  error tolerance: rtol=0.001, atol=1e-05
Best library so far.
Testing N_win=230 N_cf=4
Windowing:
  config: # windows=230, spacing=0.17925166022492786, CF order=4
  error tolerance: rtol=0.001, atol=1e-05
Best library so far.
Testing N_win=230 N_cf=3
Windowing:
  config: # windows=230, spacing=0.17925166022492786, CF order=3
  error tolerance: rtol=0.001, atol=1e-05
Testing N_win=230 N_cf=2
Windowing:
  config: # windows=230, spacing=0.17925166022492786, CF order=2
  error tolerance: rtol=0.001, atol=1e-05
Failed: Pure curvefit failed for the first window!
Testing N_win=334 N_cf=10
Windowing:
  config: # windows=334, spacing=0.12343677201117786, CF order=10
  error tolerance: rtol=0.001, atol=1e-05
Testing N_win=334 N_cf=9
Windowing:
  config: # windows=334, spacing=0.12343677201117786, CF order=9
  error tolerance: rtol=0.001, atol=1e-05
Testing N_win=334 N_cf=8
Windowing:
  config: # windows=334, spacing=0.12343677201117786, CF order=8
  error tolerance: rtol=0.001, atol=1e-05
Testing N_win=334 N_cf=7
Windowing:
  config: # windows=334, spacing=0.12343677201117786, CF order=7
  error tolerance: rtol=0.001, atol=1e-05
Best library so far.
Testing N_win=334 N_cf=6
Windowing:
  config: # windows=334, spacing=0.12343677201117786, CF order=6
  error tolerance: rtol=0.001, atol=1e-05
Best library so far.
Testing N_win=334 N_cf=5
Windowing:
  config: # windows=334, spacing=0.12343677201117786, CF order=5
  error tolerance: rtol=0.001, atol=1e-05
Best library so far.
Testing N_win=334 N_cf=4
Windowing:
  config: # windows=334, spacing=0.12343677201117786, CF order=4
  error tolerance: rtol=0.001, atol=1e-05
Best library so far.
Testing N_win=334 N_cf=3
Windowing:
  config: # windows=334, spacing=0.12343677201117786, CF order=3
  error tolerance: rtol=0.001, atol=1e-05
Testing N_win=334 N_cf=2
Windowing:
  config: # windows=334, spacing=0.12343677201117786, CF order=2
  error tolerance: rtol=0.001, atol=1e-05
Failed: Pure curvefit failed for the first window!
Testing N_win=438 N_cf=10
Windowing:
  config: # windows=438, spacing=0.09412758413637765, CF order=10
  error tolerance: rtol=0.001, atol=1e-05
Testing N_win=438 N_cf=9
Windowing:
  config: # windows=438, spacing=0.09412758413637765, CF order=9
  error tolerance: rtol=0.001, atol=1e-05
Testing N_win=438 N_cf=8
Windowing:
  config: # windows=438, spacing=0.09412758413637765, CF order=8
  error tolerance: rtol=0.001, atol=1e-05
Testing N_win=438 N_cf=7
Windowing:
  config: # windows=438, spacing=0.09412758413637765, CF order=7
  error tolerance: rtol=0.001, atol=1e-05
Testing N_win=438 N_cf=6
Windowing:
  config: # windows=438, spacing=0.09412758413637765, CF order=6
  error tolerance: rtol=0.001, atol=1e-05
Testing N_win=438 N_cf=5
Windowing:
  config: # windows=438, spacing=0.09412758413637765, CF order=5
  error tolerance: rtol=0.001, atol=1e-05
Best library so far.
Testing N_win=438 N_cf=4
Windowing:
  config: # windows=438, spacing=0.09412758413637765, CF order=4
  error tolerance: rtol=0.001, atol=1e-05
Best library so far.
Testing N_win=438 N_cf=3
Windowing:
  config: # windows=438, spacing=0.09412758413637765, CF order=3
  error tolerance: rtol=0.001, atol=1e-05
Testing N_win=438 N_cf=2
Windowing:
  config: # windows=438, spacing=0.09412758413637765, CF order=2
  error tolerance: rtol=0.001, atol=1e-05
Failed: Pure curvefit failed for the first window!
Testing N_win=542 N_cf=10
Windowing:
  config: # windows=542, spacing=0.07606620267847491, CF order=10
  error tolerance: rtol=0.001, atol=1e-05
Testing N_win=542 N_cf=9
Windowing:
  config: # windows=542, spacing=0.07606620267847491, CF order=9
  error tolerance: rtol=0.001, atol=1e-05
Testing N_win=542 N_cf=8
Windowing:
  config: # windows=542, spacing=0.07606620267847491, CF order=8
  error tolerance: rtol=0.001, atol=1e-05
Testing N_win=542 N_cf=7
Windowing:
  config: # windows=542, spacing=0.07606620267847491, CF order=7
  error tolerance: rtol=0.001, atol=1e-05
Testing N_win=542 N_cf=6
Windowing:
  config: # windows=542, spacing=0.07606620267847491, CF order=6
  error tolerance: rtol=0.001, atol=1e-05
Testing N_win=542 N_cf=5
Windowing:
  config: # windows=542, spacing=0.07606620267847491, CF order=5
  error tolerance: rtol=0.001, atol=1e-05
Testing N_win=542 N_cf=4
Windowing:
  config: # windows=542, spacing=0.07606620267847491, CF order=4
  error tolerance: rtol=0.001, atol=1e-05
Best library so far.
Testing N_win=542 N_cf=3
Windowing:
  config: # windows=542, spacing=0.07606620267847491, CF order=3
  error tolerance: rtol=0.001, atol=1e-05
Testing N_win=542 N_cf=2
Windowing:
  config: # windows=542, spacing=0.07606620267847491, CF order=2
  error tolerance: rtol=0.001, atol=1e-05
Failed: Pure curvefit failed for the first window!
Testing N_win=646 N_cf=10
Windowing:
  config: # windows=646, spacing=0.06382025054447896, CF order=10
  error tolerance: rtol=0.001, atol=1e-05
Testing N_win=646 N_cf=9
Windowing:
  config: # windows=646, spacing=0.06382025054447896, CF order=9
  error tolerance: rtol=0.001, atol=1e-05
Testing N_win=646 N_cf=8
Windowing:
  config: # windows=646, spacing=0.06382025054447896, CF order=8
  error tolerance: rtol=0.001, atol=1e-05
Testing N_win=646 N_cf=7
Windowing:
  config: # windows=646, spacing=0.06382025054447896, CF order=7
  error tolerance: rtol=0.001, atol=1e-05
Testing N_win=646 N_cf=6
Windowing:
  config: # windows=646, spacing=0.06382025054447896, CF order=6
  error tolerance: rtol=0.001, atol=1e-05
Testing N_win=646 N_cf=5
Windowing:
  config: # windows=646, spacing=0.06382025054447896, CF order=5
  error tolerance: rtol=0.001, atol=1e-05
Testing N_win=646 N_cf=4
Windowing:
  config: # windows=646, spacing=0.06382025054447896, CF order=4
  error tolerance: rtol=0.001, atol=1e-05
Testing N_win=646 N_cf=3
Windowing:
  config: # windows=646, spacing=0.06382025054447896, CF order=3
  error tolerance: rtol=0.001, atol=1e-05
Testing N_win=646 N_cf=2
Windowing:
  config: # windows=646, spacing=0.06382025054447896, CF order=2
  error tolerance: rtol=0.001, atol=1e-05
Failed: Pure curvefit failed for the first window!
Testing N_win=750 N_cf=10
Windowing:
  config: # windows=750, spacing=0.054970509135644545, CF order=10
  error tolerance: rtol=0.001, atol=1e-05
Testing N_win=750 N_cf=9
Windowing:
  config: # windows=750, spacing=0.054970509135644545, CF order=9
  error tolerance: rtol=0.001, atol=1e-05
Testing N_win=750 N_cf=8
Windowing:
  config: # windows=750, spacing=0.054970509135644545, CF order=8
  error tolerance: rtol=0.001, atol=1e-05
Testing N_win=750 N_cf=7
Windowing:
  config: # windows=750, spacing=0.054970509135644545, CF order=7
  error tolerance: rtol=0.001, atol=1e-05
Testing N_win=750 N_cf=6
Windowing:
  config: # windows=750, spacing=0.054970509135644545, CF order=6
  error tolerance: rtol=0.001, atol=1e-05
Testing N_win=750 N_cf=5
Windowing:
  config: # windows=750, spacing=0.054970509135644545, CF order=5
  error tolerance: rtol=0.001, atol=1e-05
Testing N_win=750 N_cf=4
Windowing:
  config: # windows=750, spacing=0.054970509135644545, CF order=4
  error tolerance: rtol=0.001, atol=1e-05
Testing N_win=750 N_cf=3
Windowing:
  config: # windows=750, spacing=0.054970509135644545, CF order=3
  error tolerance: rtol=0.001, atol=1e-05
Testing N_win=750 N_cf=2
Windowing:
  config: # windows=750, spacing=0.054970509135644545, CF order=2
  error tolerance: rtol=0.001, atol=1e-05
Failed: Pure curvefit failed for the first window!
Testing N_win=854 N_cf=10
Windowing:
  config: # windows=854, spacing=0.04827620825729907, CF order=10
  error tolerance: rtol=0.001, atol=1e-05
Testing N_win=854 N_cf=9
Windowing:
  config: # windows=854, spacing=0.04827620825729907, CF order=9
  error tolerance: rtol=0.001, atol=1e-05
Testing N_win=854 N_cf=8
Windowing:
  config: # windows=854, spacing=0.04827620825729907, CF order=8
  error tolerance: rtol=0.001, atol=1e-05
Testing N_win=854 N_cf=7
Windowing:
  config: # windows=854, spacing=0.04827620825729907, CF order=7
  error tolerance: rtol=0.001, atol=1e-05
Testing N_win=854 N_cf=6
Windowing:
  config: # windows=854, spacing=0.04827620825729907, CF order=6
  error tolerance: rtol=0.001, atol=1e-05
Testing N_win=854 N_cf=5
Windowing:
  config: # windows=854, spacing=0.04827620825729907, CF order=5
  error tolerance: rtol=0.001, atol=1e-05
Testing N_win=854 N_cf=4
Windowing:
  config: # windows=854, spacing=0.04827620825729907, CF order=4
  error tolerance: rtol=0.001, atol=1e-05
Testing N_win=854 N_cf=3
Windowing:
  config: # windows=854, spacing=0.04827620825729907, CF order=3
  error tolerance: rtol=0.001, atol=1e-05
Testing N_win=854 N_cf=2
Windowing:
  config: # windows=854, spacing=0.04827620825729907, CF order=2
  error tolerance: rtol=0.001, atol=1e-05
Failed: Pure curvefit failed for the first window!
Testing N_win=958 N_cf=10
Windowing:
  config: # windows=958, spacing=0.04303536727738352, CF order=10
  error tolerance: rtol=0.001, atol=1e-05
Testing N_win=958 N_cf=9
Windowing:
  config: # windows=958, spacing=0.04303536727738352, CF order=9
  error tolerance: rtol=0.001, atol=1e-05
Testing N_win=958 N_cf=8
Windowing:
  config: # windows=958, spacing=0.04303536727738352, CF order=8
  error tolerance: rtol=0.001, atol=1e-05
Testing N_win=958 N_cf=7
Windowing:
  config: # windows=958, spacing=0.04303536727738352, CF order=7
  error tolerance: rtol=0.001, atol=1e-05
Testing N_win=958 N_cf=6
Windowing:
  config: # windows=958, spacing=0.04303536727738352, CF order=6
  error tolerance: rtol=0.001, atol=1e-05
Testing N_win=958 N_cf=5
Windowing:
  config: # windows=958, spacing=0.04303536727738352, CF order=5
  error tolerance: rtol=0.001, atol=1e-05
Testing N_win=958 N_cf=4
Windowing:
  config: # windows=958, spacing=0.04303536727738352, CF order=4
  error tolerance: rtol=0.001, atol=1e-05
Testing N_win=958 N_cf=3
Windowing:
  config: # windows=958, spacing=0.04303536727738352, CF order=3
  error tolerance: rtol=0.001, atol=1e-05
Testing N_win=958 N_cf=2
Windowing:
  config: # windows=958, spacing=0.04303536727738352, CF order=2
  error tolerance: rtol=0.001, atol=1e-05
Failed: Pure curvefit failed for the first window!
Testing N_win=1063 N_cf=10
Windowing:
  config: # windows=1063, spacing=0.038784460820069054, CF order=10
  error tolerance: rtol=0.001, atol=1e-05
Testing N_win=1063 N_cf=9
Windowing:
  config: # windows=1063, spacing=0.038784460820069054, CF order=9
  error tolerance: rtol=0.001, atol=1e-05
Testing N_win=1063 N_cf=8
Windowing:
  config: # windows=1063, spacing=0.038784460820069054, CF order=8
  error tolerance: rtol=0.001, atol=1e-05
Testing N_win=1063 N_cf=7
Windowing:
  config: # windows=1063, spacing=0.038784460820069054, CF order=7
  error tolerance: rtol=0.001, atol=1e-05
Testing N_win=1063 N_cf=6
Windowing:
  config: # windows=1063, spacing=0.038784460820069054, CF order=6
  error tolerance: rtol=0.001, atol=1e-05
Testing N_win=1063 N_cf=5
Windowing:
  config: # windows=1063, spacing=0.038784460820069054, CF order=5
  error tolerance: rtol=0.001, atol=1e-05
Testing N_win=1063 N_cf=4
Windowing:
  config: # windows=1063, spacing=0.038784460820069054, CF order=4
  error tolerance: rtol=0.001, atol=1e-05
Testing N_win=1063 N_cf=3
Windowing:
  config: # windows=1063, spacing=0.038784460820069054, CF order=3
  error tolerance: rtol=0.001, atol=1e-05
Testing N_win=1063 N_cf=2
Windowing:
  config: # windows=1063, spacing=0.038784460820069054, CF order=2
  error tolerance: rtol=0.001, atol=1e-05
Failed: Pure curvefit failed for the first window!
Testing N_win=1167 N_cf=10
Windowing:
  config: # windows=1167, spacing=0.03532809070414174, CF order=10
  error tolerance: rtol=0.001, atol=1e-05
Testing N_win=1167 N_cf=9
Windowing:
  config: # windows=1167, spacing=0.03532809070414174, CF order=9
  error tolerance: rtol=0.001, atol=1e-05
Testing N_win=1167 N_cf=8
Windowing:
  config: # windows=1167, spacing=0.03532809070414174, CF order=8
  error tolerance: rtol=0.001, atol=1e-05
Testing N_win=1167 N_cf=7
Windowing:
  config: # windows=1167, spacing=0.03532809070414174, CF order=7
  error tolerance: rtol=0.001, atol=1e-05
Testing N_win=1167 N_cf=6
Windowing:
  config: # windows=1167, spacing=0.03532809070414174, CF order=6
  error tolerance: rtol=0.001, atol=1e-05
Testing N_win=1167 N_cf=5
Windowing:
  config: # windows=1167, spacing=0.03532809070414174, CF order=5
  error tolerance: rtol=0.001, atol=1e-05
Testing N_win=1167 N_cf=4
Windowing:
  config: # windows=1167, spacing=0.03532809070414174, CF order=4
  error tolerance: rtol=0.001, atol=1e-05
Testing N_win=1167 N_cf=3
Windowing:
  config: # windows=1167, spacing=0.03532809070414174, CF order=3
  error tolerance: rtol=0.001, atol=1e-05
Testing N_win=1167 N_cf=2
Windowing:
  config: # windows=1167, spacing=0.03532809070414174, CF order=2
  error tolerance: rtol=0.001, atol=1e-05
Failed: Pure curvefit failed for the first window!
Testing N_win=1271 N_cf=10
Windowing:
  config: # windows=1271, spacing=0.032437357869184426, CF order=10
  error tolerance: rtol=0.001, atol=1e-05
Testing N_win=1271 N_cf=9
Windowing:
  config: # windows=1271, spacing=0.032437357869184426, CF order=9
  error tolerance: rtol=0.001, atol=1e-05
Testing N_win=1271 N_cf=8
Windowing:
  config: # windows=1271, spacing=0.032437357869184426, CF order=8
  error tolerance: rtol=0.001, atol=1e-05
Testing N_win=1271 N_cf=7
Windowing:
  config: # windows=1271, spacing=0.032437357869184426, CF order=7
  error tolerance: rtol=0.001, atol=1e-05
Testing N_win=1271 N_cf=6
Windowing:
  config: # windows=1271, spacing=0.032437357869184426, CF order=6
  error tolerance: rtol=0.001, atol=1e-05
Testing N_win=1271 N_cf=5
Windowing:
  config: # windows=1271, spacing=0.032437357869184426, CF order=5
  error tolerance: rtol=0.001, atol=1e-05
Testing N_win=1271 N_cf=4
Windowing:
  config: # windows=1271, spacing=0.032437357869184426, CF order=4
  error tolerance: rtol=0.001, atol=1e-05
Testing N_win=1271 N_cf=3
Windowing:
  config: # windows=1271, spacing=0.032437357869184426, CF order=3
  error tolerance: rtol=0.001, atol=1e-05
Testing N_win=1271 N_cf=2
Windowing:
  config: # windows=1271, spacing=0.032437357869184426, CF order=2
  error tolerance: rtol=0.001, atol=1e-05
Failed: Pure curvefit failed for the first window!
Testing N_win=1375 N_cf=10
Windowing:
  config: # windows=1375, spacing=0.029983914073987934, CF order=10
  error tolerance: rtol=0.001, atol=1e-05
Testing N_win=1375 N_cf=9
Windowing:
  config: # windows=1375, spacing=0.029983914073987934, CF order=9
  error tolerance: rtol=0.001, atol=1e-05
Testing N_win=1375 N_cf=8
Windowing:
  config: # windows=1375, spacing=0.029983914073987934, CF order=8
  error tolerance: rtol=0.001, atol=1e-05
Testing N_win=1375 N_cf=7
Windowing:
  config: # windows=1375, spacing=0.029983914073987934, CF order=7
  error tolerance: rtol=0.001, atol=1e-05
Testing N_win=1375 N_cf=6
Windowing:
  config: # windows=1375, spacing=0.029983914073987934, CF order=6
  error tolerance: rtol=0.001, atol=1e-05
Testing N_win=1375 N_cf=5
Windowing:
  config: # windows=1375, spacing=0.029983914073987934, CF order=5
  error tolerance: rtol=0.001, atol=1e-05
Testing N_win=1375 N_cf=4
Windowing:
  config: # windows=1375, spacing=0.029983914073987934, CF order=4
  error tolerance: rtol=0.001, atol=1e-05
Testing N_win=1375 N_cf=3
Windowing:
  config: # windows=1375, spacing=0.029983914073987934, CF order=3
  error tolerance: rtol=0.001, atol=1e-05
Testing N_win=1375 N_cf=2
Windowing:
  config: # windows=1375, spacing=0.029983914073987934, CF order=2
  error tolerance: rtol=0.001, atol=1e-05
Failed: Pure curvefit failed for the first window!
Testing N_win=1479 N_cf=10
Windowing:
  config: # windows=1479, spacing=0.02787551173207127, CF order=10
  error tolerance: rtol=0.001, atol=1e-05
Testing N_win=1479 N_cf=9
Windowing:
  config: # windows=1479, spacing=0.02787551173207127, CF order=9
  error tolerance: rtol=0.001, atol=1e-05
Testing N_win=1479 N_cf=8
Windowing:
  config: # windows=1479, spacing=0.02787551173207127, CF order=8
  error tolerance: rtol=0.001, atol=1e-05
Testing N_win=1479 N_cf=7
Windowing:
  config: # windows=1479, spacing=0.02787551173207127, CF order=7
  error tolerance: rtol=0.001, atol=1e-05
Testing N_win=1479 N_cf=6
Windowing:
  config: # windows=1479, spacing=0.02787551173207127, CF order=6
  error tolerance: rtol=0.001, atol=1e-05
Testing N_win=1479 N_cf=5
Windowing:
  config: # windows=1479, spacing=0.02787551173207127, CF order=5
  error tolerance: rtol=0.001, atol=1e-05
Testing N_win=1479 N_cf=4
Windowing:
  config: # windows=1479, spacing=0.02787551173207127, CF order=4
  error tolerance: rtol=0.001, atol=1e-05
Testing N_win=1479 N_cf=3
Windowing:
  config: # windows=1479, spacing=0.02787551173207127, CF order=3
  error tolerance: rtol=0.001, atol=1e-05
Testing N_win=1479 N_cf=2
Windowing:
  config: # windows=1479, spacing=0.02787551173207127, CF order=2
  error tolerance: rtol=0.001, atol=1e-05
Failed: Pure curvefit failed for the first window!
Testing N_win=1583 N_cf=10
Windowing:
  config: # windows=1583, spacing=0.026044145200084277, CF order=10
  error tolerance: rtol=0.001, atol=1e-05
Testing N_win=1583 N_cf=9
Windowing:
  config: # windows=1583, spacing=0.026044145200084277, CF order=9
  error tolerance: rtol=0.001, atol=1e-05
Testing N_win=1583 N_cf=8
Windowing:
  config: # windows=1583, spacing=0.026044145200084277, CF order=8
  error tolerance: rtol=0.001, atol=1e-05
Testing N_win=1583 N_cf=7
Windowing:
  config: # windows=1583, spacing=0.026044145200084277, CF order=7
  error tolerance: rtol=0.001, atol=1e-05
Testing N_win=1583 N_cf=6
Windowing:
  config: # windows=1583, spacing=0.026044145200084277, CF order=6
  error tolerance: rtol=0.001, atol=1e-05
Testing N_win=1583 N_cf=5
Windowing:
  config: # windows=1583, spacing=0.026044145200084277, CF order=5
  error tolerance: rtol=0.001, atol=1e-05
Testing N_win=1583 N_cf=4
Windowing:
  config: # windows=1583, spacing=0.026044145200084277, CF order=4
  error tolerance: rtol=0.001, atol=1e-05
Testing N_win=1583 N_cf=3
Windowing:
  config: # windows=1583, spacing=0.026044145200084277, CF order=3
  error tolerance: rtol=0.001, atol=1e-05
Testing N_win=1583 N_cf=2
Windowing:
  config: # windows=1583, spacing=0.026044145200084277, CF order=2
  error tolerance: rtol=0.001, atol=1e-05
Failed: Pure curvefit failed for the first window!
Testing N_win=1687 N_cf=10
Windowing:
  config: # windows=1687, spacing=0.024438578453902435, CF order=10
  error tolerance: rtol=0.001, atol=1e-05
Testing N_win=1687 N_cf=9
Windowing:
  config: # windows=1687, spacing=0.024438578453902435, CF order=9
  error tolerance: rtol=0.001, atol=1e-05
Testing N_win=1687 N_cf=8
Windowing:
  config: # windows=1687, spacing=0.024438578453902435, CF order=8
  error tolerance: rtol=0.001, atol=1e-05
Testing N_win=1687 N_cf=7
Windowing:
  config: # windows=1687, spacing=0.024438578453902435, CF order=7
  error tolerance: rtol=0.001, atol=1e-05
Testing N_win=1687 N_cf=6
Windowing:
  config: # windows=1687, spacing=0.024438578453902435, CF order=6
  error tolerance: rtol=0.001, atol=1e-05
Testing N_win=1687 N_cf=5
Windowing:
  config: # windows=1687, spacing=0.024438578453902435, CF order=5
  error tolerance: rtol=0.001, atol=1e-05
Testing N_win=1687 N_cf=4
Windowing:
  config: # windows=1687, spacing=0.024438578453902435, CF order=4
  error tolerance: rtol=0.001, atol=1e-05
Testing N_win=1687 N_cf=3
Windowing:
  config: # windows=1687, spacing=0.024438578453902435, CF order=3
  error tolerance: rtol=0.001, atol=1e-05
Testing N_win=1687 N_cf=2
Windowing:
  config: # windows=1687, spacing=0.024438578453902435, CF order=2
  error tolerance: rtol=0.001, atol=1e-05
Failed: Pure curvefit failed for the first window!
Testing N_win=1791 N_cf=10
Windowing:
  config: # windows=1791, spacing=0.02301947618745584, CF order=10
  error tolerance: rtol=0.001, atol=1e-05
Testing N_win=1791 N_cf=9
Windowing:
  config: # windows=1791, spacing=0.02301947618745584, CF order=9
  error tolerance: rtol=0.001, atol=1e-05
Testing N_win=1791 N_cf=8
Windowing:
  config: # windows=1791, spacing=0.02301947618745584, CF order=8
  error tolerance: rtol=0.001, atol=1e-05
Testing N_win=1791 N_cf=7
Windowing:
  config: # windows=1791, spacing=0.02301947618745584, CF order=7
  error tolerance: rtol=0.001, atol=1e-05
Testing N_win=1791 N_cf=6
Windowing:
  config: # windows=1791, spacing=0.02301947618745584, CF order=6
  error tolerance: rtol=0.001, atol=1e-05
Testing N_win=1791 N_cf=5
Windowing:
  config: # windows=1791, spacing=0.02301947618745584, CF order=5
  error tolerance: rtol=0.001, atol=1e-05
Testing N_win=1791 N_cf=4
Windowing:
  config: # windows=1791, spacing=0.02301947618745584, CF order=4
  error tolerance: rtol=0.001, atol=1e-05
Testing N_win=1791 N_cf=3
Windowing:
  config: # windows=1791, spacing=0.02301947618745584, CF order=3
  error tolerance: rtol=0.001, atol=1e-05
Testing N_win=1791 N_cf=2
Windowing:
  config: # windows=1791, spacing=0.02301947618745584, CF order=2
  error tolerance: rtol=0.001, atol=1e-05
Failed: Pure curvefit failed for the first window!
Testing N_win=1895 N_cf=10
Windowing:
  config: # windows=1895, spacing=0.021756138180334252, CF order=10
  error tolerance: rtol=0.001, atol=1e-05
Testing N_win=1895 N_cf=9
Windowing:
  config: # windows=1895, spacing=0.021756138180334252, CF order=9
  error tolerance: rtol=0.001, atol=1e-05
Testing N_win=1895 N_cf=8
Windowing:
  config: # windows=1895, spacing=0.021756138180334252, CF order=8
  error tolerance: rtol=0.001, atol=1e-05
Testing N_win=1895 N_cf=7
Windowing:
  config: # windows=1895, spacing=0.021756138180334252, CF order=7
  error tolerance: rtol=0.001, atol=1e-05
Testing N_win=1895 N_cf=6
Windowing:
  config: # windows=1895, spacing=0.021756138180334252, CF order=6
  error tolerance: rtol=0.001, atol=1e-05
Testing N_win=1895 N_cf=5
Windowing:
  config: # windows=1895, spacing=0.021756138180334252, CF order=5
  error tolerance: rtol=0.001, atol=1e-05
Testing N_win=1895 N_cf=4
Windowing:
  config: # windows=1895, spacing=0.021756138180334252, CF order=4
  error tolerance: rtol=0.001, atol=1e-05
Testing N_win=1895 N_cf=3
Windowing:
  config: # windows=1895, spacing=0.021756138180334252, CF order=3
  error tolerance: rtol=0.001, atol=1e-05
Testing N_win=1895 N_cf=2
Windowing:
  config: # windows=1895, spacing=0.021756138180334252, CF order=2
  error tolerance: rtol=0.001, atol=1e-05
Failed: Pure curvefit failed for the first window!
Testing N_win=2000 N_cf=10
Windowing:
  config: # windows=2000, spacing=0.020613940925866703, CF order=10
  error tolerance: rtol=0.001, atol=1e-05
Testing N_win=2000 N_cf=9
Windowing:
  config: # windows=2000, spacing=0.020613940925866703, CF order=9
  error tolerance: rtol=0.001, atol=1e-05
Testing N_win=2000 N_cf=8
Windowing:
  config: # windows=2000, spacing=0.020613940925866703, CF order=8
  error tolerance: rtol=0.001, atol=1e-05
Testing N_win=2000 N_cf=7
Windowing:
  config: # windows=2000, spacing=0.020613940925866703, CF order=7
  error tolerance: rtol=0.001, atol=1e-05
Testing N_win=2000 N_cf=6
Windowing:
  config: # windows=2000, spacing=0.020613940925866703, CF order=6
  error tolerance: rtol=0.001, atol=1e-05
Testing N_win=2000 N_cf=5
Windowing:
  config: # windows=2000, spacing=0.020613940925866703, CF order=5
  error tolerance: rtol=0.001, atol=1e-05
Testing N_win=2000 N_cf=4
Windowing:
  config: # windows=2000, spacing=0.020613940925866703, CF order=4
  error tolerance: rtol=0.001, atol=1e-05
Testing N_win=2000 N_cf=3
Windowing:
  config: # windows=2000, spacing=0.020613940925866703, CF order=3
  error tolerance: rtol=0.001, atol=1e-05
Testing N_win=2000 N_cf=2
Windowing:
  config: # windows=2000, spacing=0.020613940925866703, CF order=2
  error tolerance: rtol=0.001, atol=1e-05
Failed: Pure curvefit failed for the first window!
Final library: 284 poles, 542 windows, 3.8 poles per window, 4 CF order
