Running NJOY to get 0K point-wise data (error=0.0005)...
Parsing cross sections within resolved resonance range...
  MTs: [2, 27, 102, 103, 107]
  Energy range: 1.000e-05 to 7.465e+02 eV (28048 points)
Vector fitting piece 1/14...
  energy: 1.000e-05 to 4.625e+00 eV (672 points)
  error tolerance: rtol=0.001, atol=1e-05
Found 0 peaks
Fitting orders from 2 to 200
Order=2(0/100)
Order=4(1/100)
Order=6(2/100)
Order=8(3/100)
Order=10(4/100)
Order=12(5/100)
Order=14(6/100)
Order=16(7/100)
Order=18(8/100)
Order=20(9/100)
Order=22(10/100)
Order=24(11/100)
Order=26(12/100)
Order=28(13/100)
Order=30(14/100)
Order=32(15/100)
Order=34(16/100)
Order=36(17/100)
Order=38(18/100)
Order=40(19/100)
Order=42(20/100)
Order=44(21/100)
Order=46(22/100)
Order=48(23/100)
Order=50(24/100)
Order=52(25/100)
Order=54(26/100)
Order=56(27/100)
Order=58(28/100)
Order=60(29/100)
Order=62(30/100)
Order=64(31/100)
Order=66(32/100)
Order=68(33/100)
Order=70(34/100)
Order=72(35/100)
Order=74(36/100)
Order=76(37/100)
Order=78(38/100)
Order=80(39/100)
Order=82(40/100)
Order=84(41/100)
Order=86(42/100)
Found 2 real poles and 48 conjugate complex pairs.
Final number of poles: 50
Saved figure: WMP_Lib/Sm145/0-5_MT2.png
Saved figure: WMP_Lib/Sm145/0-5_MT27.png
Saved figure: WMP_Lib/Sm145/0-5_MT102.png
Saved figure: WMP_Lib/Sm145/0-5_MT103.png
Saved figure: WMP_Lib/Sm145/0-5_MT107.png
Vector fitting piece 2/14...
  energy: 6.436e-01 to 1.665e+01 eV (936 points)
  error tolerance: rtol=0.001, atol=1e-05
Found 2 peaks
Fitting orders from 4 to 200
Order=4(0/99)
Order=6(1/99)
Order=8(2/99)
Order=10(3/99)
Order=12(4/99)
Order=14(5/99)
Order=16(6/99)
Order=18(7/99)
Order=20(8/99)
Order=22(9/99)
Order=24(10/99)
Order=26(11/99)
Order=28(12/99)
Order=30(13/99)
Order=32(14/99)
Order=34(15/99)
Order=36(16/99)
Order=38(17/99)
Order=40(18/99)
Order=42(19/99)
Order=44(20/99)
Order=46(21/99)
Order=48(22/99)
Order=50(23/99)
Order=52(24/99)
Order=54(25/99)
Order=56(26/99)
Order=58(27/99)
Order=60(28/99)
Found 1 real poles and 22 conjugate complex pairs.
Final number of poles: 23
Saved figure: WMP_Lib/Sm145/1-17_MT2.png
Saved figure: WMP_Lib/Sm145/1-17_MT27.png
Saved figure: WMP_Lib/Sm145/1-17_MT102.png
Saved figure: WMP_Lib/Sm145/1-17_MT103.png
Saved figure: WMP_Lib/Sm145/1-17_MT107.png
Vector fitting piece 3/14...
  energy: 7.578e+00 to 3.635e+01 eV (1418 points)
  error tolerance: rtol=0.001, atol=1e-05
Found 3 peaks
Fitting orders from 6 to 200
Order=6(0/98)
Order=8(1/98)
Order=10(2/98)
Order=12(3/98)
Order=14(4/98)
Order=16(5/98)
Order=18(6/98)
Order=20(7/98)
Order=22(8/98)
Order=24(9/98)
Order=26(10/98)
Order=28(11/98)
Found ideal results. Stop!
Found 4 real poles and 12 conjugate complex pairs.
Final number of poles: 16
Saved figure: WMP_Lib/Sm145/8-36_MT2.png
Saved figure: WMP_Lib/Sm145/8-36_MT27.png
Saved figure: WMP_Lib/Sm145/8-36_MT102.png
Saved figure: WMP_Lib/Sm145/8-36_MT103.png
Saved figure: WMP_Lib/Sm145/8-36_MT107.png
Vector fitting piece 4/14...
  energy: 2.220e+01 to 6.366e+01 eV (1825 points)
  error tolerance: rtol=0.001, atol=1e-05
Found 6 peaks
Fitting orders from 12 to 200
Order=12(0/95)
Order=14(1/95)
Order=16(2/95)
Order=18(3/95)
Order=20(4/95)
Order=22(5/95)
Order=24(6/95)
Order=26(7/95)
Order=28(8/95)
Order=30(9/95)
Order=32(10/95)
Order=34(11/95)
Order=36(12/95)
Order=38(13/95)
Order=40(14/95)
Order=42(15/95)
Order=44(16/95)
Order=46(17/95)
Order=48(18/95)
Order=50(19/95)
Order=52(20/95)
Order=54(21/95)
Order=56(22/95)
Order=58(23/95)
Order=60(24/95)
Found 3 real poles and 12 conjugate complex pairs.
Final number of poles: 15
Saved figure: WMP_Lib/Sm145/22-64_MT2.png
Saved figure: WMP_Lib/Sm145/22-64_MT27.png
Saved figure: WMP_Lib/Sm145/22-64_MT102.png
Saved figure: WMP_Lib/Sm145/22-64_MT103.png
Saved figure: WMP_Lib/Sm145/22-64_MT107.png
Vector fitting piece 5/14...
  energy: 4.435e+01 to 9.883e+01 eV (1814 points)
  error tolerance: rtol=0.001, atol=1e-05
Found 6 peaks
Fitting orders from 12 to 200
Order=12(0/95)
Order=14(1/95)
Order=16(2/95)
Order=18(3/95)
Order=20(4/95)
Order=22(5/95)
Order=24(6/95)
Order=26(7/95)
Order=28(8/95)
Order=30(9/95)
Order=32(10/95)
Order=34(11/95)
Order=36(12/95)
Order=38(13/95)
Order=40(14/95)
Order=42(15/95)
Order=44(16/95)
Order=46(17/95)
Order=48(18/95)
Order=50(19/95)
Order=52(20/95)
Order=54(21/95)
Order=56(22/95)
Order=58(23/95)
Order=60(24/95)
Found 4 real poles and 10 conjugate complex pairs.
Final number of poles: 14
Saved figure: WMP_Lib/Sm145/44-99_MT2.png
Saved figure: WMP_Lib/Sm145/44-99_MT27.png
Saved figure: WMP_Lib/Sm145/44-99_MT102.png
Saved figure: WMP_Lib/Sm145/44-99_MT103.png
Saved figure: WMP_Lib/Sm145/44-99_MT107.png
Vector fitting piece 6/14...
  energy: 7.406e+01 to 1.412e+02 eV (2045 points)
  error tolerance: rtol=0.001, atol=1e-05
Found 6 peaks
Fitting orders from 12 to 200
Order=12(0/95)
Order=14(1/95)
Order=16(2/95)
Order=18(3/95)
Order=20(4/95)
Order=22(5/95)
Order=24(6/95)
Order=26(7/95)
Found ideal results. Stop!
Found 4 real poles and 11 conjugate complex pairs.
Final number of poles: 15
Saved figure: WMP_Lib/Sm145/74-141_MT2.png
Saved figure: WMP_Lib/Sm145/74-141_MT27.png
Saved figure: WMP_Lib/Sm145/74-141_MT102.png
Saved figure: WMP_Lib/Sm145/74-141_MT103.png
Saved figure: WMP_Lib/Sm145/74-141_MT107.png
Vector fitting piece 7/14...
  energy: 1.116e+02 to 1.915e+02 eV (3267 points)
  error tolerance: rtol=0.001, atol=1e-05
Found 10 peaks
Fitting orders from 20 to 200
Order=20(0/91)
Order=22(1/91)
Order=24(2/91)
Order=26(3/91)
Order=28(4/91)
Order=30(5/91)
Order=32(6/91)
Order=34(7/91)
Found ideal results. Stop!
Found 4 real poles and 15 conjugate complex pairs.
Final number of poles: 19
Saved figure: WMP_Lib/Sm145/112-192_MT2.png
Saved figure: WMP_Lib/Sm145/112-192_MT27.png
Saved figure: WMP_Lib/Sm145/112-192_MT102.png
Saved figure: WMP_Lib/Sm145/112-192_MT103.png
Saved figure: WMP_Lib/Sm145/112-192_MT107.png
Vector fitting piece 8/14...
  energy: 1.567e+02 to 2.492e+02 eV (4166 points)
  error tolerance: rtol=0.001, atol=1e-05
Found 15 peaks
Fitting orders from 30 to 200
Order=30(0/86)
Order=32(1/86)
Order=34(2/86)
Order=36(3/86)
Order=38(4/86)
Order=40(5/86)
Order=42(6/86)
Order=44(7/86)
Order=46(8/86)
Order=48(9/86)
Order=50(10/86)
Order=52(11/86)
Order=54(12/86)
Order=56(13/86)
Order=58(14/86)
Order=60(15/86)
Found 4 real poles and 18 conjugate complex pairs.
Final number of poles: 22
Saved figure: WMP_Lib/Sm145/157-249_MT2.png
Saved figure: WMP_Lib/Sm145/157-249_MT27.png
Saved figure: WMP_Lib/Sm145/157-249_MT102.png
Saved figure: WMP_Lib/Sm145/157-249_MT103.png
Saved figure: WMP_Lib/Sm145/157-249_MT107.png
Vector fitting piece 9/14...
  energy: 2.093e+02 to 3.146e+02 eV (3914 points)
  error tolerance: rtol=0.001, atol=1e-05
Found 15 peaks
Fitting orders from 30 to 200
Order=30(0/86)
Order=32(1/86)
Order=34(2/86)
Order=36(3/86)
Order=38(4/86)
Order=40(5/86)
Order=42(6/86)
Order=44(7/86)
Order=46(8/86)
Order=48(9/86)
Order=50(10/86)
Order=52(11/86)
Order=54(12/86)
Order=56(13/86)
Order=58(14/86)
Order=60(15/86)
Found 6 real poles and 18 conjugate complex pairs.
Final number of poles: 24
Saved figure: WMP_Lib/Sm145/209-315_MT2.png
Saved figure: WMP_Lib/Sm145/209-315_MT27.png
Saved figure: WMP_Lib/Sm145/209-315_MT102.png
Saved figure: WMP_Lib/Sm145/209-315_MT103.png
Saved figure: WMP_Lib/Sm145/209-315_MT107.png
Vector fitting piece 10/14...
  energy: 2.696e+02 to 3.877e+02 eV (3810 points)
  error tolerance: rtol=0.001, atol=1e-05
Found 17 peaks
Fitting orders from 34 to 200
Order=34(0/84)
Order=36(1/84)
Order=38(2/84)
Order=40(3/84)
Order=42(4/84)
Order=44(5/84)
Order=46(6/84)
Order=48(7/84)
Order=50(8/84)
Order=52(9/84)
Order=54(10/84)
Order=56(11/84)
Order=58(12/84)
Order=60(13/84)
Found 3 real poles and 21 conjugate complex pairs.
Final number of poles: 24
Saved figure: WMP_Lib/Sm145/270-388_MT2.png
Saved figure: WMP_Lib/Sm145/270-388_MT27.png
Saved figure: WMP_Lib/Sm145/270-388_MT102.png
Saved figure: WMP_Lib/Sm145/270-388_MT103.png
Saved figure: WMP_Lib/Sm145/270-388_MT107.png
Vector fitting piece 11/14...
  energy: 3.375e+02 to 4.683e+02 eV (4996 points)
  error tolerance: rtol=0.001, atol=1e-05
Found 23 peaks
Fitting orders from 46 to 200
Order=46(0/78)
Order=48(1/78)
Order=50(2/78)
Order=52(3/78)
Order=54(4/78)
Order=56(5/78)
Order=58(6/78)
Order=60(7/78)
Order=62(8/78)
Order=64(9/78)
Found 5 real poles and 25 conjugate complex pairs.
Final number of poles: 30
Saved figure: WMP_Lib/Sm145/338-468_MT2.png
Saved figure: WMP_Lib/Sm145/338-468_MT27.png
Saved figure: WMP_Lib/Sm145/338-468_MT102.png
Saved figure: WMP_Lib/Sm145/338-468_MT103.png
Saved figure: WMP_Lib/Sm145/338-468_MT107.png
Vector fitting piece 12/14...
  energy: 4.130e+02 to 5.565e+02 eV (4747 points)
  error tolerance: rtol=0.001, atol=1e-05
Found 22 peaks
Fitting orders from 44 to 200
Order=44(0/79)
Order=46(1/79)
Order=48(2/79)
Order=50(3/79)
Order=52(4/79)
Order=54(5/79)
Order=56(6/79)
Order=58(7/79)
Order=60(8/79)
Order=62(9/79)
Order=64(10/79)
Order=66(11/79)
Order=68(12/79)
Found 6 real poles and 26 conjugate complex pairs.
Final number of poles: 32
Saved figure: WMP_Lib/Sm145/413-557_MT2.png
Saved figure: WMP_Lib/Sm145/413-557_MT27.png
Saved figure: WMP_Lib/Sm145/413-557_MT102.png
Saved figure: WMP_Lib/Sm145/413-557_MT103.png
Saved figure: WMP_Lib/Sm145/413-557_MT107.png
Vector fitting piece 13/14...
  energy: 4.962e+02 to 6.527e+02 eV (5208 points)
  error tolerance: rtol=0.001, atol=1e-05
Found 25 peaks
Fitting orders from 50 to 200
Order=50(0/76)
Order=52(1/76)
Order=54(2/76)
Order=56(3/76)
Order=58(4/76)
Order=60(5/76)
Order=62(6/76)
Order=64(7/76)
Order=66(8/76)
Order=68(9/76)
Order=70(10/76)
Order=72(11/76)
Order=74(12/76)
Order=76(13/76)
Found 4 real poles and 31 conjugate complex pairs.
Final number of poles: 35
Saved figure: WMP_Lib/Sm145/496-653_MT2.png
Saved figure: WMP_Lib/Sm145/496-653_MT27.png
Saved figure: WMP_Lib/Sm145/496-653_MT102.png
Saved figure: WMP_Lib/Sm145/496-653_MT103.png
Saved figure: WMP_Lib/Sm145/496-653_MT107.png
Vector fitting piece 14/14...
  energy: 5.868e+02 to 7.465e+02 eV (6267 points)
  error tolerance: rtol=0.001, atol=1e-05
Found 33 peaks
Fitting orders from 66 to 200
Order=66(0/68)
Order=68(1/68)
Order=70(2/68)
Order=72(3/68)
Order=74(4/68)
Order=76(5/68)
Order=78(6/68)
Order=80(7/68)
Order=82(8/68)
Order=84(9/68)
Order=86(10/68)
Order=88(11/68)
Order=90(12/68)
Order=92(13/68)
Order=94(14/68)
Found 2 real poles and 41 conjugate complex pairs.
Final number of poles: 43
Saved figure: WMP_Lib/Sm145/587-747_MT2.png
Saved figure: WMP_Lib/Sm145/587-747_MT27.png
Saved figure: WMP_Lib/Sm145/587-747_MT102.png
Saved figure: WMP_Lib/Sm145/587-747_MT103.png
Saved figure: WMP_Lib/Sm145/587-747_MT107.png
Dumped multipole data to file: WMP_Lib/Sm145/Sm145_mp.pickle
Start searching ...
Testing N_win=18 N_cf=10
Windowing:
  config: # windows=18, spacing=1.5177669029082763, CF order=10
  error tolerance: rtol=0.001, atol=1e-05
Failed: Pure curvefit failed for the first window!
Testing N_win=122 N_cf=10
Windowing:
  config: # windows=122, spacing=0.22393282174056536, CF order=10
  error tolerance: rtol=0.001, atol=1e-05
Best library so far.
Testing N_win=122 N_cf=9
Windowing:
  config: # windows=122, spacing=0.22393282174056536, CF order=9
  error tolerance: rtol=0.001, atol=1e-05
Best library so far.
Testing N_win=122 N_cf=8
Windowing:
  config: # windows=122, spacing=0.22393282174056536, CF order=8
  error tolerance: rtol=0.001, atol=1e-05
Best library so far.
Testing N_win=122 N_cf=7
Windowing:
  config: # windows=122, spacing=0.22393282174056536, CF order=7
  error tolerance: rtol=0.001, atol=1e-05
Best library so far.
Testing N_win=122 N_cf=6
Windowing:
  config: # windows=122, spacing=0.22393282174056536, CF order=6
  error tolerance: rtol=0.001, atol=1e-05
Best library so far.
Testing N_win=122 N_cf=5
Windowing:
  config: # windows=122, spacing=0.22393282174056536, CF order=5
  error tolerance: rtol=0.001, atol=1e-05
Testing N_win=122 N_cf=4
Windowing:
  config: # windows=122, spacing=0.22393282174056536, CF order=4
  error tolerance: rtol=0.001, atol=1e-05
Testing N_win=122 N_cf=3
Windowing:
  config: # windows=122, spacing=0.22393282174056536, CF order=3
  error tolerance: rtol=0.001, atol=1e-05
Failed: Pure curvefit failed for the first window!
Testing N_win=226 N_cf=10
Windowing:
  config: # windows=226, spacing=0.1208840896121636, CF order=10
  error tolerance: rtol=0.001, atol=1e-05
Best library so far.
Testing N_win=226 N_cf=9
Windowing:
  config: # windows=226, spacing=0.1208840896121636, CF order=9
  error tolerance: rtol=0.001, atol=1e-05
Best library so far.
Testing N_win=226 N_cf=8
Windowing:
  config: # windows=226, spacing=0.1208840896121636, CF order=8
  error tolerance: rtol=0.001, atol=1e-05
Best library so far.
Testing N_win=226 N_cf=7
Windowing:
  config: # windows=226, spacing=0.1208840896121636, CF order=7
  error tolerance: rtol=0.001, atol=1e-05
Best library so far.
Testing N_win=226 N_cf=6
Windowing:
  config: # windows=226, spacing=0.1208840896121636, CF order=6
  error tolerance: rtol=0.001, atol=1e-05
Best library so far.
Testing N_win=226 N_cf=5
Windowing:
  config: # windows=226, spacing=0.1208840896121636, CF order=5
  error tolerance: rtol=0.001, atol=1e-05
Testing N_win=226 N_cf=4
Windowing:
  config: # windows=226, spacing=0.1208840896121636, CF order=4
  error tolerance: rtol=0.001, atol=1e-05
Testing N_win=226 N_cf=3
Windowing:
  config: # windows=226, spacing=0.1208840896121636, CF order=3
  error tolerance: rtol=0.001, atol=1e-05
Failed: Pure curvefit failed for the first window!
Testing N_win=330 N_cf=10
Windowing:
  config: # windows=330, spacing=0.0827872856131787, CF order=10
  error tolerance: rtol=0.001, atol=1e-05
Testing N_win=330 N_cf=9
Windowing:
  config: # windows=330, spacing=0.0827872856131787, CF order=9
  error tolerance: rtol=0.001, atol=1e-05
Best library so far.
Testing N_win=330 N_cf=8
Windowing:
  config: # windows=330, spacing=0.0827872856131787, CF order=8
  error tolerance: rtol=0.001, atol=1e-05
Best library so far.
Testing N_win=330 N_cf=7
Windowing:
  config: # windows=330, spacing=0.0827872856131787, CF order=7
  error tolerance: rtol=0.001, atol=1e-05
Best library so far.
Testing N_win=330 N_cf=6
Windowing:
  config: # windows=330, spacing=0.0827872856131787, CF order=6
  error tolerance: rtol=0.001, atol=1e-05
Best library so far.
Testing N_win=330 N_cf=5
Windowing:
  config: # windows=330, spacing=0.0827872856131787, CF order=5
  error tolerance: rtol=0.001, atol=1e-05
Best library so far.
Testing N_win=330 N_cf=4
Windowing:
  config: # windows=330, spacing=0.0827872856131787, CF order=4
  error tolerance: rtol=0.001, atol=1e-05
Testing N_win=330 N_cf=3
Windowing:
  config: # windows=330, spacing=0.0827872856131787, CF order=3
  error tolerance: rtol=0.001, atol=1e-05
Failed: Pure curvefit failed for the first window!
Testing N_win=435 N_cf=10
Windowing:
  config: # windows=435, spacing=0.06280414770654937, CF order=10
  error tolerance: rtol=0.001, atol=1e-05
Testing N_win=435 N_cf=9
Windowing:
  config: # windows=435, spacing=0.06280414770654937, CF order=9
  error tolerance: rtol=0.001, atol=1e-05
Testing N_win=435 N_cf=8
Windowing:
  config: # windows=435, spacing=0.06280414770654937, CF order=8
  error tolerance: rtol=0.001, atol=1e-05
Testing N_win=435 N_cf=7
Windowing:
  config: # windows=435, spacing=0.06280414770654937, CF order=7
  error tolerance: rtol=0.001, atol=1e-05
Testing N_win=435 N_cf=6
Windowing:
  config: # windows=435, spacing=0.06280414770654937, CF order=6
  error tolerance: rtol=0.001, atol=1e-05
Testing N_win=435 N_cf=5
Windowing:
  config: # windows=435, spacing=0.06280414770654937, CF order=5
  error tolerance: rtol=0.001, atol=1e-05
Best library so far.
Testing N_win=435 N_cf=4
Windowing:
  config: # windows=435, spacing=0.06280414770654937, CF order=4
  error tolerance: rtol=0.001, atol=1e-05
Testing N_win=435 N_cf=3
Windowing:
  config: # windows=435, spacing=0.06280414770654937, CF order=3
  error tolerance: rtol=0.001, atol=1e-05
Failed: Pure curvefit failed for the first window!
Testing N_win=539 N_cf=10
Windowing:
  config: # windows=539, spacing=0.05068609323255839, CF order=10
  error tolerance: rtol=0.001, atol=1e-05
Testing N_win=539 N_cf=9
Windowing:
  config: # windows=539, spacing=0.05068609323255839, CF order=9
  error tolerance: rtol=0.001, atol=1e-05
Testing N_win=539 N_cf=8
Windowing:
  config: # windows=539, spacing=0.05068609323255839, CF order=8
  error tolerance: rtol=0.001, atol=1e-05
Testing N_win=539 N_cf=7
Windowing:
  config: # windows=539, spacing=0.05068609323255839, CF order=7
  error tolerance: rtol=0.001, atol=1e-05
Testing N_win=539 N_cf=6
Windowing:
  config: # windows=539, spacing=0.05068609323255839, CF order=6
  error tolerance: rtol=0.001, atol=1e-05
Best library so far.
Testing N_win=539 N_cf=5
Windowing:
  config: # windows=539, spacing=0.05068609323255839, CF order=5
  error tolerance: rtol=0.001, atol=1e-05
Best library so far.
Testing N_win=539 N_cf=4
Windowing:
  config: # windows=539, spacing=0.05068609323255839, CF order=4
  error tolerance: rtol=0.001, atol=1e-05
Testing N_win=539 N_cf=3
Windowing:
  config: # windows=539, spacing=0.05068609323255839, CF order=3
  error tolerance: rtol=0.001, atol=1e-05
Failed: Pure curvefit failed for the first window!
Testing N_win=643 N_cf=10
Windowing:
  config: # windows=643, spacing=0.0424880314966547, CF order=10
  error tolerance: rtol=0.001, atol=1e-05
Testing N_win=643 N_cf=9
Windowing:
  config: # windows=643, spacing=0.0424880314966547, CF order=9
  error tolerance: rtol=0.001, atol=1e-05
Testing N_win=643 N_cf=8
Windowing:
  config: # windows=643, spacing=0.0424880314966547, CF order=8
  error tolerance: rtol=0.001, atol=1e-05
Testing N_win=643 N_cf=7
Windowing:
  config: # windows=643, spacing=0.0424880314966547, CF order=7
  error tolerance: rtol=0.001, atol=1e-05
Testing N_win=643 N_cf=6
Windowing:
  config: # windows=643, spacing=0.0424880314966547, CF order=6
  error tolerance: rtol=0.001, atol=1e-05
Best library so far.
Testing N_win=643 N_cf=5
Windowing:
  config: # windows=643, spacing=0.0424880314966547, CF order=5
  error tolerance: rtol=0.001, atol=1e-05
Best library so far.
Testing N_win=643 N_cf=4
Windowing:
  config: # windows=643, spacing=0.0424880314966547, CF order=4
  error tolerance: rtol=0.001, atol=1e-05
Testing N_win=643 N_cf=3
Windowing:
  config: # windows=643, spacing=0.0424880314966547, CF order=3
  error tolerance: rtol=0.001, atol=1e-05
Failed: Pure curvefit failed for the first window!
Testing N_win=748 N_cf=10
Windowing:
  config: # windows=748, spacing=0.03652380247640237, CF order=10
  error tolerance: rtol=0.001, atol=1e-05
Testing N_win=748 N_cf=9
Windowing:
  config: # windows=748, spacing=0.03652380247640237, CF order=9
  error tolerance: rtol=0.001, atol=1e-05
Testing N_win=748 N_cf=8
Windowing:
  config: # windows=748, spacing=0.03652380247640237, CF order=8
  error tolerance: rtol=0.001, atol=1e-05
Testing N_win=748 N_cf=7
Windowing:
  config: # windows=748, spacing=0.03652380247640237, CF order=7
  error tolerance: rtol=0.001, atol=1e-05
Testing N_win=748 N_cf=6
Windowing:
  config: # windows=748, spacing=0.03652380247640237, CF order=6
  error tolerance: rtol=0.001, atol=1e-05
Testing N_win=748 N_cf=5
Windowing:
  config: # windows=748, spacing=0.03652380247640237, CF order=5
  error tolerance: rtol=0.001, atol=1e-05
Testing N_win=748 N_cf=4
Windowing:
  config: # windows=748, spacing=0.03652380247640237, CF order=4
  error tolerance: rtol=0.001, atol=1e-05
Testing N_win=748 N_cf=3
Windowing:
  config: # windows=748, spacing=0.03652380247640237, CF order=3
  error tolerance: rtol=0.001, atol=1e-05
Failed: Pure curvefit failed for the first window!
Testing N_win=852 N_cf=10
Windowing:
  config: # windows=852, spacing=0.0320654979487664, CF order=10
  error tolerance: rtol=0.001, atol=1e-05
Testing N_win=852 N_cf=9
Windowing:
  config: # windows=852, spacing=0.0320654979487664, CF order=9
  error tolerance: rtol=0.001, atol=1e-05
Testing N_win=852 N_cf=8
Windowing:
  config: # windows=852, spacing=0.0320654979487664, CF order=8
  error tolerance: rtol=0.001, atol=1e-05
Testing N_win=852 N_cf=7
Windowing:
  config: # windows=852, spacing=0.0320654979487664, CF order=7
  error tolerance: rtol=0.001, atol=1e-05
Testing N_win=852 N_cf=6
Windowing:
  config: # windows=852, spacing=0.0320654979487664, CF order=6
  error tolerance: rtol=0.001, atol=1e-05
Testing N_win=852 N_cf=5
Windowing:
  config: # windows=852, spacing=0.0320654979487664, CF order=5
  error tolerance: rtol=0.001, atol=1e-05
Testing N_win=852 N_cf=4
Windowing:
  config: # windows=852, spacing=0.0320654979487664, CF order=4
  error tolerance: rtol=0.001, atol=1e-05
Testing N_win=852 N_cf=3
Windowing:
  config: # windows=852, spacing=0.0320654979487664, CF order=3
  error tolerance: rtol=0.001, atol=1e-05
Testing N_win=852 N_cf=2
Windowing:
  config: # windows=852, spacing=0.0320654979487664, CF order=2
  error tolerance: rtol=0.001, atol=1e-05
Failed: Pure curvefit failed for the first window!
Testing N_win=956 N_cf=10
Windowing:
  config: # windows=956, spacing=0.028577201100783444, CF order=10
  error tolerance: rtol=0.001, atol=1e-05
Testing N_win=956 N_cf=9
Windowing:
  config: # windows=956, spacing=0.028577201100783444, CF order=9
  error tolerance: rtol=0.001, atol=1e-05
Testing N_win=956 N_cf=8
Windowing:
  config: # windows=956, spacing=0.028577201100783444, CF order=8
  error tolerance: rtol=0.001, atol=1e-05
Testing N_win=956 N_cf=7
Windowing:
  config: # windows=956, spacing=0.028577201100783444, CF order=7
  error tolerance: rtol=0.001, atol=1e-05
Testing N_win=956 N_cf=6
Windowing:
  config: # windows=956, spacing=0.028577201100783444, CF order=6
  error tolerance: rtol=0.001, atol=1e-05
Testing N_win=956 N_cf=5
Windowing:
  config: # windows=956, spacing=0.028577201100783444, CF order=5
  error tolerance: rtol=0.001, atol=1e-05
Testing N_win=956 N_cf=4
Windowing:
  config: # windows=956, spacing=0.028577201100783444, CF order=4
  error tolerance: rtol=0.001, atol=1e-05
Testing N_win=956 N_cf=3
Windowing:
  config: # windows=956, spacing=0.028577201100783444, CF order=3
  error tolerance: rtol=0.001, atol=1e-05
Testing N_win=956 N_cf=2
Windowing:
  config: # windows=956, spacing=0.028577201100783444, CF order=2
  error tolerance: rtol=0.001, atol=1e-05
Failed: Pure curvefit failed for the first window!
Testing N_win=1061 N_cf=10
Windowing:
  config: # windows=1061, spacing=0.025749108626153604, CF order=10
  error tolerance: rtol=0.001, atol=1e-05
Testing N_win=1061 N_cf=9
Windowing:
  config: # windows=1061, spacing=0.025749108626153604, CF order=9
  error tolerance: rtol=0.001, atol=1e-05
Testing N_win=1061 N_cf=8
Windowing:
  config: # windows=1061, spacing=0.025749108626153604, CF order=8
  error tolerance: rtol=0.001, atol=1e-05
Testing N_win=1061 N_cf=7
Windowing:
  config: # windows=1061, spacing=0.025749108626153604, CF order=7
  error tolerance: rtol=0.001, atol=1e-05
Testing N_win=1061 N_cf=6
Windowing:
  config: # windows=1061, spacing=0.025749108626153604, CF order=6
  error tolerance: rtol=0.001, atol=1e-05
Testing N_win=1061 N_cf=5
Windowing:
  config: # windows=1061, spacing=0.025749108626153604, CF order=5
  error tolerance: rtol=0.001, atol=1e-05
Testing N_win=1061 N_cf=4
Windowing:
  config: # windows=1061, spacing=0.025749108626153604, CF order=4
  error tolerance: rtol=0.001, atol=1e-05
Testing N_win=1061 N_cf=3
Windowing:
  config: # windows=1061, spacing=0.025749108626153604, CF order=3
  error tolerance: rtol=0.001, atol=1e-05
Testing N_win=1061 N_cf=2
Windowing:
  config: # windows=1061, spacing=0.025749108626153604, CF order=2
  error tolerance: rtol=0.001, atol=1e-05
Failed: Pure curvefit failed for the first window!
Testing N_win=1165 N_cf=10
Windowing:
  config: # windows=1165, spacing=0.02345047575308925, CF order=10
  error tolerance: rtol=0.001, atol=1e-05
Testing N_win=1165 N_cf=9
Windowing:
  config: # windows=1165, spacing=0.02345047575308925, CF order=9
  error tolerance: rtol=0.001, atol=1e-05
Testing N_win=1165 N_cf=8
Windowing:
  config: # windows=1165, spacing=0.02345047575308925, CF order=8
  error tolerance: rtol=0.001, atol=1e-05
Testing N_win=1165 N_cf=7
Windowing:
  config: # windows=1165, spacing=0.02345047575308925, CF order=7
  error tolerance: rtol=0.001, atol=1e-05
Testing N_win=1165 N_cf=6
Windowing:
  config: # windows=1165, spacing=0.02345047575308925, CF order=6
  error tolerance: rtol=0.001, atol=1e-05
Testing N_win=1165 N_cf=5
Windowing:
  config: # windows=1165, spacing=0.02345047575308925, CF order=5
  error tolerance: rtol=0.001, atol=1e-05
Testing N_win=1165 N_cf=4
Windowing:
  config: # windows=1165, spacing=0.02345047575308925, CF order=4
  error tolerance: rtol=0.001, atol=1e-05
Testing N_win=1165 N_cf=3
Windowing:
  config: # windows=1165, spacing=0.02345047575308925, CF order=3
  error tolerance: rtol=0.001, atol=1e-05
Testing N_win=1165 N_cf=2
Windowing:
  config: # windows=1165, spacing=0.02345047575308925, CF order=2
  error tolerance: rtol=0.001, atol=1e-05
Failed: Pure curvefit failed for the first window!
Testing N_win=1269 N_cf=10
Windowing:
  config: # windows=1269, spacing=0.021528608551890444, CF order=10
  error tolerance: rtol=0.001, atol=1e-05
Testing N_win=1269 N_cf=9
Windowing:
  config: # windows=1269, spacing=0.021528608551890444, CF order=9
  error tolerance: rtol=0.001, atol=1e-05
Testing N_win=1269 N_cf=8
Windowing:
  config: # windows=1269, spacing=0.021528608551890444, CF order=8
  error tolerance: rtol=0.001, atol=1e-05
Testing N_win=1269 N_cf=7
Windowing:
  config: # windows=1269, spacing=0.021528608551890444, CF order=7
  error tolerance: rtol=0.001, atol=1e-05
Testing N_win=1269 N_cf=6
Windowing:
  config: # windows=1269, spacing=0.021528608551890444, CF order=6
  error tolerance: rtol=0.001, atol=1e-05
Testing N_win=1269 N_cf=5
Windowing:
  config: # windows=1269, spacing=0.021528608551890444, CF order=5
  error tolerance: rtol=0.001, atol=1e-05
Testing N_win=1269 N_cf=4
Windowing:
  config: # windows=1269, spacing=0.021528608551890444, CF order=4
  error tolerance: rtol=0.001, atol=1e-05
Testing N_win=1269 N_cf=3
Windowing:
  config: # windows=1269, spacing=0.021528608551890444, CF order=3
  error tolerance: rtol=0.001, atol=1e-05
Testing N_win=1269 N_cf=2
Windowing:
  config: # windows=1269, spacing=0.021528608551890444, CF order=2
  error tolerance: rtol=0.001, atol=1e-05
Failed: Pure curvefit failed for the first window!
Testing N_win=1374 N_cf=10
Windowing:
  config: # windows=1374, spacing=0.019883409208405367, CF order=10
  error tolerance: rtol=0.001, atol=1e-05
Testing N_win=1374 N_cf=9
Windowing:
  config: # windows=1374, spacing=0.019883409208405367, CF order=9
  error tolerance: rtol=0.001, atol=1e-05
Testing N_win=1374 N_cf=8
Windowing:
  config: # windows=1374, spacing=0.019883409208405367, CF order=8
  error tolerance: rtol=0.001, atol=1e-05
Testing N_win=1374 N_cf=7
Windowing:
  config: # windows=1374, spacing=0.019883409208405367, CF order=7
  error tolerance: rtol=0.001, atol=1e-05
Testing N_win=1374 N_cf=6
Windowing:
  config: # windows=1374, spacing=0.019883409208405367, CF order=6
  error tolerance: rtol=0.001, atol=1e-05
Testing N_win=1374 N_cf=5
Windowing:
  config: # windows=1374, spacing=0.019883409208405367, CF order=5
  error tolerance: rtol=0.001, atol=1e-05
Testing N_win=1374 N_cf=4
Windowing:
  config: # windows=1374, spacing=0.019883409208405367, CF order=4
  error tolerance: rtol=0.001, atol=1e-05
Testing N_win=1374 N_cf=3
Windowing:
  config: # windows=1374, spacing=0.019883409208405367, CF order=3
  error tolerance: rtol=0.001, atol=1e-05
Testing N_win=1374 N_cf=2
Windowing:
  config: # windows=1374, spacing=0.019883409208405367, CF order=2
  error tolerance: rtol=0.001, atol=1e-05
Failed: Pure curvefit failed for the first window!
Testing N_win=1478 N_cf=10
Windowing:
  config: # windows=1478, spacing=0.01848430598941067, CF order=10
  error tolerance: rtol=0.001, atol=1e-05
Testing N_win=1478 N_cf=9
Windowing:
  config: # windows=1478, spacing=0.01848430598941067, CF order=9
  error tolerance: rtol=0.001, atol=1e-05
Testing N_win=1478 N_cf=8
Windowing:
  config: # windows=1478, spacing=0.01848430598941067, CF order=8
  error tolerance: rtol=0.001, atol=1e-05
Testing N_win=1478 N_cf=7
Windowing:
  config: # windows=1478, spacing=0.01848430598941067, CF order=7
  error tolerance: rtol=0.001, atol=1e-05
Testing N_win=1478 N_cf=6
Windowing:
  config: # windows=1478, spacing=0.01848430598941067, CF order=6
  error tolerance: rtol=0.001, atol=1e-05
Testing N_win=1478 N_cf=5
Windowing:
  config: # windows=1478, spacing=0.01848430598941067, CF order=5
  error tolerance: rtol=0.001, atol=1e-05
Testing N_win=1478 N_cf=4
Windowing:
  config: # windows=1478, spacing=0.01848430598941067, CF order=4
  error tolerance: rtol=0.001, atol=1e-05
Testing N_win=1478 N_cf=3
Windowing:
  config: # windows=1478, spacing=0.01848430598941067, CF order=3
  error tolerance: rtol=0.001, atol=1e-05
Testing N_win=1478 N_cf=2
Windowing:
  config: # windows=1478, spacing=0.01848430598941067, CF order=2
  error tolerance: rtol=0.001, atol=1e-05
Failed: Pure curvefit failed for the first window!
Testing N_win=1582 N_cf=10
Windowing:
  config: # windows=1582, spacing=0.017269155658880514, CF order=10
  error tolerance: rtol=0.001, atol=1e-05
Testing N_win=1582 N_cf=9
Windowing:
  config: # windows=1582, spacing=0.017269155658880514, CF order=9
  error tolerance: rtol=0.001, atol=1e-05
Testing N_win=1582 N_cf=8
Windowing:
  config: # windows=1582, spacing=0.017269155658880514, CF order=8
  error tolerance: rtol=0.001, atol=1e-05
Testing N_win=1582 N_cf=7
Windowing:
  config: # windows=1582, spacing=0.017269155658880514, CF order=7
  error tolerance: rtol=0.001, atol=1e-05
Testing N_win=1582 N_cf=6
Windowing:
  config: # windows=1582, spacing=0.017269155658880514, CF order=6
  error tolerance: rtol=0.001, atol=1e-05
Testing N_win=1582 N_cf=5
Windowing:
  config: # windows=1582, spacing=0.017269155658880514, CF order=5
  error tolerance: rtol=0.001, atol=1e-05
Testing N_win=1582 N_cf=4
Windowing:
  config: # windows=1582, spacing=0.017269155658880514, CF order=4
  error tolerance: rtol=0.001, atol=1e-05
Testing N_win=1582 N_cf=3
Windowing:
  config: # windows=1582, spacing=0.017269155658880514, CF order=3
  error tolerance: rtol=0.001, atol=1e-05
Testing N_win=1582 N_cf=2
Windowing:
  config: # windows=1582, spacing=0.017269155658880514, CF order=2
  error tolerance: rtol=0.001, atol=1e-05
Failed: Pure curvefit failed for the first window!
Testing N_win=1687 N_cf=10
Windowing:
  config: # windows=1687, spacing=0.016194311945672182, CF order=10
  error tolerance: rtol=0.001, atol=1e-05
Testing N_win=1687 N_cf=9
Windowing:
  config: # windows=1687, spacing=0.016194311945672182, CF order=9
  error tolerance: rtol=0.001, atol=1e-05
Testing N_win=1687 N_cf=8
Windowing:
  config: # windows=1687, spacing=0.016194311945672182, CF order=8
  error tolerance: rtol=0.001, atol=1e-05
Testing N_win=1687 N_cf=7
Windowing:
  config: # windows=1687, spacing=0.016194311945672182, CF order=7
  error tolerance: rtol=0.001, atol=1e-05
Testing N_win=1687 N_cf=6
Windowing:
  config: # windows=1687, spacing=0.016194311945672182, CF order=6
  error tolerance: rtol=0.001, atol=1e-05
Testing N_win=1687 N_cf=5
Windowing:
  config: # windows=1687, spacing=0.016194311945672182, CF order=5
  error tolerance: rtol=0.001, atol=1e-05
Testing N_win=1687 N_cf=4
Windowing:
  config: # windows=1687, spacing=0.016194311945672182, CF order=4
  error tolerance: rtol=0.001, atol=1e-05
Testing N_win=1687 N_cf=3
Windowing:
  config: # windows=1687, spacing=0.016194311945672182, CF order=3
  error tolerance: rtol=0.001, atol=1e-05
Testing N_win=1687 N_cf=2
Windowing:
  config: # windows=1687, spacing=0.016194311945672182, CF order=2
  error tolerance: rtol=0.001, atol=1e-05
Failed: Pure curvefit failed for the first window!
Testing N_win=1791 N_cf=10
Windowing:
  config: # windows=1791, spacing=0.015253938722696245, CF order=10
  error tolerance: rtol=0.001, atol=1e-05
Testing N_win=1791 N_cf=9
Windowing:
  config: # windows=1791, spacing=0.015253938722696245, CF order=9
  error tolerance: rtol=0.001, atol=1e-05
Testing N_win=1791 N_cf=8
Windowing:
  config: # windows=1791, spacing=0.015253938722696245, CF order=8
  error tolerance: rtol=0.001, atol=1e-05
Testing N_win=1791 N_cf=7
Windowing:
  config: # windows=1791, spacing=0.015253938722696245, CF order=7
  error tolerance: rtol=0.001, atol=1e-05
Testing N_win=1791 N_cf=6
Windowing:
  config: # windows=1791, spacing=0.015253938722696245, CF order=6
  error tolerance: rtol=0.001, atol=1e-05
Testing N_win=1791 N_cf=5
Windowing:
  config: # windows=1791, spacing=0.015253938722696245, CF order=5
  error tolerance: rtol=0.001, atol=1e-05
Testing N_win=1791 N_cf=4
Windowing:
  config: # windows=1791, spacing=0.015253938722696245, CF order=4
  error tolerance: rtol=0.001, atol=1e-05
Testing N_win=1791 N_cf=3
Windowing:
  config: # windows=1791, spacing=0.015253938722696245, CF order=3
  error tolerance: rtol=0.001, atol=1e-05
Testing N_win=1791 N_cf=2
Windowing:
  config: # windows=1791, spacing=0.015253938722696245, CF order=2
  error tolerance: rtol=0.001, atol=1e-05
Failed: Pure curvefit failed for the first window!
Testing N_win=1895 N_cf=10
Windowing:
  config: # windows=1895, spacing=0.014416783246622149, CF order=10
  error tolerance: rtol=0.001, atol=1e-05
Testing N_win=1895 N_cf=9
Windowing:
  config: # windows=1895, spacing=0.014416783246622149, CF order=9
  error tolerance: rtol=0.001, atol=1e-05
Testing N_win=1895 N_cf=8
Windowing:
  config: # windows=1895, spacing=0.014416783246622149, CF order=8
  error tolerance: rtol=0.001, atol=1e-05
Testing N_win=1895 N_cf=7
Windowing:
  config: # windows=1895, spacing=0.014416783246622149, CF order=7
  error tolerance: rtol=0.001, atol=1e-05
Testing N_win=1895 N_cf=6
Windowing:
  config: # windows=1895, spacing=0.014416783246622149, CF order=6
  error tolerance: rtol=0.001, atol=1e-05
Testing N_win=1895 N_cf=5
Windowing:
  config: # windows=1895, spacing=0.014416783246622149, CF order=5
  error tolerance: rtol=0.001, atol=1e-05
Testing N_win=1895 N_cf=4
Windowing:
  config: # windows=1895, spacing=0.014416783246622149, CF order=4
  error tolerance: rtol=0.001, atol=1e-05
Testing N_win=1895 N_cf=3
Windowing:
  config: # windows=1895, spacing=0.014416783246622149, CF order=3
  error tolerance: rtol=0.001, atol=1e-05
Testing N_win=1895 N_cf=2
Windowing:
  config: # windows=1895, spacing=0.014416783246622149, CF order=2
  error tolerance: rtol=0.001, atol=1e-05
Failed: Pure curvefit failed for the first window!
Testing N_win=2000 N_cf=10
Windowing:
  config: # windows=2000, spacing=0.013659902126174487, CF order=10
  error tolerance: rtol=0.001, atol=1e-05
Testing N_win=2000 N_cf=9
Windowing:
  config: # windows=2000, spacing=0.013659902126174487, CF order=9
  error tolerance: rtol=0.001, atol=1e-05
Testing N_win=2000 N_cf=8
Windowing:
  config: # windows=2000, spacing=0.013659902126174487, CF order=8
  error tolerance: rtol=0.001, atol=1e-05
Testing N_win=2000 N_cf=7
Windowing:
  config: # windows=2000, spacing=0.013659902126174487, CF order=7
  error tolerance: rtol=0.001, atol=1e-05
Testing N_win=2000 N_cf=6
Windowing:
  config: # windows=2000, spacing=0.013659902126174487, CF order=6
  error tolerance: rtol=0.001, atol=1e-05
Testing N_win=2000 N_cf=5
Windowing:
  config: # windows=2000, spacing=0.013659902126174487, CF order=5
  error tolerance: rtol=0.001, atol=1e-05
Testing N_win=2000 N_cf=4
Windowing:
  config: # windows=2000, spacing=0.013659902126174487, CF order=4
  error tolerance: rtol=0.001, atol=1e-05
Testing N_win=2000 N_cf=3
Windowing:
  config: # windows=2000, spacing=0.013659902126174487, CF order=3
  error tolerance: rtol=0.001, atol=1e-05
Testing N_win=2000 N_cf=2
Windowing:
  config: # windows=2000, spacing=0.013659902126174487, CF order=2
  error tolerance: rtol=0.001, atol=1e-05
Failed: Pure curvefit failed for the first window!
Final library: 256 poles, 643 windows, 5.9 poles per window, 5 CF order
