Running NJOY to get 0K point-wise data (error=0.0005)...
Parsing cross sections within resolved resonance range...
  MTs: [2, 27, 102, 103, 107]
  Energy range: 1.000e-05 to 8.000e+02 eV (8279 points)
Vector fitting piece 1/1...
  energy: 1.000e-05 to 8.000e+02 eV (8279 points)
  error tolerance: rtol=0.001, atol=1e-05
Found 10 peaks
Fitting orders from 20 to 200
Order=20(0/91)
Order=22(1/91)
Order=24(2/91)
Order=26(3/91)
Order=28(4/91)
Order=30(5/91)
Order=32(6/91)
Order=34(7/91)
Order=36(8/91)
Order=38(9/91)
Order=40(10/91)
Order=42(11/91)
Order=44(12/91)
Order=46(13/91)
Order=48(14/91)
Order=50(15/91)
Order=52(16/91)
Order=54(17/91)
Order=56(18/91)
Order=58(19/91)
Order=60(20/91)
Found 2 real poles and 14 conjugate complex pairs.
Final number of poles: 16
Saved figure: WMP_Lib/Os190/0-800_MT2.png
Saved figure: WMP_Lib/Os190/0-800_MT27.png
Saved figure: WMP_Lib/Os190/0-800_MT102.png
Saved figure: WMP_Lib/Os190/0-800_MT107.png
Dumped multipole data to file: WMP_Lib/Os190/Os190_mp.pickle
Start searching ...
Testing N_win=5 N_cf=10
Windowing:
  config: # windows=5, spacing=5.656221440406944, CF order=10
  error tolerance: rtol=0.001, atol=1e-05
Failed: Pure curvefit failed for the first window!
Testing N_win=110 N_cf=10
Windowing:
  config: # windows=110, spacing=0.25710097456395203, CF order=10
  error tolerance: rtol=0.001, atol=1e-05
Best library so far.
Testing N_win=110 N_cf=9
Windowing:
  config: # windows=110, spacing=0.25710097456395203, CF order=9
  error tolerance: rtol=0.001, atol=1e-05
Best library so far.
Testing N_win=110 N_cf=8
Windowing:
  config: # windows=110, spacing=0.25710097456395203, CF order=8
  error tolerance: rtol=0.001, atol=1e-05
Best library so far.
Testing N_win=110 N_cf=7
Windowing:
  config: # windows=110, spacing=0.25710097456395203, CF order=7
  error tolerance: rtol=0.001, atol=1e-05
Best library so far.
Testing N_win=110 N_cf=6
Windowing:
  config: # windows=110, spacing=0.25710097456395203, CF order=6
  error tolerance: rtol=0.001, atol=1e-05
Best library so far.
Testing N_win=110 N_cf=5
Windowing:
  config: # windows=110, spacing=0.25710097456395203, CF order=5
  error tolerance: rtol=0.001, atol=1e-05
Best library so far.
Testing N_win=110 N_cf=4
Windowing:
  config: # windows=110, spacing=0.25710097456395203, CF order=4
  error tolerance: rtol=0.001, atol=1e-05
Best library so far.
Testing N_win=110 N_cf=3
Windowing:
  config: # windows=110, spacing=0.25710097456395203, CF order=3
  error tolerance: rtol=0.001, atol=1e-05
Failed: Pure curvefit failed for the first window!
Testing N_win=215 N_cf=10
Windowing:
  config: # windows=215, spacing=0.1315400334978359, CF order=10
  error tolerance: rtol=0.001, atol=1e-05
Testing N_win=215 N_cf=9
Windowing:
  config: # windows=215, spacing=0.1315400334978359, CF order=9
  error tolerance: rtol=0.001, atol=1e-05
Testing N_win=215 N_cf=8
Windowing:
  config: # windows=215, spacing=0.1315400334978359, CF order=8
  error tolerance: rtol=0.001, atol=1e-05
Testing N_win=215 N_cf=7
Windowing:
  config: # windows=215, spacing=0.1315400334978359, CF order=7
  error tolerance: rtol=0.001, atol=1e-05
Testing N_win=215 N_cf=6
Windowing:
  config: # windows=215, spacing=0.1315400334978359, CF order=6
  error tolerance: rtol=0.001, atol=1e-05
Testing N_win=215 N_cf=5
Windowing:
  config: # windows=215, spacing=0.1315400334978359, CF order=5
  error tolerance: rtol=0.001, atol=1e-05
Testing N_win=215 N_cf=4
Windowing:
  config: # windows=215, spacing=0.1315400334978359, CF order=4
  error tolerance: rtol=0.001, atol=1e-05
Testing N_win=215 N_cf=3
Windowing:
  config: # windows=215, spacing=0.1315400334978359, CF order=3
  error tolerance: rtol=0.001, atol=1e-05
Failed: Pure curvefit failed for the first window!
Testing N_win=320 N_cf=10
Windowing:
  config: # windows=320, spacing=0.0883784600063585, CF order=10
  error tolerance: rtol=0.001, atol=1e-05
Testing N_win=320 N_cf=9
Windowing:
  config: # windows=320, spacing=0.0883784600063585, CF order=9
  error tolerance: rtol=0.001, atol=1e-05
Testing N_win=320 N_cf=8
Windowing:
  config: # windows=320, spacing=0.0883784600063585, CF order=8
  error tolerance: rtol=0.001, atol=1e-05
Testing N_win=320 N_cf=7
Windowing:
  config: # windows=320, spacing=0.0883784600063585, CF order=7
  error tolerance: rtol=0.001, atol=1e-05
Testing N_win=320 N_cf=6
Windowing:
  config: # windows=320, spacing=0.0883784600063585, CF order=6
  error tolerance: rtol=0.001, atol=1e-05
Testing N_win=320 N_cf=5
Windowing:
  config: # windows=320, spacing=0.0883784600063585, CF order=5
  error tolerance: rtol=0.001, atol=1e-05
Testing N_win=320 N_cf=4
Windowing:
  config: # windows=320, spacing=0.0883784600063585, CF order=4
  error tolerance: rtol=0.001, atol=1e-05
Testing N_win=320 N_cf=3
Windowing:
  config: # windows=320, spacing=0.0883784600063585, CF order=3
  error tolerance: rtol=0.001, atol=1e-05
Failed: Pure curvefit failed for the first window!
Testing N_win=425 N_cf=10
Windowing:
  config: # windows=425, spacing=0.0665437816518464, CF order=10
  error tolerance: rtol=0.001, atol=1e-05
Testing N_win=425 N_cf=9
Windowing:
  config: # windows=425, spacing=0.0665437816518464, CF order=9
  error tolerance: rtol=0.001, atol=1e-05
Testing N_win=425 N_cf=8
Windowing:
  config: # windows=425, spacing=0.0665437816518464, CF order=8
  error tolerance: rtol=0.001, atol=1e-05
Testing N_win=425 N_cf=7
Windowing:
  config: # windows=425, spacing=0.0665437816518464, CF order=7
  error tolerance: rtol=0.001, atol=1e-05
Testing N_win=425 N_cf=6
Windowing:
  config: # windows=425, spacing=0.0665437816518464, CF order=6
  error tolerance: rtol=0.001, atol=1e-05
Testing N_win=425 N_cf=5
Windowing:
  config: # windows=425, spacing=0.0665437816518464, CF order=5
  error tolerance: rtol=0.001, atol=1e-05
Testing N_win=425 N_cf=4
Windowing:
  config: # windows=425, spacing=0.0665437816518464, CF order=4
  error tolerance: rtol=0.001, atol=1e-05
Testing N_win=425 N_cf=3
Windowing:
  config: # windows=425, spacing=0.0665437816518464, CF order=3
  error tolerance: rtol=0.001, atol=1e-05
Testing N_win=425 N_cf=2
Windowing:
  config: # windows=425, spacing=0.0665437816518464, CF order=2
  error tolerance: rtol=0.001, atol=1e-05
Failed: Pure curvefit failed for the first window!
Testing N_win=530 N_cf=10
Windowing:
  config: # windows=530, spacing=0.05336057962648061, CF order=10
  error tolerance: rtol=0.001, atol=1e-05
Testing N_win=530 N_cf=9
Windowing:
  config: # windows=530, spacing=0.05336057962648061, CF order=9
  error tolerance: rtol=0.001, atol=1e-05
Testing N_win=530 N_cf=8
Windowing:
  config: # windows=530, spacing=0.05336057962648061, CF order=8
  error tolerance: rtol=0.001, atol=1e-05
Testing N_win=530 N_cf=7
Windowing:
  config: # windows=530, spacing=0.05336057962648061, CF order=7
  error tolerance: rtol=0.001, atol=1e-05
Testing N_win=530 N_cf=6
Windowing:
  config: # windows=530, spacing=0.05336057962648061, CF order=6
  error tolerance: rtol=0.001, atol=1e-05
Testing N_win=530 N_cf=5
Windowing:
  config: # windows=530, spacing=0.05336057962648061, CF order=5
  error tolerance: rtol=0.001, atol=1e-05
Testing N_win=530 N_cf=4
Windowing:
  config: # windows=530, spacing=0.05336057962648061, CF order=4
  error tolerance: rtol=0.001, atol=1e-05
Testing N_win=530 N_cf=3
Windowing:
  config: # windows=530, spacing=0.05336057962648061, CF order=3
  error tolerance: rtol=0.001, atol=1e-05
Testing N_win=530 N_cf=2
Windowing:
  config: # windows=530, spacing=0.05336057962648061, CF order=2
  error tolerance: rtol=0.001, atol=1e-05
Failed: Pure curvefit failed for the first window!
Testing N_win=635 N_cf=10
Windowing:
  config: # windows=635, spacing=0.044537176696117675, CF order=10
  error tolerance: rtol=0.001, atol=1e-05
Testing N_win=635 N_cf=9
Windowing:
  config: # windows=635, spacing=0.044537176696117675, CF order=9
  error tolerance: rtol=0.001, atol=1e-05
Testing N_win=635 N_cf=8
Windowing:
  config: # windows=635, spacing=0.044537176696117675, CF order=8
  error tolerance: rtol=0.001, atol=1e-05
Testing N_win=635 N_cf=7
Windowing:
  config: # windows=635, spacing=0.044537176696117675, CF order=7
  error tolerance: rtol=0.001, atol=1e-05
Testing N_win=635 N_cf=6
Windowing:
  config: # windows=635, spacing=0.044537176696117675, CF order=6
  error tolerance: rtol=0.001, atol=1e-05
Testing N_win=635 N_cf=5
Windowing:
  config: # windows=635, spacing=0.044537176696117675, CF order=5
  error tolerance: rtol=0.001, atol=1e-05
Testing N_win=635 N_cf=4
Windowing:
  config: # windows=635, spacing=0.044537176696117675, CF order=4
  error tolerance: rtol=0.001, atol=1e-05
Testing N_win=635 N_cf=3
Windowing:
  config: # windows=635, spacing=0.044537176696117675, CF order=3
  error tolerance: rtol=0.001, atol=1e-05
Testing N_win=635 N_cf=2
Windowing:
  config: # windows=635, spacing=0.044537176696117675, CF order=2
  error tolerance: rtol=0.001, atol=1e-05
Failed: Pure curvefit failed for the first window!
Testing N_win=740 N_cf=10
Windowing:
  config: # windows=740, spacing=0.03821771243518206, CF order=10
  error tolerance: rtol=0.001, atol=1e-05
Testing N_win=740 N_cf=9
Windowing:
  config: # windows=740, spacing=0.03821771243518206, CF order=9
  error tolerance: rtol=0.001, atol=1e-05
Testing N_win=740 N_cf=8
Windowing:
  config: # windows=740, spacing=0.03821771243518206, CF order=8
  error tolerance: rtol=0.001, atol=1e-05
Testing N_win=740 N_cf=7
Windowing:
  config: # windows=740, spacing=0.03821771243518206, CF order=7
  error tolerance: rtol=0.001, atol=1e-05
Testing N_win=740 N_cf=6
Windowing:
  config: # windows=740, spacing=0.03821771243518206, CF order=6
  error tolerance: rtol=0.001, atol=1e-05
Testing N_win=740 N_cf=5
Windowing:
  config: # windows=740, spacing=0.03821771243518206, CF order=5
  error tolerance: rtol=0.001, atol=1e-05
Testing N_win=740 N_cf=4
Windowing:
  config: # windows=740, spacing=0.03821771243518206, CF order=4
  error tolerance: rtol=0.001, atol=1e-05
Testing N_win=740 N_cf=3
Windowing:
  config: # windows=740, spacing=0.03821771243518206, CF order=3
  error tolerance: rtol=0.001, atol=1e-05
Testing N_win=740 N_cf=2
Windowing:
  config: # windows=740, spacing=0.03821771243518206, CF order=2
  error tolerance: rtol=0.001, atol=1e-05
Failed: Pure curvefit failed for the first window!
Testing N_win=845 N_cf=10
Windowing:
  config: # windows=845, spacing=0.03346876591956772, CF order=10
  error tolerance: rtol=0.001, atol=1e-05
Testing N_win=845 N_cf=9
Windowing:
  config: # windows=845, spacing=0.03346876591956772, CF order=9
  error tolerance: rtol=0.001, atol=1e-05
Testing N_win=845 N_cf=8
Windowing:
  config: # windows=845, spacing=0.03346876591956772, CF order=8
  error tolerance: rtol=0.001, atol=1e-05
Testing N_win=845 N_cf=7
Windowing:
  config: # windows=845, spacing=0.03346876591956772, CF order=7
  error tolerance: rtol=0.001, atol=1e-05
Testing N_win=845 N_cf=6
Windowing:
  config: # windows=845, spacing=0.03346876591956772, CF order=6
  error tolerance: rtol=0.001, atol=1e-05
Testing N_win=845 N_cf=5
Windowing:
  config: # windows=845, spacing=0.03346876591956772, CF order=5
  error tolerance: rtol=0.001, atol=1e-05
Testing N_win=845 N_cf=4
Windowing:
  config: # windows=845, spacing=0.03346876591956772, CF order=4
  error tolerance: rtol=0.001, atol=1e-05
Testing N_win=845 N_cf=3
Windowing:
  config: # windows=845, spacing=0.03346876591956772, CF order=3
  error tolerance: rtol=0.001, atol=1e-05
Testing N_win=845 N_cf=2
Windowing:
  config: # windows=845, spacing=0.03346876591956772, CF order=2
  error tolerance: rtol=0.001, atol=1e-05
Failed: Pure curvefit failed for the first window!
Testing N_win=950 N_cf=10
Windowing:
  config: # windows=950, spacing=0.0297695865284576, CF order=10
  error tolerance: rtol=0.001, atol=1e-05
Testing N_win=950 N_cf=9
Windowing:
  config: # windows=950, spacing=0.0297695865284576, CF order=9
  error tolerance: rtol=0.001, atol=1e-05
Testing N_win=950 N_cf=8
Windowing:
  config: # windows=950, spacing=0.0297695865284576, CF order=8
  error tolerance: rtol=0.001, atol=1e-05
Testing N_win=950 N_cf=7
Windowing:
  config: # windows=950, spacing=0.0297695865284576, CF order=7
  error tolerance: rtol=0.001, atol=1e-05
Testing N_win=950 N_cf=6
Windowing:
  config: # windows=950, spacing=0.0297695865284576, CF order=6
  error tolerance: rtol=0.001, atol=1e-05
Testing N_win=950 N_cf=5
Windowing:
  config: # windows=950, spacing=0.0297695865284576, CF order=5
  error tolerance: rtol=0.001, atol=1e-05
Testing N_win=950 N_cf=4
Windowing:
  config: # windows=950, spacing=0.0297695865284576, CF order=4
  error tolerance: rtol=0.001, atol=1e-05
Testing N_win=950 N_cf=3
Windowing:
  config: # windows=950, spacing=0.0297695865284576, CF order=3
  error tolerance: rtol=0.001, atol=1e-05
Testing N_win=950 N_cf=2
Windowing:
  config: # windows=950, spacing=0.0297695865284576, CF order=2
  error tolerance: rtol=0.001, atol=1e-05
Failed: Pure curvefit failed for the first window!
Testing N_win=1055 N_cf=10
Windowing:
  config: # windows=1055, spacing=0.026806736684393102, CF order=10
  error tolerance: rtol=0.001, atol=1e-05
Testing N_win=1055 N_cf=9
Windowing:
  config: # windows=1055, spacing=0.026806736684393102, CF order=9
  error tolerance: rtol=0.001, atol=1e-05
Testing N_win=1055 N_cf=8
Windowing:
  config: # windows=1055, spacing=0.026806736684393102, CF order=8
  error tolerance: rtol=0.001, atol=1e-05
Testing N_win=1055 N_cf=7
Windowing:
  config: # windows=1055, spacing=0.026806736684393102, CF order=7
  error tolerance: rtol=0.001, atol=1e-05
Testing N_win=1055 N_cf=6
Windowing:
  config: # windows=1055, spacing=0.026806736684393102, CF order=6
  error tolerance: rtol=0.001, atol=1e-05
Testing N_win=1055 N_cf=5
Windowing:
  config: # windows=1055, spacing=0.026806736684393102, CF order=5
  error tolerance: rtol=0.001, atol=1e-05
Testing N_win=1055 N_cf=4
Windowing:
  config: # windows=1055, spacing=0.026806736684393102, CF order=4
  error tolerance: rtol=0.001, atol=1e-05
Testing N_win=1055 N_cf=3
Windowing:
  config: # windows=1055, spacing=0.026806736684393102, CF order=3
  error tolerance: rtol=0.001, atol=1e-05
Testing N_win=1055 N_cf=2
Windowing:
  config: # windows=1055, spacing=0.026806736684393102, CF order=2
  error tolerance: rtol=0.001, atol=1e-05
Failed: Pure curvefit failed for the first window!
Testing N_win=1160 N_cf=10
Windowing:
  config: # windows=1160, spacing=0.024380264829340276, CF order=10
  error tolerance: rtol=0.001, atol=1e-05
Testing N_win=1160 N_cf=9
Windowing:
  config: # windows=1160, spacing=0.024380264829340276, CF order=9
  error tolerance: rtol=0.001, atol=1e-05
Testing N_win=1160 N_cf=8
Windowing:
  config: # windows=1160, spacing=0.024380264829340276, CF order=8
  error tolerance: rtol=0.001, atol=1e-05
Testing N_win=1160 N_cf=7
Windowing:
  config: # windows=1160, spacing=0.024380264829340276, CF order=7
  error tolerance: rtol=0.001, atol=1e-05
Testing N_win=1160 N_cf=6
Windowing:
  config: # windows=1160, spacing=0.024380264829340276, CF order=6
  error tolerance: rtol=0.001, atol=1e-05
Testing N_win=1160 N_cf=5
Windowing:
  config: # windows=1160, spacing=0.024380264829340276, CF order=5
  error tolerance: rtol=0.001, atol=1e-05
Testing N_win=1160 N_cf=4
Windowing:
  config: # windows=1160, spacing=0.024380264829340276, CF order=4
  error tolerance: rtol=0.001, atol=1e-05
Testing N_win=1160 N_cf=3
Windowing:
  config: # windows=1160, spacing=0.024380264829340276, CF order=3
  error tolerance: rtol=0.001, atol=1e-05
Testing N_win=1160 N_cf=2
Windowing:
  config: # windows=1160, spacing=0.024380264829340276, CF order=2
  error tolerance: rtol=0.001, atol=1e-05
Failed: Pure curvefit failed for the first window!
Testing N_win=1265 N_cf=10
Windowing:
  config: # windows=1265, spacing=0.022356606483821914, CF order=10
  error tolerance: rtol=0.001, atol=1e-05
Testing N_win=1265 N_cf=9
Windowing:
  config: # windows=1265, spacing=0.022356606483821914, CF order=9
  error tolerance: rtol=0.001, atol=1e-05
Testing N_win=1265 N_cf=8
Windowing:
  config: # windows=1265, spacing=0.022356606483821914, CF order=8
  error tolerance: rtol=0.001, atol=1e-05
Testing N_win=1265 N_cf=7
Windowing:
  config: # windows=1265, spacing=0.022356606483821914, CF order=7
  error tolerance: rtol=0.001, atol=1e-05
Testing N_win=1265 N_cf=6
Windowing:
  config: # windows=1265, spacing=0.022356606483821914, CF order=6
  error tolerance: rtol=0.001, atol=1e-05
Testing N_win=1265 N_cf=5
Windowing:
  config: # windows=1265, spacing=0.022356606483821914, CF order=5
  error tolerance: rtol=0.001, atol=1e-05
Testing N_win=1265 N_cf=4
Windowing:
  config: # windows=1265, spacing=0.022356606483821914, CF order=4
  error tolerance: rtol=0.001, atol=1e-05
Testing N_win=1265 N_cf=3
Windowing:
  config: # windows=1265, spacing=0.022356606483821914, CF order=3
  error tolerance: rtol=0.001, atol=1e-05
Testing N_win=1265 N_cf=2
Windowing:
  config: # windows=1265, spacing=0.022356606483821914, CF order=2
  error tolerance: rtol=0.001, atol=1e-05
Failed: Pure curvefit failed for the first window!
Testing N_win=1370 N_cf=10
Windowing:
  config: # windows=1370, spacing=0.02064314394309104, CF order=10
  error tolerance: rtol=0.001, atol=1e-05
Testing N_win=1370 N_cf=9
Windowing:
  config: # windows=1370, spacing=0.02064314394309104, CF order=9
  error tolerance: rtol=0.001, atol=1e-05
Testing N_win=1370 N_cf=8
Windowing:
  config: # windows=1370, spacing=0.02064314394309104, CF order=8
  error tolerance: rtol=0.001, atol=1e-05
Testing N_win=1370 N_cf=7
Windowing:
  config: # windows=1370, spacing=0.02064314394309104, CF order=7
  error tolerance: rtol=0.001, atol=1e-05
Testing N_win=1370 N_cf=6
Windowing:
  config: # windows=1370, spacing=0.02064314394309104, CF order=6
  error tolerance: rtol=0.001, atol=1e-05
Testing N_win=1370 N_cf=5
Windowing:
  config: # windows=1370, spacing=0.02064314394309104, CF order=5
  error tolerance: rtol=0.001, atol=1e-05
Testing N_win=1370 N_cf=4
Windowing:
  config: # windows=1370, spacing=0.02064314394309104, CF order=4
  error tolerance: rtol=0.001, atol=1e-05
Testing N_win=1370 N_cf=3
Windowing:
  config: # windows=1370, spacing=0.02064314394309104, CF order=3
  error tolerance: rtol=0.001, atol=1e-05
Testing N_win=1370 N_cf=2
Windowing:
  config: # windows=1370, spacing=0.02064314394309104, CF order=2
  error tolerance: rtol=0.001, atol=1e-05
Failed: Pure curvefit failed for the first window!
Testing N_win=1475 N_cf=10
Windowing:
  config: # windows=1475, spacing=0.019173632001379472, CF order=10
  error tolerance: rtol=0.001, atol=1e-05
Testing N_win=1475 N_cf=9
Windowing:
  config: # windows=1475, spacing=0.019173632001379472, CF order=9
  error tolerance: rtol=0.001, atol=1e-05
Testing N_win=1475 N_cf=8
Windowing:
  config: # windows=1475, spacing=0.019173632001379472, CF order=8
  error tolerance: rtol=0.001, atol=1e-05
Testing N_win=1475 N_cf=7
Windowing:
  config: # windows=1475, spacing=0.019173632001379472, CF order=7
  error tolerance: rtol=0.001, atol=1e-05
Testing N_win=1475 N_cf=6
Windowing:
  config: # windows=1475, spacing=0.019173632001379472, CF order=6
  error tolerance: rtol=0.001, atol=1e-05
Testing N_win=1475 N_cf=5
Windowing:
  config: # windows=1475, spacing=0.019173632001379472, CF order=5
  error tolerance: rtol=0.001, atol=1e-05
Testing N_win=1475 N_cf=4
Windowing:
  config: # windows=1475, spacing=0.019173632001379472, CF order=4
  error tolerance: rtol=0.001, atol=1e-05
Testing N_win=1475 N_cf=3
Windowing:
  config: # windows=1475, spacing=0.019173632001379472, CF order=3
  error tolerance: rtol=0.001, atol=1e-05
Testing N_win=1475 N_cf=2
Windowing:
  config: # windows=1475, spacing=0.019173632001379472, CF order=2
  error tolerance: rtol=0.001, atol=1e-05
Failed: Pure curvefit failed for the first window!
Testing N_win=1580 N_cf=10
Windowing:
  config: # windows=1580, spacing=0.01789943493799666, CF order=10
  error tolerance: rtol=0.001, atol=1e-05
Testing N_win=1580 N_cf=9
Windowing:
  config: # windows=1580, spacing=0.01789943493799666, CF order=9
  error tolerance: rtol=0.001, atol=1e-05
Testing N_win=1580 N_cf=8
Windowing:
  config: # windows=1580, spacing=0.01789943493799666, CF order=8
  error tolerance: rtol=0.001, atol=1e-05
Testing N_win=1580 N_cf=7
Windowing:
  config: # windows=1580, spacing=0.01789943493799666, CF order=7
  error tolerance: rtol=0.001, atol=1e-05
Testing N_win=1580 N_cf=6
Windowing:
  config: # windows=1580, spacing=0.01789943493799666, CF order=6
  error tolerance: rtol=0.001, atol=1e-05
Testing N_win=1580 N_cf=5
Windowing:
  config: # windows=1580, spacing=0.01789943493799666, CF order=5
  error tolerance: rtol=0.001, atol=1e-05
Testing N_win=1580 N_cf=4
Windowing:
  config: # windows=1580, spacing=0.01789943493799666, CF order=4
  error tolerance: rtol=0.001, atol=1e-05
Testing N_win=1580 N_cf=3
Windowing:
  config: # windows=1580, spacing=0.01789943493799666, CF order=3
  error tolerance: rtol=0.001, atol=1e-05
Testing N_win=1580 N_cf=2
Windowing:
  config: # windows=1580, spacing=0.01789943493799666, CF order=2
  error tolerance: rtol=0.001, atol=1e-05
Failed: Pure curvefit failed for the first window!
Testing N_win=1685 N_cf=10
Windowing:
  config: # windows=1685, spacing=0.016784039882513188, CF order=10
  error tolerance: rtol=0.001, atol=1e-05
Testing N_win=1685 N_cf=9
Windowing:
  config: # windows=1685, spacing=0.016784039882513188, CF order=9
  error tolerance: rtol=0.001, atol=1e-05
Testing N_win=1685 N_cf=8
Windowing:
  config: # windows=1685, spacing=0.016784039882513188, CF order=8
  error tolerance: rtol=0.001, atol=1e-05
Testing N_win=1685 N_cf=7
Windowing:
  config: # windows=1685, spacing=0.016784039882513188, CF order=7
  error tolerance: rtol=0.001, atol=1e-05
Testing N_win=1685 N_cf=6
Windowing:
  config: # windows=1685, spacing=0.016784039882513188, CF order=6
  error tolerance: rtol=0.001, atol=1e-05
Testing N_win=1685 N_cf=5
Windowing:
  config: # windows=1685, spacing=0.016784039882513188, CF order=5
  error tolerance: rtol=0.001, atol=1e-05
Testing N_win=1685 N_cf=4
Windowing:
  config: # windows=1685, spacing=0.016784039882513188, CF order=4
  error tolerance: rtol=0.001, atol=1e-05
Testing N_win=1685 N_cf=3
Windowing:
  config: # windows=1685, spacing=0.016784039882513188, CF order=3
  error tolerance: rtol=0.001, atol=1e-05
Testing N_win=1685 N_cf=2
Windowing:
  config: # windows=1685, spacing=0.016784039882513188, CF order=2
  error tolerance: rtol=0.001, atol=1e-05
Failed: Pure curvefit failed for the first window!
Testing N_win=1790 N_cf=10
Windowing:
  config: # windows=1790, spacing=0.015799501230186995, CF order=10
  error tolerance: rtol=0.001, atol=1e-05
Testing N_win=1790 N_cf=9
Windowing:
  config: # windows=1790, spacing=0.015799501230186995, CF order=9
  error tolerance: rtol=0.001, atol=1e-05
Testing N_win=1790 N_cf=8
Windowing:
  config: # windows=1790, spacing=0.015799501230186995, CF order=8
  error tolerance: rtol=0.001, atol=1e-05
Testing N_win=1790 N_cf=7
Windowing:
  config: # windows=1790, spacing=0.015799501230186995, CF order=7
  error tolerance: rtol=0.001, atol=1e-05
Testing N_win=1790 N_cf=6
Windowing:
  config: # windows=1790, spacing=0.015799501230186995, CF order=6
  error tolerance: rtol=0.001, atol=1e-05
Testing N_win=1790 N_cf=5
Windowing:
  config: # windows=1790, spacing=0.015799501230186995, CF order=5
  error tolerance: rtol=0.001, atol=1e-05
Testing N_win=1790 N_cf=4
Windowing:
  config: # windows=1790, spacing=0.015799501230186995, CF order=4
  error tolerance: rtol=0.001, atol=1e-05
Testing N_win=1790 N_cf=3
Windowing:
  config: # windows=1790, spacing=0.015799501230186995, CF order=3
  error tolerance: rtol=0.001, atol=1e-05
Testing N_win=1790 N_cf=2
Windowing:
  config: # windows=1790, spacing=0.015799501230186995, CF order=2
  error tolerance: rtol=0.001, atol=1e-05
Failed: Pure curvefit failed for the first window!
Testing N_win=1895 N_cf=10
Windowing:
  config: # windows=1895, spacing=0.014924067125084286, CF order=10
  error tolerance: rtol=0.001, atol=1e-05
Testing N_win=1895 N_cf=9
Windowing:
  config: # windows=1895, spacing=0.014924067125084286, CF order=9
  error tolerance: rtol=0.001, atol=1e-05
Testing N_win=1895 N_cf=8
Windowing:
  config: # windows=1895, spacing=0.014924067125084286, CF order=8
  error tolerance: rtol=0.001, atol=1e-05
Testing N_win=1895 N_cf=7
Windowing:
  config: # windows=1895, spacing=0.014924067125084286, CF order=7
  error tolerance: rtol=0.001, atol=1e-05
Testing N_win=1895 N_cf=6
Windowing:
  config: # windows=1895, spacing=0.014924067125084286, CF order=6
  error tolerance: rtol=0.001, atol=1e-05
Testing N_win=1895 N_cf=5
Windowing:
  config: # windows=1895, spacing=0.014924067125084286, CF order=5
  error tolerance: rtol=0.001, atol=1e-05
Testing N_win=1895 N_cf=4
Windowing:
  config: # windows=1895, spacing=0.014924067125084286, CF order=4
  error tolerance: rtol=0.001, atol=1e-05
Testing N_win=1895 N_cf=3
Windowing:
  config: # windows=1895, spacing=0.014924067125084286, CF order=3
  error tolerance: rtol=0.001, atol=1e-05
Testing N_win=1895 N_cf=2
Windowing:
  config: # windows=1895, spacing=0.014924067125084286, CF order=2
  error tolerance: rtol=0.001, atol=1e-05
Failed: Pure curvefit failed for the first window!
Testing N_win=2000 N_cf=10
Windowing:
  config: # windows=2000, spacing=0.014140553601017361, CF order=10
  error tolerance: rtol=0.001, atol=1e-05
Testing N_win=2000 N_cf=9
Windowing:
  config: # windows=2000, spacing=0.014140553601017361, CF order=9
  error tolerance: rtol=0.001, atol=1e-05
Testing N_win=2000 N_cf=8
Windowing:
  config: # windows=2000, spacing=0.014140553601017361, CF order=8
  error tolerance: rtol=0.001, atol=1e-05
Testing N_win=2000 N_cf=7
Windowing:
  config: # windows=2000, spacing=0.014140553601017361, CF order=7
  error tolerance: rtol=0.001, atol=1e-05
Testing N_win=2000 N_cf=6
Windowing:
  config: # windows=2000, spacing=0.014140553601017361, CF order=6
  error tolerance: rtol=0.001, atol=1e-05
Testing N_win=2000 N_cf=5
Windowing:
  config: # windows=2000, spacing=0.014140553601017361, CF order=5
  error tolerance: rtol=0.001, atol=1e-05
Testing N_win=2000 N_cf=4
Windowing:
  config: # windows=2000, spacing=0.014140553601017361, CF order=4
  error tolerance: rtol=0.001, atol=1e-05
Testing N_win=2000 N_cf=3
Windowing:
  config: # windows=2000, spacing=0.014140553601017361, CF order=3
  error tolerance: rtol=0.001, atol=1e-05
Testing N_win=2000 N_cf=2
Windowing:
  config: # windows=2000, spacing=0.014140553601017361, CF order=2
  error tolerance: rtol=0.001, atol=1e-05
Failed: Pure curvefit failed for the first window!
Final library: 10 poles, 110 windows, 0.65 poles per window, 4 CF order
