Running NJOY to get 0K point-wise data (error=0.0005)...
Parsing cross sections within resolved resonance range...
  MTs: [2, 27, 102, 103, 107]
  Energy range: 1.000e-05 to 3.069e+04 eV (44421 points)
Vector fitting piece 1/22...
  energy: 1.000e-05 to 6.708e+01 eV (740 points)
  error tolerance: rtol=0.001, atol=1e-05
Found 0 peaks
Fitting orders from 2 to 200
Order=2(0/100)
Order=4(1/100)
Order=6(2/100)
Order=8(3/100)
Found ideal results. Stop!
Found 2 real poles and 3 conjugate complex pairs.
Final number of poles: 5
Saved figure: WMP_Lib/Pt198/0-67_MT2.png
Saved figure: WMP_Lib/Pt198/0-67_MT27.png
Saved figure: WMP_Lib/Pt198/0-67_MT102.png
Saved figure: WMP_Lib/Pt198/0-67_MT107.png
Vector fitting piece 2/22...
  energy: 1.473e+01 to 2.609e+02 eV (904 points)
  error tolerance: rtol=0.001, atol=1e-05
Found 1 peaks
Fitting orders from 2 to 200
Order=2(0/100)
Order=4(1/100)
Order=6(2/100)
Order=8(3/100)
Order=10(4/100)
Order=12(5/100)
Order=14(6/100)
Order=16(7/100)
Order=18(8/100)
Order=20(9/100)
Order=22(10/100)
Order=24(11/100)
Order=26(12/100)
Order=28(13/100)
Order=30(14/100)
Order=32(15/100)
Order=34(16/100)
Order=36(17/100)
Order=38(18/100)
Order=40(19/100)
Order=42(20/100)
Order=44(21/100)
Order=46(22/100)
Order=48(23/100)
Order=50(24/100)
Order=52(25/100)
Order=54(26/100)
Order=56(27/100)
Order=58(28/100)
Order=60(29/100)
Found 2 real poles and 2 conjugate complex pairs.
Final number of poles: 4
Saved figure: WMP_Lib/Pt198/15-261_MT2.png
Saved figure: WMP_Lib/Pt198/15-261_MT27.png
Saved figure: WMP_Lib/Pt198/15-261_MT102.png
Saved figure: WMP_Lib/Pt198/15-261_MT107.png
Vector fitting piece 3/22...
  energy: 1.391e+02 to 5.826e+02 eV (156 points)
  error tolerance: rtol=0.001, atol=1e-05
Found 0 peaks
Fitting orders from 2 to 200
Order=2(0/100)
Order=4(1/100)
Order=6(2/100)
Found ideal results. Stop!
Found 2 real poles and 2 conjugate complex pairs.
Final number of poles: 4
Saved figure: WMP_Lib/Pt198/139-583_MT2.png
Saved figure: WMP_Lib/Pt198/139-583_MT27.png
Saved figure: WMP_Lib/Pt198/139-583_MT102.png
Saved figure: WMP_Lib/Pt198/139-583_MT107.png
Vector fitting piece 4/22...
  energy: 3.875e+02 to 1.032e+03 eV (1373 points)
  error tolerance: rtol=0.001, atol=1e-05
Found 2 peaks
Fitting orders from 4 to 200
Order=4(0/99)
Order=6(1/99)
Order=8(2/99)
Order=10(3/99)
Order=12(4/99)
Order=14(5/99)
Order=16(6/99)
Order=18(7/99)
Order=20(8/99)
Order=22(9/99)
Order=24(10/99)
Order=26(11/99)
Order=28(12/99)
Order=30(13/99)
Order=32(14/99)
Order=34(15/99)
Order=36(16/99)
Order=38(17/99)
Order=40(18/99)
Order=42(19/99)
Order=44(20/99)
Order=46(21/99)
Order=48(22/99)
Order=50(23/99)
Order=52(24/99)
Order=54(25/99)
Order=56(26/99)
Order=58(27/99)
Order=60(28/99)
Found 2 real poles and 3 conjugate complex pairs.
Final number of poles: 5
Saved figure: WMP_Lib/Pt198/388-1032_MT2.png
Saved figure: WMP_Lib/Pt198/388-1032_MT27.png
Saved figure: WMP_Lib/Pt198/388-1032_MT102.png
Saved figure: WMP_Lib/Pt198/388-1032_MT107.png
Vector fitting piece 5/22...
  energy: 7.682e+02 to 1.601e+03 eV (1340 points)
  error tolerance: rtol=0.001, atol=1e-05
Found 2 peaks
Fitting orders from 4 to 200
Order=4(0/99)
Order=6(1/99)
Order=8(2/99)
Order=10(3/99)
Order=12(4/99)
Order=14(5/99)
Order=16(6/99)
Order=18(7/99)
Order=20(8/99)
Order=22(9/99)
Order=24(10/99)
Order=26(11/99)
Order=28(12/99)
Order=30(13/99)
Order=32(14/99)
Order=34(15/99)
Order=36(16/99)
Order=38(17/99)
Order=40(18/99)
Order=42(19/99)
Order=44(20/99)
Order=46(21/99)
Order=48(22/99)
Order=50(23/99)
Order=52(24/99)
Order=54(25/99)
Order=56(26/99)
Order=58(27/99)
Order=60(28/99)
Found 2 real poles and 4 conjugate complex pairs.
Final number of poles: 6
Saved figure: WMP_Lib/Pt198/768-1601_MT2.png
Saved figure: WMP_Lib/Pt198/768-1601_MT27.png
Saved figure: WMP_Lib/Pt198/768-1601_MT102.png
Saved figure: WMP_Lib/Pt198/768-1601_MT107.png
Vector fitting piece 6/22...
  energy: 1.273e+03 to 2.299e+03 eV (2215 points)
  error tolerance: rtol=0.001, atol=1e-05
Found 4 peaks
Fitting orders from 8 to 200
Order=8(0/97)
Order=10(1/97)
Order=12(2/97)
Order=14(3/97)
Order=16(4/97)
Order=18(5/97)
Order=20(6/97)
Order=22(7/97)
Order=24(8/97)
Order=26(9/97)
Order=28(10/97)
Order=30(11/97)
Order=32(12/97)
Order=34(13/97)
Order=36(14/97)
Order=38(15/97)
Order=40(16/97)
Order=42(17/97)
Order=44(18/97)
Order=46(19/97)
Order=48(20/97)
Order=50(21/97)
Order=52(22/97)
Order=54(23/97)
Order=56(24/97)
Order=58(25/97)
Order=60(26/97)
Found 2 real poles and 6 conjugate complex pairs.
Final number of poles: 8
Saved figure: WMP_Lib/Pt198/1273-2299_MT2.png
Saved figure: WMP_Lib/Pt198/1273-2299_MT27.png
Saved figure: WMP_Lib/Pt198/1273-2299_MT102.png
Saved figure: WMP_Lib/Pt198/1273-2299_MT107.png
Vector fitting piece 7/22...
  energy: 1.905e+03 to 3.127e+03 eV (2813 points)
  error tolerance: rtol=0.001, atol=1e-05
Found 5 peaks
Fitting orders from 10 to 200
Order=10(0/96)
Order=12(1/96)
Order=14(2/96)
Order=16(3/96)
Order=18(4/96)
Order=20(5/96)
Order=22(6/96)
Order=24(7/96)
Order=26(8/96)
Order=28(9/96)
Order=30(10/96)
Order=32(11/96)
Order=34(12/96)
Order=36(13/96)
Order=38(14/96)
Order=40(15/96)
Order=42(16/96)
Order=44(17/96)
Order=46(18/96)
Order=48(19/96)
Order=50(20/96)
Order=52(21/96)
Order=54(22/96)
Order=56(23/96)
Order=58(24/96)
Order=60(25/96)
Found 2 real poles and 6 conjugate complex pairs.
Final number of poles: 8
Saved figure: WMP_Lib/Pt198/1905-3127_MT2.png
Saved figure: WMP_Lib/Pt198/1905-3127_MT27.png
Saved figure: WMP_Lib/Pt198/1905-3127_MT102.png
Saved figure: WMP_Lib/Pt198/1905-3127_MT107.png
Vector fitting piece 8/22...
  energy: 2.664e+03 to 4.084e+03 eV (2138 points)
  error tolerance: rtol=0.001, atol=1e-05
Found 4 peaks
Fitting orders from 8 to 200
Order=8(0/97)
Order=10(1/97)
Order=12(2/97)
Order=14(3/97)
Order=16(4/97)
Order=18(5/97)
Order=20(6/97)
Order=22(7/97)
Order=24(8/97)
Order=26(9/97)
Order=28(10/97)
Order=30(11/97)
Order=32(12/97)
Order=34(13/97)
Order=36(14/97)
Order=38(15/97)
Order=40(16/97)
Order=42(17/97)
Order=44(18/97)
Order=46(19/97)
Order=48(20/97)
Order=50(21/97)
Order=52(22/97)
Order=54(23/97)
Order=56(24/97)
Order=58(25/97)
Order=60(26/97)
Found 4 real poles and 4 conjugate complex pairs.
Final number of poles: 8
Saved figure: WMP_Lib/Pt198/2664-4084_MT2.png
Saved figure: WMP_Lib/Pt198/2664-4084_MT27.png
Saved figure: WMP_Lib/Pt198/2664-4084_MT102.png
Saved figure: WMP_Lib/Pt198/2664-4084_MT107.png
Vector fitting piece 9/22...
  energy: 3.549e+03 to 5.157e+03 eV (3378 points)
  error tolerance: rtol=0.001, atol=1e-05
Found 7 peaks
Fitting orders from 14 to 200
Order=14(0/94)
Order=16(1/94)
Order=18(2/94)
Order=20(3/94)
Order=22(4/94)
Order=24(5/94)
Order=26(6/94)
Order=28(7/94)
Order=30(8/94)
Order=32(9/94)
Order=34(10/94)
Order=36(11/94)
Order=38(12/94)
Order=40(13/94)
Order=42(14/94)
Order=44(15/94)
Order=46(16/94)
Order=48(17/94)
Order=50(18/94)
Order=52(19/94)
Order=54(20/94)
Order=56(21/94)
Order=58(22/94)
Order=60(23/94)
Found 2 real poles and 8 conjugate complex pairs.
Final number of poles: 10
Saved figure: WMP_Lib/Pt198/3549-5157_MT2.png
Saved figure: WMP_Lib/Pt198/3549-5157_MT27.png
Saved figure: WMP_Lib/Pt198/3549-5157_MT102.png
Saved figure: WMP_Lib/Pt198/3549-5157_MT107.png
Vector fitting piece 10/22...
  energy: 4.561e+03 to 6.364e+03 eV (3121 points)
  error tolerance: rtol=0.001, atol=1e-05
Found 6 peaks
Fitting orders from 12 to 200
Order=12(0/95)
Order=14(1/95)
Order=16(2/95)
Order=18(3/95)
Order=20(4/95)
Order=22(5/95)
Order=24(6/95)
Order=26(7/95)
Order=28(8/95)
Order=30(9/95)
Order=32(10/95)
Order=34(11/95)
Order=36(12/95)
Order=38(13/95)
Order=40(14/95)
Order=42(15/95)
Order=44(16/95)
Order=46(17/95)
Order=48(18/95)
Order=50(19/95)
Order=52(20/95)
Order=54(21/95)
Order=56(22/95)
Order=58(23/95)
Order=60(24/95)
Found 6 real poles and 7 conjugate complex pairs.
Final number of poles: 13
Saved figure: WMP_Lib/Pt198/4561-6364_MT2.png
Saved figure: WMP_Lib/Pt198/4561-6364_MT27.png
Saved figure: WMP_Lib/Pt198/4561-6364_MT102.png
Saved figure: WMP_Lib/Pt198/4561-6364_MT107.png
Vector fitting piece 11/22...
  energy: 5.694e+03 to 7.701e+03 eV (2571 points)
  error tolerance: rtol=0.001, atol=1e-05
Found 6 peaks
Fitting orders from 12 to 200
Order=12(0/95)
Order=14(1/95)
Order=16(2/95)
Order=18(3/95)
Order=20(4/95)
Order=22(5/95)
Order=24(6/95)
Order=26(7/95)
Order=28(8/95)
Order=30(9/95)
Order=32(10/95)
Order=34(11/95)
Order=36(12/95)
Order=38(13/95)
Order=40(14/95)
Order=42(15/95)
Order=44(16/95)
Order=46(17/95)
Order=48(18/95)
Order=50(19/95)
Order=52(20/95)
Order=54(21/95)
Order=56(22/95)
Order=58(23/95)
Order=60(24/95)
Found 4 real poles and 6 conjugate complex pairs.
Final number of poles: 10
Saved figure: WMP_Lib/Pt198/5694-7701_MT2.png
Saved figure: WMP_Lib/Pt198/5694-7701_MT27.png
Saved figure: WMP_Lib/Pt198/5694-7701_MT102.png
Saved figure: WMP_Lib/Pt198/5694-7701_MT107.png
Vector fitting piece 12/22...
  energy: 6.966e+03 to 9.166e+03 eV (2817 points)
  error tolerance: rtol=0.001, atol=1e-05
Found 7 peaks
Fitting orders from 14 to 200
Order=14(0/94)
Order=16(1/94)
Order=18(2/94)
Order=20(3/94)
Order=22(4/94)
Order=24(5/94)
Order=26(6/94)
Order=28(7/94)
Order=30(8/94)
Order=32(9/94)
Order=34(10/94)
Order=36(11/94)
Order=38(12/94)
Order=40(13/94)
Order=42(14/94)
Order=44(15/94)
Order=46(16/94)
Order=48(17/94)
Order=50(18/94)
Order=52(19/94)
Order=54(20/94)
Order=56(21/94)
Order=58(22/94)
Order=60(23/94)
Found 4 real poles and 7 conjugate complex pairs.
Final number of poles: 11
Saved figure: WMP_Lib/Pt198/6966-9166_MT2.png
Saved figure: WMP_Lib/Pt198/6966-9166_MT27.png
Saved figure: WMP_Lib/Pt198/6966-9166_MT102.png
Saved figure: WMP_Lib/Pt198/6966-9166_MT107.png
Vector fitting piece 13/22...
  energy: 8.356e+03 to 1.075e+04 eV (3201 points)
  error tolerance: rtol=0.001, atol=1e-05
Found 7 peaks
Fitting orders from 14 to 200
Order=14(0/94)
Order=16(1/94)
Order=18(2/94)
Order=20(3/94)
Order=22(4/94)
Order=24(5/94)
Order=26(6/94)
Order=28(7/94)
Order=30(8/94)
Order=32(9/94)
Order=34(10/94)
Order=36(11/94)
Order=38(12/94)
Order=40(13/94)
Order=42(14/94)
Order=44(15/94)
Order=46(16/94)
Order=48(17/94)
Order=50(18/94)
Order=52(19/94)
Order=54(20/94)
Order=56(21/94)
Order=58(22/94)
Order=60(23/94)
Found 2 real poles and 8 conjugate complex pairs.
Final number of poles: 10
Saved figure: WMP_Lib/Pt198/8356-10749_MT2.png
Saved figure: WMP_Lib/Pt198/8356-10749_MT27.png
Saved figure: WMP_Lib/Pt198/8356-10749_MT102.png
Saved figure: WMP_Lib/Pt198/8356-10749_MT107.png
Vector fitting piece 14/22...
  energy: 9.877e+03 to 1.247e+04 eV (4061 points)
  error tolerance: rtol=0.001, atol=1e-05
Found 10 peaks
Fitting orders from 20 to 200
Order=20(0/91)
Order=22(1/91)
Order=24(2/91)
Order=26(3/91)
Order=28(4/91)
Order=30(5/91)
Order=32(6/91)
Order=34(7/91)
Order=36(8/91)
Order=38(9/91)
Order=40(10/91)
Order=42(11/91)
Order=44(12/91)
Order=46(13/91)
Order=48(14/91)
Order=50(15/91)
Order=52(16/91)
Order=54(17/91)
Order=56(18/91)
Order=58(19/91)
Order=60(20/91)
Found 4 real poles and 10 conjugate complex pairs.
Final number of poles: 14
Saved figure: WMP_Lib/Pt198/9877-12473_MT2.png
Saved figure: WMP_Lib/Pt198/9877-12473_MT27.png
Saved figure: WMP_Lib/Pt198/9877-12473_MT102.png
Saved figure: WMP_Lib/Pt198/9877-12473_MT107.png
Vector fitting piece 15/22...
  energy: 1.152e+04 to 1.430e+04 eV (3783 points)
  error tolerance: rtol=0.001, atol=1e-05
Found 8 peaks
Fitting orders from 16 to 200
Order=16(0/93)
Order=18(1/93)
Order=20(2/93)
Order=22(3/93)
Order=24(4/93)
Order=26(5/93)
Order=28(6/93)
Order=30(7/93)
Order=32(8/93)
Order=34(9/93)
Order=36(10/93)
Order=38(11/93)
Order=40(12/93)
Order=42(13/93)
Order=44(14/93)
Order=46(15/93)
Order=48(16/93)
Order=50(17/93)
Order=52(18/93)
Order=54(19/93)
Order=56(20/93)
Order=58(21/93)
Order=60(22/93)
Found 4 real poles and 9 conjugate complex pairs.
Final number of poles: 13
Saved figure: WMP_Lib/Pt198/11524-14304_MT2.png
Saved figure: WMP_Lib/Pt198/11524-14304_MT27.png
Saved figure: WMP_Lib/Pt198/11524-14304_MT102.png
Saved figure: WMP_Lib/Pt198/11524-14304_MT107.png
Vector fitting piece 16/22...
  energy: 1.330e+04 to 1.628e+04 eV (4005 points)
  error tolerance: rtol=0.001, atol=1e-05
Found 11 peaks
Fitting orders from 22 to 200
Order=22(0/90)
Order=24(1/90)
Order=26(2/90)
Order=28(3/90)
Order=30(4/90)
Order=32(5/90)
Order=34(6/90)
Order=36(7/90)
Order=38(8/90)
Order=40(9/90)
Order=42(10/90)
Order=44(11/90)
Order=46(12/90)
Order=48(13/90)
Order=50(14/90)
Order=52(15/90)
Order=54(16/90)
Order=56(17/90)
Order=58(18/90)
Order=60(19/90)
Found 4 real poles and 12 conjugate complex pairs.
Final number of poles: 16
Saved figure: WMP_Lib/Pt198/13297-16278_MT2.png
Saved figure: WMP_Lib/Pt198/13297-16278_MT27.png
Saved figure: WMP_Lib/Pt198/13297-16278_MT102.png
Saved figure: WMP_Lib/Pt198/13297-16278_MT107.png
Vector fitting piece 17/22...
  energy: 1.520e+04 to 1.837e+04 eV (4016 points)
  error tolerance: rtol=0.001, atol=1e-05
Found 13 peaks
Fitting orders from 26 to 200
Order=26(0/88)
Order=28(1/88)
Order=30(2/88)
Order=32(3/88)
Order=34(4/88)
Order=36(5/88)
Order=38(6/88)
Order=40(7/88)
Order=42(8/88)
Order=44(9/88)
Order=46(10/88)
Order=48(11/88)
Order=50(12/88)
Order=52(13/88)
Order=54(14/88)
Order=56(15/88)
Order=58(16/88)
Order=60(17/88)
Found 4 real poles and 14 conjugate complex pairs.
Final number of poles: 18
Saved figure: WMP_Lib/Pt198/15196-18369_MT2.png
Saved figure: WMP_Lib/Pt198/15196-18369_MT27.png
Saved figure: WMP_Lib/Pt198/15196-18369_MT102.png
Saved figure: WMP_Lib/Pt198/15196-18369_MT107.png
Vector fitting piece 18/22...
  energy: 1.722e+04 to 2.059e+04 eV (5386 points)
  error tolerance: rtol=0.001, atol=1e-05
Found 18 peaks
Fitting orders from 36 to 200
Order=36(0/83)
Order=38(1/83)
Order=40(2/83)
Order=42(3/83)
Order=44(4/83)
Order=46(5/83)
Order=48(6/83)
Order=50(7/83)
Order=52(8/83)
Order=54(9/83)
Order=56(10/83)
Order=58(11/83)
Order=60(12/83)
Found 6 real poles and 18 conjugate complex pairs.
Final number of poles: 24
Saved figure: WMP_Lib/Pt198/17223-20591_MT2.png
Saved figure: WMP_Lib/Pt198/17223-20591_MT27.png
Saved figure: WMP_Lib/Pt198/17223-20591_MT102.png
Saved figure: WMP_Lib/Pt198/17223-20591_MT107.png
Vector fitting piece 19/22...
  energy: 1.937e+04 to 2.294e+04 eV (4608 points)
  error tolerance: rtol=0.001, atol=1e-05
Found 18 peaks
Fitting orders from 36 to 200
Order=36(0/83)
Order=38(1/83)
Order=40(2/83)
Order=42(3/83)
Order=44(4/83)
Order=46(5/83)
Order=48(6/83)
Order=50(7/83)
Order=52(8/83)
Order=54(9/83)
Order=56(10/83)
Order=58(11/83)
Order=60(12/83)
Order=62(13/83)
Order=64(14/83)
Order=66(15/83)
Order=68(16/83)
Order=70(17/83)
Found 2 real poles and 20 conjugate complex pairs.
Final number of poles: 22
Saved figure: WMP_Lib/Pt198/19375-22935_MT2.png
Saved figure: WMP_Lib/Pt198/19375-22935_MT27.png
Saved figure: WMP_Lib/Pt198/19375-22935_MT102.png
Saved figure: WMP_Lib/Pt198/19375-22935_MT107.png
Vector fitting piece 20/22...
  energy: 2.165e+04 to 2.542e+04 eV (4540 points)
  error tolerance: rtol=0.001, atol=1e-05
Found 17 peaks
Fitting orders from 34 to 200
Order=34(0/84)
Order=36(1/84)
Order=38(2/84)
Order=40(3/84)
Order=42(4/84)
Order=44(5/84)
Order=46(6/84)
Order=48(7/84)
Order=50(8/84)
Order=52(9/84)
Order=54(10/84)
Order=56(11/84)
Order=58(12/84)
Order=60(13/84)
Found 4 real poles and 17 conjugate complex pairs.
Final number of poles: 21
Saved figure: WMP_Lib/Pt198/21653-25416_MT2.png
Saved figure: WMP_Lib/Pt198/21653-25416_MT27.png
Saved figure: WMP_Lib/Pt198/21653-25416_MT102.png
Saved figure: WMP_Lib/Pt198/21653-25416_MT107.png
Vector fitting piece 21/22...
  energy: 2.406e+04 to 2.801e+04 eV (4808 points)
  error tolerance: rtol=0.001, atol=1e-05
Found 17 peaks
Fitting orders from 34 to 200
Order=34(0/84)
Order=36(1/84)
Order=38(2/84)
Order=40(3/84)
Order=42(4/84)
Order=44(5/84)
Order=46(6/84)
Order=48(7/84)
Order=50(8/84)
Order=52(9/84)
Order=54(10/84)
Order=56(11/84)
Order=58(12/84)
Order=60(13/84)
Found 2 real poles and 18 conjugate complex pairs.
Final number of poles: 20
Saved figure: WMP_Lib/Pt198/24057-28010_MT2.png
Saved figure: WMP_Lib/Pt198/24057-28010_MT27.png
Saved figure: WMP_Lib/Pt198/24057-28010_MT102.png
Saved figure: WMP_Lib/Pt198/24057-28010_MT107.png
Vector fitting piece 22/22...
  energy: 2.660e+04 to 3.069e+04 eV (5781 points)
  error tolerance: rtol=0.001, atol=1e-05
Found 24 peaks
Fitting orders from 48 to 200
Order=48(0/77)
Order=50(1/77)
Order=52(2/77)
Order=54(3/77)
Order=56(4/77)
Order=58(5/77)
Order=60(6/77)
Order=62(7/77)
Found 2 real poles and 25 conjugate complex pairs.
Final number of poles: 27
Saved figure: WMP_Lib/Pt198/26597-30687_MT2.png
Saved figure: WMP_Lib/Pt198/26597-30687_MT27.png
Saved figure: WMP_Lib/Pt198/26597-30687_MT102.png
Saved figure: WMP_Lib/Pt198/26597-30687_MT107.png
Dumped multipole data to file: WMP_Lib/Pt198/Pt198_mp.pickle
Start searching ...
Testing N_win=13 N_cf=10
Failed: Window spacing cannot be larger than piece spacing.
Testing N_win=117 N_cf=10
Windowing:
  config: # windows=117, spacing=1.4972024976315892, CF order=10
  error tolerance: rtol=0.001, atol=1e-05
Best library so far.
Testing N_win=117 N_cf=9
Windowing:
  config: # windows=117, spacing=1.4972024976315892, CF order=9
  error tolerance: rtol=0.001, atol=1e-05
Best library so far.
Testing N_win=117 N_cf=8
Windowing:
  config: # windows=117, spacing=1.4972024976315892, CF order=8
  error tolerance: rtol=0.001, atol=1e-05
Best library so far.
Testing N_win=117 N_cf=7
Windowing:
  config: # windows=117, spacing=1.4972024976315892, CF order=7
  error tolerance: rtol=0.001, atol=1e-05
Best library so far.
Testing N_win=117 N_cf=6
Windowing:
  config: # windows=117, spacing=1.4972024976315892, CF order=6
  error tolerance: rtol=0.001, atol=1e-05
Best library so far.
Testing N_win=117 N_cf=5
Windowing:
  config: # windows=117, spacing=1.4972024976315892, CF order=5
  error tolerance: rtol=0.001, atol=1e-05
Best library so far.
Testing N_win=117 N_cf=4
Windowing:
  config: # windows=117, spacing=1.4972024976315892, CF order=4
  error tolerance: rtol=0.001, atol=1e-05
Best library so far.
Testing N_win=117 N_cf=3
Windowing:
  config: # windows=117, spacing=1.4972024976315892, CF order=3
  error tolerance: rtol=0.001, atol=1e-05
Failed: Pure curvefit failed for the first window!
Testing N_win=222 N_cf=10
Windowing:
  config: # windows=222, spacing=0.7890661811842159, CF order=10
  error tolerance: rtol=0.001, atol=1e-05
Best library so far.
Testing N_win=222 N_cf=9
Windowing:
  config: # windows=222, spacing=0.7890661811842159, CF order=9
  error tolerance: rtol=0.001, atol=1e-05
Best library so far.
Testing N_win=222 N_cf=8
Windowing:
  config: # windows=222, spacing=0.7890661811842159, CF order=8
  error tolerance: rtol=0.001, atol=1e-05
Best library so far.
Testing N_win=222 N_cf=7
Windowing:
  config: # windows=222, spacing=0.7890661811842159, CF order=7
  error tolerance: rtol=0.001, atol=1e-05
Best library so far.
Testing N_win=222 N_cf=6
Windowing:
  config: # windows=222, spacing=0.7890661811842159, CF order=6
  error tolerance: rtol=0.001, atol=1e-05
Best library so far.
Testing N_win=222 N_cf=5
Windowing:
  config: # windows=222, spacing=0.7890661811842159, CF order=5
  error tolerance: rtol=0.001, atol=1e-05
Best library so far.
Testing N_win=222 N_cf=4
Windowing:
  config: # windows=222, spacing=0.7890661811842159, CF order=4
  error tolerance: rtol=0.001, atol=1e-05
Best library so far.
Testing N_win=222 N_cf=3
Windowing:
  config: # windows=222, spacing=0.7890661811842159, CF order=3
  error tolerance: rtol=0.001, atol=1e-05
Best library so far.
Testing N_win=222 N_cf=2
Windowing:
  config: # windows=222, spacing=0.7890661811842159, CF order=2
  error tolerance: rtol=0.001, atol=1e-05
Failed: Pure curvefit failed for the first window!
Testing N_win=326 N_cf=10
Windowing:
  config: # windows=326, spacing=0.5373395466959998, CF order=10
  error tolerance: rtol=0.001, atol=1e-05
Best library so far.
Testing N_win=326 N_cf=9
Windowing:
  config: # windows=326, spacing=0.5373395466959998, CF order=9
  error tolerance: rtol=0.001, atol=1e-05
Best library so far.
Testing N_win=326 N_cf=8
Windowing:
  config: # windows=326, spacing=0.5373395466959998, CF order=8
  error tolerance: rtol=0.001, atol=1e-05
Best library so far.
Testing N_win=326 N_cf=7
Windowing:
  config: # windows=326, spacing=0.5373395466959998, CF order=7
  error tolerance: rtol=0.001, atol=1e-05
Best library so far.
Testing N_win=326 N_cf=6
Windowing:
  config: # windows=326, spacing=0.5373395466959998, CF order=6
  error tolerance: rtol=0.001, atol=1e-05
Best library so far.
Testing N_win=326 N_cf=5
Windowing:
  config: # windows=326, spacing=0.5373395466959998, CF order=5
  error tolerance: rtol=0.001, atol=1e-05
Best library so far.
Testing N_win=326 N_cf=4
Windowing:
  config: # windows=326, spacing=0.5373395466959998, CF order=4
  error tolerance: rtol=0.001, atol=1e-05
Best library so far.
Testing N_win=326 N_cf=3
Windowing:
  config: # windows=326, spacing=0.5373395466959998, CF order=3
  error tolerance: rtol=0.001, atol=1e-05
Best library so far.
Testing N_win=326 N_cf=2
Windowing:
  config: # windows=326, spacing=0.5373395466959998, CF order=2
  error tolerance: rtol=0.001, atol=1e-05
Failed: Pure curvefit failed for the first window!
Testing N_win=431 N_cf=10
Windowing:
  config: # windows=431, spacing=0.40643316060996737, CF order=10
  error tolerance: rtol=0.001, atol=1e-05
Testing N_win=431 N_cf=9
Windowing:
  config: # windows=431, spacing=0.40643316060996737, CF order=9
  error tolerance: rtol=0.001, atol=1e-05
Testing N_win=431 N_cf=8
Windowing:
  config: # windows=431, spacing=0.40643316060996737, CF order=8
  error tolerance: rtol=0.001, atol=1e-05
Testing N_win=431 N_cf=7
Windowing:
  config: # windows=431, spacing=0.40643316060996737, CF order=7
  error tolerance: rtol=0.001, atol=1e-05
Testing N_win=431 N_cf=6
Windowing:
  config: # windows=431, spacing=0.40643316060996737, CF order=6
  error tolerance: rtol=0.001, atol=1e-05
Testing N_win=431 N_cf=5
Windowing:
  config: # windows=431, spacing=0.40643316060996737, CF order=5
  error tolerance: rtol=0.001, atol=1e-05
Best library so far.
Testing N_win=431 N_cf=4
Windowing:
  config: # windows=431, spacing=0.40643316060996737, CF order=4
  error tolerance: rtol=0.001, atol=1e-05
Best library so far.
Testing N_win=431 N_cf=3
Windowing:
  config: # windows=431, spacing=0.40643316060996737, CF order=3
  error tolerance: rtol=0.001, atol=1e-05
Best library so far.
Testing N_win=431 N_cf=2
Windowing:
  config: # windows=431, spacing=0.40643316060996737, CF order=2
  error tolerance: rtol=0.001, atol=1e-05
Failed: Pure curvefit failed for the first window!
Testing N_win=535 N_cf=10
Windowing:
  config: # windows=535, spacing=0.3274255929399924, CF order=10
  error tolerance: rtol=0.001, atol=1e-05
Testing N_win=535 N_cf=9
Windowing:
  config: # windows=535, spacing=0.3274255929399924, CF order=9
  error tolerance: rtol=0.001, atol=1e-05
Testing N_win=535 N_cf=8
Windowing:
  config: # windows=535, spacing=0.3274255929399924, CF order=8
  error tolerance: rtol=0.001, atol=1e-05
Testing N_win=535 N_cf=7
Windowing:
  config: # windows=535, spacing=0.3274255929399924, CF order=7
  error tolerance: rtol=0.001, atol=1e-05
Testing N_win=535 N_cf=6
Windowing:
  config: # windows=535, spacing=0.3274255929399924, CF order=6
  error tolerance: rtol=0.001, atol=1e-05
Testing N_win=535 N_cf=5
Windowing:
  config: # windows=535, spacing=0.3274255929399924, CF order=5
  error tolerance: rtol=0.001, atol=1e-05
Testing N_win=535 N_cf=4
Windowing:
  config: # windows=535, spacing=0.3274255929399924, CF order=4
  error tolerance: rtol=0.001, atol=1e-05
Best library so far.
Testing N_win=535 N_cf=3
Windowing:
  config: # windows=535, spacing=0.3274255929399924, CF order=3
  error tolerance: rtol=0.001, atol=1e-05
Best library so far.
Testing N_win=535 N_cf=2
Windowing:
  config: # windows=535, spacing=0.3274255929399924, CF order=2
  error tolerance: rtol=0.001, atol=1e-05
Failed: Pure curvefit failed for the first window!
Testing N_win=640 N_cf=10
Windowing:
  config: # windows=640, spacing=0.27370733159827487, CF order=10
  error tolerance: rtol=0.001, atol=1e-05
Testing N_win=640 N_cf=9
Windowing:
  config: # windows=640, spacing=0.27370733159827487, CF order=9
  error tolerance: rtol=0.001, atol=1e-05
Testing N_win=640 N_cf=8
Windowing:
  config: # windows=640, spacing=0.27370733159827487, CF order=8
  error tolerance: rtol=0.001, atol=1e-05
Testing N_win=640 N_cf=7
Windowing:
  config: # windows=640, spacing=0.27370733159827487, CF order=7
  error tolerance: rtol=0.001, atol=1e-05
Testing N_win=640 N_cf=6
Windowing:
  config: # windows=640, spacing=0.27370733159827487, CF order=6
  error tolerance: rtol=0.001, atol=1e-05
Testing N_win=640 N_cf=5
Windowing:
  config: # windows=640, spacing=0.27370733159827487, CF order=5
  error tolerance: rtol=0.001, atol=1e-05
Testing N_win=640 N_cf=4
Windowing:
  config: # windows=640, spacing=0.27370733159827487, CF order=4
  error tolerance: rtol=0.001, atol=1e-05
Testing N_win=640 N_cf=3
Windowing:
  config: # windows=640, spacing=0.27370733159827487, CF order=3
  error tolerance: rtol=0.001, atol=1e-05
Best library so far.
Testing N_win=640 N_cf=2
Windowing:
  config: # windows=640, spacing=0.27370733159827487, CF order=2
  error tolerance: rtol=0.001, atol=1e-05
Testing N_win=745 N_cf=10
Windowing:
  config: # windows=745, spacing=0.23513113050053144, CF order=10
  error tolerance: rtol=0.001, atol=1e-05
Testing N_win=745 N_cf=9
Windowing:
  config: # windows=745, spacing=0.23513113050053144, CF order=9
  error tolerance: rtol=0.001, atol=1e-05
Testing N_win=745 N_cf=8
Windowing:
  config: # windows=745, spacing=0.23513113050053144, CF order=8
  error tolerance: rtol=0.001, atol=1e-05
Testing N_win=745 N_cf=7
Windowing:
  config: # windows=745, spacing=0.23513113050053144, CF order=7
  error tolerance: rtol=0.001, atol=1e-05
Testing N_win=745 N_cf=6
Windowing:
  config: # windows=745, spacing=0.23513113050053144, CF order=6
  error tolerance: rtol=0.001, atol=1e-05
Testing N_win=745 N_cf=5
Windowing:
  config: # windows=745, spacing=0.23513113050053144, CF order=5
  error tolerance: rtol=0.001, atol=1e-05
Testing N_win=745 N_cf=4
Windowing:
  config: # windows=745, spacing=0.23513113050053144, CF order=4
  error tolerance: rtol=0.001, atol=1e-05
Testing N_win=745 N_cf=3
Windowing:
  config: # windows=745, spacing=0.23513113050053144, CF order=3
  error tolerance: rtol=0.001, atol=1e-05
Best library so far.
Testing N_win=745 N_cf=2
Windowing:
  config: # windows=745, spacing=0.23513113050053144, CF order=2
  error tolerance: rtol=0.001, atol=1e-05
Testing N_win=849 N_cf=10
Windowing:
  config: # windows=849, spacing=0.20632825939092572, CF order=10
  error tolerance: rtol=0.001, atol=1e-05
Testing N_win=849 N_cf=9
Windowing:
  config: # windows=849, spacing=0.20632825939092572, CF order=9
  error tolerance: rtol=0.001, atol=1e-05
Testing N_win=849 N_cf=8
Windowing:
  config: # windows=849, spacing=0.20632825939092572, CF order=8
  error tolerance: rtol=0.001, atol=1e-05
Testing N_win=849 N_cf=7
Windowing:
  config: # windows=849, spacing=0.20632825939092572, CF order=7
  error tolerance: rtol=0.001, atol=1e-05
Testing N_win=849 N_cf=6
Windowing:
  config: # windows=849, spacing=0.20632825939092572, CF order=6
  error tolerance: rtol=0.001, atol=1e-05
Testing N_win=849 N_cf=5
Windowing:
  config: # windows=849, spacing=0.20632825939092572, CF order=5
  error tolerance: rtol=0.001, atol=1e-05
Testing N_win=849 N_cf=4
Windowing:
  config: # windows=849, spacing=0.20632825939092572, CF order=4
  error tolerance: rtol=0.001, atol=1e-05
Testing N_win=849 N_cf=3
Windowing:
  config: # windows=849, spacing=0.20632825939092572, CF order=3
  error tolerance: rtol=0.001, atol=1e-05
Testing N_win=849 N_cf=2
Windowing:
  config: # windows=849, spacing=0.20632825939092572, CF order=2
  error tolerance: rtol=0.001, atol=1e-05
Testing N_win=954 N_cf=10
Windowing:
  config: # windows=954, spacing=0.1836191742378364, CF order=10
  error tolerance: rtol=0.001, atol=1e-05
Testing N_win=954 N_cf=9
Windowing:
  config: # windows=954, spacing=0.1836191742378364, CF order=9
  error tolerance: rtol=0.001, atol=1e-05
Testing N_win=954 N_cf=8
Windowing:
  config: # windows=954, spacing=0.1836191742378364, CF order=8
  error tolerance: rtol=0.001, atol=1e-05
Testing N_win=954 N_cf=7
Windowing:
  config: # windows=954, spacing=0.1836191742378364, CF order=7
  error tolerance: rtol=0.001, atol=1e-05
Testing N_win=954 N_cf=6
Windowing:
  config: # windows=954, spacing=0.1836191742378364, CF order=6
  error tolerance: rtol=0.001, atol=1e-05
Testing N_win=954 N_cf=5
Windowing:
  config: # windows=954, spacing=0.1836191742378364, CF order=5
  error tolerance: rtol=0.001, atol=1e-05
Testing N_win=954 N_cf=4
Windowing:
  config: # windows=954, spacing=0.1836191742378364, CF order=4
  error tolerance: rtol=0.001, atol=1e-05
Testing N_win=954 N_cf=3
Windowing:
  config: # windows=954, spacing=0.1836191742378364, CF order=3
  error tolerance: rtol=0.001, atol=1e-05
Testing N_win=954 N_cf=2
Windowing:
  config: # windows=954, spacing=0.1836191742378364, CF order=2
  error tolerance: rtol=0.001, atol=1e-05
Testing N_win=1058 N_cf=10
Windowing:
  config: # windows=1058, spacing=0.16556965238458973, CF order=10
  error tolerance: rtol=0.001, atol=1e-05
Testing N_win=1058 N_cf=9
Windowing:
  config: # windows=1058, spacing=0.16556965238458973, CF order=9
  error tolerance: rtol=0.001, atol=1e-05
Testing N_win=1058 N_cf=8
Windowing:
  config: # windows=1058, spacing=0.16556965238458973, CF order=8
  error tolerance: rtol=0.001, atol=1e-05
Testing N_win=1058 N_cf=7
Windowing:
  config: # windows=1058, spacing=0.16556965238458973, CF order=7
  error tolerance: rtol=0.001, atol=1e-05
Testing N_win=1058 N_cf=6
Windowing:
  config: # windows=1058, spacing=0.16556965238458973, CF order=6
  error tolerance: rtol=0.001, atol=1e-05
Testing N_win=1058 N_cf=5
Windowing:
  config: # windows=1058, spacing=0.16556965238458973, CF order=5
  error tolerance: rtol=0.001, atol=1e-05
Testing N_win=1058 N_cf=4
Windowing:
  config: # windows=1058, spacing=0.16556965238458973, CF order=4
  error tolerance: rtol=0.001, atol=1e-05
Testing N_win=1058 N_cf=3
Windowing:
  config: # windows=1058, spacing=0.16556965238458973, CF order=3
  error tolerance: rtol=0.001, atol=1e-05
Testing N_win=1058 N_cf=2
Windowing:
  config: # windows=1058, spacing=0.16556965238458973, CF order=2
  error tolerance: rtol=0.001, atol=1e-05
Testing N_win=1163 N_cf=10
Windowing:
  config: # windows=1163, spacing=0.15062140345906788, CF order=10
  error tolerance: rtol=0.001, atol=1e-05
Testing N_win=1163 N_cf=9
Windowing:
  config: # windows=1163, spacing=0.15062140345906788, CF order=9
  error tolerance: rtol=0.001, atol=1e-05
Testing N_win=1163 N_cf=8
Windowing:
  config: # windows=1163, spacing=0.15062140345906788, CF order=8
  error tolerance: rtol=0.001, atol=1e-05
Testing N_win=1163 N_cf=7
Windowing:
  config: # windows=1163, spacing=0.15062140345906788, CF order=7
  error tolerance: rtol=0.001, atol=1e-05
Testing N_win=1163 N_cf=6
Windowing:
  config: # windows=1163, spacing=0.15062140345906788, CF order=6
  error tolerance: rtol=0.001, atol=1e-05
Testing N_win=1163 N_cf=5
Windowing:
  config: # windows=1163, spacing=0.15062140345906788, CF order=5
  error tolerance: rtol=0.001, atol=1e-05
Testing N_win=1163 N_cf=4
Windowing:
  config: # windows=1163, spacing=0.15062140345906788, CF order=4
  error tolerance: rtol=0.001, atol=1e-05
Testing N_win=1163 N_cf=3
Windowing:
  config: # windows=1163, spacing=0.15062140345906788, CF order=3
  error tolerance: rtol=0.001, atol=1e-05
Testing N_win=1163 N_cf=2
Windowing:
  config: # windows=1163, spacing=0.15062140345906788, CF order=2
  error tolerance: rtol=0.001, atol=1e-05
Testing N_win=1267 N_cf=10
Windowing:
  config: # windows=1267, spacing=0.13825784705832356, CF order=10
  error tolerance: rtol=0.001, atol=1e-05
Testing N_win=1267 N_cf=9
Windowing:
  config: # windows=1267, spacing=0.13825784705832356, CF order=9
  error tolerance: rtol=0.001, atol=1e-05
Testing N_win=1267 N_cf=8
Windowing:
  config: # windows=1267, spacing=0.13825784705832356, CF order=8
  error tolerance: rtol=0.001, atol=1e-05
Testing N_win=1267 N_cf=7
Windowing:
  config: # windows=1267, spacing=0.13825784705832356, CF order=7
  error tolerance: rtol=0.001, atol=1e-05
Testing N_win=1267 N_cf=6
Windowing:
  config: # windows=1267, spacing=0.13825784705832356, CF order=6
  error tolerance: rtol=0.001, atol=1e-05
Testing N_win=1267 N_cf=5
Windowing:
  config: # windows=1267, spacing=0.13825784705832356, CF order=5
  error tolerance: rtol=0.001, atol=1e-05
Testing N_win=1267 N_cf=4
Windowing:
  config: # windows=1267, spacing=0.13825784705832356, CF order=4
  error tolerance: rtol=0.001, atol=1e-05
Testing N_win=1267 N_cf=3
Windowing:
  config: # windows=1267, spacing=0.13825784705832356, CF order=3
  error tolerance: rtol=0.001, atol=1e-05
Testing N_win=1267 N_cf=2
Windowing:
  config: # windows=1267, spacing=0.13825784705832356, CF order=2
  error tolerance: rtol=0.001, atol=1e-05
Testing N_win=1372 N_cf=10
Windowing:
  config: # windows=1372, spacing=0.1276768893752886, CF order=10
  error tolerance: rtol=0.001, atol=1e-05
Testing N_win=1372 N_cf=9
Windowing:
  config: # windows=1372, spacing=0.1276768893752886, CF order=9
  error tolerance: rtol=0.001, atol=1e-05
Testing N_win=1372 N_cf=8
Windowing:
  config: # windows=1372, spacing=0.1276768893752886, CF order=8
  error tolerance: rtol=0.001, atol=1e-05
Testing N_win=1372 N_cf=7
Windowing:
  config: # windows=1372, spacing=0.1276768893752886, CF order=7
  error tolerance: rtol=0.001, atol=1e-05
Testing N_win=1372 N_cf=6
Windowing:
  config: # windows=1372, spacing=0.1276768893752886, CF order=6
  error tolerance: rtol=0.001, atol=1e-05
Testing N_win=1372 N_cf=5
Windowing:
  config: # windows=1372, spacing=0.1276768893752886, CF order=5
  error tolerance: rtol=0.001, atol=1e-05
Testing N_win=1372 N_cf=4
Windowing:
  config: # windows=1372, spacing=0.1276768893752886, CF order=4
  error tolerance: rtol=0.001, atol=1e-05
Testing N_win=1372 N_cf=3
Windowing:
  config: # windows=1372, spacing=0.1276768893752886, CF order=3
  error tolerance: rtol=0.001, atol=1e-05
Testing N_win=1372 N_cf=2
Windowing:
  config: # windows=1372, spacing=0.1276768893752886, CF order=2
  error tolerance: rtol=0.001, atol=1e-05
Testing N_win=1477 N_cf=10
Windowing:
  config: # windows=1477, spacing=0.11860033325856191, CF order=10
  error tolerance: rtol=0.001, atol=1e-05
Testing N_win=1477 N_cf=9
Windowing:
  config: # windows=1477, spacing=0.11860033325856191, CF order=9
  error tolerance: rtol=0.001, atol=1e-05
Testing N_win=1477 N_cf=8
Windowing:
  config: # windows=1477, spacing=0.11860033325856191, CF order=8
  error tolerance: rtol=0.001, atol=1e-05
Testing N_win=1477 N_cf=7
Windowing:
  config: # windows=1477, spacing=0.11860033325856191, CF order=7
  error tolerance: rtol=0.001, atol=1e-05
Testing N_win=1477 N_cf=6
Windowing:
  config: # windows=1477, spacing=0.11860033325856191, CF order=6
  error tolerance: rtol=0.001, atol=1e-05
Testing N_win=1477 N_cf=5
Windowing:
  config: # windows=1477, spacing=0.11860033325856191, CF order=5
  error tolerance: rtol=0.001, atol=1e-05
Testing N_win=1477 N_cf=4
Windowing:
  config: # windows=1477, spacing=0.11860033325856191, CF order=4
  error tolerance: rtol=0.001, atol=1e-05
Testing N_win=1477 N_cf=3
Windowing:
  config: # windows=1477, spacing=0.11860033325856191, CF order=3
  error tolerance: rtol=0.001, atol=1e-05
Testing N_win=1477 N_cf=2
Windowing:
  config: # windows=1477, spacing=0.11860033325856191, CF order=2
  error tolerance: rtol=0.001, atol=1e-05
Testing N_win=1581 N_cf=10
Windowing:
  config: # windows=1581, spacing=0.11079866680765081, CF order=10
  error tolerance: rtol=0.001, atol=1e-05
Testing N_win=1581 N_cf=9
Windowing:
  config: # windows=1581, spacing=0.11079866680765081, CF order=9
  error tolerance: rtol=0.001, atol=1e-05
Testing N_win=1581 N_cf=8
Windowing:
  config: # windows=1581, spacing=0.11079866680765081, CF order=8
  error tolerance: rtol=0.001, atol=1e-05
Testing N_win=1581 N_cf=7
Windowing:
  config: # windows=1581, spacing=0.11079866680765081, CF order=7
  error tolerance: rtol=0.001, atol=1e-05
Testing N_win=1581 N_cf=6
Windowing:
  config: # windows=1581, spacing=0.11079866680765081, CF order=6
  error tolerance: rtol=0.001, atol=1e-05
Testing N_win=1581 N_cf=5
Windowing:
  config: # windows=1581, spacing=0.11079866680765081, CF order=5
  error tolerance: rtol=0.001, atol=1e-05
Testing N_win=1581 N_cf=4
Windowing:
  config: # windows=1581, spacing=0.11079866680765081, CF order=4
  error tolerance: rtol=0.001, atol=1e-05
Testing N_win=1581 N_cf=3
Windowing:
  config: # windows=1581, spacing=0.11079866680765081, CF order=3
  error tolerance: rtol=0.001, atol=1e-05
Testing N_win=1581 N_cf=2
Windowing:
  config: # windows=1581, spacing=0.11079866680765081, CF order=2
  error tolerance: rtol=0.001, atol=1e-05
Testing N_win=1686 N_cf=10
Windowing:
  config: # windows=1686, spacing=0.10389839396375797, CF order=10
  error tolerance: rtol=0.001, atol=1e-05
Testing N_win=1686 N_cf=9
Windowing:
  config: # windows=1686, spacing=0.10389839396375797, CF order=9
  error tolerance: rtol=0.001, atol=1e-05
Testing N_win=1686 N_cf=8
Windowing:
  config: # windows=1686, spacing=0.10389839396375797, CF order=8
  error tolerance: rtol=0.001, atol=1e-05
Testing N_win=1686 N_cf=7
Windowing:
  config: # windows=1686, spacing=0.10389839396375797, CF order=7
  error tolerance: rtol=0.001, atol=1e-05
Testing N_win=1686 N_cf=6
Windowing:
  config: # windows=1686, spacing=0.10389839396375797, CF order=6
  error tolerance: rtol=0.001, atol=1e-05
Testing N_win=1686 N_cf=5
Windowing:
  config: # windows=1686, spacing=0.10389839396375797, CF order=5
  error tolerance: rtol=0.001, atol=1e-05
Testing N_win=1686 N_cf=4
Windowing:
  config: # windows=1686, spacing=0.10389839396375797, CF order=4
  error tolerance: rtol=0.001, atol=1e-05
Testing N_win=1686 N_cf=3
Windowing:
  config: # windows=1686, spacing=0.10389839396375797, CF order=3
  error tolerance: rtol=0.001, atol=1e-05
Testing N_win=1686 N_cf=2
Windowing:
  config: # windows=1686, spacing=0.10389839396375797, CF order=2
  error tolerance: rtol=0.001, atol=1e-05
Testing N_win=1790 N_cf=10
Windowing:
  config: # windows=1790, spacing=0.09786183923066812, CF order=10
  error tolerance: rtol=0.001, atol=1e-05
Testing N_win=1790 N_cf=9
Windowing:
  config: # windows=1790, spacing=0.09786183923066812, CF order=9
  error tolerance: rtol=0.001, atol=1e-05
Testing N_win=1790 N_cf=8
Windowing:
  config: # windows=1790, spacing=0.09786183923066812, CF order=8
  error tolerance: rtol=0.001, atol=1e-05
Testing N_win=1790 N_cf=7
Windowing:
  config: # windows=1790, spacing=0.09786183923066812, CF order=7
  error tolerance: rtol=0.001, atol=1e-05
Testing N_win=1790 N_cf=6
Windowing:
  config: # windows=1790, spacing=0.09786183923066812, CF order=6
  error tolerance: rtol=0.001, atol=1e-05
Testing N_win=1790 N_cf=5
Windowing:
  config: # windows=1790, spacing=0.09786183923066812, CF order=5
  error tolerance: rtol=0.001, atol=1e-05
Testing N_win=1790 N_cf=4
Windowing:
  config: # windows=1790, spacing=0.09786183923066812, CF order=4
  error tolerance: rtol=0.001, atol=1e-05
Testing N_win=1790 N_cf=3
Windowing:
  config: # windows=1790, spacing=0.09786183923066812, CF order=3
  error tolerance: rtol=0.001, atol=1e-05
Testing N_win=1790 N_cf=2
Windowing:
  config: # windows=1790, spacing=0.09786183923066812, CF order=2
  error tolerance: rtol=0.001, atol=1e-05
Testing N_win=1895 N_cf=10
Windowing:
  config: # windows=1895, spacing=0.09243941542105326, CF order=10
  error tolerance: rtol=0.001, atol=1e-05
Testing N_win=1895 N_cf=9
Windowing:
  config: # windows=1895, spacing=0.09243941542105326, CF order=9
  error tolerance: rtol=0.001, atol=1e-05
Testing N_win=1895 N_cf=8
Windowing:
  config: # windows=1895, spacing=0.09243941542105326, CF order=8
  error tolerance: rtol=0.001, atol=1e-05
Testing N_win=1895 N_cf=7
Windowing:
  config: # windows=1895, spacing=0.09243941542105326, CF order=7
  error tolerance: rtol=0.001, atol=1e-05
Testing N_win=1895 N_cf=6
Windowing:
  config: # windows=1895, spacing=0.09243941542105326, CF order=6
  error tolerance: rtol=0.001, atol=1e-05
Testing N_win=1895 N_cf=5
Windowing:
  config: # windows=1895, spacing=0.09243941542105326, CF order=5
  error tolerance: rtol=0.001, atol=1e-05
Testing N_win=1895 N_cf=4
Windowing:
  config: # windows=1895, spacing=0.09243941542105326, CF order=4
  error tolerance: rtol=0.001, atol=1e-05
Testing N_win=1895 N_cf=3
Windowing:
  config: # windows=1895, spacing=0.09243941542105326, CF order=3
  error tolerance: rtol=0.001, atol=1e-05
Testing N_win=1895 N_cf=2
Windowing:
  config: # windows=1895, spacing=0.09243941542105326, CF order=2
  error tolerance: rtol=0.001, atol=1e-05
Testing N_win=2000 N_cf=10
Windowing:
  config: # windows=2000, spacing=0.08758634611144797, CF order=10
  error tolerance: rtol=0.001, atol=1e-05
Testing N_win=2000 N_cf=9
Windowing:
  config: # windows=2000, spacing=0.08758634611144797, CF order=9
  error tolerance: rtol=0.001, atol=1e-05
Testing N_win=2000 N_cf=8
Windowing:
  config: # windows=2000, spacing=0.08758634611144797, CF order=8
  error tolerance: rtol=0.001, atol=1e-05
Testing N_win=2000 N_cf=7
Windowing:
  config: # windows=2000, spacing=0.08758634611144797, CF order=7
  error tolerance: rtol=0.001, atol=1e-05
Testing N_win=2000 N_cf=6
Windowing:
  config: # windows=2000, spacing=0.08758634611144797, CF order=6
  error tolerance: rtol=0.001, atol=1e-05
Testing N_win=2000 N_cf=5
Windowing:
  config: # windows=2000, spacing=0.08758634611144797, CF order=5
  error tolerance: rtol=0.001, atol=1e-05
Testing N_win=2000 N_cf=4
Windowing:
  config: # windows=2000, spacing=0.08758634611144797, CF order=4
  error tolerance: rtol=0.001, atol=1e-05
Testing N_win=2000 N_cf=3
Windowing:
  config: # windows=2000, spacing=0.08758634611144797, CF order=3
  error tolerance: rtol=0.001, atol=1e-05
Testing N_win=2000 N_cf=2
Windowing:
  config: # windows=2000, spacing=0.08758634611144797, CF order=2
  error tolerance: rtol=0.001, atol=1e-05
Final library: 167 poles, 745 windows, 1.8 poles per window, 3 CF order
