Start searching ...
Testing N_win=5 N_cf=10
Windowing:
  config: # windows=5, spacing=367.87402010971334, CF order=10
  error tolerance: rtol=0.001, atol=1e-05
Failed: Pure curvefit failed for the first window!
Testing N_win=110 N_cf=10
Windowing:
  config: # windows=110, spacing=16.721546368623336, CF order=10
  error tolerance: rtol=0.001, atol=1e-05
Failed: Pure curvefit failed for the first window!
Testing N_win=215 N_cf=10
Windowing:
  config: # windows=215, spacing=8.555209769993334, CF order=10
  error tolerance: rtol=0.001, atol=1e-05
Failed: Pure curvefit failed for the first window!
Testing N_win=320 N_cf=10
Windowing:
  config: # windows=320, spacing=5.748031564214271, CF order=10
  error tolerance: rtol=0.001, atol=1e-05
Failed: Pure curvefit failed for the first window!
Testing N_win=425 N_cf=10
Windowing:
  config: # windows=425, spacing=4.327929648349569, CF order=10
  error tolerance: rtol=0.001, atol=1e-05
Failed: Pure curvefit failed for the first window!
Testing N_win=530 N_cf=10
Windowing:
  config: # windows=530, spacing=3.4705096236765414, CF order=10
  error tolerance: rtol=0.001, atol=1e-05
Failed: Pure curvefit failed for the first window!
Testing N_win=635 N_cf=10
Windowing:
  config: # windows=635, spacing=2.8966458276355382, CF order=10
  error tolerance: rtol=0.001, atol=1e-05
Failed: Pure curvefit failed for the first window!
Testing N_win=740 N_cf=10
Windowing:
  config: # windows=740, spacing=2.485635271011577, CF order=10
  error tolerance: rtol=0.001, atol=1e-05
Failed: Pure curvefit failed for the first window!
Testing N_win=845 N_cf=10
Windowing:
  config: # windows=845, spacing=2.1767693497616176, CF order=10
  error tolerance: rtol=0.001, atol=1e-05
Failed: Pure curvefit failed for the first window!
Testing N_win=950 N_cf=10
Windowing:
  config: # windows=950, spacing=1.9361790532090177, CF order=10
  error tolerance: rtol=0.001, atol=1e-05
Failed: Pure curvefit failed for the first window!
Testing N_win=1055 N_cf=10
Windowing:
  config: # windows=1055, spacing=1.7434787682924804, CF order=10
  error tolerance: rtol=0.001, atol=1e-05
Failed: Pure curvefit failed for the first window!
Testing N_win=1160 N_cf=10
Windowing:
  config: # windows=1160, spacing=1.5856638797832472, CF order=10
  error tolerance: rtol=0.001, atol=1e-05
Failed: Pure curvefit failed for the first window!
Testing N_win=1265 N_cf=10
Windowing:
  config: # windows=1265, spacing=1.4540475103150725, CF order=10
  error tolerance: rtol=0.001, atol=1e-05
Failed: Pure curvefit failed for the first window!
Testing N_win=1370 N_cf=10
Windowing:
  config: # windows=1370, spacing=1.342605912809173, CF order=10
  error tolerance: rtol=0.001, atol=1e-05
Failed: Pure curvefit failed for the first window!
Testing N_win=1475 N_cf=10
Windowing:
  config: # windows=1475, spacing=1.2470305766430962, CF order=10
  error tolerance: rtol=0.001, atol=1e-05
Failed: Pure curvefit failed for the first window!
Testing N_win=1580 N_cf=10
Windowing:
  config: # windows=1580, spacing=1.1641582914864348, CF order=10
  error tolerance: rtol=0.001, atol=1e-05
Failed: Pure curvefit failed for the first window!
Testing N_win=1685 N_cf=10
Windowing:
  config: # windows=1685, spacing=1.091614302996182, CF order=10
  error tolerance: rtol=0.001, atol=1e-05
Failed: Pure curvefit failed for the first window!
Testing N_win=1790 N_cf=10
Windowing:
  config: # windows=1790, spacing=1.0275810617589758, CF order=10
  error tolerance: rtol=0.001, atol=1e-05
Failed: Pure curvefit failed for the first window!
Testing N_win=1895 N_cf=10
Windowing:
  config: # windows=1895, spacing=0.9706438525322252, CF order=10
  error tolerance: rtol=0.001, atol=1e-05
Failed: Pure curvefit failed for the first window!
Testing N_win=2000 N_cf=10
Windowing:
  config: # windows=2000, spacing=0.9196850502742834, CF order=10
  error tolerance: rtol=0.001, atol=1e-05
Failed: Pure curvefit failed for the first window!
Start searching ...
Testing N_win=5 N_cf=10
Windowing:
  config: # windows=5, spacing=367.87402010971334, CF order=10
  error tolerance: rtol=0.005, atol=1e-05
Failed: Pure curvefit failed for the first window!
Testing N_win=110 N_cf=10
Windowing:
  config: # windows=110, spacing=16.721546368623336, CF order=10
  error tolerance: rtol=0.005, atol=1e-05
Failed: Pure curvefit failed for the first window!
Testing N_win=215 N_cf=10
Windowing:
  config: # windows=215, spacing=8.555209769993334, CF order=10
  error tolerance: rtol=0.005, atol=1e-05
Failed: Pure curvefit failed for the first window!
Testing N_win=320 N_cf=10
Windowing:
  config: # windows=320, spacing=5.748031564214271, CF order=10
  error tolerance: rtol=0.005, atol=1e-05
Failed: Pure curvefit failed for the first window!
Testing N_win=425 N_cf=10
Windowing:
  config: # windows=425, spacing=4.327929648349569, CF order=10
  error tolerance: rtol=0.005, atol=1e-05
Failed: Pure curvefit failed for the first window!
Testing N_win=530 N_cf=10
Windowing:
  config: # windows=530, spacing=3.4705096236765414, CF order=10
  error tolerance: rtol=0.005, atol=1e-05
Failed: Pure curvefit failed for the first window!
Testing N_win=635 N_cf=10
Windowing:
  config: # windows=635, spacing=2.8966458276355382, CF order=10
  error tolerance: rtol=0.005, atol=1e-05
Failed: Pure curvefit failed for the first window!
Testing N_win=740 N_cf=10
Windowing:
  config: # windows=740, spacing=2.485635271011577, CF order=10
  error tolerance: rtol=0.005, atol=1e-05
Failed: Pure curvefit failed for the first window!
Testing N_win=845 N_cf=10
Windowing:
  config: # windows=845, spacing=2.1767693497616176, CF order=10
  error tolerance: rtol=0.005, atol=1e-05
Failed: Pure curvefit failed for the first window!
Testing N_win=950 N_cf=10
Windowing:
  config: # windows=950, spacing=1.9361790532090177, CF order=10
  error tolerance: rtol=0.005, atol=1e-05
Failed: Pure curvefit failed for the first window!
Testing N_win=1055 N_cf=10
Windowing:
  config: # windows=1055, spacing=1.7434787682924804, CF order=10
  error tolerance: rtol=0.005, atol=1e-05
Failed: Pure curvefit failed for the first window!
Testing N_win=1160 N_cf=10
Windowing:
  config: # windows=1160, spacing=1.5856638797832472, CF order=10
  error tolerance: rtol=0.005, atol=1e-05
Failed: Pure curvefit failed for the first window!
Testing N_win=1265 N_cf=10
Windowing:
  config: # windows=1265, spacing=1.4540475103150725, CF order=10
  error tolerance: rtol=0.005, atol=1e-05
Failed: Pure curvefit failed for the first window!
Testing N_win=1370 N_cf=10
Windowing:
  config: # windows=1370, spacing=1.342605912809173, CF order=10
  error tolerance: rtol=0.005, atol=1e-05
Failed: Pure curvefit failed for the first window!
Testing N_win=1475 N_cf=10
Windowing:
  config: # windows=1475, spacing=1.2470305766430962, CF order=10
  error tolerance: rtol=0.005, atol=1e-05
Failed: Pure curvefit failed for the first window!
Testing N_win=1580 N_cf=10
Windowing:
  config: # windows=1580, spacing=1.1641582914864348, CF order=10
  error tolerance: rtol=0.005, atol=1e-05
Failed: Pure curvefit failed for the first window!
Testing N_win=1685 N_cf=10
Windowing:
  config: # windows=1685, spacing=1.091614302996182, CF order=10
  error tolerance: rtol=0.005, atol=1e-05
Failed: Pure curvefit failed for the first window!
Testing N_win=1790 N_cf=10
Windowing:
  config: # windows=1790, spacing=1.0275810617589758, CF order=10
  error tolerance: rtol=0.005, atol=1e-05
Failed: Pure curvefit failed for the first window!
Testing N_win=1895 N_cf=10
Windowing:
  config: # windows=1895, spacing=0.9706438525322252, CF order=10
  error tolerance: rtol=0.005, atol=1e-05
Failed: Pure curvefit failed for the first window!
Testing N_win=2000 N_cf=10
Windowing:
  config: # windows=2000, spacing=0.9196850502742834, CF order=10
  error tolerance: rtol=0.005, atol=1e-05
Failed: Pure curvefit failed for the first window!
Start searching ...
Testing N_win=5 N_cf=10
Windowing:
  config: # windows=5, spacing=367.87402010971334, CF order=10
  error tolerance: rtol=0.01, atol=1e-05
Processing window 1/5...
Trying poles 4 to 4
Failed: Pure curvefit failed for the first window!
Testing N_win=110 N_cf=10
Windowing:
  config: # windows=110, spacing=16.721546368623336, CF order=10
  error tolerance: rtol=0.01, atol=1e-05
Processing window 1/110...
Trying poles 4 to 4
Failed: Pure curvefit failed for the first window!
Testing N_win=215 N_cf=10
Windowing:
  config: # windows=215, spacing=8.555209769993334, CF order=10
  error tolerance: rtol=0.01, atol=1e-05
Processing window 1/215...
Trying poles 4 to 4
Failed: Pure curvefit failed for the first window!
Testing N_win=320 N_cf=10
Windowing:
  config: # windows=320, spacing=5.748031564214271, CF order=10
  error tolerance: rtol=0.01, atol=1e-05
Processing window 1/320...
Trying poles 4 to 4
Failed: Pure curvefit failed for the first window!
Testing N_win=425 N_cf=10
Windowing:
  config: # windows=425, spacing=4.327929648349569, CF order=10
  error tolerance: rtol=0.01, atol=1e-05
Processing window 1/425...
Trying poles 4 to 4
Failed: Pure curvefit failed for the first window!
Testing N_win=530 N_cf=10
Windowing:
  config: # windows=530, spacing=3.4705096236765414, CF order=10
  error tolerance: rtol=0.01, atol=1e-05
Processing window 1/530...
Trying poles 4 to 4
Failed: Pure curvefit failed for the first window!
Testing N_win=635 N_cf=10
Windowing:
  config: # windows=635, spacing=2.8966458276355382, CF order=10
  error tolerance: rtol=0.01, atol=1e-05
Processing window 1/635...
Trying poles 4 to 4
Failed: Pure curvefit failed for the first window!
Testing N_win=740 N_cf=10
Windowing:
  config: # windows=740, spacing=2.485635271011577, CF order=10
  error tolerance: rtol=0.01, atol=1e-05
Processing window 1/740...
Trying poles 4 to 4
Failed: Pure curvefit failed for the first window!
Testing N_win=845 N_cf=10
Windowing:
  config: # windows=845, spacing=2.1767693497616176, CF order=10
  error tolerance: rtol=0.01, atol=1e-05
Processing window 1/845...
Trying poles 4 to 4
Failed: Pure curvefit failed for the first window!
Testing N_win=950 N_cf=10
Windowing:
  config: # windows=950, spacing=1.9361790532090177, CF order=10
  error tolerance: rtol=0.01, atol=1e-05
Processing window 1/950...
Trying poles 4 to 4
Failed: Pure curvefit failed for the first window!
Testing N_win=1055 N_cf=10
Windowing:
  config: # windows=1055, spacing=1.7434787682924804, CF order=10
  error tolerance: rtol=0.01, atol=1e-05
Processing window 1/1055...
Trying poles 4 to 4
Failed: Pure curvefit failed for the first window!
Testing N_win=1160 N_cf=10
Windowing:
  config: # windows=1160, spacing=1.5856638797832472, CF order=10
  error tolerance: rtol=0.01, atol=1e-05
Processing window 1/1160...
Trying poles 4 to 4
Failed: Pure curvefit failed for the first window!
Testing N_win=1265 N_cf=10
Windowing:
  config: # windows=1265, spacing=1.4540475103150725, CF order=10
  error tolerance: rtol=0.01, atol=1e-05
Processing window 1/1265...
Trying poles 4 to 4
Failed: Pure curvefit failed for the first window!
Testing N_win=1370 N_cf=10
Windowing:
  config: # windows=1370, spacing=1.342605912809173, CF order=10
  error tolerance: rtol=0.01, atol=1e-05
Processing window 1/1370...
Trying poles 4 to 4
Failed: Pure curvefit failed for the first window!
Testing N_win=1475 N_cf=10
Windowing:
  config: # windows=1475, spacing=1.2470305766430962, CF order=10
  error tolerance: rtol=0.01, atol=1e-05
Processing window 1/1475...
Trying poles 4 to 4
Failed: Pure curvefit failed for the first window!
Testing N_win=1580 N_cf=10
Windowing:
  config: # windows=1580, spacing=1.1641582914864348, CF order=10
  error tolerance: rtol=0.01, atol=1e-05
Processing window 1/1580...
Trying poles 4 to 4
Failed: Pure curvefit failed for the first window!
Testing N_win=1685 N_cf=10
Windowing:
  config: # windows=1685, spacing=1.091614302996182, CF order=10
  error tolerance: rtol=0.01, atol=1e-05
Processing window 1/1685...
Trying poles 4 to 4
Failed: Pure curvefit failed for the first window!
Testing N_win=1790 N_cf=10
Windowing:
  config: # windows=1790, spacing=1.0275810617589758, CF order=10
  error tolerance: rtol=0.01, atol=1e-05
Processing window 1/1790...
Trying poles 4 to 4
Failed: Pure curvefit failed for the first window!
Testing N_win=1895 N_cf=10
Windowing:
  config: # windows=1895, spacing=0.9706438525322252, CF order=10
  error tolerance: rtol=0.01, atol=1e-05
Processing window 1/1895...
Trying poles 4 to 4
Failed: Pure curvefit failed for the first window!
Testing N_win=2000 N_cf=10
Windowing:
  config: # windows=2000, spacing=0.9196850502742834, CF order=10
  error tolerance: rtol=0.01, atol=1e-05
Processing window 1/2000...
Trying poles 4 to 4
Failed: Pure curvefit failed for the first window!
