Running NJOY to get 0K point-wise data (error=0.0005)...
Parsing cross sections within resolved resonance range...
  MTs: [2, 27, 102, 103, 107]
  Energy range: 1.000e-05 to 1.000e+02 eV (22891 points)
Vector fitting piece 1/11...
  energy: 1.000e-05 to 1.167e+00 eV (1276 points)
  error tolerance: rtol=0.001, atol=1e-05
Found 3 peaks
Fitting orders from 6 to 200
Order=6(0/98)
Order=8(1/98)
Order=10(2/98)
Order=12(3/98)
Order=14(4/98)
Order=16(5/98)
Order=18(6/98)
Order=20(7/98)
Order=22(8/98)
Order=24(9/98)
Order=26(10/98)
Order=28(11/98)
Order=30(12/98)
Order=32(13/98)
Order=34(14/98)
Order=36(15/98)
Order=38(16/98)
Order=40(17/98)
Order=42(18/98)
Order=44(19/98)
Order=46(20/98)
Order=48(21/98)
Order=50(22/98)
Order=52(23/98)
Order=54(24/98)
Order=56(25/98)
Order=58(26/98)
Order=60(27/98)
Order=62(28/98)
Order=64(29/98)
Found 1 real poles and 33 conjugate complex pairs.
Final number of poles: 34
Saved figure: WMP_Lib/Eu151/0-1_MT2.png
Saved figure: WMP_Lib/Eu151/0-1_MT27.png
Saved figure: WMP_Lib/Eu151/0-1_MT102.png
Saved figure: WMP_Lib/Eu151/0-1_MT107.png
Vector fitting piece 2/11...
  energy: 8.474e-02 to 3.956e+00 eV (1607 points)
  error tolerance: rtol=0.001, atol=1e-05
Found 7 peaks
Fitting orders from 14 to 200
Order=14(0/94)
Order=16(1/94)
Order=18(2/94)
Order=20(3/94)
Order=22(4/94)
Order=24(5/94)
Order=26(6/94)
Order=28(7/94)
Order=30(8/94)
Order=32(9/94)
Order=34(10/94)
Order=36(11/94)
Order=38(12/94)
Order=40(13/94)
Order=42(14/94)
Order=44(15/94)
Order=46(16/94)
Order=48(17/94)
Order=50(18/94)
Order=52(19/94)
Order=54(20/94)
Order=56(21/94)
Order=58(22/94)
Order=60(23/94)
Order=62(24/94)
Order=64(25/94)
Order=66(26/94)
Order=68(27/94)
Order=70(28/94)
Order=72(29/94)
Order=74(30/94)
Order=76(31/94)
Order=78(32/94)
Order=80(33/94)
Order=82(34/94)
Order=84(35/94)
Order=86(36/94)
Order=88(37/94)
Order=90(38/94)
Order=92(39/94)
Order=94(40/94)
Order=96(41/94)
Order=98(42/94)
Order=100(43/94)
Found 1 real poles and 56 conjugate complex pairs.
Final number of poles: 57
Saved figure: WMP_Lib/Eu151/0-4_MT2.png
Saved figure: WMP_Lib/Eu151/0-4_MT27.png
Saved figure: WMP_Lib/Eu151/0-4_MT102.png
Saved figure: WMP_Lib/Eu151/0-4_MT107.png
Vector fitting piece 3/11...
  energy: 1.434e+00 to 8.415e+00 eV (1864 points)
  error tolerance: rtol=0.001, atol=1e-05
Found 9 peaks
Fitting orders from 18 to 200
Order=18(0/92)
Order=20(1/92)
Order=22(2/92)
Order=24(3/92)
Order=26(4/92)
Order=28(5/92)
Order=30(6/92)
Order=32(7/92)
Order=34(8/92)
Order=36(9/92)
Order=38(10/92)
Order=40(11/92)
Order=42(12/92)
Order=44(13/92)
Order=46(14/92)
Order=48(15/92)
Order=50(16/92)
Order=52(17/92)
Order=54(18/92)
Order=56(19/92)
Order=58(20/92)
Order=60(21/92)
Order=62(22/92)
Order=64(23/92)
Order=66(24/92)
Order=68(25/92)
Order=70(26/92)
Order=72(27/92)
Order=74(28/92)
Order=76(29/92)
Order=78(30/92)
Order=80(31/92)
Order=82(32/92)
Found 2 real poles and 38 conjugate complex pairs.
Final number of poles: 40
Saved figure: WMP_Lib/Eu151/1-8_MT2.png
Saved figure: WMP_Lib/Eu151/1-8_MT27.png
Saved figure: WMP_Lib/Eu151/1-8_MT102.png
Saved figure: WMP_Lib/Eu151/1-8_MT107.png
Vector fitting piece 4/11...
  energy: 4.436e+00 to 1.449e+01 eV (2441 points)
  error tolerance: rtol=0.001, atol=1e-05
Found 11 peaks
Fitting orders from 22 to 200
Order=22(0/90)
Order=24(1/90)
Order=26(2/90)
Order=28(3/90)
Order=30(4/90)
Order=32(5/90)
Order=34(6/90)
Order=36(7/90)
Order=38(8/90)
Order=40(9/90)
Order=42(10/90)
Order=44(11/90)
Order=46(12/90)
Order=48(13/90)
Order=50(14/90)
Order=52(15/90)
Order=54(16/90)
Order=56(17/90)
Order=58(18/90)
Order=60(19/90)
Order=62(20/90)
Order=64(21/90)
Order=66(22/90)
Order=68(23/90)
Order=70(24/90)
Order=72(25/90)
Order=74(26/90)
Found 3 real poles and 33 conjugate complex pairs.
Final number of poles: 36
Saved figure: WMP_Lib/Eu151/4-14_MT2.png
Saved figure: WMP_Lib/Eu151/4-14_MT27.png
Saved figure: WMP_Lib/Eu151/4-14_MT102.png
Saved figure: WMP_Lib/Eu151/4-14_MT107.png
Vector fitting piece 5/11...
  energy: 9.106e+00 to 2.222e+01 eV (2788 points)
  error tolerance: rtol=0.001, atol=1e-05
Found 11 peaks
Fitting orders from 22 to 200
Order=22(0/90)
Order=24(1/90)
Order=26(2/90)
Order=28(3/90)
Order=30(4/90)
Order=32(5/90)
Order=34(6/90)
Order=36(7/90)
Order=38(8/90)
Order=40(9/90)
Order=42(10/90)
Order=44(11/90)
Found ideal results. Stop!
Found 2 real poles and 23 conjugate complex pairs.
Final number of poles: 25
Saved figure: WMP_Lib/Eu151/9-22_MT2.png
Saved figure: WMP_Lib/Eu151/9-22_MT27.png
Saved figure: WMP_Lib/Eu151/9-22_MT102.png
Saved figure: WMP_Lib/Eu151/9-22_MT107.png
Vector fitting piece 6/11...
  energy: 1.541e+01 to 3.161e+01 eV (3609 points)
  error tolerance: rtol=0.001, atol=1e-05
Found 15 peaks
Fitting orders from 30 to 200
Order=30(0/86)
Order=32(1/86)
Order=34(2/86)
Order=36(3/86)
Order=38(4/86)
Order=40(5/86)
Order=42(6/86)
Order=44(7/86)
Order=46(8/86)
Order=48(9/86)
Order=50(10/86)
Order=52(11/86)
Order=54(12/86)
Order=56(13/86)
Order=58(14/86)
Order=60(15/86)
Order=62(16/86)
Order=64(17/86)
Order=66(18/86)
Order=68(19/86)
Found 2 real poles and 29 conjugate complex pairs.
Final number of poles: 31
Saved figure: WMP_Lib/Eu151/15-32_MT2.png
Saved figure: WMP_Lib/Eu151/15-32_MT27.png
Saved figure: WMP_Lib/Eu151/15-32_MT102.png
Saved figure: WMP_Lib/Eu151/15-32_MT107.png
Vector fitting piece 7/11...
  energy: 2.338e+01 to 4.267e+01 eV (4808 points)
  error tolerance: rtol=0.001, atol=1e-05
Found 21 peaks
Fitting orders from 42 to 200
Order=42(0/80)
Order=44(1/80)
Order=46(2/80)
Order=48(3/80)
Order=50(4/80)
Order=52(5/80)
Order=54(6/80)
Order=56(7/80)
Order=58(8/80)
Order=60(9/80)
Order=62(10/80)
Order=64(11/80)
Order=66(12/80)
Order=68(13/80)
Order=70(14/80)
Order=72(15/80)
Found 4 real poles and 30 conjugate complex pairs.
Final number of poles: 34
Saved figure: WMP_Lib/Eu151/23-43_MT2.png
Saved figure: WMP_Lib/Eu151/23-43_MT27.png
Saved figure: WMP_Lib/Eu151/23-43_MT102.png
Saved figure: WMP_Lib/Eu151/23-43_MT107.png
Vector fitting piece 8/11...
  energy: 3.299e+01 to 5.536e+01 eV (5400 points)
  error tolerance: rtol=0.001, atol=1e-05
Found 23 peaks
Fitting orders from 46 to 200
Order=46(0/78)
Order=48(1/78)
Order=50(2/78)
Order=52(3/78)
Order=54(4/78)
Order=56(5/78)
Order=58(6/78)
Order=60(7/78)
Order=62(8/78)
Order=64(9/78)
Order=66(10/78)
Order=68(11/78)
Order=70(12/78)
Order=72(13/78)
Order=74(14/78)
Order=76(15/78)
Found 5 real poles and 32 conjugate complex pairs.
Final number of poles: 37
Saved figure: WMP_Lib/Eu151/33-55_MT2.png
Saved figure: WMP_Lib/Eu151/33-55_MT27.png
Saved figure: WMP_Lib/Eu151/33-55_MT102.png
Saved figure: WMP_Lib/Eu151/33-55_MT107.png
Vector fitting piece 9/11...
  energy: 4.426e+01 to 6.973e+01 eV (4980 points)
  error tolerance: rtol=0.001, atol=1e-05
Found 19 peaks
Fitting orders from 38 to 200
Order=38(0/82)
Order=40(1/82)
Order=42(2/82)
Order=44(3/82)
Order=46(4/82)
Order=48(5/82)
Order=50(6/82)
Order=52(7/82)
Order=54(8/82)
Order=56(9/82)
Order=58(10/82)
Order=60(11/82)
Order=62(12/82)
Found ideal results. Stop!
Found 7 real poles and 30 conjugate complex pairs.
Final number of poles: 37
Saved figure: WMP_Lib/Eu151/44-70_MT2.png
Saved figure: WMP_Lib/Eu151/44-70_MT27.png
Saved figure: WMP_Lib/Eu151/44-70_MT102.png
Saved figure: WMP_Lib/Eu151/44-70_MT107.png
Vector fitting piece 10/11...
  energy: 5.718e+01 to 8.571e+01 eV (5799 points)
  error tolerance: rtol=0.001, atol=1e-05
Found 22 peaks
Fitting orders from 44 to 200
Order=44(0/79)
Order=46(1/79)
Order=48(2/79)
Order=50(3/79)
Order=52(4/79)
Order=54(5/79)
Order=56(6/79)
Order=58(7/79)
Order=60(8/79)
Order=62(9/79)
Order=64(10/79)
Order=66(11/79)
Order=68(12/79)
Order=70(13/79)
Order=72(14/79)
Order=74(15/79)
Found 5 real poles and 31 conjugate complex pairs.
Final number of poles: 36
Saved figure: WMP_Lib/Eu151/57-86_MT2.png
Saved figure: WMP_Lib/Eu151/57-86_MT27.png
Saved figure: WMP_Lib/Eu151/57-86_MT102.png
Saved figure: WMP_Lib/Eu151/57-86_MT107.png
Vector fitting piece 11/11...
  energy: 7.175e+01 to 1.000e+02 eV (5790 points)
  error tolerance: rtol=0.001, atol=1e-05
Found 22 peaks
Fitting orders from 44 to 200
Order=44(0/79)
Order=46(1/79)
Order=48(2/79)
Order=50(3/79)
Order=52(4/79)
Order=54(5/79)
Order=56(6/79)
Order=58(7/79)
Order=60(8/79)
Order=62(9/79)
Order=64(10/79)
Order=66(11/79)
Order=68(12/79)
Order=70(13/79)
Order=72(14/79)
Found 5 real poles and 29 conjugate complex pairs.
Final number of poles: 34
Saved figure: WMP_Lib/Eu151/72-100_MT2.png
Saved figure: WMP_Lib/Eu151/72-100_MT27.png
Saved figure: WMP_Lib/Eu151/72-100_MT102.png
Saved figure: WMP_Lib/Eu151/72-100_MT107.png
Dumped multipole data to file: WMP_Lib/Eu151/Eu151_mp.pickle
Start searching ...
Testing N_win=20 N_cf=10
Windowing:
  config: # windows=20, spacing=0.49984163611692906, CF order=10
  error tolerance: rtol=0.001, atol=1e-05
Failed: Pure curvefit failed for the first window!
Testing N_win=124 N_cf=10
Windowing:
  config: # windows=124, spacing=0.08061961872853694, CF order=10
  error tolerance: rtol=0.001, atol=1e-05
Best library so far.
Testing N_win=124 N_cf=9
Windowing:
  config: # windows=124, spacing=0.08061961872853694, CF order=9
  error tolerance: rtol=0.001, atol=1e-05
Testing N_win=124 N_cf=8
Windowing:
  config: # windows=124, spacing=0.08061961872853694, CF order=8
  error tolerance: rtol=0.001, atol=1e-05
Testing N_win=124 N_cf=7
Windowing:
  config: # windows=124, spacing=0.08061961872853694, CF order=7
  error tolerance: rtol=0.001, atol=1e-05
Testing N_win=124 N_cf=6
Windowing:
  config: # windows=124, spacing=0.08061961872853694, CF order=6
  error tolerance: rtol=0.001, atol=1e-05
Testing N_win=124 N_cf=5
Windowing:
  config: # windows=124, spacing=0.08061961872853694, CF order=5
  error tolerance: rtol=0.001, atol=1e-05
Failed: Pure curvefit failed for the first window!
Testing N_win=228 N_cf=10
Windowing:
  config: # windows=228, spacing=0.043845757554116585, CF order=10
  error tolerance: rtol=0.001, atol=1e-05
Best library so far.
Testing N_win=228 N_cf=9
Windowing:
  config: # windows=228, spacing=0.043845757554116585, CF order=9
  error tolerance: rtol=0.001, atol=1e-05
Testing N_win=228 N_cf=8
Windowing:
  config: # windows=228, spacing=0.043845757554116585, CF order=8
  error tolerance: rtol=0.001, atol=1e-05
Testing N_win=228 N_cf=7
Windowing:
  config: # windows=228, spacing=0.043845757554116585, CF order=7
  error tolerance: rtol=0.001, atol=1e-05
Testing N_win=228 N_cf=6
Windowing:
  config: # windows=228, spacing=0.043845757554116585, CF order=6
  error tolerance: rtol=0.001, atol=1e-05
Testing N_win=228 N_cf=5
Windowing:
  config: # windows=228, spacing=0.043845757554116585, CF order=5
  error tolerance: rtol=0.001, atol=1e-05
Failed: Pure curvefit failed for the first window!
Testing N_win=332 N_cf=10
Windowing:
  config: # windows=332, spacing=0.030110941934754762, CF order=10
  error tolerance: rtol=0.001, atol=1e-05
Best library so far.
Testing N_win=332 N_cf=9
Windowing:
  config: # windows=332, spacing=0.030110941934754762, CF order=9
  error tolerance: rtol=0.001, atol=1e-05
Best library so far.
Testing N_win=332 N_cf=8
Windowing:
  config: # windows=332, spacing=0.030110941934754762, CF order=8
  error tolerance: rtol=0.001, atol=1e-05
Testing N_win=332 N_cf=7
Windowing:
  config: # windows=332, spacing=0.030110941934754762, CF order=7
  error tolerance: rtol=0.001, atol=1e-05
Testing N_win=332 N_cf=6
Windowing:
  config: # windows=332, spacing=0.030110941934754762, CF order=6
  error tolerance: rtol=0.001, atol=1e-05
Testing N_win=332 N_cf=5
Windowing:
  config: # windows=332, spacing=0.030110941934754762, CF order=5
  error tolerance: rtol=0.001, atol=1e-05
Failed: Pure curvefit failed for the first window!
Testing N_win=436 N_cf=10
Windowing:
  config: # windows=436, spacing=0.022928515418207757, CF order=10
  error tolerance: rtol=0.001, atol=1e-05
Best library so far.
Testing N_win=436 N_cf=9
Windowing:
  config: # windows=436, spacing=0.022928515418207757, CF order=9
  error tolerance: rtol=0.001, atol=1e-05
Best library so far.
Testing N_win=436 N_cf=8
Windowing:
  config: # windows=436, spacing=0.022928515418207757, CF order=8
  error tolerance: rtol=0.001, atol=1e-05
Testing N_win=436 N_cf=7
Windowing:
  config: # windows=436, spacing=0.022928515418207757, CF order=7
  error tolerance: rtol=0.001, atol=1e-05
Testing N_win=436 N_cf=6
Windowing:
  config: # windows=436, spacing=0.022928515418207757, CF order=6
  error tolerance: rtol=0.001, atol=1e-05
Testing N_win=436 N_cf=5
Windowing:
  config: # windows=436, spacing=0.022928515418207757, CF order=5
  error tolerance: rtol=0.001, atol=1e-05
Failed: Pure curvefit failed for the first window!
Testing N_win=541 N_cf=10
Windowing:
  config: # windows=541, spacing=0.018478433867538967, CF order=10
  error tolerance: rtol=0.001, atol=1e-05
Testing N_win=541 N_cf=9
Windowing:
  config: # windows=541, spacing=0.018478433867538967, CF order=9
  error tolerance: rtol=0.001, atol=1e-05
Testing N_win=541 N_cf=8
Windowing:
  config: # windows=541, spacing=0.018478433867538967, CF order=8
  error tolerance: rtol=0.001, atol=1e-05
Testing N_win=541 N_cf=7
Windowing:
  config: # windows=541, spacing=0.018478433867538967, CF order=7
  error tolerance: rtol=0.001, atol=1e-05
Testing N_win=541 N_cf=6
Windowing:
  config: # windows=541, spacing=0.018478433867538967, CF order=6
  error tolerance: rtol=0.001, atol=1e-05
Testing N_win=541 N_cf=5
Windowing:
  config: # windows=541, spacing=0.018478433867538967, CF order=5
  error tolerance: rtol=0.001, atol=1e-05
Testing N_win=541 N_cf=4
Windowing:
  config: # windows=541, spacing=0.018478433867538967, CF order=4
  error tolerance: rtol=0.001, atol=1e-05
Failed: Pure curvefit failed for the first window!
Testing N_win=645 N_cf=10
Windowing:
  config: # windows=645, spacing=0.015498965460990048, CF order=10
  error tolerance: rtol=0.001, atol=1e-05
Testing N_win=645 N_cf=9
Windowing:
  config: # windows=645, spacing=0.015498965460990048, CF order=9
  error tolerance: rtol=0.001, atol=1e-05
Testing N_win=645 N_cf=8
Windowing:
  config: # windows=645, spacing=0.015498965460990048, CF order=8
  error tolerance: rtol=0.001, atol=1e-05
Testing N_win=645 N_cf=7
Windowing:
  config: # windows=645, spacing=0.015498965460990048, CF order=7
  error tolerance: rtol=0.001, atol=1e-05
Testing N_win=645 N_cf=6
Windowing:
  config: # windows=645, spacing=0.015498965460990048, CF order=6
  error tolerance: rtol=0.001, atol=1e-05
Testing N_win=645 N_cf=5
Windowing:
  config: # windows=645, spacing=0.015498965460990048, CF order=5
  error tolerance: rtol=0.001, atol=1e-05
Testing N_win=645 N_cf=4
Windowing:
  config: # windows=645, spacing=0.015498965460990048, CF order=4
  error tolerance: rtol=0.001, atol=1e-05
Failed: Pure curvefit failed for the first window!
Testing N_win=749 N_cf=10
Windowing:
  config: # windows=749, spacing=0.013346906171346571, CF order=10
  error tolerance: rtol=0.001, atol=1e-05
Testing N_win=749 N_cf=9
Windowing:
  config: # windows=749, spacing=0.013346906171346571, CF order=9
  error tolerance: rtol=0.001, atol=1e-05
Testing N_win=749 N_cf=8
Windowing:
  config: # windows=749, spacing=0.013346906171346571, CF order=8
  error tolerance: rtol=0.001, atol=1e-05
Testing N_win=749 N_cf=7
Windowing:
  config: # windows=749, spacing=0.013346906171346571, CF order=7
  error tolerance: rtol=0.001, atol=1e-05
Testing N_win=749 N_cf=6
Windowing:
  config: # windows=749, spacing=0.013346906171346571, CF order=6
  error tolerance: rtol=0.001, atol=1e-05
Testing N_win=749 N_cf=5
Windowing:
  config: # windows=749, spacing=0.013346906171346571, CF order=5
  error tolerance: rtol=0.001, atol=1e-05
Testing N_win=749 N_cf=4
Windowing:
  config: # windows=749, spacing=0.013346906171346571, CF order=4
  error tolerance: rtol=0.001, atol=1e-05
Failed: Pure curvefit failed for the first window!
Testing N_win=853 N_cf=10
Windowing:
  config: # windows=853, spacing=0.011719616321616156, CF order=10
  error tolerance: rtol=0.001, atol=1e-05
Testing N_win=853 N_cf=9
Windowing:
  config: # windows=853, spacing=0.011719616321616156, CF order=9
  error tolerance: rtol=0.001, atol=1e-05
Testing N_win=853 N_cf=8
Windowing:
  config: # windows=853, spacing=0.011719616321616156, CF order=8
  error tolerance: rtol=0.001, atol=1e-05
Testing N_win=853 N_cf=7
Windowing:
  config: # windows=853, spacing=0.011719616321616156, CF order=7
  error tolerance: rtol=0.001, atol=1e-05
Testing N_win=853 N_cf=6
Windowing:
  config: # windows=853, spacing=0.011719616321616156, CF order=6
  error tolerance: rtol=0.001, atol=1e-05
Testing N_win=853 N_cf=5
Windowing:
  config: # windows=853, spacing=0.011719616321616156, CF order=5
  error tolerance: rtol=0.001, atol=1e-05
Testing N_win=853 N_cf=4
Windowing:
  config: # windows=853, spacing=0.011719616321616156, CF order=4
  error tolerance: rtol=0.001, atol=1e-05
Failed: Pure curvefit failed for the first window!
Testing N_win=957 N_cf=10
Windowing:
  config: # windows=957, spacing=0.01044601120411555, CF order=10
  error tolerance: rtol=0.001, atol=1e-05
Testing N_win=957 N_cf=9
Windowing:
  config: # windows=957, spacing=0.01044601120411555, CF order=9
  error tolerance: rtol=0.001, atol=1e-05
Testing N_win=957 N_cf=8
Windowing:
  config: # windows=957, spacing=0.01044601120411555, CF order=8
  error tolerance: rtol=0.001, atol=1e-05
Testing N_win=957 N_cf=7
Windowing:
  config: # windows=957, spacing=0.01044601120411555, CF order=7
  error tolerance: rtol=0.001, atol=1e-05
Testing N_win=957 N_cf=6
Windowing:
  config: # windows=957, spacing=0.01044601120411555, CF order=6
  error tolerance: rtol=0.001, atol=1e-05
Testing N_win=957 N_cf=5
Windowing:
  config: # windows=957, spacing=0.01044601120411555, CF order=5
  error tolerance: rtol=0.001, atol=1e-05
Testing N_win=957 N_cf=4
Windowing:
  config: # windows=957, spacing=0.01044601120411555, CF order=4
  error tolerance: rtol=0.001, atol=1e-05
Failed: Pure curvefit failed for the first window!
Testing N_win=1062 N_cf=10
Windowing:
  config: # windows=1062, spacing=0.00941321348619452, CF order=10
  error tolerance: rtol=0.001, atol=1e-05
Testing N_win=1062 N_cf=9
Windowing:
  config: # windows=1062, spacing=0.00941321348619452, CF order=9
  error tolerance: rtol=0.001, atol=1e-05
Testing N_win=1062 N_cf=8
Windowing:
  config: # windows=1062, spacing=0.00941321348619452, CF order=8
  error tolerance: rtol=0.001, atol=1e-05
Testing N_win=1062 N_cf=7
Windowing:
  config: # windows=1062, spacing=0.00941321348619452, CF order=7
  error tolerance: rtol=0.001, atol=1e-05
Testing N_win=1062 N_cf=6
Windowing:
  config: # windows=1062, spacing=0.00941321348619452, CF order=6
  error tolerance: rtol=0.001, atol=1e-05
Testing N_win=1062 N_cf=5
Windowing:
  config: # windows=1062, spacing=0.00941321348619452, CF order=5
  error tolerance: rtol=0.001, atol=1e-05
Testing N_win=1062 N_cf=4
Windowing:
  config: # windows=1062, spacing=0.00941321348619452, CF order=4
  error tolerance: rtol=0.001, atol=1e-05
Failed: Pure curvefit failed for the first window!
Testing N_win=1166 N_cf=10
Windowing:
  config: # windows=1166, spacing=0.008573612969415592, CF order=10
  error tolerance: rtol=0.001, atol=1e-05
Testing N_win=1166 N_cf=9
Windowing:
  config: # windows=1166, spacing=0.008573612969415592, CF order=9
  error tolerance: rtol=0.001, atol=1e-05
Testing N_win=1166 N_cf=8
Windowing:
  config: # windows=1166, spacing=0.008573612969415592, CF order=8
  error tolerance: rtol=0.001, atol=1e-05
Testing N_win=1166 N_cf=7
Windowing:
  config: # windows=1166, spacing=0.008573612969415592, CF order=7
  error tolerance: rtol=0.001, atol=1e-05
Testing N_win=1166 N_cf=6
Windowing:
  config: # windows=1166, spacing=0.008573612969415592, CF order=6
  error tolerance: rtol=0.001, atol=1e-05
Testing N_win=1166 N_cf=5
Windowing:
  config: # windows=1166, spacing=0.008573612969415592, CF order=5
  error tolerance: rtol=0.001, atol=1e-05
Testing N_win=1166 N_cf=4
Windowing:
  config: # windows=1166, spacing=0.008573612969415592, CF order=4
  error tolerance: rtol=0.001, atol=1e-05
Failed: Pure curvefit failed for the first window!
Testing N_win=1270 N_cf=10
Windowing:
  config: # windows=1270, spacing=0.007871521828613056, CF order=10
  error tolerance: rtol=0.001, atol=1e-05
Testing N_win=1270 N_cf=9
Windowing:
  config: # windows=1270, spacing=0.007871521828613056, CF order=9
  error tolerance: rtol=0.001, atol=1e-05
Testing N_win=1270 N_cf=8
Windowing:
  config: # windows=1270, spacing=0.007871521828613056, CF order=8
  error tolerance: rtol=0.001, atol=1e-05
Testing N_win=1270 N_cf=7
Windowing:
  config: # windows=1270, spacing=0.007871521828613056, CF order=7
  error tolerance: rtol=0.001, atol=1e-05
Testing N_win=1270 N_cf=6
Windowing:
  config: # windows=1270, spacing=0.007871521828613056, CF order=6
  error tolerance: rtol=0.001, atol=1e-05
Testing N_win=1270 N_cf=5
Windowing:
  config: # windows=1270, spacing=0.007871521828613056, CF order=5
  error tolerance: rtol=0.001, atol=1e-05
Testing N_win=1270 N_cf=4
Windowing:
  config: # windows=1270, spacing=0.007871521828613056, CF order=4
  error tolerance: rtol=0.001, atol=1e-05
Failed: Pure curvefit failed for the first window!
Testing N_win=1374 N_cf=10
Windowing:
  config: # windows=1374, spacing=0.007275715227320656, CF order=10
  error tolerance: rtol=0.001, atol=1e-05
Testing N_win=1374 N_cf=9
Windowing:
  config: # windows=1374, spacing=0.007275715227320656, CF order=9
  error tolerance: rtol=0.001, atol=1e-05
Testing N_win=1374 N_cf=8
Windowing:
  config: # windows=1374, spacing=0.007275715227320656, CF order=8
  error tolerance: rtol=0.001, atol=1e-05
Testing N_win=1374 N_cf=7
Windowing:
  config: # windows=1374, spacing=0.007275715227320656, CF order=7
  error tolerance: rtol=0.001, atol=1e-05
Testing N_win=1374 N_cf=6
Windowing:
  config: # windows=1374, spacing=0.007275715227320656, CF order=6
  error tolerance: rtol=0.001, atol=1e-05
Testing N_win=1374 N_cf=5
Windowing:
  config: # windows=1374, spacing=0.007275715227320656, CF order=5
  error tolerance: rtol=0.001, atol=1e-05
Testing N_win=1374 N_cf=4
Windowing:
  config: # windows=1374, spacing=0.007275715227320656, CF order=4
  error tolerance: rtol=0.001, atol=1e-05
Failed: Pure curvefit failed for the first window!
Testing N_win=1478 N_cf=10
Windowing:
  config: # windows=1478, spacing=0.006763756916331923, CF order=10
  error tolerance: rtol=0.001, atol=1e-05
Testing N_win=1478 N_cf=9
Windowing:
  config: # windows=1478, spacing=0.006763756916331923, CF order=9
  error tolerance: rtol=0.001, atol=1e-05
Testing N_win=1478 N_cf=8
Windowing:
  config: # windows=1478, spacing=0.006763756916331923, CF order=8
  error tolerance: rtol=0.001, atol=1e-05
Testing N_win=1478 N_cf=7
Windowing:
  config: # windows=1478, spacing=0.006763756916331923, CF order=7
  error tolerance: rtol=0.001, atol=1e-05
Testing N_win=1478 N_cf=6
Windowing:
  config: # windows=1478, spacing=0.006763756916331923, CF order=6
  error tolerance: rtol=0.001, atol=1e-05
Testing N_win=1478 N_cf=5
Windowing:
  config: # windows=1478, spacing=0.006763756916331923, CF order=5
  error tolerance: rtol=0.001, atol=1e-05
Testing N_win=1478 N_cf=4
Windowing:
  config: # windows=1478, spacing=0.006763756916331923, CF order=4
  error tolerance: rtol=0.001, atol=1e-05
Failed: Pure curvefit failed for the first window!
Testing N_win=1583 N_cf=10
Windowing:
  config: # windows=1583, spacing=0.006315118586442565, CF order=10
  error tolerance: rtol=0.001, atol=1e-05
Testing N_win=1583 N_cf=9
Windowing:
  config: # windows=1583, spacing=0.006315118586442565, CF order=9
  error tolerance: rtol=0.001, atol=1e-05
Testing N_win=1583 N_cf=8
Windowing:
  config: # windows=1583, spacing=0.006315118586442565, CF order=8
  error tolerance: rtol=0.001, atol=1e-05
Testing N_win=1583 N_cf=7
Windowing:
  config: # windows=1583, spacing=0.006315118586442565, CF order=7
  error tolerance: rtol=0.001, atol=1e-05
Testing N_win=1583 N_cf=6
Windowing:
  config: # windows=1583, spacing=0.006315118586442565, CF order=6
  error tolerance: rtol=0.001, atol=1e-05
Testing N_win=1583 N_cf=5
Windowing:
  config: # windows=1583, spacing=0.006315118586442565, CF order=5
  error tolerance: rtol=0.001, atol=1e-05
Testing N_win=1583 N_cf=4
Windowing:
  config: # windows=1583, spacing=0.006315118586442565, CF order=4
  error tolerance: rtol=0.001, atol=1e-05
Failed: Pure curvefit failed for the first window!
Testing N_win=1687 N_cf=10
Windowing:
  config: # windows=1687, spacing=0.005925804814664245, CF order=10
  error tolerance: rtol=0.001, atol=1e-05
Testing N_win=1687 N_cf=9
Windowing:
  config: # windows=1687, spacing=0.005925804814664245, CF order=9
  error tolerance: rtol=0.001, atol=1e-05
Testing N_win=1687 N_cf=8
Windowing:
  config: # windows=1687, spacing=0.005925804814664245, CF order=8
  error tolerance: rtol=0.001, atol=1e-05
Testing N_win=1687 N_cf=7
Windowing:
  config: # windows=1687, spacing=0.005925804814664245, CF order=7
  error tolerance: rtol=0.001, atol=1e-05
Testing N_win=1687 N_cf=6
Windowing:
  config: # windows=1687, spacing=0.005925804814664245, CF order=6
  error tolerance: rtol=0.001, atol=1e-05
Testing N_win=1687 N_cf=5
Windowing:
  config: # windows=1687, spacing=0.005925804814664245, CF order=5
  error tolerance: rtol=0.001, atol=1e-05
Testing N_win=1687 N_cf=4
Windowing:
  config: # windows=1687, spacing=0.005925804814664245, CF order=4
  error tolerance: rtol=0.001, atol=1e-05
Failed: Pure curvefit failed for the first window!
Testing N_win=1791 N_cf=10
Windowing:
  config: # windows=1791, spacing=0.005581704479251022, CF order=10
  error tolerance: rtol=0.001, atol=1e-05
Testing N_win=1791 N_cf=9
Windowing:
  config: # windows=1791, spacing=0.005581704479251022, CF order=9
  error tolerance: rtol=0.001, atol=1e-05
Testing N_win=1791 N_cf=8
Windowing:
  config: # windows=1791, spacing=0.005581704479251022, CF order=8
  error tolerance: rtol=0.001, atol=1e-05
Testing N_win=1791 N_cf=7
Windowing:
  config: # windows=1791, spacing=0.005581704479251022, CF order=7
  error tolerance: rtol=0.001, atol=1e-05
Testing N_win=1791 N_cf=6
Windowing:
  config: # windows=1791, spacing=0.005581704479251022, CF order=6
  error tolerance: rtol=0.001, atol=1e-05
Testing N_win=1791 N_cf=5
Windowing:
  config: # windows=1791, spacing=0.005581704479251022, CF order=5
  error tolerance: rtol=0.001, atol=1e-05
Testing N_win=1791 N_cf=4
Windowing:
  config: # windows=1791, spacing=0.005581704479251022, CF order=4
  error tolerance: rtol=0.001, atol=1e-05
Failed: Pure curvefit failed for the first window!
Testing N_win=1895 N_cf=10
Windowing:
  config: # windows=1895, spacing=0.0052753734682525494, CF order=10
  error tolerance: rtol=0.001, atol=1e-05
Testing N_win=1895 N_cf=9
Windowing:
  config: # windows=1895, spacing=0.0052753734682525494, CF order=9
  error tolerance: rtol=0.001, atol=1e-05
Testing N_win=1895 N_cf=8
Windowing:
  config: # windows=1895, spacing=0.0052753734682525494, CF order=8
  error tolerance: rtol=0.001, atol=1e-05
Testing N_win=1895 N_cf=7
Windowing:
  config: # windows=1895, spacing=0.0052753734682525494, CF order=7
  error tolerance: rtol=0.001, atol=1e-05
Testing N_win=1895 N_cf=6
Windowing:
  config: # windows=1895, spacing=0.0052753734682525494, CF order=6
  error tolerance: rtol=0.001, atol=1e-05
Testing N_win=1895 N_cf=5
Windowing:
  config: # windows=1895, spacing=0.0052753734682525494, CF order=5
  error tolerance: rtol=0.001, atol=1e-05
Testing N_win=1895 N_cf=4
Windowing:
  config: # windows=1895, spacing=0.0052753734682525494, CF order=4
  error tolerance: rtol=0.001, atol=1e-05
Failed: Pure curvefit failed for the first window!
Testing N_win=2000 N_cf=10
Windowing:
  config: # windows=2000, spacing=0.004998416361169291, CF order=10
  error tolerance: rtol=0.001, atol=1e-05
Testing N_win=2000 N_cf=9
Windowing:
  config: # windows=2000, spacing=0.004998416361169291, CF order=9
  error tolerance: rtol=0.001, atol=1e-05
Testing N_win=2000 N_cf=8
Windowing:
  config: # windows=2000, spacing=0.004998416361169291, CF order=8
  error tolerance: rtol=0.001, atol=1e-05
Testing N_win=2000 N_cf=7
Windowing:
  config: # windows=2000, spacing=0.004998416361169291, CF order=7
  error tolerance: rtol=0.001, atol=1e-05
Testing N_win=2000 N_cf=6
Windowing:
  config: # windows=2000, spacing=0.004998416361169291, CF order=6
  error tolerance: rtol=0.001, atol=1e-05
Testing N_win=2000 N_cf=5
Windowing:
  config: # windows=2000, spacing=0.004998416361169291, CF order=5
  error tolerance: rtol=0.001, atol=1e-05
Testing N_win=2000 N_cf=4
Windowing:
  config: # windows=2000, spacing=0.004998416361169291, CF order=4
  error tolerance: rtol=0.001, atol=1e-05
Failed: Pure curvefit failed for the first window!
Final library: 289 poles, 436 windows, 9.7 poles per window, 9 CF order
