Running NJOY to get 0K point-wise data (error=0.0005)...
Parsing cross sections within resolved resonance range...
  MTs: [2, 27, 102, 103, 107]
  Energy range: 1.000e-05 to 1.498e+06 eV (31948 points)
Vector fitting piece 1/15...
  energy: 1.000e-05 to 6.875e+03 eV (785 points)
  error tolerance: rtol=0.001, atol=1e-05
Found 0 peaks
Fitting orders from 2 to 200
Order=2(0/100)
Order=4(1/100)
Order=6(2/100)
Found ideal results. Stop!
Found 0 real poles and 3 conjugate complex pairs.
Final number of poles: 3
Saved figure: WMP_Lib/Ar40/0-6875_MT2.png
Saved figure: WMP_Lib/Ar40/0-6875_MT27.png
Saved figure: WMP_Lib/Ar40/0-6875_MT102.png
Vector fitting piece 2/15...
  energy: 1.625e+03 to 2.844e+04 eV (734 points)
  error tolerance: rtol=0.001, atol=1e-05
Found 2 peaks
Fitting orders from 4 to 200
Order=4(0/99)
Order=6(1/99)
Order=8(2/99)
Order=10(3/99)
Order=12(4/99)
Order=14(5/99)
Order=16(6/99)
Order=18(7/99)
Order=20(8/99)
Order=22(9/99)
Order=24(10/99)
Order=26(11/99)
Order=28(12/99)
Order=30(13/99)
Order=32(14/99)
Order=34(15/99)
Order=36(16/99)
Order=38(17/99)
Order=40(18/99)
Order=42(19/99)
Order=44(20/99)
Order=46(21/99)
Order=48(22/99)
Order=50(23/99)
Order=52(24/99)
Order=54(25/99)
Order=56(26/99)
Order=58(27/99)
Order=60(28/99)
Order=62(29/99)
Order=64(30/99)
Order=66(31/99)
Order=68(32/99)
Order=70(33/99)
Found 2 real poles and 4 conjugate complex pairs.
Final number of poles: 6
Saved figure: WMP_Lib/Ar40/1625-28438_MT2.png
Saved figure: WMP_Lib/Ar40/1625-28438_MT27.png
Saved figure: WMP_Lib/Ar40/1625-28438_MT102.png
Vector fitting piece 3/15...
  energy: 1.458e+04 to 6.021e+04 eV (700 points)
  error tolerance: rtol=0.001, atol=1e-05
Found 2 peaks
Fitting orders from 4 to 200
Order=4(0/99)
Order=6(1/99)
Order=8(2/99)
Order=10(3/99)
Order=12(4/99)
Order=14(5/99)
Order=16(6/99)
Order=18(7/99)
Order=20(8/99)
Order=22(9/99)
Order=24(10/99)
Order=26(11/99)
Order=28(12/99)
Order=30(13/99)
Order=32(14/99)
Order=34(15/99)
Order=36(16/99)
Order=38(17/99)
Order=40(18/99)
Order=42(19/99)
Order=44(20/99)
Order=46(21/99)
Order=48(22/99)
Order=50(23/99)
Order=52(24/99)
Order=54(25/99)
Order=56(26/99)
Order=58(27/99)
Order=60(28/99)
Found 2 real poles and 4 conjugate complex pairs.
Final number of poles: 6
Saved figure: WMP_Lib/Ar40/14577-60215_MT2.png
Saved figure: WMP_Lib/Ar40/14577-60215_MT27.png
Saved figure: WMP_Lib/Ar40/14577-60215_MT102.png
Vector fitting piece 4/15...
  energy: 4.062e+04 to 1.069e+05 eV (2263 points)
  error tolerance: rtol=0.001, atol=1e-05
Found 9 peaks
Fitting orders from 18 to 200
Order=18(0/92)
Order=20(1/92)
Order=22(2/92)
Order=24(3/92)
Order=26(4/92)
Order=28(5/92)
Order=30(6/92)
Order=32(7/92)
Order=34(8/92)
Order=36(9/92)
Order=38(10/92)
Order=40(11/92)
Order=42(12/92)
Order=44(13/92)
Order=46(14/92)
Order=48(15/92)
Order=50(16/92)
Order=52(17/92)
Order=54(18/92)
Order=56(19/92)
Order=58(20/92)
Order=60(21/92)
Order=62(22/92)
Order=64(23/92)
Order=66(24/92)
Order=68(25/92)
Order=70(26/92)
Found 1 real poles and 15 conjugate complex pairs.
Final number of poles: 16
Saved figure: WMP_Lib/Ar40/40625-106875_MT2.png
Saved figure: WMP_Lib/Ar40/40625-106875_MT27.png
Saved figure: WMP_Lib/Ar40/40625-106875_MT102.png
Vector fitting piece 5/15...
  energy: 8.134e+04 to 1.668e+05 eV (2242 points)
  error tolerance: rtol=0.001, atol=1e-05
Found 8 peaks
Fitting orders from 16 to 200
Order=16(0/93)
Order=18(1/93)
Order=20(2/93)
Order=22(3/93)
Order=24(4/93)
Order=26(5/93)
Order=28(6/93)
Order=30(7/93)
Order=32(8/93)
Order=34(9/93)
Order=36(10/93)
Order=38(11/93)
Order=40(12/93)
Order=42(13/93)
Order=44(14/93)
Order=46(15/93)
Order=48(16/93)
Order=50(17/93)
Order=52(18/93)
Order=54(19/93)
Order=56(20/93)
Order=58(21/93)
Order=60(22/93)
Order=62(23/93)
Order=64(24/93)
Order=66(25/93)
Order=68(26/93)
Order=70(27/93)
Order=72(28/93)
Order=74(29/93)
Order=76(30/93)
Order=78(31/93)
Order=80(32/93)
Found 1 real poles and 34 conjugate complex pairs.
Final number of poles: 35
Saved figure: WMP_Lib/Ar40/81335-166750_MT2.png
Saved figure: WMP_Lib/Ar40/81335-166750_MT27.png
Saved figure: WMP_Lib/Ar40/81335-166750_MT102.png
Vector fitting piece 6/15...
  energy: 1.340e+05 to 2.402e+05 eV (2480 points)
  error tolerance: rtol=0.001, atol=1e-05
Found 14 peaks
Fitting orders from 28 to 200
Order=28(0/87)
Order=30(1/87)
Order=32(2/87)
Order=34(3/87)
Order=36(4/87)
Order=38(5/87)
Order=40(6/87)
Order=42(7/87)
Order=44(8/87)
Order=46(9/87)
Order=48(10/87)
Order=50(11/87)
Order=52(12/87)
Order=54(13/87)
Order=56(14/87)
Order=58(15/87)
Order=60(16/87)
Order=62(17/87)
Order=64(18/87)
Order=66(19/87)
Order=68(20/87)
Order=70(21/87)
Order=72(22/87)
Order=74(23/87)
Order=76(24/87)
Order=78(25/87)
Order=80(26/87)
Order=82(27/87)
Order=84(28/87)
Order=86(29/87)
Order=88(30/87)
Order=90(31/87)
Order=92(32/87)
Order=94(33/87)
Order=96(34/87)
Found 4 real poles and 43 conjugate complex pairs.
Final number of poles: 47
Saved figure: WMP_Lib/Ar40/134000-240250_MT2.png
Saved figure: WMP_Lib/Ar40/134000-240250_MT27.png
Saved figure: WMP_Lib/Ar40/134000-240250_MT102.png
Vector fitting piece 7/15...
  energy: 2.010e+05 to 3.275e+05 eV (3415 points)
  error tolerance: rtol=0.001, atol=1e-05
Found 25 peaks
Fitting orders from 50 to 200
Order=50(0/76)
Order=52(1/76)
Order=54(2/76)
Order=56(3/76)
Order=58(4/76)
Order=60(5/76)
Order=62(6/76)
Order=64(7/76)
Order=66(8/76)
Order=68(9/76)
Order=70(10/76)
Order=72(11/76)
Order=74(12/76)
Order=76(13/76)
Order=78(14/76)
Order=80(15/76)
Order=82(16/76)
Order=84(17/76)
Order=86(18/76)
Order=88(19/76)
Order=90(20/76)
Order=92(21/76)
Order=94(22/76)
Order=96(23/76)
Order=98(24/76)
Found 3 real poles and 40 conjugate complex pairs.
Final number of poles: 43
Saved figure: WMP_Lib/Ar40/201000-327500_MT2.png
Saved figure: WMP_Lib/Ar40/201000-327500_MT27.png
Saved figure: WMP_Lib/Ar40/201000-327500_MT102.png
Vector fitting piece 8/15...
  energy: 2.808e+05 to 4.265e+05 eV (3995 points)
  error tolerance: rtol=0.001, atol=1e-05
Found 36 peaks
Fitting orders from 72 to 200
Order=72(0/65)
Order=74(1/65)
Order=76(2/65)
Order=78(3/65)
Order=80(4/65)
Order=82(5/65)
Order=84(6/65)
Order=86(7/65)
Order=88(8/65)
Order=90(9/65)
Order=92(10/65)
Order=94(11/65)
Order=96(12/65)
Order=98(13/65)
Order=100(14/65)
Order=102(15/65)
Order=104(16/65)
Order=106(17/65)
Order=108(18/65)
Order=110(19/65)
Order=112(20/65)
Order=114(21/65)
Order=116(22/65)
Order=118(23/65)
Order=120(24/65)
Order=122(25/65)
Found 3 real poles and 52 conjugate complex pairs.
Final number of poles: 55
Saved figure: WMP_Lib/Ar40/280750-426465_MT2.png
Saved figure: WMP_Lib/Ar40/280750-426465_MT27.png
Saved figure: WMP_Lib/Ar40/280750-426465_MT102.png
Vector fitting piece 9/15...
  energy: 3.740e+05 to 5.399e+05 eV (3770 points)
  error tolerance: rtol=0.001, atol=1e-05
Found 36 peaks
Fitting orders from 72 to 200
Order=72(0/65)
Order=74(1/65)
Order=76(2/65)
Order=78(3/65)
Order=80(4/65)
Order=82(5/65)
Order=84(6/65)
Order=86(7/65)
Order=88(8/65)
Order=90(9/65)
Order=92(10/65)
Order=94(11/65)
Order=96(12/65)
Order=98(13/65)
Order=100(14/65)
Order=102(15/65)
Order=104(16/65)
Order=106(17/65)
Order=108(18/65)
Order=110(19/65)
Order=112(20/65)
Order=114(21/65)
Order=116(22/65)
Order=118(23/65)
Order=120(24/65)
Order=122(25/65)
Order=124(26/65)
Order=126(27/65)
Order=128(28/65)
Order=130(29/65)
Order=132(30/65)
Order=134(31/65)
Order=136(32/65)
Order=138(33/65)
Order=140(34/65)
Found 2 real poles and 64 conjugate complex pairs.
Final number of poles: 66
Saved figure: WMP_Lib/Ar40/374033-539875_MT2.png
Saved figure: WMP_Lib/Ar40/374033-539875_MT27.png
Saved figure: WMP_Lib/Ar40/374033-539875_MT102.png
Vector fitting piece 10/15...
  energy: 4.802e+05 to 6.662e+05 eV (3266 points)
  error tolerance: rtol=0.001, atol=1e-05
Found 30 peaks
Fitting orders from 60 to 200
Order=60(0/71)
Order=62(1/71)
Order=64(2/71)
Order=66(3/71)
Order=68(4/71)
Order=70(5/71)
Order=72(6/71)
Order=74(7/71)
Order=76(8/71)
Order=78(9/71)
Order=80(10/71)
Order=82(11/71)
Order=84(12/71)
Order=86(13/71)
Order=88(14/71)
Order=90(15/71)
Order=92(16/71)
Order=94(17/71)
Order=96(18/71)
Order=98(19/71)
Order=100(20/71)
Order=102(21/71)
Order=104(22/71)
Order=106(23/71)
Order=108(24/71)
Order=110(25/71)
Order=112(26/71)
Order=114(27/71)
Order=116(28/71)
Order=118(29/71)
Order=120(30/71)
Order=122(31/71)
Order=124(32/71)
Order=126(33/71)
Order=128(34/71)
Order=130(35/71)
Order=132(36/71)
Order=134(37/71)
Order=136(38/71)
Order=138(39/71)
Order=140(40/71)
Order=142(41/71)
Order=144(42/71)
Order=146(43/71)
Order=148(44/71)
Order=150(45/71)
Order=152(46/71)
Order=154(47/71)
Order=156(48/71)
Found 4 real poles and 69 conjugate complex pairs.
Final number of poles: 73
Saved figure: WMP_Lib/Ar40/480250-666250_MT2.png
Saved figure: WMP_Lib/Ar40/480250-666250_MT27.png
Saved figure: WMP_Lib/Ar40/480250-666250_MT102.png
Vector fitting piece 11/15...
  energy: 6.002e+05 to 8.065e+05 eV (4215 points)
  error tolerance: rtol=0.001, atol=1e-05
Found 45 peaks
Fitting orders from 90 to 200
Order=90(0/56)
Order=92(1/56)
Order=94(2/56)
Order=96(3/56)
Order=98(4/56)
Order=100(5/56)
Order=102(6/56)
Order=104(7/56)
Order=106(8/56)
Order=108(9/56)
Order=110(10/56)
Order=112(11/56)
Order=114(12/56)
Order=116(13/56)
Order=118(14/56)
Order=120(15/56)
Order=122(16/56)
Order=124(17/56)
Order=126(18/56)
Order=128(19/56)
Order=130(20/56)
Order=132(21/56)
Order=134(22/56)
Order=136(23/56)
Order=138(24/56)
Order=140(25/56)
Order=142(26/56)
Order=144(27/56)
Order=146(28/56)
Order=148(29/56)
Order=150(30/56)
Order=152(31/56)
Order=154(32/56)
Order=156(33/56)
Order=158(34/56)
Order=160(35/56)
Order=162(36/56)
Order=164(37/56)
Order=166(38/56)
Order=168(39/56)
Order=170(40/56)
Order=172(41/56)
Order=174(42/56)
Order=176(43/56)
Order=178(44/56)
Order=180(45/56)
Found 2 real poles and 85 conjugate complex pairs.
Final number of poles: 87
Saved figure: WMP_Lib/Ar40/600250-806500_MT2.png
Saved figure: WMP_Lib/Ar40/600250-806500_MT27.png
Saved figure: WMP_Lib/Ar40/600250-806500_MT102.png
Vector fitting piece 12/15...
  energy: 7.332e+05 to 9.595e+05 eV (5218 points)
  error tolerance: rtol=0.001, atol=1e-05
Found 69 peaks
Fitting orders from 138 to 276
Order=138(0/70)
Order=140(1/70)
Order=142(2/70)
Order=144(3/70)
Order=146(4/70)
Order=148(5/70)
Order=150(6/70)
Order=152(7/70)
Order=154(8/70)
Order=156(9/70)
Order=158(10/70)
Order=160(11/70)
Order=162(12/70)
Order=164(13/70)
Order=166(14/70)
Order=168(15/70)
Order=170(16/70)
Order=172(17/70)
Order=174(18/70)
Found 3 real poles and 79 conjugate complex pairs.
Final number of poles: 82
Saved figure: WMP_Lib/Ar40/733250-959500_MT2.png
Saved figure: WMP_Lib/Ar40/733250-959500_MT27.png
Saved figure: WMP_Lib/Ar40/733250-959500_MT102.png
Vector fitting piece 13/15...
  energy: 8.796e+05 to 1.126e+06 eV (4718 points)
  error tolerance: rtol=0.001, atol=1e-05
Found 68 peaks
Fitting orders from 136 to 272
Order=136(0/69)
Order=138(1/69)
Order=140(2/69)
Order=142(3/69)
Order=144(4/69)
Order=146(5/69)
Order=148(6/69)
Order=150(7/69)
Order=152(8/69)
Order=154(9/69)
Order=156(10/69)
Order=158(11/69)
Order=160(12/69)
Order=162(13/69)
Order=164(14/69)
Order=166(15/69)
Order=168(16/69)
Order=170(17/69)
Order=172(18/69)
Order=174(19/69)
Order=176(20/69)
Order=178(21/69)
Order=180(22/69)
Order=182(23/69)
Order=184(24/69)
Order=186(25/69)
Order=188(26/69)
Order=190(27/69)
Order=192(28/69)
Order=194(29/69)
Found 4 real poles and 92 conjugate complex pairs.
Final number of poles: 96
Saved figure: WMP_Lib/Ar40/879625-1125704_MT2.png
Saved figure: WMP_Lib/Ar40/879625-1125704_MT27.png
Saved figure: WMP_Lib/Ar40/879625-1125704_MT102.png
Vector fitting piece 14/15...
  energy: 1.039e+06 to 1.306e+06 eV (4214 points)
  error tolerance: rtol=0.001, atol=1e-05
Found 65 peaks
Fitting orders from 130 to 260
Order=130(0/66)
Order=132(1/66)
Order=134(2/66)
Order=136(3/66)
Order=138(4/66)
Order=140(5/66)
Order=142(6/66)
Order=144(7/66)
Order=146(8/66)
Order=148(9/66)
Order=150(10/66)
Order=152(11/66)
Order=154(12/66)
Order=156(13/66)
Order=158(14/66)
Order=160(15/66)
Order=162(16/66)
Order=164(17/66)
Order=166(18/66)
Order=168(19/66)
Order=170(20/66)
Order=172(21/66)
Order=174(22/66)
Order=176(23/66)
Order=178(24/66)
Order=180(25/66)
Order=182(26/66)
Order=184(27/66)
Order=186(28/66)
Order=188(29/66)
Order=190(30/66)
Order=192(31/66)
Order=194(32/66)
Found 3 real poles and 91 conjugate complex pairs.
Final number of poles: 94
Saved figure: WMP_Lib/Ar40/1039438-1305750_MT2.png
Saved figure: WMP_Lib/Ar40/1039438-1305750_MT27.png
Saved figure: WMP_Lib/Ar40/1039438-1305750_MT102.png
Vector fitting piece 15/15...
  energy: 1.212e+06 to 1.498e+06 eV (4058 points)
  error tolerance: rtol=0.001, atol=1e-05
Found 63 peaks
Fitting orders from 126 to 252
Order=126(0/64)
Order=128(1/64)
Order=130(2/64)
Order=132(3/64)
Order=134(4/64)
Order=136(5/64)
Order=138(6/64)
Order=140(7/64)
Order=142(8/64)
Order=144(9/64)
Order=146(10/64)
Order=148(11/64)
Order=150(12/64)
Order=152(13/64)
Order=154(14/64)
Order=156(15/64)
Order=158(16/64)
Order=160(17/64)
Order=162(18/64)
Order=164(19/64)
Order=166(20/64)
Order=168(21/64)
Order=170(22/64)
Order=172(23/64)
Order=174(24/64)
Order=176(25/64)
Order=178(26/64)
Order=180(27/64)
Order=182(28/64)
Order=184(29/64)
Order=186(30/64)
Order=188(31/64)
Found 2 real poles and 87 conjugate complex pairs.
Final number of poles: 89
Saved figure: WMP_Lib/Ar40/1212250-1497739_MT2.png
Saved figure: WMP_Lib/Ar40/1212250-1497739_MT27.png
Saved figure: WMP_Lib/Ar40/1212250-1497739_MT102.png
Dumped multipole data to file: WMP_Lib/Ar40/Ar40_mp.pickle
Start searching ...
Testing N_win=39 N_cf=10
Windowing:
  config: # windows=39, spacing=31.379956708487544, CF order=10
  error tolerance: rtol=0.001, atol=1e-05
Failed: Pure curvefit failed for the first window!
Testing N_win=142 N_cf=10
Windowing:
  config: # windows=142, spacing=8.618438814302918, CF order=10
  error tolerance: rtol=0.001, atol=1e-05
Best library so far.
Testing N_win=142 N_cf=9
Windowing:
  config: # windows=142, spacing=8.618438814302918, CF order=9
  error tolerance: rtol=0.001, atol=1e-05
Best library so far.
Testing N_win=142 N_cf=8
Windowing:
  config: # windows=142, spacing=8.618438814302918, CF order=8
  error tolerance: rtol=0.001, atol=1e-05
Best library so far.
Testing N_win=142 N_cf=7
Windowing:
  config: # windows=142, spacing=8.618438814302918, CF order=7
  error tolerance: rtol=0.001, atol=1e-05
Best library so far.
Testing N_win=142 N_cf=6
Windowing:
  config: # windows=142, spacing=8.618438814302918, CF order=6
  error tolerance: rtol=0.001, atol=1e-05
Best library so far.
Testing N_win=142 N_cf=5
Windowing:
  config: # windows=142, spacing=8.618438814302918, CF order=5
  error tolerance: rtol=0.001, atol=1e-05
Best library so far.
Testing N_win=142 N_cf=4
Windowing:
  config: # windows=142, spacing=8.618438814302918, CF order=4
  error tolerance: rtol=0.001, atol=1e-05
Best library so far.
Testing N_win=142 N_cf=3
Windowing:
  config: # windows=142, spacing=8.618438814302918, CF order=3
  error tolerance: rtol=0.001, atol=1e-05
Failed: Pure curvefit failed for the first window!
Testing N_win=245 N_cf=10
Windowing:
  config: # windows=245, spacing=4.995176782167405, CF order=10
  error tolerance: rtol=0.001, atol=1e-05
Best library so far.
Testing N_win=245 N_cf=9
Windowing:
  config: # windows=245, spacing=4.995176782167405, CF order=9
  error tolerance: rtol=0.001, atol=1e-05
Best library so far.
Testing N_win=245 N_cf=8
Windowing:
  config: # windows=245, spacing=4.995176782167405, CF order=8
  error tolerance: rtol=0.001, atol=1e-05
Best library so far.
Testing N_win=245 N_cf=7
Windowing:
  config: # windows=245, spacing=4.995176782167405, CF order=7
  error tolerance: rtol=0.001, atol=1e-05
Testing N_win=245 N_cf=6
Windowing:
  config: # windows=245, spacing=4.995176782167405, CF order=6
  error tolerance: rtol=0.001, atol=1e-05
Testing N_win=245 N_cf=5
Windowing:
  config: # windows=245, spacing=4.995176782167405, CF order=5
  error tolerance: rtol=0.001, atol=1e-05
Best library so far.
Testing N_win=245 N_cf=4
Windowing:
  config: # windows=245, spacing=4.995176782167405, CF order=4
  error tolerance: rtol=0.001, atol=1e-05
Best library so far.
Testing N_win=245 N_cf=3
Windowing:
  config: # windows=245, spacing=4.995176782167405, CF order=3
  error tolerance: rtol=0.001, atol=1e-05
Best library so far.
Testing N_win=245 N_cf=2
Windowing:
  config: # windows=245, spacing=4.995176782167405, CF order=2
  error tolerance: rtol=0.001, atol=1e-05
Failed: Pure curvefit failed for the first window!
Testing N_win=348 N_cf=10
Windowing:
  config: # windows=348, spacing=3.5167192862960177, CF order=10
  error tolerance: rtol=0.001, atol=1e-05
Testing N_win=348 N_cf=9
Windowing:
  config: # windows=348, spacing=3.5167192862960177, CF order=9
  error tolerance: rtol=0.001, atol=1e-05
Testing N_win=348 N_cf=8
Windowing:
  config: # windows=348, spacing=3.5167192862960177, CF order=8
  error tolerance: rtol=0.001, atol=1e-05
Testing N_win=348 N_cf=7
Windowing:
  config: # windows=348, spacing=3.5167192862960177, CF order=7
  error tolerance: rtol=0.001, atol=1e-05
Testing N_win=348 N_cf=6
Windowing:
  config: # windows=348, spacing=3.5167192862960177, CF order=6
  error tolerance: rtol=0.001, atol=1e-05
Testing N_win=348 N_cf=5
Windowing:
  config: # windows=348, spacing=3.5167192862960177, CF order=5
  error tolerance: rtol=0.001, atol=1e-05
Best library so far.
Testing N_win=348 N_cf=4
Windowing:
  config: # windows=348, spacing=3.5167192862960177, CF order=4
  error tolerance: rtol=0.001, atol=1e-05
Best library so far.
Testing N_win=348 N_cf=3
Windowing:
  config: # windows=348, spacing=3.5167192862960177, CF order=3
  error tolerance: rtol=0.001, atol=1e-05
Best library so far.
Testing N_win=348 N_cf=2
Windowing:
  config: # windows=348, spacing=3.5167192862960177, CF order=2
  error tolerance: rtol=0.001, atol=1e-05
Failed: Pure curvefit failed for the first window!
Testing N_win=451 N_cf=10
Windowing:
  config: # windows=451, spacing=2.713566101177415, CF order=10
  error tolerance: rtol=0.001, atol=1e-05
Testing N_win=451 N_cf=9
Windowing:
  config: # windows=451, spacing=2.713566101177415, CF order=9
  error tolerance: rtol=0.001, atol=1e-05
Testing N_win=451 N_cf=8
Windowing:
  config: # windows=451, spacing=2.713566101177415, CF order=8
  error tolerance: rtol=0.001, atol=1e-05
Best library so far.
Testing N_win=451 N_cf=7
Windowing:
  config: # windows=451, spacing=2.713566101177415, CF order=7
  error tolerance: rtol=0.001, atol=1e-05
Best library so far.
Testing N_win=451 N_cf=6
Windowing:
  config: # windows=451, spacing=2.713566101177415, CF order=6
  error tolerance: rtol=0.001, atol=1e-05
Testing N_win=451 N_cf=5
Windowing:
  config: # windows=451, spacing=2.713566101177415, CF order=5
  error tolerance: rtol=0.001, atol=1e-05
Testing N_win=451 N_cf=4
Windowing:
  config: # windows=451, spacing=2.713566101177415, CF order=4
  error tolerance: rtol=0.001, atol=1e-05
Testing N_win=451 N_cf=3
Windowing:
  config: # windows=451, spacing=2.713566101177415, CF order=3
  error tolerance: rtol=0.001, atol=1e-05
Testing N_win=451 N_cf=2
Windowing:
  config: # windows=451, spacing=2.713566101177415, CF order=2
  error tolerance: rtol=0.001, atol=1e-05
Failed: Pure curvefit failed for the first window!
Testing N_win=555 N_cf=10
Windowing:
  config: # windows=555, spacing=2.2050780389748006, CF order=10
  error tolerance: rtol=0.001, atol=1e-05
Best library so far.
Testing N_win=555 N_cf=9
Windowing:
  config: # windows=555, spacing=2.2050780389748006, CF order=9
  error tolerance: rtol=0.001, atol=1e-05
Best library so far.
Testing N_win=555 N_cf=8
Windowing:
  config: # windows=555, spacing=2.2050780389748006, CF order=8
  error tolerance: rtol=0.001, atol=1e-05
Best library so far.
Testing N_win=555 N_cf=7
Windowing:
  config: # windows=555, spacing=2.2050780389748006, CF order=7
  error tolerance: rtol=0.001, atol=1e-05
Best library so far.
Testing N_win=555 N_cf=6
Windowing:
  config: # windows=555, spacing=2.2050780389748006, CF order=6
  error tolerance: rtol=0.001, atol=1e-05
Best library so far.
Testing N_win=555 N_cf=5
Windowing:
  config: # windows=555, spacing=2.2050780389748006, CF order=5
  error tolerance: rtol=0.001, atol=1e-05
Best library so far.
Testing N_win=555 N_cf=4
Windowing:
  config: # windows=555, spacing=2.2050780389748006, CF order=4
  error tolerance: rtol=0.001, atol=1e-05
Best library so far.
Testing N_win=555 N_cf=3
Windowing:
  config: # windows=555, spacing=2.2050780389748006, CF order=3
  error tolerance: rtol=0.001, atol=1e-05
Best library so far.
Testing N_win=555 N_cf=2
Windowing:
  config: # windows=555, spacing=2.2050780389748006, CF order=2
  error tolerance: rtol=0.001, atol=1e-05
Failed: Pure curvefit failed for the first window!
Testing N_win=658 N_cf=10
Windowing:
  config: # windows=658, spacing=1.859906248679353, CF order=10
  error tolerance: rtol=0.001, atol=1e-05
Best library so far.
Testing N_win=658 N_cf=9
Windowing:
  config: # windows=658, spacing=1.859906248679353, CF order=9
  error tolerance: rtol=0.001, atol=1e-05
Best library so far.
Testing N_win=658 N_cf=8
Windowing:
  config: # windows=658, spacing=1.859906248679353, CF order=8
  error tolerance: rtol=0.001, atol=1e-05
Best library so far.
Testing N_win=658 N_cf=7
Windowing:
  config: # windows=658, spacing=1.859906248679353, CF order=7
  error tolerance: rtol=0.001, atol=1e-05
Best library so far.
Testing N_win=658 N_cf=6
Windowing:
  config: # windows=658, spacing=1.859906248679353, CF order=6
  error tolerance: rtol=0.001, atol=1e-05
Best library so far.
Testing N_win=658 N_cf=5
Windowing:
  config: # windows=658, spacing=1.859906248679353, CF order=5
  error tolerance: rtol=0.001, atol=1e-05
Best library so far.
Testing N_win=658 N_cf=4
Windowing:
  config: # windows=658, spacing=1.859906248679353, CF order=4
  error tolerance: rtol=0.001, atol=1e-05
Best library so far.
Testing N_win=658 N_cf=3
Windowing:
  config: # windows=658, spacing=1.859906248679353, CF order=3
  error tolerance: rtol=0.001, atol=1e-05
Best library so far.
Testing N_win=658 N_cf=2
Windowing:
  config: # windows=658, spacing=1.859906248679353, CF order=2
  error tolerance: rtol=0.001, atol=1e-05
Failed: Pure curvefit failed for the first window!
Testing N_win=761 N_cf=10
Windowing:
  config: # windows=761, spacing=1.6081712373600712, CF order=10
  error tolerance: rtol=0.001, atol=1e-05
Best library so far.
Testing N_win=761 N_cf=9
Windowing:
  config: # windows=761, spacing=1.6081712373600712, CF order=9
  error tolerance: rtol=0.001, atol=1e-05
Best library so far.
Testing N_win=761 N_cf=8
Windowing:
  config: # windows=761, spacing=1.6081712373600712, CF order=8
  error tolerance: rtol=0.001, atol=1e-05
Best library so far.
Testing N_win=761 N_cf=7
Windowing:
  config: # windows=761, spacing=1.6081712373600712, CF order=7
  error tolerance: rtol=0.001, atol=1e-05
Best library so far.
Testing N_win=761 N_cf=6
Windowing:
  config: # windows=761, spacing=1.6081712373600712, CF order=6
  error tolerance: rtol=0.001, atol=1e-05
Best library so far.
Testing N_win=761 N_cf=5
Windowing:
  config: # windows=761, spacing=1.6081712373600712, CF order=5
  error tolerance: rtol=0.001, atol=1e-05
Best library so far.
Testing N_win=761 N_cf=4
Windowing:
  config: # windows=761, spacing=1.6081712373600712, CF order=4
  error tolerance: rtol=0.001, atol=1e-05
Best library so far.
Testing N_win=761 N_cf=3
Windowing:
  config: # windows=761, spacing=1.6081712373600712, CF order=3
  error tolerance: rtol=0.001, atol=1e-05
Best library so far.
Testing N_win=761 N_cf=2
Windowing:
  config: # windows=761, spacing=1.6081712373600712, CF order=2
  error tolerance: rtol=0.001, atol=1e-05
Failed: Pure curvefit failed for the first window!
Testing N_win=864 N_cf=10
Windowing:
  config: # windows=864, spacing=1.4164563792025628, CF order=10
  error tolerance: rtol=0.001, atol=1e-05
Testing N_win=864 N_cf=9
Windowing:
  config: # windows=864, spacing=1.4164563792025628, CF order=9
  error tolerance: rtol=0.001, atol=1e-05
Testing N_win=864 N_cf=8
Windowing:
  config: # windows=864, spacing=1.4164563792025628, CF order=8
  error tolerance: rtol=0.001, atol=1e-05
Testing N_win=864 N_cf=7
Windowing:
  config: # windows=864, spacing=1.4164563792025628, CF order=7
  error tolerance: rtol=0.001, atol=1e-05
Testing N_win=864 N_cf=6
Windowing:
  config: # windows=864, spacing=1.4164563792025628, CF order=6
  error tolerance: rtol=0.001, atol=1e-05
Best library so far.
Testing N_win=864 N_cf=5
Windowing:
  config: # windows=864, spacing=1.4164563792025628, CF order=5
  error tolerance: rtol=0.001, atol=1e-05
Best library so far.
Testing N_win=864 N_cf=4
Windowing:
  config: # windows=864, spacing=1.4164563792025628, CF order=4
  error tolerance: rtol=0.001, atol=1e-05
Best library so far.
Testing N_win=864 N_cf=3
Windowing:
  config: # windows=864, spacing=1.4164563792025628, CF order=3
  error tolerance: rtol=0.001, atol=1e-05
Best library so far.
Testing N_win=864 N_cf=2
Windowing:
  config: # windows=864, spacing=1.4164563792025628, CF order=2
  error tolerance: rtol=0.001, atol=1e-05
Failed: Pure curvefit failed for the first window!
Testing N_win=967 N_cf=10
Windowing:
  config: # windows=967, spacing=1.2655825352957748, CF order=10
  error tolerance: rtol=0.001, atol=1e-05
Best library so far.
Testing N_win=967 N_cf=9
Windowing:
  config: # windows=967, spacing=1.2655825352957748, CF order=9
  error tolerance: rtol=0.001, atol=1e-05
Best library so far.
Testing N_win=967 N_cf=8
Windowing:
  config: # windows=967, spacing=1.2655825352957748, CF order=8
  error tolerance: rtol=0.001, atol=1e-05
Best library so far.
Testing N_win=967 N_cf=7
Windowing:
  config: # windows=967, spacing=1.2655825352957748, CF order=7
  error tolerance: rtol=0.001, atol=1e-05
Best library so far.
Testing N_win=967 N_cf=6
Windowing:
  config: # windows=967, spacing=1.2655825352957748, CF order=6
  error tolerance: rtol=0.001, atol=1e-05
Best library so far.
Testing N_win=967 N_cf=5
Windowing:
  config: # windows=967, spacing=1.2655825352957748, CF order=5
  error tolerance: rtol=0.001, atol=1e-05
Best library so far.
Testing N_win=967 N_cf=4
Windowing:
  config: # windows=967, spacing=1.2655825352957748, CF order=4
  error tolerance: rtol=0.001, atol=1e-05
Best library so far.
Testing N_win=967 N_cf=3
Windowing:
  config: # windows=967, spacing=1.2655825352957748, CF order=3
  error tolerance: rtol=0.001, atol=1e-05
Best library so far.
Testing N_win=967 N_cf=2
Windowing:
  config: # windows=967, spacing=1.2655825352957748, CF order=2
  error tolerance: rtol=0.001, atol=1e-05
Failed: Pure curvefit failed for the first window!
Testing N_win=1071 N_cf=10
Windowing:
  config: # windows=1071, spacing=1.142687499188622, CF order=10
  error tolerance: rtol=0.001, atol=1e-05
Testing N_win=1071 N_cf=9
Windowing:
  config: # windows=1071, spacing=1.142687499188622, CF order=9
  error tolerance: rtol=0.001, atol=1e-05
Testing N_win=1071 N_cf=8
Windowing:
  config: # windows=1071, spacing=1.142687499188622, CF order=8
  error tolerance: rtol=0.001, atol=1e-05
Testing N_win=1071 N_cf=7
Windowing:
  config: # windows=1071, spacing=1.142687499188622, CF order=7
  error tolerance: rtol=0.001, atol=1e-05
Testing N_win=1071 N_cf=6
Windowing:
  config: # windows=1071, spacing=1.142687499188622, CF order=6
  error tolerance: rtol=0.001, atol=1e-05
Testing N_win=1071 N_cf=5
Windowing:
  config: # windows=1071, spacing=1.142687499188622, CF order=5
  error tolerance: rtol=0.001, atol=1e-05
Best library so far.
Testing N_win=1071 N_cf=4
Windowing:
  config: # windows=1071, spacing=1.142687499188622, CF order=4
  error tolerance: rtol=0.001, atol=1e-05
Best library so far.
Testing N_win=1071 N_cf=3
Windowing:
  config: # windows=1071, spacing=1.142687499188622, CF order=3
  error tolerance: rtol=0.001, atol=1e-05
Best library so far.
Testing N_win=1071 N_cf=2
Windowing:
  config: # windows=1071, spacing=1.142687499188622, CF order=2
  error tolerance: rtol=0.001, atol=1e-05
Failed: Pure curvefit failed for the first window!
Testing N_win=1174 N_cf=10
Windowing:
  config: # windows=1174, spacing=1.0424346777095521, CF order=10
  error tolerance: rtol=0.001, atol=1e-05
Testing N_win=1174 N_cf=9
Windowing:
  config: # windows=1174, spacing=1.0424346777095521, CF order=9
  error tolerance: rtol=0.001, atol=1e-05
Testing N_win=1174 N_cf=8
Windowing:
  config: # windows=1174, spacing=1.0424346777095521, CF order=8
  error tolerance: rtol=0.001, atol=1e-05
Testing N_win=1174 N_cf=7
Windowing:
  config: # windows=1174, spacing=1.0424346777095521, CF order=7
  error tolerance: rtol=0.001, atol=1e-05
Testing N_win=1174 N_cf=6
Windowing:
  config: # windows=1174, spacing=1.0424346777095521, CF order=6
  error tolerance: rtol=0.001, atol=1e-05
Best library so far.
Testing N_win=1174 N_cf=5
Windowing:
  config: # windows=1174, spacing=1.0424346777095521, CF order=5
  error tolerance: rtol=0.001, atol=1e-05
Best library so far.
Testing N_win=1174 N_cf=4
Windowing:
  config: # windows=1174, spacing=1.0424346777095521, CF order=4
  error tolerance: rtol=0.001, atol=1e-05
Best library so far.
Testing N_win=1174 N_cf=3
Windowing:
  config: # windows=1174, spacing=1.0424346777095521, CF order=3
  error tolerance: rtol=0.001, atol=1e-05
Best library so far.
Testing N_win=1174 N_cf=2
Windowing:
  config: # windows=1174, spacing=1.0424346777095521, CF order=2
  error tolerance: rtol=0.001, atol=1e-05
Failed: Pure curvefit failed for the first window!
Testing N_win=1277 N_cf=10
Windowing:
  config: # windows=1277, spacing=0.9583541986147331, CF order=10
  error tolerance: rtol=0.001, atol=1e-05
Testing N_win=1277 N_cf=9
Windowing:
  config: # windows=1277, spacing=0.9583541986147331, CF order=9
  error tolerance: rtol=0.001, atol=1e-05
Testing N_win=1277 N_cf=8
Windowing:
  config: # windows=1277, spacing=0.9583541986147331, CF order=8
  error tolerance: rtol=0.001, atol=1e-05
Testing N_win=1277 N_cf=7
Windowing:
  config: # windows=1277, spacing=0.9583541986147331, CF order=7
  error tolerance: rtol=0.001, atol=1e-05
Testing N_win=1277 N_cf=6
Windowing:
  config: # windows=1277, spacing=0.9583541986147331, CF order=6
  error tolerance: rtol=0.001, atol=1e-05
Testing N_win=1277 N_cf=5
Windowing:
  config: # windows=1277, spacing=0.9583541986147331, CF order=5
  error tolerance: rtol=0.001, atol=1e-05
Best library so far.
Testing N_win=1277 N_cf=4
Windowing:
  config: # windows=1277, spacing=0.9583541986147331, CF order=4
  error tolerance: rtol=0.001, atol=1e-05
Best library so far.
Testing N_win=1277 N_cf=3
Windowing:
  config: # windows=1277, spacing=0.9583541986147331, CF order=3
  error tolerance: rtol=0.001, atol=1e-05
Best library so far.
Testing N_win=1277 N_cf=2
Windowing:
  config: # windows=1277, spacing=0.9583541986147331, CF order=2
  error tolerance: rtol=0.001, atol=1e-05
Failed: Pure curvefit failed for the first window!
Testing N_win=1380 N_cf=10
Windowing:
  config: # windows=1380, spacing=0.886824863500735, CF order=10
  error tolerance: rtol=0.001, atol=1e-05
Testing N_win=1380 N_cf=9
Windowing:
  config: # windows=1380, spacing=0.886824863500735, CF order=9
  error tolerance: rtol=0.001, atol=1e-05
Testing N_win=1380 N_cf=8
Windowing:
  config: # windows=1380, spacing=0.886824863500735, CF order=8
  error tolerance: rtol=0.001, atol=1e-05
Testing N_win=1380 N_cf=7
Windowing:
  config: # windows=1380, spacing=0.886824863500735, CF order=7
  error tolerance: rtol=0.001, atol=1e-05
Testing N_win=1380 N_cf=6
Windowing:
  config: # windows=1380, spacing=0.886824863500735, CF order=6
  error tolerance: rtol=0.001, atol=1e-05
Testing N_win=1380 N_cf=5
Windowing:
  config: # windows=1380, spacing=0.886824863500735, CF order=5
  error tolerance: rtol=0.001, atol=1e-05
Best library so far.
Testing N_win=1380 N_cf=4
Windowing:
  config: # windows=1380, spacing=0.886824863500735, CF order=4
  error tolerance: rtol=0.001, atol=1e-05
Best library so far.
Testing N_win=1380 N_cf=3
Windowing:
  config: # windows=1380, spacing=0.886824863500735, CF order=3
  error tolerance: rtol=0.001, atol=1e-05
Best library so far.
Testing N_win=1380 N_cf=2
Windowing:
  config: # windows=1380, spacing=0.886824863500735, CF order=2
  error tolerance: rtol=0.001, atol=1e-05
Failed: Pure curvefit failed for the first window!
Testing N_win=1483 N_cf=10
Windowing:
  config: # windows=1483, spacing=0.8252314980654175, CF order=10
  error tolerance: rtol=0.001, atol=1e-05
Testing N_win=1483 N_cf=9
Windowing:
  config: # windows=1483, spacing=0.8252314980654175, CF order=9
  error tolerance: rtol=0.001, atol=1e-05
Testing N_win=1483 N_cf=8
Windowing:
  config: # windows=1483, spacing=0.8252314980654175, CF order=8
  error tolerance: rtol=0.001, atol=1e-05
Testing N_win=1483 N_cf=7
Windowing:
  config: # windows=1483, spacing=0.8252314980654175, CF order=7
  error tolerance: rtol=0.001, atol=1e-05
Testing N_win=1483 N_cf=6
Windowing:
  config: # windows=1483, spacing=0.8252314980654175, CF order=6
  error tolerance: rtol=0.001, atol=1e-05
Testing N_win=1483 N_cf=5
Windowing:
  config: # windows=1483, spacing=0.8252314980654175, CF order=5
  error tolerance: rtol=0.001, atol=1e-05
Testing N_win=1483 N_cf=4
Windowing:
  config: # windows=1483, spacing=0.8252314980654175, CF order=4
  error tolerance: rtol=0.001, atol=1e-05
Testing N_win=1483 N_cf=3
Windowing:
  config: # windows=1483, spacing=0.8252314980654175, CF order=3
  error tolerance: rtol=0.001, atol=1e-05
Testing N_win=1483 N_cf=2
Windowing:
  config: # windows=1483, spacing=0.8252314980654175, CF order=2
  error tolerance: rtol=0.001, atol=1e-05
Failed: Pure curvefit failed for the first window!
Testing N_win=1587 N_cf=10
Windowing:
  config: # windows=1587, spacing=0.7711520552180304, CF order=10
  error tolerance: rtol=0.001, atol=1e-05
Testing N_win=1587 N_cf=9
Windowing:
  config: # windows=1587, spacing=0.7711520552180304, CF order=9
  error tolerance: rtol=0.001, atol=1e-05
Testing N_win=1587 N_cf=8
Windowing:
  config: # windows=1587, spacing=0.7711520552180304, CF order=8
  error tolerance: rtol=0.001, atol=1e-05
Testing N_win=1587 N_cf=7
Windowing:
  config: # windows=1587, spacing=0.7711520552180304, CF order=7
  error tolerance: rtol=0.001, atol=1e-05
Testing N_win=1587 N_cf=6
Windowing:
  config: # windows=1587, spacing=0.7711520552180304, CF order=6
  error tolerance: rtol=0.001, atol=1e-05
Testing N_win=1587 N_cf=5
Windowing:
  config: # windows=1587, spacing=0.7711520552180304, CF order=5
  error tolerance: rtol=0.001, atol=1e-05
Testing N_win=1587 N_cf=4
Windowing:
  config: # windows=1587, spacing=0.7711520552180304, CF order=4
  error tolerance: rtol=0.001, atol=1e-05
Best library so far.
Testing N_win=1587 N_cf=3
Windowing:
  config: # windows=1587, spacing=0.7711520552180304, CF order=3
  error tolerance: rtol=0.001, atol=1e-05
Best library so far.
Testing N_win=1587 N_cf=2
Windowing:
  config: # windows=1587, spacing=0.7711520552180304, CF order=2
  error tolerance: rtol=0.001, atol=1e-05
Best library so far.
Testing N_win=1690 N_cf=10
Windowing:
  config: # windows=1690, spacing=0.7241528471189433, CF order=10
  error tolerance: rtol=0.001, atol=1e-05
Testing N_win=1690 N_cf=9
Windowing:
  config: # windows=1690, spacing=0.7241528471189433, CF order=9
  error tolerance: rtol=0.001, atol=1e-05
Testing N_win=1690 N_cf=8
Windowing:
  config: # windows=1690, spacing=0.7241528471189433, CF order=8
  error tolerance: rtol=0.001, atol=1e-05
Testing N_win=1690 N_cf=7
Windowing:
  config: # windows=1690, spacing=0.7241528471189433, CF order=7
  error tolerance: rtol=0.001, atol=1e-05
Testing N_win=1690 N_cf=6
Windowing:
  config: # windows=1690, spacing=0.7241528471189433, CF order=6
  error tolerance: rtol=0.001, atol=1e-05
Testing N_win=1690 N_cf=5
Windowing:
  config: # windows=1690, spacing=0.7241528471189433, CF order=5
  error tolerance: rtol=0.001, atol=1e-05
Best library so far.
Testing N_win=1690 N_cf=4
Windowing:
  config: # windows=1690, spacing=0.7241528471189433, CF order=4
  error tolerance: rtol=0.001, atol=1e-05
Best library so far.
Testing N_win=1690 N_cf=3
Windowing:
  config: # windows=1690, spacing=0.7241528471189433, CF order=3
  error tolerance: rtol=0.001, atol=1e-05
Best library so far.
Testing N_win=1690 N_cf=2
Windowing:
  config: # windows=1690, spacing=0.7241528471189433, CF order=2
  error tolerance: rtol=0.001, atol=1e-05
Best library so far.
Testing N_win=1793 N_cf=10
Windowing:
  config: # windows=1793, spacing=0.6825534364924787, CF order=10
  error tolerance: rtol=0.001, atol=1e-05
Testing N_win=1793 N_cf=9
Windowing:
  config: # windows=1793, spacing=0.6825534364924787, CF order=9
  error tolerance: rtol=0.001, atol=1e-05
Testing N_win=1793 N_cf=8
Windowing:
  config: # windows=1793, spacing=0.6825534364924787, CF order=8
  error tolerance: rtol=0.001, atol=1e-05
Testing N_win=1793 N_cf=7
Windowing:
  config: # windows=1793, spacing=0.6825534364924787, CF order=7
  error tolerance: rtol=0.001, atol=1e-05
Testing N_win=1793 N_cf=6
Windowing:
  config: # windows=1793, spacing=0.6825534364924787, CF order=6
  error tolerance: rtol=0.001, atol=1e-05
Testing N_win=1793 N_cf=5
Windowing:
  config: # windows=1793, spacing=0.6825534364924787, CF order=5
  error tolerance: rtol=0.001, atol=1e-05
Testing N_win=1793 N_cf=4
Windowing:
  config: # windows=1793, spacing=0.6825534364924787, CF order=4
  error tolerance: rtol=0.001, atol=1e-05
Testing N_win=1793 N_cf=3
Windowing:
  config: # windows=1793, spacing=0.6825534364924787, CF order=3
  error tolerance: rtol=0.001, atol=1e-05
Best library so far.
Testing N_win=1793 N_cf=2
Windowing:
  config: # windows=1793, spacing=0.6825534364924787, CF order=2
  error tolerance: rtol=0.001, atol=1e-05
Best library so far.
Testing N_win=1896 N_cf=10
Windowing:
  config: # windows=1896, spacing=0.6454737930543324, CF order=10
  error tolerance: rtol=0.001, atol=1e-05
Testing N_win=1896 N_cf=9
Windowing:
  config: # windows=1896, spacing=0.6454737930543324, CF order=9
  error tolerance: rtol=0.001, atol=1e-05
Testing N_win=1896 N_cf=8
Windowing:
  config: # windows=1896, spacing=0.6454737930543324, CF order=8
  error tolerance: rtol=0.001, atol=1e-05
Testing N_win=1896 N_cf=7
Windowing:
  config: # windows=1896, spacing=0.6454737930543324, CF order=7
  error tolerance: rtol=0.001, atol=1e-05
Testing N_win=1896 N_cf=6
Windowing:
  config: # windows=1896, spacing=0.6454737930543324, CF order=6
  error tolerance: rtol=0.001, atol=1e-05
Testing N_win=1896 N_cf=5
Windowing:
  config: # windows=1896, spacing=0.6454737930543324, CF order=5
  error tolerance: rtol=0.001, atol=1e-05
Testing N_win=1896 N_cf=4
Windowing:
  config: # windows=1896, spacing=0.6454737930543324, CF order=4
  error tolerance: rtol=0.001, atol=1e-05
Testing N_win=1896 N_cf=3
Windowing:
  config: # windows=1896, spacing=0.6454737930543324, CF order=3
  error tolerance: rtol=0.001, atol=1e-05
Testing N_win=1896 N_cf=2
Windowing:
  config: # windows=1896, spacing=0.6454737930543324, CF order=2
  error tolerance: rtol=0.001, atol=1e-05
Testing N_win=2000 N_cf=10
Windowing:
  config: # windows=2000, spacing=0.6119091558155071, CF order=10
  error tolerance: rtol=0.001, atol=1e-05
Testing N_win=2000 N_cf=9
Windowing:
  config: # windows=2000, spacing=0.6119091558155071, CF order=9
  error tolerance: rtol=0.001, atol=1e-05
Testing N_win=2000 N_cf=8
Windowing:
  config: # windows=2000, spacing=0.6119091558155071, CF order=8
  error tolerance: rtol=0.001, atol=1e-05
Testing N_win=2000 N_cf=7
Windowing:
  config: # windows=2000, spacing=0.6119091558155071, CF order=7
  error tolerance: rtol=0.001, atol=1e-05
Testing N_win=2000 N_cf=6
Windowing:
  config: # windows=2000, spacing=0.6119091558155071, CF order=6
  error tolerance: rtol=0.001, atol=1e-05
Testing N_win=2000 N_cf=5
Windowing:
  config: # windows=2000, spacing=0.6119091558155071, CF order=5
  error tolerance: rtol=0.001, atol=1e-05
Testing N_win=2000 N_cf=4
Windowing:
  config: # windows=2000, spacing=0.6119091558155071, CF order=4
  error tolerance: rtol=0.001, atol=1e-05
Testing N_win=2000 N_cf=3
Windowing:
  config: # windows=2000, spacing=0.6119091558155071, CF order=3
  error tolerance: rtol=0.001, atol=1e-05
Testing N_win=2000 N_cf=2
Windowing:
  config: # windows=2000, spacing=0.6119091558155071, CF order=2
  error tolerance: rtol=0.001, atol=1e-05
Best library so far.
Final library: 567 poles, 2000 windows, 4.8 poles per window, 2 CF order
