Running NJOY to get 0K point-wise data (error=0.0005)...
Parsing cross sections within resolved resonance range...
  MTs: [2, 27, 102, 103, 107]
  Energy range: 1.000e-05 to 6.409e+04 eV (6094 points)
Vector fitting piece 1/1...
  energy: 1.000e-05 to 6.409e+04 eV (6094 points)
  error tolerance: rtol=0.001, atol=1e-05
Found 15 peaks
Fitting orders from 30 to 200
Order=30(0/86)
Order=32(1/86)
Order=34(2/86)
Order=36(3/86)
Order=38(4/86)
Order=40(5/86)
Order=42(6/86)
Order=44(7/86)
Order=46(8/86)
Order=48(9/86)
Order=50(10/86)
Order=52(11/86)
Order=54(12/86)
Order=56(13/86)
Order=58(14/86)
Order=60(15/86)
Order=62(16/86)
Order=64(17/86)
Order=66(18/86)
Order=68(19/86)
Order=70(20/86)
Order=72(21/86)
Order=74(22/86)
Order=76(23/86)
Order=78(24/86)
Order=80(25/86)
Order=82(26/86)
Order=84(27/86)
Order=86(28/86)
Order=88(29/86)
Order=90(30/86)
Order=92(31/86)
Order=94(32/86)
Order=96(33/86)
Order=98(34/86)
Order=100(35/86)
Order=102(36/86)
Found 4 real poles and 52 conjugate complex pairs.
Final number of poles: 56
Saved figure: WMP_Lib/Ar37/0-64085_MT2.png
Saved figure: WMP_Lib/Ar37/0-64085_MT27.png
Saved figure: WMP_Lib/Ar37/0-64085_MT102.png
Saved figure: WMP_Lib/Ar37/0-64085_MT103.png
Saved figure: WMP_Lib/Ar37/0-64085_MT107.png
Dumped multipole data to file: WMP_Lib/Ar37/Ar37_mp.pickle
Start searching ...
Testing N_win=5 N_cf=10
Windowing:
  config: # windows=5, spacing=50.62955221724987, CF order=10
  error tolerance: rtol=0.001, atol=1e-05
Failed: Pure curvefit failed for the first window!
Testing N_win=110 N_cf=10
Windowing:
  config: # windows=110, spacing=2.301343282602267, CF order=10
  error tolerance: rtol=0.001, atol=1e-05
Best library so far.
Testing N_win=110 N_cf=9
Windowing:
  config: # windows=110, spacing=2.301343282602267, CF order=9
  error tolerance: rtol=0.001, atol=1e-05
Best library so far.
Testing N_win=110 N_cf=8
Windowing:
  config: # windows=110, spacing=2.301343282602267, CF order=8
  error tolerance: rtol=0.001, atol=1e-05
Best library so far.
Testing N_win=110 N_cf=7
Windowing:
  config: # windows=110, spacing=2.301343282602267, CF order=7
  error tolerance: rtol=0.001, atol=1e-05
Best library so far.
Testing N_win=110 N_cf=6
Windowing:
  config: # windows=110, spacing=2.301343282602267, CF order=6
  error tolerance: rtol=0.001, atol=1e-05
Best library so far.
Testing N_win=110 N_cf=5
Windowing:
  config: # windows=110, spacing=2.301343282602267, CF order=5
  error tolerance: rtol=0.001, atol=1e-05
Best library so far.
Testing N_win=110 N_cf=4
Windowing:
  config: # windows=110, spacing=2.301343282602267, CF order=4
  error tolerance: rtol=0.001, atol=1e-05
Best library so far.
Testing N_win=110 N_cf=3
Windowing:
  config: # windows=110, spacing=2.301343282602267, CF order=3
  error tolerance: rtol=0.001, atol=1e-05
Best library so far.
Testing N_win=110 N_cf=2
Windowing:
  config: # windows=110, spacing=2.301343282602267, CF order=2
  error tolerance: rtol=0.001, atol=1e-05
Testing N_win=215 N_cf=10
Windowing:
  config: # windows=215, spacing=1.1774314469127878, CF order=10
  error tolerance: rtol=0.001, atol=1e-05
Testing N_win=215 N_cf=9
Windowing:
  config: # windows=215, spacing=1.1774314469127878, CF order=9
  error tolerance: rtol=0.001, atol=1e-05
Testing N_win=215 N_cf=8
Windowing:
  config: # windows=215, spacing=1.1774314469127878, CF order=8
  error tolerance: rtol=0.001, atol=1e-05
Testing N_win=215 N_cf=7
Windowing:
  config: # windows=215, spacing=1.1774314469127878, CF order=7
  error tolerance: rtol=0.001, atol=1e-05
Testing N_win=215 N_cf=6
Windowing:
  config: # windows=215, spacing=1.1774314469127878, CF order=6
  error tolerance: rtol=0.001, atol=1e-05
Testing N_win=215 N_cf=5
Windowing:
  config: # windows=215, spacing=1.1774314469127878, CF order=5
  error tolerance: rtol=0.001, atol=1e-05
Best library so far.
Testing N_win=215 N_cf=4
Windowing:
  config: # windows=215, spacing=1.1774314469127878, CF order=4
  error tolerance: rtol=0.001, atol=1e-05
Best library so far.
Testing N_win=215 N_cf=3
Windowing:
  config: # windows=215, spacing=1.1774314469127878, CF order=3
  error tolerance: rtol=0.001, atol=1e-05
Best library so far.
Testing N_win=215 N_cf=2
Windowing:
  config: # windows=215, spacing=1.1774314469127878, CF order=2
  error tolerance: rtol=0.001, atol=1e-05
Testing N_win=320 N_cf=10
Windowing:
  config: # windows=320, spacing=0.7910867533945293, CF order=10
  error tolerance: rtol=0.001, atol=1e-05
Testing N_win=320 N_cf=9
Windowing:
  config: # windows=320, spacing=0.7910867533945293, CF order=9
  error tolerance: rtol=0.001, atol=1e-05
Testing N_win=320 N_cf=8
Windowing:
  config: # windows=320, spacing=0.7910867533945293, CF order=8
  error tolerance: rtol=0.001, atol=1e-05
Testing N_win=320 N_cf=7
Windowing:
  config: # windows=320, spacing=0.7910867533945293, CF order=7
  error tolerance: rtol=0.001, atol=1e-05
Testing N_win=320 N_cf=6
Windowing:
  config: # windows=320, spacing=0.7910867533945293, CF order=6
  error tolerance: rtol=0.001, atol=1e-05
Testing N_win=320 N_cf=5
Windowing:
  config: # windows=320, spacing=0.7910867533945293, CF order=5
  error tolerance: rtol=0.001, atol=1e-05
Testing N_win=320 N_cf=4
Windowing:
  config: # windows=320, spacing=0.7910867533945293, CF order=4
  error tolerance: rtol=0.001, atol=1e-05
Testing N_win=320 N_cf=3
Windowing:
  config: # windows=320, spacing=0.7910867533945293, CF order=3
  error tolerance: rtol=0.001, atol=1e-05
Best library so far.
Testing N_win=320 N_cf=2
Windowing:
  config: # windows=320, spacing=0.7910867533945293, CF order=2
  error tolerance: rtol=0.001, atol=1e-05
Testing N_win=425 N_cf=10
Windowing:
  config: # windows=425, spacing=0.595641790791175, CF order=10
  error tolerance: rtol=0.001, atol=1e-05
Testing N_win=425 N_cf=9
Windowing:
  config: # windows=425, spacing=0.595641790791175, CF order=9
  error tolerance: rtol=0.001, atol=1e-05
Testing N_win=425 N_cf=8
Windowing:
  config: # windows=425, spacing=0.595641790791175, CF order=8
  error tolerance: rtol=0.001, atol=1e-05
Testing N_win=425 N_cf=7
Windowing:
  config: # windows=425, spacing=0.595641790791175, CF order=7
  error tolerance: rtol=0.001, atol=1e-05
Testing N_win=425 N_cf=6
Windowing:
  config: # windows=425, spacing=0.595641790791175, CF order=6
  error tolerance: rtol=0.001, atol=1e-05
Testing N_win=425 N_cf=5
Windowing:
  config: # windows=425, spacing=0.595641790791175, CF order=5
  error tolerance: rtol=0.001, atol=1e-05
Failed: Pure curvefit failed for the first window!
Testing N_win=530 N_cf=10
Windowing:
  config: # windows=530, spacing=0.47763728506839503, CF order=10
  error tolerance: rtol=0.001, atol=1e-05
Testing N_win=530 N_cf=9
Windowing:
  config: # windows=530, spacing=0.47763728506839503, CF order=9
  error tolerance: rtol=0.001, atol=1e-05
Testing N_win=530 N_cf=8
Windowing:
  config: # windows=530, spacing=0.47763728506839503, CF order=8
  error tolerance: rtol=0.001, atol=1e-05
Testing N_win=530 N_cf=7
Windowing:
  config: # windows=530, spacing=0.47763728506839503, CF order=7
  error tolerance: rtol=0.001, atol=1e-05
Testing N_win=530 N_cf=6
Windowing:
  config: # windows=530, spacing=0.47763728506839503, CF order=6
  error tolerance: rtol=0.001, atol=1e-05
Failed: Pure curvefit failed for the first window!
Testing N_win=635 N_cf=10
Windowing:
  config: # windows=635, spacing=0.39865789147440844, CF order=10
  error tolerance: rtol=0.001, atol=1e-05
Testing N_win=635 N_cf=9
Windowing:
  config: # windows=635, spacing=0.39865789147440844, CF order=9
  error tolerance: rtol=0.001, atol=1e-05
Testing N_win=635 N_cf=8
Windowing:
  config: # windows=635, spacing=0.39865789147440844, CF order=8
  error tolerance: rtol=0.001, atol=1e-05
Testing N_win=635 N_cf=7
Windowing:
  config: # windows=635, spacing=0.39865789147440844, CF order=7
  error tolerance: rtol=0.001, atol=1e-05
Testing N_win=635 N_cf=6
Windowing:
  config: # windows=635, spacing=0.39865789147440844, CF order=6
  error tolerance: rtol=0.001, atol=1e-05
Failed: Pure curvefit failed for the first window!
Testing N_win=740 N_cf=10
Windowing:
  config: # windows=740, spacing=0.3420915690354721, CF order=10
  error tolerance: rtol=0.001, atol=1e-05
Testing N_win=740 N_cf=9
Windowing:
  config: # windows=740, spacing=0.3420915690354721, CF order=9
  error tolerance: rtol=0.001, atol=1e-05
Testing N_win=740 N_cf=8
Windowing:
  config: # windows=740, spacing=0.3420915690354721, CF order=8
  error tolerance: rtol=0.001, atol=1e-05
Testing N_win=740 N_cf=7
Windowing:
  config: # windows=740, spacing=0.3420915690354721, CF order=7
  error tolerance: rtol=0.001, atol=1e-05
Testing N_win=740 N_cf=6
Windowing:
  config: # windows=740, spacing=0.3420915690354721, CF order=6
  error tolerance: rtol=0.001, atol=1e-05
Testing N_win=740 N_cf=5
Windowing:
  config: # windows=740, spacing=0.3420915690354721, CF order=5
  error tolerance: rtol=0.001, atol=1e-05
Failed: Pure curvefit failed for the first window!
Testing N_win=845 N_cf=10
Windowing:
  config: # windows=845, spacing=0.2995831492144963, CF order=10
  error tolerance: rtol=0.001, atol=1e-05
Testing N_win=845 N_cf=9
Windowing:
  config: # windows=845, spacing=0.2995831492144963, CF order=9
  error tolerance: rtol=0.001, atol=1e-05
Testing N_win=845 N_cf=8
Windowing:
  config: # windows=845, spacing=0.2995831492144963, CF order=8
  error tolerance: rtol=0.001, atol=1e-05
Failed: Pure curvefit failed for the first window!
Testing N_win=950 N_cf=10
Windowing:
  config: # windows=950, spacing=0.2664713274592099, CF order=10
  error tolerance: rtol=0.001, atol=1e-05
Testing N_win=950 N_cf=9
Windowing:
  config: # windows=950, spacing=0.2664713274592099, CF order=9
  error tolerance: rtol=0.001, atol=1e-05
Testing N_win=950 N_cf=8
Windowing:
  config: # windows=950, spacing=0.2664713274592099, CF order=8
  error tolerance: rtol=0.001, atol=1e-05
Testing N_win=950 N_cf=7
Windowing:
  config: # windows=950, spacing=0.2664713274592099, CF order=7
  error tolerance: rtol=0.001, atol=1e-05
Testing N_win=950 N_cf=6
Windowing:
  config: # windows=950, spacing=0.2664713274592099, CF order=6
  error tolerance: rtol=0.001, atol=1e-05
Failed: Pure curvefit failed for the first window!
Testing N_win=1055 N_cf=10
Windowing:
  config: # windows=1055, spacing=0.23995048444194253, CF order=10
  error tolerance: rtol=0.001, atol=1e-05
Testing N_win=1055 N_cf=9
Windowing:
  config: # windows=1055, spacing=0.23995048444194253, CF order=9
  error tolerance: rtol=0.001, atol=1e-05
Testing N_win=1055 N_cf=8
Windowing:
  config: # windows=1055, spacing=0.23995048444194253, CF order=8
  error tolerance: rtol=0.001, atol=1e-05
Testing N_win=1055 N_cf=7
Windowing:
  config: # windows=1055, spacing=0.23995048444194253, CF order=7
  error tolerance: rtol=0.001, atol=1e-05
Testing N_win=1055 N_cf=6
Windowing:
  config: # windows=1055, spacing=0.23995048444194253, CF order=6
  error tolerance: rtol=0.001, atol=1e-05
Failed: Pure curvefit failed for the first window!
Testing N_win=1160 N_cf=10
Windowing:
  config: # windows=1160, spacing=0.21823082852262876, CF order=10
  error tolerance: rtol=0.001, atol=1e-05
Testing N_win=1160 N_cf=9
Windowing:
  config: # windows=1160, spacing=0.21823082852262876, CF order=9
  error tolerance: rtol=0.001, atol=1e-05
Testing N_win=1160 N_cf=8
Windowing:
  config: # windows=1160, spacing=0.21823082852262876, CF order=8
  error tolerance: rtol=0.001, atol=1e-05
Testing N_win=1160 N_cf=7
Windowing:
  config: # windows=1160, spacing=0.21823082852262876, CF order=7
  error tolerance: rtol=0.001, atol=1e-05
Failed: Pure curvefit failed for the first window!
Testing N_win=1265 N_cf=10
Windowing:
  config: # windows=1265, spacing=0.20011680718280583, CF order=10
  error tolerance: rtol=0.001, atol=1e-05
Testing N_win=1265 N_cf=9
Windowing:
  config: # windows=1265, spacing=0.20011680718280583, CF order=9
  error tolerance: rtol=0.001, atol=1e-05
Testing N_win=1265 N_cf=8
Windowing:
  config: # windows=1265, spacing=0.20011680718280583, CF order=8
  error tolerance: rtol=0.001, atol=1e-05
Testing N_win=1265 N_cf=7
Windowing:
  config: # windows=1265, spacing=0.20011680718280583, CF order=7
  error tolerance: rtol=0.001, atol=1e-05
Failed: Pure curvefit failed for the first window!
Testing N_win=1370 N_cf=10
Windowing:
  config: # windows=1370, spacing=0.18477938765419663, CF order=10
  error tolerance: rtol=0.001, atol=1e-05
Testing N_win=1370 N_cf=9
Windowing:
  config: # windows=1370, spacing=0.18477938765419663, CF order=9
  error tolerance: rtol=0.001, atol=1e-05
Testing N_win=1370 N_cf=8
Windowing:
  config: # windows=1370, spacing=0.18477938765419663, CF order=8
  error tolerance: rtol=0.001, atol=1e-05
Testing N_win=1370 N_cf=7
Windowing:
  config: # windows=1370, spacing=0.18477938765419663, CF order=7
  error tolerance: rtol=0.001, atol=1e-05
Failed: Pure curvefit failed for the first window!
Testing N_win=1475 N_cf=10
Windowing:
  config: # windows=1475, spacing=0.17162560073644026, CF order=10
  error tolerance: rtol=0.001, atol=1e-05
Testing N_win=1475 N_cf=9
Windowing:
  config: # windows=1475, spacing=0.17162560073644026, CF order=9
  error tolerance: rtol=0.001, atol=1e-05
Testing N_win=1475 N_cf=8
Windowing:
  config: # windows=1475, spacing=0.17162560073644026, CF order=8
  error tolerance: rtol=0.001, atol=1e-05
Testing N_win=1475 N_cf=7
Windowing:
  config: # windows=1475, spacing=0.17162560073644026, CF order=7
  error tolerance: rtol=0.001, atol=1e-05
Failed: Pure curvefit failed for the first window!
Testing N_win=1580 N_cf=10
Windowing:
  config: # windows=1580, spacing=0.1602201019533224, CF order=10
  error tolerance: rtol=0.001, atol=1e-05
Testing N_win=1580 N_cf=9
Windowing:
  config: # windows=1580, spacing=0.1602201019533224, CF order=9
  error tolerance: rtol=0.001, atol=1e-05
Testing N_win=1580 N_cf=8
Windowing:
  config: # windows=1580, spacing=0.1602201019533224, CF order=8
  error tolerance: rtol=0.001, atol=1e-05
Failed: Pure curvefit failed for the first window!
Testing N_win=1685 N_cf=10
Windowing:
  config: # windows=1685, spacing=0.1502360599918394, CF order=10
  error tolerance: rtol=0.001, atol=1e-05
Testing N_win=1685 N_cf=9
Windowing:
  config: # windows=1685, spacing=0.1502360599918394, CF order=9
  error tolerance: rtol=0.001, atol=1e-05
Failed: Pure curvefit failed for the first window!
Testing N_win=1790 N_cf=10
Windowing:
  config: # windows=1790, spacing=0.14142333021578177, CF order=10
  error tolerance: rtol=0.001, atol=1e-05
Testing N_win=1790 N_cf=9
Windowing:
  config: # windows=1790, spacing=0.14142333021578177, CF order=9
  error tolerance: rtol=0.001, atol=1e-05
Testing N_win=1790 N_cf=8
Windowing:
  config: # windows=1790, spacing=0.14142333021578177, CF order=8
  error tolerance: rtol=0.001, atol=1e-05
Failed: Pure curvefit failed for the first window!
Testing N_win=1895 N_cf=10
Windowing:
  config: # windows=1895, spacing=0.13358720901649043, CF order=10
  error tolerance: rtol=0.001, atol=1e-05
Testing N_win=1895 N_cf=9
Windowing:
  config: # windows=1895, spacing=0.13358720901649043, CF order=9
  error tolerance: rtol=0.001, atol=1e-05
Testing N_win=1895 N_cf=8
Windowing:
  config: # windows=1895, spacing=0.13358720901649043, CF order=8
  error tolerance: rtol=0.001, atol=1e-05
Failed: Pure curvefit failed for the first window!
Testing N_win=2000 N_cf=10
Windowing:
  config: # windows=2000, spacing=0.12657388054312468, CF order=10
  error tolerance: rtol=0.001, atol=1e-05
Testing N_win=2000 N_cf=9
Windowing:
  config: # windows=2000, spacing=0.12657388054312468, CF order=9
  error tolerance: rtol=0.001, atol=1e-05
Testing N_win=2000 N_cf=8
Windowing:
  config: # windows=2000, spacing=0.12657388054312468, CF order=8
  error tolerance: rtol=0.001, atol=1e-05
Failed: Pure curvefit failed for the first window!
Final library: 34 poles, 320 windows, 0.51 poles per window, 3 CF order
