Running NJOY to get 0K point-wise data (error=0.0005)...
Parsing cross sections within resolved resonance range...
  MTs: [2, 27, 102, 103, 107]
  Energy range: 1.000e-05 to 1.000e+04 eV (58596 points)
Vector fitting piece 1/29...
  energy: 1.000e-05 to 1.305e+01 eV (614 points)
  error tolerance: rtol=0.001, atol=1e-05
Found 0 peaks
Fitting orders from 2 to 200
Order=2(0/100)
Order=4(1/100)
Order=6(2/100)
Order=8(3/100)
Found ideal results. Stop!
Found 2 real poles and 3 conjugate complex pairs.
Final number of poles: 5
Saved figure: WMP_Lib/W186/0-13_MT2.png
Saved figure: WMP_Lib/W186/0-13_MT27.png
Saved figure: WMP_Lib/W186/0-13_MT102.png
Vector fitting piece 2/29...
  energy: 2.469e+00 to 5.039e+01 eV (591 points)
  error tolerance: rtol=0.001, atol=1e-05
Found 1 peaks
Fitting orders from 2 to 200
Order=2(0/100)
Order=4(1/100)
Order=6(2/100)
Found ideal results. Stop!
Found 2 real poles and 2 conjugate complex pairs.
Final number of poles: 4
Saved figure: WMP_Lib/W186/2-50_MT2.png
Saved figure: WMP_Lib/W186/2-50_MT27.png
Saved figure: WMP_Lib/W186/2-50_MT102.png
Vector fitting piece 3/29...
  energy: 2.516e+01 to 1.133e+02 eV (156 points)
  error tolerance: rtol=0.001, atol=1e-05
Found 0 peaks
Fitting orders from 2 to 200
Order=2(0/100)
Order=4(1/100)
Order=6(2/100)
Found ideal results. Stop!
Found 4 real poles and 1 conjugate complex pairs.
Final number of poles: 5
Saved figure: WMP_Lib/W186/25-113_MT2.png
Saved figure: WMP_Lib/W186/25-113_MT27.png
Saved figure: WMP_Lib/W186/25-113_MT102.png
Vector fitting piece 4/29...
  energy: 7.109e+01 to 1.950e+02 eV (791 points)
  error tolerance: rtol=0.001, atol=1e-05
Found 1 peaks
Fitting orders from 2 to 200
Order=2(0/100)
Order=4(1/100)
Order=6(2/100)
Order=8(3/100)
Order=10(4/100)
Order=12(5/100)
Order=14(6/100)
Order=16(7/100)
Order=18(8/100)
Order=20(9/100)
Order=22(10/100)
Order=24(11/100)
Order=26(12/100)
Order=28(13/100)
Order=30(14/100)
Order=32(15/100)
Order=34(16/100)
Order=36(17/100)
Order=38(18/100)
Order=40(19/100)
Order=42(20/100)
Order=44(21/100)
Order=46(22/100)
Order=48(23/100)
Order=50(24/100)
Order=52(25/100)
Order=54(26/100)
Order=56(27/100)
Order=58(28/100)
Order=60(29/100)
Found 2 real poles and 3 conjugate complex pairs.
Final number of poles: 5
Saved figure: WMP_Lib/W186/71-195_MT2.png
Saved figure: WMP_Lib/W186/71-195_MT27.png
Saved figure: WMP_Lib/W186/71-195_MT102.png
Vector fitting piece 5/29...
  energy: 1.421e+02 to 3.032e+02 eV (2120 points)
  error tolerance: rtol=0.001, atol=1e-05
Found 3 peaks
Fitting orders from 6 to 200
Order=6(0/98)
Order=8(1/98)
Order=10(2/98)
Order=12(3/98)
Order=14(4/98)
Order=16(5/98)
Order=18(6/98)
Order=20(7/98)
Order=22(8/98)
Order=24(9/98)
Order=26(10/98)
Order=28(11/98)
Order=30(12/98)
Order=32(13/98)
Order=34(14/98)
Order=36(15/98)
Order=38(16/98)
Order=40(17/98)
Order=42(18/98)
Order=44(19/98)
Order=46(20/98)
Order=48(21/98)
Order=50(22/98)
Order=52(23/98)
Order=54(24/98)
Order=56(25/98)
Order=58(26/98)
Order=60(27/98)
Found 2 real poles and 4 conjugate complex pairs.
Final number of poles: 6
Saved figure: WMP_Lib/W186/142-303_MT2.png
Saved figure: WMP_Lib/W186/142-303_MT27.png
Saved figure: WMP_Lib/W186/142-303_MT102.png
Vector fitting piece 6/29...
  energy: 2.360e+02 to 4.354e+02 eV (1562 points)
  error tolerance: rtol=0.001, atol=1e-05
Found 2 peaks
Fitting orders from 4 to 200
Order=4(0/99)
Order=6(1/99)
Order=8(2/99)
Order=10(3/99)
Order=12(4/99)
Order=14(5/99)
Order=16(6/99)
Order=18(7/99)
Order=20(8/99)
Order=22(9/99)
Order=24(10/99)
Order=26(11/99)
Order=28(12/99)
Order=30(13/99)
Order=32(14/99)
Order=34(15/99)
Order=36(16/99)
Order=38(17/99)
Order=40(18/99)
Order=42(19/99)
Order=44(20/99)
Order=46(21/99)
Order=48(22/99)
Order=50(23/99)
Order=52(24/99)
Order=54(25/99)
Order=56(26/99)
Order=58(27/99)
Order=60(28/99)
Found 2 real poles and 4 conjugate complex pairs.
Final number of poles: 6
Saved figure: WMP_Lib/W186/236-435_MT2.png
Saved figure: WMP_Lib/W186/236-435_MT27.png
Saved figure: WMP_Lib/W186/236-435_MT102.png
Vector fitting piece 7/29...
  energy: 3.539e+02 to 5.912e+02 eV (2095 points)
  error tolerance: rtol=0.001, atol=1e-05
Found 3 peaks
Fitting orders from 6 to 200
Order=6(0/98)
Order=8(1/98)
Order=10(2/98)
Order=12(3/98)
Order=14(4/98)
Order=16(5/98)
Order=18(6/98)
Order=20(7/98)
Order=22(8/98)
Order=24(9/98)
Order=26(10/98)
Order=28(11/98)
Order=30(12/98)
Order=32(13/98)
Order=34(14/98)
Order=36(15/98)
Order=38(16/98)
Order=40(17/98)
Order=42(18/98)
Order=44(19/98)
Order=46(20/98)
Order=48(21/98)
Order=50(22/98)
Order=52(23/98)
Order=54(24/98)
Order=56(25/98)
Order=58(26/98)
Order=60(27/98)
Found 4 real poles and 3 conjugate complex pairs.
Final number of poles: 7
Saved figure: WMP_Lib/W186/354-591_MT2.png
Saved figure: WMP_Lib/W186/354-591_MT27.png
Saved figure: WMP_Lib/W186/354-591_MT102.png
Vector fitting piece 8/29...
  energy: 4.956e+02 to 7.697e+02 eV (2893 points)
  error tolerance: rtol=0.001, atol=1e-05
Found 6 peaks
Fitting orders from 12 to 200
Order=12(0/95)
Order=14(1/95)
Order=16(2/95)
Order=18(3/95)
Order=20(4/95)
Order=22(5/95)
Order=24(6/95)
Order=26(7/95)
Order=28(8/95)
Order=30(9/95)
Order=32(10/95)
Order=34(11/95)
Order=36(12/95)
Order=38(13/95)
Order=40(14/95)
Order=42(15/95)
Order=44(16/95)
Order=46(17/95)
Order=48(18/95)
Order=50(19/95)
Order=52(20/95)
Order=54(21/95)
Order=56(22/95)
Order=58(23/95)
Order=60(24/95)
Found 2 real poles and 8 conjugate complex pairs.
Final number of poles: 10
Saved figure: WMP_Lib/W186/496-770_MT2.png
Saved figure: WMP_Lib/W186/496-770_MT27.png
Saved figure: WMP_Lib/W186/496-770_MT102.png
Vector fitting piece 9/29...
  energy: 6.612e+02 to 9.728e+02 eV (2620 points)
  error tolerance: rtol=0.001, atol=1e-05
Found 6 peaks
Fitting orders from 12 to 200
Order=12(0/95)
Order=14(1/95)
Order=16(2/95)
Order=18(3/95)
Order=20(4/95)
Order=22(5/95)
Order=24(6/95)
Order=26(7/95)
Order=28(8/95)
Order=30(9/95)
Order=32(10/95)
Order=34(11/95)
Order=36(12/95)
Order=38(13/95)
Order=40(14/95)
Order=42(15/95)
Order=44(16/95)
Order=46(17/95)
Order=48(18/95)
Order=50(19/95)
Order=52(20/95)
Order=54(21/95)
Order=56(22/95)
Order=58(23/95)
Order=60(24/95)
Found 4 real poles and 6 conjugate complex pairs.
Final number of poles: 10
Saved figure: WMP_Lib/W186/661-973_MT2.png
Saved figure: WMP_Lib/W186/661-973_MT27.png
Saved figure: WMP_Lib/W186/661-973_MT102.png
Vector fitting piece 10/29...
  energy: 8.502e+02 to 1.200e+03 eV (2680 points)
  error tolerance: rtol=0.001, atol=1e-05
Found 5 peaks
Fitting orders from 10 to 200
Order=10(0/96)
Order=12(1/96)
Order=14(2/96)
Order=16(3/96)
Order=18(4/96)
Order=20(5/96)
Order=22(6/96)
Order=24(7/96)
Order=26(8/96)
Order=28(9/96)
Order=30(10/96)
Order=32(11/96)
Order=34(12/96)
Order=36(13/96)
Order=38(14/96)
Order=40(15/96)
Order=42(16/96)
Order=44(17/96)
Order=46(18/96)
Order=48(19/96)
Order=50(20/96)
Order=52(21/96)
Order=54(22/96)
Order=56(23/96)
Order=58(24/96)
Order=60(25/96)
Found 4 real poles and 5 conjugate complex pairs.
Final number of poles: 9
Saved figure: WMP_Lib/W186/850-1200_MT2.png
Saved figure: WMP_Lib/W186/850-1200_MT27.png
Saved figure: WMP_Lib/W186/850-1200_MT102.png
Vector fitting piece 11/29...
  energy: 1.063e+03 to 1.452e+03 eV (2712 points)
  error tolerance: rtol=0.001, atol=1e-05
Found 5 peaks
Fitting orders from 10 to 200
Order=10(0/96)
Order=12(1/96)
Order=14(2/96)
Order=16(3/96)
Order=18(4/96)
Order=20(5/96)
Order=22(6/96)
Order=24(7/96)
Order=26(8/96)
Order=28(9/96)
Order=30(10/96)
Order=32(11/96)
Order=34(12/96)
Order=36(13/96)
Order=38(14/96)
Order=40(15/96)
Order=42(16/96)
Order=44(17/96)
Order=46(18/96)
Order=48(19/96)
Order=50(20/96)
Order=52(21/96)
Order=54(22/96)
Order=56(23/96)
Order=58(24/96)
Order=60(25/96)
Found 2 real poles and 6 conjugate complex pairs.
Final number of poles: 8
Saved figure: WMP_Lib/W186/1063-1452_MT2.png
Saved figure: WMP_Lib/W186/1063-1452_MT27.png
Saved figure: WMP_Lib/W186/1063-1452_MT102.png
Vector fitting piece 12/29...
  energy: 1.300e+03 to 1.728e+03 eV (1975 points)
  error tolerance: rtol=0.001, atol=1e-05
Found 5 peaks
Fitting orders from 10 to 200
Order=10(0/96)
Order=12(1/96)
Order=14(2/96)
Order=16(3/96)
Order=18(4/96)
Order=20(5/96)
Order=22(6/96)
Order=24(7/96)
Order=26(8/96)
Order=28(9/96)
Order=30(10/96)
Order=32(11/96)
Order=34(12/96)
Order=36(13/96)
Order=38(14/96)
Order=40(15/96)
Order=42(16/96)
Order=44(17/96)
Order=46(18/96)
Order=48(19/96)
Order=50(20/96)
Order=52(21/96)
Order=54(22/96)
Order=56(23/96)
Order=58(24/96)
Order=60(25/96)
Found 4 real poles and 5 conjugate complex pairs.
Final number of poles: 9
Saved figure: WMP_Lib/W186/1300-1728_MT2.png
Saved figure: WMP_Lib/W186/1300-1728_MT27.png
Saved figure: WMP_Lib/W186/1300-1728_MT102.png
Vector fitting piece 13/29...
  energy: 1.560e+03 to 2.023e+03 eV (2139 points)
  error tolerance: rtol=0.001, atol=1e-05
Found 5 peaks
Fitting orders from 10 to 200
Order=10(0/96)
Order=12(1/96)
Order=14(2/96)
Order=16(3/96)
Order=18(4/96)
Order=20(5/96)
Order=22(6/96)
Order=24(7/96)
Order=26(8/96)
Order=28(9/96)
Order=30(10/96)
Order=32(11/96)
Order=34(12/96)
Order=36(13/96)
Order=38(14/96)
Order=40(15/96)
Order=42(16/96)
Order=44(17/96)
Order=46(18/96)
Order=48(19/96)
Order=50(20/96)
Order=52(21/96)
Order=54(22/96)
Order=56(23/96)
Order=58(24/96)
Order=60(25/96)
Found 2 real poles and 7 conjugate complex pairs.
Final number of poles: 9
Saved figure: WMP_Lib/W186/1560-2023_MT2.png
Saved figure: WMP_Lib/W186/1560-2023_MT27.png
Saved figure: WMP_Lib/W186/1560-2023_MT102.png
Vector fitting piece 14/29...
  energy: 1.844e+03 to 2.345e+03 eV (2252 points)
  error tolerance: rtol=0.001, atol=1e-05
Found 4 peaks
Fitting orders from 8 to 200
Order=8(0/97)
Order=10(1/97)
Order=12(2/97)
Order=14(3/97)
Order=16(4/97)
Order=18(5/97)
Order=20(6/97)
Order=22(7/97)
Order=24(8/97)
Order=26(9/97)
Order=28(10/97)
Order=30(11/97)
Order=32(12/97)
Order=34(13/97)
Order=36(14/97)
Order=38(15/97)
Order=40(16/97)
Order=42(17/97)
Order=44(18/97)
Order=46(19/97)
Order=48(20/97)
Order=50(21/97)
Order=52(22/97)
Order=54(23/97)
Order=56(24/97)
Order=58(25/97)
Order=60(26/97)
Found 2 real poles and 6 conjugate complex pairs.
Final number of poles: 8
Saved figure: WMP_Lib/W186/1844-2345_MT2.png
Saved figure: WMP_Lib/W186/1844-2345_MT27.png
Saved figure: WMP_Lib/W186/1844-2345_MT102.png
Vector fitting piece 15/29...
  energy: 2.153e+03 to 2.692e+03 eV (2800 points)
  error tolerance: rtol=0.001, atol=1e-05
Found 7 peaks
Fitting orders from 14 to 200
Order=14(0/94)
Order=16(1/94)
Order=18(2/94)
Order=20(3/94)
Order=22(4/94)
Order=24(5/94)
Order=26(6/94)
Order=28(7/94)
Order=30(8/94)
Order=32(9/94)
Order=34(10/94)
Order=36(11/94)
Order=38(12/94)
Order=40(13/94)
Order=42(14/94)
Order=44(15/94)
Order=46(16/94)
Order=48(17/94)
Order=50(18/94)
Order=52(19/94)
Order=54(20/94)
Order=56(21/94)
Order=58(22/94)
Order=60(23/94)
Found 4 real poles and 7 conjugate complex pairs.
Final number of poles: 11
Saved figure: WMP_Lib/W186/2153-2692_MT2.png
Saved figure: WMP_Lib/W186/2153-2692_MT27.png
Saved figure: WMP_Lib/W186/2153-2692_MT102.png
Vector fitting piece 16/29...
  energy: 2.485e+03 to 3.061e+03 eV (4211 points)
  error tolerance: rtol=0.001, atol=1e-05
Found 12 peaks
Fitting orders from 24 to 200
Order=24(0/89)
Order=26(1/89)
Order=28(2/89)
Order=30(3/89)
Order=32(4/89)
Order=34(5/89)
Order=36(6/89)
Order=38(7/89)
Order=40(8/89)
Order=42(9/89)
Order=44(10/89)
Order=46(11/89)
Order=48(12/89)
Order=50(13/89)
Order=52(14/89)
Order=54(15/89)
Order=56(16/89)
Order=58(17/89)
Order=60(18/89)
Found 4 real poles and 12 conjugate complex pairs.
Final number of poles: 16
Saved figure: WMP_Lib/W186/2485-3061_MT2.png
Saved figure: WMP_Lib/W186/2485-3061_MT27.png
Saved figure: WMP_Lib/W186/2485-3061_MT102.png
Vector fitting piece 17/29...
  energy: 2.841e+03 to 3.455e+03 eV (3998 points)
  error tolerance: rtol=0.001, atol=1e-05
Found 12 peaks
Fitting orders from 24 to 200
Order=24(0/89)
Order=26(1/89)
Order=28(2/89)
Order=30(3/89)
Order=32(4/89)
Order=34(5/89)
Order=36(6/89)
Order=38(7/89)
Order=40(8/89)
Order=42(9/89)
Order=44(10/89)
Order=46(11/89)
Order=48(12/89)
Order=50(13/89)
Order=52(14/89)
Order=54(15/89)
Order=56(16/89)
Order=58(17/89)
Order=60(18/89)
Found 4 real poles and 12 conjugate complex pairs.
Final number of poles: 16
Saved figure: WMP_Lib/W186/2841-3455_MT2.png
Saved figure: WMP_Lib/W186/2841-3455_MT27.png
Saved figure: WMP_Lib/W186/2841-3455_MT102.png
Vector fitting piece 18/29...
  energy: 3.220e+03 to 3.871e+03 eV (4637 points)
  error tolerance: rtol=0.001, atol=1e-05
Found 13 peaks
Fitting orders from 26 to 200
Order=26(0/88)
Order=28(1/88)
Order=30(2/88)
Order=32(3/88)
Order=34(4/88)
Order=36(5/88)
Order=38(6/88)
Order=40(7/88)
Order=42(8/88)
Order=44(9/88)
Order=46(10/88)
Order=48(11/88)
Order=50(12/88)
Order=52(13/88)
Order=54(14/88)
Order=56(15/88)
Order=58(16/88)
Order=60(17/88)
Found 4 real poles and 14 conjugate complex pairs.
Final number of poles: 18
Saved figure: WMP_Lib/W186/3220-3871_MT2.png
Saved figure: WMP_Lib/W186/3220-3871_MT27.png
Saved figure: WMP_Lib/W186/3220-3871_MT102.png
Vector fitting piece 19/29...
  energy: 3.623e+03 to 4.315e+03 eV (4802 points)
  error tolerance: rtol=0.001, atol=1e-05
Found 15 peaks
Fitting orders from 30 to 200
Order=30(0/86)
Order=32(1/86)
Order=34(2/86)
Order=36(3/86)
Order=38(4/86)
Order=40(5/86)
Order=42(6/86)
Order=44(7/86)
Order=46(8/86)
Order=48(9/86)
Order=50(10/86)
Order=52(11/86)
Order=54(12/86)
Order=56(13/86)
Order=58(14/86)
Order=60(15/86)
Found 6 real poles and 15 conjugate complex pairs.
Final number of poles: 21
Saved figure: WMP_Lib/W186/3623-4315_MT2.png
Saved figure: WMP_Lib/W186/3623-4315_MT27.png
Saved figure: WMP_Lib/W186/3623-4315_MT102.png
Vector fitting piece 20/29...
  energy: 4.050e+03 to 4.778e+03 eV (4316 points)
  error tolerance: rtol=0.001, atol=1e-05
Found 15 peaks
Fitting orders from 30 to 200
Order=30(0/86)
Order=32(1/86)
Order=34(2/86)
Order=36(3/86)
Order=38(4/86)
Order=40(5/86)
Order=42(6/86)
Order=44(7/86)
Order=46(8/86)
Order=48(9/86)
Order=50(10/86)
Order=52(11/86)
Order=54(12/86)
Order=56(13/86)
Order=58(14/86)
Order=60(15/86)
Order=62(16/86)
Order=64(17/86)
Order=66(18/86)
Order=68(19/86)
Order=70(20/86)
Found 4 real poles and 16 conjugate complex pairs.
Final number of poles: 20
Saved figure: WMP_Lib/W186/4050-4778_MT2.png
Saved figure: WMP_Lib/W186/4050-4778_MT27.png
Saved figure: WMP_Lib/W186/4050-4778_MT102.png
Vector fitting piece 21/29...
  energy: 4.501e+03 to 5.266e+03 eV (4233 points)
  error tolerance: rtol=0.001, atol=1e-05
Found 15 peaks
Fitting orders from 30 to 200
Order=30(0/86)
Order=32(1/86)
Order=34(2/86)
Order=36(3/86)
Order=38(4/86)
Order=40(5/86)
Order=42(6/86)
Order=44(7/86)
Order=46(8/86)
Order=48(9/86)
Order=50(10/86)
Order=52(11/86)
Order=54(12/86)
Order=56(13/86)
Order=58(14/86)
Order=60(15/86)
Order=62(16/86)
Order=64(17/86)
Order=66(18/86)
Order=68(19/86)
Order=70(20/86)
Found 6 real poles and 15 conjugate complex pairs.
Final number of poles: 21
Saved figure: WMP_Lib/W186/4501-5266_MT2.png
Saved figure: WMP_Lib/W186/4501-5266_MT27.png
Saved figure: WMP_Lib/W186/4501-5266_MT102.png
Vector fitting piece 22/29...
  energy: 4.976e+03 to 5.778e+03 eV (5010 points)
  error tolerance: rtol=0.001, atol=1e-05
Found 16 peaks
Fitting orders from 32 to 200
Order=32(0/85)
Order=34(1/85)
Order=36(2/85)
Order=38(3/85)
Order=40(4/85)
Order=42(5/85)
Order=44(6/85)
Order=46(7/85)
Order=48(8/85)
Order=50(9/85)
Order=52(10/85)
Order=54(11/85)
Order=56(12/85)
Order=58(13/85)
Order=60(14/85)
Found 4 real poles and 17 conjugate complex pairs.
Final number of poles: 21
Saved figure: WMP_Lib/W186/4976-5778_MT2.png
Saved figure: WMP_Lib/W186/4976-5778_MT27.png
Saved figure: WMP_Lib/W186/4976-5778_MT102.png
Vector fitting piece 23/29...
  energy: 5.474e+03 to 6.315e+03 eV (4322 points)
  error tolerance: rtol=0.001, atol=1e-05
Found 17 peaks
Fitting orders from 34 to 200
Order=34(0/84)
Order=36(1/84)
Order=38(2/84)
Order=40(3/84)
Order=42(4/84)
Order=44(5/84)
Order=46(6/84)
Order=48(7/84)
Order=50(8/84)
Order=52(9/84)
Order=54(10/84)
Order=56(11/84)
Order=58(12/84)
Order=60(13/84)
Order=62(14/84)
Order=64(15/84)
Order=66(16/84)
Order=68(17/84)
Order=70(18/84)
Found 6 real poles and 17 conjugate complex pairs.
Final number of poles: 23
Saved figure: WMP_Lib/W186/5474-6315_MT2.png
Saved figure: WMP_Lib/W186/5474-6315_MT27.png
Saved figure: WMP_Lib/W186/5474-6315_MT102.png
Vector fitting piece 24/29...
  energy: 5.995e+03 to 6.877e+03 eV (5138 points)
  error tolerance: rtol=0.001, atol=1e-05
Found 19 peaks
Fitting orders from 38 to 200
Order=38(0/82)
Order=40(1/82)
Order=42(2/82)
Order=44(3/82)
Order=46(4/82)
Order=48(5/82)
Order=50(6/82)
Order=52(7/82)
Order=54(8/82)
Order=56(9/82)
Order=58(10/82)
Order=60(11/82)
Order=62(12/82)
Order=64(13/82)
Order=66(14/82)
Order=68(15/82)
Order=70(16/82)
Found 4 real poles and 20 conjugate complex pairs.
Final number of poles: 24
Saved figure: WMP_Lib/W186/5995-6877_MT2.png
Saved figure: WMP_Lib/W186/5995-6877_MT27.png
Saved figure: WMP_Lib/W186/5995-6877_MT102.png
Vector fitting piece 25/29...
  energy: 6.542e+03 to 7.458e+03 eV (5285 points)
  error tolerance: rtol=0.001, atol=1e-05
Found 17 peaks
Fitting orders from 34 to 200
Order=34(0/84)
Order=36(1/84)
Order=38(2/84)
Order=40(3/84)
Order=42(4/84)
Order=44(5/84)
Order=46(6/84)
Order=48(7/84)
Order=50(8/84)
Order=52(9/84)
Order=54(10/84)
Order=56(11/84)
Order=58(12/84)
Order=60(13/84)
Order=62(14/84)
Order=64(15/84)
Order=66(16/84)
Order=68(17/84)
Order=70(18/84)
Found 4 real poles and 18 conjugate complex pairs.
Final number of poles: 22
Saved figure: WMP_Lib/W186/6542-7458_MT2.png
Saved figure: WMP_Lib/W186/6542-7458_MT27.png
Saved figure: WMP_Lib/W186/6542-7458_MT102.png
Vector fitting piece 26/29...
  energy: 7.112e+03 to 8.067e+03 eV (5813 points)
  error tolerance: rtol=0.001, atol=1e-05
Found 18 peaks
Fitting orders from 36 to 200
Order=36(0/83)
Order=38(1/83)
Order=40(2/83)
Order=42(3/83)
Order=44(4/83)
Order=46(5/83)
Order=48(6/83)
Order=50(7/83)
Order=52(8/83)
Order=54(9/83)
Order=56(10/83)
Order=58(11/83)
Order=60(12/83)
Found 4 real poles and 19 conjugate complex pairs.
Final number of poles: 23
Saved figure: WMP_Lib/W186/7112-8067_MT2.png
Saved figure: WMP_Lib/W186/7112-8067_MT27.png
Saved figure: WMP_Lib/W186/7112-8067_MT102.png
Vector fitting piece 27/29...
  energy: 7.706e+03 to 8.697e+03 eV (5300 points)
  error tolerance: rtol=0.001, atol=1e-05
Found 16 peaks
Fitting orders from 32 to 200
Order=32(0/85)
Order=34(1/85)
Order=36(2/85)
Order=38(3/85)
Order=40(4/85)
Order=42(5/85)
Order=44(6/85)
Order=46(7/85)
Order=48(8/85)
Order=50(9/85)
Order=52(10/85)
Order=54(11/85)
Order=56(12/85)
Order=58(13/85)
Order=60(14/85)
Found 4 real poles and 16 conjugate complex pairs.
Final number of poles: 20
Saved figure: WMP_Lib/W186/7706-8697_MT2.png
Saved figure: WMP_Lib/W186/7706-8697_MT27.png
Saved figure: WMP_Lib/W186/7706-8697_MT102.png
Vector fitting piece 28/29...
  energy: 8.323e+03 to 9.353e+03 eV (4309 points)
  error tolerance: rtol=0.001, atol=1e-05
Found 16 peaks
Fitting orders from 32 to 200
Order=32(0/85)
Order=34(1/85)
Order=36(2/85)
Order=38(3/85)
Order=40(4/85)
Order=42(5/85)
Order=44(6/85)
Order=46(7/85)
Order=48(8/85)
Order=50(9/85)
Order=52(10/85)
Order=54(11/85)
Order=56(12/85)
Order=58(13/85)
Order=60(14/85)
Order=62(15/85)
Order=64(16/85)
Order=66(17/85)
Order=68(18/85)
Order=70(19/85)
Found 4 real poles and 17 conjugate complex pairs.
Final number of poles: 21
Saved figure: WMP_Lib/W186/8323-9353_MT2.png
Saved figure: WMP_Lib/W186/8323-9353_MT27.png
Saved figure: WMP_Lib/W186/8323-9353_MT102.png
Vector fitting piece 29/29...
  energy: 8.963e+03 to 1.000e+04 eV (3857 points)
  error tolerance: rtol=0.001, atol=1e-05
Found 14 peaks
Fitting orders from 28 to 200
Order=28(0/87)
Order=30(1/87)
Order=32(2/87)
Order=34(3/87)
Order=36(4/87)
Order=38(5/87)
Order=40(6/87)
Order=42(7/87)
Order=44(8/87)
Order=46(9/87)
Order=48(10/87)
Order=50(11/87)
Order=52(12/87)
Order=54(13/87)
Order=56(14/87)
Order=58(15/87)
Order=60(16/87)
Found 6 real poles and 14 conjugate complex pairs.
Final number of poles: 20
Saved figure: WMP_Lib/W186/8963-10000_MT2.png
Saved figure: WMP_Lib/W186/8963-10000_MT27.png
Saved figure: WMP_Lib/W186/8963-10000_MT102.png
Dumped multipole data to file: WMP_Lib/W186/W186_mp.pickle
Start searching ...
Testing N_win=19 N_cf=10
Failed: Window spacing cannot be larger than piece spacing.
Testing N_win=123 N_cf=10
Windowing:
  config: # windows=123, spacing=0.8129820140026612, CF order=10
  error tolerance: rtol=0.001, atol=1e-05
Best library so far.
Testing N_win=123 N_cf=9
Windowing:
  config: # windows=123, spacing=0.8129820140026612, CF order=9
  error tolerance: rtol=0.001, atol=1e-05
Best library so far.
Testing N_win=123 N_cf=8
Windowing:
  config: # windows=123, spacing=0.8129820140026612, CF order=8
  error tolerance: rtol=0.001, atol=1e-05
Best library so far.
Testing N_win=123 N_cf=7
Windowing:
  config: # windows=123, spacing=0.8129820140026612, CF order=7
  error tolerance: rtol=0.001, atol=1e-05
Best library so far.
Testing N_win=123 N_cf=6
Windowing:
  config: # windows=123, spacing=0.8129820140026612, CF order=6
  error tolerance: rtol=0.001, atol=1e-05
Best library so far.
Testing N_win=123 N_cf=5
Windowing:
  config: # windows=123, spacing=0.8129820140026612, CF order=5
  error tolerance: rtol=0.001, atol=1e-05
Failed: Pure curvefit failed for the first window!
Testing N_win=227 N_cf=10
Windowing:
  config: # windows=227, spacing=0.44051448335827015, CF order=10
  error tolerance: rtol=0.001, atol=1e-05
Best library so far.
Testing N_win=227 N_cf=9
Windowing:
  config: # windows=227, spacing=0.44051448335827015, CF order=9
  error tolerance: rtol=0.001, atol=1e-05
Best library so far.
Testing N_win=227 N_cf=8
Windowing:
  config: # windows=227, spacing=0.44051448335827015, CF order=8
  error tolerance: rtol=0.001, atol=1e-05
Best library so far.
Testing N_win=227 N_cf=7
Windowing:
  config: # windows=227, spacing=0.44051448335827015, CF order=7
  error tolerance: rtol=0.001, atol=1e-05
Best library so far.
Testing N_win=227 N_cf=6
Windowing:
  config: # windows=227, spacing=0.44051448335827015, CF order=6
  error tolerance: rtol=0.001, atol=1e-05
Best library so far.
Testing N_win=227 N_cf=5
Windowing:
  config: # windows=227, spacing=0.44051448335827015, CF order=5
  error tolerance: rtol=0.001, atol=1e-05
Best library so far.
Testing N_win=227 N_cf=4
Windowing:
  config: # windows=227, spacing=0.44051448335827015, CF order=4
  error tolerance: rtol=0.001, atol=1e-05
Failed: Pure curvefit failed for the first window!
Testing N_win=331 N_cf=10
Windowing:
  config: # windows=331, spacing=0.30210509885899495, CF order=10
  error tolerance: rtol=0.001, atol=1e-05
Best library so far.
Testing N_win=331 N_cf=9
Windowing:
  config: # windows=331, spacing=0.30210509885899495, CF order=9
  error tolerance: rtol=0.001, atol=1e-05
Best library so far.
Testing N_win=331 N_cf=8
Windowing:
  config: # windows=331, spacing=0.30210509885899495, CF order=8
  error tolerance: rtol=0.001, atol=1e-05
Best library so far.
Testing N_win=331 N_cf=7
Windowing:
  config: # windows=331, spacing=0.30210509885899495, CF order=7
  error tolerance: rtol=0.001, atol=1e-05
Best library so far.
Testing N_win=331 N_cf=6
Windowing:
  config: # windows=331, spacing=0.30210509885899495, CF order=6
  error tolerance: rtol=0.001, atol=1e-05
Best library so far.
Testing N_win=331 N_cf=5
Windowing:
  config: # windows=331, spacing=0.30210509885899495, CF order=5
  error tolerance: rtol=0.001, atol=1e-05
Best library so far.
Testing N_win=331 N_cf=4
Windowing:
  config: # windows=331, spacing=0.30210509885899495, CF order=4
  error tolerance: rtol=0.001, atol=1e-05
Best library so far.
Testing N_win=331 N_cf=3
Windowing:
  config: # windows=331, spacing=0.30210509885899495, CF order=3
  error tolerance: rtol=0.001, atol=1e-05
Failed: Pure curvefit failed for the first window!
Testing N_win=436 N_cf=10
Windowing:
  config: # windows=436, spacing=0.22935043055579662, CF order=10
  error tolerance: rtol=0.001, atol=1e-05
Testing N_win=436 N_cf=9
Windowing:
  config: # windows=436, spacing=0.22935043055579662, CF order=9
  error tolerance: rtol=0.001, atol=1e-05
Testing N_win=436 N_cf=8
Windowing:
  config: # windows=436, spacing=0.22935043055579662, CF order=8
  error tolerance: rtol=0.001, atol=1e-05
Testing N_win=436 N_cf=7
Windowing:
  config: # windows=436, spacing=0.22935043055579662, CF order=7
  error tolerance: rtol=0.001, atol=1e-05
Testing N_win=436 N_cf=6
Windowing:
  config: # windows=436, spacing=0.22935043055579662, CF order=6
  error tolerance: rtol=0.001, atol=1e-05
Best library so far.
Testing N_win=436 N_cf=5
Windowing:
  config: # windows=436, spacing=0.22935043055579662, CF order=5
  error tolerance: rtol=0.001, atol=1e-05
Best library so far.
Testing N_win=436 N_cf=4
Windowing:
  config: # windows=436, spacing=0.22935043055579662, CF order=4
  error tolerance: rtol=0.001, atol=1e-05
Best library so far.
Testing N_win=436 N_cf=3
Windowing:
  config: # windows=436, spacing=0.22935043055579662, CF order=3
  error tolerance: rtol=0.001, atol=1e-05
Failed: Pure curvefit failed for the first window!
Testing N_win=540 N_cf=10
Windowing:
  config: # windows=540, spacing=0.1851792365228284, CF order=10
  error tolerance: rtol=0.001, atol=1e-05
Testing N_win=540 N_cf=9
Windowing:
  config: # windows=540, spacing=0.1851792365228284, CF order=9
  error tolerance: rtol=0.001, atol=1e-05
Testing N_win=540 N_cf=8
Windowing:
  config: # windows=540, spacing=0.1851792365228284, CF order=8
  error tolerance: rtol=0.001, atol=1e-05
Best library so far.
Testing N_win=540 N_cf=7
Windowing:
  config: # windows=540, spacing=0.1851792365228284, CF order=7
  error tolerance: rtol=0.001, atol=1e-05
Best library so far.
Testing N_win=540 N_cf=6
Windowing:
  config: # windows=540, spacing=0.1851792365228284, CF order=6
  error tolerance: rtol=0.001, atol=1e-05
Best library so far.
Testing N_win=540 N_cf=5
Windowing:
  config: # windows=540, spacing=0.1851792365228284, CF order=5
  error tolerance: rtol=0.001, atol=1e-05
Best library so far.
Testing N_win=540 N_cf=4
Windowing:
  config: # windows=540, spacing=0.1851792365228284, CF order=4
  error tolerance: rtol=0.001, atol=1e-05
Best library so far.
Testing N_win=540 N_cf=3
Windowing:
  config: # windows=540, spacing=0.1851792365228284, CF order=3
  error tolerance: rtol=0.001, atol=1e-05
Failed: Pure curvefit failed for the first window!
Testing N_win=644 N_cf=10
Windowing:
  config: # windows=644, spacing=0.15527451509678156, CF order=10
  error tolerance: rtol=0.001, atol=1e-05
Testing N_win=644 N_cf=9
Windowing:
  config: # windows=644, spacing=0.15527451509678156, CF order=9
  error tolerance: rtol=0.001, atol=1e-05
Testing N_win=644 N_cf=8
Windowing:
  config: # windows=644, spacing=0.15527451509678156, CF order=8
  error tolerance: rtol=0.001, atol=1e-05
Testing N_win=644 N_cf=7
Windowing:
  config: # windows=644, spacing=0.15527451509678156, CF order=7
  error tolerance: rtol=0.001, atol=1e-05
Testing N_win=644 N_cf=6
Windowing:
  config: # windows=644, spacing=0.15527451509678156, CF order=6
  error tolerance: rtol=0.001, atol=1e-05
Testing N_win=644 N_cf=5
Windowing:
  config: # windows=644, spacing=0.15527451509678156, CF order=5
  error tolerance: rtol=0.001, atol=1e-05
Testing N_win=644 N_cf=4
Windowing:
  config: # windows=644, spacing=0.15527451509678156, CF order=4
  error tolerance: rtol=0.001, atol=1e-05
Testing N_win=644 N_cf=3
Windowing:
  config: # windows=644, spacing=0.15527451509678156, CF order=3
  error tolerance: rtol=0.001, atol=1e-05
Failed: Pure curvefit failed for the first window!
Testing N_win=748 N_cf=10
Windowing:
  config: # windows=748, spacing=0.1336855450833253, CF order=10
  error tolerance: rtol=0.001, atol=1e-05
Testing N_win=748 N_cf=9
Windowing:
  config: # windows=748, spacing=0.1336855450833253, CF order=9
  error tolerance: rtol=0.001, atol=1e-05
Testing N_win=748 N_cf=8
Windowing:
  config: # windows=748, spacing=0.1336855450833253, CF order=8
  error tolerance: rtol=0.001, atol=1e-05
Testing N_win=748 N_cf=7
Windowing:
  config: # windows=748, spacing=0.1336855450833253, CF order=7
  error tolerance: rtol=0.001, atol=1e-05
Testing N_win=748 N_cf=6
Windowing:
  config: # windows=748, spacing=0.1336855450833253, CF order=6
  error tolerance: rtol=0.001, atol=1e-05
Testing N_win=748 N_cf=5
Windowing:
  config: # windows=748, spacing=0.1336855450833253, CF order=5
  error tolerance: rtol=0.001, atol=1e-05
Best library so far.
Testing N_win=748 N_cf=4
Windowing:
  config: # windows=748, spacing=0.1336855450833253, CF order=4
  error tolerance: rtol=0.001, atol=1e-05
Best library so far.
Testing N_win=748 N_cf=3
Windowing:
  config: # windows=748, spacing=0.1336855450833253, CF order=3
  error tolerance: rtol=0.001, atol=1e-05
Failed: Pure curvefit failed for the first window!
Testing N_win=853 N_cf=10
Windowing:
  config: # windows=853, spacing=0.11722952839663227, CF order=10
  error tolerance: rtol=0.001, atol=1e-05
Testing N_win=853 N_cf=9
Windowing:
  config: # windows=853, spacing=0.11722952839663227, CF order=9
  error tolerance: rtol=0.001, atol=1e-05
Testing N_win=853 N_cf=8
Windowing:
  config: # windows=853, spacing=0.11722952839663227, CF order=8
  error tolerance: rtol=0.001, atol=1e-05
Testing N_win=853 N_cf=7
Windowing:
  config: # windows=853, spacing=0.11722952839663227, CF order=7
  error tolerance: rtol=0.001, atol=1e-05
Testing N_win=853 N_cf=6
Windowing:
  config: # windows=853, spacing=0.11722952839663227, CF order=6
  error tolerance: rtol=0.001, atol=1e-05
Testing N_win=853 N_cf=5
Windowing:
  config: # windows=853, spacing=0.11722952839663227, CF order=5
  error tolerance: rtol=0.001, atol=1e-05
Testing N_win=853 N_cf=4
Windowing:
  config: # windows=853, spacing=0.11722952839663227, CF order=4
  error tolerance: rtol=0.001, atol=1e-05
Best library so far.
Testing N_win=853 N_cf=3
Windowing:
  config: # windows=853, spacing=0.11722952839663227, CF order=3
  error tolerance: rtol=0.001, atol=1e-05
Failed: Pure curvefit failed for the first window!
Testing N_win=957 N_cf=10
Windowing:
  config: # windows=957, spacing=0.10448985132949563, CF order=10
  error tolerance: rtol=0.001, atol=1e-05
Testing N_win=957 N_cf=9
Windowing:
  config: # windows=957, spacing=0.10448985132949563, CF order=9
  error tolerance: rtol=0.001, atol=1e-05
Testing N_win=957 N_cf=8
Windowing:
  config: # windows=957, spacing=0.10448985132949563, CF order=8
  error tolerance: rtol=0.001, atol=1e-05
Testing N_win=957 N_cf=7
Windowing:
  config: # windows=957, spacing=0.10448985132949563, CF order=7
  error tolerance: rtol=0.001, atol=1e-05
Testing N_win=957 N_cf=6
Windowing:
  config: # windows=957, spacing=0.10448985132949563, CF order=6
  error tolerance: rtol=0.001, atol=1e-05
Testing N_win=957 N_cf=5
Windowing:
  config: # windows=957, spacing=0.10448985132949563, CF order=5
  error tolerance: rtol=0.001, atol=1e-05
Testing N_win=957 N_cf=4
Windowing:
  config: # windows=957, spacing=0.10448985132949563, CF order=4
  error tolerance: rtol=0.001, atol=1e-05
Testing N_win=957 N_cf=3
Windowing:
  config: # windows=957, spacing=0.10448985132949563, CF order=3
  error tolerance: rtol=0.001, atol=1e-05
Failed: Pure curvefit failed for the first window!
Testing N_win=1061 N_cf=10
Windowing:
  config: # windows=1061, spacing=0.09424767928588815, CF order=10
  error tolerance: rtol=0.001, atol=1e-05
Testing N_win=1061 N_cf=9
Windowing:
  config: # windows=1061, spacing=0.09424767928588815, CF order=9
  error tolerance: rtol=0.001, atol=1e-05
Testing N_win=1061 N_cf=8
Windowing:
  config: # windows=1061, spacing=0.09424767928588815, CF order=8
  error tolerance: rtol=0.001, atol=1e-05
Testing N_win=1061 N_cf=7
Windowing:
  config: # windows=1061, spacing=0.09424767928588815, CF order=7
  error tolerance: rtol=0.001, atol=1e-05
Testing N_win=1061 N_cf=6
Windowing:
  config: # windows=1061, spacing=0.09424767928588815, CF order=6
  error tolerance: rtol=0.001, atol=1e-05
Testing N_win=1061 N_cf=5
Windowing:
  config: # windows=1061, spacing=0.09424767928588815, CF order=5
  error tolerance: rtol=0.001, atol=1e-05
Testing N_win=1061 N_cf=4
Windowing:
  config: # windows=1061, spacing=0.09424767928588815, CF order=4
  error tolerance: rtol=0.001, atol=1e-05
Testing N_win=1061 N_cf=3
Windowing:
  config: # windows=1061, spacing=0.09424767928588815, CF order=3
  error tolerance: rtol=0.001, atol=1e-05
Failed: Pure curvefit failed for the first window!
Testing N_win=1165 N_cf=10
Windowing:
  config: # windows=1165, spacing=0.08583415255135393, CF order=10
  error tolerance: rtol=0.001, atol=1e-05
Testing N_win=1165 N_cf=9
Windowing:
  config: # windows=1165, spacing=0.08583415255135393, CF order=9
  error tolerance: rtol=0.001, atol=1e-05
Testing N_win=1165 N_cf=8
Windowing:
  config: # windows=1165, spacing=0.08583415255135393, CF order=8
  error tolerance: rtol=0.001, atol=1e-05
Testing N_win=1165 N_cf=7
Windowing:
  config: # windows=1165, spacing=0.08583415255135393, CF order=7
  error tolerance: rtol=0.001, atol=1e-05
Testing N_win=1165 N_cf=6
Windowing:
  config: # windows=1165, spacing=0.08583415255135393, CF order=6
  error tolerance: rtol=0.001, atol=1e-05
Testing N_win=1165 N_cf=5
Windowing:
  config: # windows=1165, spacing=0.08583415255135393, CF order=5
  error tolerance: rtol=0.001, atol=1e-05
Testing N_win=1165 N_cf=4
Windowing:
  config: # windows=1165, spacing=0.08583415255135393, CF order=4
  error tolerance: rtol=0.001, atol=1e-05
Testing N_win=1165 N_cf=3
Windowing:
  config: # windows=1165, spacing=0.08583415255135393, CF order=3
  error tolerance: rtol=0.001, atol=1e-05
Failed: Pure curvefit failed for the first window!
Testing N_win=1270 N_cf=10
Windowing:
  config: # windows=1270, spacing=0.07873762812781679, CF order=10
  error tolerance: rtol=0.001, atol=1e-05
Testing N_win=1270 N_cf=9
Windowing:
  config: # windows=1270, spacing=0.07873762812781679, CF order=9
  error tolerance: rtol=0.001, atol=1e-05
Testing N_win=1270 N_cf=8
Windowing:
  config: # windows=1270, spacing=0.07873762812781679, CF order=8
  error tolerance: rtol=0.001, atol=1e-05
Testing N_win=1270 N_cf=7
Windowing:
  config: # windows=1270, spacing=0.07873762812781679, CF order=7
  error tolerance: rtol=0.001, atol=1e-05
Testing N_win=1270 N_cf=6
Windowing:
  config: # windows=1270, spacing=0.07873762812781679, CF order=6
  error tolerance: rtol=0.001, atol=1e-05
Testing N_win=1270 N_cf=5
Windowing:
  config: # windows=1270, spacing=0.07873762812781679, CF order=5
  error tolerance: rtol=0.001, atol=1e-05
Testing N_win=1270 N_cf=4
Windowing:
  config: # windows=1270, spacing=0.07873762812781679, CF order=4
  error tolerance: rtol=0.001, atol=1e-05
Testing N_win=1270 N_cf=3
Windowing:
  config: # windows=1270, spacing=0.07873762812781679, CF order=3
  error tolerance: rtol=0.001, atol=1e-05
Failed: Pure curvefit failed for the first window!
Testing N_win=1374 N_cf=10
Windowing:
  config: # windows=1374, spacing=0.0727778658823343, CF order=10
  error tolerance: rtol=0.001, atol=1e-05
Testing N_win=1374 N_cf=9
Windowing:
  config: # windows=1374, spacing=0.0727778658823343, CF order=9
  error tolerance: rtol=0.001, atol=1e-05
Testing N_win=1374 N_cf=8
Windowing:
  config: # windows=1374, spacing=0.0727778658823343, CF order=8
  error tolerance: rtol=0.001, atol=1e-05
Testing N_win=1374 N_cf=7
Windowing:
  config: # windows=1374, spacing=0.0727778658823343, CF order=7
  error tolerance: rtol=0.001, atol=1e-05
Testing N_win=1374 N_cf=6
Windowing:
  config: # windows=1374, spacing=0.0727778658823343, CF order=6
  error tolerance: rtol=0.001, atol=1e-05
Testing N_win=1374 N_cf=5
Windowing:
  config: # windows=1374, spacing=0.0727778658823343, CF order=5
  error tolerance: rtol=0.001, atol=1e-05
Testing N_win=1374 N_cf=4
Windowing:
  config: # windows=1374, spacing=0.0727778658823343, CF order=4
  error tolerance: rtol=0.001, atol=1e-05
Testing N_win=1374 N_cf=3
Windowing:
  config: # windows=1374, spacing=0.0727778658823343, CF order=3
  error tolerance: rtol=0.001, atol=1e-05
Failed: Pure curvefit failed for the first window!
Testing N_win=1478 N_cf=10
Windowing:
  config: # windows=1478, spacing=0.06765682525191294, CF order=10
  error tolerance: rtol=0.001, atol=1e-05
Testing N_win=1478 N_cf=9
Windowing:
  config: # windows=1478, spacing=0.06765682525191294, CF order=9
  error tolerance: rtol=0.001, atol=1e-05
Testing N_win=1478 N_cf=8
Windowing:
  config: # windows=1478, spacing=0.06765682525191294, CF order=8
  error tolerance: rtol=0.001, atol=1e-05
Testing N_win=1478 N_cf=7
Windowing:
  config: # windows=1478, spacing=0.06765682525191294, CF order=7
  error tolerance: rtol=0.001, atol=1e-05
Testing N_win=1478 N_cf=6
Windowing:
  config: # windows=1478, spacing=0.06765682525191294, CF order=6
  error tolerance: rtol=0.001, atol=1e-05
Testing N_win=1478 N_cf=5
Windowing:
  config: # windows=1478, spacing=0.06765682525191294, CF order=5
  error tolerance: rtol=0.001, atol=1e-05
Testing N_win=1478 N_cf=4
Windowing:
  config: # windows=1478, spacing=0.06765682525191294, CF order=4
  error tolerance: rtol=0.001, atol=1e-05
Testing N_win=1478 N_cf=3
Windowing:
  config: # windows=1478, spacing=0.06765682525191294, CF order=3
  error tolerance: rtol=0.001, atol=1e-05
Failed: Pure curvefit failed for the first window!
Testing N_win=1582 N_cf=10
Windowing:
  config: # windows=1582, spacing=0.06320909464116771, CF order=10
  error tolerance: rtol=0.001, atol=1e-05
Testing N_win=1582 N_cf=9
Windowing:
  config: # windows=1582, spacing=0.06320909464116771, CF order=9
  error tolerance: rtol=0.001, atol=1e-05
Testing N_win=1582 N_cf=8
Windowing:
  config: # windows=1582, spacing=0.06320909464116771, CF order=8
  error tolerance: rtol=0.001, atol=1e-05
Testing N_win=1582 N_cf=7
Windowing:
  config: # windows=1582, spacing=0.06320909464116771, CF order=7
  error tolerance: rtol=0.001, atol=1e-05
Testing N_win=1582 N_cf=6
Windowing:
  config: # windows=1582, spacing=0.06320909464116771, CF order=6
  error tolerance: rtol=0.001, atol=1e-05
Testing N_win=1582 N_cf=5
Windowing:
  config: # windows=1582, spacing=0.06320909464116771, CF order=5
  error tolerance: rtol=0.001, atol=1e-05
Testing N_win=1582 N_cf=4
Windowing:
  config: # windows=1582, spacing=0.06320909464116771, CF order=4
  error tolerance: rtol=0.001, atol=1e-05
Testing N_win=1582 N_cf=3
Windowing:
  config: # windows=1582, spacing=0.06320909464116771, CF order=3
  error tolerance: rtol=0.001, atol=1e-05
Failed: Pure curvefit failed for the first window!
Testing N_win=1687 N_cf=10
Windowing:
  config: # windows=1687, spacing=0.059274918626157275, CF order=10
  error tolerance: rtol=0.001, atol=1e-05
Testing N_win=1687 N_cf=9
Windowing:
  config: # windows=1687, spacing=0.059274918626157275, CF order=9
  error tolerance: rtol=0.001, atol=1e-05
Testing N_win=1687 N_cf=8
Windowing:
  config: # windows=1687, spacing=0.059274918626157275, CF order=8
  error tolerance: rtol=0.001, atol=1e-05
Testing N_win=1687 N_cf=7
Windowing:
  config: # windows=1687, spacing=0.059274918626157275, CF order=7
  error tolerance: rtol=0.001, atol=1e-05
Testing N_win=1687 N_cf=6
Windowing:
  config: # windows=1687, spacing=0.059274918626157275, CF order=6
  error tolerance: rtol=0.001, atol=1e-05
Testing N_win=1687 N_cf=5
Windowing:
  config: # windows=1687, spacing=0.059274918626157275, CF order=5
  error tolerance: rtol=0.001, atol=1e-05
Testing N_win=1687 N_cf=4
Windowing:
  config: # windows=1687, spacing=0.059274918626157275, CF order=4
  error tolerance: rtol=0.001, atol=1e-05
Testing N_win=1687 N_cf=3
Windowing:
  config: # windows=1687, spacing=0.059274918626157275, CF order=3
  error tolerance: rtol=0.001, atol=1e-05
Failed: Pure curvefit failed for the first window!
Testing N_win=1791 N_cf=10
Windowing:
  config: # windows=1791, spacing=0.05583293563502363, CF order=10
  error tolerance: rtol=0.001, atol=1e-05
Testing N_win=1791 N_cf=9
Windowing:
  config: # windows=1791, spacing=0.05583293563502363, CF order=9
  error tolerance: rtol=0.001, atol=1e-05
Testing N_win=1791 N_cf=8
Windowing:
  config: # windows=1791, spacing=0.05583293563502363, CF order=8
  error tolerance: rtol=0.001, atol=1e-05
Testing N_win=1791 N_cf=7
Windowing:
  config: # windows=1791, spacing=0.05583293563502363, CF order=7
  error tolerance: rtol=0.001, atol=1e-05
Testing N_win=1791 N_cf=6
Windowing:
  config: # windows=1791, spacing=0.05583293563502363, CF order=6
  error tolerance: rtol=0.001, atol=1e-05
Testing N_win=1791 N_cf=5
Windowing:
  config: # windows=1791, spacing=0.05583293563502363, CF order=5
  error tolerance: rtol=0.001, atol=1e-05
Testing N_win=1791 N_cf=4
Windowing:
  config: # windows=1791, spacing=0.05583293563502363, CF order=4
  error tolerance: rtol=0.001, atol=1e-05
Testing N_win=1791 N_cf=3
Windowing:
  config: # windows=1791, spacing=0.05583293563502363, CF order=3
  error tolerance: rtol=0.001, atol=1e-05
Failed: Pure curvefit failed for the first window!
Testing N_win=1895 N_cf=10
Windowing:
  config: # windows=1895, spacing=0.05276875341547616, CF order=10
  error tolerance: rtol=0.001, atol=1e-05
Testing N_win=1895 N_cf=9
Windowing:
  config: # windows=1895, spacing=0.05276875341547616, CF order=9
  error tolerance: rtol=0.001, atol=1e-05
Testing N_win=1895 N_cf=8
Windowing:
  config: # windows=1895, spacing=0.05276875341547616, CF order=8
  error tolerance: rtol=0.001, atol=1e-05
Testing N_win=1895 N_cf=7
Windowing:
  config: # windows=1895, spacing=0.05276875341547616, CF order=7
  error tolerance: rtol=0.001, atol=1e-05
Testing N_win=1895 N_cf=6
Windowing:
  config: # windows=1895, spacing=0.05276875341547616, CF order=6
  error tolerance: rtol=0.001, atol=1e-05
Testing N_win=1895 N_cf=5
Windowing:
  config: # windows=1895, spacing=0.05276875341547616, CF order=5
  error tolerance: rtol=0.001, atol=1e-05
Testing N_win=1895 N_cf=4
Windowing:
  config: # windows=1895, spacing=0.05276875341547616, CF order=4
  error tolerance: rtol=0.001, atol=1e-05
Testing N_win=1895 N_cf=3
Windowing:
  config: # windows=1895, spacing=0.05276875341547616, CF order=3
  error tolerance: rtol=0.001, atol=1e-05
Failed: Pure curvefit failed for the first window!
Testing N_win=2000 N_cf=10
Windowing:
  config: # windows=2000, spacing=0.04999839386116366, CF order=10
  error tolerance: rtol=0.001, atol=1e-05
Testing N_win=2000 N_cf=9
Windowing:
  config: # windows=2000, spacing=0.04999839386116366, CF order=9
  error tolerance: rtol=0.001, atol=1e-05
Testing N_win=2000 N_cf=8
Windowing:
  config: # windows=2000, spacing=0.04999839386116366, CF order=8
  error tolerance: rtol=0.001, atol=1e-05
Testing N_win=2000 N_cf=7
Windowing:
  config: # windows=2000, spacing=0.04999839386116366, CF order=7
  error tolerance: rtol=0.001, atol=1e-05
Testing N_win=2000 N_cf=6
Windowing:
  config: # windows=2000, spacing=0.04999839386116366, CF order=6
  error tolerance: rtol=0.001, atol=1e-05
Testing N_win=2000 N_cf=5
Windowing:
  config: # windows=2000, spacing=0.04999839386116366, CF order=5
  error tolerance: rtol=0.001, atol=1e-05
Testing N_win=2000 N_cf=4
Windowing:
  config: # windows=2000, spacing=0.04999839386116366, CF order=4
  error tolerance: rtol=0.001, atol=1e-05
Testing N_win=2000 N_cf=3
Windowing:
  config: # windows=2000, spacing=0.04999839386116366, CF order=3
  error tolerance: rtol=0.001, atol=1e-05
Failed: Pure curvefit failed for the first window!
Final library: 302 poles, 853 windows, 4.4 poles per window, 4 CF order
