Running NJOY to get 0K point-wise data (error=0.0005)...
Parsing cross sections within resolved resonance range...
  MTs: [2, 27, 102, 103, 107]
  Energy range: 1.000e-05 to 1.210e+05 eV (30965 points)
Vector fitting piece 1/15...
  energy: 1.000e-05 to 5.781e+02 eV (681 points)
  error tolerance: rtol=0.001, atol=1e-05
Found 0 peaks
Fitting orders from 2 to 200
Order=2(0/100)
Order=4(1/100)
Order=6(2/100)
Found ideal results. Stop!
Found 2 real poles and 2 conjugate complex pairs.
Final number of poles: 4
Saved figure: WMP_Lib/Zr92/0-578_MT2.png
Saved figure: WMP_Lib/Zr92/0-578_MT27.png
Saved figure: WMP_Lib/Zr92/0-578_MT102.png
Vector fitting piece 2/15...
  energy: 1.250e+02 to 2.189e+03 eV (549 points)
  error tolerance: rtol=0.001, atol=1e-05
Found 1 peaks
Fitting orders from 2 to 200
Order=2(0/100)
Order=4(1/100)
Order=6(2/100)
Order=8(3/100)
Order=10(4/100)
Order=12(5/100)
Order=14(6/100)
Order=16(7/100)
Order=18(8/100)
Order=20(9/100)
Order=22(10/100)
Order=24(11/100)
Order=26(12/100)
Order=28(13/100)
Order=30(14/100)
Order=32(15/100)
Order=34(16/100)
Order=36(17/100)
Order=38(18/100)
Order=40(19/100)
Order=42(20/100)
Order=44(21/100)
Order=46(22/100)
Order=48(23/100)
Order=50(24/100)
Order=52(25/100)
Order=54(26/100)
Order=56(27/100)
Order=58(28/100)
Order=60(29/100)
Found 0 real poles and 4 conjugate complex pairs.
Final number of poles: 4
Saved figure: WMP_Lib/Zr92/125-2189_MT2.png
Saved figure: WMP_Lib/Zr92/125-2189_MT27.png
Saved figure: WMP_Lib/Zr92/125-2189_MT102.png
Vector fitting piece 3/15...
  energy: 1.188e+03 to 4.879e+03 eV (2095 points)
  error tolerance: rtol=0.001, atol=1e-05
Found 4 peaks
Fitting orders from 8 to 200
Order=8(0/97)
Order=10(1/97)
Order=12(2/97)
Order=14(3/97)
Order=16(4/97)
Order=18(5/97)
Order=20(6/97)
Order=22(7/97)
Order=24(8/97)
Order=26(9/97)
Order=28(10/97)
Order=30(11/97)
Order=32(12/97)
Order=34(13/97)
Order=36(14/97)
Order=38(15/97)
Order=40(16/97)
Order=42(17/97)
Order=44(18/97)
Order=46(19/97)
Order=48(20/97)
Order=50(21/97)
Order=52(22/97)
Order=54(23/97)
Order=56(24/97)
Order=58(25/97)
Order=60(26/97)
Found 2 real poles and 5 conjugate complex pairs.
Final number of poles: 7
Saved figure: WMP_Lib/Zr92/1188-4879_MT2.png
Saved figure: WMP_Lib/Zr92/1188-4879_MT27.png
Saved figure: WMP_Lib/Zr92/1188-4879_MT102.png
Vector fitting piece 4/15...
  energy: 3.333e+03 to 8.656e+03 eV (2532 points)
  error tolerance: rtol=0.001, atol=1e-05
Found 5 peaks
Fitting orders from 10 to 200
Order=10(0/96)
Order=12(1/96)
Order=14(2/96)
Order=16(3/96)
Order=18(4/96)
Order=20(5/96)
Order=22(6/96)
Order=24(7/96)
Order=26(8/96)
Order=28(9/96)
Order=30(10/96)
Order=32(11/96)
Order=34(12/96)
Order=36(13/96)
Order=38(14/96)
Order=40(15/96)
Order=42(16/96)
Order=44(17/96)
Order=46(18/96)
Order=48(19/96)
Order=50(20/96)
Order=52(21/96)
Order=54(22/96)
Order=56(23/96)
Order=58(24/96)
Order=60(25/96)
Found 2 real poles and 7 conjugate complex pairs.
Final number of poles: 9
Saved figure: WMP_Lib/Zr92/3333-8656_MT2.png
Saved figure: WMP_Lib/Zr92/3333-8656_MT27.png
Saved figure: WMP_Lib/Zr92/3333-8656_MT102.png
Vector fitting piece 5/15...
  energy: 6.553e+03 to 1.353e+04 eV (3590 points)
  error tolerance: rtol=0.001, atol=1e-05
Found 8 peaks
Fitting orders from 16 to 200
Order=16(0/93)
Order=18(1/93)
Order=20(2/93)
Order=22(3/93)
Order=24(4/93)
Order=26(5/93)
Order=28(6/93)
Order=30(7/93)
Order=32(8/93)
Order=34(9/93)
Order=36(10/93)
Order=38(11/93)
Order=40(12/93)
Order=42(13/93)
Order=44(14/93)
Order=46(15/93)
Order=48(16/93)
Order=50(17/93)
Order=52(18/93)
Order=54(19/93)
Order=56(20/93)
Order=58(21/93)
Order=60(22/93)
Found 2 real poles and 9 conjugate complex pairs.
Final number of poles: 11
Saved figure: WMP_Lib/Zr92/6553-13531_MT2.png
Saved figure: WMP_Lib/Zr92/6553-13531_MT27.png
Saved figure: WMP_Lib/Zr92/6553-13531_MT102.png
Vector fitting piece 6/15...
  energy: 1.082e+04 to 1.945e+04 eV (3025 points)
  error tolerance: rtol=0.001, atol=1e-05
Found 7 peaks
Fitting orders from 14 to 200
Order=14(0/94)
Order=16(1/94)
Order=18(2/94)
Order=20(3/94)
Order=22(4/94)
Order=24(5/94)
Order=26(6/94)
Order=28(7/94)
Order=30(8/94)
Order=32(9/94)
Order=34(10/94)
Order=36(11/94)
Order=38(12/94)
Order=40(13/94)
Order=42(14/94)
Order=44(15/94)
Order=46(16/94)
Order=48(17/94)
Order=50(18/94)
Order=52(19/94)
Order=54(20/94)
Order=56(21/94)
Order=58(22/94)
Order=60(23/94)
Found 2 real poles and 8 conjugate complex pairs.
Final number of poles: 10
Saved figure: WMP_Lib/Zr92/10819-19452_MT2.png
Saved figure: WMP_Lib/Zr92/10819-19452_MT27.png
Saved figure: WMP_Lib/Zr92/10819-19452_MT102.png
Vector fitting piece 7/15...
  energy: 1.621e+04 to 2.645e+04 eV (3551 points)
  error tolerance: rtol=0.001, atol=1e-05
Found 9 peaks
Fitting orders from 18 to 200
Order=18(0/92)
Order=20(1/92)
Order=22(2/92)
Order=24(3/92)
Order=26(4/92)
Order=28(5/92)
Order=30(6/92)
Order=32(7/92)
Order=34(8/92)
Order=36(9/92)
Order=38(10/92)
Order=40(11/92)
Order=42(12/92)
Order=44(13/92)
Order=46(14/92)
Order=48(15/92)
Order=50(16/92)
Order=52(17/92)
Order=54(18/92)
Order=56(19/92)
Order=58(20/92)
Order=60(21/92)
Found 2 real poles and 10 conjugate complex pairs.
Final number of poles: 12
Saved figure: WMP_Lib/Zr92/16208-26446_MT2.png
Saved figure: WMP_Lib/Zr92/16208-26446_MT27.png
Saved figure: WMP_Lib/Zr92/16208-26446_MT102.png
Vector fitting piece 8/15...
  energy: 2.265e+04 to 3.453e+04 eV (4588 points)
  error tolerance: rtol=0.001, atol=1e-05
Found 13 peaks
Fitting orders from 26 to 200
Order=26(0/88)
Order=28(1/88)
Order=30(2/88)
Order=32(3/88)
Order=34(4/88)
Order=36(5/88)
Order=38(6/88)
Order=40(7/88)
Order=42(8/88)
Order=44(9/88)
Order=46(10/88)
Order=48(11/88)
Order=50(12/88)
Order=52(13/88)
Order=54(14/88)
Order=56(15/88)
Order=58(16/88)
Order=60(17/88)
Found 2 real poles and 15 conjugate complex pairs.
Final number of poles: 17
Saved figure: WMP_Lib/Zr92/22654-34527_MT2.png
Saved figure: WMP_Lib/Zr92/22654-34527_MT27.png
Saved figure: WMP_Lib/Zr92/22654-34527_MT102.png
Vector fitting piece 9/15...
  energy: 3.017e+04 to 4.366e+04 eV (4426 points)
  error tolerance: rtol=0.001, atol=1e-05
Found 14 peaks
Fitting orders from 28 to 200
Order=28(0/87)
Order=30(1/87)
Order=32(2/87)
Order=34(3/87)
Order=36(4/87)
Order=38(5/87)
Order=40(6/87)
Order=42(7/87)
Order=44(8/87)
Order=46(9/87)
Order=48(10/87)
Order=50(11/87)
Order=52(12/87)
Order=54(13/87)
Order=56(14/87)
Order=58(15/87)
Order=60(16/87)
Found 6 real poles and 14 conjugate complex pairs.
Final number of poles: 20
Saved figure: WMP_Lib/Zr92/30172-43659_MT2.png
Saved figure: WMP_Lib/Zr92/30172-43659_MT27.png
Saved figure: WMP_Lib/Zr92/30172-43659_MT102.png
Vector fitting piece 10/15...
  energy: 3.877e+04 to 5.389e+04 eV (3768 points)
  error tolerance: rtol=0.001, atol=1e-05
Found 15 peaks
Fitting orders from 30 to 200
Order=30(0/86)
Order=32(1/86)
Order=34(2/86)
Order=36(3/86)
Order=38(4/86)
Order=40(5/86)
Order=42(6/86)
Order=44(7/86)
Order=46(8/86)
Order=48(9/86)
Order=50(10/86)
Order=52(11/86)
Order=54(12/86)
Order=56(13/86)
Order=58(14/86)
Order=60(15/86)
Found 4 real poles and 16 conjugate complex pairs.
Final number of poles: 20
Saved figure: WMP_Lib/Zr92/38770-53895_MT2.png
Saved figure: WMP_Lib/Zr92/38770-53895_MT27.png
Saved figure: WMP_Lib/Zr92/38770-53895_MT102.png
Vector fitting piece 11/15...
  energy: 4.843e+04 to 6.521e+04 eV (4688 points)
  error tolerance: rtol=0.001, atol=1e-05
Found 17 peaks
Fitting orders from 34 to 200
Order=34(0/84)
Order=36(1/84)
Order=38(2/84)
Order=40(3/84)
Order=42(4/84)
Order=44(5/84)
Order=46(6/84)
Order=48(7/84)
Order=50(8/84)
Order=52(9/84)
Order=54(10/84)
Order=56(11/84)
Order=58(12/84)
Order=60(13/84)
Found 4 real poles and 18 conjugate complex pairs.
Final number of poles: 22
Saved figure: WMP_Lib/Zr92/48430-65209_MT2.png
Saved figure: WMP_Lib/Zr92/48430-65209_MT27.png
Saved figure: WMP_Lib/Zr92/48430-65209_MT102.png
Vector fitting piece 12/15...
  energy: 5.918e+04 to 7.775e+04 eV (4098 points)
  error tolerance: rtol=0.001, atol=1e-05
Found 16 peaks
Fitting orders from 32 to 200
Order=32(0/85)
Order=34(1/85)
Order=36(2/85)
Order=38(3/85)
Order=40(4/85)
Order=42(5/85)
Order=44(6/85)
Order=46(7/85)
Order=48(8/85)
Order=50(9/85)
Order=52(10/85)
Order=54(11/85)
Order=56(12/85)
Order=58(13/85)
Order=60(14/85)
Found 4 real poles and 17 conjugate complex pairs.
Final number of poles: 21
Saved figure: WMP_Lib/Zr92/59183-77752_MT2.png
Saved figure: WMP_Lib/Zr92/59183-77752_MT27.png
Saved figure: WMP_Lib/Zr92/59183-77752_MT102.png
Vector fitting piece 13/15...
  energy: 7.100e+04 to 9.102e+04 eV (3325 points)
  error tolerance: rtol=0.001, atol=1e-05
Found 15 peaks
Fitting orders from 30 to 200
Order=30(0/86)
Order=32(1/86)
Order=34(2/86)
Order=36(3/86)
Order=38(4/86)
Order=40(5/86)
Order=42(6/86)
Order=44(7/86)
Order=46(8/86)
Order=48(9/86)
Order=50(10/86)
Order=52(11/86)
Order=54(12/86)
Order=56(13/86)
Order=58(14/86)
Order=60(15/86)
Found 4 real poles and 16 conjugate complex pairs.
Final number of poles: 20
Saved figure: WMP_Lib/Zr92/70996-91024_MT2.png
Saved figure: WMP_Lib/Zr92/70996-91024_MT27.png
Saved figure: WMP_Lib/Zr92/70996-91024_MT102.png
Vector fitting piece 14/15...
  energy: 8.389e+04 to 1.056e+05 eV (2814 points)
  error tolerance: rtol=0.001, atol=1e-05
Found 12 peaks
Fitting orders from 24 to 200
Order=24(0/89)
Order=26(1/89)
Order=28(2/89)
Order=30(3/89)
Order=32(4/89)
Order=34(5/89)
Order=36(6/89)
Order=38(7/89)
Order=40(8/89)
Order=42(9/89)
Order=44(10/89)
Order=46(11/89)
Order=48(12/89)
Order=50(13/89)
Order=52(14/89)
Order=54(15/89)
Order=56(16/89)
Order=58(17/89)
Order=60(18/89)
Found 4 real poles and 13 conjugate complex pairs.
Final number of poles: 17
Saved figure: WMP_Lib/Zr92/83894-105573_MT2.png
Saved figure: WMP_Lib/Zr92/83894-105573_MT27.png
Saved figure: WMP_Lib/Zr92/83894-105573_MT102.png
Vector fitting piece 15/15...
  energy: 9.785e+04 to 1.210e+05 eV (2369 points)
  error tolerance: rtol=0.001, atol=1e-05
Found 11 peaks
Fitting orders from 22 to 200
Order=22(0/90)
Order=24(1/90)
Order=26(2/90)
Order=28(3/90)
Order=30(4/90)
Order=32(5/90)
Order=34(6/90)
Order=36(7/90)
Order=38(8/90)
Order=40(9/90)
Order=42(10/90)
Order=44(11/90)
Order=46(12/90)
Order=48(13/90)
Order=50(14/90)
Order=52(15/90)
Order=54(16/90)
Order=56(17/90)
Order=58(18/90)
Order=60(19/90)
Found 2 real poles and 11 conjugate complex pairs.
Final number of poles: 13
Saved figure: WMP_Lib/Zr92/97850-121000_MT2.png
Saved figure: WMP_Lib/Zr92/97850-121000_MT27.png
Saved figure: WMP_Lib/Zr92/97850-121000_MT102.png
Dumped multipole data to file: WMP_Lib/Zr92/Zr92_mp.pickle
Start searching ...
Testing N_win=10 N_cf=10
Failed: Window spacing cannot be larger than piece spacing.
Testing N_win=114 N_cf=10
Windowing:
  config: # windows=114, spacing=3.0512915491310366, CF order=10
  error tolerance: rtol=0.001, atol=1e-05
Best library so far.
Testing N_win=114 N_cf=9
Windowing:
  config: # windows=114, spacing=3.0512915491310366, CF order=9
  error tolerance: rtol=0.001, atol=1e-05
Best library so far.
Testing N_win=114 N_cf=8
Windowing:
  config: # windows=114, spacing=3.0512915491310366, CF order=8
  error tolerance: rtol=0.001, atol=1e-05
Best library so far.
Testing N_win=114 N_cf=7
Windowing:
  config: # windows=114, spacing=3.0512915491310366, CF order=7
  error tolerance: rtol=0.001, atol=1e-05
Best library so far.
Testing N_win=114 N_cf=6
Windowing:
  config: # windows=114, spacing=3.0512915491310366, CF order=6
  error tolerance: rtol=0.001, atol=1e-05
Best library so far.
Testing N_win=114 N_cf=5
Windowing:
  config: # windows=114, spacing=3.0512915491310366, CF order=5
  error tolerance: rtol=0.001, atol=1e-05
Best library so far.
Testing N_win=114 N_cf=4
Windowing:
  config: # windows=114, spacing=3.0512915491310366, CF order=4
  error tolerance: rtol=0.001, atol=1e-05
Best library so far.
Testing N_win=114 N_cf=3
Windowing:
  config: # windows=114, spacing=3.0512915491310366, CF order=3
  error tolerance: rtol=0.001, atol=1e-05
Best library so far.
Testing N_win=114 N_cf=2
Windowing:
  config: # windows=114, spacing=3.0512915491310366, CF order=2
  error tolerance: rtol=0.001, atol=1e-05
Failed: Pure curvefit failed for the first window!
Testing N_win=219 N_cf=10
Windowing:
  config: # windows=219, spacing=1.5883435461230053, CF order=10
  error tolerance: rtol=0.001, atol=1e-05
Best library so far.
Testing N_win=219 N_cf=9
Windowing:
  config: # windows=219, spacing=1.5883435461230053, CF order=9
  error tolerance: rtol=0.001, atol=1e-05
Best library so far.
Testing N_win=219 N_cf=8
Windowing:
  config: # windows=219, spacing=1.5883435461230053, CF order=8
  error tolerance: rtol=0.001, atol=1e-05
Best library so far.
Testing N_win=219 N_cf=7
Windowing:
  config: # windows=219, spacing=1.5883435461230053, CF order=7
  error tolerance: rtol=0.001, atol=1e-05
Best library so far.
Testing N_win=219 N_cf=6
Windowing:
  config: # windows=219, spacing=1.5883435461230053, CF order=6
  error tolerance: rtol=0.001, atol=1e-05
Best library so far.
Testing N_win=219 N_cf=5
Windowing:
  config: # windows=219, spacing=1.5883435461230053, CF order=5
  error tolerance: rtol=0.001, atol=1e-05
Best library so far.
Testing N_win=219 N_cf=4
Windowing:
  config: # windows=219, spacing=1.5883435461230053, CF order=4
  error tolerance: rtol=0.001, atol=1e-05
Best library so far.
Testing N_win=219 N_cf=3
Windowing:
  config: # windows=219, spacing=1.5883435461230053, CF order=3
  error tolerance: rtol=0.001, atol=1e-05
Best library so far.
Testing N_win=219 N_cf=2
Windowing:
  config: # windows=219, spacing=1.5883435461230053, CF order=2
  error tolerance: rtol=0.001, atol=1e-05
Best library so far.
Testing N_win=324 N_cf=10
Windowing:
  config: # windows=324, spacing=1.073602582101661, CF order=10
  error tolerance: rtol=0.001, atol=1e-05
Testing N_win=324 N_cf=9
Windowing:
  config: # windows=324, spacing=1.073602582101661, CF order=9
  error tolerance: rtol=0.001, atol=1e-05
Testing N_win=324 N_cf=8
Windowing:
  config: # windows=324, spacing=1.073602582101661, CF order=8
  error tolerance: rtol=0.001, atol=1e-05
Testing N_win=324 N_cf=7
Windowing:
  config: # windows=324, spacing=1.073602582101661, CF order=7
  error tolerance: rtol=0.001, atol=1e-05
Testing N_win=324 N_cf=6
Windowing:
  config: # windows=324, spacing=1.073602582101661, CF order=6
  error tolerance: rtol=0.001, atol=1e-05
Testing N_win=324 N_cf=5
Windowing:
  config: # windows=324, spacing=1.073602582101661, CF order=5
  error tolerance: rtol=0.001, atol=1e-05
Best library so far.
Testing N_win=324 N_cf=4
Windowing:
  config: # windows=324, spacing=1.073602582101661, CF order=4
  error tolerance: rtol=0.001, atol=1e-05
Best library so far.
Testing N_win=324 N_cf=3
Windowing:
  config: # windows=324, spacing=1.073602582101661, CF order=3
  error tolerance: rtol=0.001, atol=1e-05
Best library so far.
Testing N_win=324 N_cf=2
Windowing:
  config: # windows=324, spacing=1.073602582101661, CF order=2
  error tolerance: rtol=0.001, atol=1e-05
Best library so far.
Testing N_win=428 N_cf=10
Windowing:
  config: # windows=428, spacing=0.8127271883199491, CF order=10
  error tolerance: rtol=0.001, atol=1e-05
Testing N_win=428 N_cf=9
Windowing:
  config: # windows=428, spacing=0.8127271883199491, CF order=9
  error tolerance: rtol=0.001, atol=1e-05
Testing N_win=428 N_cf=8
Windowing:
  config: # windows=428, spacing=0.8127271883199491, CF order=8
  error tolerance: rtol=0.001, atol=1e-05
Testing N_win=428 N_cf=7
Windowing:
  config: # windows=428, spacing=0.8127271883199491, CF order=7
  error tolerance: rtol=0.001, atol=1e-05
Testing N_win=428 N_cf=6
Windowing:
  config: # windows=428, spacing=0.8127271883199491, CF order=6
  error tolerance: rtol=0.001, atol=1e-05
Testing N_win=428 N_cf=5
Windowing:
  config: # windows=428, spacing=0.8127271883199491, CF order=5
  error tolerance: rtol=0.001, atol=1e-05
Testing N_win=428 N_cf=4
Windowing:
  config: # windows=428, spacing=0.8127271883199491, CF order=4
  error tolerance: rtol=0.001, atol=1e-05
Testing N_win=428 N_cf=3
Windowing:
  config: # windows=428, spacing=0.8127271883199491, CF order=3
  error tolerance: rtol=0.001, atol=1e-05
Best library so far.
Testing N_win=428 N_cf=2
Windowing:
  config: # windows=428, spacing=0.8127271883199491, CF order=2
  error tolerance: rtol=0.001, atol=1e-05
Best library so far.
Testing N_win=533 N_cf=10
Windowing:
  config: # windows=533, spacing=0.6526214570374075, CF order=10
  error tolerance: rtol=0.001, atol=1e-05
Testing N_win=533 N_cf=9
Windowing:
  config: # windows=533, spacing=0.6526214570374075, CF order=9
  error tolerance: rtol=0.001, atol=1e-05
Testing N_win=533 N_cf=8
Windowing:
  config: # windows=533, spacing=0.6526214570374075, CF order=8
  error tolerance: rtol=0.001, atol=1e-05
Testing N_win=533 N_cf=7
Windowing:
  config: # windows=533, spacing=0.6526214570374075, CF order=7
  error tolerance: rtol=0.001, atol=1e-05
Testing N_win=533 N_cf=6
Windowing:
  config: # windows=533, spacing=0.6526214570374075, CF order=6
  error tolerance: rtol=0.001, atol=1e-05
Testing N_win=533 N_cf=5
Windowing:
  config: # windows=533, spacing=0.6526214570374075, CF order=5
  error tolerance: rtol=0.001, atol=1e-05
Testing N_win=533 N_cf=4
Windowing:
  config: # windows=533, spacing=0.6526214570374075, CF order=4
  error tolerance: rtol=0.001, atol=1e-05
Testing N_win=533 N_cf=3
Windowing:
  config: # windows=533, spacing=0.6526214570374075, CF order=3
  error tolerance: rtol=0.001, atol=1e-05
Testing N_win=533 N_cf=2
Windowing:
  config: # windows=533, spacing=0.6526214570374075, CF order=2
  error tolerance: rtol=0.001, atol=1e-05
Best library so far.
Testing N_win=638 N_cf=10
Windowing:
  config: # windows=638, spacing=0.5452151043901853, CF order=10
  error tolerance: rtol=0.001, atol=1e-05
Testing N_win=638 N_cf=9
Windowing:
  config: # windows=638, spacing=0.5452151043901853, CF order=9
  error tolerance: rtol=0.001, atol=1e-05
Testing N_win=638 N_cf=8
Windowing:
  config: # windows=638, spacing=0.5452151043901853, CF order=8
  error tolerance: rtol=0.001, atol=1e-05
Testing N_win=638 N_cf=7
Windowing:
  config: # windows=638, spacing=0.5452151043901853, CF order=7
  error tolerance: rtol=0.001, atol=1e-05
Testing N_win=638 N_cf=6
Windowing:
  config: # windows=638, spacing=0.5452151043901853, CF order=6
  error tolerance: rtol=0.001, atol=1e-05
Testing N_win=638 N_cf=5
Windowing:
  config: # windows=638, spacing=0.5452151043901853, CF order=5
  error tolerance: rtol=0.001, atol=1e-05
Testing N_win=638 N_cf=4
Windowing:
  config: # windows=638, spacing=0.5452151043901853, CF order=4
  error tolerance: rtol=0.001, atol=1e-05
Testing N_win=638 N_cf=3
Windowing:
  config: # windows=638, spacing=0.5452151043901853, CF order=3
  error tolerance: rtol=0.001, atol=1e-05
Testing N_win=638 N_cf=2
Windowing:
  config: # windows=638, spacing=0.5452151043901853, CF order=2
  error tolerance: rtol=0.001, atol=1e-05
Testing N_win=743 N_cf=10
Windowing:
  config: # windows=743, spacing=0.46816586352750766, CF order=10
  error tolerance: rtol=0.001, atol=1e-05
Testing N_win=743 N_cf=9
Windowing:
  config: # windows=743, spacing=0.46816586352750766, CF order=9
  error tolerance: rtol=0.001, atol=1e-05
Testing N_win=743 N_cf=8
Windowing:
  config: # windows=743, spacing=0.46816586352750766, CF order=8
  error tolerance: rtol=0.001, atol=1e-05
Testing N_win=743 N_cf=7
Windowing:
  config: # windows=743, spacing=0.46816586352750766, CF order=7
  error tolerance: rtol=0.001, atol=1e-05
Testing N_win=743 N_cf=6
Windowing:
  config: # windows=743, spacing=0.46816586352750766, CF order=6
  error tolerance: rtol=0.001, atol=1e-05
Testing N_win=743 N_cf=5
Windowing:
  config: # windows=743, spacing=0.46816586352750766, CF order=5
  error tolerance: rtol=0.001, atol=1e-05
Testing N_win=743 N_cf=4
Windowing:
  config: # windows=743, spacing=0.46816586352750766, CF order=4
  error tolerance: rtol=0.001, atol=1e-05
Testing N_win=743 N_cf=3
Windowing:
  config: # windows=743, spacing=0.46816586352750766, CF order=3
  error tolerance: rtol=0.001, atol=1e-05
Testing N_win=743 N_cf=2
Windowing:
  config: # windows=743, spacing=0.46816586352750766, CF order=2
  error tolerance: rtol=0.001, atol=1e-05
Testing N_win=847 N_cf=10
Windowing:
  config: # windows=847, spacing=0.4106815072029967, CF order=10
  error tolerance: rtol=0.001, atol=1e-05
Testing N_win=847 N_cf=9
Windowing:
  config: # windows=847, spacing=0.4106815072029967, CF order=9
  error tolerance: rtol=0.001, atol=1e-05
Testing N_win=847 N_cf=8
Windowing:
  config: # windows=847, spacing=0.4106815072029967, CF order=8
  error tolerance: rtol=0.001, atol=1e-05
Testing N_win=847 N_cf=7
Windowing:
  config: # windows=847, spacing=0.4106815072029967, CF order=7
  error tolerance: rtol=0.001, atol=1e-05
Testing N_win=847 N_cf=6
Windowing:
  config: # windows=847, spacing=0.4106815072029967, CF order=6
  error tolerance: rtol=0.001, atol=1e-05
Testing N_win=847 N_cf=5
Windowing:
  config: # windows=847, spacing=0.4106815072029967, CF order=5
  error tolerance: rtol=0.001, atol=1e-05
Testing N_win=847 N_cf=4
Windowing:
  config: # windows=847, spacing=0.4106815072029967, CF order=4
  error tolerance: rtol=0.001, atol=1e-05
Testing N_win=847 N_cf=3
Windowing:
  config: # windows=847, spacing=0.4106815072029967, CF order=3
  error tolerance: rtol=0.001, atol=1e-05
Testing N_win=847 N_cf=2
Windowing:
  config: # windows=847, spacing=0.4106815072029967, CF order=2
  error tolerance: rtol=0.001, atol=1e-05
Testing N_win=952 N_cf=10
Windowing:
  config: # windows=952, spacing=0.3653857527320779, CF order=10
  error tolerance: rtol=0.001, atol=1e-05
Testing N_win=952 N_cf=9
Windowing:
  config: # windows=952, spacing=0.3653857527320779, CF order=9
  error tolerance: rtol=0.001, atol=1e-05
Testing N_win=952 N_cf=8
Windowing:
  config: # windows=952, spacing=0.3653857527320779, CF order=8
  error tolerance: rtol=0.001, atol=1e-05
Testing N_win=952 N_cf=7
Windowing:
  config: # windows=952, spacing=0.3653857527320779, CF order=7
  error tolerance: rtol=0.001, atol=1e-05
Testing N_win=952 N_cf=6
Windowing:
  config: # windows=952, spacing=0.3653857527320779, CF order=6
  error tolerance: rtol=0.001, atol=1e-05
Testing N_win=952 N_cf=5
Windowing:
  config: # windows=952, spacing=0.3653857527320779, CF order=5
  error tolerance: rtol=0.001, atol=1e-05
Testing N_win=952 N_cf=4
Windowing:
  config: # windows=952, spacing=0.3653857527320779, CF order=4
  error tolerance: rtol=0.001, atol=1e-05
Testing N_win=952 N_cf=3
Windowing:
  config: # windows=952, spacing=0.3653857527320779, CF order=3
  error tolerance: rtol=0.001, atol=1e-05
Testing N_win=952 N_cf=2
Windowing:
  config: # windows=952, spacing=0.3653857527320779, CF order=2
  error tolerance: rtol=0.001, atol=1e-05
Testing N_win=1057 N_cf=10
Windowing:
  config: # windows=1057, spacing=0.32908915477856027, CF order=10
  error tolerance: rtol=0.001, atol=1e-05
Testing N_win=1057 N_cf=9
Windowing:
  config: # windows=1057, spacing=0.32908915477856027, CF order=9
  error tolerance: rtol=0.001, atol=1e-05
Testing N_win=1057 N_cf=8
Windowing:
  config: # windows=1057, spacing=0.32908915477856027, CF order=8
  error tolerance: rtol=0.001, atol=1e-05
Testing N_win=1057 N_cf=7
Windowing:
  config: # windows=1057, spacing=0.32908915477856027, CF order=7
  error tolerance: rtol=0.001, atol=1e-05
Testing N_win=1057 N_cf=6
Windowing:
  config: # windows=1057, spacing=0.32908915477856027, CF order=6
  error tolerance: rtol=0.001, atol=1e-05
Testing N_win=1057 N_cf=5
Windowing:
  config: # windows=1057, spacing=0.32908915477856027, CF order=5
  error tolerance: rtol=0.001, atol=1e-05
Testing N_win=1057 N_cf=4
Windowing:
  config: # windows=1057, spacing=0.32908915477856027, CF order=4
  error tolerance: rtol=0.001, atol=1e-05
Testing N_win=1057 N_cf=3
Windowing:
  config: # windows=1057, spacing=0.32908915477856027, CF order=3
  error tolerance: rtol=0.001, atol=1e-05
Testing N_win=1057 N_cf=2
Windowing:
  config: # windows=1057, spacing=0.32908915477856027, CF order=2
  error tolerance: rtol=0.001, atol=1e-05
Testing N_win=1162 N_cf=10
Windowing:
  config: # windows=1162, spacing=0.29935218296122046, CF order=10
  error tolerance: rtol=0.001, atol=1e-05
Testing N_win=1162 N_cf=9
Windowing:
  config: # windows=1162, spacing=0.29935218296122046, CF order=9
  error tolerance: rtol=0.001, atol=1e-05
Testing N_win=1162 N_cf=8
Windowing:
  config: # windows=1162, spacing=0.29935218296122046, CF order=8
  error tolerance: rtol=0.001, atol=1e-05
Testing N_win=1162 N_cf=7
Windowing:
  config: # windows=1162, spacing=0.29935218296122046, CF order=7
  error tolerance: rtol=0.001, atol=1e-05
Testing N_win=1162 N_cf=6
Windowing:
  config: # windows=1162, spacing=0.29935218296122046, CF order=6
  error tolerance: rtol=0.001, atol=1e-05
Testing N_win=1162 N_cf=5
Windowing:
  config: # windows=1162, spacing=0.29935218296122046, CF order=5
  error tolerance: rtol=0.001, atol=1e-05
Testing N_win=1162 N_cf=4
Windowing:
  config: # windows=1162, spacing=0.29935218296122046, CF order=4
  error tolerance: rtol=0.001, atol=1e-05
Testing N_win=1162 N_cf=3
Windowing:
  config: # windows=1162, spacing=0.29935218296122046, CF order=3
  error tolerance: rtol=0.001, atol=1e-05
Testing N_win=1162 N_cf=2
Windowing:
  config: # windows=1162, spacing=0.29935218296122046, CF order=2
  error tolerance: rtol=0.001, atol=1e-05
Testing N_win=1266 N_cf=10
Windowing:
  config: # windows=1266, spacing=0.27476085039568576, CF order=10
  error tolerance: rtol=0.001, atol=1e-05
Testing N_win=1266 N_cf=9
Windowing:
  config: # windows=1266, spacing=0.27476085039568576, CF order=9
  error tolerance: rtol=0.001, atol=1e-05
Testing N_win=1266 N_cf=8
Windowing:
  config: # windows=1266, spacing=0.27476085039568576, CF order=8
  error tolerance: rtol=0.001, atol=1e-05
Testing N_win=1266 N_cf=7
Windowing:
  config: # windows=1266, spacing=0.27476085039568576, CF order=7
  error tolerance: rtol=0.001, atol=1e-05
Testing N_win=1266 N_cf=6
Windowing:
  config: # windows=1266, spacing=0.27476085039568576, CF order=6
  error tolerance: rtol=0.001, atol=1e-05
Testing N_win=1266 N_cf=5
Windowing:
  config: # windows=1266, spacing=0.27476085039568576, CF order=5
  error tolerance: rtol=0.001, atol=1e-05
Testing N_win=1266 N_cf=4
Windowing:
  config: # windows=1266, spacing=0.27476085039568576, CF order=4
  error tolerance: rtol=0.001, atol=1e-05
Testing N_win=1266 N_cf=3
Windowing:
  config: # windows=1266, spacing=0.27476085039568576, CF order=3
  error tolerance: rtol=0.001, atol=1e-05
Testing N_win=1266 N_cf=2
Windowing:
  config: # windows=1266, spacing=0.27476085039568576, CF order=2
  error tolerance: rtol=0.001, atol=1e-05
Testing N_win=1371 N_cf=10
Windowing:
  config: # windows=1371, spacing=0.25371789686428753, CF order=10
  error tolerance: rtol=0.001, atol=1e-05
Testing N_win=1371 N_cf=9
Windowing:
  config: # windows=1371, spacing=0.25371789686428753, CF order=9
  error tolerance: rtol=0.001, atol=1e-05
Testing N_win=1371 N_cf=8
Windowing:
  config: # windows=1371, spacing=0.25371789686428753, CF order=8
  error tolerance: rtol=0.001, atol=1e-05
Testing N_win=1371 N_cf=7
Windowing:
  config: # windows=1371, spacing=0.25371789686428753, CF order=7
  error tolerance: rtol=0.001, atol=1e-05
Testing N_win=1371 N_cf=6
Windowing:
  config: # windows=1371, spacing=0.25371789686428753, CF order=6
  error tolerance: rtol=0.001, atol=1e-05
Testing N_win=1371 N_cf=5
Windowing:
  config: # windows=1371, spacing=0.25371789686428753, CF order=5
  error tolerance: rtol=0.001, atol=1e-05
Testing N_win=1371 N_cf=4
Windowing:
  config: # windows=1371, spacing=0.25371789686428753, CF order=4
  error tolerance: rtol=0.001, atol=1e-05
Testing N_win=1371 N_cf=3
Windowing:
  config: # windows=1371, spacing=0.25371789686428753, CF order=3
  error tolerance: rtol=0.001, atol=1e-05
Testing N_win=1371 N_cf=2
Windowing:
  config: # windows=1371, spacing=0.25371789686428753, CF order=2
  error tolerance: rtol=0.001, atol=1e-05
Testing N_win=1476 N_cf=10
Windowing:
  config: # windows=1476, spacing=0.23566885948573046, CF order=10
  error tolerance: rtol=0.001, atol=1e-05
Testing N_win=1476 N_cf=9
Windowing:
  config: # windows=1476, spacing=0.23566885948573046, CF order=9
  error tolerance: rtol=0.001, atol=1e-05
Testing N_win=1476 N_cf=8
Windowing:
  config: # windows=1476, spacing=0.23566885948573046, CF order=8
  error tolerance: rtol=0.001, atol=1e-05
Testing N_win=1476 N_cf=7
Windowing:
  config: # windows=1476, spacing=0.23566885948573046, CF order=7
  error tolerance: rtol=0.001, atol=1e-05
Testing N_win=1476 N_cf=6
Windowing:
  config: # windows=1476, spacing=0.23566885948573046, CF order=6
  error tolerance: rtol=0.001, atol=1e-05
Testing N_win=1476 N_cf=5
Windowing:
  config: # windows=1476, spacing=0.23566885948573046, CF order=5
  error tolerance: rtol=0.001, atol=1e-05
Testing N_win=1476 N_cf=4
Windowing:
  config: # windows=1476, spacing=0.23566885948573046, CF order=4
  error tolerance: rtol=0.001, atol=1e-05
Testing N_win=1476 N_cf=3
Windowing:
  config: # windows=1476, spacing=0.23566885948573046, CF order=3
  error tolerance: rtol=0.001, atol=1e-05
Testing N_win=1476 N_cf=2
Windowing:
  config: # windows=1476, spacing=0.23566885948573046, CF order=2
  error tolerance: rtol=0.001, atol=1e-05
Testing N_win=1581 N_cf=10
Windowing:
  config: # windows=1581, spacing=0.2200172274515738, CF order=10
  error tolerance: rtol=0.001, atol=1e-05
Testing N_win=1581 N_cf=9
Windowing:
  config: # windows=1581, spacing=0.2200172274515738, CF order=9
  error tolerance: rtol=0.001, atol=1e-05
Testing N_win=1581 N_cf=8
Windowing:
  config: # windows=1581, spacing=0.2200172274515738, CF order=8
  error tolerance: rtol=0.001, atol=1e-05
Testing N_win=1581 N_cf=7
Windowing:
  config: # windows=1581, spacing=0.2200172274515738, CF order=7
  error tolerance: rtol=0.001, atol=1e-05
Testing N_win=1581 N_cf=6
Windowing:
  config: # windows=1581, spacing=0.2200172274515738, CF order=6
  error tolerance: rtol=0.001, atol=1e-05
Testing N_win=1581 N_cf=5
Windowing:
  config: # windows=1581, spacing=0.2200172274515738, CF order=5
  error tolerance: rtol=0.001, atol=1e-05
Testing N_win=1581 N_cf=4
Windowing:
  config: # windows=1581, spacing=0.2200172274515738, CF order=4
  error tolerance: rtol=0.001, atol=1e-05
Testing N_win=1581 N_cf=3
Windowing:
  config: # windows=1581, spacing=0.2200172274515738, CF order=3
  error tolerance: rtol=0.001, atol=1e-05
Testing N_win=1581 N_cf=2
Windowing:
  config: # windows=1581, spacing=0.2200172274515738, CF order=2
  error tolerance: rtol=0.001, atol=1e-05
Testing N_win=1685 N_cf=10
Windowing:
  config: # windows=1685, spacing=0.20643752914002267, CF order=10
  error tolerance: rtol=0.001, atol=1e-05
Testing N_win=1685 N_cf=9
Windowing:
  config: # windows=1685, spacing=0.20643752914002267, CF order=9
  error tolerance: rtol=0.001, atol=1e-05
Testing N_win=1685 N_cf=8
Windowing:
  config: # windows=1685, spacing=0.20643752914002267, CF order=8
  error tolerance: rtol=0.001, atol=1e-05
Testing N_win=1685 N_cf=7
Windowing:
  config: # windows=1685, spacing=0.20643752914002267, CF order=7
  error tolerance: rtol=0.001, atol=1e-05
Testing N_win=1685 N_cf=6
Windowing:
  config: # windows=1685, spacing=0.20643752914002267, CF order=6
  error tolerance: rtol=0.001, atol=1e-05
Testing N_win=1685 N_cf=5
Windowing:
  config: # windows=1685, spacing=0.20643752914002267, CF order=5
  error tolerance: rtol=0.001, atol=1e-05
Testing N_win=1685 N_cf=4
Windowing:
  config: # windows=1685, spacing=0.20643752914002267, CF order=4
  error tolerance: rtol=0.001, atol=1e-05
Testing N_win=1685 N_cf=3
Windowing:
  config: # windows=1685, spacing=0.20643752914002267, CF order=3
  error tolerance: rtol=0.001, atol=1e-05
Testing N_win=1685 N_cf=2
Windowing:
  config: # windows=1685, spacing=0.20643752914002267, CF order=2
  error tolerance: rtol=0.001, atol=1e-05
Testing N_win=1790 N_cf=10
Windowing:
  config: # windows=1790, spacing=0.19432806514018894, CF order=10
  error tolerance: rtol=0.001, atol=1e-05
Testing N_win=1790 N_cf=9
Windowing:
  config: # windows=1790, spacing=0.19432806514018894, CF order=9
  error tolerance: rtol=0.001, atol=1e-05
Testing N_win=1790 N_cf=8
Windowing:
  config: # windows=1790, spacing=0.19432806514018894, CF order=8
  error tolerance: rtol=0.001, atol=1e-05
Testing N_win=1790 N_cf=7
Windowing:
  config: # windows=1790, spacing=0.19432806514018894, CF order=7
  error tolerance: rtol=0.001, atol=1e-05
Testing N_win=1790 N_cf=6
Windowing:
  config: # windows=1790, spacing=0.19432806514018894, CF order=6
  error tolerance: rtol=0.001, atol=1e-05
Testing N_win=1790 N_cf=5
Windowing:
  config: # windows=1790, spacing=0.19432806514018894, CF order=5
  error tolerance: rtol=0.001, atol=1e-05
Testing N_win=1790 N_cf=4
Windowing:
  config: # windows=1790, spacing=0.19432806514018894, CF order=4
  error tolerance: rtol=0.001, atol=1e-05
Testing N_win=1790 N_cf=3
Windowing:
  config: # windows=1790, spacing=0.19432806514018894, CF order=3
  error tolerance: rtol=0.001, atol=1e-05
Testing N_win=1790 N_cf=2
Windowing:
  config: # windows=1790, spacing=0.19432806514018894, CF order=2
  error tolerance: rtol=0.001, atol=1e-05
Testing N_win=1895 N_cf=10
Windowing:
  config: # windows=1895, spacing=0.18356054701896474, CF order=10
  error tolerance: rtol=0.001, atol=1e-05
Testing N_win=1895 N_cf=9
Windowing:
  config: # windows=1895, spacing=0.18356054701896474, CF order=9
  error tolerance: rtol=0.001, atol=1e-05
Testing N_win=1895 N_cf=8
Windowing:
  config: # windows=1895, spacing=0.18356054701896474, CF order=8
  error tolerance: rtol=0.001, atol=1e-05
Testing N_win=1895 N_cf=7
Windowing:
  config: # windows=1895, spacing=0.18356054701896474, CF order=7
  error tolerance: rtol=0.001, atol=1e-05
Testing N_win=1895 N_cf=6
Windowing:
  config: # windows=1895, spacing=0.18356054701896474, CF order=6
  error tolerance: rtol=0.001, atol=1e-05
Testing N_win=1895 N_cf=5
Windowing:
  config: # windows=1895, spacing=0.18356054701896474, CF order=5
  error tolerance: rtol=0.001, atol=1e-05
Testing N_win=1895 N_cf=4
Windowing:
  config: # windows=1895, spacing=0.18356054701896474, CF order=4
  error tolerance: rtol=0.001, atol=1e-05
Testing N_win=1895 N_cf=3
Windowing:
  config: # windows=1895, spacing=0.18356054701896474, CF order=3
  error tolerance: rtol=0.001, atol=1e-05
Testing N_win=1895 N_cf=2
Windowing:
  config: # windows=1895, spacing=0.18356054701896474, CF order=2
  error tolerance: rtol=0.001, atol=1e-05
Testing N_win=2000 N_cf=10
Windowing:
  config: # windows=2000, spacing=0.1739236183004691, CF order=10
  error tolerance: rtol=0.001, atol=1e-05
Testing N_win=2000 N_cf=9
Windowing:
  config: # windows=2000, spacing=0.1739236183004691, CF order=9
  error tolerance: rtol=0.001, atol=1e-05
Testing N_win=2000 N_cf=8
Windowing:
  config: # windows=2000, spacing=0.1739236183004691, CF order=8
  error tolerance: rtol=0.001, atol=1e-05
Testing N_win=2000 N_cf=7
Windowing:
  config: # windows=2000, spacing=0.1739236183004691, CF order=7
  error tolerance: rtol=0.001, atol=1e-05
Testing N_win=2000 N_cf=6
Windowing:
  config: # windows=2000, spacing=0.1739236183004691, CF order=6
  error tolerance: rtol=0.001, atol=1e-05
Testing N_win=2000 N_cf=5
Windowing:
  config: # windows=2000, spacing=0.1739236183004691, CF order=5
  error tolerance: rtol=0.001, atol=1e-05
Testing N_win=2000 N_cf=4
Windowing:
  config: # windows=2000, spacing=0.1739236183004691, CF order=4
  error tolerance: rtol=0.001, atol=1e-05
Testing N_win=2000 N_cf=3
Windowing:
  config: # windows=2000, spacing=0.1739236183004691, CF order=3
  error tolerance: rtol=0.001, atol=1e-05
Testing N_win=2000 N_cf=2
Windowing:
  config: # windows=2000, spacing=0.1739236183004691, CF order=2
  error tolerance: rtol=0.001, atol=1e-05
Final library: 114 poles, 533 windows, 1.1 poles per window, 2 CF order
