Running NJOY to get 0K point-wise data (error=0.0005)...
Parsing cross sections within resolved resonance range...
  MTs: [2, 27, 102, 103, 107]
  Energy range: 1.000e-05 to 1.000e+05 eV (63011 points)
Vector fitting piece 1/31...
  energy: 1.000e-05 to 1.156e+02 eV (636 points)
  error tolerance: rtol=0.001, atol=1e-05
Found 0 peaks
Fitting orders from 2 to 200
Order=2(0/100)
Order=4(1/100)
Order=6(2/100)
Found ideal results. Stop!
Found 1 real poles and 3 conjugate complex pairs.
Final number of poles: 4
Saved figure: WMP_Lib/Cu63/0-116_MT2.png
Saved figure: WMP_Lib/Cu63/0-116_MT27.png
Saved figure: WMP_Lib/Cu63/0-116_MT102.png
Vector fitting piece 2/31...
  energy: 2.281e+01 to 4.326e+02 eV (298 points)
  error tolerance: rtol=0.001, atol=1e-05
Found 1 peaks
Fitting orders from 2 to 200
Order=2(0/100)
Order=4(1/100)
Order=6(2/100)
Order=8(3/100)
Order=10(4/100)
Order=12(5/100)
Order=14(6/100)
Order=16(7/100)
Order=18(8/100)
Order=20(9/100)
Order=22(10/100)
Order=24(11/100)
Order=26(12/100)
Order=28(13/100)
Order=30(14/100)
Order=32(15/100)
Order=34(16/100)
Order=36(17/100)
Order=38(18/100)
Order=40(19/100)
Order=42(20/100)
Order=44(21/100)
Order=46(22/100)
Order=48(23/100)
Order=50(24/100)
Order=52(25/100)
Order=54(26/100)
Order=56(27/100)
Order=58(28/100)
Order=60(29/100)
Found 2 real poles and 3 conjugate complex pairs.
Final number of poles: 5
Saved figure: WMP_Lib/Cu63/23-433_MT2.png
Saved figure: WMP_Lib/Cu63/23-433_MT27.png
Saved figure: WMP_Lib/Cu63/23-433_MT102.png
Vector fitting piece 3/31...
  energy: 2.252e+02 to 9.546e+02 eV (1531 points)
  error tolerance: rtol=0.001, atol=1e-05
Found 4 peaks
Fitting orders from 8 to 200
Order=8(0/97)
Order=10(1/97)
Order=12(2/97)
Order=14(3/97)
Order=16(4/97)
Order=18(5/97)
Order=20(6/97)
Order=22(7/97)
Order=24(8/97)
Order=26(9/97)
Order=28(10/97)
Order=30(11/97)
Order=32(12/97)
Order=34(13/97)
Order=36(14/97)
Order=38(15/97)
Order=40(16/97)
Order=42(17/97)
Order=44(18/97)
Order=46(19/97)
Order=48(20/97)
Order=50(21/97)
Order=52(22/97)
Order=54(23/97)
Order=56(24/97)
Order=58(25/97)
Order=60(26/97)
Found 2 real poles and 5 conjugate complex pairs.
Final number of poles: 7
Saved figure: WMP_Lib/Cu63/225-955_MT2.png
Saved figure: WMP_Lib/Cu63/225-955_MT27.png
Saved figure: WMP_Lib/Cu63/225-955_MT102.png
Vector fitting piece 4/31...
  energy: 6.370e+02 to 1.695e+03 eV (1137 points)
  error tolerance: rtol=0.001, atol=1e-05
Found 3 peaks
Fitting orders from 6 to 200
Order=6(0/98)
Order=8(1/98)
Order=10(2/98)
Order=12(3/98)
Order=14(4/98)
Order=16(5/98)
Order=18(6/98)
Order=20(7/98)
Order=22(8/98)
Order=24(9/98)
Order=26(10/98)
Order=28(11/98)
Order=30(12/98)
Order=32(13/98)
Order=34(14/98)
Order=36(15/98)
Order=38(16/98)
Order=40(17/98)
Order=42(18/98)
Order=44(19/98)
Order=46(20/98)
Order=48(21/98)
Order=50(22/98)
Order=52(23/98)
Order=54(24/98)
Order=56(25/98)
Order=58(26/98)
Order=60(27/98)
Found 0 real poles and 6 conjugate complex pairs.
Final number of poles: 6
Saved figure: WMP_Lib/Cu63/637-1695_MT2.png
Saved figure: WMP_Lib/Cu63/637-1695_MT27.png
Saved figure: WMP_Lib/Cu63/637-1695_MT102.png
Vector fitting piece 5/31...
  energy: 1.250e+03 to 2.629e+03 eV (724 points)
  error tolerance: rtol=0.001, atol=1e-05
Found 2 peaks
Fitting orders from 4 to 200
Order=4(0/99)
Order=6(1/99)
Order=8(2/99)
Order=10(3/99)
Order=12(4/99)
Order=14(5/99)
Order=16(6/99)
Order=18(7/99)
Order=20(8/99)
Order=22(9/99)
Order=24(10/99)
Order=26(11/99)
Order=28(12/99)
Order=30(13/99)
Order=32(14/99)
Order=34(15/99)
Order=36(16/99)
Order=38(17/99)
Order=40(18/99)
Order=42(19/99)
Order=44(20/99)
Order=46(21/99)
Order=48(22/99)
Order=50(23/99)
Order=52(24/99)
Order=54(25/99)
Order=56(26/99)
Order=58(27/99)
Order=60(28/99)
Found 2 real poles and 4 conjugate complex pairs.
Final number of poles: 6
Saved figure: WMP_Lib/Cu63/1250-2629_MT2.png
Saved figure: WMP_Lib/Cu63/1250-2629_MT27.png
Saved figure: WMP_Lib/Cu63/1250-2629_MT102.png
Vector fitting piece 6/31...
  energy: 2.083e+03 to 3.792e+03 eV (1582 points)
  error tolerance: rtol=0.001, atol=1e-05
Found 5 peaks
Fitting orders from 10 to 200
Order=10(0/96)
Order=12(1/96)
Order=14(2/96)
Order=16(3/96)
Order=18(4/96)
Order=20(5/96)
Order=22(6/96)
Order=24(7/96)
Order=26(8/96)
Order=28(9/96)
Order=30(10/96)
Order=32(11/96)
Order=34(12/96)
Order=36(13/96)
Order=38(14/96)
Order=40(15/96)
Order=42(16/96)
Order=44(17/96)
Order=46(18/96)
Order=48(19/96)
Order=50(20/96)
Order=52(21/96)
Order=54(22/96)
Order=56(23/96)
Order=58(24/96)
Order=60(25/96)
Found 2 real poles and 7 conjugate complex pairs.
Final number of poles: 9
Saved figure: WMP_Lib/Cu63/2083-3792_MT2.png
Saved figure: WMP_Lib/Cu63/2083-3792_MT27.png
Saved figure: WMP_Lib/Cu63/2083-3792_MT102.png
Vector fitting piece 7/31...
  energy: 3.111e+03 to 5.145e+03 eV (1826 points)
  error tolerance: rtol=0.001, atol=1e-05
Found 8 peaks
Fitting orders from 16 to 200
Order=16(0/93)
Order=18(1/93)
Order=20(2/93)
Order=22(3/93)
Order=24(4/93)
Order=26(5/93)
Order=28(6/93)
Order=30(7/93)
Order=32(8/93)
Order=34(9/93)
Order=36(10/93)
Order=38(11/93)
Order=40(12/93)
Order=42(13/93)
Order=44(14/93)
Order=46(15/93)
Order=48(16/93)
Order=50(17/93)
Order=52(18/93)
Order=54(19/93)
Order=56(20/93)
Order=58(21/93)
Order=60(22/93)
Found 4 real poles and 8 conjugate complex pairs.
Final number of poles: 12
Saved figure: WMP_Lib/Cu63/3111-5145_MT2.png
Saved figure: WMP_Lib/Cu63/3111-5145_MT27.png
Saved figure: WMP_Lib/Cu63/3111-5145_MT102.png
Vector fitting piece 8/31...
  energy: 4.362e+03 to 6.711e+03 eV (2135 points)
  error tolerance: rtol=0.001, atol=1e-05
Found 10 peaks
Fitting orders from 20 to 200
Order=20(0/91)
Order=22(1/91)
Order=24(2/91)
Order=26(3/91)
Order=28(4/91)
Order=30(5/91)
Order=32(6/91)
Order=34(7/91)
Order=36(8/91)
Order=38(9/91)
Order=40(10/91)
Order=42(11/91)
Order=44(12/91)
Order=46(13/91)
Order=48(14/91)
Order=50(15/91)
Order=52(16/91)
Order=54(17/91)
Order=56(18/91)
Order=58(19/91)
Order=60(20/91)
Found 2 real poles and 12 conjugate complex pairs.
Final number of poles: 14
Saved figure: WMP_Lib/Cu63/4362-6711_MT2.png
Saved figure: WMP_Lib/Cu63/4362-6711_MT27.png
Saved figure: WMP_Lib/Cu63/4362-6711_MT102.png
Vector fitting piece 9/31...
  energy: 5.814e+03 to 8.481e+03 eV (1939 points)
  error tolerance: rtol=0.001, atol=1e-05
Found 6 peaks
Fitting orders from 12 to 200
Order=12(0/95)
Order=14(1/95)
Order=16(2/95)
Order=18(3/95)
Order=20(4/95)
Order=22(5/95)
Order=24(6/95)
Order=26(7/95)
Order=28(8/95)
Order=30(9/95)
Order=32(10/95)
Order=34(11/95)
Order=36(12/95)
Order=38(13/95)
Order=40(14/95)
Order=42(15/95)
Order=44(16/95)
Order=46(17/95)
Order=48(18/95)
Order=50(19/95)
Order=52(20/95)
Order=54(21/95)
Order=56(22/95)
Order=58(23/95)
Order=60(24/95)
Found 4 real poles and 7 conjugate complex pairs.
Final number of poles: 11
Saved figure: WMP_Lib/Cu63/5814-8481_MT2.png
Saved figure: WMP_Lib/Cu63/5814-8481_MT27.png
Saved figure: WMP_Lib/Cu63/5814-8481_MT102.png
Vector fitting piece 10/31...
  energy: 7.473e+03 to 1.047e+04 eV (2455 points)
  error tolerance: rtol=0.001, atol=1e-05
Found 12 peaks
Fitting orders from 24 to 200
Order=24(0/89)
Order=26(1/89)
Order=28(2/89)
Order=30(3/89)
Order=32(4/89)
Order=34(5/89)
Order=36(6/89)
Order=38(7/89)
Order=40(8/89)
Order=42(9/89)
Order=44(10/89)
Order=46(11/89)
Order=48(12/89)
Order=50(13/89)
Order=52(14/89)
Order=54(15/89)
Order=56(16/89)
Order=58(17/89)
Order=60(18/89)
Found 4 real poles and 11 conjugate complex pairs.
Final number of poles: 15
Saved figure: WMP_Lib/Cu63/7473-10469_MT2.png
Saved figure: WMP_Lib/Cu63/7473-10469_MT27.png
Saved figure: WMP_Lib/Cu63/7473-10469_MT102.png
Vector fitting piece 11/31...
  energy: 9.340e+03 to 1.266e+04 eV (1994 points)
  error tolerance: rtol=0.001, atol=1e-05
Found 12 peaks
Fitting orders from 24 to 200
Order=24(0/89)
Order=26(1/89)
Order=28(2/89)
Order=30(3/89)
Order=32(4/89)
Order=34(5/89)
Order=36(6/89)
Order=38(7/89)
Order=40(8/89)
Order=42(9/89)
Order=44(10/89)
Order=46(11/89)
Order=48(12/89)
Order=50(13/89)
Order=52(14/89)
Order=54(15/89)
Order=56(16/89)
Order=58(17/89)
Order=60(18/89)
Found 4 real poles and 12 conjugate complex pairs.
Final number of poles: 16
Saved figure: WMP_Lib/Cu63/9340-12657_MT2.png
Saved figure: WMP_Lib/Cu63/9340-12657_MT27.png
Saved figure: WMP_Lib/Cu63/9340-12657_MT102.png
Vector fitting piece 12/31...
  energy: 1.140e+04 to 1.505e+04 eV (2620 points)
  error tolerance: rtol=0.001, atol=1e-05
Found 13 peaks
Fitting orders from 26 to 200
Order=26(0/88)
Order=28(1/88)
Order=30(2/88)
Order=32(3/88)
Order=34(4/88)
Order=36(5/88)
Order=38(6/88)
Order=40(7/88)
Order=42(8/88)
Order=44(9/88)
Order=46(10/88)
Order=48(11/88)
Order=50(12/88)
Order=52(13/88)
Order=54(14/88)
Order=56(15/88)
Order=58(16/88)
Order=60(17/88)
Found 4 real poles and 14 conjugate complex pairs.
Final number of poles: 18
Saved figure: WMP_Lib/Cu63/11402-15049_MT2.png
Saved figure: WMP_Lib/Cu63/11402-15049_MT27.png
Saved figure: WMP_Lib/Cu63/11402-15049_MT102.png
Vector fitting piece 13/31...
  energy: 1.370e+04 to 1.766e+04 eV (3027 points)
  error tolerance: rtol=0.001, atol=1e-05
Found 14 peaks
Fitting orders from 28 to 200
Order=28(0/87)
Order=30(1/87)
Order=32(2/87)
Order=34(3/87)
Order=36(4/87)
Order=38(5/87)
Order=40(6/87)
Order=42(7/87)
Order=44(8/87)
Order=46(9/87)
Order=48(10/87)
Order=50(11/87)
Order=52(12/87)
Order=54(13/87)
Order=56(14/87)
Order=58(15/87)
Order=60(16/87)
Found 4 real poles and 15 conjugate complex pairs.
Final number of poles: 19
Saved figure: WMP_Lib/Cu63/13702-17659_MT2.png
Saved figure: WMP_Lib/Cu63/13702-17659_MT27.png
Saved figure: WMP_Lib/Cu63/13702-17659_MT102.png
Vector fitting piece 14/31...
  energy: 1.619e+04 to 2.047e+04 eV (2742 points)
  error tolerance: rtol=0.001, atol=1e-05
Found 15 peaks
Fitting orders from 30 to 200
Order=30(0/86)
Order=32(1/86)
Order=34(2/86)
Order=36(3/86)
Order=38(4/86)
Order=40(5/86)
Order=42(6/86)
Order=44(7/86)
Order=46(8/86)
Order=48(9/86)
Order=50(10/86)
Order=52(11/86)
Order=54(12/86)
Order=56(13/86)
Order=58(14/86)
Order=60(15/86)
Order=62(16/86)
Order=64(17/86)
Order=66(18/86)
Order=68(19/86)
Order=70(20/86)
Found 6 real poles and 15 conjugate complex pairs.
Final number of poles: 21
Saved figure: WMP_Lib/Cu63/16192-20475_MT2.png
Saved figure: WMP_Lib/Cu63/16192-20475_MT27.png
Saved figure: WMP_Lib/Cu63/16192-20475_MT102.png
Vector fitting piece 15/31...
  energy: 1.888e+04 to 2.350e+04 eV (3432 points)
  error tolerance: rtol=0.001, atol=1e-05
Found 19 peaks
Fitting orders from 38 to 200
Order=38(0/82)
Order=40(1/82)
Order=42(2/82)
Order=44(3/82)
Order=46(4/82)
Order=48(5/82)
Order=50(6/82)
Order=52(7/82)
Order=54(8/82)
Order=56(9/82)
Order=58(10/82)
Order=60(11/82)
Order=62(12/82)
Order=64(13/82)
Order=66(14/82)
Order=68(15/82)
Order=70(16/82)
Found 4 real poles and 20 conjugate complex pairs.
Final number of poles: 24
Saved figure: WMP_Lib/Cu63/18885-23496_MT2.png
Saved figure: WMP_Lib/Cu63/18885-23496_MT27.png
Saved figure: WMP_Lib/Cu63/18885-23496_MT102.png
Vector fitting piece 16/31...
  energy: 2.180e+04 to 2.673e+04 eV (3792 points)
  error tolerance: rtol=0.001, atol=1e-05
Found 20 peaks
Fitting orders from 40 to 200
Order=40(0/81)
Order=42(1/81)
Order=44(2/81)
Order=46(3/81)
Order=48(4/81)
Order=50(5/81)
Order=52(6/81)
Order=54(7/81)
Order=56(8/81)
Order=58(9/81)
Order=60(10/81)
Found 4 real poles and 21 conjugate complex pairs.
Final number of poles: 25
Saved figure: WMP_Lib/Cu63/21800-26727_MT2.png
Saved figure: WMP_Lib/Cu63/21800-26727_MT27.png
Saved figure: WMP_Lib/Cu63/21800-26727_MT102.png
Vector fitting piece 17/31...
  energy: 2.492e+04 to 3.017e+04 eV (3420 points)
  error tolerance: rtol=0.001, atol=1e-05
Found 22 peaks
Fitting orders from 44 to 200
Order=44(0/79)
Order=46(1/79)
Order=48(2/79)
Order=50(3/79)
Order=52(4/79)
Order=54(5/79)
Order=56(6/79)
Order=58(7/79)
Order=60(8/79)
Order=62(9/79)
Order=64(10/79)
Order=66(11/79)
Order=68(12/79)
Order=70(13/79)
Found 4 real poles and 22 conjugate complex pairs.
Final number of poles: 26
Saved figure: WMP_Lib/Cu63/24918-30168_MT2.png
Saved figure: WMP_Lib/Cu63/24918-30168_MT27.png
Saved figure: WMP_Lib/Cu63/24918-30168_MT102.png
Vector fitting piece 18/31...
  energy: 2.823e+04 to 3.382e+04 eV (3259 points)
  error tolerance: rtol=0.001, atol=1e-05
Found 20 peaks
Fitting orders from 40 to 200
Order=40(0/81)
Order=42(1/81)
Order=44(2/81)
Order=46(3/81)
Order=48(4/81)
Order=50(5/81)
Order=52(6/81)
Order=54(7/81)
Order=56(8/81)
Order=58(9/81)
Order=60(10/81)
Order=62(11/81)
Order=64(12/81)
Order=66(13/81)
Order=68(14/81)
Order=70(15/81)
Found 6 real poles and 20 conjugate complex pairs.
Final number of poles: 26
Saved figure: WMP_Lib/Cu63/28233-33824_MT2.png
Saved figure: WMP_Lib/Cu63/28233-33824_MT27.png
Saved figure: WMP_Lib/Cu63/28233-33824_MT102.png
Vector fitting piece 19/31...
  energy: 3.177e+04 to 3.768e+04 eV (3298 points)
  error tolerance: rtol=0.001, atol=1e-05
Found 19 peaks
Fitting orders from 38 to 200
Order=38(0/82)
Order=40(1/82)
Order=42(2/82)
Order=44(3/82)
Order=46(4/82)
Order=48(5/82)
Order=50(6/82)
Order=52(7/82)
Order=54(8/82)
Order=56(9/82)
Order=58(10/82)
Order=60(11/82)
Order=62(12/82)
Order=64(13/82)
Order=66(14/82)
Order=68(15/82)
Order=70(16/82)
Found 4 real poles and 20 conjugate complex pairs.
Final number of poles: 24
Saved figure: WMP_Lib/Cu63/31772-37677_MT2.png
Saved figure: WMP_Lib/Cu63/31772-37677_MT27.png
Saved figure: WMP_Lib/Cu63/31772-37677_MT102.png
Vector fitting piece 20/31...
  energy: 3.551e+04 to 4.174e+04 eV (3867 points)
  error tolerance: rtol=0.001, atol=1e-05
Found 21 peaks
Fitting orders from 42 to 200
Order=42(0/80)
Order=44(1/80)
Order=46(2/80)
Order=48(3/80)
Order=50(4/80)
Order=52(5/80)
Order=54(6/80)
Order=56(7/80)
Order=58(8/80)
Order=60(9/80)
Order=62(10/80)
Order=64(11/80)
Order=66(12/80)
Order=68(13/80)
Order=70(14/80)
Found 4 real poles and 22 conjugate complex pairs.
Final number of poles: 26
Saved figure: WMP_Lib/Cu63/35514-41736_MT2.png
Saved figure: WMP_Lib/Cu63/35514-41736_MT27.png
Saved figure: WMP_Lib/Cu63/35514-41736_MT102.png
Vector fitting piece 21/31...
  energy: 3.947e+04 to 4.602e+04 eV (4088 points)
  error tolerance: rtol=0.001, atol=1e-05
Found 25 peaks
Fitting orders from 50 to 200
Order=50(0/76)
Order=52(1/76)
Order=54(2/76)
Order=56(3/76)
Order=58(4/76)
Order=60(5/76)
Order=62(6/76)
Order=64(7/76)
Order=66(8/76)
Order=68(9/76)
Order=70(10/76)
Order=72(11/76)
Order=74(12/76)
Order=76(13/76)
Found 6 real poles and 25 conjugate complex pairs.
Final number of poles: 31
Saved figure: WMP_Lib/Cu63/39465-46025_MT2.png
Saved figure: WMP_Lib/Cu63/39465-46025_MT27.png
Saved figure: WMP_Lib/Cu63/39465-46025_MT102.png
Vector fitting piece 22/31...
  energy: 4.362e+04 to 5.049e+04 eV (4383 points)
  error tolerance: rtol=0.001, atol=1e-05
Found 26 peaks
Fitting orders from 52 to 200
Order=52(0/75)
Order=54(1/75)
Order=56(2/75)
Order=58(3/75)
Order=60(4/75)
Order=62(5/75)
Order=64(6/75)
Order=66(7/75)
Order=68(8/75)
Order=70(9/75)
Order=72(10/75)
Order=74(11/75)
Order=76(12/75)
Order=78(13/75)
Found 6 real poles and 26 conjugate complex pairs.
Final number of poles: 32
Saved figure: WMP_Lib/Cu63/43620-50486_MT2.png
Saved figure: WMP_Lib/Cu63/43620-50486_MT27.png
Saved figure: WMP_Lib/Cu63/43620-50486_MT102.png
Vector fitting piece 23/31...
  energy: 4.799e+04 to 5.518e+04 eV (3321 points)
  error tolerance: rtol=0.001, atol=1e-05
Found 22 peaks
Fitting orders from 44 to 200
Order=44(0/79)
Order=46(1/79)
Order=48(2/79)
Order=50(3/79)
Order=52(4/79)
Order=54(5/79)
Order=56(6/79)
Order=58(7/79)
Order=60(8/79)
Order=62(9/79)
Order=64(10/79)
Order=66(11/79)
Order=68(12/79)
Order=70(13/79)
Order=72(14/79)
Found 4 real poles and 24 conjugate complex pairs.
Final number of poles: 28
Saved figure: WMP_Lib/Cu63/47988-55183_MT2.png
Saved figure: WMP_Lib/Cu63/47988-55183_MT27.png
Saved figure: WMP_Lib/Cu63/47988-55183_MT102.png
Vector fitting piece 24/31...
  energy: 5.256e+04 to 6.007e+04 eV (4089 points)
  error tolerance: rtol=0.001, atol=1e-05
Found 31 peaks
Fitting orders from 62 to 200
Order=62(0/70)
Order=64(1/70)
Order=66(2/70)
Order=68(3/70)
Order=70(4/70)
Order=72(5/70)
Order=74(6/70)
Order=76(7/70)
Order=78(8/70)
Order=80(9/70)
Order=82(10/70)
Order=84(11/70)
Order=86(12/70)
Order=88(13/70)
Found 4 real poles and 32 conjugate complex pairs.
Final number of poles: 36
Saved figure: WMP_Lib/Cu63/52562-60070_MT2.png
Saved figure: WMP_Lib/Cu63/52562-60070_MT27.png
Saved figure: WMP_Lib/Cu63/52562-60070_MT102.png
Vector fitting piece 25/31...
  energy: 5.734e+04 to 6.517e+04 eV (5015 points)
  error tolerance: rtol=0.001, atol=1e-05
Found 33 peaks
Fitting orders from 66 to 200
Order=66(0/68)
Order=68(1/68)
Order=70(2/68)
Order=72(3/68)
Order=74(4/68)
Order=76(5/68)
Order=78(6/68)
Order=80(7/68)
Order=82(8/68)
Order=84(9/68)
Order=86(10/68)
Order=88(11/68)
Order=90(12/68)
Order=92(13/68)
Found 6 real poles and 33 conjugate complex pairs.
Final number of poles: 39
Saved figure: WMP_Lib/Cu63/57339-65170_MT2.png
Saved figure: WMP_Lib/Cu63/57339-65170_MT27.png
Saved figure: WMP_Lib/Cu63/57339-65170_MT102.png
Vector fitting piece 26/31...
  energy: 6.233e+04 to 7.048e+04 eV (4499 points)
  error tolerance: rtol=0.001, atol=1e-05
Found 30 peaks
Fitting orders from 60 to 200
Order=60(0/71)
Order=62(1/71)
Order=64(2/71)
Order=66(3/71)
Order=68(4/71)
Order=70(5/71)
Order=72(6/71)
Order=74(7/71)
Order=76(8/71)
Order=78(9/71)
Order=80(10/71)
Order=82(11/71)
Order=84(12/71)
Order=86(13/71)
Found 6 real poles and 30 conjugate complex pairs.
Final number of poles: 36
Saved figure: WMP_Lib/Cu63/62330-70485_MT2.png
Saved figure: WMP_Lib/Cu63/62330-70485_MT27.png
Saved figure: WMP_Lib/Cu63/62330-70485_MT102.png
Vector fitting piece 27/31...
  energy: 6.753e+04 to 7.600e+04 eV (4474 points)
  error tolerance: rtol=0.001, atol=1e-05
Found 31 peaks
Fitting orders from 62 to 200
Order=62(0/70)
Order=64(1/70)
Order=66(2/70)
Order=68(3/70)
Order=70(4/70)
Order=72(5/70)
Order=74(6/70)
Order=76(7/70)
Order=78(8/70)
Order=80(9/70)
Order=82(10/70)
Order=84(11/70)
Order=86(12/70)
Order=88(13/70)
Found 6 real poles and 31 conjugate complex pairs.
Final number of poles: 37
Saved figure: WMP_Lib/Cu63/67525-76001_MT2.png
Saved figure: WMP_Lib/Cu63/67525-76001_MT27.png
Saved figure: WMP_Lib/Cu63/67525-76001_MT102.png
Vector fitting piece 28/31...
  energy: 7.293e+04 to 8.174e+04 eV (4669 points)
  error tolerance: rtol=0.001, atol=1e-05
Found 35 peaks
Fitting orders from 70 to 200
Order=70(0/66)
Order=72(1/66)
Order=74(2/66)
Order=76(3/66)
Order=78(4/66)
Order=80(5/66)
Order=82(6/66)
Order=84(7/66)
Order=86(8/66)
Order=88(9/66)
Order=90(10/66)
Order=92(11/66)
Order=94(12/66)
Order=96(13/66)
Order=98(14/66)
Found 2 real poles and 38 conjugate complex pairs.
Final number of poles: 40
Saved figure: WMP_Lib/Cu63/72934-81740_MT2.png
Saved figure: WMP_Lib/Cu63/72934-81740_MT27.png
Saved figure: WMP_Lib/Cu63/72934-81740_MT102.png
Vector fitting piece 29/31...
  energy: 7.854e+04 to 8.767e+04 eV (4607 points)
  error tolerance: rtol=0.001, atol=1e-05
Found 32 peaks
Fitting orders from 64 to 200
Order=64(0/69)
Order=66(1/69)
Order=68(2/69)
Order=70(3/69)
Order=72(4/69)
Order=74(5/69)
Order=76(6/69)
Order=78(7/69)
Order=80(8/69)
Order=82(9/69)
Order=84(10/69)
Order=86(11/69)
Order=88(12/69)
Order=90(13/69)
Order=92(14/69)
Found 6 real poles and 33 conjugate complex pairs.
Final number of poles: 39
Saved figure: WMP_Lib/Cu63/78541-87673_MT2.png
Saved figure: WMP_Lib/Cu63/78541-87673_MT27.png
Saved figure: WMP_Lib/Cu63/78541-87673_MT102.png
Vector fitting piece 30/31...
  energy: 8.437e+04 to 9.382e+04 eV (4944 points)
  error tolerance: rtol=0.001, atol=1e-05
Found 35 peaks
Fitting orders from 70 to 200
Order=70(0/66)
Order=72(1/66)
Order=74(2/66)
Order=76(3/66)
Order=78(4/66)
Order=80(5/66)
Order=82(6/66)
Order=84(7/66)
Order=86(8/66)
Order=88(9/66)
Order=90(10/66)
Order=92(11/66)
Order=94(12/66)
Order=96(13/66)
Found 4 real poles and 36 conjugate complex pairs.
Final number of poles: 40
Saved figure: WMP_Lib/Cu63/84370-93817_MT2.png
Saved figure: WMP_Lib/Cu63/84370-93817_MT27.png
Saved figure: WMP_Lib/Cu63/84370-93817_MT102.png
Vector fitting piece 31/31...
  energy: 9.040e+04 to 1.000e+05 eV (4609 points)
  error tolerance: rtol=0.001, atol=1e-05
Found 33 peaks
Fitting orders from 66 to 200
Order=66(0/68)
Order=68(1/68)
Order=70(2/68)
Order=72(3/68)
Order=74(4/68)
Order=76(5/68)
Order=78(6/68)
Order=80(7/68)
Order=82(8/68)
Order=84(9/68)
Found 6 real poles and 34 conjugate complex pairs.
Final number of poles: 40
Saved figure: WMP_Lib/Cu63/90400-100000_MT2.png
Saved figure: WMP_Lib/Cu63/90400-100000_MT27.png
Saved figure: WMP_Lib/Cu63/90400-100000_MT102.png
Dumped multipole data to file: WMP_Lib/Cu63/Cu63_mp.pickle
Start searching ...
Testing N_win=35 N_cf=10
Windowing:
  config: # windows=35, spacing=9.034984160721578, CF order=10
  error tolerance: rtol=0.001, atol=1e-05
Best library so far.
Testing N_win=35 N_cf=9
Windowing:
  config: # windows=35, spacing=9.034984160721578, CF order=9
  error tolerance: rtol=0.001, atol=1e-05
Best library so far.
Testing N_win=35 N_cf=8
Windowing:
  config: # windows=35, spacing=9.034984160721578, CF order=8
  error tolerance: rtol=0.001, atol=1e-05
Best library so far.
Testing N_win=35 N_cf=7
Windowing:
  config: # windows=35, spacing=9.034984160721578, CF order=7
  error tolerance: rtol=0.001, atol=1e-05
Best library so far.
Testing N_win=35 N_cf=6
Windowing:
  config: # windows=35, spacing=9.034984160721578, CF order=6
  error tolerance: rtol=0.001, atol=1e-05
Best library so far.
Testing N_win=35 N_cf=5
Windowing:
  config: # windows=35, spacing=9.034984160721578, CF order=5
  error tolerance: rtol=0.001, atol=1e-05
Failed: Pure curvefit failed for the first window!
Testing N_win=138 N_cf=10
Windowing:
  config: # windows=138, spacing=2.2914814900380813, CF order=10
  error tolerance: rtol=0.001, atol=1e-05
Best library so far.
Testing N_win=138 N_cf=9
Windowing:
  config: # windows=138, spacing=2.2914814900380813, CF order=9
  error tolerance: rtol=0.001, atol=1e-05
Best library so far.
Testing N_win=138 N_cf=8
Windowing:
  config: # windows=138, spacing=2.2914814900380813, CF order=8
  error tolerance: rtol=0.001, atol=1e-05
Best library so far.
Testing N_win=138 N_cf=7
Windowing:
  config: # windows=138, spacing=2.2914814900380813, CF order=7
  error tolerance: rtol=0.001, atol=1e-05
Best library so far.
Testing N_win=138 N_cf=6
Windowing:
  config: # windows=138, spacing=2.2914814900380813, CF order=6
  error tolerance: rtol=0.001, atol=1e-05
Best library so far.
Testing N_win=138 N_cf=5
Windowing:
  config: # windows=138, spacing=2.2914814900380813, CF order=5
  error tolerance: rtol=0.001, atol=1e-05
Best library so far.
Testing N_win=138 N_cf=4
Windowing:
  config: # windows=138, spacing=2.2914814900380813, CF order=4
  error tolerance: rtol=0.001, atol=1e-05
Best library so far.
Testing N_win=138 N_cf=3
Windowing:
  config: # windows=138, spacing=2.2914814900380813, CF order=3
  error tolerance: rtol=0.001, atol=1e-05
Failed: Pure curvefit failed for the first window!
Testing N_win=241 N_cf=10
Windowing:
  config: # windows=241, spacing=1.3121346291504365, CF order=10
  error tolerance: rtol=0.001, atol=1e-05
Best library so far.
Testing N_win=241 N_cf=9
Windowing:
  config: # windows=241, spacing=1.3121346291504365, CF order=9
  error tolerance: rtol=0.001, atol=1e-05
Best library so far.
Testing N_win=241 N_cf=8
Windowing:
  config: # windows=241, spacing=1.3121346291504365, CF order=8
  error tolerance: rtol=0.001, atol=1e-05
Best library so far.
Testing N_win=241 N_cf=7
Windowing:
  config: # windows=241, spacing=1.3121346291504365, CF order=7
  error tolerance: rtol=0.001, atol=1e-05
Best library so far.
Testing N_win=241 N_cf=6
Windowing:
  config: # windows=241, spacing=1.3121346291504365, CF order=6
  error tolerance: rtol=0.001, atol=1e-05
Best library so far.
Testing N_win=241 N_cf=5
Windowing:
  config: # windows=241, spacing=1.3121346291504365, CF order=5
  error tolerance: rtol=0.001, atol=1e-05
Best library so far.
Testing N_win=241 N_cf=4
Windowing:
  config: # windows=241, spacing=1.3121346291504365, CF order=4
  error tolerance: rtol=0.001, atol=1e-05
Best library so far.
Testing N_win=241 N_cf=3
Windowing:
  config: # windows=241, spacing=1.3121346291504365, CF order=3
  error tolerance: rtol=0.001, atol=1e-05
Best library so far.
Testing N_win=241 N_cf=2
Windowing:
  config: # windows=241, spacing=1.3121346291504365, CF order=2
  error tolerance: rtol=0.001, atol=1e-05
Failed: Pure curvefit failed for the first window!
Testing N_win=345 N_cf=10
Windowing:
  config: # windows=345, spacing=0.9165925960152325, CF order=10
  error tolerance: rtol=0.001, atol=1e-05
Best library so far.
Testing N_win=345 N_cf=9
Windowing:
  config: # windows=345, spacing=0.9165925960152325, CF order=9
  error tolerance: rtol=0.001, atol=1e-05
Best library so far.
Testing N_win=345 N_cf=8
Windowing:
  config: # windows=345, spacing=0.9165925960152325, CF order=8
  error tolerance: rtol=0.001, atol=1e-05
Best library so far.
Testing N_win=345 N_cf=7
Windowing:
  config: # windows=345, spacing=0.9165925960152325, CF order=7
  error tolerance: rtol=0.001, atol=1e-05
Best library so far.
Testing N_win=345 N_cf=6
Windowing:
  config: # windows=345, spacing=0.9165925960152325, CF order=6
  error tolerance: rtol=0.001, atol=1e-05
Best library so far.
Testing N_win=345 N_cf=5
Windowing:
  config: # windows=345, spacing=0.9165925960152325, CF order=5
  error tolerance: rtol=0.001, atol=1e-05
Best library so far.
Testing N_win=345 N_cf=4
Windowing:
  config: # windows=345, spacing=0.9165925960152325, CF order=4
  error tolerance: rtol=0.001, atol=1e-05
Best library so far.
Testing N_win=345 N_cf=3
Windowing:
  config: # windows=345, spacing=0.9165925960152325, CF order=3
  error tolerance: rtol=0.001, atol=1e-05
Best library so far.
Testing N_win=345 N_cf=2
Windowing:
  config: # windows=345, spacing=0.9165925960152325, CF order=2
  error tolerance: rtol=0.001, atol=1e-05
Failed: Pure curvefit failed for the first window!
Testing N_win=448 N_cf=10
Windowing:
  config: # windows=448, spacing=0.7058581375563733, CF order=10
  error tolerance: rtol=0.001, atol=1e-05
Testing N_win=448 N_cf=9
Windowing:
  config: # windows=448, spacing=0.7058581375563733, CF order=9
  error tolerance: rtol=0.001, atol=1e-05
Best library so far.
Testing N_win=448 N_cf=8
Windowing:
  config: # windows=448, spacing=0.7058581375563733, CF order=8
  error tolerance: rtol=0.001, atol=1e-05
Best library so far.
Testing N_win=448 N_cf=7
Windowing:
  config: # windows=448, spacing=0.7058581375563733, CF order=7
  error tolerance: rtol=0.001, atol=1e-05
Best library so far.
Testing N_win=448 N_cf=6
Windowing:
  config: # windows=448, spacing=0.7058581375563733, CF order=6
  error tolerance: rtol=0.001, atol=1e-05
Best library so far.
Testing N_win=448 N_cf=5
Windowing:
  config: # windows=448, spacing=0.7058581375563733, CF order=5
  error tolerance: rtol=0.001, atol=1e-05
Best library so far.
Testing N_win=448 N_cf=4
Windowing:
  config: # windows=448, spacing=0.7058581375563733, CF order=4
  error tolerance: rtol=0.001, atol=1e-05
Best library so far.
Testing N_win=448 N_cf=3
Windowing:
  config: # windows=448, spacing=0.7058581375563733, CF order=3
  error tolerance: rtol=0.001, atol=1e-05
Best library so far.
Testing N_win=448 N_cf=2
Windowing:
  config: # windows=448, spacing=0.7058581375563733, CF order=2
  error tolerance: rtol=0.001, atol=1e-05
Failed: Pure curvefit failed for the first window!
Testing N_win=552 N_cf=10
Windowing:
  config: # windows=552, spacing=0.5728703725095203, CF order=10
  error tolerance: rtol=0.001, atol=1e-05
Testing N_win=552 N_cf=9
Windowing:
  config: # windows=552, spacing=0.5728703725095203, CF order=9
  error tolerance: rtol=0.001, atol=1e-05
Testing N_win=552 N_cf=8
Windowing:
  config: # windows=552, spacing=0.5728703725095203, CF order=8
  error tolerance: rtol=0.001, atol=1e-05
Testing N_win=552 N_cf=7
Windowing:
  config: # windows=552, spacing=0.5728703725095203, CF order=7
  error tolerance: rtol=0.001, atol=1e-05
Testing N_win=552 N_cf=6
Windowing:
  config: # windows=552, spacing=0.5728703725095203, CF order=6
  error tolerance: rtol=0.001, atol=1e-05
Best library so far.
Testing N_win=552 N_cf=5
Windowing:
  config: # windows=552, spacing=0.5728703725095203, CF order=5
  error tolerance: rtol=0.001, atol=1e-05
Best library so far.
Testing N_win=552 N_cf=4
Windowing:
  config: # windows=552, spacing=0.5728703725095203, CF order=4
  error tolerance: rtol=0.001, atol=1e-05
Best library so far.
Testing N_win=552 N_cf=3
Windowing:
  config: # windows=552, spacing=0.5728703725095203, CF order=3
  error tolerance: rtol=0.001, atol=1e-05
Best library so far.
Testing N_win=552 N_cf=2
Windowing:
  config: # windows=552, spacing=0.5728703725095203, CF order=2
  error tolerance: rtol=0.001, atol=1e-05
Failed: Pure curvefit failed for the first window!
Testing N_win=655 N_cf=10
Windowing:
  config: # windows=655, spacing=0.48278541316832857, CF order=10
  error tolerance: rtol=0.001, atol=1e-05
Testing N_win=655 N_cf=9
Windowing:
  config: # windows=655, spacing=0.48278541316832857, CF order=9
  error tolerance: rtol=0.001, atol=1e-05
Testing N_win=655 N_cf=8
Windowing:
  config: # windows=655, spacing=0.48278541316832857, CF order=8
  error tolerance: rtol=0.001, atol=1e-05
Testing N_win=655 N_cf=7
Windowing:
  config: # windows=655, spacing=0.48278541316832857, CF order=7
  error tolerance: rtol=0.001, atol=1e-05
Testing N_win=655 N_cf=6
Windowing:
  config: # windows=655, spacing=0.48278541316832857, CF order=6
  error tolerance: rtol=0.001, atol=1e-05
Testing N_win=655 N_cf=5
Windowing:
  config: # windows=655, spacing=0.48278541316832857, CF order=5
  error tolerance: rtol=0.001, atol=1e-05
Testing N_win=655 N_cf=4
Windowing:
  config: # windows=655, spacing=0.48278541316832857, CF order=4
  error tolerance: rtol=0.001, atol=1e-05
Best library so far.
Testing N_win=655 N_cf=3
Windowing:
  config: # windows=655, spacing=0.48278541316832857, CF order=3
  error tolerance: rtol=0.001, atol=1e-05
Best library so far.
Testing N_win=655 N_cf=2
Windowing:
  config: # windows=655, spacing=0.48278541316832857, CF order=2
  error tolerance: rtol=0.001, atol=1e-05
Failed: Pure curvefit failed for the first window!
Testing N_win=758 N_cf=10
Windowing:
  config: # windows=758, spacing=0.4171826459436085, CF order=10
  error tolerance: rtol=0.001, atol=1e-05
Testing N_win=758 N_cf=9
Windowing:
  config: # windows=758, spacing=0.4171826459436085, CF order=9
  error tolerance: rtol=0.001, atol=1e-05
Testing N_win=758 N_cf=8
Windowing:
  config: # windows=758, spacing=0.4171826459436085, CF order=8
  error tolerance: rtol=0.001, atol=1e-05
Testing N_win=758 N_cf=7
Windowing:
  config: # windows=758, spacing=0.4171826459436085, CF order=7
  error tolerance: rtol=0.001, atol=1e-05
Testing N_win=758 N_cf=6
Windowing:
  config: # windows=758, spacing=0.4171826459436085, CF order=6
  error tolerance: rtol=0.001, atol=1e-05
Testing N_win=758 N_cf=5
Windowing:
  config: # windows=758, spacing=0.4171826459436085, CF order=5
  error tolerance: rtol=0.001, atol=1e-05
Testing N_win=758 N_cf=4
Windowing:
  config: # windows=758, spacing=0.4171826459436085, CF order=4
  error tolerance: rtol=0.001, atol=1e-05
Best library so far.
Testing N_win=758 N_cf=3
Windowing:
  config: # windows=758, spacing=0.4171826459436085, CF order=3
  error tolerance: rtol=0.001, atol=1e-05
Best library so far.
Testing N_win=758 N_cf=2
Windowing:
  config: # windows=758, spacing=0.4171826459436085, CF order=2
  error tolerance: rtol=0.001, atol=1e-05
Failed: Pure curvefit failed for the first window!
Testing N_win=862 N_cf=10
Windowing:
  config: # windows=862, spacing=0.36684970490168817, CF order=10
  error tolerance: rtol=0.001, atol=1e-05
Testing N_win=862 N_cf=9
Windowing:
  config: # windows=862, spacing=0.36684970490168817, CF order=9
  error tolerance: rtol=0.001, atol=1e-05
Testing N_win=862 N_cf=8
Windowing:
  config: # windows=862, spacing=0.36684970490168817, CF order=8
  error tolerance: rtol=0.001, atol=1e-05
Testing N_win=862 N_cf=7
Windowing:
  config: # windows=862, spacing=0.36684970490168817, CF order=7
  error tolerance: rtol=0.001, atol=1e-05
Testing N_win=862 N_cf=6
Windowing:
  config: # windows=862, spacing=0.36684970490168817, CF order=6
  error tolerance: rtol=0.001, atol=1e-05
Testing N_win=862 N_cf=5
Windowing:
  config: # windows=862, spacing=0.36684970490168817, CF order=5
  error tolerance: rtol=0.001, atol=1e-05
Testing N_win=862 N_cf=4
Windowing:
  config: # windows=862, spacing=0.36684970490168817, CF order=4
  error tolerance: rtol=0.001, atol=1e-05
Testing N_win=862 N_cf=3
Windowing:
  config: # windows=862, spacing=0.36684970490168817, CF order=3
  error tolerance: rtol=0.001, atol=1e-05
Best library so far.
Testing N_win=862 N_cf=2
Windowing:
  config: # windows=862, spacing=0.36684970490168817, CF order=2
  error tolerance: rtol=0.001, atol=1e-05
Failed: Pure curvefit failed for the first window!
Testing N_win=965 N_cf=10
Windowing:
  config: # windows=965, spacing=0.3276937260365339, CF order=10
  error tolerance: rtol=0.001, atol=1e-05
Testing N_win=965 N_cf=9
Windowing:
  config: # windows=965, spacing=0.3276937260365339, CF order=9
  error tolerance: rtol=0.001, atol=1e-05
Testing N_win=965 N_cf=8
Windowing:
  config: # windows=965, spacing=0.3276937260365339, CF order=8
  error tolerance: rtol=0.001, atol=1e-05
Testing N_win=965 N_cf=7
Windowing:
  config: # windows=965, spacing=0.3276937260365339, CF order=7
  error tolerance: rtol=0.001, atol=1e-05
Testing N_win=965 N_cf=6
Windowing:
  config: # windows=965, spacing=0.3276937260365339, CF order=6
  error tolerance: rtol=0.001, atol=1e-05
Testing N_win=965 N_cf=5
Windowing:
  config: # windows=965, spacing=0.3276937260365339, CF order=5
  error tolerance: rtol=0.001, atol=1e-05
Testing N_win=965 N_cf=4
Windowing:
  config: # windows=965, spacing=0.3276937260365339, CF order=4
  error tolerance: rtol=0.001, atol=1e-05
Testing N_win=965 N_cf=3
Windowing:
  config: # windows=965, spacing=0.3276937260365339, CF order=3
  error tolerance: rtol=0.001, atol=1e-05
Testing N_win=965 N_cf=2
Windowing:
  config: # windows=965, spacing=0.3276937260365339, CF order=2
  error tolerance: rtol=0.001, atol=1e-05
Best library so far.
Testing N_win=1069 N_cf=10
Windowing:
  config: # windows=1069, spacing=0.29581332612278316, CF order=10
  error tolerance: rtol=0.001, atol=1e-05
Testing N_win=1069 N_cf=9
Windowing:
  config: # windows=1069, spacing=0.29581332612278316, CF order=9
  error tolerance: rtol=0.001, atol=1e-05
Testing N_win=1069 N_cf=8
Windowing:
  config: # windows=1069, spacing=0.29581332612278316, CF order=8
  error tolerance: rtol=0.001, atol=1e-05
Testing N_win=1069 N_cf=7
Windowing:
  config: # windows=1069, spacing=0.29581332612278316, CF order=7
  error tolerance: rtol=0.001, atol=1e-05
Testing N_win=1069 N_cf=6
Windowing:
  config: # windows=1069, spacing=0.29581332612278316, CF order=6
  error tolerance: rtol=0.001, atol=1e-05
Testing N_win=1069 N_cf=5
Windowing:
  config: # windows=1069, spacing=0.29581332612278316, CF order=5
  error tolerance: rtol=0.001, atol=1e-05
Testing N_win=1069 N_cf=4
Windowing:
  config: # windows=1069, spacing=0.29581332612278316, CF order=4
  error tolerance: rtol=0.001, atol=1e-05
Testing N_win=1069 N_cf=3
Windowing:
  config: # windows=1069, spacing=0.29581332612278316, CF order=3
  error tolerance: rtol=0.001, atol=1e-05
Testing N_win=1069 N_cf=2
Windowing:
  config: # windows=1069, spacing=0.29581332612278316, CF order=2
  error tolerance: rtol=0.001, atol=1e-05
Testing N_win=1172 N_cf=10
Windowing:
  config: # windows=1172, spacing=0.26981607988503004, CF order=10
  error tolerance: rtol=0.001, atol=1e-05
Testing N_win=1172 N_cf=9
Windowing:
  config: # windows=1172, spacing=0.26981607988503004, CF order=9
  error tolerance: rtol=0.001, atol=1e-05
Testing N_win=1172 N_cf=8
Windowing:
  config: # windows=1172, spacing=0.26981607988503004, CF order=8
  error tolerance: rtol=0.001, atol=1e-05
Testing N_win=1172 N_cf=7
Windowing:
  config: # windows=1172, spacing=0.26981607988503004, CF order=7
  error tolerance: rtol=0.001, atol=1e-05
Testing N_win=1172 N_cf=6
Windowing:
  config: # windows=1172, spacing=0.26981607988503004, CF order=6
  error tolerance: rtol=0.001, atol=1e-05
Testing N_win=1172 N_cf=5
Windowing:
  config: # windows=1172, spacing=0.26981607988503004, CF order=5
  error tolerance: rtol=0.001, atol=1e-05
Testing N_win=1172 N_cf=4
Windowing:
  config: # windows=1172, spacing=0.26981607988503004, CF order=4
  error tolerance: rtol=0.001, atol=1e-05
Testing N_win=1172 N_cf=3
Windowing:
  config: # windows=1172, spacing=0.26981607988503004, CF order=3
  error tolerance: rtol=0.001, atol=1e-05
Testing N_win=1172 N_cf=2
Windowing:
  config: # windows=1172, spacing=0.26981607988503004, CF order=2
  error tolerance: rtol=0.001, atol=1e-05
Testing N_win=1276 N_cf=10
Windowing:
  config: # windows=1276, spacing=0.24782480064675175, CF order=10
  error tolerance: rtol=0.001, atol=1e-05
Testing N_win=1276 N_cf=9
Windowing:
  config: # windows=1276, spacing=0.24782480064675175, CF order=9
  error tolerance: rtol=0.001, atol=1e-05
Testing N_win=1276 N_cf=8
Windowing:
  config: # windows=1276, spacing=0.24782480064675175, CF order=8
  error tolerance: rtol=0.001, atol=1e-05
Testing N_win=1276 N_cf=7
Windowing:
  config: # windows=1276, spacing=0.24782480064675175, CF order=7
  error tolerance: rtol=0.001, atol=1e-05
Testing N_win=1276 N_cf=6
Windowing:
  config: # windows=1276, spacing=0.24782480064675175, CF order=6
  error tolerance: rtol=0.001, atol=1e-05
Testing N_win=1276 N_cf=5
Windowing:
  config: # windows=1276, spacing=0.24782480064675175, CF order=5
  error tolerance: rtol=0.001, atol=1e-05
Testing N_win=1276 N_cf=4
Windowing:
  config: # windows=1276, spacing=0.24782480064675175, CF order=4
  error tolerance: rtol=0.001, atol=1e-05
Testing N_win=1276 N_cf=3
Windowing:
  config: # windows=1276, spacing=0.24782480064675175, CF order=3
  error tolerance: rtol=0.001, atol=1e-05
Testing N_win=1276 N_cf=2
Windowing:
  config: # windows=1276, spacing=0.24782480064675175, CF order=2
  error tolerance: rtol=0.001, atol=1e-05
Testing N_win=1379 N_cf=10
Windowing:
  config: # windows=1379, spacing=0.22931431880004005, CF order=10
  error tolerance: rtol=0.001, atol=1e-05
Testing N_win=1379 N_cf=9
Windowing:
  config: # windows=1379, spacing=0.22931431880004005, CF order=9
  error tolerance: rtol=0.001, atol=1e-05
Testing N_win=1379 N_cf=8
Windowing:
  config: # windows=1379, spacing=0.22931431880004005, CF order=8
  error tolerance: rtol=0.001, atol=1e-05
Testing N_win=1379 N_cf=7
Windowing:
  config: # windows=1379, spacing=0.22931431880004005, CF order=7
  error tolerance: rtol=0.001, atol=1e-05
Testing N_win=1379 N_cf=6
Windowing:
  config: # windows=1379, spacing=0.22931431880004005, CF order=6
  error tolerance: rtol=0.001, atol=1e-05
Testing N_win=1379 N_cf=5
Windowing:
  config: # windows=1379, spacing=0.22931431880004005, CF order=5
  error tolerance: rtol=0.001, atol=1e-05
Testing N_win=1379 N_cf=4
Windowing:
  config: # windows=1379, spacing=0.22931431880004005, CF order=4
  error tolerance: rtol=0.001, atol=1e-05
Testing N_win=1379 N_cf=3
Windowing:
  config: # windows=1379, spacing=0.22931431880004005, CF order=3
  error tolerance: rtol=0.001, atol=1e-05
Testing N_win=1379 N_cf=2
Windowing:
  config: # windows=1379, spacing=0.22931431880004005, CF order=2
  error tolerance: rtol=0.001, atol=1e-05
Testing N_win=1482 N_cf=10
Windowing:
  config: # windows=1482, spacing=0.21337681891042862, CF order=10
  error tolerance: rtol=0.001, atol=1e-05
Testing N_win=1482 N_cf=9
Windowing:
  config: # windows=1482, spacing=0.21337681891042862, CF order=9
  error tolerance: rtol=0.001, atol=1e-05
Testing N_win=1482 N_cf=8
Windowing:
  config: # windows=1482, spacing=0.21337681891042862, CF order=8
  error tolerance: rtol=0.001, atol=1e-05
Testing N_win=1482 N_cf=7
Windowing:
  config: # windows=1482, spacing=0.21337681891042862, CF order=7
  error tolerance: rtol=0.001, atol=1e-05
Testing N_win=1482 N_cf=6
Windowing:
  config: # windows=1482, spacing=0.21337681891042862, CF order=6
  error tolerance: rtol=0.001, atol=1e-05
Testing N_win=1482 N_cf=5
Windowing:
  config: # windows=1482, spacing=0.21337681891042862, CF order=5
  error tolerance: rtol=0.001, atol=1e-05
Testing N_win=1482 N_cf=4
Windowing:
  config: # windows=1482, spacing=0.21337681891042862, CF order=4
  error tolerance: rtol=0.001, atol=1e-05
Testing N_win=1482 N_cf=3
Windowing:
  config: # windows=1482, spacing=0.21337681891042862, CF order=3
  error tolerance: rtol=0.001, atol=1e-05
Testing N_win=1482 N_cf=2
Windowing:
  config: # windows=1482, spacing=0.21337681891042862, CF order=2
  error tolerance: rtol=0.001, atol=1e-05
Testing N_win=1586 N_cf=10
Windowing:
  config: # windows=1586, spacing=0.1993848963589251, CF order=10
  error tolerance: rtol=0.001, atol=1e-05
Testing N_win=1586 N_cf=9
Windowing:
  config: # windows=1586, spacing=0.1993848963589251, CF order=9
  error tolerance: rtol=0.001, atol=1e-05
Testing N_win=1586 N_cf=8
Windowing:
  config: # windows=1586, spacing=0.1993848963589251, CF order=8
  error tolerance: rtol=0.001, atol=1e-05
Testing N_win=1586 N_cf=7
Windowing:
  config: # windows=1586, spacing=0.1993848963589251, CF order=7
  error tolerance: rtol=0.001, atol=1e-05
Testing N_win=1586 N_cf=6
Windowing:
  config: # windows=1586, spacing=0.1993848963589251, CF order=6
  error tolerance: rtol=0.001, atol=1e-05
Testing N_win=1586 N_cf=5
Windowing:
  config: # windows=1586, spacing=0.1993848963589251, CF order=5
  error tolerance: rtol=0.001, atol=1e-05
Testing N_win=1586 N_cf=4
Windowing:
  config: # windows=1586, spacing=0.1993848963589251, CF order=4
  error tolerance: rtol=0.001, atol=1e-05
Testing N_win=1586 N_cf=3
Windowing:
  config: # windows=1586, spacing=0.1993848963589251, CF order=3
  error tolerance: rtol=0.001, atol=1e-05
Testing N_win=1586 N_cf=2
Windowing:
  config: # windows=1586, spacing=0.1993848963589251, CF order=2
  error tolerance: rtol=0.001, atol=1e-05
Testing N_win=1689 N_cf=10
Windowing:
  config: # windows=1689, spacing=0.18722584110435478, CF order=10
  error tolerance: rtol=0.001, atol=1e-05
Testing N_win=1689 N_cf=9
Windowing:
  config: # windows=1689, spacing=0.18722584110435478, CF order=9
  error tolerance: rtol=0.001, atol=1e-05
Testing N_win=1689 N_cf=8
Windowing:
  config: # windows=1689, spacing=0.18722584110435478, CF order=8
  error tolerance: rtol=0.001, atol=1e-05
Testing N_win=1689 N_cf=7
Windowing:
  config: # windows=1689, spacing=0.18722584110435478, CF order=7
  error tolerance: rtol=0.001, atol=1e-05
Testing N_win=1689 N_cf=6
Windowing:
  config: # windows=1689, spacing=0.18722584110435478, CF order=6
  error tolerance: rtol=0.001, atol=1e-05
Testing N_win=1689 N_cf=5
Windowing:
  config: # windows=1689, spacing=0.18722584110435478, CF order=5
  error tolerance: rtol=0.001, atol=1e-05
Testing N_win=1689 N_cf=4
Windowing:
  config: # windows=1689, spacing=0.18722584110435478, CF order=4
  error tolerance: rtol=0.001, atol=1e-05
Testing N_win=1689 N_cf=3
Windowing:
  config: # windows=1689, spacing=0.18722584110435478, CF order=3
  error tolerance: rtol=0.001, atol=1e-05
Testing N_win=1689 N_cf=2
Windowing:
  config: # windows=1689, spacing=0.18722584110435478, CF order=2
  error tolerance: rtol=0.001, atol=1e-05
Testing N_win=1793 N_cf=10
Windowing:
  config: # windows=1793, spacing=0.17636611579768835, CF order=10
  error tolerance: rtol=0.001, atol=1e-05
Testing N_win=1793 N_cf=9
Windowing:
  config: # windows=1793, spacing=0.17636611579768835, CF order=9
  error tolerance: rtol=0.001, atol=1e-05
Testing N_win=1793 N_cf=8
Windowing:
  config: # windows=1793, spacing=0.17636611579768835, CF order=8
  error tolerance: rtol=0.001, atol=1e-05
Testing N_win=1793 N_cf=7
Windowing:
  config: # windows=1793, spacing=0.17636611579768835, CF order=7
  error tolerance: rtol=0.001, atol=1e-05
Testing N_win=1793 N_cf=6
Windowing:
  config: # windows=1793, spacing=0.17636611579768835, CF order=6
  error tolerance: rtol=0.001, atol=1e-05
Testing N_win=1793 N_cf=5
Windowing:
  config: # windows=1793, spacing=0.17636611579768835, CF order=5
  error tolerance: rtol=0.001, atol=1e-05
Testing N_win=1793 N_cf=4
Windowing:
  config: # windows=1793, spacing=0.17636611579768835, CF order=4
  error tolerance: rtol=0.001, atol=1e-05
Testing N_win=1793 N_cf=3
Windowing:
  config: # windows=1793, spacing=0.17636611579768835, CF order=3
  error tolerance: rtol=0.001, atol=1e-05
Testing N_win=1793 N_cf=2
Windowing:
  config: # windows=1793, spacing=0.17636611579768835, CF order=2
  error tolerance: rtol=0.001, atol=1e-05
Testing N_win=1896 N_cf=10
Windowing:
  config: # windows=1896, spacing=0.1667850451609996, CF order=10
  error tolerance: rtol=0.001, atol=1e-05
Testing N_win=1896 N_cf=9
Windowing:
  config: # windows=1896, spacing=0.1667850451609996, CF order=9
  error tolerance: rtol=0.001, atol=1e-05
Testing N_win=1896 N_cf=8
Windowing:
  config: # windows=1896, spacing=0.1667850451609996, CF order=8
  error tolerance: rtol=0.001, atol=1e-05
Testing N_win=1896 N_cf=7
Windowing:
  config: # windows=1896, spacing=0.1667850451609996, CF order=7
  error tolerance: rtol=0.001, atol=1e-05
Testing N_win=1896 N_cf=6
Windowing:
  config: # windows=1896, spacing=0.1667850451609996, CF order=6
  error tolerance: rtol=0.001, atol=1e-05
Testing N_win=1896 N_cf=5
Windowing:
  config: # windows=1896, spacing=0.1667850451609996, CF order=5
  error tolerance: rtol=0.001, atol=1e-05
Testing N_win=1896 N_cf=4
Windowing:
  config: # windows=1896, spacing=0.1667850451609996, CF order=4
  error tolerance: rtol=0.001, atol=1e-05
Testing N_win=1896 N_cf=3
Windowing:
  config: # windows=1896, spacing=0.1667850451609996, CF order=3
  error tolerance: rtol=0.001, atol=1e-05
Testing N_win=1896 N_cf=2
Windowing:
  config: # windows=1896, spacing=0.1667850451609996, CF order=2
  error tolerance: rtol=0.001, atol=1e-05
Testing N_win=2000 N_cf=10
Windowing:
  config: # windows=2000, spacing=0.1581122228126276, CF order=10
  error tolerance: rtol=0.001, atol=1e-05
Testing N_win=2000 N_cf=9
Windowing:
  config: # windows=2000, spacing=0.1581122228126276, CF order=9
  error tolerance: rtol=0.001, atol=1e-05
Testing N_win=2000 N_cf=8
Windowing:
  config: # windows=2000, spacing=0.1581122228126276, CF order=8
  error tolerance: rtol=0.001, atol=1e-05
Testing N_win=2000 N_cf=7
Windowing:
  config: # windows=2000, spacing=0.1581122228126276, CF order=7
  error tolerance: rtol=0.001, atol=1e-05
Testing N_win=2000 N_cf=6
Windowing:
  config: # windows=2000, spacing=0.1581122228126276, CF order=6
  error tolerance: rtol=0.001, atol=1e-05
Testing N_win=2000 N_cf=5
Windowing:
  config: # windows=2000, spacing=0.1581122228126276, CF order=5
  error tolerance: rtol=0.001, atol=1e-05
Testing N_win=2000 N_cf=4
Windowing:
  config: # windows=2000, spacing=0.1581122228126276, CF order=4
  error tolerance: rtol=0.001, atol=1e-05
Testing N_win=2000 N_cf=3
Windowing:
  config: # windows=2000, spacing=0.1581122228126276, CF order=3
  error tolerance: rtol=0.001, atol=1e-05
Testing N_win=2000 N_cf=2
Windowing:
  config: # windows=2000, spacing=0.1581122228126276, CF order=2
  error tolerance: rtol=0.001, atol=1e-05
Final library: 448 poles, 965 windows, 3.2 poles per window, 2 CF order
