Running NJOY to get 0K point-wise data (error=0.0005)...
Parsing cross sections within resolved resonance range...
  MTs: [2, 27, 102, 103, 107]
  Energy range: 1.000e-05 to 5.197e+02 eV (58422 points)
Vector fitting piece 1/29...
  energy: 1.000e-05 to 9.180e-01 eV (1328 points)
  error tolerance: rtol=0.001, atol=1e-05
Found 7 peaks
Fitting orders from 14 to 200
Order=14(0/94)
Order=16(1/94)
Order=18(2/94)
Order=20(3/94)
Order=22(4/94)
Order=24(5/94)
Order=26(6/94)
Order=28(7/94)
Order=30(8/94)
Order=32(9/94)
Order=34(10/94)
Order=36(11/94)
Order=38(12/94)
Order=40(13/94)
Order=42(14/94)
Order=44(15/94)
Order=46(16/94)
Order=48(17/94)
Order=50(18/94)
Order=52(19/94)
Order=54(20/94)
Order=56(21/94)
Order=58(22/94)
Order=60(23/94)
Order=62(24/94)
Order=64(25/94)
Order=66(26/94)
Order=68(27/94)
Order=70(28/94)
Order=72(29/94)
Order=74(30/94)
Order=76(31/94)
Order=78(32/94)
Order=80(33/94)
Order=82(34/94)
Order=84(35/94)
Order=86(36/94)
Order=88(37/94)
Order=90(38/94)
Order=92(39/94)
Order=94(40/94)
Order=96(41/94)
Order=98(42/94)
Order=100(43/94)
Order=102(44/94)
Order=104(45/94)
Order=106(46/94)
Order=108(47/94)
Order=110(48/94)
Order=112(49/94)
Order=114(50/94)
Order=116(51/94)
Order=118(52/94)
Order=120(53/94)
Order=122(54/94)
Order=124(55/94)
Order=126(56/94)
Order=128(57/94)
Found 2 real poles and 82 conjugate complex pairs.
Final number of poles: 84
Saved figure: WMP_Lib/Sm149/0-1_MT2.png
Saved figure: WMP_Lib/Sm149/0-1_MT27.png
Saved figure: WMP_Lib/Sm149/0-1_MT102.png
Saved figure: WMP_Lib/Sm149/0-1_MT107.png
Vector fitting piece 2/29...
  energy: 5.195e-02 to 3.090e+00 eV (1053 points)
  error tolerance: rtol=0.001, atol=1e-05
Found 4 peaks
Fitting orders from 8 to 200
Order=8(0/97)
Order=10(1/97)
Order=12(2/97)
Order=14(3/97)
Order=16(4/97)
Order=18(5/97)
Order=20(6/97)
Order=22(7/97)
Order=24(8/97)
Order=26(9/97)
Order=28(10/97)
Order=30(11/97)
Order=32(12/97)
Order=34(13/97)
Order=36(14/97)
Order=38(15/97)
Order=40(16/97)
Order=42(17/97)
Order=44(18/97)
Order=46(19/97)
Order=48(20/97)
Order=50(21/97)
Order=52(22/97)
Order=54(23/97)
Order=56(24/97)
Order=58(25/97)
Order=60(26/97)
Order=62(27/97)
Order=64(28/97)
Order=66(29/97)
Order=68(30/97)
Order=70(31/97)
Order=72(32/97)
Order=74(33/97)
Order=76(34/97)
Order=78(35/97)
Order=80(36/97)
Order=82(37/97)
Order=84(38/97)
Order=86(39/97)
Order=88(40/97)
Order=90(41/97)
Order=92(42/97)
Order=94(43/97)
Order=96(44/97)
Order=98(45/97)
Order=100(46/97)
Order=102(47/97)
Order=104(48/97)
Order=106(49/97)
Order=108(50/97)
Order=110(51/97)
Order=112(52/97)
Order=114(53/97)
Order=116(54/97)
Order=118(55/97)
Order=120(56/97)
Order=122(57/97)
Order=124(58/97)
Order=126(59/97)
Order=128(60/97)
Order=130(61/97)
Order=132(62/97)
Order=134(63/97)
Order=136(64/97)
Order=138(65/97)
Order=140(66/97)
Order=142(67/97)
Order=144(68/97)
Found 3 real poles and 84 conjugate complex pairs.
Final number of poles: 87
Saved figure: WMP_Lib/Sm149/0-3_MT2.png
Saved figure: WMP_Lib/Sm149/0-3_MT27.png
Saved figure: WMP_Lib/Sm149/0-3_MT102.png
Saved figure: WMP_Lib/Sm149/0-3_MT107.png
Vector fitting piece 3/29...
  energy: 1.027e+00 to 6.395e+00 eV (781 points)
  error tolerance: rtol=0.001, atol=1e-05
Found 2 peaks
Fitting orders from 4 to 200
Order=4(0/99)
Order=6(1/99)
Order=8(2/99)
Order=10(3/99)
Order=12(4/99)
Order=14(5/99)
Order=16(6/99)
Order=18(7/99)
Order=20(8/99)
Order=22(9/99)
Order=24(10/99)
Order=26(11/99)
Order=28(12/99)
Order=30(13/99)
Order=32(14/99)
Order=34(15/99)
Order=36(16/99)
Order=38(17/99)
Order=40(18/99)
Order=42(19/99)
Order=44(20/99)
Order=46(21/99)
Order=48(22/99)
Order=50(23/99)
Order=52(24/99)
Order=54(25/99)
Order=56(26/99)
Order=58(27/99)
Order=60(28/99)
Order=62(29/99)
Order=64(30/99)
Order=66(31/99)
Order=68(32/99)
Order=70(33/99)
Order=72(34/99)
Order=74(35/99)
Order=76(36/99)
Order=78(37/99)
Found 2 real poles and 38 conjugate complex pairs.
Final number of poles: 40
Saved figure: WMP_Lib/Sm149/1-6_MT2.png
Saved figure: WMP_Lib/Sm149/1-6_MT27.png
Saved figure: WMP_Lib/Sm149/1-6_MT102.png
Saved figure: WMP_Lib/Sm149/1-6_MT107.png
Vector fitting piece 4/29...
  energy: 3.226e+00 to 1.102e+01 eV (1240 points)
  error tolerance: rtol=0.001, atol=1e-05
Found 5 peaks
Fitting orders from 10 to 200
Order=10(0/96)
Order=12(1/96)
Order=14(2/96)
Order=16(3/96)
Order=18(4/96)
Order=20(5/96)
Order=22(6/96)
Order=24(7/96)
Order=26(8/96)
Order=28(9/96)
Order=30(10/96)
Order=32(11/96)
Order=34(12/96)
Order=36(13/96)
Order=38(14/96)
Order=40(15/96)
Order=42(16/96)
Order=44(17/96)
Order=46(18/96)
Order=48(19/96)
Order=50(20/96)
Order=52(21/96)
Order=54(22/96)
Order=56(23/96)
Order=58(24/96)
Order=60(25/96)
Order=62(26/96)
Order=64(27/96)
Order=66(28/96)
Order=68(29/96)
Order=70(30/96)
Found 4 real poles and 33 conjugate complex pairs.
Final number of poles: 37
Saved figure: WMP_Lib/Sm149/3-11_MT2.png
Saved figure: WMP_Lib/Sm149/3-11_MT27.png
Saved figure: WMP_Lib/Sm149/3-11_MT102.png
Saved figure: WMP_Lib/Sm149/3-11_MT107.png
Vector fitting piece 5/29...
  energy: 6.691e+00 to 1.683e+01 eV (1526 points)
  error tolerance: rtol=0.001, atol=1e-05
Found 6 peaks
Fitting orders from 12 to 200
Order=12(0/95)
Order=14(1/95)
Order=16(2/95)
Order=18(3/95)
Order=20(4/95)
Order=22(5/95)
Order=24(6/95)
Order=26(7/95)
Order=28(8/95)
Order=30(9/95)
Order=32(10/95)
Order=34(11/95)
Order=36(12/95)
Order=38(13/95)
Order=40(14/95)
Order=42(15/95)
Order=44(16/95)
Order=46(17/95)
Order=48(18/95)
Order=50(19/95)
Order=52(20/95)
Order=54(21/95)
Order=56(22/95)
Order=58(23/95)
Order=60(24/95)
Order=62(25/95)
Found 2 real poles and 28 conjugate complex pairs.
Final number of poles: 30
Saved figure: WMP_Lib/Sm149/7-17_MT2.png
Saved figure: WMP_Lib/Sm149/7-17_MT27.png
Saved figure: WMP_Lib/Sm149/7-17_MT102.png
Saved figure: WMP_Lib/Sm149/7-17_MT107.png
Vector fitting piece 6/29...
  energy: 1.137e+01 to 2.390e+01 eV (1764 points)
  error tolerance: rtol=0.001, atol=1e-05
Found 6 peaks
Fitting orders from 12 to 200
Order=12(0/95)
Order=14(1/95)
Order=16(2/95)
Order=18(3/95)
Order=20(4/95)
Order=22(5/95)
Order=24(6/95)
Order=26(7/95)
Order=28(8/95)
Order=30(9/95)
Order=32(10/95)
Order=34(11/95)
Order=36(12/95)
Order=38(13/95)
Order=40(14/95)
Order=42(15/95)
Order=44(16/95)
Order=46(17/95)
Order=48(18/95)
Order=50(19/95)
Order=52(20/95)
Order=54(21/95)
Order=56(22/95)
Order=58(23/95)
Order=60(24/95)
Order=62(25/95)
Order=64(26/95)
Order=66(27/95)
Order=68(28/95)
Order=70(29/95)
Order=72(30/95)
Order=74(31/95)
Order=76(32/95)
Order=78(33/95)
Order=80(34/95)
Found 5 real poles and 36 conjugate complex pairs.
Final number of poles: 41
Saved figure: WMP_Lib/Sm149/11-24_MT2.png
Saved figure: WMP_Lib/Sm149/11-24_MT27.png
Saved figure: WMP_Lib/Sm149/11-24_MT102.png
Saved figure: WMP_Lib/Sm149/11-24_MT107.png
Vector fitting piece 7/29...
  energy: 1.729e+01 to 3.222e+01 eV (2495 points)
  error tolerance: rtol=0.001, atol=1e-05
Found 8 peaks
Fitting orders from 16 to 200
Order=16(0/93)
Order=18(1/93)
Order=20(2/93)
Order=22(3/93)
Order=24(4/93)
Order=26(5/93)
Order=28(6/93)
Order=30(7/93)
Order=32(8/93)
Order=34(9/93)
Order=36(10/93)
Order=38(11/93)
Order=40(12/93)
Order=42(13/93)
Order=44(14/93)
Order=46(15/93)
Order=48(16/93)
Order=50(17/93)
Order=52(18/93)
Order=54(19/93)
Order=56(20/93)
Order=58(21/93)
Order=60(22/93)
Order=62(23/93)
Order=64(24/93)
Order=66(25/93)
Order=68(26/93)
Order=70(27/93)
Found 3 real poles and 31 conjugate complex pairs.
Final number of poles: 34
Saved figure: WMP_Lib/Sm149/17-32_MT2.png
Saved figure: WMP_Lib/Sm149/17-32_MT27.png
Saved figure: WMP_Lib/Sm149/17-32_MT102.png
Saved figure: WMP_Lib/Sm149/17-32_MT107.png
Vector fitting piece 8/29...
  energy: 2.445e+01 to 4.173e+01 eV (3187 points)
  error tolerance: rtol=0.001, atol=1e-05
Found 10 peaks
Fitting orders from 20 to 200
Order=20(0/91)
Order=22(1/91)
Order=24(2/91)
Order=26(3/91)
Order=28(4/91)
Order=30(5/91)
Order=32(6/91)
Order=34(7/91)
Order=36(8/91)
Order=38(9/91)
Order=40(10/91)
Order=42(11/91)
Order=44(12/91)
Order=46(13/91)
Order=48(14/91)
Order=50(15/91)
Order=52(16/91)
Order=54(17/91)
Order=56(18/91)
Order=58(19/91)
Order=60(20/91)
Order=62(21/91)
Order=64(22/91)
Order=66(23/91)
Order=68(24/91)
Found 2 real poles and 30 conjugate complex pairs.
Final number of poles: 32
Saved figure: WMP_Lib/Sm149/24-42_MT2.png
Saved figure: WMP_Lib/Sm149/24-42_MT27.png
Saved figure: WMP_Lib/Sm149/24-42_MT102.png
Saved figure: WMP_Lib/Sm149/24-42_MT107.png
Vector fitting piece 9/29...
  energy: 3.283e+01 to 5.253e+01 eV (2946 points)
  error tolerance: rtol=0.001, atol=1e-05
Found 9 peaks
Fitting orders from 18 to 200
Order=18(0/92)
Order=20(1/92)
Order=22(2/92)
Order=24(3/92)
Order=26(4/92)
Order=28(5/92)
Order=30(6/92)
Order=32(7/92)
Order=34(8/92)
Order=36(9/92)
Order=38(10/92)
Order=40(11/92)
Order=42(12/92)
Order=44(13/92)
Order=46(14/92)
Order=48(15/92)
Order=50(16/92)
Order=52(17/92)
Order=54(18/92)
Order=56(19/92)
Order=58(20/92)
Order=60(21/92)
Found 3 real poles and 19 conjugate complex pairs.
Final number of poles: 22
Saved figure: WMP_Lib/Sm149/33-53_MT2.png
Saved figure: WMP_Lib/Sm149/33-53_MT27.png
Saved figure: WMP_Lib/Sm149/33-53_MT102.png
Saved figure: WMP_Lib/Sm149/33-53_MT107.png
Vector fitting piece 10/29...
  energy: 4.245e+01 to 6.449e+01 eV (3301 points)
  error tolerance: rtol=0.001, atol=1e-05
Found 9 peaks
Fitting orders from 18 to 200
Order=18(0/92)
Order=20(1/92)
Order=22(2/92)
Order=24(3/92)
Order=26(4/92)
Order=28(5/92)
Order=30(6/92)
Order=32(7/92)
Order=34(8/92)
Order=36(9/92)
Order=38(10/92)
Order=40(11/92)
Order=42(12/92)
Order=44(13/92)
Order=46(14/92)
Order=48(15/92)
Order=50(16/92)
Order=52(17/92)
Order=54(18/92)
Order=56(19/92)
Order=58(20/92)
Order=60(21/92)
Found 3 real poles and 24 conjugate complex pairs.
Final number of poles: 27
Saved figure: WMP_Lib/Sm149/42-64_MT2.png
Saved figure: WMP_Lib/Sm149/42-64_MT27.png
Saved figure: WMP_Lib/Sm149/42-64_MT102.png
Saved figure: WMP_Lib/Sm149/42-64_MT107.png
Vector fitting piece 11/29...
  energy: 5.330e+01 to 7.777e+01 eV (4051 points)
  error tolerance: rtol=0.001, atol=1e-05
Found 12 peaks
Fitting orders from 24 to 200
Order=24(0/89)
Order=26(1/89)
Order=28(2/89)
Order=30(3/89)
Order=32(4/89)
Order=34(5/89)
Order=36(6/89)
Order=38(7/89)
Order=40(8/89)
Order=42(9/89)
Order=44(10/89)
Order=46(11/89)
Order=48(12/89)
Order=50(13/89)
Order=52(14/89)
Order=54(15/89)
Order=56(16/89)
Order=58(17/89)
Order=60(18/89)
Found 3 real poles and 24 conjugate complex pairs.
Final number of poles: 27
Saved figure: WMP_Lib/Sm149/53-78_MT2.png
Saved figure: WMP_Lib/Sm149/53-78_MT27.png
Saved figure: WMP_Lib/Sm149/53-78_MT102.png
Saved figure: WMP_Lib/Sm149/53-78_MT107.png
Vector fitting piece 12/29...
  energy: 6.543e+01 to 9.221e+01 eV (3512 points)
  error tolerance: rtol=0.001, atol=1e-05
Found 12 peaks
Fitting orders from 24 to 200
Order=24(0/89)
Order=26(1/89)
Order=28(2/89)
Order=30(3/89)
Order=32(4/89)
Order=34(5/89)
Order=36(6/89)
Order=38(7/89)
Order=40(8/89)
Order=42(9/89)
Order=44(10/89)
Order=46(11/89)
Order=48(12/89)
Order=50(13/89)
Order=52(14/89)
Order=54(15/89)
Order=56(16/89)
Order=58(17/89)
Order=60(18/89)
Found 3 real poles and 23 conjugate complex pairs.
Final number of poles: 26
Saved figure: WMP_Lib/Sm149/65-92_MT2.png
Saved figure: WMP_Lib/Sm149/65-92_MT27.png
Saved figure: WMP_Lib/Sm149/65-92_MT102.png
Saved figure: WMP_Lib/Sm149/65-92_MT107.png
Vector fitting piece 13/29...
  energy: 7.872e+01 to 1.079e+02 eV (3828 points)
  error tolerance: rtol=0.001, atol=1e-05
Found 13 peaks
Fitting orders from 26 to 200
Order=26(0/88)
Order=28(1/88)
Order=30(2/88)
Order=32(3/88)
Order=34(4/88)
Order=36(5/88)
Order=38(6/88)
Order=40(7/88)
Order=42(8/88)
Order=44(9/88)
Order=46(10/88)
Order=48(11/88)
Order=50(12/88)
Order=52(13/88)
Order=54(14/88)
Order=56(15/88)
Order=58(16/88)
Order=60(17/88)
Found 4 real poles and 21 conjugate complex pairs.
Final number of poles: 25
Saved figure: WMP_Lib/Sm149/79-108_MT2.png
Saved figure: WMP_Lib/Sm149/79-108_MT27.png
Saved figure: WMP_Lib/Sm149/79-108_MT102.png
Saved figure: WMP_Lib/Sm149/79-108_MT107.png
Vector fitting piece 14/29...
  energy: 9.332e+01 to 1.249e+02 eV (4608 points)
  error tolerance: rtol=0.001, atol=1e-05
Found 14 peaks
Fitting orders from 28 to 200
Order=28(0/87)
Order=30(1/87)
Order=32(2/87)
Order=34(3/87)
Order=36(4/87)
Order=38(5/87)
Order=40(6/87)
Order=42(7/87)
Order=44(8/87)
Order=46(9/87)
Order=48(10/87)
Order=50(11/87)
Order=52(12/87)
Order=54(13/87)
Order=56(14/87)
Order=58(15/87)
Order=60(16/87)
Order=62(17/87)
Found 5 real poles and 24 conjugate complex pairs.
Final number of poles: 29
Saved figure: WMP_Lib/Sm149/93-125_MT2.png
Saved figure: WMP_Lib/Sm149/93-125_MT27.png
Saved figure: WMP_Lib/Sm149/93-125_MT102.png
Saved figure: WMP_Lib/Sm149/93-125_MT107.png
Vector fitting piece 15/29...
  energy: 1.091e+02 to 1.431e+02 eV (3653 points)
  error tolerance: rtol=0.001, atol=1e-05
Found 10 peaks
Fitting orders from 20 to 200
Order=20(0/91)
Order=22(1/91)
Order=24(2/91)
Order=26(3/91)
Order=28(4/91)
Order=30(5/91)
Order=32(6/91)
Order=34(7/91)
Order=36(8/91)
Order=38(9/91)
Order=40(10/91)
Order=42(11/91)
Order=44(12/91)
Order=46(13/91)
Order=48(14/91)
Order=50(15/91)
Order=52(16/91)
Order=54(17/91)
Order=56(18/91)
Order=58(19/91)
Order=60(20/91)
Found 6 real poles and 20 conjugate complex pairs.
Final number of poles: 26
Saved figure: WMP_Lib/Sm149/109-143_MT2.png
Saved figure: WMP_Lib/Sm149/109-143_MT27.png
Saved figure: WMP_Lib/Sm149/109-143_MT102.png
Saved figure: WMP_Lib/Sm149/109-143_MT107.png
Vector fitting piece 16/29...
  energy: 1.262e+02 to 1.627e+02 eV (3805 points)
  error tolerance: rtol=0.001, atol=1e-05
Found 11 peaks
Fitting orders from 22 to 200
Order=22(0/90)
Order=24(1/90)
Order=26(2/90)
Order=28(3/90)
Order=30(4/90)
Order=32(5/90)
Order=34(6/90)
Order=36(7/90)
Order=38(8/90)
Order=40(9/90)
Order=42(10/90)
Order=44(11/90)
Order=46(12/90)
Order=48(13/90)
Order=50(14/90)
Order=52(15/90)
Order=54(16/90)
Order=56(17/90)
Order=58(18/90)
Order=60(19/90)
Found 4 real poles and 16 conjugate complex pairs.
Final number of poles: 20
Saved figure: WMP_Lib/Sm149/126-163_MT2.png
Saved figure: WMP_Lib/Sm149/126-163_MT27.png
Saved figure: WMP_Lib/Sm149/126-163_MT102.png
Saved figure: WMP_Lib/Sm149/126-163_MT107.png
Vector fitting piece 17/29...
  energy: 1.444e+02 to 1.832e+02 eV (4087 points)
  error tolerance: rtol=0.001, atol=1e-05
Found 11 peaks
Fitting orders from 22 to 200
Order=22(0/90)
Order=24(1/90)
Order=26(2/90)
Order=28(3/90)
Order=30(4/90)
Order=32(5/90)
Order=34(6/90)
Order=36(7/90)
Order=38(8/90)
Order=40(9/90)
Order=42(10/90)
Order=44(11/90)
Order=46(12/90)
Order=48(13/90)
Order=50(14/90)
Order=52(15/90)
Order=54(16/90)
Order=56(17/90)
Order=58(18/90)
Order=60(19/90)
Found 2 real poles and 25 conjugate complex pairs.
Final number of poles: 27
Saved figure: WMP_Lib/Sm149/144-183_MT2.png
Saved figure: WMP_Lib/Sm149/144-183_MT27.png
Saved figure: WMP_Lib/Sm149/144-183_MT102.png
Saved figure: WMP_Lib/Sm149/144-183_MT107.png
Vector fitting piece 18/29...
  energy: 1.639e+02 to 2.050e+02 eV (4581 points)
  error tolerance: rtol=0.001, atol=1e-05
Found 13 peaks
Fitting orders from 26 to 200
Order=26(0/88)
Order=28(1/88)
Order=30(2/88)
Order=32(3/88)
Order=34(4/88)
Order=36(5/88)
Order=38(6/88)
Order=40(7/88)
Order=42(8/88)
Order=44(9/88)
Order=46(10/88)
Order=48(11/88)
Order=50(12/88)
Order=52(13/88)
Order=54(14/88)
Order=56(15/88)
Order=58(16/88)
Order=60(17/88)
Found 2 real poles and 17 conjugate complex pairs.
Final number of poles: 19
Saved figure: WMP_Lib/Sm149/164-205_MT2.png
Saved figure: WMP_Lib/Sm149/164-205_MT27.png
Saved figure: WMP_Lib/Sm149/164-205_MT102.png
Saved figure: WMP_Lib/Sm149/164-205_MT107.png
Vector fitting piece 19/29...
  energy: 1.847e+02 to 2.281e+02 eV (4551 points)
  error tolerance: rtol=0.001, atol=1e-05
Found 12 peaks
Fitting orders from 24 to 200
Order=24(0/89)
Order=26(1/89)
Order=28(2/89)
Order=30(3/89)
Order=32(4/89)
Order=34(5/89)
Order=36(6/89)
Order=38(7/89)
Order=40(8/89)
Order=42(9/89)
Order=44(10/89)
Order=46(11/89)
Order=48(12/89)
Order=50(13/89)
Order=52(14/89)
Order=54(15/89)
Order=56(16/89)
Order=58(17/89)
Order=60(18/89)
Found 5 real poles and 16 conjugate complex pairs.
Final number of poles: 21
Saved figure: WMP_Lib/Sm149/185-228_MT2.png
Saved figure: WMP_Lib/Sm149/185-228_MT27.png
Saved figure: WMP_Lib/Sm149/185-228_MT102.png
Saved figure: WMP_Lib/Sm149/185-228_MT107.png
Vector fitting piece 20/29...
  energy: 2.067e+02 to 2.526e+02 eV (4542 points)
  error tolerance: rtol=0.001, atol=1e-05
Found 11 peaks
Fitting orders from 22 to 200
Order=22(0/90)
Order=24(1/90)
Order=26(2/90)
Order=28(3/90)
Order=30(4/90)
Order=32(5/90)
Order=34(6/90)
Order=36(7/90)
Order=38(8/90)
Order=40(9/90)
Order=42(10/90)
Order=44(11/90)
Order=46(12/90)
Order=48(13/90)
Order=50(14/90)
Order=52(15/90)
Order=54(16/90)
Order=56(17/90)
Order=58(18/90)
Order=60(19/90)
Found 5 real poles and 14 conjugate complex pairs.
Final number of poles: 19
Saved figure: WMP_Lib/Sm149/207-253_MT2.png
Saved figure: WMP_Lib/Sm149/207-253_MT27.png
Saved figure: WMP_Lib/Sm149/207-253_MT102.png
Saved figure: WMP_Lib/Sm149/207-253_MT107.png
Vector fitting piece 21/29...
  energy: 2.299e+02 to 2.784e+02 eV (5035 points)
  error tolerance: rtol=0.001, atol=1e-05
Found 14 peaks
Fitting orders from 28 to 200
Order=28(0/87)
Order=30(1/87)
Order=32(2/87)
Order=34(3/87)
Order=36(4/87)
Order=38(5/87)
Order=40(6/87)
Order=42(7/87)
Order=44(8/87)
Order=46(9/87)
Order=48(10/87)
Order=50(11/87)
Order=52(12/87)
Order=54(13/87)
Order=56(14/87)
Order=58(15/87)
Order=60(16/87)
Found 2 real poles and 19 conjugate complex pairs.
Final number of poles: 21
Saved figure: WMP_Lib/Sm149/230-278_MT2.png
Saved figure: WMP_Lib/Sm149/230-278_MT27.png
Saved figure: WMP_Lib/Sm149/230-278_MT102.png
Saved figure: WMP_Lib/Sm149/230-278_MT107.png
Vector fitting piece 22/29...
  energy: 2.544e+02 to 3.050e+02 eV (5900 points)
  error tolerance: rtol=0.001, atol=1e-05
Found 17 peaks
Fitting orders from 34 to 200
Order=34(0/84)
Order=36(1/84)
Order=38(2/84)
Order=40(3/84)
Order=42(4/84)
Order=44(5/84)
Order=46(6/84)
Order=48(7/84)
Order=50(8/84)
Order=52(9/84)
Order=54(10/84)
Order=56(11/84)
Order=58(12/84)
Order=60(13/84)
Found 5 real poles and 20 conjugate complex pairs.
Final number of poles: 25
Saved figure: WMP_Lib/Sm149/254-305_MT2.png
Saved figure: WMP_Lib/Sm149/254-305_MT27.png
Saved figure: WMP_Lib/Sm149/254-305_MT102.png
Saved figure: WMP_Lib/Sm149/254-305_MT107.png
Vector fitting piece 23/29...
  energy: 2.800e+02 to 3.330e+02 eV (7028 points)
  error tolerance: rtol=0.001, atol=1e-05
Found 20 peaks
Fitting orders from 40 to 200
Order=40(0/81)
Order=42(1/81)
Order=44(2/81)
Order=46(3/81)
Order=48(4/81)
Order=50(5/81)
Order=52(6/81)
Order=54(7/81)
Order=56(8/81)
Order=58(9/81)
Order=60(10/81)
Order=62(11/81)
Order=64(12/81)
Order=66(13/81)
Order=68(14/81)
Order=70(15/81)
Order=72(16/81)
Found 4 real poles and 29 conjugate complex pairs.
Final number of poles: 33
Saved figure: WMP_Lib/Sm149/280-333_MT2.png
Saved figure: WMP_Lib/Sm149/280-333_MT27.png
Saved figure: WMP_Lib/Sm149/280-333_MT102.png
Saved figure: WMP_Lib/Sm149/280-333_MT107.png
Vector fitting piece 24/29...
  energy: 3.070e+02 to 3.624e+02 eV (6387 points)
  error tolerance: rtol=0.001, atol=1e-05
Found 18 peaks
Fitting orders from 36 to 200
Order=36(0/83)
Order=38(1/83)
Order=40(2/83)
Order=42(3/83)
Order=44(4/83)
Order=46(5/83)
Order=48(6/83)
Order=50(7/83)
Order=52(8/83)
Order=54(9/83)
Order=56(10/83)
Order=58(11/83)
Order=60(12/83)
Order=62(13/83)
Found 4 real poles and 24 conjugate complex pairs.
Final number of poles: 28
Saved figure: WMP_Lib/Sm149/307-362_MT2.png
Saved figure: WMP_Lib/Sm149/307-362_MT27.png
Saved figure: WMP_Lib/Sm149/307-362_MT102.png
Saved figure: WMP_Lib/Sm149/307-362_MT107.png
Vector fitting piece 25/29...
  energy: 3.351e+02 to 3.929e+02 eV (5149 points)
  error tolerance: rtol=0.001, atol=1e-05
Found 13 peaks
Fitting orders from 26 to 200
Order=26(0/88)
Order=28(1/88)
Order=30(2/88)
Order=32(3/88)
Order=34(4/88)
Order=36(5/88)
Order=38(6/88)
Order=40(7/88)
Order=42(8/88)
Order=44(9/88)
Order=46(10/88)
Order=48(11/88)
Order=50(12/88)
Order=52(13/88)
Order=54(14/88)
Order=56(15/88)
Order=58(16/88)
Order=60(17/88)
Found 4 real poles and 16 conjugate complex pairs.
Final number of poles: 20
Saved figure: WMP_Lib/Sm149/335-393_MT2.png
Saved figure: WMP_Lib/Sm149/335-393_MT27.png
Saved figure: WMP_Lib/Sm149/335-393_MT102.png
Saved figure: WMP_Lib/Sm149/335-393_MT107.png
Vector fitting piece 26/29...
  energy: 3.645e+02 to 4.247e+02 eV (4099 points)
  error tolerance: rtol=0.001, atol=1e-05
Found 10 peaks
Fitting orders from 20 to 200
Order=20(0/91)
Order=22(1/91)
Order=24(2/91)
Order=26(3/91)
Order=28(4/91)
Order=30(5/91)
Order=32(6/91)
Order=34(7/91)
Order=36(8/91)
Order=38(9/91)
Order=40(10/91)
Order=42(11/91)
Order=44(12/91)
Order=46(13/91)
Order=48(14/91)
Order=50(15/91)
Order=52(16/91)
Order=54(17/91)
Order=56(18/91)
Order=58(19/91)
Order=60(20/91)
Found 4 real poles and 13 conjugate complex pairs.
Final number of poles: 17
Saved figure: WMP_Lib/Sm149/364-425_MT2.png
Saved figure: WMP_Lib/Sm149/364-425_MT27.png
Saved figure: WMP_Lib/Sm149/364-425_MT102.png
Saved figure: WMP_Lib/Sm149/364-425_MT107.png
Vector fitting piece 27/29...
  energy: 3.951e+02 to 4.577e+02 eV (5297 points)
  error tolerance: rtol=0.001, atol=1e-05
Found 13 peaks
Fitting orders from 26 to 200
Order=26(0/88)
Order=28(1/88)
Order=30(2/88)
Order=32(3/88)
Found ideal results. Stop!
Found 4 real poles and 14 conjugate complex pairs.
Final number of poles: 18
Saved figure: WMP_Lib/Sm149/395-458_MT2.png
Saved figure: WMP_Lib/Sm149/395-458_MT27.png
Saved figure: WMP_Lib/Sm149/395-458_MT102.png
Saved figure: WMP_Lib/Sm149/395-458_MT107.png
Vector fitting piece 28/29...
  energy: 4.270e+02 to 4.919e+02 eV (5760 points)
  error tolerance: rtol=0.001, atol=1e-05
Found 14 peaks
Fitting orders from 28 to 200
Order=28(0/87)
Order=30(1/87)
Order=32(2/87)
Order=34(3/87)
Order=36(4/87)
Order=38(5/87)
Order=40(6/87)
Order=42(7/87)
Order=44(8/87)
Order=46(9/87)
Order=48(10/87)
Order=50(11/87)
Order=52(12/87)
Order=54(13/87)
Order=56(14/87)
Order=58(15/87)
Order=60(16/87)
Found 6 real poles and 14 conjugate complex pairs.
Final number of poles: 20
Saved figure: WMP_Lib/Sm149/427-492_MT2.png
Saved figure: WMP_Lib/Sm149/427-492_MT27.png
Saved figure: WMP_Lib/Sm149/427-492_MT102.png
Saved figure: WMP_Lib/Sm149/427-492_MT107.png
Vector fitting piece 29/29...
  energy: 4.601e+02 to 5.197e+02 eV (4727 points)
  error tolerance: rtol=0.001, atol=1e-05
Found 12 peaks
Fitting orders from 24 to 200
Order=24(0/89)
Order=26(1/89)
Order=28(2/89)
Found ideal results. Stop!
Found 4 real poles and 12 conjugate complex pairs.
Final number of poles: 16
Saved figure: WMP_Lib/Sm149/460-520_MT2.png
Saved figure: WMP_Lib/Sm149/460-520_MT27.png
Saved figure: WMP_Lib/Sm149/460-520_MT102.png
Saved figure: WMP_Lib/Sm149/460-520_MT107.png
Dumped multipole data to file: WMP_Lib/Sm149/Sm149_mp.pickle
Start searching ...
Testing N_win=43 N_cf=10
Windowing:
  config: # windows=43, spacing=0.5300875615554754, CF order=10
  error tolerance: rtol=0.001, atol=1e-05
Failed: Pure curvefit failed for the first window!
Testing N_win=146 N_cf=10
Windowing:
  config: # windows=146, spacing=0.15612167908825647, CF order=10
  error tolerance: rtol=0.001, atol=1e-05
Failed: Pure curvefit failed for the first window!
Testing N_win=249 N_cf=10
Windowing:
  config: # windows=249, spacing=0.09154122548949978, CF order=10
  error tolerance: rtol=0.001, atol=1e-05
Failed: Pure curvefit failed for the first window!
Testing N_win=352 N_cf=10
Windowing:
  config: # windows=352, spacing=0.06475501462183365, CF order=10
  error tolerance: rtol=0.001, atol=1e-05
Failed: Pure curvefit failed for the first window!
Testing N_win=455 N_cf=10
Windowing:
  config: # windows=455, spacing=0.050096187136011966, CF order=10
  error tolerance: rtol=0.001, atol=1e-05
Failed: Pure curvefit failed for the first window!
Testing N_win=558 N_cf=10
Windowing:
  config: # windows=558, spacing=0.04084904148187356, CF order=10
  error tolerance: rtol=0.001, atol=1e-05
Failed: Pure curvefit failed for the first window!
Testing N_win=661 N_cf=10
Windowing:
  config: # windows=661, spacing=0.03448375967758766, CF order=10
  error tolerance: rtol=0.001, atol=1e-05
Failed: Pure curvefit failed for the first window!
Testing N_win=764 N_cf=10
Windowing:
  config: # windows=764, spacing=0.029834771134666812, CF order=10
  error tolerance: rtol=0.001, atol=1e-05
Failed: Pure curvefit failed for the first window!
Testing N_win=867 N_cf=10
Windowing:
  config: # windows=867, spacing=0.026290386559268103, CF order=10
  error tolerance: rtol=0.001, atol=1e-05
Failed: Pure curvefit failed for the first window!
Testing N_win=970 N_cf=10
Windowing:
  config: # windows=970, spacing=0.023498726955552007, CF order=10
  error tolerance: rtol=0.001, atol=1e-05
Failed: Pure curvefit failed for the first window!
Testing N_win=1073 N_cf=10
Windowing:
  config: # windows=1073, spacing=0.021243024368019985, CF order=10
  error tolerance: rtol=0.001, atol=1e-05
Failed: Pure curvefit failed for the first window!
Testing N_win=1176 N_cf=10
Windowing:
  config: # windows=1176, spacing=0.019382453356195106, CF order=10
  error tolerance: rtol=0.001, atol=1e-05
Failed: Pure curvefit failed for the first window!
Testing N_win=1279 N_cf=10
Windowing:
  config: # windows=1279, spacing=0.01782155210858909, CF order=10
  error tolerance: rtol=0.001, atol=1e-05
Failed: Pure curvefit failed for the first window!
Testing N_win=1382 N_cf=10
Windowing:
  config: # windows=1382, spacing=0.01649331776185633, CF order=10
  error tolerance: rtol=0.001, atol=1e-05
Failed: Pure curvefit failed for the first window!
Testing N_win=1485 N_cf=10
Windowing:
  config: # windows=1485, spacing=0.015349336799249458, CF order=10
  error tolerance: rtol=0.001, atol=1e-05
Failed: Pure curvefit failed for the first window!
Testing N_win=1588 N_cf=10
Windowing:
  config: # windows=1588, spacing=0.01435375638972635, CF order=10
  error tolerance: rtol=0.001, atol=1e-05
Failed: Pure curvefit failed for the first window!
Testing N_win=1691 N_cf=10
Windowing:
  config: # windows=1691, spacing=0.013479458986922203, CF order=10
  error tolerance: rtol=0.001, atol=1e-05
Failed: Pure curvefit failed for the first window!
Testing N_win=1794 N_cf=10
Windowing:
  config: # windows=1794, spacing=0.012705554708408832, CF order=10
  error tolerance: rtol=0.001, atol=1e-05
Failed: Pure curvefit failed for the first window!
Testing N_win=1897 N_cf=10
Windowing:
  config: # windows=1897, spacing=0.012015690641478885, CF order=10
  error tolerance: rtol=0.001, atol=1e-05
Failed: Pure curvefit failed for the first window!
Testing N_win=2000 N_cf=10
Windowing:
  config: # windows=2000, spacing=0.011396882573442723, CF order=10
  error tolerance: rtol=0.001, atol=1e-05
Failed: Pure curvefit failed for the first window!
Running NJOY to get 0K point-wise data (error=0.0005)...
Parsing cross sections within resolved resonance range...
  MTs: [2, 27, 102, 103, 107]
  Energy range: 1.000e-05 to 5.197e+02 eV (58422 points)
Vector fitting piece 1/29...
  energy: 1.000e-05 to 9.180e-01 eV (1328 points)
  error tolerance: rtol=0.005, atol=1e-05
Found 7 peaks
Fitting orders from 14 to 200
Order=14(0/94)
Order=16(1/94)
Order=18(2/94)
Order=20(3/94)
Order=22(4/94)
Order=24(5/94)
Order=26(6/94)
Order=28(7/94)
Order=30(8/94)
Order=32(9/94)
Order=34(10/94)
Order=36(11/94)
Order=38(12/94)
Order=40(13/94)
Order=42(14/94)
Order=44(15/94)
Order=46(16/94)
Order=48(17/94)
Order=50(18/94)
Order=52(19/94)
Order=54(20/94)
Order=56(21/94)
Order=58(22/94)
Order=60(23/94)
Order=62(24/94)
Order=64(25/94)
Order=66(26/94)
Order=68(27/94)
Order=70(28/94)
Order=72(29/94)
Order=74(30/94)
Order=76(31/94)
Order=78(32/94)
Order=80(33/94)
Order=82(34/94)
Order=84(35/94)
Found 1 real poles and 50 conjugate complex pairs.
Final number of poles: 51
Saved figure: WMP_Lib/Sm149/0-1_MT2.png
Saved figure: WMP_Lib/Sm149/0-1_MT27.png
Saved figure: WMP_Lib/Sm149/0-1_MT102.png
Saved figure: WMP_Lib/Sm149/0-1_MT107.png
Vector fitting piece 2/29...
  energy: 5.195e-02 to 3.090e+00 eV (1053 points)
  error tolerance: rtol=0.005, atol=1e-05
Found 4 peaks
Fitting orders from 8 to 200
Order=8(0/97)
Order=10(1/97)
Order=12(2/97)
Order=14(3/97)
Order=16(4/97)
Order=18(5/97)
Order=20(6/97)
Order=22(7/97)
Order=24(8/97)
Order=26(9/97)
Order=28(10/97)
Order=30(11/97)
Order=32(12/97)
Order=34(13/97)
Order=36(14/97)
Order=38(15/97)
Order=40(16/97)
Order=42(17/97)
Order=44(18/97)
Order=46(19/97)
Order=48(20/97)
Order=50(21/97)
Order=52(22/97)
Order=54(23/97)
Order=56(24/97)
Order=58(25/97)
Order=60(26/97)
Order=62(27/97)
Order=64(28/97)
Order=66(29/97)
Order=68(30/97)
Order=70(31/97)
Order=72(32/97)
Order=74(33/97)
Order=76(34/97)
Order=78(35/97)
Order=80(36/97)
Order=82(37/97)
Order=84(38/97)
Order=86(39/97)
Order=88(40/97)
Order=90(41/97)
Order=92(42/97)
Order=94(43/97)
Order=96(44/97)
Order=98(45/97)
Order=100(46/97)
Order=102(47/97)
Found 0 real poles and 58 conjugate complex pairs.
Final number of poles: 58
Saved figure: WMP_Lib/Sm149/0-3_MT2.png
Saved figure: WMP_Lib/Sm149/0-3_MT27.png
Saved figure: WMP_Lib/Sm149/0-3_MT102.png
Saved figure: WMP_Lib/Sm149/0-3_MT107.png
Vector fitting piece 3/29...
  energy: 1.027e+00 to 6.395e+00 eV (781 points)
  error tolerance: rtol=0.005, atol=1e-05
Found 2 peaks
Fitting orders from 4 to 200
Order=4(0/99)
Order=6(1/99)
Order=8(2/99)
Order=10(3/99)
Order=12(4/99)
Order=14(5/99)
Order=16(6/99)
Order=18(7/99)
Order=20(8/99)
Order=22(9/99)
Order=24(10/99)
Order=26(11/99)
Order=28(12/99)
Order=30(13/99)
Order=32(14/99)
Order=34(15/99)
Order=36(16/99)
Order=38(17/99)
Order=40(18/99)
Order=42(19/99)
Order=44(20/99)
Order=46(21/99)
Order=48(22/99)
Order=50(23/99)
Order=52(24/99)
Order=54(25/99)
Order=56(26/99)
Order=58(27/99)
Order=60(28/99)
Order=62(29/99)
Order=64(30/99)
Order=66(31/99)
Found 3 real poles and 33 conjugate complex pairs.
Final number of poles: 36
Saved figure: WMP_Lib/Sm149/1-6_MT2.png
Saved figure: WMP_Lib/Sm149/1-6_MT27.png
Saved figure: WMP_Lib/Sm149/1-6_MT102.png
Saved figure: WMP_Lib/Sm149/1-6_MT107.png
Vector fitting piece 4/29...
  energy: 3.226e+00 to 1.102e+01 eV (1240 points)
  error tolerance: rtol=0.005, atol=1e-05
Found 5 peaks
Fitting orders from 10 to 200
Order=10(0/96)
Order=12(1/96)
Order=14(2/96)
Order=16(3/96)
Order=18(4/96)
Order=20(5/96)
Order=22(6/96)
Order=24(7/96)
Order=26(8/96)
Order=28(9/96)
Order=30(10/96)
Order=32(11/96)
Order=34(12/96)
Order=36(13/96)
Order=38(14/96)
Order=40(15/96)
Order=42(16/96)
Order=44(17/96)
Order=46(18/96)
Order=48(19/96)
Order=50(20/96)
Order=52(21/96)
Order=54(22/96)
Order=56(23/96)
Order=58(24/96)
Order=60(25/96)
Found 3 real poles and 27 conjugate complex pairs.
Final number of poles: 30
Saved figure: WMP_Lib/Sm149/3-11_MT2.png
Saved figure: WMP_Lib/Sm149/3-11_MT27.png
Saved figure: WMP_Lib/Sm149/3-11_MT102.png
Saved figure: WMP_Lib/Sm149/3-11_MT107.png
Vector fitting piece 5/29...
  energy: 6.691e+00 to 1.683e+01 eV (1526 points)
  error tolerance: rtol=0.005, atol=1e-05
Found 6 peaks
Fitting orders from 12 to 200
Order=12(0/95)
Order=14(1/95)
Order=16(2/95)
Order=18(3/95)
Order=20(4/95)
Order=22(5/95)
Order=24(6/95)
Order=26(7/95)
Order=28(8/95)
Order=30(9/95)
Order=32(10/95)
Order=34(11/95)
Order=36(12/95)
Order=38(13/95)
Order=40(14/95)
Order=42(15/95)
Order=44(16/95)
Order=46(17/95)
Order=48(18/95)
Order=50(19/95)
Order=52(20/95)
Order=54(21/95)
Order=56(22/95)
Order=58(23/95)
Order=60(24/95)
Found 4 real poles and 22 conjugate complex pairs.
Final number of poles: 26
Saved figure: WMP_Lib/Sm149/7-17_MT2.png
Saved figure: WMP_Lib/Sm149/7-17_MT27.png
Saved figure: WMP_Lib/Sm149/7-17_MT102.png
Saved figure: WMP_Lib/Sm149/7-17_MT107.png
Vector fitting piece 6/29...
  energy: 1.137e+01 to 2.390e+01 eV (1764 points)
  error tolerance: rtol=0.005, atol=1e-05
Found 6 peaks
Fitting orders from 12 to 200
Order=12(0/95)
Order=14(1/95)
Order=16(2/95)
Order=18(3/95)
Order=20(4/95)
Order=22(5/95)
Order=24(6/95)
Order=26(7/95)
Order=28(8/95)
Order=30(9/95)
Order=32(10/95)
Order=34(11/95)
Order=36(12/95)
Order=38(13/95)
Order=40(14/95)
Order=42(15/95)
Order=44(16/95)
Order=46(17/95)
Order=48(18/95)
Order=50(19/95)
Order=52(20/95)
Order=54(21/95)
Order=56(22/95)
Order=58(23/95)
Order=60(24/95)
Found 5 real poles and 23 conjugate complex pairs.
Final number of poles: 28
Saved figure: WMP_Lib/Sm149/11-24_MT2.png
Saved figure: WMP_Lib/Sm149/11-24_MT27.png
Saved figure: WMP_Lib/Sm149/11-24_MT102.png
Saved figure: WMP_Lib/Sm149/11-24_MT107.png
Vector fitting piece 7/29...
  energy: 1.729e+01 to 3.222e+01 eV (2495 points)
  error tolerance: rtol=0.005, atol=1e-05
Found 8 peaks
Fitting orders from 16 to 200
Order=16(0/93)
Order=18(1/93)
Order=20(2/93)
Order=22(3/93)
Order=24(4/93)
Order=26(5/93)
Order=28(6/93)
Order=30(7/93)
Order=32(8/93)
Order=34(9/93)
Order=36(10/93)
Order=38(11/93)
Order=40(12/93)
Order=42(13/93)
Order=44(14/93)
Order=46(15/93)
Order=48(16/93)
Order=50(17/93)
Order=52(18/93)
Order=54(19/93)
Order=56(20/93)
Order=58(21/93)
Order=60(22/93)
Order=62(23/93)
Found 2 real poles and 31 conjugate complex pairs.
Final number of poles: 33
Saved figure: WMP_Lib/Sm149/17-32_MT2.png
Saved figure: WMP_Lib/Sm149/17-32_MT27.png
Saved figure: WMP_Lib/Sm149/17-32_MT102.png
Saved figure: WMP_Lib/Sm149/17-32_MT107.png
Vector fitting piece 8/29...
  energy: 2.445e+01 to 4.173e+01 eV (3187 points)
  error tolerance: rtol=0.005, atol=1e-05
Found 10 peaks
Fitting orders from 20 to 200
Order=20(0/91)
Order=22(1/91)
Order=24(2/91)
Order=26(3/91)
Order=28(4/91)
Order=30(5/91)
Order=32(6/91)
Order=34(7/91)
Order=36(8/91)
Order=38(9/91)
Order=40(10/91)
Order=42(11/91)
Order=44(12/91)
Order=46(13/91)
Order=48(14/91)
Order=50(15/91)
Order=52(16/91)
Order=54(17/91)
Order=56(18/91)
Order=58(19/91)
Order=60(20/91)
Order=62(21/91)
Order=64(22/91)
Order=66(23/91)
Order=68(24/91)
Found 2 real poles and 30 conjugate complex pairs.
Final number of poles: 32
Saved figure: WMP_Lib/Sm149/24-42_MT2.png
Saved figure: WMP_Lib/Sm149/24-42_MT27.png
Saved figure: WMP_Lib/Sm149/24-42_MT102.png
Saved figure: WMP_Lib/Sm149/24-42_MT107.png
Vector fitting piece 9/29...
  energy: 3.283e+01 to 5.253e+01 eV (2946 points)
  error tolerance: rtol=0.005, atol=1e-05
Found 9 peaks
Fitting orders from 18 to 200
Order=18(0/92)
Order=20(1/92)
Order=22(2/92)
Order=24(3/92)
Order=26(4/92)
Order=28(5/92)
Order=30(6/92)
Order=32(7/92)
Order=34(8/92)
Order=36(9/92)
Order=38(10/92)
Order=40(11/92)
Order=42(12/92)
Order=44(13/92)
Order=46(14/92)
Order=48(15/92)
Order=50(16/92)
Order=52(17/92)
Order=54(18/92)
Order=56(19/92)
Order=58(20/92)
Order=60(21/92)
Found 3 real poles and 19 conjugate complex pairs.
Final number of poles: 22
Saved figure: WMP_Lib/Sm149/33-53_MT2.png
Saved figure: WMP_Lib/Sm149/33-53_MT27.png
Saved figure: WMP_Lib/Sm149/33-53_MT102.png
Saved figure: WMP_Lib/Sm149/33-53_MT107.png
Vector fitting piece 10/29...
  energy: 4.245e+01 to 6.449e+01 eV (3301 points)
  error tolerance: rtol=0.005, atol=1e-05
Found 9 peaks
Fitting orders from 18 to 200
Order=18(0/92)
Order=20(1/92)
Order=22(2/92)
Order=24(3/92)
Order=26(4/92)
Order=28(5/92)
Order=30(6/92)
Order=32(7/92)
Order=34(8/92)
Order=36(9/92)
Order=38(10/92)
Order=40(11/92)
Order=42(12/92)
Order=44(13/92)
Order=46(14/92)
Order=48(15/92)
Order=50(16/92)
Order=52(17/92)
Order=54(18/92)
Order=56(19/92)
Order=58(20/92)
Order=60(21/92)
Found 3 real poles and 24 conjugate complex pairs.
Final number of poles: 27
Saved figure: WMP_Lib/Sm149/42-64_MT2.png
Saved figure: WMP_Lib/Sm149/42-64_MT27.png
Saved figure: WMP_Lib/Sm149/42-64_MT102.png
Saved figure: WMP_Lib/Sm149/42-64_MT107.png
Vector fitting piece 11/29...
  energy: 5.330e+01 to 7.777e+01 eV (4051 points)
  error tolerance: rtol=0.005, atol=1e-05
Found 12 peaks
Fitting orders from 24 to 200
Order=24(0/89)
Order=26(1/89)
Order=28(2/89)
Order=30(3/89)
Order=32(4/89)
Order=34(5/89)
Order=36(6/89)
Order=38(7/89)
Order=40(8/89)
Order=42(9/89)
Order=44(10/89)
Order=46(11/89)
Order=48(12/89)
Order=50(13/89)
Order=52(14/89)
Order=54(15/89)
Order=56(16/89)
Order=58(17/89)
Order=60(18/89)
Found 3 real poles and 24 conjugate complex pairs.
Final number of poles: 27
Saved figure: WMP_Lib/Sm149/53-78_MT2.png
Saved figure: WMP_Lib/Sm149/53-78_MT27.png
Saved figure: WMP_Lib/Sm149/53-78_MT102.png
Saved figure: WMP_Lib/Sm149/53-78_MT107.png
Vector fitting piece 12/29...
  energy: 6.543e+01 to 9.221e+01 eV (3512 points)
  error tolerance: rtol=0.005, atol=1e-05
Found 12 peaks
Fitting orders from 24 to 200
Order=24(0/89)
Order=26(1/89)
Order=28(2/89)
Order=30(3/89)
Order=32(4/89)
Order=34(5/89)
Order=36(6/89)
Order=38(7/89)
Order=40(8/89)
Order=42(9/89)
Order=44(10/89)
Order=46(11/89)
Order=48(12/89)
Order=50(13/89)
Order=52(14/89)
Order=54(15/89)
Order=56(16/89)
Order=58(17/89)
Order=60(18/89)
Found 3 real poles and 23 conjugate complex pairs.
Final number of poles: 26
Saved figure: WMP_Lib/Sm149/65-92_MT2.png
Saved figure: WMP_Lib/Sm149/65-92_MT27.png
Saved figure: WMP_Lib/Sm149/65-92_MT102.png
Saved figure: WMP_Lib/Sm149/65-92_MT107.png
Vector fitting piece 13/29...
  energy: 7.872e+01 to 1.079e+02 eV (3828 points)
  error tolerance: rtol=0.005, atol=1e-05
Found 13 peaks
Fitting orders from 26 to 200
Order=26(0/88)
Order=28(1/88)
Order=30(2/88)
Order=32(3/88)
Order=34(4/88)
Order=36(5/88)
Order=38(6/88)
Order=40(7/88)
Order=42(8/88)
Order=44(9/88)
Order=46(10/88)
Order=48(11/88)
Order=50(12/88)
Order=52(13/88)
Order=54(14/88)
Order=56(15/88)
Order=58(16/88)
Order=60(17/88)
Found 4 real poles and 21 conjugate complex pairs.
Final number of poles: 25
Saved figure: WMP_Lib/Sm149/79-108_MT2.png
Saved figure: WMP_Lib/Sm149/79-108_MT27.png
Saved figure: WMP_Lib/Sm149/79-108_MT102.png
Saved figure: WMP_Lib/Sm149/79-108_MT107.png
Vector fitting piece 14/29...
  energy: 9.332e+01 to 1.249e+02 eV (4608 points)
  error tolerance: rtol=0.005, atol=1e-05
Found 14 peaks
Fitting orders from 28 to 200
Order=28(0/87)
Order=30(1/87)
Order=32(2/87)
Order=34(3/87)
Order=36(4/87)
Order=38(5/87)
Order=40(6/87)
Order=42(7/87)
Order=44(8/87)
Order=46(9/87)
Order=48(10/87)
Order=50(11/87)
Order=52(12/87)
Order=54(13/87)
Order=56(14/87)
Order=58(15/87)
Order=60(16/87)
Order=62(17/87)
Found 5 real poles and 24 conjugate complex pairs.
Final number of poles: 29
Saved figure: WMP_Lib/Sm149/93-125_MT2.png
Saved figure: WMP_Lib/Sm149/93-125_MT27.png
Saved figure: WMP_Lib/Sm149/93-125_MT102.png
Saved figure: WMP_Lib/Sm149/93-125_MT107.png
Vector fitting piece 15/29...
  energy: 1.091e+02 to 1.431e+02 eV (3653 points)
  error tolerance: rtol=0.005, atol=1e-05
Found 10 peaks
Fitting orders from 20 to 200
Order=20(0/91)
Order=22(1/91)
Order=24(2/91)
Order=26(3/91)
Order=28(4/91)
Order=30(5/91)
Order=32(6/91)
Order=34(7/91)
Order=36(8/91)
Order=38(9/91)
Order=40(10/91)
Order=42(11/91)
Order=44(12/91)
Order=46(13/91)
Order=48(14/91)
Order=50(15/91)
Order=52(16/91)
Order=54(17/91)
Order=56(18/91)
Order=58(19/91)
Order=60(20/91)
Found 6 real poles and 20 conjugate complex pairs.
Final number of poles: 26
Saved figure: WMP_Lib/Sm149/109-143_MT2.png
Saved figure: WMP_Lib/Sm149/109-143_MT27.png
Saved figure: WMP_Lib/Sm149/109-143_MT102.png
Saved figure: WMP_Lib/Sm149/109-143_MT107.png
Vector fitting piece 16/29...
  energy: 1.262e+02 to 1.627e+02 eV (3805 points)
  error tolerance: rtol=0.005, atol=1e-05
Found 11 peaks
Fitting orders from 22 to 200
Order=22(0/90)
Order=24(1/90)
Order=26(2/90)
Order=28(3/90)
Order=30(4/90)
Order=32(5/90)
Order=34(6/90)
Order=36(7/90)
Order=38(8/90)
Order=40(9/90)
Order=42(10/90)
Order=44(11/90)
Order=46(12/90)
Order=48(13/90)
Order=50(14/90)
Order=52(15/90)
Order=54(16/90)
Order=56(17/90)
Order=58(18/90)
Order=60(19/90)
Found 4 real poles and 16 conjugate complex pairs.
Final number of poles: 20
Saved figure: WMP_Lib/Sm149/126-163_MT2.png
Saved figure: WMP_Lib/Sm149/126-163_MT27.png
Saved figure: WMP_Lib/Sm149/126-163_MT102.png
Saved figure: WMP_Lib/Sm149/126-163_MT107.png
Vector fitting piece 17/29...
  energy: 1.444e+02 to 1.832e+02 eV (4087 points)
  error tolerance: rtol=0.005, atol=1e-05
Found 11 peaks
Fitting orders from 22 to 200
Order=22(0/90)
Order=24(1/90)
Order=26(2/90)
Order=28(3/90)
Order=30(4/90)
Order=32(5/90)
Order=34(6/90)
Order=36(7/90)
Order=38(8/90)
Order=40(9/90)
Order=42(10/90)
Order=44(11/90)
Order=46(12/90)
Order=48(13/90)
Order=50(14/90)
Order=52(15/90)
Order=54(16/90)
Order=56(17/90)
Order=58(18/90)
Order=60(19/90)
Found 4 real poles and 18 conjugate complex pairs.
Final number of poles: 22
Saved figure: WMP_Lib/Sm149/144-183_MT2.png
Saved figure: WMP_Lib/Sm149/144-183_MT27.png
Saved figure: WMP_Lib/Sm149/144-183_MT102.png
Saved figure: WMP_Lib/Sm149/144-183_MT107.png
Vector fitting piece 18/29...
  energy: 1.639e+02 to 2.050e+02 eV (4581 points)
  error tolerance: rtol=0.005, atol=1e-05
Found 13 peaks
Fitting orders from 26 to 200
Order=26(0/88)
Order=28(1/88)
Order=30(2/88)
Order=32(3/88)
Order=34(4/88)
Order=36(5/88)
Order=38(6/88)
Order=40(7/88)
Order=42(8/88)
Order=44(9/88)
Order=46(10/88)
Order=48(11/88)
Order=50(12/88)
Order=52(13/88)
Order=54(14/88)
Order=56(15/88)
Order=58(16/88)
Order=60(17/88)
Found 3 real poles and 17 conjugate complex pairs.
Final number of poles: 20
Saved figure: WMP_Lib/Sm149/164-205_MT2.png
Saved figure: WMP_Lib/Sm149/164-205_MT27.png
Saved figure: WMP_Lib/Sm149/164-205_MT102.png
Saved figure: WMP_Lib/Sm149/164-205_MT107.png
Vector fitting piece 19/29...
  energy: 1.847e+02 to 2.281e+02 eV (4551 points)
  error tolerance: rtol=0.005, atol=1e-05
Found 12 peaks
Fitting orders from 24 to 200
Order=24(0/89)
Order=26(1/89)
Order=28(2/89)
Order=30(3/89)
Order=32(4/89)
Order=34(5/89)
Found ideal results. Stop!
Found 4 real poles and 15 conjugate complex pairs.
Final number of poles: 19
Saved figure: WMP_Lib/Sm149/185-228_MT2.png
Saved figure: WMP_Lib/Sm149/185-228_MT27.png
Saved figure: WMP_Lib/Sm149/185-228_MT102.png
Saved figure: WMP_Lib/Sm149/185-228_MT107.png
Vector fitting piece 20/29...
  energy: 2.067e+02 to 2.526e+02 eV (4542 points)
  error tolerance: rtol=0.005, atol=1e-05
Found 11 peaks
Fitting orders from 22 to 200
Order=22(0/90)
Order=24(1/90)
Order=26(2/90)
Order=28(3/90)
Order=30(4/90)
Order=32(5/90)
Order=34(6/90)
Order=36(7/90)
Order=38(8/90)
Order=40(9/90)
Order=42(10/90)
Order=44(11/90)
Order=46(12/90)
Order=48(13/90)
Order=50(14/90)
Order=52(15/90)
Order=54(16/90)
Order=56(17/90)
Order=58(18/90)
Order=60(19/90)
Found 4 real poles and 13 conjugate complex pairs.
Final number of poles: 17
Saved figure: WMP_Lib/Sm149/207-253_MT2.png
Saved figure: WMP_Lib/Sm149/207-253_MT27.png
Saved figure: WMP_Lib/Sm149/207-253_MT102.png
Saved figure: WMP_Lib/Sm149/207-253_MT107.png
Vector fitting piece 21/29...
  energy: 2.299e+02 to 2.784e+02 eV (5035 points)
  error tolerance: rtol=0.005, atol=1e-05
Found 14 peaks
Fitting orders from 28 to 200
Order=28(0/87)
Order=30(1/87)
Order=32(2/87)
Order=34(3/87)
Order=36(4/87)
Order=38(5/87)
Found ideal results. Stop!
Found 2 real poles and 18 conjugate complex pairs.
Final number of poles: 20
Saved figure: WMP_Lib/Sm149/230-278_MT2.png
Saved figure: WMP_Lib/Sm149/230-278_MT27.png
Saved figure: WMP_Lib/Sm149/230-278_MT102.png
Saved figure: WMP_Lib/Sm149/230-278_MT107.png
Vector fitting piece 22/29...
  energy: 2.544e+02 to 3.050e+02 eV (5900 points)
  error tolerance: rtol=0.005, atol=1e-05
Found 17 peaks
Fitting orders from 34 to 200
Order=34(0/84)
Order=36(1/84)
Order=38(2/84)
Order=40(3/84)
Order=42(4/84)
Order=44(5/84)
Found ideal results. Stop!
Found 5 real poles and 20 conjugate complex pairs.
Final number of poles: 25
Saved figure: WMP_Lib/Sm149/254-305_MT2.png
Saved figure: WMP_Lib/Sm149/254-305_MT27.png
Saved figure: WMP_Lib/Sm149/254-305_MT102.png
Saved figure: WMP_Lib/Sm149/254-305_MT107.png
Vector fitting piece 23/29...
  energy: 2.800e+02 to 3.330e+02 eV (7028 points)
  error tolerance: rtol=0.005, atol=1e-05
Found 20 peaks
Fitting orders from 40 to 200
Order=40(0/81)
Order=42(1/81)
Order=44(2/81)
Order=46(3/81)
Order=48(4/81)
Order=50(5/81)
Order=52(6/81)
Order=54(7/81)
Order=56(8/81)
Order=58(9/81)
Order=60(10/81)
Found 2 real poles and 24 conjugate complex pairs.
Final number of poles: 26
Saved figure: WMP_Lib/Sm149/280-333_MT2.png
Saved figure: WMP_Lib/Sm149/280-333_MT27.png
Saved figure: WMP_Lib/Sm149/280-333_MT102.png
Saved figure: WMP_Lib/Sm149/280-333_MT107.png
Vector fitting piece 24/29...
  energy: 3.070e+02 to 3.624e+02 eV (6387 points)
  error tolerance: rtol=0.005, atol=1e-05
Found 18 peaks
Fitting orders from 36 to 200
Order=36(0/83)
Order=38(1/83)
Order=40(2/83)
Order=42(3/83)
Order=44(4/83)
Order=46(5/83)
Order=48(6/83)
Order=50(7/83)
Order=52(8/83)
Order=54(9/83)
Order=56(10/83)
Order=58(11/83)
Order=60(12/83)
Order=62(13/83)
Found 4 real poles and 24 conjugate complex pairs.
Final number of poles: 28
Saved figure: WMP_Lib/Sm149/307-362_MT2.png
Saved figure: WMP_Lib/Sm149/307-362_MT27.png
Saved figure: WMP_Lib/Sm149/307-362_MT102.png
Saved figure: WMP_Lib/Sm149/307-362_MT107.png
Vector fitting piece 25/29...
  energy: 3.351e+02 to 3.929e+02 eV (5149 points)
  error tolerance: rtol=0.005, atol=1e-05
Found 13 peaks
Fitting orders from 26 to 200
Order=26(0/88)
Order=28(1/88)
Order=30(2/88)
Order=32(3/88)
Order=34(4/88)
Order=36(5/88)
Found ideal results. Stop!
Found 4 real poles and 17 conjugate complex pairs.
Final number of poles: 21
Saved figure: WMP_Lib/Sm149/335-393_MT2.png
Saved figure: WMP_Lib/Sm149/335-393_MT27.png
Saved figure: WMP_Lib/Sm149/335-393_MT102.png
Saved figure: WMP_Lib/Sm149/335-393_MT107.png
Vector fitting piece 26/29...
  energy: 3.645e+02 to 4.247e+02 eV (4099 points)
  error tolerance: rtol=0.005, atol=1e-05
Found 10 peaks
Fitting orders from 20 to 200
Order=20(0/91)
Order=22(1/91)
Order=24(2/91)
Order=26(3/91)
Order=28(4/91)
Order=30(5/91)
Order=32(6/91)
Order=34(7/91)
Order=36(8/91)
Order=38(9/91)
Order=40(10/91)
Order=42(11/91)
Order=44(12/91)
Order=46(13/91)
Order=48(14/91)
Order=50(15/91)
Order=52(16/91)
Order=54(17/91)
Order=56(18/91)
Order=58(19/91)
Order=60(20/91)
Found 5 real poles and 11 conjugate complex pairs.
Final number of poles: 16
Saved figure: WMP_Lib/Sm149/364-425_MT2.png
Saved figure: WMP_Lib/Sm149/364-425_MT27.png
Saved figure: WMP_Lib/Sm149/364-425_MT102.png
Saved figure: WMP_Lib/Sm149/364-425_MT107.png
Vector fitting piece 27/29...
  energy: 3.951e+02 to 4.577e+02 eV (5297 points)
  error tolerance: rtol=0.005, atol=1e-05
Found 13 peaks
Fitting orders from 26 to 200
Order=26(0/88)
Order=28(1/88)
Order=30(2/88)
Order=32(3/88)
Found ideal results. Stop!
Found 4 real poles and 14 conjugate complex pairs.
Final number of poles: 18
Saved figure: WMP_Lib/Sm149/395-458_MT2.png
Saved figure: WMP_Lib/Sm149/395-458_MT27.png
Saved figure: WMP_Lib/Sm149/395-458_MT102.png
Saved figure: WMP_Lib/Sm149/395-458_MT107.png
Vector fitting piece 28/29...
  energy: 4.270e+02 to 4.919e+02 eV (5760 points)
  error tolerance: rtol=0.005, atol=1e-05
Found 14 peaks
Fitting orders from 28 to 200
Order=28(0/87)
Order=30(1/87)
Order=32(2/87)
Order=34(3/87)
Found ideal results. Stop!
Found 6 real poles and 14 conjugate complex pairs.
Final number of poles: 20
Saved figure: WMP_Lib/Sm149/427-492_MT2.png
Saved figure: WMP_Lib/Sm149/427-492_MT27.png
Saved figure: WMP_Lib/Sm149/427-492_MT102.png
Saved figure: WMP_Lib/Sm149/427-492_MT107.png
Vector fitting piece 29/29...
  energy: 4.601e+02 to 5.197e+02 eV (4727 points)
  error tolerance: rtol=0.005, atol=1e-05
Found 12 peaks
Fitting orders from 24 to 200
Order=24(0/89)
Order=26(1/89)
Order=28(2/89)
Found ideal results. Stop!
Found 4 real poles and 12 conjugate complex pairs.
Final number of poles: 16
Saved figure: WMP_Lib/Sm149/460-520_MT2.png
Saved figure: WMP_Lib/Sm149/460-520_MT27.png
Saved figure: WMP_Lib/Sm149/460-520_MT102.png
Saved figure: WMP_Lib/Sm149/460-520_MT107.png
Dumped multipole data to file: WMP_Lib/Sm149/Sm149_mp.pickle
Start searching ...
Testing N_win=38 N_cf=10
Windowing:
  config: # windows=38, spacing=0.599835924918038, CF order=10
  error tolerance: rtol=0.005, atol=1e-05
Failed: Pure curvefit failed for the first window!
Testing N_win=141 N_cf=10
Windowing:
  config: # windows=141, spacing=0.16165790884315917, CF order=10
  error tolerance: rtol=0.005, atol=1e-05
Failed: Pure curvefit failed for the first window!
Testing N_win=244 N_cf=10
Windowing:
  config: # windows=244, spacing=0.09341707027412068, CF order=10
  error tolerance: rtol=0.005, atol=1e-05
Failed: Pure curvefit failed for the first window!
Testing N_win=347 N_cf=10
Windowing:
  config: # windows=347, spacing=0.06568808399678802, CF order=10
  error tolerance: rtol=0.005, atol=1e-05
Failed: Pure curvefit failed for the first window!
Testing N_win=451 N_cf=10
Windowing:
  config: # windows=451, spacing=0.050540499217040895, CF order=10
  error tolerance: rtol=0.005, atol=1e-05
Failed: Pure curvefit failed for the first window!
Testing N_win=554 N_cf=10
Windowing:
  config: # windows=554, spacing=0.041143980409540516, CF order=10
  error tolerance: rtol=0.005, atol=1e-05
Failed: Pure curvefit failed for the first window!
Testing N_win=657 N_cf=10
Windowing:
  config: # windows=657, spacing=0.03469370646405699, CF order=10
  error tolerance: rtol=0.005, atol=1e-05
Failed: Pure curvefit failed for the first window!
Testing N_win=760 N_cf=10
Windowing:
  config: # windows=760, spacing=0.0299917962459019, CF order=10
  error tolerance: rtol=0.005, atol=1e-05
Failed: Pure curvefit failed for the first window!
Testing N_win=864 N_cf=10
Windowing:
  config: # windows=864, spacing=0.026381672623710006, CF order=10
  error tolerance: rtol=0.005, atol=1e-05
Failed: Pure curvefit failed for the first window!
Testing N_win=967 N_cf=10
Windowing:
  config: # windows=967, spacing=0.023571628900605424, CF order=10
  error tolerance: rtol=0.005, atol=1e-05
Failed: Pure curvefit failed for the first window!
Testing N_win=1070 N_cf=10
Windowing:
  config: # windows=1070, spacing=0.02130258424942565, CF order=10
  error tolerance: rtol=0.005, atol=1e-05
Failed: Pure curvefit failed for the first window!
Testing N_win=1173 N_cf=10
Windowing:
  config: # windows=1173, spacing=0.019432024848154685, CF order=10
  error tolerance: rtol=0.005, atol=1e-05
Failed: Pure curvefit failed for the first window!
Testing N_win=1277 N_cf=10
Windowing:
  config: # windows=1277, spacing=0.017849463701554772, CF order=10
  error tolerance: rtol=0.005, atol=1e-05
Failed: Pure curvefit failed for the first window!
Testing N_win=1380 N_cf=10
Windowing:
  config: # windows=1380, spacing=0.016517221120931482, CF order=10
  error tolerance: rtol=0.005, atol=1e-05
Failed: Pure curvefit failed for the first window!
Testing N_win=1483 N_cf=10
Windowing:
  config: # windows=1483, spacing=0.015370037186031993, CF order=10
  error tolerance: rtol=0.005, atol=1e-05
Failed: Pure curvefit failed for the first window!
Testing N_win=1586 N_cf=10
Windowing:
  config: # windows=1586, spacing=0.014371856965249334, CF order=10
  error tolerance: rtol=0.005, atol=1e-05
Failed: Pure curvefit failed for the first window!
Testing N_win=1690 N_cf=10
Windowing:
  config: # windows=1690, spacing=0.013487434998157069, CF order=10
  error tolerance: rtol=0.005, atol=1e-05
Failed: Pure curvefit failed for the first window!
Testing N_win=1793 N_cf=10
Windowing:
  config: # windows=1793, spacing=0.012712640907353846, CF order=10
  error tolerance: rtol=0.005, atol=1e-05
Failed: Pure curvefit failed for the first window!
Testing N_win=1896 N_cf=10
Windowing:
  config: # windows=1896, spacing=0.012022028031057725, CF order=10
  error tolerance: rtol=0.005, atol=1e-05
Failed: Pure curvefit failed for the first window!
Testing N_win=2000 N_cf=10
Windowing:
  config: # windows=2000, spacing=0.011396882573442723, CF order=10
  error tolerance: rtol=0.005, atol=1e-05
Failed: Pure curvefit failed for the first window!
