Running NJOY to get 0K point-wise data (error=0.0005)...
Parsing cross sections within resolved resonance range...
  MTs: [2, 27, 102, 103, 107]
  Energy range: 1.000e-05 to 1.148e+04 eV (20194 points)
Vector fitting piece 1/10...
  energy: 1.000e-05 to 1.181e+02 eV (865 points)
  error tolerance: rtol=0.001, atol=1e-05
Found 0 peaks
Fitting orders from 2 to 200
Order=2(0/100)
Order=4(1/100)
Order=6(2/100)
Order=8(3/100)
Order=10(4/100)
Order=12(5/100)
Order=14(6/100)
Order=16(7/100)
Order=18(8/100)
Order=20(9/100)
Order=22(10/100)
Order=24(11/100)
Order=26(12/100)
Order=28(13/100)
Order=30(14/100)
Order=32(15/100)
Order=34(16/100)
Order=36(17/100)
Order=38(18/100)
Order=40(19/100)
Order=42(20/100)
Order=44(21/100)
Order=46(22/100)
Order=48(23/100)
Order=50(24/100)
Order=52(25/100)
Order=54(26/100)
Order=56(27/100)
Order=58(28/100)
Order=60(29/100)
Order=62(30/100)
Order=64(31/100)
Order=66(32/100)
Order=68(33/100)
Order=70(34/100)
Order=72(35/100)
Order=74(36/100)
Order=76(37/100)
Order=78(38/100)
Order=80(39/100)
Order=82(40/100)
Order=84(41/100)
Order=86(42/100)
Order=88(43/100)
Order=90(44/100)
Order=92(45/100)
Order=94(46/100)
Order=96(47/100)
Order=98(48/100)
Found 0 real poles and 59 conjugate complex pairs.
Final number of poles: 59
Saved figure: WMP_Lib/Tl204/0-118_MT2.png
Saved figure: WMP_Lib/Tl204/0-118_MT27.png
Saved figure: WMP_Lib/Tl204/0-118_MT102.png
Saved figure: WMP_Lib/Tl204/0-118_MT103.png
Saved figure: WMP_Lib/Tl204/0-118_MT107.png
Vector fitting piece 2/10...
  energy: 2.656e+01 to 4.719e+02 eV (599 points)
  error tolerance: rtol=0.001, atol=1e-05
Found 1 peaks
Fitting orders from 2 to 200
Order=2(0/100)
Order=4(1/100)
Order=6(2/100)
Found ideal results. Stop!
Found 2 real poles and 2 conjugate complex pairs.
Final number of poles: 4
Saved figure: WMP_Lib/Tl204/27-472_MT2.png
Saved figure: WMP_Lib/Tl204/27-472_MT27.png
Saved figure: WMP_Lib/Tl204/27-472_MT102.png
Saved figure: WMP_Lib/Tl204/27-472_MT103.png
Saved figure: WMP_Lib/Tl204/27-472_MT107.png
Vector fitting piece 3/10...
  energy: 2.516e+02 to 1.047e+03 eV (869 points)
  error tolerance: rtol=0.001, atol=1e-05
Found 2 peaks
Fitting orders from 4 to 200
Order=4(0/99)
Order=6(1/99)
Order=8(2/99)
Order=10(3/99)
Found ideal results. Stop!
Found 0 real poles and 5 conjugate complex pairs.
Final number of poles: 5
Saved figure: WMP_Lib/Tl204/252-1047_MT2.png
Saved figure: WMP_Lib/Tl204/252-1047_MT27.png
Saved figure: WMP_Lib/Tl204/252-1047_MT102.png
Saved figure: WMP_Lib/Tl204/252-1047_MT103.png
Saved figure: WMP_Lib/Tl204/252-1047_MT107.png
Vector fitting piece 4/10...
  energy: 7.098e+02 to 1.851e+03 eV (2288 points)
  error tolerance: rtol=0.001, atol=1e-05
Found 6 peaks
Fitting orders from 12 to 200
Order=12(0/95)
Order=14(1/95)
Order=16(2/95)
Found ideal results. Stop!
Found 2 real poles and 7 conjugate complex pairs.
Final number of poles: 9
Saved figure: WMP_Lib/Tl204/710-1851_MT2.png
Saved figure: WMP_Lib/Tl204/710-1851_MT27.png
Saved figure: WMP_Lib/Tl204/710-1851_MT102.png
Saved figure: WMP_Lib/Tl204/710-1851_MT103.png
Saved figure: WMP_Lib/Tl204/710-1851_MT107.png
Vector fitting piece 5/10...
  energy: 1.396e+03 to 2.889e+03 eV (2399 points)
  error tolerance: rtol=0.001, atol=1e-05
Found 6 peaks
Fitting orders from 12 to 200
Order=12(0/95)
Order=14(1/95)
Order=16(2/95)
Order=18(3/95)
Order=20(4/95)
Order=22(5/95)
Order=24(6/95)
Order=26(7/95)
Order=28(8/95)
Order=30(9/95)
Order=32(10/95)
Order=34(11/95)
Order=36(12/95)
Order=38(13/95)
Order=40(14/95)
Order=42(15/95)
Order=44(16/95)
Order=46(17/95)
Order=48(18/95)
Order=50(19/95)
Order=52(20/95)
Order=54(21/95)
Order=56(22/95)
Order=58(23/95)
Order=60(24/95)
Found 0 real poles and 9 conjugate complex pairs.
Final number of poles: 9
Saved figure: WMP_Lib/Tl204/1396-2889_MT2.png
Saved figure: WMP_Lib/Tl204/1396-2889_MT27.png
Saved figure: WMP_Lib/Tl204/1396-2889_MT102.png
Saved figure: WMP_Lib/Tl204/1396-2889_MT103.png
Saved figure: WMP_Lib/Tl204/1396-2889_MT107.png
Vector fitting piece 6/10...
  energy: 2.311e+03 to 4.164e+03 eV (3770 points)
  error tolerance: rtol=0.001, atol=1e-05
Found 10 peaks
Fitting orders from 20 to 200
Order=20(0/91)
Order=22(1/91)
Order=24(2/91)
Order=26(3/91)
Order=28(4/91)
Order=30(5/91)
Order=32(6/91)
Order=34(7/91)
Order=36(8/91)
Order=38(9/91)
Order=40(10/91)
Order=42(11/91)
Order=44(12/91)
Order=46(13/91)
Order=48(14/91)
Order=50(15/91)
Order=52(16/91)
Order=54(17/91)
Order=56(18/91)
Order=58(19/91)
Order=60(20/91)
Found 2 real poles and 12 conjugate complex pairs.
Final number of poles: 14
Saved figure: WMP_Lib/Tl204/2311-4164_MT2.png
Saved figure: WMP_Lib/Tl204/2311-4164_MT27.png
Saved figure: WMP_Lib/Tl204/2311-4164_MT102.png
Saved figure: WMP_Lib/Tl204/2311-4164_MT103.png
Saved figure: WMP_Lib/Tl204/2311-4164_MT107.png
Vector fitting piece 7/10...
  energy: 3.457e+03 to 5.650e+03 eV (4178 points)
  error tolerance: rtol=0.001, atol=1e-05
Found 14 peaks
Fitting orders from 28 to 200
Order=28(0/87)
Order=30(1/87)
Order=32(2/87)
Order=34(3/87)
Order=36(4/87)
Order=38(5/87)
Order=40(6/87)
Order=42(7/87)
Order=44(8/87)
Order=46(9/87)
Order=48(10/87)
Order=50(11/87)
Order=52(12/87)
Order=54(13/87)
Order=56(14/87)
Order=58(15/87)
Order=60(16/87)
Found 2 real poles and 17 conjugate complex pairs.
Final number of poles: 19
Saved figure: WMP_Lib/Tl204/3457-5650_MT2.png
Saved figure: WMP_Lib/Tl204/3457-5650_MT27.png
Saved figure: WMP_Lib/Tl204/3457-5650_MT102.png
Saved figure: WMP_Lib/Tl204/3457-5650_MT103.png
Saved figure: WMP_Lib/Tl204/3457-5650_MT107.png
Vector fitting piece 8/10...
  energy: 4.832e+03 to 7.376e+03 eV (3601 points)
  error tolerance: rtol=0.001, atol=1e-05
Found 13 peaks
Fitting orders from 26 to 200
Order=26(0/88)
Order=28(1/88)
Order=30(2/88)
Order=32(3/88)
Order=34(4/88)
Order=36(5/88)
Order=38(6/88)
Order=40(7/88)
Order=42(8/88)
Order=44(9/88)
Order=46(10/88)
Order=48(11/88)
Order=50(12/88)
Order=52(13/88)
Order=54(14/88)
Order=56(15/88)
Order=58(16/88)
Order=60(17/88)
Found 4 real poles and 14 conjugate complex pairs.
Final number of poles: 18
Saved figure: WMP_Lib/Tl204/4832-7376_MT2.png
Saved figure: WMP_Lib/Tl204/4832-7376_MT27.png
Saved figure: WMP_Lib/Tl204/4832-7376_MT102.png
Saved figure: WMP_Lib/Tl204/4832-7376_MT103.png
Saved figure: WMP_Lib/Tl204/4832-7376_MT107.png
Vector fitting piece 9/10...
  energy: 6.434e+03 to 9.329e+03 eV (5572 points)
  error tolerance: rtol=0.001, atol=1e-05
Found 21 peaks
Fitting orders from 42 to 200
Order=42(0/80)
Order=44(1/80)
Order=46(2/80)
Order=48(3/80)
Order=50(4/80)
Order=52(5/80)
Order=54(6/80)
Order=56(7/80)
Order=58(8/80)
Order=60(9/80)
Found 4 real poles and 22 conjugate complex pairs.
Final number of poles: 26
Saved figure: WMP_Lib/Tl204/6434-9329_MT2.png
Saved figure: WMP_Lib/Tl204/6434-9329_MT27.png
Saved figure: WMP_Lib/Tl204/6434-9329_MT102.png
Saved figure: WMP_Lib/Tl204/6434-9329_MT103.png
Saved figure: WMP_Lib/Tl204/6434-9329_MT107.png
Vector fitting piece 10/10...
  energy: 8.268e+03 to 1.148e+04 eV (5287 points)
  error tolerance: rtol=0.001, atol=1e-05
Found 20 peaks
Fitting orders from 40 to 200
Order=40(0/81)
Order=42(1/81)
Order=44(2/81)
Order=46(3/81)
Order=48(4/81)
Order=50(5/81)
Order=52(6/81)
Order=54(7/81)
Order=56(8/81)
Order=58(9/81)
Order=60(10/81)
Found 2 real poles and 22 conjugate complex pairs.
Final number of poles: 24
Saved figure: WMP_Lib/Tl204/8268-11483_MT2.png
Saved figure: WMP_Lib/Tl204/8268-11483_MT27.png
Saved figure: WMP_Lib/Tl204/8268-11483_MT102.png
Saved figure: WMP_Lib/Tl204/8268-11483_MT103.png
Saved figure: WMP_Lib/Tl204/8268-11483_MT107.png
Dumped multipole data to file: WMP_Lib/Tl204/Tl204_mp.pickle
Start searching ...
Testing N_win=9 N_cf=10
Failed: Window spacing cannot be larger than piece spacing.
Testing N_win=113 N_cf=10
Windowing:
  config: # windows=113, spacing=0.9482961488510532, CF order=10
  error tolerance: rtol=0.001, atol=1e-05
Best library so far.
Testing N_win=113 N_cf=9
Windowing:
  config: # windows=113, spacing=0.9482961488510532, CF order=9
  error tolerance: rtol=0.001, atol=1e-05
Best library so far.
Testing N_win=113 N_cf=8
Windowing:
  config: # windows=113, spacing=0.9482961488510532, CF order=8
  error tolerance: rtol=0.001, atol=1e-05
Best library so far.
Testing N_win=113 N_cf=7
Windowing:
  config: # windows=113, spacing=0.9482961488510532, CF order=7
  error tolerance: rtol=0.001, atol=1e-05
Best library so far.
Testing N_win=113 N_cf=6
Windowing:
  config: # windows=113, spacing=0.9482961488510532, CF order=6
  error tolerance: rtol=0.001, atol=1e-05
Best library so far.
Testing N_win=113 N_cf=5
Windowing:
  config: # windows=113, spacing=0.9482961488510532, CF order=5
  error tolerance: rtol=0.001, atol=1e-05
Best library so far.
Testing N_win=113 N_cf=4
Windowing:
  config: # windows=113, spacing=0.9482961488510532, CF order=4
  error tolerance: rtol=0.001, atol=1e-05
Best library so far.
Testing N_win=113 N_cf=3
Windowing:
  config: # windows=113, spacing=0.9482961488510532, CF order=3
  error tolerance: rtol=0.001, atol=1e-05
Failed: Pure curvefit failed for the first window!
Testing N_win=218 N_cf=10
Windowing:
  config: # windows=218, spacing=0.49154800376224317, CF order=10
  error tolerance: rtol=0.001, atol=1e-05
Best library so far.
Testing N_win=218 N_cf=9
Windowing:
  config: # windows=218, spacing=0.49154800376224317, CF order=9
  error tolerance: rtol=0.001, atol=1e-05
Best library so far.
Testing N_win=218 N_cf=8
Windowing:
  config: # windows=218, spacing=0.49154800376224317, CF order=8
  error tolerance: rtol=0.001, atol=1e-05
Best library so far.
Testing N_win=218 N_cf=7
Windowing:
  config: # windows=218, spacing=0.49154800376224317, CF order=7
  error tolerance: rtol=0.001, atol=1e-05
Best library so far.
Testing N_win=218 N_cf=6
Windowing:
  config: # windows=218, spacing=0.49154800376224317, CF order=6
  error tolerance: rtol=0.001, atol=1e-05
Best library so far.
Testing N_win=218 N_cf=5
Windowing:
  config: # windows=218, spacing=0.49154800376224317, CF order=5
  error tolerance: rtol=0.001, atol=1e-05
Best library so far.
Testing N_win=218 N_cf=4
Windowing:
  config: # windows=218, spacing=0.49154800376224317, CF order=4
  error tolerance: rtol=0.001, atol=1e-05
Best library so far.
Testing N_win=218 N_cf=3
Windowing:
  config: # windows=218, spacing=0.49154800376224317, CF order=3
  error tolerance: rtol=0.001, atol=1e-05
Best library so far.
Testing N_win=218 N_cf=2
Windowing:
  config: # windows=218, spacing=0.49154800376224317, CF order=2
  error tolerance: rtol=0.001, atol=1e-05
Failed: Pure curvefit failed for the first window!
Testing N_win=323 N_cf=10
Windowing:
  config: # windows=323, spacing=0.33175685702838703, CF order=10
  error tolerance: rtol=0.001, atol=1e-05
Testing N_win=323 N_cf=9
Windowing:
  config: # windows=323, spacing=0.33175685702838703, CF order=9
  error tolerance: rtol=0.001, atol=1e-05
Testing N_win=323 N_cf=8
Windowing:
  config: # windows=323, spacing=0.33175685702838703, CF order=8
  error tolerance: rtol=0.001, atol=1e-05
Testing N_win=323 N_cf=7
Windowing:
  config: # windows=323, spacing=0.33175685702838703, CF order=7
  error tolerance: rtol=0.001, atol=1e-05
Testing N_win=323 N_cf=6
Windowing:
  config: # windows=323, spacing=0.33175685702838703, CF order=6
  error tolerance: rtol=0.001, atol=1e-05
Testing N_win=323 N_cf=5
Windowing:
  config: # windows=323, spacing=0.33175685702838703, CF order=5
  error tolerance: rtol=0.001, atol=1e-05
Best library so far.
Testing N_win=323 N_cf=4
Windowing:
  config: # windows=323, spacing=0.33175685702838703, CF order=4
  error tolerance: rtol=0.001, atol=1e-05
Best library so far.
Testing N_win=323 N_cf=3
Windowing:
  config: # windows=323, spacing=0.33175685702838703, CF order=3
  error tolerance: rtol=0.001, atol=1e-05
Best library so far.
Testing N_win=323 N_cf=2
Windowing:
  config: # windows=323, spacing=0.33175685702838703, CF order=2
  error tolerance: rtol=0.001, atol=1e-05
Testing N_win=428 N_cf=10
Windowing:
  config: # windows=428, spacing=0.2503679084583388, CF order=10
  error tolerance: rtol=0.001, atol=1e-05
Testing N_win=428 N_cf=9
Windowing:
  config: # windows=428, spacing=0.2503679084583388, CF order=9
  error tolerance: rtol=0.001, atol=1e-05
Testing N_win=428 N_cf=8
Windowing:
  config: # windows=428, spacing=0.2503679084583388, CF order=8
  error tolerance: rtol=0.001, atol=1e-05
Testing N_win=428 N_cf=7
Windowing:
  config: # windows=428, spacing=0.2503679084583388, CF order=7
  error tolerance: rtol=0.001, atol=1e-05
Testing N_win=428 N_cf=6
Windowing:
  config: # windows=428, spacing=0.2503679084583388, CF order=6
  error tolerance: rtol=0.001, atol=1e-05
Testing N_win=428 N_cf=5
Windowing:
  config: # windows=428, spacing=0.2503679084583388, CF order=5
  error tolerance: rtol=0.001, atol=1e-05
Testing N_win=428 N_cf=4
Windowing:
  config: # windows=428, spacing=0.2503679084583388, CF order=4
  error tolerance: rtol=0.001, atol=1e-05
Testing N_win=428 N_cf=3
Windowing:
  config: # windows=428, spacing=0.2503679084583388, CF order=3
  error tolerance: rtol=0.001, atol=1e-05
Best library so far.
Testing N_win=428 N_cf=2
Windowing:
  config: # windows=428, spacing=0.2503679084583388, CF order=2
  error tolerance: rtol=0.001, atol=1e-05
Testing N_win=532 N_cf=10
Windowing:
  config: # windows=532, spacing=0.20142380605294927, CF order=10
  error tolerance: rtol=0.001, atol=1e-05
Testing N_win=532 N_cf=9
Windowing:
  config: # windows=532, spacing=0.20142380605294927, CF order=9
  error tolerance: rtol=0.001, atol=1e-05
Testing N_win=532 N_cf=8
Windowing:
  config: # windows=532, spacing=0.20142380605294927, CF order=8
  error tolerance: rtol=0.001, atol=1e-05
Testing N_win=532 N_cf=7
Windowing:
  config: # windows=532, spacing=0.20142380605294927, CF order=7
  error tolerance: rtol=0.001, atol=1e-05
Testing N_win=532 N_cf=6
Windowing:
  config: # windows=532, spacing=0.20142380605294927, CF order=6
  error tolerance: rtol=0.001, atol=1e-05
Testing N_win=532 N_cf=5
Windowing:
  config: # windows=532, spacing=0.20142380605294927, CF order=5
  error tolerance: rtol=0.001, atol=1e-05
Testing N_win=532 N_cf=4
Windowing:
  config: # windows=532, spacing=0.20142380605294927, CF order=4
  error tolerance: rtol=0.001, atol=1e-05
Testing N_win=532 N_cf=3
Windowing:
  config: # windows=532, spacing=0.20142380605294927, CF order=3
  error tolerance: rtol=0.001, atol=1e-05
Best library so far.
Testing N_win=532 N_cf=2
Windowing:
  config: # windows=532, spacing=0.20142380605294927, CF order=2
  error tolerance: rtol=0.001, atol=1e-05
Testing N_win=637 N_cf=10
Windowing:
  config: # windows=637, spacing=0.1682220797804851, CF order=10
  error tolerance: rtol=0.001, atol=1e-05
Testing N_win=637 N_cf=9
Windowing:
  config: # windows=637, spacing=0.1682220797804851, CF order=9
  error tolerance: rtol=0.001, atol=1e-05
Testing N_win=637 N_cf=8
Windowing:
  config: # windows=637, spacing=0.1682220797804851, CF order=8
  error tolerance: rtol=0.001, atol=1e-05
Testing N_win=637 N_cf=7
Windowing:
  config: # windows=637, spacing=0.1682220797804851, CF order=7
  error tolerance: rtol=0.001, atol=1e-05
Testing N_win=637 N_cf=6
Windowing:
  config: # windows=637, spacing=0.1682220797804851, CF order=6
  error tolerance: rtol=0.001, atol=1e-05
Testing N_win=637 N_cf=5
Windowing:
  config: # windows=637, spacing=0.1682220797804851, CF order=5
  error tolerance: rtol=0.001, atol=1e-05
Testing N_win=637 N_cf=4
Windowing:
  config: # windows=637, spacing=0.1682220797804851, CF order=4
  error tolerance: rtol=0.001, atol=1e-05
Testing N_win=637 N_cf=3
Windowing:
  config: # windows=637, spacing=0.1682220797804851, CF order=3
  error tolerance: rtol=0.001, atol=1e-05
Testing N_win=637 N_cf=2
Windowing:
  config: # windows=637, spacing=0.1682220797804851, CF order=2
  error tolerance: rtol=0.001, atol=1e-05
Testing N_win=742 N_cf=10
Windowing:
  config: # windows=742, spacing=0.1444170684907938, CF order=10
  error tolerance: rtol=0.001, atol=1e-05
Testing N_win=742 N_cf=9
Windowing:
  config: # windows=742, spacing=0.1444170684907938, CF order=9
  error tolerance: rtol=0.001, atol=1e-05
Testing N_win=742 N_cf=8
Windowing:
  config: # windows=742, spacing=0.1444170684907938, CF order=8
  error tolerance: rtol=0.001, atol=1e-05
Testing N_win=742 N_cf=7
Windowing:
  config: # windows=742, spacing=0.1444170684907938, CF order=7
  error tolerance: rtol=0.001, atol=1e-05
Testing N_win=742 N_cf=6
Windowing:
  config: # windows=742, spacing=0.1444170684907938, CF order=6
  error tolerance: rtol=0.001, atol=1e-05
Testing N_win=742 N_cf=5
Windowing:
  config: # windows=742, spacing=0.1444170684907938, CF order=5
  error tolerance: rtol=0.001, atol=1e-05
Testing N_win=742 N_cf=4
Windowing:
  config: # windows=742, spacing=0.1444170684907938, CF order=4
  error tolerance: rtol=0.001, atol=1e-05
Testing N_win=742 N_cf=3
Windowing:
  config: # windows=742, spacing=0.1444170684907938, CF order=3
  error tolerance: rtol=0.001, atol=1e-05
Testing N_win=742 N_cf=2
Windowing:
  config: # windows=742, spacing=0.1444170684907938, CF order=2
  error tolerance: rtol=0.001, atol=1e-05
Testing N_win=847 N_cf=10
Windowing:
  config: # windows=847, spacing=0.12651412611590201, CF order=10
  error tolerance: rtol=0.001, atol=1e-05
Testing N_win=847 N_cf=9
Windowing:
  config: # windows=847, spacing=0.12651412611590201, CF order=9
  error tolerance: rtol=0.001, atol=1e-05
Testing N_win=847 N_cf=8
Windowing:
  config: # windows=847, spacing=0.12651412611590201, CF order=8
  error tolerance: rtol=0.001, atol=1e-05
Testing N_win=847 N_cf=7
Windowing:
  config: # windows=847, spacing=0.12651412611590201, CF order=7
  error tolerance: rtol=0.001, atol=1e-05
Testing N_win=847 N_cf=6
Windowing:
  config: # windows=847, spacing=0.12651412611590201, CF order=6
  error tolerance: rtol=0.001, atol=1e-05
Testing N_win=847 N_cf=5
Windowing:
  config: # windows=847, spacing=0.12651412611590201, CF order=5
  error tolerance: rtol=0.001, atol=1e-05
Testing N_win=847 N_cf=4
Windowing:
  config: # windows=847, spacing=0.12651412611590201, CF order=4
  error tolerance: rtol=0.001, atol=1e-05
Testing N_win=847 N_cf=3
Windowing:
  config: # windows=847, spacing=0.12651412611590201, CF order=3
  error tolerance: rtol=0.001, atol=1e-05
Testing N_win=847 N_cf=2
Windowing:
  config: # windows=847, spacing=0.12651412611590201, CF order=2
  error tolerance: rtol=0.001, atol=1e-05
Testing N_win=952 N_cf=10
Windowing:
  config: # windows=952, spacing=0.11256036220605989, CF order=10
  error tolerance: rtol=0.001, atol=1e-05
Testing N_win=952 N_cf=9
Windowing:
  config: # windows=952, spacing=0.11256036220605989, CF order=9
  error tolerance: rtol=0.001, atol=1e-05
Testing N_win=952 N_cf=8
Windowing:
  config: # windows=952, spacing=0.11256036220605989, CF order=8
  error tolerance: rtol=0.001, atol=1e-05
Testing N_win=952 N_cf=7
Windowing:
  config: # windows=952, spacing=0.11256036220605989, CF order=7
  error tolerance: rtol=0.001, atol=1e-05
Testing N_win=952 N_cf=6
Windowing:
  config: # windows=952, spacing=0.11256036220605989, CF order=6
  error tolerance: rtol=0.001, atol=1e-05
Testing N_win=952 N_cf=5
Windowing:
  config: # windows=952, spacing=0.11256036220605989, CF order=5
  error tolerance: rtol=0.001, atol=1e-05
Testing N_win=952 N_cf=4
Windowing:
  config: # windows=952, spacing=0.11256036220605989, CF order=4
  error tolerance: rtol=0.001, atol=1e-05
Testing N_win=952 N_cf=3
Windowing:
  config: # windows=952, spacing=0.11256036220605989, CF order=3
  error tolerance: rtol=0.001, atol=1e-05
Testing N_win=952 N_cf=2
Windowing:
  config: # windows=952, spacing=0.11256036220605989, CF order=2
  error tolerance: rtol=0.001, atol=1e-05
Testing N_win=1056 N_cf=10
Windowing:
  config: # windows=1056, spacing=0.10147487198879641, CF order=10
  error tolerance: rtol=0.001, atol=1e-05
Testing N_win=1056 N_cf=9
Windowing:
  config: # windows=1056, spacing=0.10147487198879641, CF order=9
  error tolerance: rtol=0.001, atol=1e-05
Testing N_win=1056 N_cf=8
Windowing:
  config: # windows=1056, spacing=0.10147487198879641, CF order=8
  error tolerance: rtol=0.001, atol=1e-05
Testing N_win=1056 N_cf=7
Windowing:
  config: # windows=1056, spacing=0.10147487198879641, CF order=7
  error tolerance: rtol=0.001, atol=1e-05
Testing N_win=1056 N_cf=6
Windowing:
  config: # windows=1056, spacing=0.10147487198879641, CF order=6
  error tolerance: rtol=0.001, atol=1e-05
Testing N_win=1056 N_cf=5
Windowing:
  config: # windows=1056, spacing=0.10147487198879641, CF order=5
  error tolerance: rtol=0.001, atol=1e-05
Testing N_win=1056 N_cf=4
Windowing:
  config: # windows=1056, spacing=0.10147487198879641, CF order=4
  error tolerance: rtol=0.001, atol=1e-05
Testing N_win=1056 N_cf=3
Windowing:
  config: # windows=1056, spacing=0.10147487198879641, CF order=3
  error tolerance: rtol=0.001, atol=1e-05
Testing N_win=1056 N_cf=2
Windowing:
  config: # windows=1056, spacing=0.10147487198879641, CF order=2
  error tolerance: rtol=0.001, atol=1e-05
Testing N_win=1161 N_cf=10
Windowing:
  config: # windows=1161, spacing=0.0922975579846417, CF order=10
  error tolerance: rtol=0.001, atol=1e-05
Testing N_win=1161 N_cf=9
Windowing:
  config: # windows=1161, spacing=0.0922975579846417, CF order=9
  error tolerance: rtol=0.001, atol=1e-05
Testing N_win=1161 N_cf=8
Windowing:
  config: # windows=1161, spacing=0.0922975579846417, CF order=8
  error tolerance: rtol=0.001, atol=1e-05
Testing N_win=1161 N_cf=7
Windowing:
  config: # windows=1161, spacing=0.0922975579846417, CF order=7
  error tolerance: rtol=0.001, atol=1e-05
Testing N_win=1161 N_cf=6
Windowing:
  config: # windows=1161, spacing=0.0922975579846417, CF order=6
  error tolerance: rtol=0.001, atol=1e-05
Testing N_win=1161 N_cf=5
Windowing:
  config: # windows=1161, spacing=0.0922975579846417, CF order=5
  error tolerance: rtol=0.001, atol=1e-05
Testing N_win=1161 N_cf=4
Windowing:
  config: # windows=1161, spacing=0.0922975579846417, CF order=4
  error tolerance: rtol=0.001, atol=1e-05
Testing N_win=1161 N_cf=3
Windowing:
  config: # windows=1161, spacing=0.0922975579846417, CF order=3
  error tolerance: rtol=0.001, atol=1e-05
Testing N_win=1161 N_cf=2
Windowing:
  config: # windows=1161, spacing=0.0922975579846417, CF order=2
  error tolerance: rtol=0.001, atol=1e-05
Testing N_win=1266 N_cf=10
Windowing:
  config: # windows=1266, spacing=0.08464254725131834, CF order=10
  error tolerance: rtol=0.001, atol=1e-05
Testing N_win=1266 N_cf=9
Windowing:
  config: # windows=1266, spacing=0.08464254725131834, CF order=9
  error tolerance: rtol=0.001, atol=1e-05
Testing N_win=1266 N_cf=8
Windowing:
  config: # windows=1266, spacing=0.08464254725131834, CF order=8
  error tolerance: rtol=0.001, atol=1e-05
Testing N_win=1266 N_cf=7
Windowing:
  config: # windows=1266, spacing=0.08464254725131834, CF order=7
  error tolerance: rtol=0.001, atol=1e-05
Testing N_win=1266 N_cf=6
Windowing:
  config: # windows=1266, spacing=0.08464254725131834, CF order=6
  error tolerance: rtol=0.001, atol=1e-05
Testing N_win=1266 N_cf=5
Windowing:
  config: # windows=1266, spacing=0.08464254725131834, CF order=5
  error tolerance: rtol=0.001, atol=1e-05
Testing N_win=1266 N_cf=4
Windowing:
  config: # windows=1266, spacing=0.08464254725131834, CF order=4
  error tolerance: rtol=0.001, atol=1e-05
Testing N_win=1266 N_cf=3
Windowing:
  config: # windows=1266, spacing=0.08464254725131834, CF order=3
  error tolerance: rtol=0.001, atol=1e-05
Testing N_win=1266 N_cf=2
Windowing:
  config: # windows=1266, spacing=0.08464254725131834, CF order=2
  error tolerance: rtol=0.001, atol=1e-05
Testing N_win=1371 N_cf=10
Windowing:
  config: # windows=1371, spacing=0.0781600764552655, CF order=10
  error tolerance: rtol=0.001, atol=1e-05
Testing N_win=1371 N_cf=9
Windowing:
  config: # windows=1371, spacing=0.0781600764552655, CF order=9
  error tolerance: rtol=0.001, atol=1e-05
Testing N_win=1371 N_cf=8
Windowing:
  config: # windows=1371, spacing=0.0781600764552655, CF order=8
  error tolerance: rtol=0.001, atol=1e-05
Testing N_win=1371 N_cf=7
Windowing:
  config: # windows=1371, spacing=0.0781600764552655, CF order=7
  error tolerance: rtol=0.001, atol=1e-05
Testing N_win=1371 N_cf=6
Windowing:
  config: # windows=1371, spacing=0.0781600764552655, CF order=6
  error tolerance: rtol=0.001, atol=1e-05
Testing N_win=1371 N_cf=5
Windowing:
  config: # windows=1371, spacing=0.0781600764552655, CF order=5
  error tolerance: rtol=0.001, atol=1e-05
Testing N_win=1371 N_cf=4
Windowing:
  config: # windows=1371, spacing=0.0781600764552655, CF order=4
  error tolerance: rtol=0.001, atol=1e-05
Testing N_win=1371 N_cf=3
Windowing:
  config: # windows=1371, spacing=0.0781600764552655, CF order=3
  error tolerance: rtol=0.001, atol=1e-05
Testing N_win=1371 N_cf=2
Windowing:
  config: # windows=1371, spacing=0.0781600764552655, CF order=2
  error tolerance: rtol=0.001, atol=1e-05
Testing N_win=1476 N_cf=10
Windowing:
  config: # windows=1476, spacing=0.07259990841474866, CF order=10
  error tolerance: rtol=0.001, atol=1e-05
Testing N_win=1476 N_cf=9
Windowing:
  config: # windows=1476, spacing=0.07259990841474866, CF order=9
  error tolerance: rtol=0.001, atol=1e-05
Testing N_win=1476 N_cf=8
Windowing:
  config: # windows=1476, spacing=0.07259990841474866, CF order=8
  error tolerance: rtol=0.001, atol=1e-05
Testing N_win=1476 N_cf=7
Windowing:
  config: # windows=1476, spacing=0.07259990841474866, CF order=7
  error tolerance: rtol=0.001, atol=1e-05
Testing N_win=1476 N_cf=6
Windowing:
  config: # windows=1476, spacing=0.07259990841474866, CF order=6
  error tolerance: rtol=0.001, atol=1e-05
Testing N_win=1476 N_cf=5
Windowing:
  config: # windows=1476, spacing=0.07259990841474866, CF order=5
  error tolerance: rtol=0.001, atol=1e-05
Testing N_win=1476 N_cf=4
Windowing:
  config: # windows=1476, spacing=0.07259990841474866, CF order=4
  error tolerance: rtol=0.001, atol=1e-05
Testing N_win=1476 N_cf=3
Windowing:
  config: # windows=1476, spacing=0.07259990841474866, CF order=3
  error tolerance: rtol=0.001, atol=1e-05
Testing N_win=1476 N_cf=2
Windowing:
  config: # windows=1476, spacing=0.07259990841474866, CF order=2
  error tolerance: rtol=0.001, atol=1e-05
Testing N_win=1580 N_cf=10
Windowing:
  config: # windows=1580, spacing=0.06782118026592976, CF order=10
  error tolerance: rtol=0.001, atol=1e-05
Testing N_win=1580 N_cf=9
Windowing:
  config: # windows=1580, spacing=0.06782118026592976, CF order=9
  error tolerance: rtol=0.001, atol=1e-05
Testing N_win=1580 N_cf=8
Windowing:
  config: # windows=1580, spacing=0.06782118026592976, CF order=8
  error tolerance: rtol=0.001, atol=1e-05
Testing N_win=1580 N_cf=7
Windowing:
  config: # windows=1580, spacing=0.06782118026592976, CF order=7
  error tolerance: rtol=0.001, atol=1e-05
Testing N_win=1580 N_cf=6
Windowing:
  config: # windows=1580, spacing=0.06782118026592976, CF order=6
  error tolerance: rtol=0.001, atol=1e-05
Testing N_win=1580 N_cf=5
Windowing:
  config: # windows=1580, spacing=0.06782118026592976, CF order=5
  error tolerance: rtol=0.001, atol=1e-05
Testing N_win=1580 N_cf=4
Windowing:
  config: # windows=1580, spacing=0.06782118026592976, CF order=4
  error tolerance: rtol=0.001, atol=1e-05
Testing N_win=1580 N_cf=3
Windowing:
  config: # windows=1580, spacing=0.06782118026592976, CF order=3
  error tolerance: rtol=0.001, atol=1e-05
Testing N_win=1580 N_cf=2
Windowing:
  config: # windows=1580, spacing=0.06782118026592976, CF order=2
  error tolerance: rtol=0.001, atol=1e-05
Testing N_win=1685 N_cf=10
Windowing:
  config: # windows=1685, spacing=0.06359493461137626, CF order=10
  error tolerance: rtol=0.001, atol=1e-05
Testing N_win=1685 N_cf=9
Windowing:
  config: # windows=1685, spacing=0.06359493461137626, CF order=9
  error tolerance: rtol=0.001, atol=1e-05
Testing N_win=1685 N_cf=8
Windowing:
  config: # windows=1685, spacing=0.06359493461137626, CF order=8
  error tolerance: rtol=0.001, atol=1e-05
Testing N_win=1685 N_cf=7
Windowing:
  config: # windows=1685, spacing=0.06359493461137626, CF order=7
  error tolerance: rtol=0.001, atol=1e-05
Testing N_win=1685 N_cf=6
Windowing:
  config: # windows=1685, spacing=0.06359493461137626, CF order=6
  error tolerance: rtol=0.001, atol=1e-05
Testing N_win=1685 N_cf=5
Windowing:
  config: # windows=1685, spacing=0.06359493461137626, CF order=5
  error tolerance: rtol=0.001, atol=1e-05
Testing N_win=1685 N_cf=4
Windowing:
  config: # windows=1685, spacing=0.06359493461137626, CF order=4
  error tolerance: rtol=0.001, atol=1e-05
Testing N_win=1685 N_cf=3
Windowing:
  config: # windows=1685, spacing=0.06359493461137626, CF order=3
  error tolerance: rtol=0.001, atol=1e-05
Testing N_win=1685 N_cf=2
Windowing:
  config: # windows=1685, spacing=0.06359493461137626, CF order=2
  error tolerance: rtol=0.001, atol=1e-05
Testing N_win=1790 N_cf=10
Windowing:
  config: # windows=1790, spacing=0.05986450548612794, CF order=10
  error tolerance: rtol=0.001, atol=1e-05
Testing N_win=1790 N_cf=9
Windowing:
  config: # windows=1790, spacing=0.05986450548612794, CF order=9
  error tolerance: rtol=0.001, atol=1e-05
Testing N_win=1790 N_cf=8
Windowing:
  config: # windows=1790, spacing=0.05986450548612794, CF order=8
  error tolerance: rtol=0.001, atol=1e-05
Testing N_win=1790 N_cf=7
Windowing:
  config: # windows=1790, spacing=0.05986450548612794, CF order=7
  error tolerance: rtol=0.001, atol=1e-05
Testing N_win=1790 N_cf=6
Windowing:
  config: # windows=1790, spacing=0.05986450548612794, CF order=6
  error tolerance: rtol=0.001, atol=1e-05
Testing N_win=1790 N_cf=5
Windowing:
  config: # windows=1790, spacing=0.05986450548612794, CF order=5
  error tolerance: rtol=0.001, atol=1e-05
Testing N_win=1790 N_cf=4
Windowing:
  config: # windows=1790, spacing=0.05986450548612794, CF order=4
  error tolerance: rtol=0.001, atol=1e-05
Testing N_win=1790 N_cf=3
Windowing:
  config: # windows=1790, spacing=0.05986450548612794, CF order=3
  error tolerance: rtol=0.001, atol=1e-05
Testing N_win=1790 N_cf=2
Windowing:
  config: # windows=1790, spacing=0.05986450548612794, CF order=2
  error tolerance: rtol=0.001, atol=1e-05
Testing N_win=1895 N_cf=10
Windowing:
  config: # windows=1895, spacing=0.05654747483913932, CF order=10
  error tolerance: rtol=0.001, atol=1e-05
Testing N_win=1895 N_cf=9
Windowing:
  config: # windows=1895, spacing=0.05654747483913932, CF order=9
  error tolerance: rtol=0.001, atol=1e-05
Testing N_win=1895 N_cf=8
Windowing:
  config: # windows=1895, spacing=0.05654747483913932, CF order=8
  error tolerance: rtol=0.001, atol=1e-05
Testing N_win=1895 N_cf=7
Windowing:
  config: # windows=1895, spacing=0.05654747483913932, CF order=7
  error tolerance: rtol=0.001, atol=1e-05
Testing N_win=1895 N_cf=6
Windowing:
  config: # windows=1895, spacing=0.05654747483913932, CF order=6
  error tolerance: rtol=0.001, atol=1e-05
Testing N_win=1895 N_cf=5
Windowing:
  config: # windows=1895, spacing=0.05654747483913932, CF order=5
  error tolerance: rtol=0.001, atol=1e-05
Testing N_win=1895 N_cf=4
Windowing:
  config: # windows=1895, spacing=0.05654747483913932, CF order=4
  error tolerance: rtol=0.001, atol=1e-05
Testing N_win=1895 N_cf=3
Windowing:
  config: # windows=1895, spacing=0.05654747483913932, CF order=3
  error tolerance: rtol=0.001, atol=1e-05
Testing N_win=1895 N_cf=2
Windowing:
  config: # windows=1895, spacing=0.05654747483913932, CF order=2
  error tolerance: rtol=0.001, atol=1e-05
Testing N_win=2000 N_cf=10
Windowing:
  config: # windows=2000, spacing=0.053578732410084505, CF order=10
  error tolerance: rtol=0.001, atol=1e-05
Testing N_win=2000 N_cf=9
Windowing:
  config: # windows=2000, spacing=0.053578732410084505, CF order=9
  error tolerance: rtol=0.001, atol=1e-05
Testing N_win=2000 N_cf=8
Windowing:
  config: # windows=2000, spacing=0.053578732410084505, CF order=8
  error tolerance: rtol=0.001, atol=1e-05
Testing N_win=2000 N_cf=7
Windowing:
  config: # windows=2000, spacing=0.053578732410084505, CF order=7
  error tolerance: rtol=0.001, atol=1e-05
Testing N_win=2000 N_cf=6
Windowing:
  config: # windows=2000, spacing=0.053578732410084505, CF order=6
  error tolerance: rtol=0.001, atol=1e-05
Testing N_win=2000 N_cf=5
Windowing:
  config: # windows=2000, spacing=0.053578732410084505, CF order=5
  error tolerance: rtol=0.001, atol=1e-05
Testing N_win=2000 N_cf=4
Windowing:
  config: # windows=2000, spacing=0.053578732410084505, CF order=4
  error tolerance: rtol=0.001, atol=1e-05
Testing N_win=2000 N_cf=3
Windowing:
  config: # windows=2000, spacing=0.053578732410084505, CF order=3
  error tolerance: rtol=0.001, atol=1e-05
Testing N_win=2000 N_cf=2
Windowing:
  config: # windows=2000, spacing=0.053578732410084505, CF order=2
  error tolerance: rtol=0.001, atol=1e-05
Final library: 99 poles, 532 windows, 1.4 poles per window, 3 CF order
