Running NJOY to get 0K point-wise data (error=0.0005)...
Parsing cross sections within resolved resonance range...
  MTs: [2, 27, 102, 103, 107]
  Energy range: 1.000e-05 to 3.330e+06 eV (1102 points)
Vector fitting piece 1/1...
  energy: 1.000e-05 to 3.330e+06 eV (1102 points)
  error tolerance: rtol=0.001, atol=1e-05
Found 65 peaks
Fitting orders from 130 to 260
Order=130(0/66)
Order=132(1/66)
Order=134(2/66)
Order=136(3/66)
Order=138(4/66)
Order=140(5/66)
Found 3 real poles and 89 conjugate complex pairs.
Final number of poles: 92
Saved figure: WMP_Lib/C13/0-3330000_MT2.png
Saved figure: WMP_Lib/C13/0-3330000_MT27.png
Saved figure: WMP_Lib/C13/0-3330000_MT102.png
Dumped multipole data to file: WMP_Lib/C13/C13_mp.pickle
Start searching ...
Testing N_win=5 N_cf=10
Windowing:
  config: # windows=5, spacing=364.9651193623612, CF order=10
  error tolerance: rtol=0.001, atol=1e-05
Failed: Pure curvefit failed for the first window!
Testing N_win=110 N_cf=10
Windowing:
  config: # windows=110, spacing=16.589323607380052, CF order=10
  error tolerance: rtol=0.001, atol=1e-05
Best library so far.
Testing N_win=110 N_cf=9
Windowing:
  config: # windows=110, spacing=16.589323607380052, CF order=9
  error tolerance: rtol=0.001, atol=1e-05
Best library so far.
Testing N_win=110 N_cf=8
Windowing:
  config: # windows=110, spacing=16.589323607380052, CF order=8
  error tolerance: rtol=0.001, atol=1e-05
Best library so far.
Testing N_win=110 N_cf=7
Windowing:
  config: # windows=110, spacing=16.589323607380052, CF order=7
  error tolerance: rtol=0.001, atol=1e-05
Best library so far.
Testing N_win=110 N_cf=6
Windowing:
  config: # windows=110, spacing=16.589323607380052, CF order=6
  error tolerance: rtol=0.001, atol=1e-05
Best library so far.
Testing N_win=110 N_cf=5
Windowing:
  config: # windows=110, spacing=16.589323607380052, CF order=5
  error tolerance: rtol=0.001, atol=1e-05
Best library so far.
Testing N_win=110 N_cf=4
Windowing:
  config: # windows=110, spacing=16.589323607380052, CF order=4
  error tolerance: rtol=0.001, atol=1e-05
Best library so far.
Testing N_win=110 N_cf=3
Windowing:
  config: # windows=110, spacing=16.589323607380052, CF order=3
  error tolerance: rtol=0.001, atol=1e-05
Best library so far.
Testing N_win=110 N_cf=2
Windowing:
  config: # windows=110, spacing=16.589323607380052, CF order=2
  error tolerance: rtol=0.001, atol=1e-05
Best library so far.
Testing N_win=215 N_cf=10
Windowing:
  config: # windows=215, spacing=8.487560915403748, CF order=10
  error tolerance: rtol=0.001, atol=1e-05
Testing N_win=215 N_cf=9
Windowing:
  config: # windows=215, spacing=8.487560915403748, CF order=9
  error tolerance: rtol=0.001, atol=1e-05
Testing N_win=215 N_cf=8
Windowing:
  config: # windows=215, spacing=8.487560915403748, CF order=8
  error tolerance: rtol=0.001, atol=1e-05
Testing N_win=215 N_cf=7
Windowing:
  config: # windows=215, spacing=8.487560915403748, CF order=7
  error tolerance: rtol=0.001, atol=1e-05
Testing N_win=215 N_cf=6
Windowing:
  config: # windows=215, spacing=8.487560915403748, CF order=6
  error tolerance: rtol=0.001, atol=1e-05
Testing N_win=215 N_cf=5
Windowing:
  config: # windows=215, spacing=8.487560915403748, CF order=5
  error tolerance: rtol=0.001, atol=1e-05
Testing N_win=215 N_cf=4
Windowing:
  config: # windows=215, spacing=8.487560915403748, CF order=4
  error tolerance: rtol=0.001, atol=1e-05
Testing N_win=215 N_cf=3
Windowing:
  config: # windows=215, spacing=8.487560915403748, CF order=3
  error tolerance: rtol=0.001, atol=1e-05
Testing N_win=215 N_cf=2
Windowing:
  config: # windows=215, spacing=8.487560915403748, CF order=2
  error tolerance: rtol=0.001, atol=1e-05
Best library so far.
Testing N_win=320 N_cf=10
Windowing:
  config: # windows=320, spacing=5.702579990036893, CF order=10
  error tolerance: rtol=0.001, atol=1e-05
Testing N_win=320 N_cf=9
Windowing:
  config: # windows=320, spacing=5.702579990036893, CF order=9
  error tolerance: rtol=0.001, atol=1e-05
Testing N_win=320 N_cf=8
Windowing:
  config: # windows=320, spacing=5.702579990036893, CF order=8
  error tolerance: rtol=0.001, atol=1e-05
Testing N_win=320 N_cf=7
Windowing:
  config: # windows=320, spacing=5.702579990036893, CF order=7
  error tolerance: rtol=0.001, atol=1e-05
Testing N_win=320 N_cf=6
Windowing:
  config: # windows=320, spacing=5.702579990036893, CF order=6
  error tolerance: rtol=0.001, atol=1e-05
Testing N_win=320 N_cf=5
Windowing:
  config: # windows=320, spacing=5.702579990036893, CF order=5
  error tolerance: rtol=0.001, atol=1e-05
Testing N_win=320 N_cf=4
Windowing:
  config: # windows=320, spacing=5.702579990036893, CF order=4
  error tolerance: rtol=0.001, atol=1e-05
Testing N_win=320 N_cf=3
Windowing:
  config: # windows=320, spacing=5.702579990036893, CF order=3
  error tolerance: rtol=0.001, atol=1e-05
Testing N_win=320 N_cf=2
Windowing:
  config: # windows=320, spacing=5.702579990036893, CF order=2
  error tolerance: rtol=0.001, atol=1e-05
Best library so far.
Testing N_win=425 N_cf=10
Windowing:
  config: # windows=425, spacing=4.293707286616014, CF order=10
  error tolerance: rtol=0.001, atol=1e-05
Testing N_win=425 N_cf=9
Windowing:
  config: # windows=425, spacing=4.293707286616014, CF order=9
  error tolerance: rtol=0.001, atol=1e-05
Testing N_win=425 N_cf=8
Windowing:
  config: # windows=425, spacing=4.293707286616014, CF order=8
  error tolerance: rtol=0.001, atol=1e-05
Testing N_win=425 N_cf=7
Windowing:
  config: # windows=425, spacing=4.293707286616014, CF order=7
  error tolerance: rtol=0.001, atol=1e-05
Testing N_win=425 N_cf=6
Windowing:
  config: # windows=425, spacing=4.293707286616014, CF order=6
  error tolerance: rtol=0.001, atol=1e-05
Testing N_win=425 N_cf=5
Windowing:
  config: # windows=425, spacing=4.293707286616014, CF order=5
  error tolerance: rtol=0.001, atol=1e-05
Testing N_win=425 N_cf=4
Windowing:
  config: # windows=425, spacing=4.293707286616014, CF order=4
  error tolerance: rtol=0.001, atol=1e-05
Testing N_win=425 N_cf=3
Windowing:
  config: # windows=425, spacing=4.293707286616014, CF order=3
  error tolerance: rtol=0.001, atol=1e-05
Testing N_win=425 N_cf=2
Windowing:
  config: # windows=425, spacing=4.293707286616014, CF order=2
  error tolerance: rtol=0.001, atol=1e-05
Testing N_win=530 N_cf=10
Windowing:
  config: # windows=530, spacing=3.44306716379586, CF order=10
  error tolerance: rtol=0.001, atol=1e-05
Testing N_win=530 N_cf=9
Windowing:
  config: # windows=530, spacing=3.44306716379586, CF order=9
  error tolerance: rtol=0.001, atol=1e-05
Testing N_win=530 N_cf=8
Windowing:
  config: # windows=530, spacing=3.44306716379586, CF order=8
  error tolerance: rtol=0.001, atol=1e-05
Testing N_win=530 N_cf=7
Windowing:
  config: # windows=530, spacing=3.44306716379586, CF order=7
  error tolerance: rtol=0.001, atol=1e-05
Testing N_win=530 N_cf=6
Windowing:
  config: # windows=530, spacing=3.44306716379586, CF order=6
  error tolerance: rtol=0.001, atol=1e-05
Testing N_win=530 N_cf=5
Windowing:
  config: # windows=530, spacing=3.44306716379586, CF order=5
  error tolerance: rtol=0.001, atol=1e-05
Testing N_win=530 N_cf=4
Windowing:
  config: # windows=530, spacing=3.44306716379586, CF order=4
  error tolerance: rtol=0.001, atol=1e-05
Testing N_win=530 N_cf=3
Windowing:
  config: # windows=530, spacing=3.44306716379586, CF order=3
  error tolerance: rtol=0.001, atol=1e-05
Testing N_win=530 N_cf=2
Windowing:
  config: # windows=530, spacing=3.44306716379586, CF order=2
  error tolerance: rtol=0.001, atol=1e-05
Testing N_win=635 N_cf=10
Windowing:
  config: # windows=635, spacing=2.8737410973414264, CF order=10
  error tolerance: rtol=0.001, atol=1e-05
Testing N_win=635 N_cf=9
Windowing:
  config: # windows=635, spacing=2.8737410973414264, CF order=9
  error tolerance: rtol=0.001, atol=1e-05
Testing N_win=635 N_cf=8
Windowing:
  config: # windows=635, spacing=2.8737410973414264, CF order=8
  error tolerance: rtol=0.001, atol=1e-05
Testing N_win=635 N_cf=7
Windowing:
  config: # windows=635, spacing=2.8737410973414264, CF order=7
  error tolerance: rtol=0.001, atol=1e-05
Testing N_win=635 N_cf=6
Windowing:
  config: # windows=635, spacing=2.8737410973414264, CF order=6
  error tolerance: rtol=0.001, atol=1e-05
Testing N_win=635 N_cf=5
Windowing:
  config: # windows=635, spacing=2.8737410973414264, CF order=5
  error tolerance: rtol=0.001, atol=1e-05
Testing N_win=635 N_cf=4
Windowing:
  config: # windows=635, spacing=2.8737410973414264, CF order=4
  error tolerance: rtol=0.001, atol=1e-05
Testing N_win=635 N_cf=3
Windowing:
  config: # windows=635, spacing=2.8737410973414264, CF order=3
  error tolerance: rtol=0.001, atol=1e-05
Testing N_win=635 N_cf=2
Windowing:
  config: # windows=635, spacing=2.8737410973414264, CF order=2
  error tolerance: rtol=0.001, atol=1e-05
Testing N_win=740 N_cf=10
Windowing:
  config: # windows=740, spacing=2.46598053623217, CF order=10
  error tolerance: rtol=0.001, atol=1e-05
Testing N_win=740 N_cf=9
Windowing:
  config: # windows=740, spacing=2.46598053623217, CF order=9
  error tolerance: rtol=0.001, atol=1e-05
Testing N_win=740 N_cf=8
Windowing:
  config: # windows=740, spacing=2.46598053623217, CF order=8
  error tolerance: rtol=0.001, atol=1e-05
Testing N_win=740 N_cf=7
Windowing:
  config: # windows=740, spacing=2.46598053623217, CF order=7
  error tolerance: rtol=0.001, atol=1e-05
Testing N_win=740 N_cf=6
Windowing:
  config: # windows=740, spacing=2.46598053623217, CF order=6
  error tolerance: rtol=0.001, atol=1e-05
Testing N_win=740 N_cf=5
Windowing:
  config: # windows=740, spacing=2.46598053623217, CF order=5
  error tolerance: rtol=0.001, atol=1e-05
Testing N_win=740 N_cf=4
Windowing:
  config: # windows=740, spacing=2.46598053623217, CF order=4
  error tolerance: rtol=0.001, atol=1e-05
Testing N_win=740 N_cf=3
Windowing:
  config: # windows=740, spacing=2.46598053623217, CF order=3
  error tolerance: rtol=0.001, atol=1e-05
Testing N_win=740 N_cf=2
Windowing:
  config: # windows=740, spacing=2.46598053623217, CF order=2
  error tolerance: rtol=0.001, atol=1e-05
Testing N_win=845 N_cf=10
Windowing:
  config: # windows=845, spacing=2.1595569193039124, CF order=10
  error tolerance: rtol=0.001, atol=1e-05
Testing N_win=845 N_cf=9
Windowing:
  config: # windows=845, spacing=2.1595569193039124, CF order=9
  error tolerance: rtol=0.001, atol=1e-05
Testing N_win=845 N_cf=8
Windowing:
  config: # windows=845, spacing=2.1595569193039124, CF order=8
  error tolerance: rtol=0.001, atol=1e-05
Testing N_win=845 N_cf=7
Windowing:
  config: # windows=845, spacing=2.1595569193039124, CF order=7
  error tolerance: rtol=0.001, atol=1e-05
Testing N_win=845 N_cf=6
Windowing:
  config: # windows=845, spacing=2.1595569193039124, CF order=6
  error tolerance: rtol=0.001, atol=1e-05
Testing N_win=845 N_cf=5
Windowing:
  config: # windows=845, spacing=2.1595569193039124, CF order=5
  error tolerance: rtol=0.001, atol=1e-05
Testing N_win=845 N_cf=4
Windowing:
  config: # windows=845, spacing=2.1595569193039124, CF order=4
  error tolerance: rtol=0.001, atol=1e-05
Testing N_win=845 N_cf=3
Windowing:
  config: # windows=845, spacing=2.1595569193039124, CF order=3
  error tolerance: rtol=0.001, atol=1e-05
Testing N_win=845 N_cf=2
Windowing:
  config: # windows=845, spacing=2.1595569193039124, CF order=2
  error tolerance: rtol=0.001, atol=1e-05
Testing N_win=950 N_cf=10
Windowing:
  config: # windows=950, spacing=1.920869049275585, CF order=10
  error tolerance: rtol=0.001, atol=1e-05
Testing N_win=950 N_cf=9
Windowing:
  config: # windows=950, spacing=1.920869049275585, CF order=9
  error tolerance: rtol=0.001, atol=1e-05
Testing N_win=950 N_cf=8
Windowing:
  config: # windows=950, spacing=1.920869049275585, CF order=8
  error tolerance: rtol=0.001, atol=1e-05
Testing N_win=950 N_cf=7
Windowing:
  config: # windows=950, spacing=1.920869049275585, CF order=7
  error tolerance: rtol=0.001, atol=1e-05
Testing N_win=950 N_cf=6
Windowing:
  config: # windows=950, spacing=1.920869049275585, CF order=6
  error tolerance: rtol=0.001, atol=1e-05
Testing N_win=950 N_cf=5
Windowing:
  config: # windows=950, spacing=1.920869049275585, CF order=5
  error tolerance: rtol=0.001, atol=1e-05
Testing N_win=950 N_cf=4
Windowing:
  config: # windows=950, spacing=1.920869049275585, CF order=4
  error tolerance: rtol=0.001, atol=1e-05
Testing N_win=950 N_cf=3
Windowing:
  config: # windows=950, spacing=1.920869049275585, CF order=3
  error tolerance: rtol=0.001, atol=1e-05
Testing N_win=950 N_cf=2
Windowing:
  config: # windows=950, spacing=1.920869049275585, CF order=2
  error tolerance: rtol=0.001, atol=1e-05
Testing N_win=1055 N_cf=10
Windowing:
  config: # windows=1055, spacing=1.7296925088263562, CF order=10
  error tolerance: rtol=0.001, atol=1e-05
Testing N_win=1055 N_cf=9
Windowing:
  config: # windows=1055, spacing=1.7296925088263562, CF order=9
  error tolerance: rtol=0.001, atol=1e-05
Testing N_win=1055 N_cf=8
Windowing:
  config: # windows=1055, spacing=1.7296925088263562, CF order=8
  error tolerance: rtol=0.001, atol=1e-05
Testing N_win=1055 N_cf=7
Windowing:
  config: # windows=1055, spacing=1.7296925088263562, CF order=7
  error tolerance: rtol=0.001, atol=1e-05
Testing N_win=1055 N_cf=6
Windowing:
  config: # windows=1055, spacing=1.7296925088263562, CF order=6
  error tolerance: rtol=0.001, atol=1e-05
Testing N_win=1055 N_cf=5
Windowing:
  config: # windows=1055, spacing=1.7296925088263562, CF order=5
  error tolerance: rtol=0.001, atol=1e-05
Testing N_win=1055 N_cf=4
Windowing:
  config: # windows=1055, spacing=1.7296925088263562, CF order=4
  error tolerance: rtol=0.001, atol=1e-05
Testing N_win=1055 N_cf=3
Windowing:
  config: # windows=1055, spacing=1.7296925088263562, CF order=3
  error tolerance: rtol=0.001, atol=1e-05
Testing N_win=1055 N_cf=2
Windowing:
  config: # windows=1055, spacing=1.7296925088263562, CF order=2
  error tolerance: rtol=0.001, atol=1e-05
Testing N_win=1160 N_cf=10
Windowing:
  config: # windows=1160, spacing=1.573125514492936, CF order=10
  error tolerance: rtol=0.001, atol=1e-05
Testing N_win=1160 N_cf=9
Windowing:
  config: # windows=1160, spacing=1.573125514492936, CF order=9
  error tolerance: rtol=0.001, atol=1e-05
Testing N_win=1160 N_cf=8
Windowing:
  config: # windows=1160, spacing=1.573125514492936, CF order=8
  error tolerance: rtol=0.001, atol=1e-05
Testing N_win=1160 N_cf=7
Windowing:
  config: # windows=1160, spacing=1.573125514492936, CF order=7
  error tolerance: rtol=0.001, atol=1e-05
Testing N_win=1160 N_cf=6
Windowing:
  config: # windows=1160, spacing=1.573125514492936, CF order=6
  error tolerance: rtol=0.001, atol=1e-05
Testing N_win=1160 N_cf=5
Windowing:
  config: # windows=1160, spacing=1.573125514492936, CF order=5
  error tolerance: rtol=0.001, atol=1e-05
Testing N_win=1160 N_cf=4
Windowing:
  config: # windows=1160, spacing=1.573125514492936, CF order=4
  error tolerance: rtol=0.001, atol=1e-05
Testing N_win=1160 N_cf=3
Windowing:
  config: # windows=1160, spacing=1.573125514492936, CF order=3
  error tolerance: rtol=0.001, atol=1e-05
Testing N_win=1160 N_cf=2
Windowing:
  config: # windows=1160, spacing=1.573125514492936, CF order=2
  error tolerance: rtol=0.001, atol=1e-05
Testing N_win=1265 N_cf=10
Windowing:
  config: # windows=1265, spacing=1.4425498789026132, CF order=10
  error tolerance: rtol=0.001, atol=1e-05
Testing N_win=1265 N_cf=9
Windowing:
  config: # windows=1265, spacing=1.4425498789026132, CF order=9
  error tolerance: rtol=0.001, atol=1e-05
Testing N_win=1265 N_cf=8
Windowing:
  config: # windows=1265, spacing=1.4425498789026132, CF order=8
  error tolerance: rtol=0.001, atol=1e-05
Testing N_win=1265 N_cf=7
Windowing:
  config: # windows=1265, spacing=1.4425498789026132, CF order=7
  error tolerance: rtol=0.001, atol=1e-05
Testing N_win=1265 N_cf=6
Windowing:
  config: # windows=1265, spacing=1.4425498789026132, CF order=6
  error tolerance: rtol=0.001, atol=1e-05
Testing N_win=1265 N_cf=5
Windowing:
  config: # windows=1265, spacing=1.4425498789026132, CF order=5
  error tolerance: rtol=0.001, atol=1e-05
Testing N_win=1265 N_cf=4
Windowing:
  config: # windows=1265, spacing=1.4425498789026132, CF order=4
  error tolerance: rtol=0.001, atol=1e-05
Testing N_win=1265 N_cf=3
Windowing:
  config: # windows=1265, spacing=1.4425498789026132, CF order=3
  error tolerance: rtol=0.001, atol=1e-05
Testing N_win=1265 N_cf=2
Windowing:
  config: # windows=1265, spacing=1.4425498789026132, CF order=2
  error tolerance: rtol=0.001, atol=1e-05
Testing N_win=1370 N_cf=10
Windowing:
  config: # windows=1370, spacing=1.331989486723946, CF order=10
  error tolerance: rtol=0.001, atol=1e-05
Testing N_win=1370 N_cf=9
Windowing:
  config: # windows=1370, spacing=1.331989486723946, CF order=9
  error tolerance: rtol=0.001, atol=1e-05
Testing N_win=1370 N_cf=8
Windowing:
  config: # windows=1370, spacing=1.331989486723946, CF order=8
  error tolerance: rtol=0.001, atol=1e-05
Testing N_win=1370 N_cf=7
Windowing:
  config: # windows=1370, spacing=1.331989486723946, CF order=7
  error tolerance: rtol=0.001, atol=1e-05
Testing N_win=1370 N_cf=6
Windowing:
  config: # windows=1370, spacing=1.331989486723946, CF order=6
  error tolerance: rtol=0.001, atol=1e-05
Testing N_win=1370 N_cf=5
Windowing:
  config: # windows=1370, spacing=1.331989486723946, CF order=5
  error tolerance: rtol=0.001, atol=1e-05
Testing N_win=1370 N_cf=4
Windowing:
  config: # windows=1370, spacing=1.331989486723946, CF order=4
  error tolerance: rtol=0.001, atol=1e-05
Testing N_win=1370 N_cf=3
Windowing:
  config: # windows=1370, spacing=1.331989486723946, CF order=3
  error tolerance: rtol=0.001, atol=1e-05
Testing N_win=1370 N_cf=2
Windowing:
  config: # windows=1370, spacing=1.331989486723946, CF order=2
  error tolerance: rtol=0.001, atol=1e-05
Testing N_win=1475 N_cf=10
Windowing:
  config: # windows=1475, spacing=1.237169896143597, CF order=10
  error tolerance: rtol=0.001, atol=1e-05
Testing N_win=1475 N_cf=9
Windowing:
  config: # windows=1475, spacing=1.237169896143597, CF order=9
  error tolerance: rtol=0.001, atol=1e-05
Testing N_win=1475 N_cf=8
Windowing:
  config: # windows=1475, spacing=1.237169896143597, CF order=8
  error tolerance: rtol=0.001, atol=1e-05
Testing N_win=1475 N_cf=7
Windowing:
  config: # windows=1475, spacing=1.237169896143597, CF order=7
  error tolerance: rtol=0.001, atol=1e-05
Testing N_win=1475 N_cf=6
Windowing:
  config: # windows=1475, spacing=1.237169896143597, CF order=6
  error tolerance: rtol=0.001, atol=1e-05
Testing N_win=1475 N_cf=5
Windowing:
  config: # windows=1475, spacing=1.237169896143597, CF order=5
  error tolerance: rtol=0.001, atol=1e-05
Testing N_win=1475 N_cf=4
Windowing:
  config: # windows=1475, spacing=1.237169896143597, CF order=4
  error tolerance: rtol=0.001, atol=1e-05
Testing N_win=1475 N_cf=3
Windowing:
  config: # windows=1475, spacing=1.237169896143597, CF order=3
  error tolerance: rtol=0.001, atol=1e-05
Testing N_win=1475 N_cf=2
Windowing:
  config: # windows=1475, spacing=1.237169896143597, CF order=2
  error tolerance: rtol=0.001, atol=1e-05
Testing N_win=1580 N_cf=10
Windowing:
  config: # windows=1580, spacing=1.1549529093745605, CF order=10
  error tolerance: rtol=0.001, atol=1e-05
Testing N_win=1580 N_cf=9
Windowing:
  config: # windows=1580, spacing=1.1549529093745605, CF order=9
  error tolerance: rtol=0.001, atol=1e-05
Testing N_win=1580 N_cf=8
Windowing:
  config: # windows=1580, spacing=1.1549529093745605, CF order=8
  error tolerance: rtol=0.001, atol=1e-05
Testing N_win=1580 N_cf=7
Windowing:
  config: # windows=1580, spacing=1.1549529093745605, CF order=7
  error tolerance: rtol=0.001, atol=1e-05
Testing N_win=1580 N_cf=6
Windowing:
  config: # windows=1580, spacing=1.1549529093745605, CF order=6
  error tolerance: rtol=0.001, atol=1e-05
Testing N_win=1580 N_cf=5
Windowing:
  config: # windows=1580, spacing=1.1549529093745605, CF order=5
  error tolerance: rtol=0.001, atol=1e-05
Testing N_win=1580 N_cf=4
Windowing:
  config: # windows=1580, spacing=1.1549529093745605, CF order=4
  error tolerance: rtol=0.001, atol=1e-05
Testing N_win=1580 N_cf=3
Windowing:
  config: # windows=1580, spacing=1.1549529093745605, CF order=3
  error tolerance: rtol=0.001, atol=1e-05
Testing N_win=1580 N_cf=2
Windowing:
  config: # windows=1580, spacing=1.1549529093745605, CF order=2
  error tolerance: rtol=0.001, atol=1e-05
Testing N_win=1685 N_cf=10
Windowing:
  config: # windows=1685, spacing=1.08298255003668, CF order=10
  error tolerance: rtol=0.001, atol=1e-05
Testing N_win=1685 N_cf=9
Windowing:
  config: # windows=1685, spacing=1.08298255003668, CF order=9
  error tolerance: rtol=0.001, atol=1e-05
Testing N_win=1685 N_cf=8
Windowing:
  config: # windows=1685, spacing=1.08298255003668, CF order=8
  error tolerance: rtol=0.001, atol=1e-05
Testing N_win=1685 N_cf=7
Windowing:
  config: # windows=1685, spacing=1.08298255003668, CF order=7
  error tolerance: rtol=0.001, atol=1e-05
Testing N_win=1685 N_cf=6
Windowing:
  config: # windows=1685, spacing=1.08298255003668, CF order=6
  error tolerance: rtol=0.001, atol=1e-05
Testing N_win=1685 N_cf=5
Windowing:
  config: # windows=1685, spacing=1.08298255003668, CF order=5
  error tolerance: rtol=0.001, atol=1e-05
Testing N_win=1685 N_cf=4
Windowing:
  config: # windows=1685, spacing=1.08298255003668, CF order=4
  error tolerance: rtol=0.001, atol=1e-05
Testing N_win=1685 N_cf=3
Windowing:
  config: # windows=1685, spacing=1.08298255003668, CF order=3
  error tolerance: rtol=0.001, atol=1e-05
Testing N_win=1685 N_cf=2
Windowing:
  config: # windows=1685, spacing=1.08298255003668, CF order=2
  error tolerance: rtol=0.001, atol=1e-05
Testing N_win=1790 N_cf=10
Windowing:
  config: # windows=1790, spacing=1.0194556406769866, CF order=10
  error tolerance: rtol=0.001, atol=1e-05
Testing N_win=1790 N_cf=9
Windowing:
  config: # windows=1790, spacing=1.0194556406769866, CF order=9
  error tolerance: rtol=0.001, atol=1e-05
Testing N_win=1790 N_cf=8
Windowing:
  config: # windows=1790, spacing=1.0194556406769866, CF order=8
  error tolerance: rtol=0.001, atol=1e-05
Testing N_win=1790 N_cf=7
Windowing:
  config: # windows=1790, spacing=1.0194556406769866, CF order=7
  error tolerance: rtol=0.001, atol=1e-05
Testing N_win=1790 N_cf=6
Windowing:
  config: # windows=1790, spacing=1.0194556406769866, CF order=6
  error tolerance: rtol=0.001, atol=1e-05
Testing N_win=1790 N_cf=5
Windowing:
  config: # windows=1790, spacing=1.0194556406769866, CF order=5
  error tolerance: rtol=0.001, atol=1e-05
Testing N_win=1790 N_cf=4
Windowing:
  config: # windows=1790, spacing=1.0194556406769866, CF order=4
  error tolerance: rtol=0.001, atol=1e-05
Testing N_win=1790 N_cf=3
Windowing:
  config: # windows=1790, spacing=1.0194556406769866, CF order=3
  error tolerance: rtol=0.001, atol=1e-05
Testing N_win=1790 N_cf=2
Windowing:
  config: # windows=1790, spacing=1.0194556406769866, CF order=2
  error tolerance: rtol=0.001, atol=1e-05
Testing N_win=1895 N_cf=10
Windowing:
  config: # windows=1895, spacing=0.9629686526711376, CF order=10
  error tolerance: rtol=0.001, atol=1e-05
Testing N_win=1895 N_cf=9
Windowing:
  config: # windows=1895, spacing=0.9629686526711376, CF order=9
  error tolerance: rtol=0.001, atol=1e-05
Testing N_win=1895 N_cf=8
Windowing:
  config: # windows=1895, spacing=0.9629686526711376, CF order=8
  error tolerance: rtol=0.001, atol=1e-05
Testing N_win=1895 N_cf=7
Windowing:
  config: # windows=1895, spacing=0.9629686526711376, CF order=7
  error tolerance: rtol=0.001, atol=1e-05
Testing N_win=1895 N_cf=6
Windowing:
  config: # windows=1895, spacing=0.9629686526711376, CF order=6
  error tolerance: rtol=0.001, atol=1e-05
Testing N_win=1895 N_cf=5
Windowing:
  config: # windows=1895, spacing=0.9629686526711376, CF order=5
  error tolerance: rtol=0.001, atol=1e-05
Testing N_win=1895 N_cf=4
Windowing:
  config: # windows=1895, spacing=0.9629686526711376, CF order=4
  error tolerance: rtol=0.001, atol=1e-05
Testing N_win=1895 N_cf=3
Windowing:
  config: # windows=1895, spacing=0.9629686526711376, CF order=3
  error tolerance: rtol=0.001, atol=1e-05
Testing N_win=1895 N_cf=2
Windowing:
  config: # windows=1895, spacing=0.9629686526711376, CF order=2
  error tolerance: rtol=0.001, atol=1e-05
Testing N_win=2000 N_cf=10
Windowing:
  config: # windows=2000, spacing=0.9124127984059028, CF order=10
  error tolerance: rtol=0.001, atol=1e-05
Testing N_win=2000 N_cf=9
Windowing:
  config: # windows=2000, spacing=0.9124127984059028, CF order=9
  error tolerance: rtol=0.001, atol=1e-05
Testing N_win=2000 N_cf=8
Windowing:
  config: # windows=2000, spacing=0.9124127984059028, CF order=8
  error tolerance: rtol=0.001, atol=1e-05
Testing N_win=2000 N_cf=7
Windowing:
  config: # windows=2000, spacing=0.9124127984059028, CF order=7
  error tolerance: rtol=0.001, atol=1e-05
Testing N_win=2000 N_cf=6
Windowing:
  config: # windows=2000, spacing=0.9124127984059028, CF order=6
  error tolerance: rtol=0.001, atol=1e-05
Testing N_win=2000 N_cf=5
Windowing:
  config: # windows=2000, spacing=0.9124127984059028, CF order=5
  error tolerance: rtol=0.001, atol=1e-05
Testing N_win=2000 N_cf=4
Windowing:
  config: # windows=2000, spacing=0.9124127984059028, CF order=4
  error tolerance: rtol=0.001, atol=1e-05
Testing N_win=2000 N_cf=3
Windowing:
  config: # windows=2000, spacing=0.9124127984059028, CF order=3
  error tolerance: rtol=0.001, atol=1e-05
Testing N_win=2000 N_cf=2
Windowing:
  config: # windows=2000, spacing=0.9124127984059028, CF order=2
  error tolerance: rtol=0.001, atol=1e-05
Final library: 35 poles, 320 windows, 0.39 poles per window, 2 CF order
