Running NJOY to get 0K point-wise data (error=0.0005)...
Parsing cross sections within resolved resonance range...
  MTs: [2, 27, 102, 103, 107]
  Energy range: 1.000e-05 to 9.719e+03 eV (28889 points)
Vector fitting piece 1/14...
  energy: 1.000e-05 to 5.469e+01 eV (712 points)
  error tolerance: rtol=0.001, atol=1e-05
Found 0 peaks
Fitting orders from 2 to 200
Order=2(0/100)
Order=4(1/100)
Order=6(2/100)
Order=8(3/100)
Order=10(4/100)
Order=12(5/100)
Order=14(6/100)
Order=16(7/100)
Order=18(8/100)
Order=20(9/100)
Order=22(10/100)
Order=24(11/100)
Order=26(12/100)
Order=28(13/100)
Order=30(14/100)
Order=32(15/100)
Order=34(16/100)
Order=36(17/100)
Order=38(18/100)
Order=40(19/100)
Order=42(20/100)
Order=44(21/100)
Order=46(22/100)
Order=48(23/100)
Order=50(24/100)
Order=52(25/100)
Order=54(26/100)
Order=56(27/100)
Order=58(28/100)
Order=60(29/100)
Found 2 real poles and 6 conjugate complex pairs.
Final number of poles: 8
Saved figure: WMP_Lib/Pt194/0-55_MT2.png
Saved figure: WMP_Lib/Pt194/0-55_MT27.png
Saved figure: WMP_Lib/Pt194/0-55_MT102.png
Saved figure: WMP_Lib/Pt194/0-55_MT107.png
Vector fitting piece 2/14...
  energy: 1.125e+01 to 2.111e+02 eV (122 points)
  error tolerance: rtol=0.001, atol=1e-05
Found 0 peaks
Fitting orders from 2 to 200
Order=2(0/100)
Order=4(1/100)
Order=6(2/100)
Order=8(3/100)
Order=10(4/100)
Order=12(5/100)
Order=14(6/100)
Order=16(7/100)
Order=18(8/100)
Found ideal results. Stop!
Found 2 real poles and 10 conjugate complex pairs.
Final number of poles: 12
Saved figure: WMP_Lib/Pt194/11-211_MT2.png
Saved figure: WMP_Lib/Pt194/11-211_MT27.png
Saved figure: WMP_Lib/Pt194/11-211_MT102.png
Saved figure: WMP_Lib/Pt194/11-211_MT107.png
Vector fitting piece 3/14...
  energy: 1.062e+02 to 4.535e+02 eV (867 points)
  error tolerance: rtol=0.001, atol=1e-05
Found 1 peaks
Fitting orders from 2 to 200
Order=2(0/100)
Order=4(1/100)
Order=6(2/100)
Order=8(3/100)
Order=10(4/100)
Order=12(5/100)
Order=14(6/100)
Order=16(7/100)
Order=18(8/100)
Order=20(9/100)
Order=22(10/100)
Order=24(11/100)
Order=26(12/100)
Order=28(13/100)
Order=30(14/100)
Order=32(15/100)
Order=34(16/100)
Order=36(17/100)
Order=38(18/100)
Order=40(19/100)
Order=42(20/100)
Order=44(21/100)
Order=46(22/100)
Order=48(23/100)
Order=50(24/100)
Order=52(25/100)
Order=54(26/100)
Order=56(27/100)
Order=58(28/100)
Order=60(29/100)
Found 4 real poles and 2 conjugate complex pairs.
Final number of poles: 6
Saved figure: WMP_Lib/Pt194/106-454_MT2.png
Saved figure: WMP_Lib/Pt194/106-454_MT27.png
Saved figure: WMP_Lib/Pt194/106-454_MT102.png
Saved figure: WMP_Lib/Pt194/106-454_MT107.png
Vector fitting piece 4/14...
  energy: 3.040e+02 to 8.033e+02 eV (2904 points)
  error tolerance: rtol=0.001, atol=1e-05
Found 4 peaks
Fitting orders from 8 to 200
Order=8(0/97)
Order=10(1/97)
Order=12(2/97)
Order=14(3/97)
Order=16(4/97)
Order=18(5/97)
Order=20(6/97)
Order=22(7/97)
Order=24(8/97)
Order=26(9/97)
Order=28(10/97)
Order=30(11/97)
Order=32(12/97)
Order=34(13/97)
Order=36(14/97)
Order=38(15/97)
Order=40(16/97)
Order=42(17/97)
Order=44(18/97)
Order=46(19/97)
Order=48(20/97)
Order=50(21/97)
Order=52(22/97)
Order=54(23/97)
Order=56(24/97)
Order=58(25/97)
Order=60(26/97)
Found 0 real poles and 6 conjugate complex pairs.
Final number of poles: 6
Saved figure: WMP_Lib/Pt194/304-803_MT2.png
Saved figure: WMP_Lib/Pt194/304-803_MT27.png
Saved figure: WMP_Lib/Pt194/304-803_MT102.png
Saved figure: WMP_Lib/Pt194/304-803_MT107.png
Vector fitting piece 5/14...
  energy: 6.003e+02 to 1.252e+03 eV (2353 points)
  error tolerance: rtol=0.001, atol=1e-05
Found 4 peaks
Fitting orders from 8 to 200
Order=8(0/97)
Order=10(1/97)
Order=12(2/97)
Order=14(3/97)
Order=16(4/97)
Order=18(5/97)
Order=20(6/97)
Order=22(7/97)
Order=24(8/97)
Order=26(9/97)
Order=28(10/97)
Order=30(11/97)
Order=32(12/97)
Order=34(13/97)
Order=36(14/97)
Order=38(15/97)
Order=40(16/97)
Order=42(17/97)
Order=44(18/97)
Order=46(19/97)
Order=48(20/97)
Order=50(21/97)
Order=52(22/97)
Order=54(23/97)
Order=56(24/97)
Order=58(25/97)
Order=60(26/97)
Found 2 real poles and 5 conjugate complex pairs.
Final number of poles: 7
Saved figure: WMP_Lib/Pt194/600-1252_MT2.png
Saved figure: WMP_Lib/Pt194/600-1252_MT27.png
Saved figure: WMP_Lib/Pt194/600-1252_MT102.png
Saved figure: WMP_Lib/Pt194/600-1252_MT107.png
Vector fitting piece 6/14...
  energy: 9.925e+02 to 1.799e+03 eV (1475 points)
  error tolerance: rtol=0.001, atol=1e-05
Found 2 peaks
Fitting orders from 4 to 200
Order=4(0/99)
Order=6(1/99)
Order=8(2/99)
Order=10(3/99)
Order=12(4/99)
Order=14(5/99)
Order=16(6/99)
Order=18(7/99)
Order=20(8/99)
Order=22(9/99)
Order=24(10/99)
Order=26(11/99)
Order=28(12/99)
Order=30(13/99)
Order=32(14/99)
Order=34(15/99)
Order=36(16/99)
Order=38(17/99)
Order=40(18/99)
Order=42(19/99)
Order=44(20/99)
Order=46(21/99)
Order=48(22/99)
Order=50(23/99)
Order=52(24/99)
Order=54(25/99)
Order=56(26/99)
Order=58(27/99)
Order=60(28/99)
Found 2 real poles and 4 conjugate complex pairs.
Final number of poles: 6
Saved figure: WMP_Lib/Pt194/993-1799_MT2.png
Saved figure: WMP_Lib/Pt194/993-1799_MT27.png
Saved figure: WMP_Lib/Pt194/993-1799_MT102.png
Saved figure: WMP_Lib/Pt194/993-1799_MT107.png
Vector fitting piece 7/14...
  energy: 1.488e+03 to 2.445e+03 eV (3929 points)
  error tolerance: rtol=0.001, atol=1e-05
Found 7 peaks
Fitting orders from 14 to 200
Order=14(0/94)
Order=16(1/94)
Order=18(2/94)
Order=20(3/94)
Order=22(4/94)
Order=24(5/94)
Order=26(6/94)
Order=28(7/94)
Order=30(8/94)
Order=32(9/94)
Order=34(10/94)
Order=36(11/94)
Order=38(12/94)
Order=40(13/94)
Order=42(14/94)
Order=44(15/94)
Order=46(16/94)
Order=48(17/94)
Order=50(18/94)
Order=52(19/94)
Order=54(20/94)
Order=56(21/94)
Order=58(22/94)
Order=60(23/94)
Found 4 real poles and 8 conjugate complex pairs.
Final number of poles: 12
Saved figure: WMP_Lib/Pt194/1488-2445_MT2.png
Saved figure: WMP_Lib/Pt194/1488-2445_MT27.png
Saved figure: WMP_Lib/Pt194/1488-2445_MT102.png
Saved figure: WMP_Lib/Pt194/1488-2445_MT107.png
Vector fitting piece 8/14...
  energy: 2.082e+03 to 3.195e+03 eV (4201 points)
  error tolerance: rtol=0.001, atol=1e-05
Found 7 peaks
Fitting orders from 14 to 200
Order=14(0/94)
Order=16(1/94)
Order=18(2/94)
Order=20(3/94)
Order=22(4/94)
Order=24(5/94)
Order=26(6/94)
Order=28(7/94)
Order=30(8/94)
Order=32(9/94)
Order=34(10/94)
Order=36(11/94)
Order=38(12/94)
Order=40(13/94)
Order=42(14/94)
Order=44(15/94)
Order=46(16/94)
Order=48(17/94)
Order=50(18/94)
Order=52(19/94)
Order=54(20/94)
Order=56(21/94)
Order=58(22/94)
Order=60(23/94)
Found 2 real poles and 9 conjugate complex pairs.
Final number of poles: 11
Saved figure: WMP_Lib/Pt194/2082-3195_MT2.png
Saved figure: WMP_Lib/Pt194/2082-3195_MT27.png
Saved figure: WMP_Lib/Pt194/2082-3195_MT102.png
Saved figure: WMP_Lib/Pt194/2082-3195_MT107.png
Vector fitting piece 9/14...
  energy: 2.772e+03 to 4.039e+03 eV (2911 points)
  error tolerance: rtol=0.001, atol=1e-05
Found 5 peaks
Fitting orders from 10 to 200
Order=10(0/96)
Order=12(1/96)
Order=14(2/96)
Order=16(3/96)
Order=18(4/96)
Order=20(5/96)
Order=22(6/96)
Order=24(7/96)
Order=26(8/96)
Order=28(9/96)
Order=30(10/96)
Order=32(11/96)
Order=34(12/96)
Order=36(13/96)
Order=38(14/96)
Order=40(15/96)
Order=42(16/96)
Order=44(17/96)
Order=46(18/96)
Order=48(19/96)
Order=50(20/96)
Order=52(21/96)
Order=54(22/96)
Order=56(23/96)
Order=58(24/96)
Order=60(25/96)
Found 2 real poles and 7 conjugate complex pairs.
Final number of poles: 9
Saved figure: WMP_Lib/Pt194/2772-4039_MT2.png
Saved figure: WMP_Lib/Pt194/2772-4039_MT27.png
Saved figure: WMP_Lib/Pt194/2772-4039_MT102.png
Saved figure: WMP_Lib/Pt194/2772-4039_MT107.png
Vector fitting piece 10/14...
  energy: 3.565e+03 to 4.980e+03 eV (3267 points)
  error tolerance: rtol=0.001, atol=1e-05
Found 7 peaks
Fitting orders from 14 to 200
Order=14(0/94)
Order=16(1/94)
Order=18(2/94)
Order=20(3/94)
Order=22(4/94)
Order=24(5/94)
Order=26(6/94)
Order=28(7/94)
Order=30(8/94)
Order=32(9/94)
Order=34(10/94)
Order=36(11/94)
Order=38(12/94)
Order=40(13/94)
Order=42(14/94)
Order=44(15/94)
Order=46(16/94)
Order=48(17/94)
Order=50(18/94)
Order=52(19/94)
Order=54(20/94)
Order=56(21/94)
Order=58(22/94)
Order=60(23/94)
Found 4 real poles and 8 conjugate complex pairs.
Final number of poles: 12
Saved figure: WMP_Lib/Pt194/3565-4980_MT2.png
Saved figure: WMP_Lib/Pt194/3565-4980_MT27.png
Saved figure: WMP_Lib/Pt194/3565-4980_MT102.png
Saved figure: WMP_Lib/Pt194/3565-4980_MT107.png
Vector fitting piece 11/14...
  energy: 4.455e+03 to 6.024e+03 eV (4924 points)
  error tolerance: rtol=0.001, atol=1e-05
Found 10 peaks
Fitting orders from 20 to 200
Order=20(0/91)
Order=22(1/91)
Order=24(2/91)
Order=26(3/91)
Order=28(4/91)
Order=30(5/91)
Order=32(6/91)
Order=34(7/91)
Order=36(8/91)
Order=38(9/91)
Order=40(10/91)
Order=42(11/91)
Order=44(12/91)
Order=46(13/91)
Order=48(14/91)
Order=50(15/91)
Order=52(16/91)
Order=54(17/91)
Order=56(18/91)
Order=58(19/91)
Order=60(20/91)
Found 4 real poles and 12 conjugate complex pairs.
Final number of poles: 16
Saved figure: WMP_Lib/Pt194/4455-6024_MT2.png
Saved figure: WMP_Lib/Pt194/4455-6024_MT27.png
Saved figure: WMP_Lib/Pt194/4455-6024_MT102.png
Saved figure: WMP_Lib/Pt194/4455-6024_MT107.png
Vector fitting piece 12/14...
  energy: 5.443e+03 to 7.166e+03 eV (4617 points)
  error tolerance: rtol=0.001, atol=1e-05
Found 12 peaks
Fitting orders from 24 to 200
Order=24(0/89)
Order=26(1/89)
Order=28(2/89)
Order=30(3/89)
Order=32(4/89)
Order=34(5/89)
Order=36(6/89)
Order=38(7/89)
Order=40(8/89)
Order=42(9/89)
Order=44(10/89)
Order=46(11/89)
Order=48(12/89)
Order=50(13/89)
Order=52(14/89)
Order=54(15/89)
Order=56(16/89)
Order=58(17/89)
Order=60(18/89)
Found 4 real poles and 13 conjugate complex pairs.
Final number of poles: 17
Saved figure: WMP_Lib/Pt194/5443-7166_MT2.png
Saved figure: WMP_Lib/Pt194/5443-7166_MT27.png
Saved figure: WMP_Lib/Pt194/5443-7166_MT102.png
Saved figure: WMP_Lib/Pt194/5443-7166_MT107.png
Vector fitting piece 13/14...
  energy: 6.534e+03 to 8.407e+03 eV (5307 points)
  error tolerance: rtol=0.001, atol=1e-05
Found 17 peaks
Fitting orders from 34 to 200
Order=34(0/84)
Order=36(1/84)
Order=38(2/84)
Order=40(3/84)
Order=42(4/84)
Order=44(5/84)
Order=46(6/84)
Order=48(7/84)
Order=50(8/84)
Order=52(9/84)
Order=54(10/84)
Order=56(11/84)
Order=58(12/84)
Order=60(13/84)
Found 4 real poles and 19 conjugate complex pairs.
Final number of poles: 23
Saved figure: WMP_Lib/Pt194/6534-8407_MT2.png
Saved figure: WMP_Lib/Pt194/6534-8407_MT27.png
Saved figure: WMP_Lib/Pt194/6534-8407_MT102.png
Saved figure: WMP_Lib/Pt194/6534-8407_MT107.png
Vector fitting piece 14/14...
  energy: 7.720e+03 to 9.719e+03 eV (5120 points)
  error tolerance: rtol=0.001, atol=1e-05
Found 16 peaks
Fitting orders from 32 to 200
Order=32(0/85)
Order=34(1/85)
Order=36(2/85)
Order=38(3/85)
Order=40(4/85)
Order=42(5/85)
Order=44(6/85)
Order=46(7/85)
Order=48(8/85)
Order=50(9/85)
Order=52(10/85)
Order=54(11/85)
Order=56(12/85)
Order=58(13/85)
Order=60(14/85)
Found 2 real poles and 18 conjugate complex pairs.
Final number of poles: 20
Saved figure: WMP_Lib/Pt194/7720-9719_MT2.png
Saved figure: WMP_Lib/Pt194/7720-9719_MT27.png
Saved figure: WMP_Lib/Pt194/7720-9719_MT102.png
Saved figure: WMP_Lib/Pt194/7720-9719_MT107.png
Dumped multipole data to file: WMP_Lib/Pt194/Pt194_mp.pickle
Start searching ...
Testing N_win=8 N_cf=10
Failed: Window spacing cannot be larger than piece spacing.
Testing N_win=112 N_cf=10
Windowing:
  config: # windows=112, spacing=0.8801760860024664, CF order=10
  error tolerance: rtol=0.001, atol=1e-05
Best library so far.
Testing N_win=112 N_cf=9
Windowing:
  config: # windows=112, spacing=0.8801760860024664, CF order=9
  error tolerance: rtol=0.001, atol=1e-05
Best library so far.
Testing N_win=112 N_cf=8
Windowing:
  config: # windows=112, spacing=0.8801760860024664, CF order=8
  error tolerance: rtol=0.001, atol=1e-05
Best library so far.
Testing N_win=112 N_cf=7
Windowing:
  config: # windows=112, spacing=0.8801760860024664, CF order=7
  error tolerance: rtol=0.001, atol=1e-05
Best library so far.
Testing N_win=112 N_cf=6
Windowing:
  config: # windows=112, spacing=0.8801760860024664, CF order=6
  error tolerance: rtol=0.001, atol=1e-05
Best library so far.
Testing N_win=112 N_cf=5
Windowing:
  config: # windows=112, spacing=0.8801760860024664, CF order=5
  error tolerance: rtol=0.001, atol=1e-05
Best library so far.
Testing N_win=112 N_cf=4
Windowing:
  config: # windows=112, spacing=0.8801760860024664, CF order=4
  error tolerance: rtol=0.001, atol=1e-05
Best library so far.
Testing N_win=112 N_cf=3
Windowing:
  config: # windows=112, spacing=0.8801760860024664, CF order=3
  error tolerance: rtol=0.001, atol=1e-05
Best library so far.
Testing N_win=112 N_cf=2
Windowing:
  config: # windows=112, spacing=0.8801760860024664, CF order=2
  error tolerance: rtol=0.001, atol=1e-05
Failed: Pure curvefit failed for the first window!
Testing N_win=217 N_cf=10
Windowing:
  config: # windows=217, spacing=0.45428443148514397, CF order=10
  error tolerance: rtol=0.001, atol=1e-05
Testing N_win=217 N_cf=9
Windowing:
  config: # windows=217, spacing=0.45428443148514397, CF order=9
  error tolerance: rtol=0.001, atol=1e-05
Best library so far.
Testing N_win=217 N_cf=8
Windowing:
  config: # windows=217, spacing=0.45428443148514397, CF order=8
  error tolerance: rtol=0.001, atol=1e-05
Best library so far.
Testing N_win=217 N_cf=7
Windowing:
  config: # windows=217, spacing=0.45428443148514397, CF order=7
  error tolerance: rtol=0.001, atol=1e-05
Best library so far.
Testing N_win=217 N_cf=6
Windowing:
  config: # windows=217, spacing=0.45428443148514397, CF order=6
  error tolerance: rtol=0.001, atol=1e-05
Best library so far.
Testing N_win=217 N_cf=5
Windowing:
  config: # windows=217, spacing=0.45428443148514397, CF order=5
  error tolerance: rtol=0.001, atol=1e-05
Best library so far.
Testing N_win=217 N_cf=4
Windowing:
  config: # windows=217, spacing=0.45428443148514397, CF order=4
  error tolerance: rtol=0.001, atol=1e-05
Best library so far.
Testing N_win=217 N_cf=3
Windowing:
  config: # windows=217, spacing=0.45428443148514397, CF order=3
  error tolerance: rtol=0.001, atol=1e-05
Best library so far.
Testing N_win=217 N_cf=2
Windowing:
  config: # windows=217, spacing=0.45428443148514397, CF order=2
  error tolerance: rtol=0.001, atol=1e-05
Failed: Pure curvefit failed for the first window!
Testing N_win=322 N_cf=10
Windowing:
  config: # windows=322, spacing=0.30614820382694485, CF order=10
  error tolerance: rtol=0.001, atol=1e-05
Testing N_win=322 N_cf=9
Windowing:
  config: # windows=322, spacing=0.30614820382694485, CF order=9
  error tolerance: rtol=0.001, atol=1e-05
Testing N_win=322 N_cf=8
Windowing:
  config: # windows=322, spacing=0.30614820382694485, CF order=8
  error tolerance: rtol=0.001, atol=1e-05
Testing N_win=322 N_cf=7
Windowing:
  config: # windows=322, spacing=0.30614820382694485, CF order=7
  error tolerance: rtol=0.001, atol=1e-05
Testing N_win=322 N_cf=6
Windowing:
  config: # windows=322, spacing=0.30614820382694485, CF order=6
  error tolerance: rtol=0.001, atol=1e-05
Testing N_win=322 N_cf=5
Windowing:
  config: # windows=322, spacing=0.30614820382694485, CF order=5
  error tolerance: rtol=0.001, atol=1e-05
Best library so far.
Testing N_win=322 N_cf=4
Windowing:
  config: # windows=322, spacing=0.30614820382694485, CF order=4
  error tolerance: rtol=0.001, atol=1e-05
Best library so far.
Testing N_win=322 N_cf=3
Windowing:
  config: # windows=322, spacing=0.30614820382694485, CF order=3
  error tolerance: rtol=0.001, atol=1e-05
Best library so far.
Testing N_win=322 N_cf=2
Windowing:
  config: # windows=322, spacing=0.30614820382694485, CF order=2
  error tolerance: rtol=0.001, atol=1e-05
Failed: Pure curvefit failed for the first window!
Testing N_win=427 N_cf=10
Windowing:
  config: # windows=427, spacing=0.23086585862359776, CF order=10
  error tolerance: rtol=0.001, atol=1e-05
Testing N_win=427 N_cf=9
Windowing:
  config: # windows=427, spacing=0.23086585862359776, CF order=9
  error tolerance: rtol=0.001, atol=1e-05
Testing N_win=427 N_cf=8
Windowing:
  config: # windows=427, spacing=0.23086585862359776, CF order=8
  error tolerance: rtol=0.001, atol=1e-05
Testing N_win=427 N_cf=7
Windowing:
  config: # windows=427, spacing=0.23086585862359776, CF order=7
  error tolerance: rtol=0.001, atol=1e-05
Testing N_win=427 N_cf=6
Windowing:
  config: # windows=427, spacing=0.23086585862359776, CF order=6
  error tolerance: rtol=0.001, atol=1e-05
Testing N_win=427 N_cf=5
Windowing:
  config: # windows=427, spacing=0.23086585862359776, CF order=5
  error tolerance: rtol=0.001, atol=1e-05
Testing N_win=427 N_cf=4
Windowing:
  config: # windows=427, spacing=0.23086585862359776, CF order=4
  error tolerance: rtol=0.001, atol=1e-05
Best library so far.
Testing N_win=427 N_cf=3
Windowing:
  config: # windows=427, spacing=0.23086585862359776, CF order=3
  error tolerance: rtol=0.001, atol=1e-05
Best library so far.
Testing N_win=427 N_cf=2
Windowing:
  config: # windows=427, spacing=0.23086585862359776, CF order=2
  error tolerance: rtol=0.001, atol=1e-05
Failed: Pure curvefit failed for the first window!
Testing N_win=532 N_cf=10
Windowing:
  config: # windows=532, spacing=0.18530022863209822, CF order=10
  error tolerance: rtol=0.001, atol=1e-05
Testing N_win=532 N_cf=9
Windowing:
  config: # windows=532, spacing=0.18530022863209822, CF order=9
  error tolerance: rtol=0.001, atol=1e-05
Testing N_win=532 N_cf=8
Windowing:
  config: # windows=532, spacing=0.18530022863209822, CF order=8
  error tolerance: rtol=0.001, atol=1e-05
Testing N_win=532 N_cf=7
Windowing:
  config: # windows=532, spacing=0.18530022863209822, CF order=7
  error tolerance: rtol=0.001, atol=1e-05
Testing N_win=532 N_cf=6
Windowing:
  config: # windows=532, spacing=0.18530022863209822, CF order=6
  error tolerance: rtol=0.001, atol=1e-05
Testing N_win=532 N_cf=5
Windowing:
  config: # windows=532, spacing=0.18530022863209822, CF order=5
  error tolerance: rtol=0.001, atol=1e-05
Testing N_win=532 N_cf=4
Windowing:
  config: # windows=532, spacing=0.18530022863209822, CF order=4
  error tolerance: rtol=0.001, atol=1e-05
Testing N_win=532 N_cf=3
Windowing:
  config: # windows=532, spacing=0.18530022863209822, CF order=3
  error tolerance: rtol=0.001, atol=1e-05
Best library so far.
Testing N_win=532 N_cf=2
Windowing:
  config: # windows=532, spacing=0.18530022863209822, CF order=2
  error tolerance: rtol=0.001, atol=1e-05
Failed: Pure curvefit failed for the first window!
Testing N_win=637 N_cf=10
Windowing:
  config: # windows=637, spacing=0.15475623490153256, CF order=10
  error tolerance: rtol=0.001, atol=1e-05
Testing N_win=637 N_cf=9
Windowing:
  config: # windows=637, spacing=0.15475623490153256, CF order=9
  error tolerance: rtol=0.001, atol=1e-05
Testing N_win=637 N_cf=8
Windowing:
  config: # windows=637, spacing=0.15475623490153256, CF order=8
  error tolerance: rtol=0.001, atol=1e-05
Testing N_win=637 N_cf=7
Windowing:
  config: # windows=637, spacing=0.15475623490153256, CF order=7
  error tolerance: rtol=0.001, atol=1e-05
Testing N_win=637 N_cf=6
Windowing:
  config: # windows=637, spacing=0.15475623490153256, CF order=6
  error tolerance: rtol=0.001, atol=1e-05
Testing N_win=637 N_cf=5
Windowing:
  config: # windows=637, spacing=0.15475623490153256, CF order=5
  error tolerance: rtol=0.001, atol=1e-05
Testing N_win=637 N_cf=4
Windowing:
  config: # windows=637, spacing=0.15475623490153256, CF order=4
  error tolerance: rtol=0.001, atol=1e-05
Testing N_win=637 N_cf=3
Windowing:
  config: # windows=637, spacing=0.15475623490153256, CF order=3
  error tolerance: rtol=0.001, atol=1e-05
Best library so far.
Testing N_win=637 N_cf=2
Windowing:
  config: # windows=637, spacing=0.15475623490153256, CF order=2
  error tolerance: rtol=0.001, atol=1e-05
Failed: Pure curvefit failed for the first window!
Testing N_win=741 N_cf=10
Windowing:
  config: # windows=741, spacing=0.13303606158201922, CF order=10
  error tolerance: rtol=0.001, atol=1e-05
Testing N_win=741 N_cf=9
Windowing:
  config: # windows=741, spacing=0.13303606158201922, CF order=9
  error tolerance: rtol=0.001, atol=1e-05
Testing N_win=741 N_cf=8
Windowing:
  config: # windows=741, spacing=0.13303606158201922, CF order=8
  error tolerance: rtol=0.001, atol=1e-05
Testing N_win=741 N_cf=7
Windowing:
  config: # windows=741, spacing=0.13303606158201922, CF order=7
  error tolerance: rtol=0.001, atol=1e-05
Testing N_win=741 N_cf=6
Windowing:
  config: # windows=741, spacing=0.13303606158201922, CF order=6
  error tolerance: rtol=0.001, atol=1e-05
Testing N_win=741 N_cf=5
Windowing:
  config: # windows=741, spacing=0.13303606158201922, CF order=5
  error tolerance: rtol=0.001, atol=1e-05
Testing N_win=741 N_cf=4
Windowing:
  config: # windows=741, spacing=0.13303606158201922, CF order=4
  error tolerance: rtol=0.001, atol=1e-05
Testing N_win=741 N_cf=3
Windowing:
  config: # windows=741, spacing=0.13303606158201922, CF order=3
  error tolerance: rtol=0.001, atol=1e-05
Testing N_win=741 N_cf=2
Windowing:
  config: # windows=741, spacing=0.13303606158201922, CF order=2
  error tolerance: rtol=0.001, atol=1e-05
Testing N_win=846 N_cf=10
Windowing:
  config: # windows=846, spacing=0.11652449365517287, CF order=10
  error tolerance: rtol=0.001, atol=1e-05
Testing N_win=846 N_cf=9
Windowing:
  config: # windows=846, spacing=0.11652449365517287, CF order=9
  error tolerance: rtol=0.001, atol=1e-05
Testing N_win=846 N_cf=8
Windowing:
  config: # windows=846, spacing=0.11652449365517287, CF order=8
  error tolerance: rtol=0.001, atol=1e-05
Testing N_win=846 N_cf=7
Windowing:
  config: # windows=846, spacing=0.11652449365517287, CF order=7
  error tolerance: rtol=0.001, atol=1e-05
Testing N_win=846 N_cf=6
Windowing:
  config: # windows=846, spacing=0.11652449365517287, CF order=6
  error tolerance: rtol=0.001, atol=1e-05
Testing N_win=846 N_cf=5
Windowing:
  config: # windows=846, spacing=0.11652449365517287, CF order=5
  error tolerance: rtol=0.001, atol=1e-05
Testing N_win=846 N_cf=4
Windowing:
  config: # windows=846, spacing=0.11652449365517287, CF order=4
  error tolerance: rtol=0.001, atol=1e-05
Testing N_win=846 N_cf=3
Windowing:
  config: # windows=846, spacing=0.11652449365517287, CF order=3
  error tolerance: rtol=0.001, atol=1e-05
Testing N_win=846 N_cf=2
Windowing:
  config: # windows=846, spacing=0.11652449365517287, CF order=2
  error tolerance: rtol=0.001, atol=1e-05
Testing N_win=951 N_cf=10
Windowing:
  config: # windows=951, spacing=0.10365901328315062, CF order=10
  error tolerance: rtol=0.001, atol=1e-05
Testing N_win=951 N_cf=9
Windowing:
  config: # windows=951, spacing=0.10365901328315062, CF order=9
  error tolerance: rtol=0.001, atol=1e-05
Testing N_win=951 N_cf=8
Windowing:
  config: # windows=951, spacing=0.10365901328315062, CF order=8
  error tolerance: rtol=0.001, atol=1e-05
Testing N_win=951 N_cf=7
Windowing:
  config: # windows=951, spacing=0.10365901328315062, CF order=7
  error tolerance: rtol=0.001, atol=1e-05
Testing N_win=951 N_cf=6
Windowing:
  config: # windows=951, spacing=0.10365901328315062, CF order=6
  error tolerance: rtol=0.001, atol=1e-05
Testing N_win=951 N_cf=5
Windowing:
  config: # windows=951, spacing=0.10365901328315062, CF order=5
  error tolerance: rtol=0.001, atol=1e-05
Testing N_win=951 N_cf=4
Windowing:
  config: # windows=951, spacing=0.10365901328315062, CF order=4
  error tolerance: rtol=0.001, atol=1e-05
Testing N_win=951 N_cf=3
Windowing:
  config: # windows=951, spacing=0.10365901328315062, CF order=3
  error tolerance: rtol=0.001, atol=1e-05
Testing N_win=951 N_cf=2
Windowing:
  config: # windows=951, spacing=0.10365901328315062, CF order=2
  error tolerance: rtol=0.001, atol=1e-05
Testing N_win=1056 N_cf=10
Windowing:
  config: # windows=1056, spacing=0.09335200912147372, CF order=10
  error tolerance: rtol=0.001, atol=1e-05
Testing N_win=1056 N_cf=9
Windowing:
  config: # windows=1056, spacing=0.09335200912147372, CF order=9
  error tolerance: rtol=0.001, atol=1e-05
Testing N_win=1056 N_cf=8
Windowing:
  config: # windows=1056, spacing=0.09335200912147372, CF order=8
  error tolerance: rtol=0.001, atol=1e-05
Testing N_win=1056 N_cf=7
Windowing:
  config: # windows=1056, spacing=0.09335200912147372, CF order=7
  error tolerance: rtol=0.001, atol=1e-05
Testing N_win=1056 N_cf=6
Windowing:
  config: # windows=1056, spacing=0.09335200912147372, CF order=6
  error tolerance: rtol=0.001, atol=1e-05
Testing N_win=1056 N_cf=5
Windowing:
  config: # windows=1056, spacing=0.09335200912147372, CF order=5
  error tolerance: rtol=0.001, atol=1e-05
Testing N_win=1056 N_cf=4
Windowing:
  config: # windows=1056, spacing=0.09335200912147372, CF order=4
  error tolerance: rtol=0.001, atol=1e-05
Testing N_win=1056 N_cf=3
Windowing:
  config: # windows=1056, spacing=0.09335200912147372, CF order=3
  error tolerance: rtol=0.001, atol=1e-05
Testing N_win=1056 N_cf=2
Windowing:
  config: # windows=1056, spacing=0.09335200912147372, CF order=2
  error tolerance: rtol=0.001, atol=1e-05
Testing N_win=1161 N_cf=10
Windowing:
  config: # windows=1161, spacing=0.08490932095803294, CF order=10
  error tolerance: rtol=0.001, atol=1e-05
Testing N_win=1161 N_cf=9
Windowing:
  config: # windows=1161, spacing=0.08490932095803294, CF order=9
  error tolerance: rtol=0.001, atol=1e-05
Testing N_win=1161 N_cf=8
Windowing:
  config: # windows=1161, spacing=0.08490932095803294, CF order=8
  error tolerance: rtol=0.001, atol=1e-05
Testing N_win=1161 N_cf=7
Windowing:
  config: # windows=1161, spacing=0.08490932095803294, CF order=7
  error tolerance: rtol=0.001, atol=1e-05
Testing N_win=1161 N_cf=6
Windowing:
  config: # windows=1161, spacing=0.08490932095803294, CF order=6
  error tolerance: rtol=0.001, atol=1e-05
Testing N_win=1161 N_cf=5
Windowing:
  config: # windows=1161, spacing=0.08490932095803294, CF order=5
  error tolerance: rtol=0.001, atol=1e-05
Testing N_win=1161 N_cf=4
Windowing:
  config: # windows=1161, spacing=0.08490932095803294, CF order=4
  error tolerance: rtol=0.001, atol=1e-05
Testing N_win=1161 N_cf=3
Windowing:
  config: # windows=1161, spacing=0.08490932095803294, CF order=3
  error tolerance: rtol=0.001, atol=1e-05
Testing N_win=1161 N_cf=2
Windowing:
  config: # windows=1161, spacing=0.08490932095803294, CF order=2
  error tolerance: rtol=0.001, atol=1e-05
Testing N_win=1266 N_cf=10
Windowing:
  config: # windows=1266, spacing=0.07786707869848045, CF order=10
  error tolerance: rtol=0.001, atol=1e-05
Testing N_win=1266 N_cf=9
Windowing:
  config: # windows=1266, spacing=0.07786707869848045, CF order=9
  error tolerance: rtol=0.001, atol=1e-05
Testing N_win=1266 N_cf=8
Windowing:
  config: # windows=1266, spacing=0.07786707869848045, CF order=8
  error tolerance: rtol=0.001, atol=1e-05
Testing N_win=1266 N_cf=7
Windowing:
  config: # windows=1266, spacing=0.07786707869848045, CF order=7
  error tolerance: rtol=0.001, atol=1e-05
Testing N_win=1266 N_cf=6
Windowing:
  config: # windows=1266, spacing=0.07786707869848045, CF order=6
  error tolerance: rtol=0.001, atol=1e-05
Testing N_win=1266 N_cf=5
Windowing:
  config: # windows=1266, spacing=0.07786707869848045, CF order=5
  error tolerance: rtol=0.001, atol=1e-05
Testing N_win=1266 N_cf=4
Windowing:
  config: # windows=1266, spacing=0.07786707869848045, CF order=4
  error tolerance: rtol=0.001, atol=1e-05
Testing N_win=1266 N_cf=3
Windowing:
  config: # windows=1266, spacing=0.07786707869848045, CF order=3
  error tolerance: rtol=0.001, atol=1e-05
Testing N_win=1266 N_cf=2
Windowing:
  config: # windows=1266, spacing=0.07786707869848045, CF order=2
  error tolerance: rtol=0.001, atol=1e-05
Testing N_win=1370 N_cf=10
Windowing:
  config: # windows=1370, spacing=0.07195600119144252, CF order=10
  error tolerance: rtol=0.001, atol=1e-05
Testing N_win=1370 N_cf=9
Windowing:
  config: # windows=1370, spacing=0.07195600119144252, CF order=9
  error tolerance: rtol=0.001, atol=1e-05
Testing N_win=1370 N_cf=8
Windowing:
  config: # windows=1370, spacing=0.07195600119144252, CF order=8
  error tolerance: rtol=0.001, atol=1e-05
Testing N_win=1370 N_cf=7
Windowing:
  config: # windows=1370, spacing=0.07195600119144252, CF order=7
  error tolerance: rtol=0.001, atol=1e-05
Testing N_win=1370 N_cf=6
Windowing:
  config: # windows=1370, spacing=0.07195600119144252, CF order=6
  error tolerance: rtol=0.001, atol=1e-05
Testing N_win=1370 N_cf=5
Windowing:
  config: # windows=1370, spacing=0.07195600119144252, CF order=5
  error tolerance: rtol=0.001, atol=1e-05
Testing N_win=1370 N_cf=4
Windowing:
  config: # windows=1370, spacing=0.07195600119144252, CF order=4
  error tolerance: rtol=0.001, atol=1e-05
Testing N_win=1370 N_cf=3
Windowing:
  config: # windows=1370, spacing=0.07195600119144252, CF order=3
  error tolerance: rtol=0.001, atol=1e-05
Testing N_win=1370 N_cf=2
Windowing:
  config: # windows=1370, spacing=0.07195600119144252, CF order=2
  error tolerance: rtol=0.001, atol=1e-05
Testing N_win=1475 N_cf=10
Windowing:
  config: # windows=1475, spacing=0.06683370958120423, CF order=10
  error tolerance: rtol=0.001, atol=1e-05
Testing N_win=1475 N_cf=9
Windowing:
  config: # windows=1475, spacing=0.06683370958120423, CF order=9
  error tolerance: rtol=0.001, atol=1e-05
Testing N_win=1475 N_cf=8
Windowing:
  config: # windows=1475, spacing=0.06683370958120423, CF order=8
  error tolerance: rtol=0.001, atol=1e-05
Testing N_win=1475 N_cf=7
Windowing:
  config: # windows=1475, spacing=0.06683370958120423, CF order=7
  error tolerance: rtol=0.001, atol=1e-05
Testing N_win=1475 N_cf=6
Windowing:
  config: # windows=1475, spacing=0.06683370958120423, CF order=6
  error tolerance: rtol=0.001, atol=1e-05
Testing N_win=1475 N_cf=5
Windowing:
  config: # windows=1475, spacing=0.06683370958120423, CF order=5
  error tolerance: rtol=0.001, atol=1e-05
Testing N_win=1475 N_cf=4
Windowing:
  config: # windows=1475, spacing=0.06683370958120423, CF order=4
  error tolerance: rtol=0.001, atol=1e-05
Testing N_win=1475 N_cf=3
Windowing:
  config: # windows=1475, spacing=0.06683370958120423, CF order=3
  error tolerance: rtol=0.001, atol=1e-05
Testing N_win=1475 N_cf=2
Windowing:
  config: # windows=1475, spacing=0.06683370958120423, CF order=2
  error tolerance: rtol=0.001, atol=1e-05
Testing N_win=1580 N_cf=10
Windowing:
  config: # windows=1580, spacing=0.0623922288811875, CF order=10
  error tolerance: rtol=0.001, atol=1e-05
Testing N_win=1580 N_cf=9
Windowing:
  config: # windows=1580, spacing=0.0623922288811875, CF order=9
  error tolerance: rtol=0.001, atol=1e-05
Testing N_win=1580 N_cf=8
Windowing:
  config: # windows=1580, spacing=0.0623922288811875, CF order=8
  error tolerance: rtol=0.001, atol=1e-05
Testing N_win=1580 N_cf=7
Windowing:
  config: # windows=1580, spacing=0.0623922288811875, CF order=7
  error tolerance: rtol=0.001, atol=1e-05
Testing N_win=1580 N_cf=6
Windowing:
  config: # windows=1580, spacing=0.0623922288811875, CF order=6
  error tolerance: rtol=0.001, atol=1e-05
Testing N_win=1580 N_cf=5
Windowing:
  config: # windows=1580, spacing=0.0623922288811875, CF order=5
  error tolerance: rtol=0.001, atol=1e-05
Testing N_win=1580 N_cf=4
Windowing:
  config: # windows=1580, spacing=0.0623922288811875, CF order=4
  error tolerance: rtol=0.001, atol=1e-05
Testing N_win=1580 N_cf=3
Windowing:
  config: # windows=1580, spacing=0.0623922288811875, CF order=3
  error tolerance: rtol=0.001, atol=1e-05
Testing N_win=1580 N_cf=2
Windowing:
  config: # windows=1580, spacing=0.0623922288811875, CF order=2
  error tolerance: rtol=0.001, atol=1e-05
Testing N_win=1685 N_cf=10
Windowing:
  config: # windows=1685, spacing=0.05850428583517878, CF order=10
  error tolerance: rtol=0.001, atol=1e-05
Testing N_win=1685 N_cf=9
Windowing:
  config: # windows=1685, spacing=0.05850428583517878, CF order=9
  error tolerance: rtol=0.001, atol=1e-05
Testing N_win=1685 N_cf=8
Windowing:
  config: # windows=1685, spacing=0.05850428583517878, CF order=8
  error tolerance: rtol=0.001, atol=1e-05
Testing N_win=1685 N_cf=7
Windowing:
  config: # windows=1685, spacing=0.05850428583517878, CF order=7
  error tolerance: rtol=0.001, atol=1e-05
Testing N_win=1685 N_cf=6
Windowing:
  config: # windows=1685, spacing=0.05850428583517878, CF order=6
  error tolerance: rtol=0.001, atol=1e-05
Testing N_win=1685 N_cf=5
Windowing:
  config: # windows=1685, spacing=0.05850428583517878, CF order=5
  error tolerance: rtol=0.001, atol=1e-05
Testing N_win=1685 N_cf=4
Windowing:
  config: # windows=1685, spacing=0.05850428583517878, CF order=4
  error tolerance: rtol=0.001, atol=1e-05
Testing N_win=1685 N_cf=3
Windowing:
  config: # windows=1685, spacing=0.05850428583517878, CF order=3
  error tolerance: rtol=0.001, atol=1e-05
Testing N_win=1685 N_cf=2
Windowing:
  config: # windows=1685, spacing=0.05850428583517878, CF order=2
  error tolerance: rtol=0.001, atol=1e-05
Testing N_win=1790 N_cf=10
Windowing:
  config: # windows=1790, spacing=0.05507247018562919, CF order=10
  error tolerance: rtol=0.001, atol=1e-05
Testing N_win=1790 N_cf=9
Windowing:
  config: # windows=1790, spacing=0.05507247018562919, CF order=9
  error tolerance: rtol=0.001, atol=1e-05
Testing N_win=1790 N_cf=8
Windowing:
  config: # windows=1790, spacing=0.05507247018562919, CF order=8
  error tolerance: rtol=0.001, atol=1e-05
Testing N_win=1790 N_cf=7
Windowing:
  config: # windows=1790, spacing=0.05507247018562919, CF order=7
  error tolerance: rtol=0.001, atol=1e-05
Testing N_win=1790 N_cf=6
Windowing:
  config: # windows=1790, spacing=0.05507247018562919, CF order=6
  error tolerance: rtol=0.001, atol=1e-05
Testing N_win=1790 N_cf=5
Windowing:
  config: # windows=1790, spacing=0.05507247018562919, CF order=5
  error tolerance: rtol=0.001, atol=1e-05
Testing N_win=1790 N_cf=4
Windowing:
  config: # windows=1790, spacing=0.05507247018562919, CF order=4
  error tolerance: rtol=0.001, atol=1e-05
Testing N_win=1790 N_cf=3
Windowing:
  config: # windows=1790, spacing=0.05507247018562919, CF order=3
  error tolerance: rtol=0.001, atol=1e-05
Testing N_win=1790 N_cf=2
Windowing:
  config: # windows=1790, spacing=0.05507247018562919, CF order=2
  error tolerance: rtol=0.001, atol=1e-05
Testing N_win=1895 N_cf=10
Windowing:
  config: # windows=1895, spacing=0.052020961283523084, CF order=10
  error tolerance: rtol=0.001, atol=1e-05
Testing N_win=1895 N_cf=9
Windowing:
  config: # windows=1895, spacing=0.052020961283523084, CF order=9
  error tolerance: rtol=0.001, atol=1e-05
Testing N_win=1895 N_cf=8
Windowing:
  config: # windows=1895, spacing=0.052020961283523084, CF order=8
  error tolerance: rtol=0.001, atol=1e-05
Testing N_win=1895 N_cf=7
Windowing:
  config: # windows=1895, spacing=0.052020961283523084, CF order=7
  error tolerance: rtol=0.001, atol=1e-05
Testing N_win=1895 N_cf=6
Windowing:
  config: # windows=1895, spacing=0.052020961283523084, CF order=6
  error tolerance: rtol=0.001, atol=1e-05
Testing N_win=1895 N_cf=5
Windowing:
  config: # windows=1895, spacing=0.052020961283523084, CF order=5
  error tolerance: rtol=0.001, atol=1e-05
Testing N_win=1895 N_cf=4
Windowing:
  config: # windows=1895, spacing=0.052020961283523084, CF order=4
  error tolerance: rtol=0.001, atol=1e-05
Testing N_win=1895 N_cf=3
Windowing:
  config: # windows=1895, spacing=0.052020961283523084, CF order=3
  error tolerance: rtol=0.001, atol=1e-05
Testing N_win=1895 N_cf=2
Windowing:
  config: # windows=1895, spacing=0.052020961283523084, CF order=2
  error tolerance: rtol=0.001, atol=1e-05
Testing N_win=2000 N_cf=10
Windowing:
  config: # windows=2000, spacing=0.04928986081613812, CF order=10
  error tolerance: rtol=0.001, atol=1e-05
Testing N_win=2000 N_cf=9
Windowing:
  config: # windows=2000, spacing=0.04928986081613812, CF order=9
  error tolerance: rtol=0.001, atol=1e-05
Testing N_win=2000 N_cf=8
Windowing:
  config: # windows=2000, spacing=0.04928986081613812, CF order=8
  error tolerance: rtol=0.001, atol=1e-05
Testing N_win=2000 N_cf=7
Windowing:
  config: # windows=2000, spacing=0.04928986081613812, CF order=7
  error tolerance: rtol=0.001, atol=1e-05
Testing N_win=2000 N_cf=6
Windowing:
  config: # windows=2000, spacing=0.04928986081613812, CF order=6
  error tolerance: rtol=0.001, atol=1e-05
Testing N_win=2000 N_cf=5
Windowing:
  config: # windows=2000, spacing=0.04928986081613812, CF order=5
  error tolerance: rtol=0.001, atol=1e-05
Testing N_win=2000 N_cf=4
Windowing:
  config: # windows=2000, spacing=0.04928986081613812, CF order=4
  error tolerance: rtol=0.001, atol=1e-05
Testing N_win=2000 N_cf=3
Windowing:
  config: # windows=2000, spacing=0.04928986081613812, CF order=3
  error tolerance: rtol=0.001, atol=1e-05
Testing N_win=2000 N_cf=2
Windowing:
  config: # windows=2000, spacing=0.04928986081613812, CF order=2
  error tolerance: rtol=0.001, atol=1e-05
Final library: 85 poles, 637 windows, 1.4 poles per window, 3 CF order
