Running NJOY to get 0K point-wise data (error=0.0005)...
Parsing cross sections within resolved resonance range...
  MTs: [2, 27, 102, 103, 107]
  Energy range: 1.000e-05 to 8.769e+02 eV (13381 points)
Vector fitting piece 1/6...
  energy: 1.000e-05 to 2.597e+01 eV (980 points)
  error tolerance: rtol=0.001, atol=1e-05
Found 3 peaks
Fitting orders from 6 to 200
Order=6(0/98)
Order=8(1/98)
Order=10(2/98)
Order=12(3/98)
Order=14(4/98)
Order=16(5/98)
Order=18(6/98)
Order=20(7/98)
Order=22(8/98)
Order=24(9/98)
Order=26(10/98)
Order=28(11/98)
Order=30(12/98)
Order=32(13/98)
Order=34(14/98)
Order=36(15/98)
Order=38(16/98)
Order=40(17/98)
Order=42(18/98)
Order=44(19/98)
Order=46(20/98)
Order=48(21/98)
Order=50(22/98)
Order=52(23/98)
Order=54(24/98)
Order=56(25/98)
Order=58(26/98)
Order=60(27/98)
Found 3 real poles and 15 conjugate complex pairs.
Final number of poles: 18
Saved figure: WMP_Lib/Pt191/0-26_MT2.png
Saved figure: WMP_Lib/Pt191/0-26_MT27.png
Saved figure: WMP_Lib/Pt191/0-26_MT102.png
Saved figure: WMP_Lib/Pt191/0-26_MT103.png
Saved figure: WMP_Lib/Pt191/0-26_MT107.png
Vector fitting piece 2/6...
  energy: 5.385e+00 to 1.005e+02 eV (1469 points)
  error tolerance: rtol=0.001, atol=1e-05
Found 12 peaks
Fitting orders from 24 to 200
Order=24(0/89)
Order=26(1/89)
Order=28(2/89)
Order=30(3/89)
Order=32(4/89)
Order=34(5/89)
Order=36(6/89)
Order=38(7/89)
Order=40(8/89)
Order=42(9/89)
Order=44(10/89)
Order=46(11/89)
Order=48(12/89)
Order=50(13/89)
Order=52(14/89)
Order=54(15/89)
Order=56(16/89)
Order=58(17/89)
Order=60(18/89)
Found 0 real poles and 22 conjugate complex pairs.
Final number of poles: 22
Saved figure: WMP_Lib/Pt191/5-101_MT2.png
Saved figure: WMP_Lib/Pt191/5-101_MT27.png
Saved figure: WMP_Lib/Pt191/5-101_MT102.png
Saved figure: WMP_Lib/Pt191/5-101_MT103.png
Saved figure: WMP_Lib/Pt191/5-101_MT107.png
Vector fitting piece 3/6...
  energy: 5.265e+01 to 2.238e+02 eV (2545 points)
  error tolerance: rtol=0.001, atol=1e-05
Found 22 peaks
Fitting orders from 44 to 200
Order=44(0/79)
Order=46(1/79)
Order=48(2/79)
Order=50(3/79)
Order=52(4/79)
Order=54(5/79)
Order=56(6/79)
Order=58(7/79)
Order=60(8/79)
Order=62(9/79)
Order=64(10/79)
Order=66(11/79)
Found ideal results. Stop!
Found 3 real poles and 32 conjugate complex pairs.
Final number of poles: 35
Saved figure: WMP_Lib/Pt191/53-224_MT2.png
Saved figure: WMP_Lib/Pt191/53-224_MT27.png
Saved figure: WMP_Lib/Pt191/53-224_MT102.png
Saved figure: WMP_Lib/Pt191/53-224_MT103.png
Saved figure: WMP_Lib/Pt191/53-224_MT107.png
Vector fitting piece 4/6...
  energy: 1.486e+02 to 3.959e+02 eV (3689 points)
  error tolerance: rtol=0.001, atol=1e-05
Found 32 peaks
Fitting orders from 64 to 200
Order=64(0/69)
Order=66(1/69)
Order=68(2/69)
Order=70(3/69)
Order=72(4/69)
Order=74(5/69)
Order=76(6/69)
Order=78(7/69)
Order=80(8/69)
Order=82(9/69)
Order=84(10/69)
Order=86(11/69)
Order=88(12/69)
Order=90(13/69)
Order=92(14/69)
Order=94(15/69)
Order=96(16/69)
Order=98(17/69)
Order=100(18/69)
Order=102(19/69)
Found 2 real poles and 45 conjugate complex pairs.
Final number of poles: 47
Saved figure: WMP_Lib/Pt191/149-396_MT2.png
Saved figure: WMP_Lib/Pt191/149-396_MT27.png
Saved figure: WMP_Lib/Pt191/149-396_MT102.png
Saved figure: WMP_Lib/Pt191/149-396_MT103.png
Saved figure: WMP_Lib/Pt191/149-396_MT107.png
Vector fitting piece 5/6...
  energy: 2.933e+02 to 6.164e+02 eV (4791 points)
  error tolerance: rtol=0.001, atol=1e-05
Found 41 peaks
Fitting orders from 82 to 200
Order=82(0/60)
Order=84(1/60)
Order=86(2/60)
Order=88(3/60)
Order=90(4/60)
Order=92(5/60)
Order=94(6/60)
Order=96(7/60)
Order=98(8/60)
Order=100(9/60)
Order=102(10/60)
Order=104(11/60)
Order=106(12/60)
Order=108(13/60)
Order=110(14/60)
Order=112(15/60)
Order=114(16/60)
Order=116(17/60)
Order=118(18/60)
Order=120(19/60)
Order=122(20/60)
Order=124(21/60)
Order=126(22/60)
Order=128(23/60)
Order=130(24/60)
Order=132(25/60)
Order=134(26/60)
Order=136(27/60)
Order=138(28/60)
Order=140(29/60)
Order=142(30/60)
Order=144(31/60)
Order=146(32/60)
Order=148(33/60)
Found 2 real poles and 68 conjugate complex pairs.
Final number of poles: 70
Saved figure: WMP_Lib/Pt191/293-616_MT2.png
Saved figure: WMP_Lib/Pt191/293-616_MT27.png
Saved figure: WMP_Lib/Pt191/293-616_MT102.png
Saved figure: WMP_Lib/Pt191/293-616_MT103.png
Saved figure: WMP_Lib/Pt191/293-616_MT107.png
Vector fitting piece 6/6...
  energy: 4.867e+02 to 8.769e+02 eV (5482 points)
  error tolerance: rtol=0.001, atol=1e-05
Found 49 peaks
Fitting orders from 98 to 200
Order=98(0/52)
Order=100(1/52)
Order=102(2/52)
Order=104(3/52)
Order=106(4/52)
Order=108(5/52)
Order=110(6/52)
Order=112(7/52)
Order=114(8/52)
Order=116(9/52)
Order=118(10/52)
Order=120(11/52)
Order=122(12/52)
Order=124(13/52)
Order=126(14/52)
Order=128(15/52)
Order=130(16/52)
Order=132(17/52)
Order=134(18/52)
Order=136(19/52)
Order=138(20/52)
Order=140(21/52)
Order=142(22/52)
Order=144(23/52)
Order=146(24/52)
Order=148(25/52)
Order=150(26/52)
Order=152(27/52)
Order=154(28/52)
Order=156(29/52)
Order=158(30/52)
Found 1 real poles and 74 conjugate complex pairs.
Final number of poles: 75
Saved figure: WMP_Lib/Pt191/487-877_MT2.png
Saved figure: WMP_Lib/Pt191/487-877_MT27.png
Saved figure: WMP_Lib/Pt191/487-877_MT102.png
Saved figure: WMP_Lib/Pt191/487-877_MT103.png
Saved figure: WMP_Lib/Pt191/487-877_MT107.png
Dumped multipole data to file: WMP_Lib/Pt191/Pt191_mp.pickle
Start searching ...
Testing N_win=13 N_cf=10
Windowing:
  config: # windows=13, spacing=2.2776572657243737, CF order=10
  error tolerance: rtol=0.001, atol=1e-05
Failed: Pure curvefit failed for the first window!
Testing N_win=117 N_cf=10
Windowing:
  config: # windows=117, spacing=0.2530730295249304, CF order=10
  error tolerance: rtol=0.001, atol=1e-05
Best library so far.
Testing N_win=117 N_cf=9
Windowing:
  config: # windows=117, spacing=0.2530730295249304, CF order=9
  error tolerance: rtol=0.001, atol=1e-05
Best library so far.
Testing N_win=117 N_cf=8
Windowing:
  config: # windows=117, spacing=0.2530730295249304, CF order=8
  error tolerance: rtol=0.001, atol=1e-05
Best library so far.
Testing N_win=117 N_cf=7
Windowing:
  config: # windows=117, spacing=0.2530730295249304, CF order=7
  error tolerance: rtol=0.001, atol=1e-05
Best library so far.
Testing N_win=117 N_cf=6
Windowing:
  config: # windows=117, spacing=0.2530730295249304, CF order=6
  error tolerance: rtol=0.001, atol=1e-05
Best library so far.
Testing N_win=117 N_cf=5
Windowing:
  config: # windows=117, spacing=0.2530730295249304, CF order=5
  error tolerance: rtol=0.001, atol=1e-05
Best library so far.
Testing N_win=117 N_cf=4
Windowing:
  config: # windows=117, spacing=0.2530730295249304, CF order=4
  error tolerance: rtol=0.001, atol=1e-05
Best library so far.
Testing N_win=117 N_cf=3
Windowing:
  config: # windows=117, spacing=0.2530730295249304, CF order=3
  error tolerance: rtol=0.001, atol=1e-05
Failed: Pure curvefit failed for the first window!
Testing N_win=222 N_cf=10
Windowing:
  config: # windows=222, spacing=0.1333763263712471, CF order=10
  error tolerance: rtol=0.001, atol=1e-05
Best library so far.
Testing N_win=222 N_cf=9
Windowing:
  config: # windows=222, spacing=0.1333763263712471, CF order=9
  error tolerance: rtol=0.001, atol=1e-05
Best library so far.
Testing N_win=222 N_cf=8
Windowing:
  config: # windows=222, spacing=0.1333763263712471, CF order=8
  error tolerance: rtol=0.001, atol=1e-05
Best library so far.
Testing N_win=222 N_cf=7
Windowing:
  config: # windows=222, spacing=0.1333763263712471, CF order=7
  error tolerance: rtol=0.001, atol=1e-05
Best library so far.
Testing N_win=222 N_cf=6
Windowing:
  config: # windows=222, spacing=0.1333763263712471, CF order=6
  error tolerance: rtol=0.001, atol=1e-05
Best library so far.
Testing N_win=222 N_cf=5
Windowing:
  config: # windows=222, spacing=0.1333763263712471, CF order=5
  error tolerance: rtol=0.001, atol=1e-05
Best library so far.
Testing N_win=222 N_cf=4
Windowing:
  config: # windows=222, spacing=0.1333763263712471, CF order=4
  error tolerance: rtol=0.001, atol=1e-05
Best library so far.
Testing N_win=222 N_cf=3
Windowing:
  config: # windows=222, spacing=0.1333763263712471, CF order=3
  error tolerance: rtol=0.001, atol=1e-05
Testing N_win=222 N_cf=2
Windowing:
  config: # windows=222, spacing=0.1333763263712471, CF order=2
  error tolerance: rtol=0.001, atol=1e-05
Failed: Pure curvefit failed for the first window!
Testing N_win=326 N_cf=10
Windowing:
  config: # windows=326, spacing=0.0908268234798063, CF order=10
  error tolerance: rtol=0.001, atol=1e-05
Testing N_win=326 N_cf=9
Windowing:
  config: # windows=326, spacing=0.0908268234798063, CF order=9
  error tolerance: rtol=0.001, atol=1e-05
Best library so far.
Testing N_win=326 N_cf=8
Windowing:
  config: # windows=326, spacing=0.0908268234798063, CF order=8
  error tolerance: rtol=0.001, atol=1e-05
Best library so far.
Testing N_win=326 N_cf=7
Windowing:
  config: # windows=326, spacing=0.0908268234798063, CF order=7
  error tolerance: rtol=0.001, atol=1e-05
Best library so far.
Testing N_win=326 N_cf=6
Windowing:
  config: # windows=326, spacing=0.0908268234798063, CF order=6
  error tolerance: rtol=0.001, atol=1e-05
Best library so far.
Testing N_win=326 N_cf=5
Windowing:
  config: # windows=326, spacing=0.0908268234798063, CF order=5
  error tolerance: rtol=0.001, atol=1e-05
Best library so far.
Testing N_win=326 N_cf=4
Windowing:
  config: # windows=326, spacing=0.0908268234798063, CF order=4
  error tolerance: rtol=0.001, atol=1e-05
Best library so far.
Testing N_win=326 N_cf=3
Windowing:
  config: # windows=326, spacing=0.0908268234798063, CF order=3
  error tolerance: rtol=0.001, atol=1e-05
Testing N_win=326 N_cf=2
Windowing:
  config: # windows=326, spacing=0.0908268234798063, CF order=2
  error tolerance: rtol=0.001, atol=1e-05
Failed: Pure curvefit failed for the first window!
Testing N_win=431 N_cf=10
Windowing:
  config: # windows=431, spacing=0.06869963910537553, CF order=10
  error tolerance: rtol=0.001, atol=1e-05
Testing N_win=431 N_cf=9
Windowing:
  config: # windows=431, spacing=0.06869963910537553, CF order=9
  error tolerance: rtol=0.001, atol=1e-05
Testing N_win=431 N_cf=8
Windowing:
  config: # windows=431, spacing=0.06869963910537553, CF order=8
  error tolerance: rtol=0.001, atol=1e-05
Testing N_win=431 N_cf=7
Windowing:
  config: # windows=431, spacing=0.06869963910537553, CF order=7
  error tolerance: rtol=0.001, atol=1e-05
Testing N_win=431 N_cf=6
Windowing:
  config: # windows=431, spacing=0.06869963910537553, CF order=6
  error tolerance: rtol=0.001, atol=1e-05
Best library so far.
Testing N_win=431 N_cf=5
Windowing:
  config: # windows=431, spacing=0.06869963910537553, CF order=5
  error tolerance: rtol=0.001, atol=1e-05
Best library so far.
Testing N_win=431 N_cf=4
Windowing:
  config: # windows=431, spacing=0.06869963910537553, CF order=4
  error tolerance: rtol=0.001, atol=1e-05
Best library so far.
Testing N_win=431 N_cf=3
Windowing:
  config: # windows=431, spacing=0.06869963910537553, CF order=3
  error tolerance: rtol=0.001, atol=1e-05
Testing N_win=431 N_cf=2
Windowing:
  config: # windows=431, spacing=0.06869963910537553, CF order=2
  error tolerance: rtol=0.001, atol=1e-05
Failed: Pure curvefit failed for the first window!
Testing N_win=535 N_cf=10
Windowing:
  config: # windows=535, spacing=0.05534494290545207, CF order=10
  error tolerance: rtol=0.001, atol=1e-05
Testing N_win=535 N_cf=9
Windowing:
  config: # windows=535, spacing=0.05534494290545207, CF order=9
  error tolerance: rtol=0.001, atol=1e-05
Testing N_win=535 N_cf=8
Windowing:
  config: # windows=535, spacing=0.05534494290545207, CF order=8
  error tolerance: rtol=0.001, atol=1e-05
Testing N_win=535 N_cf=7
Windowing:
  config: # windows=535, spacing=0.05534494290545207, CF order=7
  error tolerance: rtol=0.001, atol=1e-05
Testing N_win=535 N_cf=6
Windowing:
  config: # windows=535, spacing=0.05534494290545207, CF order=6
  error tolerance: rtol=0.001, atol=1e-05
Testing N_win=535 N_cf=5
Windowing:
  config: # windows=535, spacing=0.05534494290545207, CF order=5
  error tolerance: rtol=0.001, atol=1e-05
Best library so far.
Testing N_win=535 N_cf=4
Windowing:
  config: # windows=535, spacing=0.05534494290545207, CF order=4
  error tolerance: rtol=0.001, atol=1e-05
Best library so far.
Testing N_win=535 N_cf=3
Windowing:
  config: # windows=535, spacing=0.05534494290545207, CF order=3
  error tolerance: rtol=0.001, atol=1e-05
Testing N_win=535 N_cf=2
Windowing:
  config: # windows=535, spacing=0.05534494290545207, CF order=2
  error tolerance: rtol=0.001, atol=1e-05
Failed: Pure curvefit failed for the first window!
Testing N_win=640 N_cf=10
Windowing:
  config: # windows=640, spacing=0.046264913210026334, CF order=10
  error tolerance: rtol=0.001, atol=1e-05
Testing N_win=640 N_cf=9
Windowing:
  config: # windows=640, spacing=0.046264913210026334, CF order=9
  error tolerance: rtol=0.001, atol=1e-05
Testing N_win=640 N_cf=8
Windowing:
  config: # windows=640, spacing=0.046264913210026334, CF order=8
  error tolerance: rtol=0.001, atol=1e-05
Testing N_win=640 N_cf=7
Windowing:
  config: # windows=640, spacing=0.046264913210026334, CF order=7
  error tolerance: rtol=0.001, atol=1e-05
Testing N_win=640 N_cf=6
Windowing:
  config: # windows=640, spacing=0.046264913210026334, CF order=6
  error tolerance: rtol=0.001, atol=1e-05
Testing N_win=640 N_cf=5
Windowing:
  config: # windows=640, spacing=0.046264913210026334, CF order=5
  error tolerance: rtol=0.001, atol=1e-05
Testing N_win=640 N_cf=4
Windowing:
  config: # windows=640, spacing=0.046264913210026334, CF order=4
  error tolerance: rtol=0.001, atol=1e-05
Best library so far.
Testing N_win=640 N_cf=3
Windowing:
  config: # windows=640, spacing=0.046264913210026334, CF order=3
  error tolerance: rtol=0.001, atol=1e-05
Testing N_win=640 N_cf=2
Windowing:
  config: # windows=640, spacing=0.046264913210026334, CF order=2
  error tolerance: rtol=0.001, atol=1e-05
Failed: Pure curvefit failed for the first window!
Testing N_win=745 N_cf=10
Windowing:
  config: # windows=745, spacing=0.039744354972371616, CF order=10
  error tolerance: rtol=0.001, atol=1e-05
Testing N_win=745 N_cf=9
Windowing:
  config: # windows=745, spacing=0.039744354972371616, CF order=9
  error tolerance: rtol=0.001, atol=1e-05
Testing N_win=745 N_cf=8
Windowing:
  config: # windows=745, spacing=0.039744354972371616, CF order=8
  error tolerance: rtol=0.001, atol=1e-05
Testing N_win=745 N_cf=7
Windowing:
  config: # windows=745, spacing=0.039744354972371616, CF order=7
  error tolerance: rtol=0.001, atol=1e-05
Testing N_win=745 N_cf=6
Windowing:
  config: # windows=745, spacing=0.039744354972371616, CF order=6
  error tolerance: rtol=0.001, atol=1e-05
Testing N_win=745 N_cf=5
Windowing:
  config: # windows=745, spacing=0.039744354972371616, CF order=5
  error tolerance: rtol=0.001, atol=1e-05
Testing N_win=745 N_cf=4
Windowing:
  config: # windows=745, spacing=0.039744354972371616, CF order=4
  error tolerance: rtol=0.001, atol=1e-05
Testing N_win=745 N_cf=3
Windowing:
  config: # windows=745, spacing=0.039744354972371616, CF order=3
  error tolerance: rtol=0.001, atol=1e-05
Testing N_win=745 N_cf=2
Windowing:
  config: # windows=745, spacing=0.039744354972371616, CF order=2
  error tolerance: rtol=0.001, atol=1e-05
Failed: Pure curvefit failed for the first window!
Testing N_win=849 N_cf=10
Windowing:
  config: # windows=849, spacing=0.034875788521103485, CF order=10
  error tolerance: rtol=0.001, atol=1e-05
Testing N_win=849 N_cf=9
Windowing:
  config: # windows=849, spacing=0.034875788521103485, CF order=9
  error tolerance: rtol=0.001, atol=1e-05
Testing N_win=849 N_cf=8
Windowing:
  config: # windows=849, spacing=0.034875788521103485, CF order=8
  error tolerance: rtol=0.001, atol=1e-05
Testing N_win=849 N_cf=7
Windowing:
  config: # windows=849, spacing=0.034875788521103485, CF order=7
  error tolerance: rtol=0.001, atol=1e-05
Testing N_win=849 N_cf=6
Windowing:
  config: # windows=849, spacing=0.034875788521103485, CF order=6
  error tolerance: rtol=0.001, atol=1e-05
Testing N_win=849 N_cf=5
Windowing:
  config: # windows=849, spacing=0.034875788521103485, CF order=5
  error tolerance: rtol=0.001, atol=1e-05
Testing N_win=849 N_cf=4
Windowing:
  config: # windows=849, spacing=0.034875788521103485, CF order=4
  error tolerance: rtol=0.001, atol=1e-05
Testing N_win=849 N_cf=3
Windowing:
  config: # windows=849, spacing=0.034875788521103485, CF order=3
  error tolerance: rtol=0.001, atol=1e-05
Testing N_win=849 N_cf=2
Windowing:
  config: # windows=849, spacing=0.034875788521103485, CF order=2
  error tolerance: rtol=0.001, atol=1e-05
Failed: Pure curvefit failed for the first window!
Testing N_win=954 N_cf=10
Windowing:
  config: # windows=954, spacing=0.031037258337963163, CF order=10
  error tolerance: rtol=0.001, atol=1e-05
Testing N_win=954 N_cf=9
Windowing:
  config: # windows=954, spacing=0.031037258337963163, CF order=9
  error tolerance: rtol=0.001, atol=1e-05
Testing N_win=954 N_cf=8
Windowing:
  config: # windows=954, spacing=0.031037258337963163, CF order=8
  error tolerance: rtol=0.001, atol=1e-05
Testing N_win=954 N_cf=7
Windowing:
  config: # windows=954, spacing=0.031037258337963163, CF order=7
  error tolerance: rtol=0.001, atol=1e-05
Testing N_win=954 N_cf=6
Windowing:
  config: # windows=954, spacing=0.031037258337963163, CF order=6
  error tolerance: rtol=0.001, atol=1e-05
Testing N_win=954 N_cf=5
Windowing:
  config: # windows=954, spacing=0.031037258337963163, CF order=5
  error tolerance: rtol=0.001, atol=1e-05
Testing N_win=954 N_cf=4
Windowing:
  config: # windows=954, spacing=0.031037258337963163, CF order=4
  error tolerance: rtol=0.001, atol=1e-05
Testing N_win=954 N_cf=3
Windowing:
  config: # windows=954, spacing=0.031037258337963163, CF order=3
  error tolerance: rtol=0.001, atol=1e-05
Testing N_win=954 N_cf=2
Windowing:
  config: # windows=954, spacing=0.031037258337963163, CF order=2
  error tolerance: rtol=0.001, atol=1e-05
Failed: Pure curvefit failed for the first window!
Testing N_win=1058 N_cf=10
Windowing:
  config: # windows=1058, spacing=0.027986336913437482, CF order=10
  error tolerance: rtol=0.001, atol=1e-05
Testing N_win=1058 N_cf=9
Windowing:
  config: # windows=1058, spacing=0.027986336913437482, CF order=9
  error tolerance: rtol=0.001, atol=1e-05
Testing N_win=1058 N_cf=8
Windowing:
  config: # windows=1058, spacing=0.027986336913437482, CF order=8
  error tolerance: rtol=0.001, atol=1e-05
Testing N_win=1058 N_cf=7
Windowing:
  config: # windows=1058, spacing=0.027986336913437482, CF order=7
  error tolerance: rtol=0.001, atol=1e-05
Testing N_win=1058 N_cf=6
Windowing:
  config: # windows=1058, spacing=0.027986336913437482, CF order=6
  error tolerance: rtol=0.001, atol=1e-05
Testing N_win=1058 N_cf=5
Windowing:
  config: # windows=1058, spacing=0.027986336913437482, CF order=5
  error tolerance: rtol=0.001, atol=1e-05
Testing N_win=1058 N_cf=4
Windowing:
  config: # windows=1058, spacing=0.027986336913437482, CF order=4
  error tolerance: rtol=0.001, atol=1e-05
Testing N_win=1058 N_cf=3
Windowing:
  config: # windows=1058, spacing=0.027986336913437482, CF order=3
  error tolerance: rtol=0.001, atol=1e-05
Testing N_win=1058 N_cf=2
Windowing:
  config: # windows=1058, spacing=0.027986336913437482, CF order=2
  error tolerance: rtol=0.001, atol=1e-05
Failed: Pure curvefit failed for the first window!
Testing N_win=1163 N_cf=10
Windowing:
  config: # windows=1163, spacing=0.025459625498208818, CF order=10
  error tolerance: rtol=0.001, atol=1e-05
Testing N_win=1163 N_cf=9
Windowing:
  config: # windows=1163, spacing=0.025459625498208818, CF order=9
  error tolerance: rtol=0.001, atol=1e-05
Testing N_win=1163 N_cf=8
Windowing:
  config: # windows=1163, spacing=0.025459625498208818, CF order=8
  error tolerance: rtol=0.001, atol=1e-05
Testing N_win=1163 N_cf=7
Windowing:
  config: # windows=1163, spacing=0.025459625498208818, CF order=7
  error tolerance: rtol=0.001, atol=1e-05
Testing N_win=1163 N_cf=6
Windowing:
  config: # windows=1163, spacing=0.025459625498208818, CF order=6
  error tolerance: rtol=0.001, atol=1e-05
Testing N_win=1163 N_cf=5
Windowing:
  config: # windows=1163, spacing=0.025459625498208818, CF order=5
  error tolerance: rtol=0.001, atol=1e-05
Testing N_win=1163 N_cf=4
Windowing:
  config: # windows=1163, spacing=0.025459625498208818, CF order=4
  error tolerance: rtol=0.001, atol=1e-05
Testing N_win=1163 N_cf=3
Windowing:
  config: # windows=1163, spacing=0.025459625498208818, CF order=3
  error tolerance: rtol=0.001, atol=1e-05
Testing N_win=1163 N_cf=2
Windowing:
  config: # windows=1163, spacing=0.025459625498208818, CF order=2
  error tolerance: rtol=0.001, atol=1e-05
Failed: Pure curvefit failed for the first window!
Testing N_win=1267 N_cf=10
Windowing:
  config: # windows=1267, spacing=0.023369806199224036, CF order=10
  error tolerance: rtol=0.001, atol=1e-05
Testing N_win=1267 N_cf=9
Windowing:
  config: # windows=1267, spacing=0.023369806199224036, CF order=9
  error tolerance: rtol=0.001, atol=1e-05
Testing N_win=1267 N_cf=8
Windowing:
  config: # windows=1267, spacing=0.023369806199224036, CF order=8
  error tolerance: rtol=0.001, atol=1e-05
Testing N_win=1267 N_cf=7
Windowing:
  config: # windows=1267, spacing=0.023369806199224036, CF order=7
  error tolerance: rtol=0.001, atol=1e-05
Testing N_win=1267 N_cf=6
Windowing:
  config: # windows=1267, spacing=0.023369806199224036, CF order=6
  error tolerance: rtol=0.001, atol=1e-05
Testing N_win=1267 N_cf=5
Windowing:
  config: # windows=1267, spacing=0.023369806199224036, CF order=5
  error tolerance: rtol=0.001, atol=1e-05
Testing N_win=1267 N_cf=4
Windowing:
  config: # windows=1267, spacing=0.023369806199224036, CF order=4
  error tolerance: rtol=0.001, atol=1e-05
Testing N_win=1267 N_cf=3
Windowing:
  config: # windows=1267, spacing=0.023369806199224036, CF order=3
  error tolerance: rtol=0.001, atol=1e-05
Testing N_win=1267 N_cf=2
Windowing:
  config: # windows=1267, spacing=0.023369806199224036, CF order=2
  error tolerance: rtol=0.001, atol=1e-05
Failed: Pure curvefit failed for the first window!
Testing N_win=1372 N_cf=10
Windowing:
  config: # windows=1372, spacing=0.02158130062275281, CF order=10
  error tolerance: rtol=0.001, atol=1e-05
Testing N_win=1372 N_cf=9
Windowing:
  config: # windows=1372, spacing=0.02158130062275281, CF order=9
  error tolerance: rtol=0.001, atol=1e-05
Testing N_win=1372 N_cf=8
Windowing:
  config: # windows=1372, spacing=0.02158130062275281, CF order=8
  error tolerance: rtol=0.001, atol=1e-05
Testing N_win=1372 N_cf=7
Windowing:
  config: # windows=1372, spacing=0.02158130062275281, CF order=7
  error tolerance: rtol=0.001, atol=1e-05
Testing N_win=1372 N_cf=6
Windowing:
  config: # windows=1372, spacing=0.02158130062275281, CF order=6
  error tolerance: rtol=0.001, atol=1e-05
Testing N_win=1372 N_cf=5
Windowing:
  config: # windows=1372, spacing=0.02158130062275281, CF order=5
  error tolerance: rtol=0.001, atol=1e-05
Testing N_win=1372 N_cf=4
Windowing:
  config: # windows=1372, spacing=0.02158130062275281, CF order=4
  error tolerance: rtol=0.001, atol=1e-05
Testing N_win=1372 N_cf=3
Windowing:
  config: # windows=1372, spacing=0.02158130062275281, CF order=3
  error tolerance: rtol=0.001, atol=1e-05
Testing N_win=1372 N_cf=2
Windowing:
  config: # windows=1372, spacing=0.02158130062275281, CF order=2
  error tolerance: rtol=0.001, atol=1e-05
Testing N_win=1477 N_cf=10
Windowing:
  config: # windows=1477, spacing=0.020047084938670856, CF order=10
  error tolerance: rtol=0.001, atol=1e-05
Testing N_win=1477 N_cf=9
Windowing:
  config: # windows=1477, spacing=0.020047084938670856, CF order=9
  error tolerance: rtol=0.001, atol=1e-05
Testing N_win=1477 N_cf=8
Windowing:
  config: # windows=1477, spacing=0.020047084938670856, CF order=8
  error tolerance: rtol=0.001, atol=1e-05
Testing N_win=1477 N_cf=7
Windowing:
  config: # windows=1477, spacing=0.020047084938670856, CF order=7
  error tolerance: rtol=0.001, atol=1e-05
Testing N_win=1477 N_cf=6
Windowing:
  config: # windows=1477, spacing=0.020047084938670856, CF order=6
  error tolerance: rtol=0.001, atol=1e-05
Testing N_win=1477 N_cf=5
Windowing:
  config: # windows=1477, spacing=0.020047084938670856, CF order=5
  error tolerance: rtol=0.001, atol=1e-05
Testing N_win=1477 N_cf=4
Windowing:
  config: # windows=1477, spacing=0.020047084938670856, CF order=4
  error tolerance: rtol=0.001, atol=1e-05
Testing N_win=1477 N_cf=3
Windowing:
  config: # windows=1477, spacing=0.020047084938670856, CF order=3
  error tolerance: rtol=0.001, atol=1e-05
Testing N_win=1477 N_cf=2
Windowing:
  config: # windows=1477, spacing=0.020047084938670856, CF order=2
  error tolerance: rtol=0.001, atol=1e-05
Testing N_win=1581 N_cf=10
Windowing:
  config: # windows=1581, spacing=0.018728364613799404, CF order=10
  error tolerance: rtol=0.001, atol=1e-05
Testing N_win=1581 N_cf=9
Windowing:
  config: # windows=1581, spacing=0.018728364613799404, CF order=9
  error tolerance: rtol=0.001, atol=1e-05
Testing N_win=1581 N_cf=8
Windowing:
  config: # windows=1581, spacing=0.018728364613799404, CF order=8
  error tolerance: rtol=0.001, atol=1e-05
Testing N_win=1581 N_cf=7
Windowing:
  config: # windows=1581, spacing=0.018728364613799404, CF order=7
  error tolerance: rtol=0.001, atol=1e-05
Testing N_win=1581 N_cf=6
Windowing:
  config: # windows=1581, spacing=0.018728364613799404, CF order=6
  error tolerance: rtol=0.001, atol=1e-05
Testing N_win=1581 N_cf=5
Windowing:
  config: # windows=1581, spacing=0.018728364613799404, CF order=5
  error tolerance: rtol=0.001, atol=1e-05
Testing N_win=1581 N_cf=4
Windowing:
  config: # windows=1581, spacing=0.018728364613799404, CF order=4
  error tolerance: rtol=0.001, atol=1e-05
Testing N_win=1581 N_cf=3
Windowing:
  config: # windows=1581, spacing=0.018728364613799404, CF order=3
  error tolerance: rtol=0.001, atol=1e-05
Testing N_win=1581 N_cf=2
Windowing:
  config: # windows=1581, spacing=0.018728364613799404, CF order=2
  error tolerance: rtol=0.001, atol=1e-05
Testing N_win=1686 N_cf=10
Windowing:
  config: # windows=1686, spacing=0.017562007386961363, CF order=10
  error tolerance: rtol=0.001, atol=1e-05
Testing N_win=1686 N_cf=9
Windowing:
  config: # windows=1686, spacing=0.017562007386961363, CF order=9
  error tolerance: rtol=0.001, atol=1e-05
Testing N_win=1686 N_cf=8
Windowing:
  config: # windows=1686, spacing=0.017562007386961363, CF order=8
  error tolerance: rtol=0.001, atol=1e-05
Testing N_win=1686 N_cf=7
Windowing:
  config: # windows=1686, spacing=0.017562007386961363, CF order=7
  error tolerance: rtol=0.001, atol=1e-05
Testing N_win=1686 N_cf=6
Windowing:
  config: # windows=1686, spacing=0.017562007386961363, CF order=6
  error tolerance: rtol=0.001, atol=1e-05
Testing N_win=1686 N_cf=5
Windowing:
  config: # windows=1686, spacing=0.017562007386961363, CF order=5
  error tolerance: rtol=0.001, atol=1e-05
Testing N_win=1686 N_cf=4
Windowing:
  config: # windows=1686, spacing=0.017562007386961363, CF order=4
  error tolerance: rtol=0.001, atol=1e-05
Testing N_win=1686 N_cf=3
Windowing:
  config: # windows=1686, spacing=0.017562007386961363, CF order=3
  error tolerance: rtol=0.001, atol=1e-05
Testing N_win=1686 N_cf=2
Windowing:
  config: # windows=1686, spacing=0.017562007386961363, CF order=2
  error tolerance: rtol=0.001, atol=1e-05
Testing N_win=1790 N_cf=10
Windowing:
  config: # windows=1790, spacing=0.016541644946601597, CF order=10
  error tolerance: rtol=0.001, atol=1e-05
Testing N_win=1790 N_cf=9
Windowing:
  config: # windows=1790, spacing=0.016541644946601597, CF order=9
  error tolerance: rtol=0.001, atol=1e-05
Testing N_win=1790 N_cf=8
Windowing:
  config: # windows=1790, spacing=0.016541644946601597, CF order=8
  error tolerance: rtol=0.001, atol=1e-05
Testing N_win=1790 N_cf=7
Windowing:
  config: # windows=1790, spacing=0.016541644946601597, CF order=7
  error tolerance: rtol=0.001, atol=1e-05
Testing N_win=1790 N_cf=6
Windowing:
  config: # windows=1790, spacing=0.016541644946601597, CF order=6
  error tolerance: rtol=0.001, atol=1e-05
Testing N_win=1790 N_cf=5
Windowing:
  config: # windows=1790, spacing=0.016541644946601597, CF order=5
  error tolerance: rtol=0.001, atol=1e-05
Testing N_win=1790 N_cf=4
Windowing:
  config: # windows=1790, spacing=0.016541644946601597, CF order=4
  error tolerance: rtol=0.001, atol=1e-05
Testing N_win=1790 N_cf=3
Windowing:
  config: # windows=1790, spacing=0.016541644946601597, CF order=3
  error tolerance: rtol=0.001, atol=1e-05
Testing N_win=1790 N_cf=2
Windowing:
  config: # windows=1790, spacing=0.016541644946601597, CF order=2
  error tolerance: rtol=0.001, atol=1e-05
Testing N_win=1895 N_cf=10
Windowing:
  config: # windows=1895, spacing=0.01562508942185586, CF order=10
  error tolerance: rtol=0.001, atol=1e-05
Testing N_win=1895 N_cf=9
Windowing:
  config: # windows=1895, spacing=0.01562508942185586, CF order=9
  error tolerance: rtol=0.001, atol=1e-05
Testing N_win=1895 N_cf=8
Windowing:
  config: # windows=1895, spacing=0.01562508942185586, CF order=8
  error tolerance: rtol=0.001, atol=1e-05
Testing N_win=1895 N_cf=7
Windowing:
  config: # windows=1895, spacing=0.01562508942185586, CF order=7
  error tolerance: rtol=0.001, atol=1e-05
Testing N_win=1895 N_cf=6
Windowing:
  config: # windows=1895, spacing=0.01562508942185586, CF order=6
  error tolerance: rtol=0.001, atol=1e-05
Testing N_win=1895 N_cf=5
Windowing:
  config: # windows=1895, spacing=0.01562508942185586, CF order=5
  error tolerance: rtol=0.001, atol=1e-05
Testing N_win=1895 N_cf=4
Windowing:
  config: # windows=1895, spacing=0.01562508942185586, CF order=4
  error tolerance: rtol=0.001, atol=1e-05
Testing N_win=1895 N_cf=3
Windowing:
  config: # windows=1895, spacing=0.01562508942185586, CF order=3
  error tolerance: rtol=0.001, atol=1e-05
Testing N_win=1895 N_cf=2
Windowing:
  config: # windows=1895, spacing=0.01562508942185586, CF order=2
  error tolerance: rtol=0.001, atol=1e-05
Testing N_win=2000 N_cf=10
Windowing:
  config: # windows=2000, spacing=0.014804772227208428, CF order=10
  error tolerance: rtol=0.001, atol=1e-05
Testing N_win=2000 N_cf=9
Windowing:
  config: # windows=2000, spacing=0.014804772227208428, CF order=9
  error tolerance: rtol=0.001, atol=1e-05
Testing N_win=2000 N_cf=8
Windowing:
  config: # windows=2000, spacing=0.014804772227208428, CF order=8
  error tolerance: rtol=0.001, atol=1e-05
Testing N_win=2000 N_cf=7
Windowing:
  config: # windows=2000, spacing=0.014804772227208428, CF order=7
  error tolerance: rtol=0.001, atol=1e-05
Testing N_win=2000 N_cf=6
Windowing:
  config: # windows=2000, spacing=0.014804772227208428, CF order=6
  error tolerance: rtol=0.001, atol=1e-05
Testing N_win=2000 N_cf=5
Windowing:
  config: # windows=2000, spacing=0.014804772227208428, CF order=5
  error tolerance: rtol=0.001, atol=1e-05
Testing N_win=2000 N_cf=4
Windowing:
  config: # windows=2000, spacing=0.014804772227208428, CF order=4
  error tolerance: rtol=0.001, atol=1e-05
Testing N_win=2000 N_cf=3
Windowing:
  config: # windows=2000, spacing=0.014804772227208428, CF order=3
  error tolerance: rtol=0.001, atol=1e-05
Testing N_win=2000 N_cf=2
Windowing:
  config: # windows=2000, spacing=0.014804772227208428, CF order=2
  error tolerance: rtol=0.001, atol=1e-05
Final library: 193 poles, 640 windows, 4.5 poles per window, 4 CF order
