Running NJOY to get 0K point-wise data (error=0.0005)...
Parsing cross sections within resolved resonance range...
  MTs: [2, 27, 102, 103, 107]
  Energy range: 1.000e-05 to 1.000e+05 eV (50882 points)
Vector fitting piece 1/25...
  energy: 1.000e-05 to 1.719e+02 eV (649 points)
  error tolerance: rtol=0.001, atol=1e-05
Found 0 peaks
Fitting orders from 2 to 200
Order=2(0/100)
Order=4(1/100)
Order=6(2/100)
Found ideal results. Stop!
Found 4 real poles and 1 conjugate complex pairs.
Final number of poles: 5
Saved figure: WMP_Lib/Cu65/0-172_MT2.png
Saved figure: WMP_Lib/Cu65/0-172_MT27.png
Saved figure: WMP_Lib/Cu65/0-172_MT102.png
Vector fitting piece 2/25...
  energy: 3.688e+01 to 6.833e+02 eV (784 points)
  error tolerance: rtol=0.001, atol=1e-05
Found 2 peaks
Fitting orders from 4 to 200
Order=4(0/99)
Order=6(1/99)
Order=8(2/99)
Order=10(3/99)
Order=12(4/99)
Order=14(5/99)
Order=16(6/99)
Order=18(7/99)
Order=20(8/99)
Order=22(9/99)
Order=24(10/99)
Order=26(11/99)
Order=28(12/99)
Order=30(13/99)
Order=32(14/99)
Order=34(15/99)
Order=36(16/99)
Order=38(17/99)
Order=40(18/99)
Order=42(19/99)
Order=44(20/99)
Order=46(21/99)
Order=48(22/99)
Order=50(23/99)
Order=52(24/99)
Order=54(25/99)
Order=56(26/99)
Order=58(27/99)
Order=60(28/99)
Found 2 real poles and 3 conjugate complex pairs.
Final number of poles: 5
Saved figure: WMP_Lib/Cu65/37-683_MT2.png
Saved figure: WMP_Lib/Cu65/37-683_MT27.png
Saved figure: WMP_Lib/Cu65/37-683_MT102.png
Vector fitting piece 3/25...
  energy: 3.483e+02 to 1.473e+03 eV (588 points)
  error tolerance: rtol=0.001, atol=1e-05
Found 2 peaks
Fitting orders from 4 to 200
Order=4(0/99)
Order=6(1/99)
Order=8(2/99)
Order=10(3/99)
Order=12(4/99)
Order=14(5/99)
Order=16(6/99)
Order=18(7/99)
Order=20(8/99)
Order=22(9/99)
Order=24(10/99)
Order=26(11/99)
Order=28(12/99)
Order=30(13/99)
Order=32(14/99)
Order=34(15/99)
Order=36(16/99)
Order=38(17/99)
Order=40(18/99)
Order=42(19/99)
Order=44(20/99)
Order=46(21/99)
Order=48(22/99)
Order=50(23/99)
Order=52(24/99)
Order=54(25/99)
Order=56(26/99)
Order=58(27/99)
Order=60(28/99)
Found 4 real poles and 3 conjugate complex pairs.
Final number of poles: 7
Saved figure: WMP_Lib/Cu65/348-1473_MT2.png
Saved figure: WMP_Lib/Cu65/348-1473_MT27.png
Saved figure: WMP_Lib/Cu65/348-1473_MT102.png
Vector fitting piece 4/25...
  energy: 9.736e+02 to 2.587e+03 eV (1039 points)
  error tolerance: rtol=0.001, atol=1e-05
Found 3 peaks
Fitting orders from 6 to 200
Order=6(0/98)
Order=8(1/98)
Order=10(2/98)
Order=12(3/98)
Order=14(4/98)
Order=16(5/98)
Order=18(6/98)
Order=20(7/98)
Order=22(8/98)
Order=24(9/98)
Order=26(10/98)
Order=28(11/98)
Order=30(12/98)
Order=32(13/98)
Order=34(14/98)
Order=36(15/98)
Order=38(16/98)
Order=40(17/98)
Order=42(18/98)
Order=44(19/98)
Order=46(20/98)
Order=48(21/98)
Order=50(22/98)
Order=52(23/98)
Order=54(24/98)
Order=56(25/98)
Order=58(26/98)
Order=60(27/98)
Found 2 real poles and 4 conjugate complex pairs.
Final number of poles: 6
Saved figure: WMP_Lib/Cu65/974-2587_MT2.png
Saved figure: WMP_Lib/Cu65/974-2587_MT27.png
Saved figure: WMP_Lib/Cu65/974-2587_MT102.png
Vector fitting piece 5/25...
  energy: 1.920e+03 to 4.034e+03 eV (1713 points)
  error tolerance: rtol=0.001, atol=1e-05
Found 7 peaks
Fitting orders from 14 to 200
Order=14(0/94)
Order=16(1/94)
Order=18(2/94)
Order=20(3/94)
Order=22(4/94)
Order=24(5/94)
Order=26(6/94)
Order=28(7/94)
Order=30(8/94)
Order=32(9/94)
Order=34(10/94)
Order=36(11/94)
Order=38(12/94)
Order=40(13/94)
Order=42(14/94)
Order=44(15/94)
Order=46(16/94)
Order=48(17/94)
Order=50(18/94)
Order=52(19/94)
Order=54(20/94)
Order=56(21/94)
Order=58(22/94)
Order=60(23/94)
Found 4 real poles and 7 conjugate complex pairs.
Final number of poles: 11
Saved figure: WMP_Lib/Cu65/1920-4034_MT2.png
Saved figure: WMP_Lib/Cu65/1920-4034_MT27.png
Saved figure: WMP_Lib/Cu65/1920-4034_MT102.png
Vector fitting piece 6/25...
  energy: 3.205e+03 to 5.805e+03 eV (1267 points)
  error tolerance: rtol=0.001, atol=1e-05
Found 5 peaks
Fitting orders from 10 to 200
Order=10(0/96)
Order=12(1/96)
Order=14(2/96)
Order=16(3/96)
Order=18(4/96)
Order=20(5/96)
Order=22(6/96)
Order=24(7/96)
Order=26(8/96)
Order=28(9/96)
Order=30(10/96)
Order=32(11/96)
Order=34(12/96)
Order=36(13/96)
Order=38(14/96)
Order=40(15/96)
Order=42(16/96)
Order=44(17/96)
Order=46(18/96)
Order=48(19/96)
Order=50(20/96)
Order=52(21/96)
Order=54(22/96)
Order=56(23/96)
Order=58(24/96)
Order=60(25/96)
Found 6 real poles and 5 conjugate complex pairs.
Final number of poles: 11
Saved figure: WMP_Lib/Cu65/3205-5805_MT2.png
Saved figure: WMP_Lib/Cu65/3205-5805_MT27.png
Saved figure: WMP_Lib/Cu65/3205-5805_MT102.png
Vector fitting piece 7/25...
  energy: 4.802e+03 to 7.889e+03 eV (1980 points)
  error tolerance: rtol=0.001, atol=1e-05
Found 10 peaks
Fitting orders from 20 to 200
Order=20(0/91)
Order=22(1/91)
Order=24(2/91)
Order=26(3/91)
Order=28(4/91)
Order=30(5/91)
Order=32(6/91)
Order=34(7/91)
Order=36(8/91)
Order=38(9/91)
Order=40(10/91)
Order=42(11/91)
Order=44(12/91)
Order=46(13/91)
Order=48(14/91)
Order=50(15/91)
Order=52(16/91)
Order=54(17/91)
Order=56(18/91)
Order=58(19/91)
Order=60(20/91)
Order=62(21/91)
Order=64(22/91)
Order=66(23/91)
Order=68(24/91)
Order=70(25/91)
Found 0 real poles and 14 conjugate complex pairs.
Final number of poles: 14
Saved figure: WMP_Lib/Cu65/4802-7889_MT2.png
Saved figure: WMP_Lib/Cu65/4802-7889_MT27.png
Saved figure: WMP_Lib/Cu65/4802-7889_MT102.png
Vector fitting piece 8/25...
  energy: 6.717e+03 to 1.030e+04 eV (2369 points)
  error tolerance: rtol=0.001, atol=1e-05
Found 10 peaks
Fitting orders from 20 to 200
Order=20(0/91)
Order=22(1/91)
Order=24(2/91)
Order=26(3/91)
Order=28(4/91)
Order=30(5/91)
Order=32(6/91)
Order=34(7/91)
Order=36(8/91)
Order=38(9/91)
Order=40(10/91)
Order=42(11/91)
Order=44(12/91)
Order=46(13/91)
Order=48(14/91)
Order=50(15/91)
Order=52(16/91)
Order=54(17/91)
Order=56(18/91)
Order=58(19/91)
Order=60(20/91)
Found 2 real poles and 12 conjugate complex pairs.
Final number of poles: 14
Saved figure: WMP_Lib/Cu65/6717-10297_MT2.png
Saved figure: WMP_Lib/Cu65/6717-10297_MT27.png
Saved figure: WMP_Lib/Cu65/6717-10297_MT102.png
Vector fitting piece 9/25...
  energy: 8.952e+03 to 1.302e+04 eV (2211 points)
  error tolerance: rtol=0.001, atol=1e-05
Found 10 peaks
Fitting orders from 20 to 200
Order=20(0/91)
Order=22(1/91)
Order=24(2/91)
Order=26(3/91)
Order=28(4/91)
Order=30(5/91)
Order=32(6/91)
Order=34(7/91)
Order=36(8/91)
Order=38(9/91)
Order=40(10/91)
Order=42(11/91)
Order=44(12/91)
Order=46(13/91)
Order=48(14/91)
Order=50(15/91)
Order=52(16/91)
Order=54(17/91)
Order=56(18/91)
Order=58(19/91)
Order=60(20/91)
Found 4 real poles and 12 conjugate complex pairs.
Final number of poles: 16
Saved figure: WMP_Lib/Cu65/8952-13022_MT2.png
Saved figure: WMP_Lib/Cu65/8952-13022_MT27.png
Saved figure: WMP_Lib/Cu65/8952-13022_MT102.png
Vector fitting piece 10/25...
  energy: 1.150e+04 to 1.607e+04 eV (2664 points)
  error tolerance: rtol=0.001, atol=1e-05
Found 14 peaks
Fitting orders from 28 to 200
Order=28(0/87)
Order=30(1/87)
Order=32(2/87)
Order=34(3/87)
Order=36(4/87)
Order=38(5/87)
Order=40(6/87)
Order=42(7/87)
Order=44(8/87)
Order=46(9/87)
Order=48(10/87)
Order=50(11/87)
Order=52(12/87)
Order=54(13/87)
Order=56(14/87)
Order=58(15/87)
Order=60(16/87)
Found 2 real poles and 16 conjugate complex pairs.
Final number of poles: 18
Saved figure: WMP_Lib/Cu65/11499-16067_MT2.png
Saved figure: WMP_Lib/Cu65/11499-16067_MT27.png
Saved figure: WMP_Lib/Cu65/11499-16067_MT102.png
Vector fitting piece 11/25...
  energy: 1.438e+04 to 1.943e+04 eV (2108 points)
  error tolerance: rtol=0.001, atol=1e-05
Found 11 peaks
Fitting orders from 22 to 200
Order=22(0/90)
Order=24(1/90)
Order=26(2/90)
Order=28(3/90)
Order=30(4/90)
Order=32(5/90)
Order=34(6/90)
Order=36(7/90)
Order=38(8/90)
Order=40(9/90)
Order=42(10/90)
Order=44(11/90)
Order=46(12/90)
Order=48(13/90)
Order=50(14/90)
Order=52(15/90)
Order=54(16/90)
Order=56(17/90)
Order=58(18/90)
Order=60(19/90)
Found 4 real poles and 14 conjugate complex pairs.
Final number of poles: 18
Saved figure: WMP_Lib/Cu65/14379-19434_MT2.png
Saved figure: WMP_Lib/Cu65/14379-19434_MT27.png
Saved figure: WMP_Lib/Cu65/14379-19434_MT102.png
Vector fitting piece 12/25...
  energy: 1.757e+04 to 2.312e+04 eV (3140 points)
  error tolerance: rtol=0.001, atol=1e-05
Found 19 peaks
Fitting orders from 38 to 200
Order=38(0/82)
Order=40(1/82)
Order=42(2/82)
Order=44(3/82)
Order=46(4/82)
Order=48(5/82)
Order=50(6/82)
Order=52(7/82)
Order=54(8/82)
Order=56(9/82)
Order=58(10/82)
Order=60(11/82)
Order=62(12/82)
Order=64(13/82)
Order=66(14/82)
Order=68(15/82)
Order=70(16/82)
Found 4 real poles and 19 conjugate complex pairs.
Final number of poles: 23
Saved figure: WMP_Lib/Cu65/17568-23120_MT2.png
Saved figure: WMP_Lib/Cu65/17568-23120_MT27.png
Saved figure: WMP_Lib/Cu65/17568-23120_MT102.png
Vector fitting piece 13/25...
  energy: 2.108e+04 to 2.714e+04 eV (3515 points)
  error tolerance: rtol=0.001, atol=1e-05
Found 20 peaks
Fitting orders from 40 to 200
Order=40(0/81)
Order=42(1/81)
Order=44(2/81)
Order=46(3/81)
Order=48(4/81)
Order=50(5/81)
Order=52(6/81)
Order=54(7/81)
Order=56(8/81)
Order=58(9/81)
Order=60(10/81)
Found 4 real poles and 20 conjugate complex pairs.
Final number of poles: 24
Saved figure: WMP_Lib/Cu65/21084-27138_MT2.png
Saved figure: WMP_Lib/Cu65/21084-27138_MT27.png
Saved figure: WMP_Lib/Cu65/21084-27138_MT102.png
Vector fitting piece 14/25...
  energy: 2.492e+04 to 3.154e+04 eV (3674 points)
  error tolerance: rtol=0.001, atol=1e-05
Found 21 peaks
Fitting orders from 42 to 200
Order=42(0/80)
Order=44(1/80)
Order=46(2/80)
Order=48(3/80)
Order=50(4/80)
Order=52(5/80)
Order=54(6/80)
Order=56(7/80)
Order=58(8/80)
Order=60(9/80)
Order=62(10/80)
Order=64(11/80)
Order=66(12/80)
Order=68(13/80)
Order=70(14/80)
Found 2 real poles and 22 conjugate complex pairs.
Final number of poles: 24
Saved figure: WMP_Lib/Cu65/24918-31544_MT2.png
Saved figure: WMP_Lib/Cu65/24918-31544_MT27.png
Saved figure: WMP_Lib/Cu65/24918-31544_MT102.png
Vector fitting piece 15/25...
  energy: 2.907e+04 to 3.610e+04 eV (3425 points)
  error tolerance: rtol=0.001, atol=1e-05
Found 18 peaks
Fitting orders from 36 to 200
Order=36(0/83)
Order=38(1/83)
Order=40(2/83)
Order=42(3/83)
Order=44(4/83)
Order=46(5/83)
Order=48(6/83)
Order=50(7/83)
Order=52(8/83)
Order=54(9/83)
Order=56(10/83)
Order=58(11/83)
Order=60(12/83)
Found 4 real poles and 19 conjugate complex pairs.
Final number of poles: 23
Saved figure: WMP_Lib/Cu65/29073-36097_MT2.png
Saved figure: WMP_Lib/Cu65/29073-36097_MT27.png
Saved figure: WMP_Lib/Cu65/29073-36097_MT102.png
Vector fitting piece 16/25...
  energy: 3.355e+04 to 4.107e+04 eV (3607 points)
  error tolerance: rtol=0.001, atol=1e-05
Found 22 peaks
Fitting orders from 44 to 200
Order=44(0/79)
Order=46(1/79)
Order=48(2/79)
Order=50(3/79)
Order=52(4/79)
Order=54(5/79)
Order=56(6/79)
Order=58(7/79)
Order=60(8/79)
Order=62(9/79)
Order=64(10/79)
Order=66(11/79)
Order=68(12/79)
Order=70(13/79)
Found 2 real poles and 22 conjugate complex pairs.
Final number of poles: 24
Saved figure: WMP_Lib/Cu65/33547-41067_MT2.png
Saved figure: WMP_Lib/Cu65/33547-41067_MT27.png
Saved figure: WMP_Lib/Cu65/33547-41067_MT102.png
Vector fitting piece 17/25...
  energy: 3.834e+04 to 4.636e+04 eV (3747 points)
  error tolerance: rtol=0.001, atol=1e-05
Found 23 peaks
Fitting orders from 46 to 200
Order=46(0/78)
Order=48(1/78)
Order=50(2/78)
Order=52(3/78)
Order=54(4/78)
Order=56(5/78)
Order=58(6/78)
Order=60(7/78)
Order=62(8/78)
Order=64(9/78)
Order=66(10/78)
Order=68(11/78)
Order=70(12/78)
Order=72(13/78)
Found 4 real poles and 24 conjugate complex pairs.
Final number of poles: 28
Saved figure: WMP_Lib/Cu65/38339-46356_MT2.png
Saved figure: WMP_Lib/Cu65/38339-46356_MT27.png
Saved figure: WMP_Lib/Cu65/38339-46356_MT102.png
Vector fitting piece 18/25...
  energy: 4.345e+04 to 5.201e+04 eV (4431 points)
  error tolerance: rtol=0.001, atol=1e-05
Found 26 peaks
Fitting orders from 52 to 200
Order=52(0/75)
Order=54(1/75)
Order=56(2/75)
Order=58(3/75)
Order=60(4/75)
Order=62(5/75)
Order=64(6/75)
Order=66(7/75)
Order=68(8/75)
Order=70(9/75)
Order=72(10/75)
Order=74(11/75)
Order=76(12/75)
Order=78(13/75)
Order=80(14/75)
Found 4 real poles and 28 conjugate complex pairs.
Final number of poles: 32
Saved figure: WMP_Lib/Cu65/43453-52013_MT2.png
Saved figure: WMP_Lib/Cu65/43453-52013_MT27.png
Saved figure: WMP_Lib/Cu65/43453-52013_MT102.png
Vector fitting piece 19/25...
  energy: 4.889e+04 to 5.789e+04 eV (4660 points)
  error tolerance: rtol=0.001, atol=1e-05
Found 32 peaks
Fitting orders from 64 to 200
Order=64(0/69)
Order=66(1/69)
Order=68(2/69)
Order=70(3/69)
Order=72(4/69)
Order=74(5/69)
Order=76(6/69)
Order=78(7/69)
Order=80(8/69)
Order=82(9/69)
Order=84(10/69)
Order=86(11/69)
Order=88(12/69)
Order=90(13/69)
Found 4 real poles and 33 conjugate complex pairs.
Final number of poles: 37
Saved figure: WMP_Lib/Cu65/48888-57888_MT2.png
Saved figure: WMP_Lib/Cu65/48888-57888_MT27.png
Saved figure: WMP_Lib/Cu65/48888-57888_MT102.png
Vector fitting piece 20/25...
  energy: 5.464e+04 to 6.417e+04 eV (5288 points)
  error tolerance: rtol=0.001, atol=1e-05
Found 37 peaks
Fitting orders from 74 to 200
Order=74(0/64)
Order=76(1/64)
Order=78(2/64)
Order=80(3/64)
Order=82(4/64)
Order=84(5/64)
Order=86(6/64)
Order=88(7/64)
Order=90(8/64)
Order=92(9/64)
Order=94(10/64)
Order=96(11/64)
Order=98(12/64)
Found 6 real poles and 36 conjugate complex pairs.
Final number of poles: 42
Saved figure: WMP_Lib/Cu65/54641-64166_MT2.png
Saved figure: WMP_Lib/Cu65/54641-64166_MT27.png
Saved figure: WMP_Lib/Cu65/54641-64166_MT102.png
Vector fitting piece 21/25...
  energy: 6.069e+04 to 7.072e+04 eV (4564 points)
  error tolerance: rtol=0.001, atol=1e-05
Found 31 peaks
Fitting orders from 62 to 200
Order=62(0/70)
Order=64(1/70)
Order=66(2/70)
Order=68(3/70)
Order=70(4/70)
Order=72(5/70)
Order=74(6/70)
Order=76(7/70)
Order=78(8/70)
Order=80(9/70)
Order=82(10/70)
Order=84(11/70)
Order=86(12/70)
Order=88(13/70)
Order=90(14/70)
Order=92(15/70)
Found 4 real poles and 34 conjugate complex pairs.
Final number of poles: 38
Saved figure: WMP_Lib/Cu65/60688-70717_MT2.png
Saved figure: WMP_Lib/Cu65/60688-70717_MT27.png
Saved figure: WMP_Lib/Cu65/60688-70717_MT102.png
Vector fitting piece 22/25...
  energy: 6.711e+04 to 7.759e+04 eV (4875 points)
  error tolerance: rtol=0.001, atol=1e-05
Found 36 peaks
Fitting orders from 72 to 200
Order=72(0/65)
Order=74(1/65)
Order=76(2/65)
Order=78(3/65)
Order=80(4/65)
Order=82(5/65)
Order=84(6/65)
Order=86(7/65)
Order=88(8/65)
Order=90(9/65)
Order=92(10/65)
Order=94(11/65)
Order=96(12/65)
Order=98(13/65)
Order=100(14/65)
Found 4 real poles and 38 conjugate complex pairs.
Final number of poles: 42
Saved figure: WMP_Lib/Cu65/67108-77587_MT2.png
Saved figure: WMP_Lib/Cu65/67108-77587_MT27.png
Saved figure: WMP_Lib/Cu65/67108-77587_MT102.png
Vector fitting piece 23/25...
  energy: 7.382e+04 to 8.481e+04 eV (4580 points)
  error tolerance: rtol=0.001, atol=1e-05
Found 34 peaks
Fitting orders from 68 to 200
Order=68(0/67)
Order=70(1/67)
Order=72(2/67)
Order=74(3/67)
Order=76(4/67)
Order=78(5/67)
Order=80(6/67)
Order=82(7/67)
Order=84(8/67)
Order=86(9/67)
Order=88(10/67)
Order=90(11/67)
Order=92(12/67)
Order=94(13/67)
Order=96(14/67)
Order=98(15/67)
Found 4 real poles and 37 conjugate complex pairs.
Final number of poles: 41
Saved figure: WMP_Lib/Cu65/73816-84810_MT2.png
Saved figure: WMP_Lib/Cu65/73816-84810_MT27.png
Saved figure: WMP_Lib/Cu65/73816-84810_MT102.png
Vector fitting piece 24/25...
  energy: 8.083e+04 to 9.238e+04 eV (4801 points)
  error tolerance: rtol=0.001, atol=1e-05
Found 34 peaks
Fitting orders from 68 to 200
Order=68(0/67)
Order=70(1/67)
Order=72(2/67)
Order=74(3/67)
Order=76(4/67)
Order=78(5/67)
Order=80(6/67)
Order=82(7/67)
Order=84(8/67)
Order=86(9/67)
Order=88(10/67)
Order=90(11/67)
Order=92(12/67)
Order=94(13/67)
Order=96(14/67)
Found 4 real poles and 36 conjugate complex pairs.
Final number of poles: 40
Saved figure: WMP_Lib/Cu65/80834-92376_MT2.png
Saved figure: WMP_Lib/Cu65/80834-92376_MT27.png
Saved figure: WMP_Lib/Cu65/80834-92376_MT102.png
Vector fitting piece 25/25...
  energy: 8.821e+04 to 1.000e+05 eV (5104 points)
  error tolerance: rtol=0.001, atol=1e-05
Found 39 peaks
Fitting orders from 78 to 200
Order=78(0/62)
Order=80(1/62)
Order=82(2/62)
Order=84(3/62)
Order=86(4/62)
Order=88(5/62)
Order=90(6/62)
Order=92(7/62)
Order=94(8/62)
Found 4 real poles and 40 conjugate complex pairs.
Final number of poles: 44
Saved figure: WMP_Lib/Cu65/88206-100000_MT2.png
Saved figure: WMP_Lib/Cu65/88206-100000_MT27.png
Saved figure: WMP_Lib/Cu65/88206-100000_MT102.png
Dumped multipole data to file: WMP_Lib/Cu65/Cu65_mp.pickle
Start searching ...
Testing N_win=29 N_cf=10
Windowing:
  config: # windows=29, spacing=10.904291228457076, CF order=10
  error tolerance: rtol=0.001, atol=1e-05
Best library so far.
Testing N_win=29 N_cf=9
Windowing:
  config: # windows=29, spacing=10.904291228457076, CF order=9
  error tolerance: rtol=0.001, atol=1e-05
Best library so far.
Testing N_win=29 N_cf=8
Windowing:
  config: # windows=29, spacing=10.904291228457076, CF order=8
  error tolerance: rtol=0.001, atol=1e-05
Best library so far.
Testing N_win=29 N_cf=7
Windowing:
  config: # windows=29, spacing=10.904291228457076, CF order=7
  error tolerance: rtol=0.001, atol=1e-05
Best library so far.
Testing N_win=29 N_cf=6
Windowing:
  config: # windows=29, spacing=10.904291228457076, CF order=6
  error tolerance: rtol=0.001, atol=1e-05
Best library so far.
Testing N_win=29 N_cf=5
Windowing:
  config: # windows=29, spacing=10.904291228457076, CF order=5
  error tolerance: rtol=0.001, atol=1e-05
Best library so far.
Testing N_win=29 N_cf=4
Windowing:
  config: # windows=29, spacing=10.904291228457076, CF order=4
  error tolerance: rtol=0.001, atol=1e-05
Failed: Pure curvefit failed for the first window!
Testing N_win=132 N_cf=10
Windowing:
  config: # windows=132, spacing=2.395639739585267, CF order=10
  error tolerance: rtol=0.001, atol=1e-05
Best library so far.
Testing N_win=132 N_cf=9
Windowing:
  config: # windows=132, spacing=2.395639739585267, CF order=9
  error tolerance: rtol=0.001, atol=1e-05
Best library so far.
Testing N_win=132 N_cf=8
Windowing:
  config: # windows=132, spacing=2.395639739585267, CF order=8
  error tolerance: rtol=0.001, atol=1e-05
Best library so far.
Testing N_win=132 N_cf=7
Windowing:
  config: # windows=132, spacing=2.395639739585267, CF order=7
  error tolerance: rtol=0.001, atol=1e-05
Best library so far.
Testing N_win=132 N_cf=6
Windowing:
  config: # windows=132, spacing=2.395639739585267, CF order=6
  error tolerance: rtol=0.001, atol=1e-05
Best library so far.
Testing N_win=132 N_cf=5
Windowing:
  config: # windows=132, spacing=2.395639739585267, CF order=5
  error tolerance: rtol=0.001, atol=1e-05
Best library so far.
Testing N_win=132 N_cf=4
Windowing:
  config: # windows=132, spacing=2.395639739585267, CF order=4
  error tolerance: rtol=0.001, atol=1e-05
Best library so far.
Testing N_win=132 N_cf=3
Windowing:
  config: # windows=132, spacing=2.395639739585267, CF order=3
  error tolerance: rtol=0.001, atol=1e-05
Best library so far.
Testing N_win=132 N_cf=2
Windowing:
  config: # windows=132, spacing=2.395639739585267, CF order=2
  error tolerance: rtol=0.001, atol=1e-05
Failed: Pure curvefit failed for the first window!
Testing N_win=236 N_cf=10
Windowing:
  config: # windows=236, spacing=1.3399340916324374, CF order=10
  error tolerance: rtol=0.001, atol=1e-05
Best library so far.
Testing N_win=236 N_cf=9
Windowing:
  config: # windows=236, spacing=1.3399340916324374, CF order=9
  error tolerance: rtol=0.001, atol=1e-05
Best library so far.
Testing N_win=236 N_cf=8
Windowing:
  config: # windows=236, spacing=1.3399340916324374, CF order=8
  error tolerance: rtol=0.001, atol=1e-05
Best library so far.
Testing N_win=236 N_cf=7
Windowing:
  config: # windows=236, spacing=1.3399340916324374, CF order=7
  error tolerance: rtol=0.001, atol=1e-05
Best library so far.
Testing N_win=236 N_cf=6
Windowing:
  config: # windows=236, spacing=1.3399340916324374, CF order=6
  error tolerance: rtol=0.001, atol=1e-05
Best library so far.
Testing N_win=236 N_cf=5
Windowing:
  config: # windows=236, spacing=1.3399340916324374, CF order=5
  error tolerance: rtol=0.001, atol=1e-05
Best library so far.
Testing N_win=236 N_cf=4
Windowing:
  config: # windows=236, spacing=1.3399340916324374, CF order=4
  error tolerance: rtol=0.001, atol=1e-05
Best library so far.
Testing N_win=236 N_cf=3
Windowing:
  config: # windows=236, spacing=1.3399340916324374, CF order=3
  error tolerance: rtol=0.001, atol=1e-05
Best library so far.
Testing N_win=236 N_cf=2
Windowing:
  config: # windows=236, spacing=1.3399340916324374, CF order=2
  error tolerance: rtol=0.001, atol=1e-05
Failed: Pure curvefit failed for the first window!
Testing N_win=340 N_cf=10
Windowing:
  config: # windows=340, spacing=0.9300718988978095, CF order=10
  error tolerance: rtol=0.001, atol=1e-05
Best library so far.
Testing N_win=340 N_cf=9
Windowing:
  config: # windows=340, spacing=0.9300718988978095, CF order=9
  error tolerance: rtol=0.001, atol=1e-05
Best library so far.
Testing N_win=340 N_cf=8
Windowing:
  config: # windows=340, spacing=0.9300718988978095, CF order=8
  error tolerance: rtol=0.001, atol=1e-05
Best library so far.
Testing N_win=340 N_cf=7
Windowing:
  config: # windows=340, spacing=0.9300718988978095, CF order=7
  error tolerance: rtol=0.001, atol=1e-05
Best library so far.
Testing N_win=340 N_cf=6
Windowing:
  config: # windows=340, spacing=0.9300718988978095, CF order=6
  error tolerance: rtol=0.001, atol=1e-05
Best library so far.
Testing N_win=340 N_cf=5
Windowing:
  config: # windows=340, spacing=0.9300718988978095, CF order=5
  error tolerance: rtol=0.001, atol=1e-05
Best library so far.
Testing N_win=340 N_cf=4
Windowing:
  config: # windows=340, spacing=0.9300718988978095, CF order=4
  error tolerance: rtol=0.001, atol=1e-05
Best library so far.
Testing N_win=340 N_cf=3
Windowing:
  config: # windows=340, spacing=0.9300718988978095, CF order=3
  error tolerance: rtol=0.001, atol=1e-05
Best library so far.
Testing N_win=340 N_cf=2
Windowing:
  config: # windows=340, spacing=0.9300718988978095, CF order=2
  error tolerance: rtol=0.001, atol=1e-05
Best library so far.
Testing N_win=443 N_cf=10
Windowing:
  config: # windows=443, spacing=0.713824933691321, CF order=10
  error tolerance: rtol=0.001, atol=1e-05
Testing N_win=443 N_cf=9
Windowing:
  config: # windows=443, spacing=0.713824933691321, CF order=9
  error tolerance: rtol=0.001, atol=1e-05
Testing N_win=443 N_cf=8
Windowing:
  config: # windows=443, spacing=0.713824933691321, CF order=8
  error tolerance: rtol=0.001, atol=1e-05
Testing N_win=443 N_cf=7
Windowing:
  config: # windows=443, spacing=0.713824933691321, CF order=7
  error tolerance: rtol=0.001, atol=1e-05
Testing N_win=443 N_cf=6
Windowing:
  config: # windows=443, spacing=0.713824933691321, CF order=6
  error tolerance: rtol=0.001, atol=1e-05
Best library so far.
Testing N_win=443 N_cf=5
Windowing:
  config: # windows=443, spacing=0.713824933691321, CF order=5
  error tolerance: rtol=0.001, atol=1e-05
Best library so far.
Testing N_win=443 N_cf=4
Windowing:
  config: # windows=443, spacing=0.713824933691321, CF order=4
  error tolerance: rtol=0.001, atol=1e-05
Best library so far.
Testing N_win=443 N_cf=3
Windowing:
  config: # windows=443, spacing=0.713824933691321, CF order=3
  error tolerance: rtol=0.001, atol=1e-05
Best library so far.
Testing N_win=443 N_cf=2
Windowing:
  config: # windows=443, spacing=0.713824933691321, CF order=2
  error tolerance: rtol=0.001, atol=1e-05
Best library so far.
Testing N_win=547 N_cf=10
Windowing:
  config: # windows=547, spacing=0.5781068475781631, CF order=10
  error tolerance: rtol=0.001, atol=1e-05
Testing N_win=547 N_cf=9
Windowing:
  config: # windows=547, spacing=0.5781068475781631, CF order=9
  error tolerance: rtol=0.001, atol=1e-05
Testing N_win=547 N_cf=8
Windowing:
  config: # windows=547, spacing=0.5781068475781631, CF order=8
  error tolerance: rtol=0.001, atol=1e-05
Testing N_win=547 N_cf=7
Windowing:
  config: # windows=547, spacing=0.5781068475781631, CF order=7
  error tolerance: rtol=0.001, atol=1e-05
Testing N_win=547 N_cf=6
Windowing:
  config: # windows=547, spacing=0.5781068475781631, CF order=6
  error tolerance: rtol=0.001, atol=1e-05
Testing N_win=547 N_cf=5
Windowing:
  config: # windows=547, spacing=0.5781068475781631, CF order=5
  error tolerance: rtol=0.001, atol=1e-05
Testing N_win=547 N_cf=4
Windowing:
  config: # windows=547, spacing=0.5781068475781631, CF order=4
  error tolerance: rtol=0.001, atol=1e-05
Best library so far.
Testing N_win=547 N_cf=3
Windowing:
  config: # windows=547, spacing=0.5781068475781631, CF order=3
  error tolerance: rtol=0.001, atol=1e-05
Best library so far.
Testing N_win=547 N_cf=2
Windowing:
  config: # windows=547, spacing=0.5781068475781631, CF order=2
  error tolerance: rtol=0.001, atol=1e-05
Best library so far.
Testing N_win=651 N_cf=10
Windowing:
  config: # windows=651, spacing=0.48575183659793425, CF order=10
  error tolerance: rtol=0.001, atol=1e-05
Testing N_win=651 N_cf=9
Windowing:
  config: # windows=651, spacing=0.48575183659793425, CF order=9
  error tolerance: rtol=0.001, atol=1e-05
Testing N_win=651 N_cf=8
Windowing:
  config: # windows=651, spacing=0.48575183659793425, CF order=8
  error tolerance: rtol=0.001, atol=1e-05
Testing N_win=651 N_cf=7
Windowing:
  config: # windows=651, spacing=0.48575183659793425, CF order=7
  error tolerance: rtol=0.001, atol=1e-05
Testing N_win=651 N_cf=6
Windowing:
  config: # windows=651, spacing=0.48575183659793425, CF order=6
  error tolerance: rtol=0.001, atol=1e-05
Testing N_win=651 N_cf=5
Windowing:
  config: # windows=651, spacing=0.48575183659793425, CF order=5
  error tolerance: rtol=0.001, atol=1e-05
Testing N_win=651 N_cf=4
Windowing:
  config: # windows=651, spacing=0.48575183659793425, CF order=4
  error tolerance: rtol=0.001, atol=1e-05
Testing N_win=651 N_cf=3
Windowing:
  config: # windows=651, spacing=0.48575183659793425, CF order=3
  error tolerance: rtol=0.001, atol=1e-05
Best library so far.
Testing N_win=651 N_cf=2
Windowing:
  config: # windows=651, spacing=0.48575183659793425, CF order=2
  error tolerance: rtol=0.001, atol=1e-05
Best library so far.
Testing N_win=755 N_cf=10
Windowing:
  config: # windows=755, spacing=0.41884032533146387, CF order=10
  error tolerance: rtol=0.001, atol=1e-05
Testing N_win=755 N_cf=9
Windowing:
  config: # windows=755, spacing=0.41884032533146387, CF order=9
  error tolerance: rtol=0.001, atol=1e-05
Testing N_win=755 N_cf=8
Windowing:
  config: # windows=755, spacing=0.41884032533146387, CF order=8
  error tolerance: rtol=0.001, atol=1e-05
Testing N_win=755 N_cf=7
Windowing:
  config: # windows=755, spacing=0.41884032533146387, CF order=7
  error tolerance: rtol=0.001, atol=1e-05
Testing N_win=755 N_cf=6
Windowing:
  config: # windows=755, spacing=0.41884032533146387, CF order=6
  error tolerance: rtol=0.001, atol=1e-05
Testing N_win=755 N_cf=5
Windowing:
  config: # windows=755, spacing=0.41884032533146387, CF order=5
  error tolerance: rtol=0.001, atol=1e-05
Testing N_win=755 N_cf=4
Windowing:
  config: # windows=755, spacing=0.41884032533146387, CF order=4
  error tolerance: rtol=0.001, atol=1e-05
Testing N_win=755 N_cf=3
Windowing:
  config: # windows=755, spacing=0.41884032533146387, CF order=3
  error tolerance: rtol=0.001, atol=1e-05
Best library so far.
Testing N_win=755 N_cf=2
Windowing:
  config: # windows=755, spacing=0.41884032533146387, CF order=2
  error tolerance: rtol=0.001, atol=1e-05
Best library so far.
Testing N_win=858 N_cf=10
Windowing:
  config: # windows=858, spacing=0.3685599599361949, CF order=10
  error tolerance: rtol=0.001, atol=1e-05
Testing N_win=858 N_cf=9
Windowing:
  config: # windows=858, spacing=0.3685599599361949, CF order=9
  error tolerance: rtol=0.001, atol=1e-05
Testing N_win=858 N_cf=8
Windowing:
  config: # windows=858, spacing=0.3685599599361949, CF order=8
  error tolerance: rtol=0.001, atol=1e-05
Testing N_win=858 N_cf=7
Windowing:
  config: # windows=858, spacing=0.3685599599361949, CF order=7
  error tolerance: rtol=0.001, atol=1e-05
Testing N_win=858 N_cf=6
Windowing:
  config: # windows=858, spacing=0.3685599599361949, CF order=6
  error tolerance: rtol=0.001, atol=1e-05
Testing N_win=858 N_cf=5
Windowing:
  config: # windows=858, spacing=0.3685599599361949, CF order=5
  error tolerance: rtol=0.001, atol=1e-05
Testing N_win=858 N_cf=4
Windowing:
  config: # windows=858, spacing=0.3685599599361949, CF order=4
  error tolerance: rtol=0.001, atol=1e-05
Testing N_win=858 N_cf=3
Windowing:
  config: # windows=858, spacing=0.3685599599361949, CF order=3
  error tolerance: rtol=0.001, atol=1e-05
Testing N_win=858 N_cf=2
Windowing:
  config: # windows=858, spacing=0.3685599599361949, CF order=2
  error tolerance: rtol=0.001, atol=1e-05
Best library so far.
Testing N_win=962 N_cf=10
Windowing:
  config: # windows=962, spacing=0.3287156399430927, CF order=10
  error tolerance: rtol=0.001, atol=1e-05
Testing N_win=962 N_cf=9
Windowing:
  config: # windows=962, spacing=0.3287156399430927, CF order=9
  error tolerance: rtol=0.001, atol=1e-05
Testing N_win=962 N_cf=8
Windowing:
  config: # windows=962, spacing=0.3287156399430927, CF order=8
  error tolerance: rtol=0.001, atol=1e-05
Testing N_win=962 N_cf=7
Windowing:
  config: # windows=962, spacing=0.3287156399430927, CF order=7
  error tolerance: rtol=0.001, atol=1e-05
Testing N_win=962 N_cf=6
Windowing:
  config: # windows=962, spacing=0.3287156399430927, CF order=6
  error tolerance: rtol=0.001, atol=1e-05
Testing N_win=962 N_cf=5
Windowing:
  config: # windows=962, spacing=0.3287156399430927, CF order=5
  error tolerance: rtol=0.001, atol=1e-05
Testing N_win=962 N_cf=4
Windowing:
  config: # windows=962, spacing=0.3287156399430927, CF order=4
  error tolerance: rtol=0.001, atol=1e-05
Testing N_win=962 N_cf=3
Windowing:
  config: # windows=962, spacing=0.3287156399430927, CF order=3
  error tolerance: rtol=0.001, atol=1e-05
Testing N_win=962 N_cf=2
Windowing:
  config: # windows=962, spacing=0.3287156399430927, CF order=2
  error tolerance: rtol=0.001, atol=1e-05
Best library so far.
Testing N_win=1066 N_cf=10
Windowing:
  config: # windows=1066, spacing=0.2966458214120593, CF order=10
  error tolerance: rtol=0.001, atol=1e-05
Testing N_win=1066 N_cf=9
Windowing:
  config: # windows=1066, spacing=0.2966458214120593, CF order=9
  error tolerance: rtol=0.001, atol=1e-05
Testing N_win=1066 N_cf=8
Windowing:
  config: # windows=1066, spacing=0.2966458214120593, CF order=8
  error tolerance: rtol=0.001, atol=1e-05
Testing N_win=1066 N_cf=7
Windowing:
  config: # windows=1066, spacing=0.2966458214120593, CF order=7
  error tolerance: rtol=0.001, atol=1e-05
Testing N_win=1066 N_cf=6
Windowing:
  config: # windows=1066, spacing=0.2966458214120593, CF order=6
  error tolerance: rtol=0.001, atol=1e-05
Testing N_win=1066 N_cf=5
Windowing:
  config: # windows=1066, spacing=0.2966458214120593, CF order=5
  error tolerance: rtol=0.001, atol=1e-05
Testing N_win=1066 N_cf=4
Windowing:
  config: # windows=1066, spacing=0.2966458214120593, CF order=4
  error tolerance: rtol=0.001, atol=1e-05
Testing N_win=1066 N_cf=3
Windowing:
  config: # windows=1066, spacing=0.2966458214120593, CF order=3
  error tolerance: rtol=0.001, atol=1e-05
Testing N_win=1066 N_cf=2
Windowing:
  config: # windows=1066, spacing=0.2966458214120593, CF order=2
  error tolerance: rtol=0.001, atol=1e-05
Testing N_win=1170 N_cf=10
Windowing:
  config: # windows=1170, spacing=0.2702773039532096, CF order=10
  error tolerance: rtol=0.001, atol=1e-05
Testing N_win=1170 N_cf=9
Windowing:
  config: # windows=1170, spacing=0.2702773039532096, CF order=9
  error tolerance: rtol=0.001, atol=1e-05
Testing N_win=1170 N_cf=8
Windowing:
  config: # windows=1170, spacing=0.2702773039532096, CF order=8
  error tolerance: rtol=0.001, atol=1e-05
Testing N_win=1170 N_cf=7
Windowing:
  config: # windows=1170, spacing=0.2702773039532096, CF order=7
  error tolerance: rtol=0.001, atol=1e-05
Testing N_win=1170 N_cf=6
Windowing:
  config: # windows=1170, spacing=0.2702773039532096, CF order=6
  error tolerance: rtol=0.001, atol=1e-05
Testing N_win=1170 N_cf=5
Windowing:
  config: # windows=1170, spacing=0.2702773039532096, CF order=5
  error tolerance: rtol=0.001, atol=1e-05
Testing N_win=1170 N_cf=4
Windowing:
  config: # windows=1170, spacing=0.2702773039532096, CF order=4
  error tolerance: rtol=0.001, atol=1e-05
Testing N_win=1170 N_cf=3
Windowing:
  config: # windows=1170, spacing=0.2702773039532096, CF order=3
  error tolerance: rtol=0.001, atol=1e-05
Testing N_win=1170 N_cf=2
Windowing:
  config: # windows=1170, spacing=0.2702773039532096, CF order=2
  error tolerance: rtol=0.001, atol=1e-05
Testing N_win=1273 N_cf=10
Windowing:
  config: # windows=1273, spacing=0.24840883395542437, CF order=10
  error tolerance: rtol=0.001, atol=1e-05
Testing N_win=1273 N_cf=9
Windowing:
  config: # windows=1273, spacing=0.24840883395542437, CF order=9
  error tolerance: rtol=0.001, atol=1e-05
Testing N_win=1273 N_cf=8
Windowing:
  config: # windows=1273, spacing=0.24840883395542437, CF order=8
  error tolerance: rtol=0.001, atol=1e-05
Testing N_win=1273 N_cf=7
Windowing:
  config: # windows=1273, spacing=0.24840883395542437, CF order=7
  error tolerance: rtol=0.001, atol=1e-05
Testing N_win=1273 N_cf=6
Windowing:
  config: # windows=1273, spacing=0.24840883395542437, CF order=6
  error tolerance: rtol=0.001, atol=1e-05
Testing N_win=1273 N_cf=5
Windowing:
  config: # windows=1273, spacing=0.24840883395542437, CF order=5
  error tolerance: rtol=0.001, atol=1e-05
Testing N_win=1273 N_cf=4
Windowing:
  config: # windows=1273, spacing=0.24840883395542437, CF order=4
  error tolerance: rtol=0.001, atol=1e-05
Testing N_win=1273 N_cf=3
Windowing:
  config: # windows=1273, spacing=0.24840883395542437, CF order=3
  error tolerance: rtol=0.001, atol=1e-05
Testing N_win=1273 N_cf=2
Windowing:
  config: # windows=1273, spacing=0.24840883395542437, CF order=2
  error tolerance: rtol=0.001, atol=1e-05
Testing N_win=1377 N_cf=10
Windowing:
  config: # windows=1377, spacing=0.22964738244390356, CF order=10
  error tolerance: rtol=0.001, atol=1e-05
Testing N_win=1377 N_cf=9
Windowing:
  config: # windows=1377, spacing=0.22964738244390356, CF order=9
  error tolerance: rtol=0.001, atol=1e-05
Testing N_win=1377 N_cf=8
Windowing:
  config: # windows=1377, spacing=0.22964738244390356, CF order=8
  error tolerance: rtol=0.001, atol=1e-05
Testing N_win=1377 N_cf=7
Windowing:
  config: # windows=1377, spacing=0.22964738244390356, CF order=7
  error tolerance: rtol=0.001, atol=1e-05
Testing N_win=1377 N_cf=6
Windowing:
  config: # windows=1377, spacing=0.22964738244390356, CF order=6
  error tolerance: rtol=0.001, atol=1e-05
Testing N_win=1377 N_cf=5
Windowing:
  config: # windows=1377, spacing=0.22964738244390356, CF order=5
  error tolerance: rtol=0.001, atol=1e-05
Testing N_win=1377 N_cf=4
Windowing:
  config: # windows=1377, spacing=0.22964738244390356, CF order=4
  error tolerance: rtol=0.001, atol=1e-05
Testing N_win=1377 N_cf=3
Windowing:
  config: # windows=1377, spacing=0.22964738244390356, CF order=3
  error tolerance: rtol=0.001, atol=1e-05
Testing N_win=1377 N_cf=2
Windowing:
  config: # windows=1377, spacing=0.22964738244390356, CF order=2
  error tolerance: rtol=0.001, atol=1e-05
Testing N_win=1481 N_cf=10
Windowing:
  config: # windows=1481, spacing=0.21352089508795086, CF order=10
  error tolerance: rtol=0.001, atol=1e-05
Testing N_win=1481 N_cf=9
Windowing:
  config: # windows=1481, spacing=0.21352089508795086, CF order=9
  error tolerance: rtol=0.001, atol=1e-05
Testing N_win=1481 N_cf=8
Windowing:
  config: # windows=1481, spacing=0.21352089508795086, CF order=8
  error tolerance: rtol=0.001, atol=1e-05
Testing N_win=1481 N_cf=7
Windowing:
  config: # windows=1481, spacing=0.21352089508795086, CF order=7
  error tolerance: rtol=0.001, atol=1e-05
Testing N_win=1481 N_cf=6
Windowing:
  config: # windows=1481, spacing=0.21352089508795086, CF order=6
  error tolerance: rtol=0.001, atol=1e-05
Testing N_win=1481 N_cf=5
Windowing:
  config: # windows=1481, spacing=0.21352089508795086, CF order=5
  error tolerance: rtol=0.001, atol=1e-05
Testing N_win=1481 N_cf=4
Windowing:
  config: # windows=1481, spacing=0.21352089508795086, CF order=4
  error tolerance: rtol=0.001, atol=1e-05
Testing N_win=1481 N_cf=3
Windowing:
  config: # windows=1481, spacing=0.21352089508795086, CF order=3
  error tolerance: rtol=0.001, atol=1e-05
Testing N_win=1481 N_cf=2
Windowing:
  config: # windows=1481, spacing=0.21352089508795086, CF order=2
  error tolerance: rtol=0.001, atol=1e-05
Testing N_win=1585 N_cf=10
Windowing:
  config: # windows=1585, spacing=0.19951069124621781, CF order=10
  error tolerance: rtol=0.001, atol=1e-05
Testing N_win=1585 N_cf=9
Windowing:
  config: # windows=1585, spacing=0.19951069124621781, CF order=9
  error tolerance: rtol=0.001, atol=1e-05
Testing N_win=1585 N_cf=8
Windowing:
  config: # windows=1585, spacing=0.19951069124621781, CF order=8
  error tolerance: rtol=0.001, atol=1e-05
Testing N_win=1585 N_cf=7
Windowing:
  config: # windows=1585, spacing=0.19951069124621781, CF order=7
  error tolerance: rtol=0.001, atol=1e-05
Testing N_win=1585 N_cf=6
Windowing:
  config: # windows=1585, spacing=0.19951069124621781, CF order=6
  error tolerance: rtol=0.001, atol=1e-05
Testing N_win=1585 N_cf=5
Windowing:
  config: # windows=1585, spacing=0.19951069124621781, CF order=5
  error tolerance: rtol=0.001, atol=1e-05
Testing N_win=1585 N_cf=4
Windowing:
  config: # windows=1585, spacing=0.19951069124621781, CF order=4
  error tolerance: rtol=0.001, atol=1e-05
Testing N_win=1585 N_cf=3
Windowing:
  config: # windows=1585, spacing=0.19951069124621781, CF order=3
  error tolerance: rtol=0.001, atol=1e-05
Testing N_win=1585 N_cf=2
Windowing:
  config: # windows=1585, spacing=0.19951069124621781, CF order=2
  error tolerance: rtol=0.001, atol=1e-05
Testing N_win=1688 N_cf=10
Windowing:
  config: # windows=1688, spacing=0.18733675688699952, CF order=10
  error tolerance: rtol=0.001, atol=1e-05
Testing N_win=1688 N_cf=9
Windowing:
  config: # windows=1688, spacing=0.18733675688699952, CF order=9
  error tolerance: rtol=0.001, atol=1e-05
Testing N_win=1688 N_cf=8
Windowing:
  config: # windows=1688, spacing=0.18733675688699952, CF order=8
  error tolerance: rtol=0.001, atol=1e-05
Testing N_win=1688 N_cf=7
Windowing:
  config: # windows=1688, spacing=0.18733675688699952, CF order=7
  error tolerance: rtol=0.001, atol=1e-05
Testing N_win=1688 N_cf=6
Windowing:
  config: # windows=1688, spacing=0.18733675688699952, CF order=6
  error tolerance: rtol=0.001, atol=1e-05
Testing N_win=1688 N_cf=5
Windowing:
  config: # windows=1688, spacing=0.18733675688699952, CF order=5
  error tolerance: rtol=0.001, atol=1e-05
Testing N_win=1688 N_cf=4
Windowing:
  config: # windows=1688, spacing=0.18733675688699952, CF order=4
  error tolerance: rtol=0.001, atol=1e-05
Testing N_win=1688 N_cf=3
Windowing:
  config: # windows=1688, spacing=0.18733675688699952, CF order=3
  error tolerance: rtol=0.001, atol=1e-05
Testing N_win=1688 N_cf=2
Windowing:
  config: # windows=1688, spacing=0.18733675688699952, CF order=2
  error tolerance: rtol=0.001, atol=1e-05
Testing N_win=1792 N_cf=10
Windowing:
  config: # windows=1792, spacing=0.17646453438909332, CF order=10
  error tolerance: rtol=0.001, atol=1e-05
Testing N_win=1792 N_cf=9
Windowing:
  config: # windows=1792, spacing=0.17646453438909332, CF order=9
  error tolerance: rtol=0.001, atol=1e-05
Testing N_win=1792 N_cf=8
Windowing:
  config: # windows=1792, spacing=0.17646453438909332, CF order=8
  error tolerance: rtol=0.001, atol=1e-05
Testing N_win=1792 N_cf=7
Windowing:
  config: # windows=1792, spacing=0.17646453438909332, CF order=7
  error tolerance: rtol=0.001, atol=1e-05
Testing N_win=1792 N_cf=6
Windowing:
  config: # windows=1792, spacing=0.17646453438909332, CF order=6
  error tolerance: rtol=0.001, atol=1e-05
Testing N_win=1792 N_cf=5
Windowing:
  config: # windows=1792, spacing=0.17646453438909332, CF order=5
  error tolerance: rtol=0.001, atol=1e-05
Testing N_win=1792 N_cf=4
Windowing:
  config: # windows=1792, spacing=0.17646453438909332, CF order=4
  error tolerance: rtol=0.001, atol=1e-05
Testing N_win=1792 N_cf=3
Windowing:
  config: # windows=1792, spacing=0.17646453438909332, CF order=3
  error tolerance: rtol=0.001, atol=1e-05
Testing N_win=1792 N_cf=2
Windowing:
  config: # windows=1792, spacing=0.17646453438909332, CF order=2
  error tolerance: rtol=0.001, atol=1e-05
Testing N_win=1896 N_cf=10
Windowing:
  config: # windows=1896, spacing=0.1667850451609996, CF order=10
  error tolerance: rtol=0.001, atol=1e-05
Testing N_win=1896 N_cf=9
Windowing:
  config: # windows=1896, spacing=0.1667850451609996, CF order=9
  error tolerance: rtol=0.001, atol=1e-05
Testing N_win=1896 N_cf=8
Windowing:
  config: # windows=1896, spacing=0.1667850451609996, CF order=8
  error tolerance: rtol=0.001, atol=1e-05
Testing N_win=1896 N_cf=7
Windowing:
  config: # windows=1896, spacing=0.1667850451609996, CF order=7
  error tolerance: rtol=0.001, atol=1e-05
Testing N_win=1896 N_cf=6
Windowing:
  config: # windows=1896, spacing=0.1667850451609996, CF order=6
  error tolerance: rtol=0.001, atol=1e-05
Testing N_win=1896 N_cf=5
Windowing:
  config: # windows=1896, spacing=0.1667850451609996, CF order=5
  error tolerance: rtol=0.001, atol=1e-05
Testing N_win=1896 N_cf=4
Windowing:
  config: # windows=1896, spacing=0.1667850451609996, CF order=4
  error tolerance: rtol=0.001, atol=1e-05
Testing N_win=1896 N_cf=3
Windowing:
  config: # windows=1896, spacing=0.1667850451609996, CF order=3
  error tolerance: rtol=0.001, atol=1e-05
Testing N_win=1896 N_cf=2
Windowing:
  config: # windows=1896, spacing=0.1667850451609996, CF order=2
  error tolerance: rtol=0.001, atol=1e-05
Testing N_win=2000 N_cf=10
Windowing:
  config: # windows=2000, spacing=0.1581122228126276, CF order=10
  error tolerance: rtol=0.001, atol=1e-05
Testing N_win=2000 N_cf=9
Windowing:
  config: # windows=2000, spacing=0.1581122228126276, CF order=9
  error tolerance: rtol=0.001, atol=1e-05
Testing N_win=2000 N_cf=8
Windowing:
  config: # windows=2000, spacing=0.1581122228126276, CF order=8
  error tolerance: rtol=0.001, atol=1e-05
Testing N_win=2000 N_cf=7
Windowing:
  config: # windows=2000, spacing=0.1581122228126276, CF order=7
  error tolerance: rtol=0.001, atol=1e-05
Testing N_win=2000 N_cf=6
Windowing:
  config: # windows=2000, spacing=0.1581122228126276, CF order=6
  error tolerance: rtol=0.001, atol=1e-05
Testing N_win=2000 N_cf=5
Windowing:
  config: # windows=2000, spacing=0.1581122228126276, CF order=5
  error tolerance: rtol=0.001, atol=1e-05
Testing N_win=2000 N_cf=4
Windowing:
  config: # windows=2000, spacing=0.1581122228126276, CF order=4
  error tolerance: rtol=0.001, atol=1e-05
Testing N_win=2000 N_cf=3
Windowing:
  config: # windows=2000, spacing=0.1581122228126276, CF order=3
  error tolerance: rtol=0.001, atol=1e-05
Testing N_win=2000 N_cf=2
Windowing:
  config: # windows=2000, spacing=0.1581122228126276, CF order=2
  error tolerance: rtol=0.001, atol=1e-05
Final library: 365 poles, 962 windows, 2.5 poles per window, 2 CF order
